<?xml version="1.0" encoding="UTF-8"?>
<testsuite xmlns:xsi="http://www.w3.org/2001/XMLSchema-instance" xsi:noNamespaceSchemaLocation="https://maven.apache.org/surefire/maven-surefire-plugin/xsd/surefire-test-report.xsd" name="TestSuite" time="79.737" tests="27" errors="0" skipped="0" failures="0">
  <properties>
    <property name="sun.desktop" value="windows"/>
    <property name="awt.toolkit" value="sun.awt.windows.WToolkit"/>
    <property name="file.encoding.pkg" value="sun.io"/>
    <property name="java.specification.version" value="1.8"/>
    <property name="sun.cpu.isalist" value="amd64"/>
    <property name="sun.jnu.encoding" value="GBK"/>
    <property name="java.class.path" value="C:\Users\eric_\workspace\apitest\target\test-classes;C:\Users\eric_\workspace\apitest\target\classes;C:\Users\eric_\.m2\repository\org\mybatis\mybatis\3.3.0\mybatis-3.3.0.jar;C:\Users\eric_\.m2\repository\org\mybatis\mybatis-spring\1.2.2\mybatis-spring-1.2.2.jar;C:\Users\eric_\.m2\repository\org\springframework\spring-core\3.2.11.RELEASE\spring-core-3.2.11.RELEASE.jar;C:\Users\eric_\.m2\repository\org\springframework\spring-beans\3.2.11.RELEASE\spring-beans-3.2.11.RELEASE.jar;C:\Users\eric_\.m2\repository\org\springframework\spring-context\3.2.11.RELEASE\spring-context-3.2.11.RELEASE.jar;C:\Users\eric_\.m2\repository\org\springframework\spring-expression\3.2.11.RELEASE\spring-expression-3.2.11.RELEASE.jar;C:\Users\eric_\.m2\repository\org\springframework\spring-context-support\3.2.11.RELEASE\spring-context-support-3.2.11.RELEASE.jar;C:\Users\eric_\.m2\repository\org\springframework\spring-web\3.2.11.RELEASE\spring-web-3.2.11.RELEASE.jar;C:\Users\eric_\.m2\repository\org\springframework\spring-webmvc\3.2.11.RELEASE\spring-webmvc-3.2.11.RELEASE.jar;C:\Users\eric_\.m2\repository\org\springframework\spring-tx\3.2.11.RELEASE\spring-tx-3.2.11.RELEASE.jar;C:\Users\eric_\.m2\repository\org\springframework\spring-jdbc\3.2.11.RELEASE\spring-jdbc-3.2.11.RELEASE.jar;C:\Users\eric_\.m2\repository\org\springframework\spring-aop\3.2.11.RELEASE\spring-aop-3.2.11.RELEASE.jar;C:\Users\eric_\.m2\repository\aopalliance\aopalliance\1.0\aopalliance-1.0.jar;C:\Users\eric_\.m2\repository\org\springframework\spring-aspects\3.2.11.RELEASE\spring-aspects-3.2.11.RELEASE.jar;C:\Users\eric_\.m2\repository\org\aspectj\aspectjweaver\1.7.4\aspectjweaver-1.7.4.jar;C:\Users\eric_\.m2\repository\javax\servlet\servlet-api\2.5\servlet-api-2.5.jar;C:\Users\eric_\.m2\repository\javax\servlet\jsp\jsp-api\2.1\jsp-api-2.1.jar;C:\Users\eric_\.m2\repository\javax\servlet\jstl\1.2\jstl-1.2.jar;C:\Users\eric_\.m2\repository\dom4j\dom4j\1.6.1\dom4j-1.6.1.jar;C:\Users\eric_\.m2\repository\jaxen\jaxen\1.1.6\jaxen-1.1.6.jar;C:\Users\eric_\.m2\repository\com\alibaba\fastjson\1.2.47\fastjson-1.2.47.jar;C:\Users\eric_\.m2\repository\net\sf\json-lib\json-lib\2.4\json-lib-2.4-jdk15.jar;C:\Users\eric_\.m2\repository\org\json\json\20160810\json-20160810.jar;C:\Users\eric_\.m2\repository\net\sf\ezmorph\ezmorph\1.0.6\ezmorph-1.0.6.jar;C:\Users\eric_\.m2\repository\commons-beanutils\commons-beanutils\1.9.3\commons-beanutils-1.9.3.jar;C:\Users\eric_\.m2\repository\commons-collections\commons-collections\3.2.2\commons-collections-3.2.2.jar;C:\Users\eric_\.m2\repository\org\apache\commons\commons-lang3\3.1\commons-lang3-3.1.jar;C:\Users\eric_\.m2\repository\commons-httpclient\commons-httpclient\3.1\commons-httpclient-3.1.jar;C:\Users\eric_\.m2\repository\commons-codec\commons-codec\1.2\commons-codec-1.2.jar;C:\Users\eric_\.m2\repository\commons-lang\commons-lang\2.6\commons-lang-2.6.jar;C:\Users\eric_\.m2\repository\commons-logging\commons-logging\1.2\commons-logging-1.2.jar;C:\Users\eric_\.m2\repository\junit\junit\3.8.1\junit-3.8.1.jar;C:\Users\eric_\.m2\repository\commons-io\commons-io\2.4\commons-io-2.4.jar;C:\Users\eric_\.m2\repository\com\googlecode\protobuf-java-format\protobuf-java-format\1.4\protobuf-java-format-1.4.jar;C:\Users\eric_\.m2\repository\org\slf4j\slf4j-api\1.7.24\slf4j-api-1.7.24.jar;C:\Users\eric_\.m2\repository\com\squareup\okhttp3\okhttp\3.10.0\okhttp-3.10.0.jar;C:\Users\eric_\.m2\repository\com\squareup\okio\okio\1.14.0\okio-1.14.0.jar;C:\Users\eric_\.m2\repository\com\squareup\okhttp3\logging-interceptor\3.10.0\logging-interceptor-3.10.0.jar;C:\Users\eric_\.m2\repository\com\aventstack\extentreports\3.1.5\extentreports-3.1.5.jar;C:\Users\eric_\.m2\repository\org\freemarker\freemarker\2.3.23\freemarker-2.3.23.jar;C:\Users\eric_\.m2\repository\org\mongodb\mongodb-driver\3.3.0\mongodb-driver-3.3.0.jar;C:\Users\eric_\.m2\repository\org\mongodb\bson\3.3.0\bson-3.3.0.jar;C:\Users\eric_\.m2\repository\org\mongodb\mongodb-driver-core\3.3.0\mongodb-driver-core-3.3.0.jar;C:\Users\eric_\.m2\repository\org\apache\httpcomponents\httpclient\4.5.2\httpclient-4.5.2.jar;C:\Users\eric_\.m2\repository\org\apache\httpcomponents\httpmime\4.5.2\httpmime-4.5.2.jar;C:\Users\eric_\.m2\repository\org\jsoup\jsoup\1.9.2\jsoup-1.9.2.jar;C:\Users\eric_\.m2\repository\com\vimalselvam\testng-extentsreport\1.3.1\testng-extentsreport-1.3.1.jar;C:\Users\eric_\.m2\repository\com\squareup\retrofit2\retrofit\2.4.0\retrofit-2.4.0.jar;C:\Users\eric_\.m2\repository\com\squareup\retrofit2\converter-gson\2.3.0\converter-gson-2.3.0.jar;C:\Users\eric_\.m2\repository\com\google\code\gson\gson\2.2.2\gson-2.2.2.jar;C:\Users\eric_\.m2\repository\org\seleniumhq\selenium\selenium-java\3.4.0\selenium-java-3.4.0.jar;C:\Users\eric_\.m2\repository\org\seleniumhq\selenium\selenium-api\3.4.0\selenium-api-3.4.0.jar;C:\Users\eric_\.m2\repository\org\seleniumhq\selenium\selenium-chrome-driver\3.4.0\selenium-chrome-driver-3.4.0.jar;C:\Users\eric_\.m2\repository\org\seleniumhq\selenium\selenium-edge-driver\3.4.0\selenium-edge-driver-3.4.0.jar;C:\Users\eric_\.m2\repository\org\seleniumhq\selenium\selenium-firefox-driver\3.4.0\selenium-firefox-driver-3.4.0.jar;C:\Users\eric_\.m2\repository\org\seleniumhq\selenium\selenium-ie-driver\3.4.0\selenium-ie-driver-3.4.0.jar;C:\Users\eric_\.m2\repository\org\seleniumhq\selenium\selenium-opera-driver\3.4.0\selenium-opera-driver-3.4.0.jar;C:\Users\eric_\.m2\repository\org\seleniumhq\selenium\selenium-remote-driver\3.4.0\selenium-remote-driver-3.4.0.jar;C:\Users\eric_\.m2\repository\org\seleniumhq\selenium\selenium-safari-driver\3.4.0\selenium-safari-driver-3.4.0.jar;C:\Users\eric_\.m2\repository\org\seleniumhq\selenium\selenium-support\3.4.0\selenium-support-3.4.0.jar;C:\Users\eric_\.m2\repository\cglib\cglib-nodep\3.2.4\cglib-nodep-3.2.4.jar;C:\Users\eric_\.m2\repository\org\apache\commons\commons-exec\1.3\commons-exec-1.3.jar;C:\Users\eric_\.m2\repository\org\w3c\css\sac\1.3\sac-1.3.jar;C:\Users\eric_\.m2\repository\net\sourceforge\cssparser\cssparser\0.9.22\cssparser-0.9.22.jar;C:\Users\eric_\.m2\repository\org\hamcrest\hamcrest-core\1.3\hamcrest-core-1.3.jar;C:\Users\eric_\.m2\repository\net\sourceforge\htmlunit\htmlunit\2.26\htmlunit-2.26.jar;C:\Users\eric_\.m2\repository\net\sourceforge\htmlunit\htmlunit-core-js\2.26\htmlunit-core-js-2.26.jar;C:\Users\eric_\.m2\repository\net\sourceforge\htmlunit\neko-htmlunit\2.25\neko-htmlunit-2.25.jar;C:\Users\eric_\.m2\repository\org\apache\httpcomponents\httpcore\4.4.6\httpcore-4.4.6.jar;C:\Users\eric_\.m2\repository\org\eclipse\jetty\jetty-io\9.4.1.v20170120\jetty-io-9.4.1.v20170120.jar;C:\Users\eric_\.m2\repository\org\eclipse\jetty\jetty-util\9.4.1.v20170120\jetty-util-9.4.1.v20170120.jar;C:\Users\eric_\.m2\repository\net\java\dev\jna\jna\4.1.0\jna-4.1.0.jar;C:\Users\eric_\.m2\repository\net\java\dev\jna\jna-platform\4.1.0\jna-platform-4.1.0.jar;C:\Users\eric_\.m2\repository\com\codeborne\phantomjsdriver\1.4.0\phantomjsdriver-1.4.0.jar;C:\Users\eric_\.m2\repository\org\seleniumhq\selenium\htmlunit-driver\2.26\htmlunit-driver-2.26.jar;C:\Users\eric_\.m2\repository\javax\servlet\javax.servlet-api\3.1.0\javax.servlet-api-3.1.0.jar;C:\Users\eric_\.m2\repository\org\eclipse\jetty\websocket\websocket-api\9.4.3.v20170317\websocket-api-9.4.3.v20170317.jar;C:\Users\eric_\.m2\repository\org\eclipse\jetty\websocket\websocket-client\9.4.3.v20170317\websocket-client-9.4.3.v20170317.jar;C:\Users\eric_\.m2\repository\org\eclipse\jetty\jetty-client\9.4.3.v20170317\jetty-client-9.4.3.v20170317.jar;C:\Users\eric_\.m2\repository\org\eclipse\jetty\jetty-http\9.4.3.v20170317\jetty-http-9.4.3.v20170317.jar;C:\Users\eric_\.m2\repository\org\eclipse\jetty\websocket\websocket-common\9.4.3.v20170317\websocket-common-9.4.3.v20170317.jar;C:\Users\eric_\.m2\repository\xalan\serializer\2.7.2\serializer-2.7.2.jar;C:\Users\eric_\.m2\repository\xalan\xalan\2.7.2\xalan-2.7.2.jar;C:\Users\eric_\.m2\repository\xerces\xercesImpl\2.11.0\xercesImpl-2.11.0.jar;C:\Users\eric_\.m2\repository\com\google\guava\guava\21.0\guava-21.0.jar;C:\Users\eric_\.m2\repository\log4j\log4j\1.2.17\log4j-1.2.17.jar;C:\Users\eric_\.m2\repository\com\fasterxml\jackson\core\jackson-core\2.6.7\jackson-core-2.6.7.jar;C:\Users\eric_\.m2\repository\com\fasterxml\jackson\core\jackson-databind\2.6.7\jackson-databind-2.6.7.jar;C:\Users\eric_\.m2\repository\com\fasterxml\jackson\core\jackson-annotations\2.6.7\jackson-annotations-2.6.7.jar;C:\Users\eric_\.m2\repository\org\skyscreamer\jsonassert\1.5.0\jsonassert-1.5.0.jar;C:\Users\eric_\.m2\repository\com\vaadin\external\google\android-json\0.0.20131108.vaadin1\android-json-0.0.20131108.vaadin1.jar;C:\Users\eric_\.m2\repository\com\github\fge\json-schema-validator\2.2.6\json-schema-validator-2.2.6.jar;C:\Users\eric_\.m2\repository\com\google\code\findbugs\jsr305\3.0.0\jsr305-3.0.0.jar;C:\Users\eric_\.m2\repository\joda-time\joda-time\2.3\joda-time-2.3.jar;C:\Users\eric_\.m2\repository\com\googlecode\libphonenumber\libphonenumber\6.2\libphonenumber-6.2.jar;C:\Users\eric_\.m2\repository\com\github\fge\json-schema-core\1.2.5\json-schema-core-1.2.5.jar;C:\Users\eric_\.m2\repository\com\github\fge\uri-template\0.9\uri-template-0.9.jar;C:\Users\eric_\.m2\repository\com\github\fge\msg-simple\1.1\msg-simple-1.1.jar;C:\Users\eric_\.m2\repository\com\github\fge\btf\1.2\btf-1.2.jar;C:\Users\eric_\.m2\repository\com\github\fge\jackson-coreutils\1.8\jackson-coreutils-1.8.jar;C:\Users\eric_\.m2\repository\org\mozilla\rhino\1.7R4\rhino-1.7R4.jar;C:\Users\eric_\.m2\repository\javax\mail\mailapi\1.4.3\mailapi-1.4.3.jar;C:\Users\eric_\.m2\repository\javax\activation\activation\1.1\activation-1.1.jar;C:\Users\eric_\.m2\repository\net\sf\jopt-simple\jopt-simple\4.6\jopt-simple-4.6.jar;C:\Users\eric_\.m2\repository\org\testng\testng\6.14.2\testng-6.14.2.jar;C:\Users\eric_\.m2\repository\com\beust\jcommander\1.72\jcommander-1.72.jar;C:\Users\eric_\.m2\repository\org\apache-extras\beanshell\bsh\2.0b6\bsh-2.0b6.jar;C:\Users\eric_\.m2\repository\org\uncommons\reportng\1.1.4\reportng-1.1.4.jar;C:\Users\eric_\.m2\repository\velocity\velocity\1.4\velocity-1.4.jar;C:\Users\eric_\.m2\repository\velocity\velocity-dep\1.4\velocity-dep-1.4.jar;C:\Users\eric_\.m2\repository\com\google\inject\guice\3.0\guice-3.0.jar;C:\Users\eric_\.m2\repository\javax\inject\javax.inject\1\javax.inject-1.jar;C:\Users\eric_\.m2\repository\mysql\mysql-connector-java\5.1.38\mysql-connector-java-5.1.38.jar;C:\Users\eric_\.m2\repository\commons-dbcp\commons-dbcp\1.4\commons-dbcp-1.4.jar;C:\Users\eric_\.m2\repository\commons-pool\commons-pool\1.6\commons-pool-1.6.jar;C:\Users\eric_\.m2\repository\xml-apis\xml-apis\1.4.01\xml-apis-1.4.01.jar;C:\Users\eric_\.m2\repository\org\apache\poi\poi\3.11\poi-3.11.jar;C:\Users\eric_\.m2\repository\org\apache\poi\poi-ooxml\3.11\poi-ooxml-3.11.jar;C:\Users\eric_\.m2\repository\org\apache\poi\poi-ooxml-schemas\3.11\poi-ooxml-schemas-3.11.jar;C:\Users\eric_\.m2\repository\org\apache\xmlbeans\xmlbeans\2.6.0\xmlbeans-2.6.0.jar;C:\Users\eric_\.m2\repository\stax\stax-api\1.0.1\stax-api-1.0.1.jar;C:\Users\eric_\.m2\repository\org\apache\maven\surefire\surefire-testng-utils\2.22.0\surefire-testng-utils-2.22.0.jar;C:\Users\eric_\.m2\repository\org\apache\maven\surefire\surefire-grouper\2.22.0\surefire-grouper-2.22.0.jar;"/>
    <property name="java.vm.vendor" value="Oracle Corporation"/>
    <property name="sun.arch.data.model" value="64"/>
    <property name="user.variant" value=""/>
    <property name="java.vendor.url" value="http://java.oracle.com/"/>
    <property name="user.timezone" value="Asia/Shanghai"/>
    <property name="java.vm.specification.version" value="1.8"/>
    <property name="os.name" value="Windows 10"/>
    <property name="user.country" value="CN"/>
    <property name="sun.java.launcher" value="SUN_STANDARD"/>
    <property name="sun.boot.library.path" value="C:\Program Files\Java\jdk1.8.0_191\jre\bin"/>
    <property name="sun.java.command" value="C:\Users\eric_\AppData\Local\Temp\surefire7039038530211266765\surefirebooter5795682311386433916.jar C:\Users\eric_\AppData\Local\Temp\surefire7039038530211266765 2019-09-09T16-11-51_575-jvmRun1 surefire7536699865592249178tmp surefire_05274660821072106882tmp"/>
    <property name="surefire.test.class.path" value="C:\Users\eric_\workspace\apitest\target\test-classes;C:\Users\eric_\workspace\apitest\target\classes;C:\Users\eric_\.m2\repository\org\mybatis\mybatis\3.3.0\mybatis-3.3.0.jar;C:\Users\eric_\.m2\repository\org\mybatis\mybatis-spring\1.2.2\mybatis-spring-1.2.2.jar;C:\Users\eric_\.m2\repository\org\springframework\spring-core\3.2.11.RELEASE\spring-core-3.2.11.RELEASE.jar;C:\Users\eric_\.m2\repository\org\springframework\spring-beans\3.2.11.RELEASE\spring-beans-3.2.11.RELEASE.jar;C:\Users\eric_\.m2\repository\org\springframework\spring-context\3.2.11.RELEASE\spring-context-3.2.11.RELEASE.jar;C:\Users\eric_\.m2\repository\org\springframework\spring-expression\3.2.11.RELEASE\spring-expression-3.2.11.RELEASE.jar;C:\Users\eric_\.m2\repository\org\springframework\spring-context-support\3.2.11.RELEASE\spring-context-support-3.2.11.RELEASE.jar;C:\Users\eric_\.m2\repository\org\springframework\spring-web\3.2.11.RELEASE\spring-web-3.2.11.RELEASE.jar;C:\Users\eric_\.m2\repository\org\springframework\spring-webmvc\3.2.11.RELEASE\spring-webmvc-3.2.11.RELEASE.jar;C:\Users\eric_\.m2\repository\org\springframework\spring-tx\3.2.11.RELEASE\spring-tx-3.2.11.RELEASE.jar;C:\Users\eric_\.m2\repository\org\springframework\spring-jdbc\3.2.11.RELEASE\spring-jdbc-3.2.11.RELEASE.jar;C:\Users\eric_\.m2\repository\org\springframework\spring-aop\3.2.11.RELEASE\spring-aop-3.2.11.RELEASE.jar;C:\Users\eric_\.m2\repository\aopalliance\aopalliance\1.0\aopalliance-1.0.jar;C:\Users\eric_\.m2\repository\org\springframework\spring-aspects\3.2.11.RELEASE\spring-aspects-3.2.11.RELEASE.jar;C:\Users\eric_\.m2\repository\org\aspectj\aspectjweaver\1.7.4\aspectjweaver-1.7.4.jar;C:\Users\eric_\.m2\repository\javax\servlet\servlet-api\2.5\servlet-api-2.5.jar;C:\Users\eric_\.m2\repository\javax\servlet\jsp\jsp-api\2.1\jsp-api-2.1.jar;C:\Users\eric_\.m2\repository\javax\servlet\jstl\1.2\jstl-1.2.jar;C:\Users\eric_\.m2\repository\dom4j\dom4j\1.6.1\dom4j-1.6.1.jar;C:\Users\eric_\.m2\repository\jaxen\jaxen\1.1.6\jaxen-1.1.6.jar;C:\Users\eric_\.m2\repository\com\alibaba\fastjson\1.2.47\fastjson-1.2.47.jar;C:\Users\eric_\.m2\repository\net\sf\json-lib\json-lib\2.4\json-lib-2.4-jdk15.jar;C:\Users\eric_\.m2\repository\org\json\json\20160810\json-20160810.jar;C:\Users\eric_\.m2\repository\net\sf\ezmorph\ezmorph\1.0.6\ezmorph-1.0.6.jar;C:\Users\eric_\.m2\repository\commons-beanutils\commons-beanutils\1.9.3\commons-beanutils-1.9.3.jar;C:\Users\eric_\.m2\repository\commons-collections\commons-collections\3.2.2\commons-collections-3.2.2.jar;C:\Users\eric_\.m2\repository\org\apache\commons\commons-lang3\3.1\commons-lang3-3.1.jar;C:\Users\eric_\.m2\repository\commons-httpclient\commons-httpclient\3.1\commons-httpclient-3.1.jar;C:\Users\eric_\.m2\repository\commons-codec\commons-codec\1.2\commons-codec-1.2.jar;C:\Users\eric_\.m2\repository\commons-lang\commons-lang\2.6\commons-lang-2.6.jar;C:\Users\eric_\.m2\repository\commons-logging\commons-logging\1.2\commons-logging-1.2.jar;C:\Users\eric_\.m2\repository\junit\junit\3.8.1\junit-3.8.1.jar;C:\Users\eric_\.m2\repository\commons-io\commons-io\2.4\commons-io-2.4.jar;C:\Users\eric_\.m2\repository\com\googlecode\protobuf-java-format\protobuf-java-format\1.4\protobuf-java-format-1.4.jar;C:\Users\eric_\.m2\repository\org\slf4j\slf4j-api\1.7.24\slf4j-api-1.7.24.jar;C:\Users\eric_\.m2\repository\com\squareup\okhttp3\okhttp\3.10.0\okhttp-3.10.0.jar;C:\Users\eric_\.m2\repository\com\squareup\okio\okio\1.14.0\okio-1.14.0.jar;C:\Users\eric_\.m2\repository\com\squareup\okhttp3\logging-interceptor\3.10.0\logging-interceptor-3.10.0.jar;C:\Users\eric_\.m2\repository\com\aventstack\extentreports\3.1.5\extentreports-3.1.5.jar;C:\Users\eric_\.m2\repository\org\freemarker\freemarker\2.3.23\freemarker-2.3.23.jar;C:\Users\eric_\.m2\repository\org\mongodb\mongodb-driver\3.3.0\mongodb-driver-3.3.0.jar;C:\Users\eric_\.m2\repository\org\mongodb\bson\3.3.0\bson-3.3.0.jar;C:\Users\eric_\.m2\repository\org\mongodb\mongodb-driver-core\3.3.0\mongodb-driver-core-3.3.0.jar;C:\Users\eric_\.m2\repository\org\apache\httpcomponents\httpclient\4.5.2\httpclient-4.5.2.jar;C:\Users\eric_\.m2\repository\org\apache\httpcomponents\httpmime\4.5.2\httpmime-4.5.2.jar;C:\Users\eric_\.m2\repository\org\jsoup\jsoup\1.9.2\jsoup-1.9.2.jar;C:\Users\eric_\.m2\repository\com\vimalselvam\testng-extentsreport\1.3.1\testng-extentsreport-1.3.1.jar;C:\Users\eric_\.m2\repository\com\squareup\retrofit2\retrofit\2.4.0\retrofit-2.4.0.jar;C:\Users\eric_\.m2\repository\com\squareup\retrofit2\converter-gson\2.3.0\converter-gson-2.3.0.jar;C:\Users\eric_\.m2\repository\com\google\code\gson\gson\2.2.2\gson-2.2.2.jar;C:\Users\eric_\.m2\repository\org\seleniumhq\selenium\selenium-java\3.4.0\selenium-java-3.4.0.jar;C:\Users\eric_\.m2\repository\org\seleniumhq\selenium\selenium-api\3.4.0\selenium-api-3.4.0.jar;C:\Users\eric_\.m2\repository\org\seleniumhq\selenium\selenium-chrome-driver\3.4.0\selenium-chrome-driver-3.4.0.jar;C:\Users\eric_\.m2\repository\org\seleniumhq\selenium\selenium-edge-driver\3.4.0\selenium-edge-driver-3.4.0.jar;C:\Users\eric_\.m2\repository\org\seleniumhq\selenium\selenium-firefox-driver\3.4.0\selenium-firefox-driver-3.4.0.jar;C:\Users\eric_\.m2\repository\org\seleniumhq\selenium\selenium-ie-driver\3.4.0\selenium-ie-driver-3.4.0.jar;C:\Users\eric_\.m2\repository\org\seleniumhq\selenium\selenium-opera-driver\3.4.0\selenium-opera-driver-3.4.0.jar;C:\Users\eric_\.m2\repository\org\seleniumhq\selenium\selenium-remote-driver\3.4.0\selenium-remote-driver-3.4.0.jar;C:\Users\eric_\.m2\repository\org\seleniumhq\selenium\selenium-safari-driver\3.4.0\selenium-safari-driver-3.4.0.jar;C:\Users\eric_\.m2\repository\org\seleniumhq\selenium\selenium-support\3.4.0\selenium-support-3.4.0.jar;C:\Users\eric_\.m2\repository\cglib\cglib-nodep\3.2.4\cglib-nodep-3.2.4.jar;C:\Users\eric_\.m2\repository\org\apache\commons\commons-exec\1.3\commons-exec-1.3.jar;C:\Users\eric_\.m2\repository\org\w3c\css\sac\1.3\sac-1.3.jar;C:\Users\eric_\.m2\repository\net\sourceforge\cssparser\cssparser\0.9.22\cssparser-0.9.22.jar;C:\Users\eric_\.m2\repository\org\hamcrest\hamcrest-core\1.3\hamcrest-core-1.3.jar;C:\Users\eric_\.m2\repository\net\sourceforge\htmlunit\htmlunit\2.26\htmlunit-2.26.jar;C:\Users\eric_\.m2\repository\net\sourceforge\htmlunit\htmlunit-core-js\2.26\htmlunit-core-js-2.26.jar;C:\Users\eric_\.m2\repository\net\sourceforge\htmlunit\neko-htmlunit\2.25\neko-htmlunit-2.25.jar;C:\Users\eric_\.m2\repository\org\apache\httpcomponents\httpcore\4.4.6\httpcore-4.4.6.jar;C:\Users\eric_\.m2\repository\org\eclipse\jetty\jetty-io\9.4.1.v20170120\jetty-io-9.4.1.v20170120.jar;C:\Users\eric_\.m2\repository\org\eclipse\jetty\jetty-util\9.4.1.v20170120\jetty-util-9.4.1.v20170120.jar;C:\Users\eric_\.m2\repository\net\java\dev\jna\jna\4.1.0\jna-4.1.0.jar;C:\Users\eric_\.m2\repository\net\java\dev\jna\jna-platform\4.1.0\jna-platform-4.1.0.jar;C:\Users\eric_\.m2\repository\com\codeborne\phantomjsdriver\1.4.0\phantomjsdriver-1.4.0.jar;C:\Users\eric_\.m2\repository\org\seleniumhq\selenium\htmlunit-driver\2.26\htmlunit-driver-2.26.jar;C:\Users\eric_\.m2\repository\javax\servlet\javax.servlet-api\3.1.0\javax.servlet-api-3.1.0.jar;C:\Users\eric_\.m2\repository\org\eclipse\jetty\websocket\websocket-api\9.4.3.v20170317\websocket-api-9.4.3.v20170317.jar;C:\Users\eric_\.m2\repository\org\eclipse\jetty\websocket\websocket-client\9.4.3.v20170317\websocket-client-9.4.3.v20170317.jar;C:\Users\eric_\.m2\repository\org\eclipse\jetty\jetty-client\9.4.3.v20170317\jetty-client-9.4.3.v20170317.jar;C:\Users\eric_\.m2\repository\org\eclipse\jetty\jetty-http\9.4.3.v20170317\jetty-http-9.4.3.v20170317.jar;C:\Users\eric_\.m2\repository\org\eclipse\jetty\websocket\websocket-common\9.4.3.v20170317\websocket-common-9.4.3.v20170317.jar;C:\Users\eric_\.m2\repository\xalan\serializer\2.7.2\serializer-2.7.2.jar;C:\Users\eric_\.m2\repository\xalan\xalan\2.7.2\xalan-2.7.2.jar;C:\Users\eric_\.m2\repository\xerces\xercesImpl\2.11.0\xercesImpl-2.11.0.jar;C:\Users\eric_\.m2\repository\com\google\guava\guava\21.0\guava-21.0.jar;C:\Users\eric_\.m2\repository\log4j\log4j\1.2.17\log4j-1.2.17.jar;C:\Users\eric_\.m2\repository\com\fasterxml\jackson\core\jackson-core\2.6.7\jackson-core-2.6.7.jar;C:\Users\eric_\.m2\repository\com\fasterxml\jackson\core\jackson-databind\2.6.7\jackson-databind-2.6.7.jar;C:\Users\eric_\.m2\repository\com\fasterxml\jackson\core\jackson-annotations\2.6.7\jackson-annotations-2.6.7.jar;C:\Users\eric_\.m2\repository\org\skyscreamer\jsonassert\1.5.0\jsonassert-1.5.0.jar;C:\Users\eric_\.m2\repository\com\vaadin\external\google\android-json\0.0.20131108.vaadin1\android-json-0.0.20131108.vaadin1.jar;C:\Users\eric_\.m2\repository\com\github\fge\json-schema-validator\2.2.6\json-schema-validator-2.2.6.jar;C:\Users\eric_\.m2\repository\com\google\code\findbugs\jsr305\3.0.0\jsr305-3.0.0.jar;C:\Users\eric_\.m2\repository\joda-time\joda-time\2.3\joda-time-2.3.jar;C:\Users\eric_\.m2\repository\com\googlecode\libphonenumber\libphonenumber\6.2\libphonenumber-6.2.jar;C:\Users\eric_\.m2\repository\com\github\fge\json-schema-core\1.2.5\json-schema-core-1.2.5.jar;C:\Users\eric_\.m2\repository\com\github\fge\uri-template\0.9\uri-template-0.9.jar;C:\Users\eric_\.m2\repository\com\github\fge\msg-simple\1.1\msg-simple-1.1.jar;C:\Users\eric_\.m2\repository\com\github\fge\btf\1.2\btf-1.2.jar;C:\Users\eric_\.m2\repository\com\github\fge\jackson-coreutils\1.8\jackson-coreutils-1.8.jar;C:\Users\eric_\.m2\repository\org\mozilla\rhino\1.7R4\rhino-1.7R4.jar;C:\Users\eric_\.m2\repository\javax\mail\mailapi\1.4.3\mailapi-1.4.3.jar;C:\Users\eric_\.m2\repository\javax\activation\activation\1.1\activation-1.1.jar;C:\Users\eric_\.m2\repository\net\sf\jopt-simple\jopt-simple\4.6\jopt-simple-4.6.jar;C:\Users\eric_\.m2\repository\org\testng\testng\6.14.2\testng-6.14.2.jar;C:\Users\eric_\.m2\repository\com\beust\jcommander\1.72\jcommander-1.72.jar;C:\Users\eric_\.m2\repository\org\apache-extras\beanshell\bsh\2.0b6\bsh-2.0b6.jar;C:\Users\eric_\.m2\repository\org\uncommons\reportng\1.1.4\reportng-1.1.4.jar;C:\Users\eric_\.m2\repository\velocity\velocity\1.4\velocity-1.4.jar;C:\Users\eric_\.m2\repository\velocity\velocity-dep\1.4\velocity-dep-1.4.jar;C:\Users\eric_\.m2\repository\com\google\inject\guice\3.0\guice-3.0.jar;C:\Users\eric_\.m2\repository\javax\inject\javax.inject\1\javax.inject-1.jar;C:\Users\eric_\.m2\repository\mysql\mysql-connector-java\5.1.38\mysql-connector-java-5.1.38.jar;C:\Users\eric_\.m2\repository\commons-dbcp\commons-dbcp\1.4\commons-dbcp-1.4.jar;C:\Users\eric_\.m2\repository\commons-pool\commons-pool\1.6\commons-pool-1.6.jar;C:\Users\eric_\.m2\repository\xml-apis\xml-apis\1.4.01\xml-apis-1.4.01.jar;C:\Users\eric_\.m2\repository\org\apache\poi\poi\3.11\poi-3.11.jar;C:\Users\eric_\.m2\repository\org\apache\poi\poi-ooxml\3.11\poi-ooxml-3.11.jar;C:\Users\eric_\.m2\repository\org\apache\poi\poi-ooxml-schemas\3.11\poi-ooxml-schemas-3.11.jar;C:\Users\eric_\.m2\repository\org\apache\xmlbeans\xmlbeans\2.6.0\xmlbeans-2.6.0.jar;C:\Users\eric_\.m2\repository\stax\stax-api\1.0.1\stax-api-1.0.1.jar;C:\Users\eric_\.m2\repository\org\apache\maven\surefire\surefire-testng-utils\2.22.0\surefire-testng-utils-2.22.0.jar;C:\Users\eric_\.m2\repository\org\apache\maven\surefire\surefire-grouper\2.22.0\surefire-grouper-2.22.0.jar;"/>
    <property name="sun.cpu.endian" value="little"/>
    <property name="user.home" value="C:\Users\eric_"/>
    <property name="user.language" value="zh"/>
    <property name="java.specification.vendor" value="Oracle Corporation"/>
    <property name="java.home" value="C:\Program Files\Java\jdk1.8.0_191\jre"/>
    <property name="basedir" value="C:\Users\eric_\workspace\apitest"/>
    <property name="file.separator" value="\"/>
    <property name="line.separator" value="&#10;"/>
    <property name="java.vm.specification.vendor" value="Oracle Corporation"/>
    <property name="java.specification.name" value="Java Platform API Specification"/>
    <property name="java.awt.graphicsenv" value="sun.awt.Win32GraphicsEnvironment"/>
    <property name="surefire.real.class.path" value="C:\Users\eric_\AppData\Local\Temp\surefire7039038530211266765\surefirebooter5795682311386433916.jar"/>
    <property name="sun.boot.class.path" value="C:\Program Files\Java\jdk1.8.0_191\jre\lib\resources.jar;C:\Program Files\Java\jdk1.8.0_191\jre\lib\rt.jar;C:\Program Files\Java\jdk1.8.0_191\jre\lib\sunrsasign.jar;C:\Program Files\Java\jdk1.8.0_191\jre\lib\jsse.jar;C:\Program Files\Java\jdk1.8.0_191\jre\lib\jce.jar;C:\Program Files\Java\jdk1.8.0_191\jre\lib\charsets.jar;C:\Program Files\Java\jdk1.8.0_191\jre\lib\jfr.jar;C:\Program Files\Java\jdk1.8.0_191\jre\classes"/>
    <property name="user.script" value=""/>
    <property name="sun.management.compiler" value="HotSpot 64-Bit Tiered Compilers"/>
    <property name="java.runtime.version" value="1.8.0_191-b12"/>
    <property name="user.name" value="eric_"/>
    <property name="path.separator" value=";"/>
    <property name="os.version" value="10.0"/>
    <property name="java.endorsed.dirs" value="C:\Program Files\Java\jdk1.8.0_191\jre\lib\endorsed"/>
    <property name="java.runtime.name" value="Java(TM) SE Runtime Environment"/>
    <property name="file.encoding" value="UTF-8"/>
    <property name="java.vm.name" value="Java HotSpot(TM) 64-Bit Server VM"/>
    <property name="localRepository" value="C:\Users\eric_\.m2\repository"/>
    <property name="java.vendor.url.bug" value="http://bugreport.sun.com/bugreport/"/>
    <property name="java.io.tmpdir" value="C:\Users\eric_\AppData\Local\Temp\"/>
    <property name="java.version" value="1.8.0_191"/>
    <property name="user.dir" value="C:\Users\eric_\workspace\apitest"/>
    <property name="os.arch" value="amd64"/>
    <property name="java.vm.specification.name" value="Java Virtual Machine Specification"/>
    <property name="java.awt.printerjob" value="sun.awt.windows.WPrinterJob"/>
    <property name="sun.os.patch.level" value=""/>
    <property name="java.library.path" value="C:\Program Files\Java\jdk1.8.0_191\jre\bin;C:\WINDOWS\Sun\Java\bin;C:\WINDOWS\system32;C:\WINDOWS;C:/Program Files/Java/jdk1.8.0_191/bin/../jre/bin/server;C:/Program Files/Java/jdk1.8.0_191/bin/../jre/bin;C:/Program Files/Java/jdk1.8.0_191/bin/../jre/lib/amd64;C:\Program Files (x86)\Intel\Intel(R) Management Engine Components\iCLS\;C:\Program Files\Intel\Intel(R) Management Engine Components\iCLS\;C:\WINDOWS;C:\WINDOWS\System32\Wbem;C:\WINDOWS\System32\WindowsPowerShell\v1.0\;C:\WINDOWS\System32\OpenSSH\;C:\Program Files (x86)\Intel\Intel(R) Management Engine Components\DAL;C:\Program Files\Intel\Intel(R) Management Engine Components\DAL;C:\Program Files (x86)\Intel\Intel(R) Management Engine Components\IPT;C:\Program Files\Intel\Intel(R) Management Engine Components\IPT;C:\Program Files\Git\cmd;C:\Program Files\Java\jdk1.8.0_191\bin;C:\Program Files\Java\jdk1.8.0_191\jre\bin;C:\Program Files\hg\apache-maven-3.6.0\bin;C:\Program Files\hg\apache-tomcat-8.5.35\bin;C:\Python27;C:\Python27\Scripts;D:\hg\work\burpsuite\Burp suite Pro 1.6;D:\hg\work\sqlmapproject-sqlmap-9b9902b;C:\Program Files (x86)\Google\Chrome\Application;D:\mysql\mysql-5.7.25-win32\bin;D:\hg\work\sonarqube-7.6\bin;D:\sonar-scanner-3.3.0.1492-windows\bin;C:\WINDOWS\system32;C:\Program Files (x86)\Common Files\Oracle\Java\javapath;D:\tool\nvm;d:\tool\YAPI\nodejs;D:\tool\YAPI\nodejs\;D:\Program Files\TortoiseSVN\bin;C:\Users\eric_\AppData\Local\Microsoft\WindowsApps;C:\Python27;D:\tool\nvm;d:\tool\YAPI\nodejs;C:\Users\eric_\AppData\Roaming\npm;;C:\Program Files\hg\eclipse;;."/>
    <property name="java.vm.info" value="mixed mode"/>
    <property name="java.vendor" value="Oracle Corporation"/>
    <property name="java.vm.version" value="25.191-b12"/>
    <property name="java.ext.dirs" value="C:\Program Files\Java\jdk1.8.0_191\jre\lib\ext;C:\WINDOWS\Sun\Java\lib\ext"/>
    <property name="sun.io.unicode.encoding" value="UnicodeLittle"/>
    <property name="java.class.version" value="52.0"/>
  </properties>
  <testcase name="ChargingDataNo" classname="com.bitnei.apitest.testcases.openapi.ChargingData" time="0.468"/>
  <testcase name="ChargingDataNoFrom" classname="com.bitnei.apitest.testcases.openapi.ChargingData" time="0.194"/>
  <testcase name="ChargingDataNoTo" classname="com.bitnei.apitest.testcases.openapi.ChargingData" time="0.041"/>
  <testcase name="ChargingDataNormal" classname="com.bitnei.apitest.testcases.openapi.ChargingData" time="20.269"/>
  <testcase name="ChargingDataUpOneDay" classname="com.bitnei.apitest.testcases.openapi.ChargingData" time="0.435"/>
  <testcase name="ChargingDataWrongTime" classname="com.bitnei.apitest.testcases.openapi.ChargingData" time="0.188"/>
  <testcase name="EnergyConservationNormal" classname="com.bitnei.apitest.testcases.openapi.EnergyConservation" time="0.039"/>
  <testcase name="EnergyConservationUpScope" classname="com.bitnei.apitest.testcases.openapi.EnergyConservation" time="0.042"/>
  <testcase name="EnergyConservationWrongDateFormat" classname="com.bitnei.apitest.testcases.openapi.EnergyConservation" time="0.034"/>
  <testcase name="EnergyConservationWrongTime" classname="com.bitnei.apitest.testcases.openapi.EnergyConservation" time="0.035"/>
  <testcase name="EnergyConservationInvalidtoken" classname="com.bitnei.apitest.testcases.openapi.RunningData" time="0.028"/>
  <testcase name="EnergyConservationNolicensePlate" classname="com.bitnei.apitest.testcases.openapi.RunningData" time="0.038"/>
  <testcase name="EnergyConservationNormal" classname="com.bitnei.apitest.testcases.openapi.RunningData" time="2.979"/>
  <testcase name="EnergyConservationUpScope" classname="com.bitnei.apitest.testcases.openapi.RunningData" time="0.077"/>
  <testcase name="ChargingDataNormal" classname="com.bitnei.apitest.testcases.openapi.ChargingDataTest" time="18.266"/>
  <testcase name="ChargingDataNormal" classname="com.bitnei.apitest.testcases.openapi.ChargingDataTest" time="0.44"/>
  <testcase name="ChargingDataNormal" classname="com.bitnei.apitest.testcases.openapi.ChargingDataTest" time="0.19"/>
  <testcase name="ChargingDataNormal" classname="com.bitnei.apitest.testcases.openapi.ChargingDataTest" time="0.257"/>
  <testcase name="ChargingDataNormal" classname="com.bitnei.apitest.testcases.openapi.ChargingDataTest" time="0.05"/>
  <testcase name="ChargingDataNormal" classname="com.bitnei.apitest.testcases.openapi.ChargingDataTest" time="0.045"/>
  <testcase name="ChargingDataNormal" classname="com.bitnei.apitest.testcases.openapi.ChargingDataTest" time="19.891"/>
  <testcase name="PlatFormAdd" classname="com.bitnei.apitest.testcases.datasend.PlatForm" time="0.182"/>
  <testcase name="ProtocolAddData" classname="com.bitnei.apitest.testcases.datasend.ProtocolAdd" time="0.064"/>
  <testcase name="ProtocolUpdateData" classname="com.bitnei.apitest.testcases.datasend.ProtocolUpdate" time="2.81"/>
  <testcase name="TaskAddData" classname="com.bitnei.apitest.testcases.datasend.TaskAdd" time="0.637"/>
  <testcase name="VehicleAddData" classname="com.bitnei.apitest.testcases.datasend.VehicleAdd" time="0.663"/>
  <testcase name="VehicleRemoveData" classname="com.bitnei.apitest.testcases.datasend.VehicleRemove" time="0.735"/>
</testsuite>