<?xml version="1.0" encoding="UTF-8"?>
<testsuite xmlns:xsi="http://www.w3.org/2001/XMLSchema-instance" xsi:noNamespaceSchemaLocation="https://maven.apache.org/surefire/maven-surefire-plugin/xsd/surefire-test-report.xsd" name="TestSuite" time="5.27" tests="3" errors="0" skipped="0" failures="1">
  <properties>
    <property name="sun.desktop" value="windows"/>
    <property name="awt.toolkit" value="sun.awt.windows.WToolkit"/>
    <property name="file.encoding.pkg" value="sun.io"/>
    <property name="java.specification.version" value="1.8"/>
    <property name="sun.cpu.isalist" value="amd64"/>
    <property name="sun.jnu.encoding" value="GBK"/>
    <property name="java.class.path" value="C:\Users\eric_\workspace\apitest\target\test-classes;C:\Users\eric_\workspace\apitest\target\classes;C:\Users\eric_\.m2\repository\org\mybatis\mybatis\3.3.0\mybatis-3.3.0.jar;C:\Users\eric_\.m2\repository\org\mybatis\mybatis-spring\1.2.2\mybatis-spring-1.2.2.jar;C:\Users\eric_\.m2\repository\org\springframework\spring-core\3.2.11.RELEASE\spring-core-3.2.11.RELEASE.jar;C:\Users\eric_\.m2\repository\org\springframework\spring-beans\3.2.11.RELEASE\spring-beans-3.2.11.RELEASE.jar;C:\Users\eric_\.m2\repository\org\springframework\spring-context\3.2.11.RELEASE\spring-context-3.2.11.RELEASE.jar;C:\Users\eric_\.m2\repository\org\springframework\spring-expression\3.2.11.RELEASE\spring-expression-3.2.11.RELEASE.jar;C:\Users\eric_\.m2\repository\org\springframework\spring-context-support\3.2.11.RELEASE\spring-context-support-3.2.11.RELEASE.jar;C:\Users\eric_\.m2\repository\org\springframework\spring-web\3.2.11.RELEASE\spring-web-3.2.11.RELEASE.jar;C:\Users\eric_\.m2\repository\org\springframework\spring-webmvc\3.2.11.RELEASE\spring-webmvc-3.2.11.RELEASE.jar;C:\Users\eric_\.m2\repository\org\springframework\spring-tx\3.2.11.RELEASE\spring-tx-3.2.11.RELEASE.jar;C:\Users\eric_\.m2\repository\org\springframework\spring-jdbc\3.2.11.RELEASE\spring-jdbc-3.2.11.RELEASE.jar;C:\Users\eric_\.m2\repository\org\springframework\spring-aop\3.2.11.RELEASE\spring-aop-3.2.11.RELEASE.jar;C:\Users\eric_\.m2\repository\aopalliance\aopalliance\1.0\aopalliance-1.0.jar;C:\Users\eric_\.m2\repository\org\springframework\spring-aspects\3.2.11.RELEASE\spring-aspects-3.2.11.RELEASE.jar;C:\Users\eric_\.m2\repository\org\aspectj\aspectjweaver\1.7.4\aspectjweaver-1.7.4.jar;C:\Users\eric_\.m2\repository\javax\servlet\servlet-api\2.5\servlet-api-2.5.jar;C:\Users\eric_\.m2\repository\javax\servlet\jsp\jsp-api\2.1\jsp-api-2.1.jar;C:\Users\eric_\.m2\repository\javax\servlet\jstl\1.2\jstl-1.2.jar;C:\Users\eric_\.m2\repository\dom4j\dom4j\1.6.1\dom4j-1.6.1.jar;C:\Users\eric_\.m2\repository\xml-apis\xml-apis\1.0.b2\xml-apis-1.0.b2.jar;C:\Users\eric_\.m2\repository\jaxen\jaxen\1.1.6\jaxen-1.1.6.jar;C:\Users\eric_\.m2\repository\com\alibaba\fastjson\1.2.47\fastjson-1.2.47.jar;C:\Users\eric_\.m2\repository\net\sf\json-lib\json-lib\2.4\json-lib-2.4-jdk15.jar;C:\Users\eric_\.m2\repository\org\json\json\20160810\json-20160810.jar;C:\Users\eric_\.m2\repository\net\sf\ezmorph\ezmorph\1.0.6\ezmorph-1.0.6.jar;C:\Users\eric_\.m2\repository\commons-beanutils\commons-beanutils\1.9.3\commons-beanutils-1.9.3.jar;C:\Users\eric_\.m2\repository\commons-collections\commons-collections\3.2.2\commons-collections-3.2.2.jar;C:\Users\eric_\.m2\repository\org\apache\commons\commons-lang3\3.1\commons-lang3-3.1.jar;C:\Users\eric_\.m2\repository\commons-httpclient\commons-httpclient\3.1\commons-httpclient-3.1.jar;C:\Users\eric_\.m2\repository\commons-codec\commons-codec\1.2\commons-codec-1.2.jar;C:\Users\eric_\.m2\repository\commons-lang\commons-lang\2.6\commons-lang-2.6.jar;C:\Users\eric_\.m2\repository\commons-logging\commons-logging\1.2\commons-logging-1.2.jar;C:\Users\eric_\.m2\repository\junit\junit\3.8.1\junit-3.8.1.jar;C:\Users\eric_\.m2\repository\commons-io\commons-io\2.4\commons-io-2.4.jar;C:\Users\eric_\.m2\repository\com\googlecode\protobuf-java-format\protobuf-java-format\1.4\protobuf-java-format-1.4.jar;C:\Users\eric_\.m2\repository\org\slf4j\slf4j-api\1.7.24\slf4j-api-1.7.24.jar;C:\Users\eric_\.m2\repository\com\squareup\okhttp3\okhttp\3.10.0\okhttp-3.10.0.jar;C:\Users\eric_\.m2\repository\com\squareup\okio\okio\1.14.0\okio-1.14.0.jar;C:\Users\eric_\.m2\repository\com\squareup\okhttp3\logging-interceptor\3.10.0\logging-interceptor-3.10.0.jar;C:\Users\eric_\.m2\repository\com\aventstack\extentreports\3.1.5\extentreports-3.1.5.jar;C:\Users\eric_\.m2\repository\org\freemarker\freemarker\2.3.23\freemarker-2.3.23.jar;C:\Users\eric_\.m2\repository\org\mongodb\mongodb-driver\3.3.0\mongodb-driver-3.3.0.jar;C:\Users\eric_\.m2\repository\org\mongodb\bson\3.3.0\bson-3.3.0.jar;C:\Users\eric_\.m2\repository\org\mongodb\mongodb-driver-core\3.3.0\mongodb-driver-core-3.3.0.jar;C:\Users\eric_\.m2\repository\org\apache\httpcomponents\httpclient\4.5.2\httpclient-4.5.2.jar;C:\Users\eric_\.m2\repository\org\apache\httpcomponents\httpcore\4.4.4\httpcore-4.4.4.jar;C:\Users\eric_\.m2\repository\org\apache\httpcomponents\httpmime\4.5.2\httpmime-4.5.2.jar;C:\Users\eric_\.m2\repository\org\jsoup\jsoup\1.9.2\jsoup-1.9.2.jar;C:\Users\eric_\.m2\repository\com\vimalselvam\testng-extentsreport\1.3.1\testng-extentsreport-1.3.1.jar;C:\Users\eric_\.m2\repository\com\google\guava\guava\20.0\guava-20.0.jar;C:\Users\eric_\.m2\repository\com\squareup\retrofit2\retrofit\2.4.0\retrofit-2.4.0.jar;C:\Users\eric_\.m2\repository\com\squareup\retrofit2\converter-gson\2.3.0\converter-gson-2.3.0.jar;C:\Users\eric_\.m2\repository\com\google\code\gson\gson\2.2.2\gson-2.2.2.jar;C:\Users\eric_\.m2\repository\log4j\log4j\1.2.17\log4j-1.2.17.jar;C:\Users\eric_\.m2\repository\com\fasterxml\jackson\core\jackson-core\2.6.7\jackson-core-2.6.7.jar;C:\Users\eric_\.m2\repository\com\fasterxml\jackson\core\jackson-databind\2.6.7\jackson-databind-2.6.7.jar;C:\Users\eric_\.m2\repository\com\fasterxml\jackson\core\jackson-annotations\2.6.7\jackson-annotations-2.6.7.jar;C:\Users\eric_\.m2\repository\org\skyscreamer\jsonassert\1.5.0\jsonassert-1.5.0.jar;C:\Users\eric_\.m2\repository\com\vaadin\external\google\android-json\0.0.20131108.vaadin1\android-json-0.0.20131108.vaadin1.jar;C:\Users\eric_\.m2\repository\com\github\fge\json-schema-validator\2.2.6\json-schema-validator-2.2.6.jar;C:\Users\eric_\.m2\repository\com\google\code\findbugs\jsr305\3.0.0\jsr305-3.0.0.jar;C:\Users\eric_\.m2\repository\joda-time\joda-time\2.3\joda-time-2.3.jar;C:\Users\eric_\.m2\repository\com\googlecode\libphonenumber\libphonenumber\6.2\libphonenumber-6.2.jar;C:\Users\eric_\.m2\repository\com\github\fge\json-schema-core\1.2.5\json-schema-core-1.2.5.jar;C:\Users\eric_\.m2\repository\com\github\fge\uri-template\0.9\uri-template-0.9.jar;C:\Users\eric_\.m2\repository\com\github\fge\msg-simple\1.1\msg-simple-1.1.jar;C:\Users\eric_\.m2\repository\com\github\fge\btf\1.2\btf-1.2.jar;C:\Users\eric_\.m2\repository\com\github\fge\jackson-coreutils\1.8\jackson-coreutils-1.8.jar;C:\Users\eric_\.m2\repository\org\mozilla\rhino\1.7R4\rhino-1.7R4.jar;C:\Users\eric_\.m2\repository\javax\mail\mailapi\1.4.3\mailapi-1.4.3.jar;C:\Users\eric_\.m2\repository\javax\activation\activation\1.1\activation-1.1.jar;C:\Users\eric_\.m2\repository\net\sf\jopt-simple\jopt-simple\4.6\jopt-simple-4.6.jar;C:\Users\eric_\.m2\repository\org\testng\testng\6.14.2\testng-6.14.2.jar;C:\Users\eric_\.m2\repository\com\beust\jcommander\1.72\jcommander-1.72.jar;C:\Users\eric_\.m2\repository\org\apache-extras\beanshell\bsh\2.0b6\bsh-2.0b6.jar;C:\Users\eric_\.m2\repository\org\uncommons\reportng\1.1.4\reportng-1.1.4.jar;C:\Users\eric_\.m2\repository\velocity\velocity\1.4\velocity-1.4.jar;C:\Users\eric_\.m2\repository\velocity\velocity-dep\1.4\velocity-dep-1.4.jar;C:\Users\eric_\.m2\repository\com\google\inject\guice\3.0\guice-3.0.jar;C:\Users\eric_\.m2\repository\javax\inject\javax.inject\1\javax.inject-1.jar;C:\Users\eric_\.m2\repository\org\apache\maven\surefire\surefire-testng-utils\2.22.0\surefire-testng-utils-2.22.0.jar;C:\Users\eric_\.m2\repository\org\apache\maven\surefire\surefire-grouper\2.22.0\surefire-grouper-2.22.0.jar;"/>
    <property name="java.vm.vendor" value="Oracle Corporation"/>
    <property name="sun.arch.data.model" value="64"/>
    <property name="user.variant" value=""/>
    <property name="java.vendor.url" value="http://java.oracle.com/"/>
    <property name="user.timezone" value="Asia/Shanghai"/>
    <property name="java.vm.specification.version" value="1.8"/>
    <property name="os.name" value="Windows 10"/>
    <property name="user.country" value="CN"/>
    <property name="sun.java.launcher" value="SUN_STANDARD"/>
    <property name="sun.boot.library.path" value="C:\Program Files\Java\jdk1.8.0_191\jre\bin"/>
    <property name="sun.java.command" value="C:\Users\eric_\AppData\Local\Temp\surefire2205352105036508246\surefirebooter6938922611692845159.jar C:\Users\eric_\AppData\Local\Temp\surefire2205352105036508246 2019-02-01T14-54-49_425-jvmRun1 surefire7264115288411340838tmp surefire_06634276860945878834tmp"/>
    <property name="surefire.test.class.path" value="C:\Users\eric_\workspace\apitest\target\test-classes;C:\Users\eric_\workspace\apitest\target\classes;C:\Users\eric_\.m2\repository\org\mybatis\mybatis\3.3.0\mybatis-3.3.0.jar;C:\Users\eric_\.m2\repository\org\mybatis\mybatis-spring\1.2.2\mybatis-spring-1.2.2.jar;C:\Users\eric_\.m2\repository\org\springframework\spring-core\3.2.11.RELEASE\spring-core-3.2.11.RELEASE.jar;C:\Users\eric_\.m2\repository\org\springframework\spring-beans\3.2.11.RELEASE\spring-beans-3.2.11.RELEASE.jar;C:\Users\eric_\.m2\repository\org\springframework\spring-context\3.2.11.RELEASE\spring-context-3.2.11.RELEASE.jar;C:\Users\eric_\.m2\repository\org\springframework\spring-expression\3.2.11.RELEASE\spring-expression-3.2.11.RELEASE.jar;C:\Users\eric_\.m2\repository\org\springframework\spring-context-support\3.2.11.RELEASE\spring-context-support-3.2.11.RELEASE.jar;C:\Users\eric_\.m2\repository\org\springframework\spring-web\3.2.11.RELEASE\spring-web-3.2.11.RELEASE.jar;C:\Users\eric_\.m2\repository\org\springframework\spring-webmvc\3.2.11.RELEASE\spring-webmvc-3.2.11.RELEASE.jar;C:\Users\eric_\.m2\repository\org\springframework\spring-tx\3.2.11.RELEASE\spring-tx-3.2.11.RELEASE.jar;C:\Users\eric_\.m2\repository\org\springframework\spring-jdbc\3.2.11.RELEASE\spring-jdbc-3.2.11.RELEASE.jar;C:\Users\eric_\.m2\repository\org\springframework\spring-aop\3.2.11.RELEASE\spring-aop-3.2.11.RELEASE.jar;C:\Users\eric_\.m2\repository\aopalliance\aopalliance\1.0\aopalliance-1.0.jar;C:\Users\eric_\.m2\repository\org\springframework\spring-aspects\3.2.11.RELEASE\spring-aspects-3.2.11.RELEASE.jar;C:\Users\eric_\.m2\repository\org\aspectj\aspectjweaver\1.7.4\aspectjweaver-1.7.4.jar;C:\Users\eric_\.m2\repository\javax\servlet\servlet-api\2.5\servlet-api-2.5.jar;C:\Users\eric_\.m2\repository\javax\servlet\jsp\jsp-api\2.1\jsp-api-2.1.jar;C:\Users\eric_\.m2\repository\javax\servlet\jstl\1.2\jstl-1.2.jar;C:\Users\eric_\.m2\repository\dom4j\dom4j\1.6.1\dom4j-1.6.1.jar;C:\Users\eric_\.m2\repository\xml-apis\xml-apis\1.0.b2\xml-apis-1.0.b2.jar;C:\Users\eric_\.m2\repository\jaxen\jaxen\1.1.6\jaxen-1.1.6.jar;C:\Users\eric_\.m2\repository\com\alibaba\fastjson\1.2.47\fastjson-1.2.47.jar;C:\Users\eric_\.m2\repository\net\sf\json-lib\json-lib\2.4\json-lib-2.4-jdk15.jar;C:\Users\eric_\.m2\repository\org\json\json\20160810\json-20160810.jar;C:\Users\eric_\.m2\repository\net\sf\ezmorph\ezmorph\1.0.6\ezmorph-1.0.6.jar;C:\Users\eric_\.m2\repository\commons-beanutils\commons-beanutils\1.9.3\commons-beanutils-1.9.3.jar;C:\Users\eric_\.m2\repository\commons-collections\commons-collections\3.2.2\commons-collections-3.2.2.jar;C:\Users\eric_\.m2\repository\org\apache\commons\commons-lang3\3.1\commons-lang3-3.1.jar;C:\Users\eric_\.m2\repository\commons-httpclient\commons-httpclient\3.1\commons-httpclient-3.1.jar;C:\Users\eric_\.m2\repository\commons-codec\commons-codec\1.2\commons-codec-1.2.jar;C:\Users\eric_\.m2\repository\commons-lang\commons-lang\2.6\commons-lang-2.6.jar;C:\Users\eric_\.m2\repository\commons-logging\commons-logging\1.2\commons-logging-1.2.jar;C:\Users\eric_\.m2\repository\junit\junit\3.8.1\junit-3.8.1.jar;C:\Users\eric_\.m2\repository\commons-io\commons-io\2.4\commons-io-2.4.jar;C:\Users\eric_\.m2\repository\com\googlecode\protobuf-java-format\protobuf-java-format\1.4\protobuf-java-format-1.4.jar;C:\Users\eric_\.m2\repository\org\slf4j\slf4j-api\1.7.24\slf4j-api-1.7.24.jar;C:\Users\eric_\.m2\repository\com\squareup\okhttp3\okhttp\3.10.0\okhttp-3.10.0.jar;C:\Users\eric_\.m2\repository\com\squareup\okio\okio\1.14.0\okio-1.14.0.jar;C:\Users\eric_\.m2\repository\com\squareup\okhttp3\logging-interceptor\3.10.0\logging-interceptor-3.10.0.jar;C:\Users\eric_\.m2\repository\com\aventstack\extentreports\3.1.5\extentreports-3.1.5.jar;C:\Users\eric_\.m2\repository\org\freemarker\freemarker\2.3.23\freemarker-2.3.23.jar;C:\Users\eric_\.m2\repository\org\mongodb\mongodb-driver\3.3.0\mongodb-driver-3.3.0.jar;C:\Users\eric_\.m2\repository\org\mongodb\bson\3.3.0\bson-3.3.0.jar;C:\Users\eric_\.m2\repository\org\mongodb\mongodb-driver-core\3.3.0\mongodb-driver-core-3.3.0.jar;C:\Users\eric_\.m2\repository\org\apache\httpcomponents\httpclient\4.5.2\httpclient-4.5.2.jar;C:\Users\eric_\.m2\repository\org\apache\httpcomponents\httpcore\4.4.4\httpcore-4.4.4.jar;C:\Users\eric_\.m2\repository\org\apache\httpcomponents\httpmime\4.5.2\httpmime-4.5.2.jar;C:\Users\eric_\.m2\repository\org\jsoup\jsoup\1.9.2\jsoup-1.9.2.jar;C:\Users\eric_\.m2\repository\com\vimalselvam\testng-extentsreport\1.3.1\testng-extentsreport-1.3.1.jar;C:\Users\eric_\.m2\repository\com\google\guava\guava\20.0\guava-20.0.jar;C:\Users\eric_\.m2\repository\com\squareup\retrofit2\retrofit\2.4.0\retrofit-2.4.0.jar;C:\Users\eric_\.m2\repository\com\squareup\retrofit2\converter-gson\2.3.0\converter-gson-2.3.0.jar;C:\Users\eric_\.m2\repository\com\google\code\gson\gson\2.2.2\gson-2.2.2.jar;C:\Users\eric_\.m2\repository\log4j\log4j\1.2.17\log4j-1.2.17.jar;C:\Users\eric_\.m2\repository\com\fasterxml\jackson\core\jackson-core\2.6.7\jackson-core-2.6.7.jar;C:\Users\eric_\.m2\repository\com\fasterxml\jackson\core\jackson-databind\2.6.7\jackson-databind-2.6.7.jar;C:\Users\eric_\.m2\repository\com\fasterxml\jackson\core\jackson-annotations\2.6.7\jackson-annotations-2.6.7.jar;C:\Users\eric_\.m2\repository\org\skyscreamer\jsonassert\1.5.0\jsonassert-1.5.0.jar;C:\Users\eric_\.m2\repository\com\vaadin\external\google\android-json\0.0.20131108.vaadin1\android-json-0.0.20131108.vaadin1.jar;C:\Users\eric_\.m2\repository\com\github\fge\json-schema-validator\2.2.6\json-schema-validator-2.2.6.jar;C:\Users\eric_\.m2\repository\com\google\code\findbugs\jsr305\3.0.0\jsr305-3.0.0.jar;C:\Users\eric_\.m2\repository\joda-time\joda-time\2.3\joda-time-2.3.jar;C:\Users\eric_\.m2\repository\com\googlecode\libphonenumber\libphonenumber\6.2\libphonenumber-6.2.jar;C:\Users\eric_\.m2\repository\com\github\fge\json-schema-core\1.2.5\json-schema-core-1.2.5.jar;C:\Users\eric_\.m2\repository\com\github\fge\uri-template\0.9\uri-template-0.9.jar;C:\Users\eric_\.m2\repository\com\github\fge\msg-simple\1.1\msg-simple-1.1.jar;C:\Users\eric_\.m2\repository\com\github\fge\btf\1.2\btf-1.2.jar;C:\Users\eric_\.m2\repository\com\github\fge\jackson-coreutils\1.8\jackson-coreutils-1.8.jar;C:\Users\eric_\.m2\repository\org\mozilla\rhino\1.7R4\rhino-1.7R4.jar;C:\Users\eric_\.m2\repository\javax\mail\mailapi\1.4.3\mailapi-1.4.3.jar;C:\Users\eric_\.m2\repository\javax\activation\activation\1.1\activation-1.1.jar;C:\Users\eric_\.m2\repository\net\sf\jopt-simple\jopt-simple\4.6\jopt-simple-4.6.jar;C:\Users\eric_\.m2\repository\org\testng\testng\6.14.2\testng-6.14.2.jar;C:\Users\eric_\.m2\repository\com\beust\jcommander\1.72\jcommander-1.72.jar;C:\Users\eric_\.m2\repository\org\apache-extras\beanshell\bsh\2.0b6\bsh-2.0b6.jar;C:\Users\eric_\.m2\repository\org\uncommons\reportng\1.1.4\reportng-1.1.4.jar;C:\Users\eric_\.m2\repository\velocity\velocity\1.4\velocity-1.4.jar;C:\Users\eric_\.m2\repository\velocity\velocity-dep\1.4\velocity-dep-1.4.jar;C:\Users\eric_\.m2\repository\com\google\inject\guice\3.0\guice-3.0.jar;C:\Users\eric_\.m2\repository\javax\inject\javax.inject\1\javax.inject-1.jar;C:\Users\eric_\.m2\repository\org\apache\maven\surefire\surefire-testng-utils\2.22.0\surefire-testng-utils-2.22.0.jar;C:\Users\eric_\.m2\repository\org\apache\maven\surefire\surefire-grouper\2.22.0\surefire-grouper-2.22.0.jar;"/>
    <property name="sun.cpu.endian" value="little"/>
    <property name="user.home" value="C:\Users\eric_"/>
    <property name="user.language" value="zh"/>
    <property name="java.specification.vendor" value="Oracle Corporation"/>
    <property name="java.home" value="C:\Program Files\Java\jdk1.8.0_191\jre"/>
    <property name="basedir" value="C:\Users\eric_\workspace\apitest"/>
    <property name="file.separator" value="\"/>
    <property name="line.separator" value="&#10;"/>
    <property name="java.vm.specification.vendor" value="Oracle Corporation"/>
    <property name="java.specification.name" value="Java Platform API Specification"/>
    <property name="java.awt.graphicsenv" value="sun.awt.Win32GraphicsEnvironment"/>
    <property name="surefire.real.class.path" value="C:\Users\eric_\AppData\Local\Temp\surefire2205352105036508246\surefirebooter6938922611692845159.jar"/>
    <property name="sun.boot.class.path" value="C:\Program Files\Java\jdk1.8.0_191\jre\lib\resources.jar;C:\Program Files\Java\jdk1.8.0_191\jre\lib\rt.jar;C:\Program Files\Java\jdk1.8.0_191\jre\lib\sunrsasign.jar;C:\Program Files\Java\jdk1.8.0_191\jre\lib\jsse.jar;C:\Program Files\Java\jdk1.8.0_191\jre\lib\jce.jar;C:\Program Files\Java\jdk1.8.0_191\jre\lib\charsets.jar;C:\Program Files\Java\jdk1.8.0_191\jre\lib\jfr.jar;C:\Program Files\Java\jdk1.8.0_191\jre\classes"/>
    <property name="user.script" value=""/>
    <property name="sun.management.compiler" value="HotSpot 64-Bit Tiered Compilers"/>
    <property name="java.runtime.version" value="1.8.0_191-b12"/>
    <property name="user.name" value="eric_"/>
    <property name="path.separator" value=";"/>
    <property name="os.version" value="10.0"/>
    <property name="java.endorsed.dirs" value="C:\Program Files\Java\jdk1.8.0_191\jre\lib\endorsed"/>
    <property name="java.runtime.name" value="Java(TM) SE Runtime Environment"/>
    <property name="file.encoding" value="UTF-8"/>
    <property name="java.vm.name" value="Java HotSpot(TM) 64-Bit Server VM"/>
    <property name="localRepository" value="C:\Users\eric_\.m2\repository"/>
    <property name="java.vendor.url.bug" value="http://bugreport.sun.com/bugreport/"/>
    <property name="java.io.tmpdir" value="C:\Users\eric_\AppData\Local\Temp\"/>
    <property name="java.version" value="1.8.0_191"/>
    <property name="user.dir" value="C:\Users\eric_\workspace\apitest"/>
    <property name="os.arch" value="amd64"/>
    <property name="java.vm.specification.name" value="Java Virtual Machine Specification"/>
    <property name="java.awt.printerjob" value="sun.awt.windows.WPrinterJob"/>
    <property name="sun.os.patch.level" value=""/>
    <property name="java.library.path" value="C:\Program Files\Java\jdk1.8.0_191\jre\bin;C:\Windows\Sun\Java\bin;C:\Windows\system32;C:\Windows;C:/Program Files/Java/jre1.8.0_191/bin/server;C:/Program Files/Java/jre1.8.0_191/bin;C:/Program Files/Java/jre1.8.0_191/lib/amd64;C:\Program Files (x86)\Common Files\Oracle\Java\javapath;C:\Program Files (x86)\Intel\Intel(R) Management Engine Components\iCLS\;C:\Program Files\Intel\Intel(R) Management Engine Components\iCLS\;C:\Windows\system32;C:\Windows;C:\Windows\System32\Wbem;C:\Windows\System32\WindowsPowerShell\v1.0\;C:\Windows\System32\OpenSSH\;C:\Program Files (x86)\Intel\Intel(R) Management Engine Components\DAL;C:\Program Files\Intel\Intel(R) Management Engine Components\DAL;C:\Program Files (x86)\Intel\Intel(R) Management Engine Components\IPT;C:\Program Files\Intel\Intel(R) Management Engine Components\IPT;C:\Program Files\Git\cmd;C:\Program Files\Java\jdk1.8.0_191\bin;C:\Program Files\Java\jdk1.8.0_191\jre\bin;C:\Program Files\hg\apache-maven-3.6.0\bin;C:\Program Files\hg\apache-tomcat-8.5.35\bin;C:\Users\eric_\AppData\Local\Microsoft\WindowsApps;;C:\Program Files\hg\eclipse;;."/>
    <property name="java.vm.info" value="mixed mode"/>
    <property name="java.vendor" value="Oracle Corporation"/>
    <property name="java.vm.version" value="25.191-b12"/>
    <property name="java.ext.dirs" value="C:\Program Files\Java\jdk1.8.0_191\jre\lib\ext;C:\Windows\Sun\Java\lib\ext"/>
    <property name="sun.io.unicode.encoding" value="UnicodeLittle"/>
    <property name="java.class.version" value="52.0"/>
  </properties>
  <testcase name="postVehiclesForStatus" classname="com.bitnei.apitest.testcases.PostVehicles" time="1.799"/>
  <testcase name="getVehCountPerMonitorPlatformStatus" classname="com.bitnei.apitest.testcases.EvDetail" time="1.287"/>
  <testcase name="getVehCountPerMonitorPlatformStatus" classname="com.bitnei.apitest.testcases.getVehCountPerMonitorPlatform" time="1.773">
    <failure message="expected [{}] but found [{&quot;num&quot;:{&quot;currentValue is &quot;:274421,&quot;expectedValue is&quot;:274419}}]" type="java.lang.AssertionError">java.lang.AssertionError: expected [{}] but found [{"num":{"currentValue is ":274421,"expectedValue is":274419}}]
	at com.bitnei.apitest.testcases.getVehCountPerMonitorPlatform.getVehCountPerMonitorPlatformStatus(getVehCountPerMonitorPlatform.java:73)
</failure>
    <system-out><![CDATA[source==========={"status":200,"errorMsg":null,"data":[{"id":1,"monitorPlatform":"智云平台","num":274421},{"id":2,"monitorPlatform":"英泰斯特","num":14}],"error":false}
except =============={"status":200,"errorMsg":null,"data":[{"id":1,"monitorPlatform":"智云平台","num":274419},{"id":2,"monitorPlatform":"英泰斯特","num":14}],"error":false}
{"num":{"currentValue is ":274421,"expectedValue is":274419}}
]]></system-out>
  </testcase>
</testsuite>