<?xml version="1.0" encoding="UTF-8"?>
<!-- Generated by org.testng.reporters.JUnitReportReporter -->
<testsuite skipped="0" hostname="DESKTOP-Q37MKND" name="com.bitnei.apitest.testcases.saas.UserInfoQueryByExcel" tests="8" failures="0" timestamp="31 三月 2020 03:19:38 GMT" time="1.973" errors="0">
  <testcase name="UserInfoQueryData" time="0.180" classname="com.bitnei.apitest.testcases.saas.UserInfoQueryByExcel"/>
  <testcase name="UserInfoQueryData" time="0.690" classname="com.bitnei.apitest.testcases.saas.UserInfoQueryByExcel"/>
  <testcase name="UserInfoQueryData" time="0.166" classname="com.bitnei.apitest.testcases.saas.UserInfoQueryByExcel"/>
  <testcase name="UserInfoQueryData" time="0.159" classname="com.bitnei.apitest.testcases.saas.UserInfoQueryByExcel"/>
  <testcase name="UserInfoQueryData" time="0.147" classname="com.bitnei.apitest.testcases.saas.UserInfoQueryByExcel"/>
  <testcase name="UserInfoQueryData" time="0.113" classname="com.bitnei.apitest.testcases.saas.UserInfoQueryByExcel"/>
  <testcase name="UserInfoQueryData" time="0.373" classname="com.bitnei.apitest.testcases.saas.UserInfoQueryByExcel"/>
  <testcase name="UserInfoQueryData" time="0.145" classname="com.bitnei.apitest.testcases.saas.UserInfoQueryByExcel"/>
</testsuite> <!-- com.bitnei.apitest.testcases.saas.UserInfoQueryByExcel -->
