<?xml version="1.0" encoding="UTF-8"?>
<!-- Generated by org.testng.reporters.JUnitReportReporter -->
<testsuite skipped="0" hostname="DESKTOP-Q37MKND" name="com.bitnei.apitest.testcases.saas.YiQiFieldAlias" tests="24" failures="0" timestamp="06 十一月 2019 07:07:00 GMT" time="9.577" errors="0">
  <testcase name="RasDataSet" time="0.287" classname="com.bitnei.apitest.testcases.saas.YiQiFieldAlias"/>
  <testcase name="RasDataSet" time="0.397" classname="com.bitnei.apitest.testcases.saas.YiQiFieldAlias"/>
  <testcase name="RasDataSet" time="0.285" classname="com.bitnei.apitest.testcases.saas.YiQiFieldAlias"/>
  <testcase name="RasDataSet" time="0.296" classname="com.bitnei.apitest.testcases.saas.YiQiFieldAlias"/>
  <testcase name="RasDataSet" time="0.349" classname="com.bitnei.apitest.testcases.saas.YiQiFieldAlias"/>
  <testcase name="RasDataSet" time="0.387" classname="com.bitnei.apitest.testcases.saas.YiQiFieldAlias"/>
  <testcase name="RasDataSet" time="1.589" classname="com.bitnei.apitest.testcases.saas.YiQiFieldAlias"/>
  <testcase name="RasDataSet" time="0.334" classname="com.bitnei.apitest.testcases.saas.YiQiFieldAlias"/>
  <testcase name="RasDataSet" time="0.407" classname="com.bitnei.apitest.testcases.saas.YiQiFieldAlias"/>
  <testcase name="RasDataSet" time="0.275" classname="com.bitnei.apitest.testcases.saas.YiQiFieldAlias"/>
  <testcase name="RasDataSet" time="0.365" classname="com.bitnei.apitest.testcases.saas.YiQiFieldAlias"/>
  <testcase name="RasDataSet" time="0.344" classname="com.bitnei.apitest.testcases.saas.YiQiFieldAlias"/>
  <testcase name="RasDataSet" time="0.375" classname="com.bitnei.apitest.testcases.saas.YiQiFieldAlias"/>
  <testcase name="RasDataSet" time="0.354" classname="com.bitnei.apitest.testcases.saas.YiQiFieldAlias"/>
  <testcase name="RasDataSet" time="0.313" classname="com.bitnei.apitest.testcases.saas.YiQiFieldAlias"/>
  <testcase name="RasDataSet" time="0.281" classname="com.bitnei.apitest.testcases.saas.YiQiFieldAlias"/>
  <testcase name="RasDataSet" time="0.327" classname="com.bitnei.apitest.testcases.saas.YiQiFieldAlias"/>
  <testcase name="RasDataSet" time="0.381" classname="com.bitnei.apitest.testcases.saas.YiQiFieldAlias"/>
  <testcase name="RasDataSet" time="0.332" classname="com.bitnei.apitest.testcases.saas.YiQiFieldAlias"/>
  <testcase name="RasDataSet" time="0.418" classname="com.bitnei.apitest.testcases.saas.YiQiFieldAlias"/>
  <testcase name="RasDataSet" time="0.370" classname="com.bitnei.apitest.testcases.saas.YiQiFieldAlias"/>
  <testcase name="RasDataSet" time="0.417" classname="com.bitnei.apitest.testcases.saas.YiQiFieldAlias"/>
  <testcase name="RasDataSet" time="0.300" classname="com.bitnei.apitest.testcases.saas.YiQiFieldAlias"/>
  <testcase name="RasDataSet" time="0.394" classname="com.bitnei.apitest.testcases.saas.YiQiFieldAlias"/>
</testsuite> <!-- com.bitnei.apitest.testcases.saas.YiQiFieldAlias -->
