<?xml version="1.0" encoding="UTF-8"?>
<!-- Generated by org.testng.reporters.JUnitReportReporter -->
<testsuite skipped="0" hostname="DESKTOP-Q37MKND" name="com.bitnei.apitest.testcases.bidash.SchemeAdd" tests="1" failures="0" timestamp="22 二月 2019 03:18:53 GMT" time="2.469" errors="0">
  <testcase name="SchemeDeleteData" time="2.469" classname="com.bitnei.apitest.testcases.bidash.SchemeAdd"/>
</testsuite> <!-- com.bitnei.apitest.testcases.bidash.SchemeAdd -->
