<?xml version="1.0" encoding="UTF-8"?>
<!-- Generated by org.testng.reporters.JUnitReportReporter -->
<testsuite skipped="0" hostname="DESKTOP-Q37MKND" name="com.bitnei.apitest.testcases.datasend.TaskAdd" tests="3" failures="0" timestamp="28 二月 2019 01:42:24 GMT" time="0.241" errors="0">
  <testcase name="TaskAddData" time="0.126" classname="com.bitnei.apitest.testcases.datasend.TaskAdd"/>
  <testcase name="TaskAddDataRep" time="0.071" classname="com.bitnei.apitest.testcases.datasend.TaskAdd"/>
  <testcase name="TaskAddDataRepTask" time="0.044" classname="com.bitnei.apitest.testcases.datasend.TaskAdd"/>
</testsuite> <!-- com.bitnei.apitest.testcases.datasend.TaskAdd -->
