<?xml version="1.0" encoding="UTF-8"?>
<!-- Generated by org.testng.reporters.JUnitReportReporter -->
<testsuite skipped="0" hostname="DESKTOP-Q37MKND" name="com.bitnei.apitest.webtestcases.saas.UserManage" tests="6" failures="0" timestamp="13 三月 2019 03:09:07 GMT" time="12.777" errors="0">
  <testcase name="LoginToUser" time="11.703" classname="com.bitnei.apitest.webtestcases.saas.UserManage"/>
  <testcase name="UserOpen" time="0.133" classname="com.bitnei.apitest.webtestcases.saas.UserManage"/>
  <testcase name="UserQueryByEmail" time="0.390" classname="com.bitnei.apitest.webtestcases.saas.UserManage"/>
  <testcase name="UserDetail" time="0.226" classname="com.bitnei.apitest.webtestcases.saas.UserManage"/>
  <testcase name="GourpQuery" time="0.188" classname="com.bitnei.apitest.webtestcases.saas.UserManage"/>
  <testcase name="PermissionQuery" time="0.137" classname="com.bitnei.apitest.webtestcases.saas.UserManage"/>
</testsuite> <!-- com.bitnei.apitest.webtestcases.saas.UserManage -->
