<?xml version="1.0" encoding="UTF-8"?>
<!-- Generated by org.testng.reporters.JUnitReportReporter -->
<testsuite skipped="0" hostname="DESKTOP-Q37MKND" name="com.bitnei.apitest.testcases.datasend.ForwardVehicleRemoveVehicle" tests="1" failures="0" timestamp="22 二月 2019 09:56:00 GMT" time="0.129" errors="0">
  <testcase name="ForwardVehicleRemoveVehicles" time="0.129" classname="com.bitnei.apitest.testcases.datasend.ForwardVehicleRemoveVehicle"/>
</testsuite> <!-- com.bitnei.apitest.testcases.datasend.ForwardVehicleRemoveVehicle -->
