<?xml version="1.0" encoding="UTF-8"?>
<!-- Generated by org.testng.reporters.JUnitReportReporter -->
<testsuite skipped="0" hostname="DESKTOP-Q37MKND" name="com.bitnei.apitest.webtestcases.saas.SaasLogin" tests="5" failures="0" timestamp="26 三月 2019 05:46:12 GMT" time="56.838" errors="0">
  <testcase name="LoginNoName" time="8.896" classname="com.bitnei.apitest.webtestcases.saas.SaasLogin"/>
  <testcase name="Login" time="11.562" classname="com.bitnei.apitest.webtestcases.saas.SaasLogin"/>
  <testcase name="LoginNoPassWord" time="10.542" classname="com.bitnei.apitest.webtestcases.saas.SaasLogin"/>
  <testcase name="LoginFaild" time="9.743" classname="com.bitnei.apitest.webtestcases.saas.SaasLogin"/>
  <testcase name="LoginSucsess" time="16.095" classname="com.bitnei.apitest.webtestcases.saas.SaasLogin"/>
</testsuite> <!-- com.bitnei.apitest.webtestcases.saas.SaasLogin -->
