<?xml version="1.0" encoding="UTF-8"?>
<!-- Generated by org.testng.reporters.JUnitReportReporter -->
<testsuite skipped="0" hostname="DESKTOP-Q37MKND" name="com.bitnei.apitest.testcases.openapi.ChargingDataTest" tests="7" failures="0" timestamp="06 一月 2020 09:47:12 GMT" time="45.186" errors="0">
  <testcase name="ChargingDataNormal" time="0.076" classname="com.bitnei.apitest.testcases.openapi.ChargingDataTest"/>
  <testcase name="ChargingDataNormal" time="0.189" classname="com.bitnei.apitest.testcases.openapi.ChargingDataTest"/>
  <testcase name="ChargingDataNormal" time="22.058" classname="com.bitnei.apitest.testcases.openapi.ChargingDataTest"/>
  <testcase name="ChargingDataNormal" time="0.046" classname="com.bitnei.apitest.testcases.openapi.ChargingDataTest"/>
  <testcase name="ChargingDataNormal" time="0.193" classname="com.bitnei.apitest.testcases.openapi.ChargingDataTest"/>
  <testcase name="ChargingDataNormal" time="22.580" classname="com.bitnei.apitest.testcases.openapi.ChargingDataTest"/>
  <testcase name="ChargingDataNormal" time="0.044" classname="com.bitnei.apitest.testcases.openapi.ChargingDataTest"/>
</testsuite> <!-- com.bitnei.apitest.testcases.openapi.ChargingDataTest -->
