<?xml version="1.0" encoding="UTF-8"?>
<!-- Generated by org.testng.reporters.JUnitReportReporter -->
<testsuite skipped="0" hostname="DESKTOP-Q37MKND" name="com.bitnei.apitest.testcases.EvDetail" tests="1" failures="0" timestamp="15 二月 2019 09:40:03 GMT" time="0.767" errors="0">
  <testcase name="getVehCountPerMonitorPlatformStatus" time="0.767" classname="com.bitnei.apitest.testcases.EvDetail"/>
</testsuite> <!-- com.bitnei.apitest.testcases.EvDetail -->
