<?xml version="1.0" encoding="UTF-8"?>
<!-- Generated by org.testng.reporters.JUnitReportReporter -->
<testsuite skipped="0" hostname="DESKTOP-Q37MKND" name="com.bitnei.apitest.testcases.saas.YiQiDataSet" tests="24" failures="0" timestamp="06 十一月 2019 06:10:18 GMT" time="8.791" errors="0">
  <testcase name="AddDataSet" time="0.323" classname="com.bitnei.apitest.testcases.saas.YiQiDataSet"/>
  <testcase name="AddDataSet" time="0.406" classname="com.bitnei.apitest.testcases.saas.YiQiDataSet"/>
  <testcase name="AddDataSet" time="0.341" classname="com.bitnei.apitest.testcases.saas.YiQiDataSet"/>
  <testcase name="AddDataSet" time="0.338" classname="com.bitnei.apitest.testcases.saas.YiQiDataSet"/>
  <testcase name="AddDataSet" time="0.312" classname="com.bitnei.apitest.testcases.saas.YiQiDataSet"/>
  <testcase name="AddDataSet" time="0.355" classname="com.bitnei.apitest.testcases.saas.YiQiDataSet"/>
  <testcase name="AddDataSet" time="1.102" classname="com.bitnei.apitest.testcases.saas.YiQiDataSet"/>
  <testcase name="AddDataSet" time="0.284" classname="com.bitnei.apitest.testcases.saas.YiQiDataSet"/>
  <testcase name="AddDataSet" time="0.349" classname="com.bitnei.apitest.testcases.saas.YiQiDataSet"/>
  <testcase name="AddDataSet" time="0.447" classname="com.bitnei.apitest.testcases.saas.YiQiDataSet"/>
  <testcase name="AddDataSet" time="0.297" classname="com.bitnei.apitest.testcases.saas.YiQiDataSet"/>
  <testcase name="AddDataSet" time="0.304" classname="com.bitnei.apitest.testcases.saas.YiQiDataSet"/>
  <testcase name="AddDataSet" time="0.310" classname="com.bitnei.apitest.testcases.saas.YiQiDataSet"/>
  <testcase name="AddDataSet" time="0.312" classname="com.bitnei.apitest.testcases.saas.YiQiDataSet"/>
  <testcase name="AddDataSet" time="0.314" classname="com.bitnei.apitest.testcases.saas.YiQiDataSet"/>
  <testcase name="AddDataSet" time="0.347" classname="com.bitnei.apitest.testcases.saas.YiQiDataSet"/>
  <testcase name="AddDataSet" time="0.340" classname="com.bitnei.apitest.testcases.saas.YiQiDataSet"/>
  <testcase name="AddDataSet" time="0.284" classname="com.bitnei.apitest.testcases.saas.YiQiDataSet"/>
  <testcase name="AddDataSet" time="0.297" classname="com.bitnei.apitest.testcases.saas.YiQiDataSet"/>
  <testcase name="AddDataSet" time="0.311" classname="com.bitnei.apitest.testcases.saas.YiQiDataSet"/>
  <testcase name="AddDataSet" time="0.360" classname="com.bitnei.apitest.testcases.saas.YiQiDataSet"/>
  <testcase name="AddDataSet" time="0.470" classname="com.bitnei.apitest.testcases.saas.YiQiDataSet"/>
  <testcase name="AddDataSet" time="0.313" classname="com.bitnei.apitest.testcases.saas.YiQiDataSet"/>
  <testcase name="AddDataSet" time="0.275" classname="com.bitnei.apitest.testcases.saas.YiQiDataSet"/>
</testsuite> <!-- com.bitnei.apitest.testcases.saas.YiQiDataSet -->
