<?xml version="1.0" encoding="UTF-8"?>
<!-- Generated by org.testng.reporters.JUnitReportReporter -->
<testsuite skipped="0" hostname="DESKTOP-Q37MKND" name="com.bitnei.apitest.testcases.saas.UserInfoQueryByExcel" tests="2" failures="0" timestamp="27 三月 2019 09:59:57 GMT" time="0.122" errors="0">
  <testcase name="UserInfoQueryData" time="0.071" classname="com.bitnei.apitest.testcases.saas.UserInfoQueryByExcel"/>
  <testcase name="UserInfoQueryData" time="0.051" classname="com.bitnei.apitest.testcases.saas.UserInfoQueryByExcel"/>
</testsuite> <!-- com.bitnei.apitest.testcases.saas.UserInfoQueryByExcel -->
