<?xml version="1.0" encoding="UTF-8"?>
<!-- Generated by org.testng.reporters.JUnitReportReporter -->
<testsuite skipped="0" hostname="DESKTOP-Q37MKND" name="com.bitnei.apitest.testcases.datasend.ForwardVehicleSelectVehicles" tests="1" failures="1" timestamp="12 三月 2019 10:44:11 GMT" time="0.384" errors="0">
  <testcase name="ForwardVehicleSelect" time="0.384" classname="com.bitnei.apitest.testcases.datasend.ForwardVehicleSelectVehicles">
    <failure type="java.lang.AssertionError" message="expected [{}] but found [{&quot;status&quot;:{&quot;currentValue is &quot;:500,&quot;expectedValue is&quot;:200},&quot;data&quot;:{&quot;currentValue is &quot;:500,&quot;expectedValue is&quot;:200,&quot;actualValue&quot;:null,&quot;expectedValue&quot;:{&quot;total&quot;:1,&quot;list&quot;:[{&quot;id&quot;:458763,&quot;vin&quot;:&quot;LS4ASE2A1HJ121001&quot;,&quot;licensePlate&quot;:&quot;川JHK979&quot;,&quot;vehType&quot;:&quot;私家车&quot;,&quot;vehModelNo&quot;:&quot;SC6491B5&quot;,&quot;vendor&quot;:&quot;北京长安汽车有限公司&quot;,&quot;operatingCompany&quot;:&quot;长安&quot;,&quot;city&quot;:&quot;北京市&quot;,&quot;province&quot;:&quot;北京市&quot;,&quot;monitorPlatform&quot;:&quot;1&quot;,&quot;operationCity&quot;:&quot;北京市&quot;,&quot;vehName&quot;:&quot;我的爱车&quot;,&quot;vehSeriesNo&quot;:&quot;S401&quot;,&quot;vehSeriesName&quot;:&quot;CS95&quot;,&quot;vehModelName&quot;:&quot;JL486ZQ3 2.0T 国Ⅴ 6AT 7座&quot;,&quot;vehConfNo&quot;:&quot;SC6491B5.S92A&quot;,&quot;vehConfName&quot;:&quot;9 商品车 L12 北京产 四驱7座&quot;,&quot;motorModelNo&quot;:&quot;H9BJ020997&quot;,&quot;vehColor&quot;:&quot;闪光月光白&quot;,&quot;purchaseDate&quot;:&quot;2017-10-23 00:00:00&quot;,&quot;manufactureDate&quot;:&quot;2017-08-28 00:00:00&quot;,&quot;registDate&quot;:&quot;2017-10-23 15:32:34&quot;,&quot;activeDate&quot;:&quot;2018-12-12 17:08:20&quot;,&quot;dealer&quot;:&quot;遂宁骏骐汽车有限公司&quot;,&quot;baseServiceStatus&quot;:1,&quot;serviceStartDate&quot;:&quot;2017-10-24 09:52:05&quot;,&quot;serviceExpireDate&quot;:&quot;2027-10-24 09:52:05&quot;,&quot;maskCode&quot;:&quot;111&quot;,&quot;telephone&quot;:&quot;15828897551&quot;,&quot;credentials&quot;:&quot;身份证&quot;,&quot;credentialsNo&quot;:&quot;1&quot;,&quot;realNameStatus&quot;:1,&quot;owner&quot;:&quot;辜良&quot;,&quot;realNameDate&quot;:&quot;2017-10-24 09:52:05&quot;,&quot;infoSource&quot;:&quot;monitor&quot;,&quot;createDate&quot;:&quot;2017-10-23 15:32:34&quot;,&quot;createrId&quot;:&quot;2010093000861440&quot;,&quot;firstOnlineTime&quot;:&quot;2018-12-12 17:08:44&quot;,&quot;flushTime&quot;:&quot;2018-12-16 13:05:30&quot;,&quot;terminalNo&quot;:&quot;FOURG_TBOX&quot;,&quot;terminalBrand&quot;:&quot;法雷奥集团&quot;,&quot;tenantId&quot;:&quot;CA_PV_TENANT&quot;,&quot;tenantName&quot;:&quot;chan_tenant_name&quot;,&quot;vehProperty&quot;:&quot;非运营&quot;,&quot;tuid&quot;:&quot;3.20010011707171E31&quot;,&quot;ecph&quot;:&quot;111&quot;,&quot;dept&quot;:&quot;私家车&quot;,&quot;carId&quot;:&quot;ff1f77ce-1b26-4b32-a916-5d7d6a94b826&quot;}],&quot;pageNum&quot;:1,&quot;pageSize&quot;:10,&quot;size&quot;:1,&quot;startRow&quot;:1,&quot;endRow&quot;:1,&quot;pages&quot;:1,&quot;prePage&quot;:0,&quot;nextPage&quot;:0,&quot;isFirstPage&quot;:true,&quot;isLastPage&quot;:true,&quot;hasPreviousPage&quot;:false,&quot;hasNextPage&quot;:false,&quot;navigatePages&quot;:8,&quot;navigatepageNums&quot;:[1],&quot;navigateFirstPage&quot;:1,&quot;navigateLastPage&quot;:1,&quot;firstPage&quot;:1,&quot;lastPage&quot;:1}},&quot;total&quot;:{&quot;actualKey&quot;:&quot;不存在此total&quot;,&quot;expectedKey&quot;:&quot;total&quot;},&quot;list&quot;:{&quot;actualKey&quot;:&quot;不存在此list&quot;,&quot;expectedKey&quot;:&quot;list&quot;},&quot;pageNum&quot;:{&quot;actualKey&quot;:&quot;不存在此pageNum&quot;,&quot;expectedKey&quot;:&quot;pageNum&quot;},&quot;pageSize&quot;:{&quot;actualKey&quot;:&quot;不存在此pageSize&quot;,&quot;expectedKey&quot;:&quot;pageSize&quot;},&quot;size&quot;:{&quot;actualKey&quot;:&quot;不存在此size&quot;,&quot;expectedKey&quot;:&quot;size&quot;},&quot;startRow&quot;:{&quot;actualKey&quot;:&quot;不存在此startRow&quot;,&quot;expectedKey&quot;:&quot;startRow&quot;},&quot;endRow&quot;:{&quot;actualKey&quot;:&quot;不存在此endRow&quot;,&quot;expectedKey&quot;:&quot;endRow&quot;},&quot;pages&quot;:{&quot;actualKey&quot;:&quot;不存在此pages&quot;,&quot;expectedKey&quot;:&quot;pages&quot;},&quot;prePage&quot;:{&quot;actualKey&quot;:&quot;不存在此prePage&quot;,&quot;expectedKey&quot;:&quot;prePage&quot;},&quot;nextPage&quot;:{&quot;actualKey&quot;:&quot;不存在此nextPage&quot;,&quot;expectedKey&quot;:&quot;nextPage&quot;},&quot;isFirstPage&quot;:{&quot;actualKey&quot;:&quot;不存在此isFirstPage&quot;,&quot;expectedKey&quot;:&quot;isFirstPage&quot;},&quot;isLastPage&quot;:{&quot;actualKey&quot;:&quot;不存在此isLastPage&quot;,&quot;expectedKey&quot;:&quot;isLastPage&quot;},&quot;hasPreviousPage&quot;:{&quot;actualKey&quot;:&quot;不存在此hasPreviousPage&quot;,&quot;expectedKey&quot;:&quot;hasPreviousPage&quot;},&quot;hasNextPage&quot;:{&quot;actualKey&quot;:&quot;不存在此hasNextPage&quot;,&quot;expectedKey&quot;:&quot;hasNextPage&quot;},&quot;navigatePages&quot;:{&quot;actualKey&quot;:&quot;不存在此navigatePages&quot;,&quot;expectedKey&quot;:&quot;navigatePages&quot;},&quot;navigatepageNums&quot;:{&quot;actualKey&quot;:&quot;不存在此navigatepageNums&quot;,&quot;expectedKey&quot;:&quot;navigatepageNums&quot;},&quot;navigateFirstPage&quot;:{&quot;actualKey&quot;:&quot;不存在此navigateFirstPage&quot;,&quot;expectedKey&quot;:&quot;navigateFirstPage&quot;},&quot;navigateLastPage&quot;:{&quot;actualKey&quot;:&quot;不存在此navigateLastPage&quot;,&quot;expectedKey&quot;:&quot;navigateLastPage&quot;},&quot;firstPage&quot;:{&quot;actualKey&quot;:&quot;不存在此firstPage&quot;,&quot;expectedKey&quot;:&quot;firstPage&quot;},&quot;lastPage&quot;:{&quot;actualKey&quot;:&quot;不存在此lastPage&quot;,&quot;expectedKey&quot;:&quot;lastPage&quot;},&quot;error&quot;:{&quot;currentValue is &quot;:true,&quot;expectedValue is&quot;:false,&quot;actualValue&quot;:null,&quot;expectedValue&quot;:{&quot;total&quot;:1,&quot;list&quot;:[{&quot;id&quot;:458763,&quot;vin&quot;:&quot;LS4ASE2A1HJ121001&quot;,&quot;licensePlate&quot;:&quot;川JHK979&quot;,&quot;vehType&quot;:&quot;私家车&quot;,&quot;vehModelNo&quot;:&quot;SC6491B5&quot;,&quot;vendor&quot;:&quot;北京长安汽车有限公司&quot;,&quot;operatingCompany&quot;:&quot;长安&quot;,&quot;city&quot;:&quot;北京市&quot;,&quot;province&quot;:&quot;北京市&quot;,&quot;monitorPlatform&quot;:&quot;1&quot;,&quot;operationCity&quot;:&quot;北京市&quot;,&quot;vehName&quot;:&quot;我的爱车&quot;,&quot;vehSeriesNo&quot;:&quot;S401&quot;,&quot;vehSeriesName&quot;:&quot;CS95&quot;,&quot;vehModelName&quot;:&quot;JL486ZQ3 2.0T 国Ⅴ 6AT 7座&quot;,&quot;vehConfNo&quot;:&quot;SC6491B5.S92A&quot;,&quot;vehConfName&quot;:&quot;9 商品车 L12 北京产 四驱7座&quot;,&quot;motorModelNo&quot;:&quot;H9BJ020997&quot;,&quot;vehColor&quot;:&quot;闪光月光白&quot;,&quot;purchaseDate&quot;:&quot;2017-10-23 00:00:00&quot;,&quot;manufactureDate&quot;:&quot;2017-08-28 00:00:00&quot;,&quot;registDate&quot;:&quot;2017-10-23 15:32:34&quot;,&quot;activeDate&quot;:&quot;2018-12-12 17:08:20&quot;,&quot;dealer&quot;:&quot;遂宁骏骐汽车有限公司&quot;,&quot;baseServiceStatus&quot;:1,&quot;serviceStartDate&quot;:&quot;2017-10-24 09:52:05&quot;,&quot;serviceExpireDate&quot;:&quot;2027-10-24 09:52:05&quot;,&quot;maskCode&quot;:&quot;111&quot;,&quot;telephone&quot;:&quot;15828897551&quot;,&quot;credentials&quot;:&quot;身份证&quot;,&quot;credentialsNo&quot;:&quot;1&quot;,&quot;realNameStatus&quot;:1,&quot;owner&quot;:&quot;辜良&quot;,&quot;realNameDate&quot;:&quot;2017-10-24 09:52:05&quot;,&quot;infoSource&quot;:&quot;monitor&quot;,&quot;createDate&quot;:&quot;2017-10-23 15:32:34&quot;,&quot;createrId&quot;:&quot;2010093000861440&quot;,&quot;firstOnlineTime&quot;:&quot;2018-12-12 17:08:44&quot;,&quot;flushTime&quot;:&quot;2018-12-16 13:05:30&quot;,&quot;terminalNo&quot;:&quot;FOURG_TBOX&quot;,&quot;terminalBrand&quot;:&quot;法雷奥集团&quot;,&quot;tenantId&quot;:&quot;CA_PV_TENANT&quot;,&quot;tenantName&quot;:&quot;chan_tenant_name&quot;,&quot;vehProperty&quot;:&quot;非运营&quot;,&quot;tuid&quot;:&quot;3.20010011707171E31&quot;,&quot;ecph&quot;:&quot;111&quot;,&quot;dept&quot;:&quot;私家车&quot;,&quot;carId&quot;:&quot;ff1f77ce-1b26-4b32-a916-5d7d6a94b826&quot;}],&quot;pageNum&quot;:1,&quot;pageSize&quot;:10,&quot;size&quot;:1,&quot;startRow&quot;:1,&quot;endRow&quot;:1,&quot;pages&quot;:1,&quot;prePage&quot;:0,&quot;nextPage&quot;:0,&quot;isFirstPage&quot;:true,&quot;isLastPage&quot;:true,&quot;hasPreviousPage&quot;:false,&quot;hasNextPage&quot;:false,&quot;navigatePages&quot;:8,&quot;navigatepageNums&quot;:[1],&quot;navigateFirstPage&quot;:1,&quot;navigateLastPage&quot;:1,&quot;firstPage&quot;:1,&quot;lastPage&quot;:1}}}]">
      <![CDATA[java.lang.AssertionError: expected [{}] but found [{"status":{"currentValue is ":500,"expectedValue is":200},"data":{"currentValue is ":500,"expectedValue is":200,"actualValue":null,"expectedValue":{"total":1,"list":[{"id":458763,"vin":"LS4ASE2A1HJ121001","licensePlate":"川JHK979","vehType":"私家车","vehModelNo":"SC6491B5","vendor":"北京长安汽车有限公司","operatingCompany":"长安","city":"北京市","province":"北京市","monitorPlatform":"1","operationCity":"北京市","vehName":"我的爱车","vehSeriesNo":"S401","vehSeriesName":"CS95","vehModelName":"JL486ZQ3 2.0T 国Ⅴ 6AT 7座","vehConfNo":"SC6491B5.S92A","vehConfName":"9 商品车 L12 北京产 四驱7座","motorModelNo":"H9BJ020997","vehColor":"闪光月光白","purchaseDate":"2017-10-23 00:00:00","manufactureDate":"2017-08-28 00:00:00","registDate":"2017-10-23 15:32:34","activeDate":"2018-12-12 17:08:20","dealer":"遂宁骏骐汽车有限公司","baseServiceStatus":1,"serviceStartDate":"2017-10-24 09:52:05","serviceExpireDate":"2027-10-24 09:52:05","maskCode":"111","telephone":"15828897551","credentials":"身份证","credentialsNo":"1","realNameStatus":1,"owner":"辜良","realNameDate":"2017-10-24 09:52:05","infoSource":"monitor","createDate":"2017-10-23 15:32:34","createrId":"2010093000861440","firstOnlineTime":"2018-12-12 17:08:44","flushTime":"2018-12-16 13:05:30","terminalNo":"FOURG_TBOX","terminalBrand":"法雷奥集团","tenantId":"CA_PV_TENANT","tenantName":"chan_tenant_name","vehProperty":"非运营","tuid":"3.20010011707171E31","ecph":"111","dept":"私家车","carId":"ff1f77ce-1b26-4b32-a916-5d7d6a94b826"}],"pageNum":1,"pageSize":10,"size":1,"startRow":1,"endRow":1,"pages":1,"prePage":0,"nextPage":0,"isFirstPage":true,"isLastPage":true,"hasPreviousPage":false,"hasNextPage":false,"navigatePages":8,"navigatepageNums":[1],"navigateFirstPage":1,"navigateLastPage":1,"firstPage":1,"lastPage":1}},"total":{"actualKey":"不存在此total","expectedKey":"total"},"list":{"actualKey":"不存在此list","expectedKey":"list"},"pageNum":{"actualKey":"不存在此pageNum","expectedKey":"pageNum"},"pageSize":{"actualKey":"不存在此pageSize","expectedKey":"pageSize"},"size":{"actualKey":"不存在此size","expectedKey":"size"},"startRow":{"actualKey":"不存在此startRow","expectedKey":"startRow"},"endRow":{"actualKey":"不存在此endRow","expectedKey":"endRow"},"pages":{"actualKey":"不存在此pages","expectedKey":"pages"},"prePage":{"actualKey":"不存在此prePage","expectedKey":"prePage"},"nextPage":{"actualKey":"不存在此nextPage","expectedKey":"nextPage"},"isFirstPage":{"actualKey":"不存在此isFirstPage","expectedKey":"isFirstPage"},"isLastPage":{"actualKey":"不存在此isLastPage","expectedKey":"isLastPage"},"hasPreviousPage":{"actualKey":"不存在此hasPreviousPage","expectedKey":"hasPreviousPage"},"hasNextPage":{"actualKey":"不存在此hasNextPage","expectedKey":"hasNextPage"},"navigatePages":{"actualKey":"不存在此navigatePages","expectedKey":"navigatePages"},"navigatepageNums":{"actualKey":"不存在此navigatepageNums","expectedKey":"navigatepageNums"},"navigateFirstPage":{"actualKey":"不存在此navigateFirstPage","expectedKey":"navigateFirstPage"},"navigateLastPage":{"actualKey":"不存在此navigateLastPage","expectedKey":"navigateLastPage"},"firstPage":{"actualKey":"不存在此firstPage","expectedKey":"firstPage"},"lastPage":{"actualKey":"不存在此lastPage","expectedKey":"lastPage"},"error":{"currentValue is ":true,"expectedValue is":false,"actualValue":null,"expectedValue":{"total":1,"list":[{"id":458763,"vin":"LS4ASE2A1HJ121001","licensePlate":"川JHK979","vehType":"私家车","vehModelNo":"SC6491B5","vendor":"北京长安汽车有限公司","operatingCompany":"长安","city":"北京市","province":"北京市","monitorPlatform":"1","operationCity":"北京市","vehName":"我的爱车","vehSeriesNo":"S401","vehSeriesName":"CS95","vehModelName":"JL486ZQ3 2.0T 国Ⅴ 6AT 7座","vehConfNo":"SC6491B5.S92A","vehConfName":"9 商品车 L12 北京产 四驱7座","motorModelNo":"H9BJ020997","vehColor":"闪光月光白","purchaseDate":"2017-10-23 00:00:00","manufactureDate":"2017-08-28 00:00:00","registDate":"2017-10-23 15:32:34","activeDate":"2018-12-12 17:08:20","dealer":"遂宁骏骐汽车有限公司","baseServiceStatus":1,"serviceStartDate":"2017-10-24 09:52:05","serviceExpireDate":"2027-10-24 09:52:05","maskCode":"111","telephone":"15828897551","credentials":"身份证","credentialsNo":"1","realNameStatus":1,"owner":"辜良","realNameDate":"2017-10-24 09:52:05","infoSource":"monitor","createDate":"2017-10-23 15:32:34","createrId":"2010093000861440","firstOnlineTime":"2018-12-12 17:08:44","flushTime":"2018-12-16 13:05:30","terminalNo":"FOURG_TBOX","terminalBrand":"法雷奥集团","tenantId":"CA_PV_TENANT","tenantName":"chan_tenant_name","vehProperty":"非运营","tuid":"3.20010011707171E31","ecph":"111","dept":"私家车","carId":"ff1f77ce-1b26-4b32-a916-5d7d6a94b826"}],"pageNum":1,"pageSize":10,"size":1,"startRow":1,"endRow":1,"pages":1,"prePage":0,"nextPage":0,"isFirstPage":true,"isLastPage":true,"hasPreviousPage":false,"hasNextPage":false,"navigatePages":8,"navigatepageNums":[1],"navigateFirstPage":1,"navigateLastPage":1,"firstPage":1,"lastPage":1}}}]
at org.testng.Assert.fail(Assert.java:96)
at org.testng.Assert.failNotEquals(Assert.java:776)
at org.testng.Assert.assertEqualsImpl(Assert.java:137)
at org.testng.Assert.assertEquals(Assert.java:118)
at org.testng.Assert.assertEquals(Assert.java:453)
at org.testng.Assert.assertEquals(Assert.java:463)
at com.bitnei.apitest.testcases.datasend.ForwardVehicleSelectVehicles.ForwardVehicleSelect(ForwardVehicleSelectVehicles.java:80)
at sun.reflect.NativeMethodAccessorImpl.invoke0(Native Method)
at sun.reflect.NativeMethodAccessorImpl.invoke(NativeMethodAccessorImpl.java:62)
at sun.reflect.DelegatingMethodAccessorImpl.invoke(DelegatingMethodAccessorImpl.java:43)
at java.lang.reflect.Method.invoke(Method.java:498)
at org.testng.internal.MethodInvocationHelper.invokeMethod(MethodInvocationHelper.java:124)
at org.testng.internal.Invoker.invokeMethod(Invoker.java:580)
at org.testng.internal.Invoker.invokeTestMethod(Invoker.java:716)
at org.testng.internal.Invoker.invokeTestMethods(Invoker.java:988)
at org.testng.internal.TestMethodWorker.invokeTestMethods(TestMethodWorker.java:125)
at org.testng.internal.TestMethodWorker.run(TestMethodWorker.java:109)
at java.util.concurrent.ThreadPoolExecutor.runWorker(ThreadPoolExecutor.java:1149)
at java.util.concurrent.ThreadPoolExecutor$Worker.run(ThreadPoolExecutor.java:624)
at java.lang.Thread.run(Thread.java:748)
]]>
    </failure>
  </testcase> <!-- ForwardVehicleSelect -->
</testsuite> <!-- com.bitnei.apitest.testcases.datasend.ForwardVehicleSelectVehicles -->
