<?xml version="1.0" encoding="UTF-8"?>
<!-- Generated by org.testng.reporters.JUnitReportReporter -->
<testsuite skipped="0" hostname="DESKTOP-Q37MKND" name="com.bitnei.apitest.testcases.GetCookie" tests="1" failures="0" timestamp="03 一月 2019 09:47:16 GMT" time="1.864" errors="0">
  <testcase name="login" time="1.864" classname="com.bitnei.apitest.testcases.GetCookie"/>
</testsuite> <!-- com.bitnei.apitest.testcases.GetCookie -->
