<?xml version="1.0" encoding="UTF-8"?>
<!-- Generated by org.testng.reporters.JUnitReportReporter -->
<testsuite skipped="0" hostname="DESKTOP-Q37MKND" name="com.bitnei.apitest.testcases.saas.SaasGetSec" tests="1" failures="0" timestamp="02 六月 2020 08:12:35 GMT" time="20.537" errors="0">
  <testcase name="GetSec" time="20.537" classname="com.bitnei.apitest.testcases.saas.SaasGetSec"/>
</testsuite> <!-- com.bitnei.apitest.testcases.saas.SaasGetSec -->
