<?xml version="1.0" encoding="UTF-8"?>
<!-- Generated by org.testng.reporters.JUnitReportReporter -->
<testsuite skipped="0" hostname="DESKTOP-Q37MKND" name="com.bitnei.apitest.testcases.saas.UserInfoQueryByExcel" tests="7" failures="0" timestamp="12 二月 2020 09:19:57 GMT" time="1.560" errors="0">
  <testcase name="UserInfoQueryData" time="0.180" classname="com.bitnei.apitest.testcases.saas.UserInfoQueryByExcel"/>
  <testcase name="UserInfoQueryData" time="0.143" classname="com.bitnei.apitest.testcases.saas.UserInfoQueryByExcel"/>
  <testcase name="UserInfoQueryData" time="0.439" classname="com.bitnei.apitest.testcases.saas.UserInfoQueryByExcel"/>
  <testcase name="UserInfoQueryData" time="0.163" classname="com.bitnei.apitest.testcases.saas.UserInfoQueryByExcel"/>
  <testcase name="UserInfoQueryData" time="0.219" classname="com.bitnei.apitest.testcases.saas.UserInfoQueryByExcel"/>
  <testcase name="UserInfoQueryData" time="0.227" classname="com.bitnei.apitest.testcases.saas.UserInfoQueryByExcel"/>
  <testcase name="UserInfoQueryData" time="0.189" classname="com.bitnei.apitest.testcases.saas.UserInfoQueryByExcel"/>
</testsuite> <!-- com.bitnei.apitest.testcases.saas.UserInfoQueryByExcel -->
