<?xml version="1.0" encoding="UTF-8"?>
<!-- Generated by org.testng.reporters.JUnitReportReporter -->
<testsuite skipped="0" hostname="DESKTOP-Q37MKND" name="com.bitnei.apitest.webtestcases.saas.UserManage" tests="6" failures="0" timestamp="26 三月 2019 05:46:12 GMT" time="14.779" errors="0">
  <testcase name="LoginToUser" time="12.035" classname="com.bitnei.apitest.webtestcases.saas.UserManage"/>
  <testcase name="UserOpen" time="0.327" classname="com.bitnei.apitest.webtestcases.saas.UserManage"/>
  <testcase name="UserQueryByEmail" time="0.924" classname="com.bitnei.apitest.webtestcases.saas.UserManage"/>
  <testcase name="UserDetail" time="0.631" classname="com.bitnei.apitest.webtestcases.saas.UserManage"/>
  <testcase name="GourpQuery" time="0.429" classname="com.bitnei.apitest.webtestcases.saas.UserManage"/>
  <testcase name="PermissionQuery" time="0.433" classname="com.bitnei.apitest.webtestcases.saas.UserManage"/>
</testsuite> <!-- com.bitnei.apitest.webtestcases.saas.UserManage -->
