<?xml version="1.0" encoding="UTF-8"?>
<!-- Generated by org.testng.reporters.JUnitReportReporter -->
<testsuite skipped="0" hostname="DESKTOP-Q37MKND" name="com.bitnei.apitest.testcases.saas.UserInforRgisterByExcel" tests="1" failures="0" timestamp="25 四月 2019 07:32:51 GMT" time="0.184" errors="0">
  <testcase name="UserInfoQueryData" time="0.184" classname="com.bitnei.apitest.testcases.saas.UserInforRgisterByExcel"/>
</testsuite> <!-- com.bitnei.apitest.testcases.saas.UserInforRgisterByExcel -->
