<?xml version="1.0" encoding="UTF-8"?>
<!-- Generated by org.testng.reporters.JUnitReportReporter -->
<testsuite skipped="0" hostname="DESKTOP-Q37MKND" name="com.bitnei.apitest.testcases.PostApiTest" tests="1" failures="0" timestamp="04 一月 2019 01:37:06 GMT" time="2.097" errors="0">
  <testcase name="postApiTest" time="2.097" classname="com.bitnei.apitest.testcases.PostApiTest"/>
</testsuite> <!-- com.bitnei.apitest.testcases.PostApiTest -->
