<?xml version="1.0" encoding="UTF-8"?>
<!-- Generated by org.testng.reporters.JUnitReportReporter -->
<testsuite skipped="0" hostname="DESKTOP-Q37MKND" name="com.bitnei.apitest.testcases.saas.GetCookieSaaS" tests="1" failures="0" timestamp="25 二月 2019 09:12:26 GMT" time="1.231" errors="0">
  <testcase name="statistics" time="1.231" classname="com.bitnei.apitest.testcases.saas.GetCookieSaaS"/>
</testsuite> <!-- com.bitnei.apitest.testcases.saas.GetCookieSaaS -->
