<?xml version="1.0" encoding="UTF-8"?>
<!-- Generated by org.testng.reporters.JUnitReportReporter -->
<testsuite skipped="0" hostname="DESKTOP-Q37MKND" name="com.bitnei.apitest.testcases.saas.UserInfoQueryByExcel" tests="7" failures="0" timestamp="06 一月 2020 09:47:12 GMT" time="1.275" errors="0">
  <testcase name="UserInfoQueryData" time="0.201" classname="com.bitnei.apitest.testcases.saas.UserInfoQueryByExcel"/>
  <testcase name="UserInfoQueryData" time="0.148" classname="com.bitnei.apitest.testcases.saas.UserInfoQueryByExcel"/>
  <testcase name="UserInfoQueryData" time="0.259" classname="com.bitnei.apitest.testcases.saas.UserInfoQueryByExcel"/>
  <testcase name="UserInfoQueryData" time="0.201" classname="com.bitnei.apitest.testcases.saas.UserInfoQueryByExcel"/>
  <testcase name="UserInfoQueryData" time="0.131" classname="com.bitnei.apitest.testcases.saas.UserInfoQueryByExcel"/>
  <testcase name="UserInfoQueryData" time="0.216" classname="com.bitnei.apitest.testcases.saas.UserInfoQueryByExcel"/>
  <testcase name="UserInfoQueryData" time="0.119" classname="com.bitnei.apitest.testcases.saas.UserInfoQueryByExcel"/>
</testsuite> <!-- com.bitnei.apitest.testcases.saas.UserInfoQueryByExcel -->
