<?xml version="1.0" encoding="UTF-8"?>
<!-- Generated by org.testng.reporters.JUnitReportReporter -->
<testsuite skipped="0" hostname="DESKTOP-Q37MKND" name="com.bitnei.selenium.testcase.UserRole" tests="1" failures="0" timestamp="17 九月 2019 08:35:26 GMT" time="19.602" errors="0">
  <testcase name="User" time="19.602" classname="com.bitnei.selenium.testcase.UserRole"/>
</testsuite> <!-- com.bitnei.selenium.testcase.UserRole -->
