<?xml version="1.0" encoding="UTF-8"?>
<!-- Generated by org.testng.reporters.JUnitReportReporter -->
<testsuite skipped="0" hostname="DESKTOP-Q37MKND" name="com.bitnei.apitest.testcases.openapi.EnergyConservation" tests="4" failures="0" timestamp="27 十一月 2020 06:17:28 GMT" time="0.449" errors="0">
  <testcase name="EnergyConservationNormal" time="0.219" classname="com.bitnei.apitest.testcases.openapi.EnergyConservation"/>
  <testcase name="EnergyConservationUpScope" time="0.070" classname="com.bitnei.apitest.testcases.openapi.EnergyConservation"/>
  <testcase name="EnergyConservationWrongTime" time="0.078" classname="com.bitnei.apitest.testcases.openapi.EnergyConservation"/>
  <testcase name="EnergyConservationWrongDateFormat" time="0.082" classname="com.bitnei.apitest.testcases.openapi.EnergyConservation"/>
</testsuite> <!-- com.bitnei.apitest.testcases.openapi.EnergyConservation -->
