<?xml version="1.0" encoding="UTF-8"?>
<!-- Generated by org.testng.reporters.JUnitReportReporter -->
<testsuite skipped="0" hostname="DESKTOP-Q37MKND" name="com.bitnei.apitest.webtestcases.saas.SaasLogin" tests="5" failures="0" timestamp="29 三月 2019 02:41:16 GMT" time="52.022" errors="0">
  <testcase name="LoginNoName" time="7.987" classname="com.bitnei.apitest.webtestcases.saas.SaasLogin"/>
  <testcase name="LoginSucsess" time="14.139" classname="com.bitnei.apitest.webtestcases.saas.SaasLogin"/>
  <testcase name="Login" time="10.024" classname="com.bitnei.apitest.webtestcases.saas.SaasLogin"/>
  <testcase name="LoginFaild" time="11.052" classname="com.bitnei.apitest.webtestcases.saas.SaasLogin"/>
  <testcase name="LoginNoPassWord" time="8.820" classname="com.bitnei.apitest.webtestcases.saas.SaasLogin"/>
</testsuite> <!-- com.bitnei.apitest.webtestcases.saas.SaasLogin -->
