<?xml version="1.0" encoding="UTF-8"?>
<!-- Generated by org.testng.reporters.JUnitReportReporter -->
<testsuite skipped="0" hostname="DESKTOP-Q37MKND" name="com.bitnei.selenium.testcase.BackSaasInterface" tests="11" failures="0" timestamp="22 一月 2021 09:19:52 GMT" time="166.631" errors="0">
  <testcase name="InterfaceTest" time="23.651" classname="com.bitnei.selenium.testcase.BackSaasInterface"/>
  <testcase name="InterfaceTest" time="13.951" classname="com.bitnei.selenium.testcase.BackSaasInterface"/>
  <testcase name="InterfaceTest" time="13.988" classname="com.bitnei.selenium.testcase.BackSaasInterface"/>
  <testcase name="InterfaceTest" time="14.780" classname="com.bitnei.selenium.testcase.BackSaasInterface"/>
  <testcase name="InterfaceTest" time="13.977" classname="com.bitnei.selenium.testcase.BackSaasInterface"/>
  <testcase name="InterfaceTest" time="13.957" classname="com.bitnei.selenium.testcase.BackSaasInterface"/>
  <testcase name="InterfaceTest" time="14.019" classname="com.bitnei.selenium.testcase.BackSaasInterface"/>
  <testcase name="InterfaceTest" time="14.053" classname="com.bitnei.selenium.testcase.BackSaasInterface"/>
  <testcase name="InterfaceTest" time="14.335" classname="com.bitnei.selenium.testcase.BackSaasInterface"/>
  <testcase name="InterfaceTest" time="15.714" classname="com.bitnei.selenium.testcase.BackSaasInterface"/>
  <testcase name="InterfaceTest" time="14.206" classname="com.bitnei.selenium.testcase.BackSaasInterface"/>
</testsuite> <!-- com.bitnei.selenium.testcase.BackSaasInterface -->
