<?xml version="1.0" encoding="UTF-8"?>
<!-- Generated by org.testng.reporters.JUnitReportReporter -->
<testsuite skipped="0" hostname="DESKTOP-Q37MKND" name="com.bitnei.selenium.testcase.UserRole" tests="1" failures="0" timestamp="15 一月 2021 09:21:50 GMT" time="14.250" errors="0">
  <testcase name="User" time="14.250" classname="com.bitnei.selenium.testcase.UserRole"/>
</testsuite> <!-- com.bitnei.selenium.testcase.UserRole -->
