<?xml version="1.0" encoding="UTF-8"?>
<!-- Generated by org.testng.reporters.JUnitReportReporter -->
<testsuite skipped="0" hostname="DESKTOP-Q37MKND" name="com.bitnei.apitest.testcases.bidash.SchemeAdd" tests="3" failures="0" timestamp="25 二月 2019 09:57:04 GMT" time="2.833" errors="0">
  <testcase name="SchemeAddData" time="0.408" classname="com.bitnei.apitest.testcases.bidash.SchemeAdd"/>
  <testcase name="SchemeAddDataRep" time="0.151" classname="com.bitnei.apitest.testcases.bidash.SchemeAdd"/>
  <testcase name="SchemeDeleteData" time="2.274" classname="com.bitnei.apitest.testcases.bidash.SchemeAdd"/>
</testsuite> <!-- com.bitnei.apitest.testcases.bidash.SchemeAdd -->
