<?xml version="1.0" encoding="UTF-8"?>
<!-- Generated by org.testng.reporters.JUnitReportReporter -->
<testsuite skipped="0" hostname="DESKTOP-Q37MKND" name="com.bitnei.apitest.testcases.datasend.ForwardVehicleSelectVehicles" tests="1" failures="0" timestamp="20 二月 2019 10:05:02 GMT" time="1.228" errors="0">
  <testcase name="ForwardVehicleSelect" time="1.228" classname="com.bitnei.apitest.testcases.datasend.ForwardVehicleSelectVehicles"/>
</testsuite> <!-- com.bitnei.apitest.testcases.datasend.ForwardVehicleSelectVehicles -->
