<?xml version="1.0" encoding="UTF-8"?>
<!-- Generated by org.testng.reporters.JUnitReportReporter -->
<testsuite skipped="0" hostname="DESKTOP-Q37MKND" name="com.bitnei.apitest.testcases.datasend.PlatFormSelect" tests="1" failures="1" timestamp="26 三月 2019 06:09:32 GMT" time="0.363" errors="0">
  <testcase name="PlatFormAdd" time="0.363" classname="com.bitnei.apitest.testcases.datasend.PlatFormSelect">
    <failure type="java.lang.AssertionError" message="expected [{}] but found [{&quot;status&quot;:{&quot;currentValue is &quot;:401,&quot;expectedValue is&quot;:200},&quot;data&quot;:{&quot;currentValue is &quot;:401,&quot;expectedValue is&quot;:200,&quot;actualValue&quot;:null,&quot;expectedValue&quot;:{&quot;total&quot;:1,&quot;list&quot;:[{&quot;id&quot;:&quot;05486f02-188d-11e9-9869-90e2bae77ed8&quot;,&quot;unitName&quot;:&quot;yltest001&quot;,&quot;forwardMode&quot;:&quot;SOCKET&quot;,&quot;address&quot;:&quot;10.100.10.11&quot;,&quot;username&quot;:&quot;ul213456&quot;,&quot;password&quot;:&quot;ul213456&quot;,&quot;nsPort&quot;:&quot;205&quot;,&quot;cdKey&quot;:null,&quot;notes&quot;:null,&quot;priority&quot;:&quot;1&quot;,&quot;staticForwardPlatform&quot;:&quot;无&quot;,&quot;isUse&quot;:0,&quot;createTime&quot;:1547532957000}],&quot;pageNum&quot;:1,&quot;pageSize&quot;:10,&quot;size&quot;:1,&quot;startRow&quot;:1,&quot;endRow&quot;:1,&quot;pages&quot;:1,&quot;prePage&quot;:0,&quot;nextPage&quot;:0,&quot;isFirstPage&quot;:true,&quot;isLastPage&quot;:true,&quot;hasPreviousPage&quot;:false,&quot;hasNextPage&quot;:false,&quot;navigatePages&quot;:8,&quot;navigatepageNums&quot;:[1],&quot;navigateFirstPage&quot;:1,&quot;navigateLastPage&quot;:1,&quot;firstPage&quot;:1,&quot;lastPage&quot;:1}},&quot;total&quot;:{&quot;actualKey&quot;:&quot;不存在此total&quot;,&quot;expectedKey&quot;:&quot;total&quot;},&quot;list&quot;:{&quot;actualKey&quot;:&quot;不存在此list&quot;,&quot;expectedKey&quot;:&quot;list&quot;},&quot;pageNum&quot;:{&quot;actualKey&quot;:&quot;不存在此pageNum&quot;,&quot;expectedKey&quot;:&quot;pageNum&quot;},&quot;pageSize&quot;:{&quot;actualKey&quot;:&quot;不存在此pageSize&quot;,&quot;expectedKey&quot;:&quot;pageSize&quot;},&quot;size&quot;:{&quot;actualKey&quot;:&quot;不存在此size&quot;,&quot;expectedKey&quot;:&quot;size&quot;},&quot;startRow&quot;:{&quot;actualKey&quot;:&quot;不存在此startRow&quot;,&quot;expectedKey&quot;:&quot;startRow&quot;},&quot;endRow&quot;:{&quot;actualKey&quot;:&quot;不存在此endRow&quot;,&quot;expectedKey&quot;:&quot;endRow&quot;},&quot;pages&quot;:{&quot;actualKey&quot;:&quot;不存在此pages&quot;,&quot;expectedKey&quot;:&quot;pages&quot;},&quot;prePage&quot;:{&quot;actualKey&quot;:&quot;不存在此prePage&quot;,&quot;expectedKey&quot;:&quot;prePage&quot;},&quot;nextPage&quot;:{&quot;actualKey&quot;:&quot;不存在此nextPage&quot;,&quot;expectedKey&quot;:&quot;nextPage&quot;},&quot;isFirstPage&quot;:{&quot;actualKey&quot;:&quot;不存在此isFirstPage&quot;,&quot;expectedKey&quot;:&quot;isFirstPage&quot;},&quot;isLastPage&quot;:{&quot;actualKey&quot;:&quot;不存在此isLastPage&quot;,&quot;expectedKey&quot;:&quot;isLastPage&quot;},&quot;hasPreviousPage&quot;:{&quot;actualKey&quot;:&quot;不存在此hasPreviousPage&quot;,&quot;expectedKey&quot;:&quot;hasPreviousPage&quot;},&quot;hasNextPage&quot;:{&quot;actualKey&quot;:&quot;不存在此hasNextPage&quot;,&quot;expectedKey&quot;:&quot;hasNextPage&quot;},&quot;navigatePages&quot;:{&quot;actualKey&quot;:&quot;不存在此navigatePages&quot;,&quot;expectedKey&quot;:&quot;navigatePages&quot;},&quot;navigatepageNums&quot;:{&quot;actualKey&quot;:&quot;不存在此navigatepageNums&quot;,&quot;expectedKey&quot;:&quot;navigatepageNums&quot;},&quot;navigateFirstPage&quot;:{&quot;actualKey&quot;:&quot;不存在此navigateFirstPage&quot;,&quot;expectedKey&quot;:&quot;navigateFirstPage&quot;},&quot;navigateLastPage&quot;:{&quot;actualKey&quot;:&quot;不存在此navigateLastPage&quot;,&quot;expectedKey&quot;:&quot;navigateLastPage&quot;},&quot;firstPage&quot;:{&quot;actualKey&quot;:&quot;不存在此firstPage&quot;,&quot;expectedKey&quot;:&quot;firstPage&quot;},&quot;lastPage&quot;:{&quot;actualKey&quot;:&quot;不存在此lastPage&quot;,&quot;expectedKey&quot;:&quot;lastPage&quot;},&quot;error&quot;:{&quot;currentValue is &quot;:true,&quot;expectedValue is&quot;:false,&quot;actualValue&quot;:null,&quot;expectedValue&quot;:{&quot;total&quot;:1,&quot;list&quot;:[{&quot;id&quot;:&quot;05486f02-188d-11e9-9869-90e2bae77ed8&quot;,&quot;unitName&quot;:&quot;yltest001&quot;,&quot;forwardMode&quot;:&quot;SOCKET&quot;,&quot;address&quot;:&quot;10.100.10.11&quot;,&quot;username&quot;:&quot;ul213456&quot;,&quot;password&quot;:&quot;ul213456&quot;,&quot;nsPort&quot;:&quot;205&quot;,&quot;cdKey&quot;:null,&quot;notes&quot;:null,&quot;priority&quot;:&quot;1&quot;,&quot;staticForwardPlatform&quot;:&quot;无&quot;,&quot;isUse&quot;:0,&quot;createTime&quot;:1547532957000}],&quot;pageNum&quot;:1,&quot;pageSize&quot;:10,&quot;size&quot;:1,&quot;startRow&quot;:1,&quot;endRow&quot;:1,&quot;pages&quot;:1,&quot;prePage&quot;:0,&quot;nextPage&quot;:0,&quot;isFirstPage&quot;:true,&quot;isLastPage&quot;:true,&quot;hasPreviousPage&quot;:false,&quot;hasNextPage&quot;:false,&quot;navigatePages&quot;:8,&quot;navigatepageNums&quot;:[1],&quot;navigateFirstPage&quot;:1,&quot;navigateLastPage&quot;:1,&quot;firstPage&quot;:1,&quot;lastPage&quot;:1}}}]">
      <![CDATA[java.lang.AssertionError: expected [{}] but found [{"status":{"currentValue is ":401,"expectedValue is":200},"data":{"currentValue is ":401,"expectedValue is":200,"actualValue":null,"expectedValue":{"total":1,"list":[{"id":"05486f02-188d-11e9-9869-90e2bae77ed8","unitName":"yltest001","forwardMode":"SOCKET","address":"10.100.10.11","username":"ul213456","password":"ul213456","nsPort":"205","cdKey":null,"notes":null,"priority":"1","staticForwardPlatform":"无","isUse":0,"createTime":1547532957000}],"pageNum":1,"pageSize":10,"size":1,"startRow":1,"endRow":1,"pages":1,"prePage":0,"nextPage":0,"isFirstPage":true,"isLastPage":true,"hasPreviousPage":false,"hasNextPage":false,"navigatePages":8,"navigatepageNums":[1],"navigateFirstPage":1,"navigateLastPage":1,"firstPage":1,"lastPage":1}},"total":{"actualKey":"不存在此total","expectedKey":"total"},"list":{"actualKey":"不存在此list","expectedKey":"list"},"pageNum":{"actualKey":"不存在此pageNum","expectedKey":"pageNum"},"pageSize":{"actualKey":"不存在此pageSize","expectedKey":"pageSize"},"size":{"actualKey":"不存在此size","expectedKey":"size"},"startRow":{"actualKey":"不存在此startRow","expectedKey":"startRow"},"endRow":{"actualKey":"不存在此endRow","expectedKey":"endRow"},"pages":{"actualKey":"不存在此pages","expectedKey":"pages"},"prePage":{"actualKey":"不存在此prePage","expectedKey":"prePage"},"nextPage":{"actualKey":"不存在此nextPage","expectedKey":"nextPage"},"isFirstPage":{"actualKey":"不存在此isFirstPage","expectedKey":"isFirstPage"},"isLastPage":{"actualKey":"不存在此isLastPage","expectedKey":"isLastPage"},"hasPreviousPage":{"actualKey":"不存在此hasPreviousPage","expectedKey":"hasPreviousPage"},"hasNextPage":{"actualKey":"不存在此hasNextPage","expectedKey":"hasNextPage"},"navigatePages":{"actualKey":"不存在此navigatePages","expectedKey":"navigatePages"},"navigatepageNums":{"actualKey":"不存在此navigatepageNums","expectedKey":"navigatepageNums"},"navigateFirstPage":{"actualKey":"不存在此navigateFirstPage","expectedKey":"navigateFirstPage"},"navigateLastPage":{"actualKey":"不存在此navigateLastPage","expectedKey":"navigateLastPage"},"firstPage":{"actualKey":"不存在此firstPage","expectedKey":"firstPage"},"lastPage":{"actualKey":"不存在此lastPage","expectedKey":"lastPage"},"error":{"currentValue is ":true,"expectedValue is":false,"actualValue":null,"expectedValue":{"total":1,"list":[{"id":"05486f02-188d-11e9-9869-90e2bae77ed8","unitName":"yltest001","forwardMode":"SOCKET","address":"10.100.10.11","username":"ul213456","password":"ul213456","nsPort":"205","cdKey":null,"notes":null,"priority":"1","staticForwardPlatform":"无","isUse":0,"createTime":1547532957000}],"pageNum":1,"pageSize":10,"size":1,"startRow":1,"endRow":1,"pages":1,"prePage":0,"nextPage":0,"isFirstPage":true,"isLastPage":true,"hasPreviousPage":false,"hasNextPage":false,"navigatePages":8,"navigatepageNums":[1],"navigateFirstPage":1,"navigateLastPage":1,"firstPage":1,"lastPage":1}}}]
at org.testng.Assert.fail(Assert.java:96)
at org.testng.Assert.failNotEquals(Assert.java:776)
at org.testng.Assert.assertEqualsImpl(Assert.java:137)
at org.testng.Assert.assertEquals(Assert.java:118)
at org.testng.Assert.assertEquals(Assert.java:453)
at org.testng.Assert.assertEquals(Assert.java:463)
at com.bitnei.apitest.testcases.datasend.PlatFormSelect.PlatFormAdd(PlatFormSelect.java:82)
at sun.reflect.NativeMethodAccessorImpl.invoke0(Native Method)
at sun.reflect.NativeMethodAccessorImpl.invoke(Unknown Source)
at sun.reflect.DelegatingMethodAccessorImpl.invoke(Unknown Source)
at java.lang.reflect.Method.invoke(Unknown Source)
at org.testng.internal.MethodInvocationHelper.invokeMethod(MethodInvocationHelper.java:124)
at org.testng.internal.Invoker.invokeMethod(Invoker.java:580)
at org.testng.internal.Invoker.invokeTestMethod(Invoker.java:716)
at org.testng.internal.Invoker.invokeTestMethods(Invoker.java:988)
at org.testng.internal.TestMethodWorker.invokeTestMethods(TestMethodWorker.java:125)
at org.testng.internal.TestMethodWorker.run(TestMethodWorker.java:109)
at org.testng.TestRunner.privateRun(TestRunner.java:648)
at org.testng.TestRunner.run(TestRunner.java:505)
at org.testng.SuiteRunner.runTest(SuiteRunner.java:455)
at org.testng.SuiteRunner.runSequentially(SuiteRunner.java:450)
at org.testng.SuiteRunner.privateRun(SuiteRunner.java:415)
at org.testng.SuiteRunner.run(SuiteRunner.java:364)
at org.testng.SuiteRunnerWorker.runSuite(SuiteRunnerWorker.java:52)
at org.testng.SuiteRunnerWorker.run(SuiteRunnerWorker.java:84)
at org.testng.TestNG.runSuitesSequentially(TestNG.java:1208)
at org.testng.TestNG.runSuitesLocally(TestNG.java:1137)
at org.testng.TestNG.runSuites(TestNG.java:1049)
at org.testng.TestNG.run(TestNG.java:1017)
at org.testng.remote.AbstractRemoteTestNG.run(AbstractRemoteTestNG.java:114)
at org.testng.remote.RemoteTestNG.initAndRun(RemoteTestNG.java:251)
at org.testng.remote.RemoteTestNG.main(RemoteTestNG.java:77)
]]>
    </failure>
  </testcase> <!-- PlatFormAdd -->
</testsuite> <!-- com.bitnei.apitest.testcases.datasend.PlatFormSelect -->
