<?xml version="1.0" encoding="UTF-8"?>
<!-- Generated by org.testng.reporters.JUnitReportReporter -->
<testsuite skipped="0" hostname="DESKTOP-Q37MKND" name="com.bitnei.apitest.testcases.datasend.PlatFormDellet" tests="1" failures="0" timestamp="30 八月 2019 09:54:57 GMT" time="2.943" errors="0">
  <testcase name="PlatFormDelData" time="2.943" classname="com.bitnei.apitest.testcases.datasend.PlatFormDellet"/>
</testsuite> <!-- com.bitnei.apitest.testcases.datasend.PlatFormDellet -->
