<?xml version="1.0" encoding="UTF-8"?>
<!-- Generated by org.testng.reporters.JUnitReportReporter -->
<testsuite skipped="0" hostname="DESKTOP-Q37MKND" name="com.bitnei.apitest.webtestcases.saas.SaasLogin" tests="5" failures="0" timestamp="16 三月 2019 03:22:42 GMT" time="79.843" errors="0">
  <testcase name="Login" time="26.444" classname="com.bitnei.apitest.webtestcases.saas.SaasLogin"/>
  <testcase name="LoginSucsess" time="20.360" classname="com.bitnei.apitest.webtestcases.saas.SaasLogin"/>
  <testcase name="LoginNoPassWord" time="10.255" classname="com.bitnei.apitest.webtestcases.saas.SaasLogin"/>
  <testcase name="LoginNoName" time="11.528" classname="com.bitnei.apitest.webtestcases.saas.SaasLogin"/>
  <testcase name="LoginFaild" time="11.256" classname="com.bitnei.apitest.webtestcases.saas.SaasLogin"/>
</testsuite> <!-- com.bitnei.apitest.webtestcases.saas.SaasLogin -->
