<?xml version="1.0" encoding="UTF-8"?>
<!-- Generated by org.testng.reporters.JUnitReportReporter -->
<testsuite skipped="0" hostname="DESKTOP-Q37MKND" name="com.bitnei.apitest.testcases.openapi.ChargingDataTest" tests="7" failures="0" timestamp="11 二月 2020 08:25:51 GMT" time="41.963" errors="0">
  <testcase name="ChargingDataNormal" time="0.344" classname="com.bitnei.apitest.testcases.openapi.ChargingDataTest"/>
  <testcase name="ChargingDataNormal" time="0.493" classname="com.bitnei.apitest.testcases.openapi.ChargingDataTest"/>
  <testcase name="ChargingDataNormal" time="20.226" classname="com.bitnei.apitest.testcases.openapi.ChargingDataTest"/>
  <testcase name="ChargingDataNormal" time="0.060" classname="com.bitnei.apitest.testcases.openapi.ChargingDataTest"/>
  <testcase name="ChargingDataNormal" time="20.734" classname="com.bitnei.apitest.testcases.openapi.ChargingDataTest"/>
  <testcase name="ChargingDataNormal" time="0.046" classname="com.bitnei.apitest.testcases.openapi.ChargingDataTest"/>
  <testcase name="ChargingDataNormal" time="0.060" classname="com.bitnei.apitest.testcases.openapi.ChargingDataTest"/>
</testsuite> <!-- com.bitnei.apitest.testcases.openapi.ChargingDataTest -->
