<?xml version="1.0" encoding="UTF-8"?>
<!-- Generated by org.testng.reporters.JUnitReportReporter -->
<testsuite skipped="0" hostname="DESKTOP-Q37MKND" name="com.bitnei.apitest.testcases.saas.PostApiTestParas" tests="1" failures="0" timestamp="06 一月 2020 09:47:12 GMT" time="0.156" errors="0">
  <testcase name="ApiTest" time="0.156" classname="com.bitnei.apitest.testcases.saas.PostApiTestParas"/>
</testsuite> <!-- com.bitnei.apitest.testcases.saas.PostApiTestParas -->
