<?xml version="1.0" encoding="UTF-8"?>
<!-- Generated by org.testng.reporters.JUnitReportReporter -->
<testsuite skipped="0" hostname="DESKTOP-Q37MKND" name="com.bitnei.apitest.testcases.EvDetail" tests="1" failures="0" timestamp="16 二月 2019 02:11:11 GMT" time="0.755" errors="0">
  <testcase name="getVehCountPerMonitorPlatformStatus" time="0.755" classname="com.bitnei.apitest.testcases.EvDetail"/>
</testsuite> <!-- com.bitnei.apitest.testcases.EvDetail -->
