<?xml version="1.0" encoding="UTF-8"?>
<!-- Generated by org.testng.reporters.JUnitReportReporter -->
<testsuite skipped="0" hostname="DESKTOP-Q37MKND" name="com.bitnei.selenium.testcase.BackSaasLogin" tests="5" failures="0" timestamp="21 一月 2021 09:15:34 GMT" time="65.975" errors="0">
  <testcase name="LoginFaild" time="13.385" classname="com.bitnei.selenium.testcase.BackSaasLogin"/>
  <testcase name="LoginFaild" time="12.407" classname="com.bitnei.selenium.testcase.BackSaasLogin"/>
  <testcase name="LoginFaild" time="13.179" classname="com.bitnei.selenium.testcase.BackSaasLogin"/>
  <testcase name="LoginFaild" time="14.437" classname="com.bitnei.selenium.testcase.BackSaasLogin"/>
  <testcase name="LoginFaild" time="12.567" classname="com.bitnei.selenium.testcase.BackSaasLogin"/>
</testsuite> <!-- com.bitnei.selenium.testcase.BackSaasLogin -->
