<?xml version="1.0" encoding="UTF-8"?>
<!-- Generated by org.testng.reporters.JUnitReportReporter -->
<testsuite skipped="0" hostname="DESKTOP-Q37MKND" name="com.bitnei.apitest.testcases.saasonline.OpenApiGet" tests="1" failures="0" timestamp="13 四月 2020 02:36:10 GMT" time="0.209" errors="0">
  <testcase name="ApiTestCode" time="0.209" classname="com.bitnei.apitest.testcases.saasonline.OpenApiGet"/>
</testsuite> <!-- com.bitnei.apitest.testcases.saasonline.OpenApiGet -->
