<?xml version="1.0" encoding="UTF-8"?>
<!-- Generated by org.testng.reporters.JUnitReportReporter -->
<testsuite skipped="0" hostname="DESKTOP-Q37MKND" name="com.bitnei.apitest.testcases.saasv2.GetCookie" tests="1" failures="0" timestamp="16 四月 2020 06:10:59 GMT" time="0.330" errors="0">
  <testcase name="login" time="0.330" classname="com.bitnei.apitest.testcases.saasv2.GetCookie"/>
</testsuite> <!-- com.bitnei.apitest.testcases.saasv2.GetCookie -->
