<?xml version="1.0" encoding="UTF-8"?>
<!-- Generated by org.testng.reporters.JUnitReportReporter -->
<testsuite skipped="0" hostname="DESKTOP-Q37MKND" name="com.bitnei.apitest.testcases.datasend.PlatFormUpdate" tests="1" failures="0" timestamp="25 二月 2019 03:21:59 GMT" time="5.450" errors="0">
  <testcase name="PlatFormModify" time="5.450" classname="com.bitnei.apitest.testcases.datasend.PlatFormUpdate"/>
</testsuite> <!-- com.bitnei.apitest.testcases.datasend.PlatFormUpdate -->
