<?xml version="1.0" encoding="UTF-8"?>
<!-- Generated by org.testng.reporters.JUnitReportReporter -->
<testsuite skipped="1" hostname="DESKTOP-Q37MKND" name="com.bitnei.apitest.testcases.saas.ApiTestPost" tests="1" failures="0" timestamp="31 十二月 2020 01:11:33 GMT" time="0.000" errors="0">
  <testcase name="ApiTest" time="0.000" classname="com.bitnei.apitest.testcases.saas.ApiTestPost">
    <skipped/>
  </testcase> <!-- ApiTest -->
</testsuite> <!-- com.bitnei.apitest.testcases.saas.ApiTestPost -->
