<?xml version="1.0" encoding="UTF-8"?>
<!-- Generated by org.testng.reporters.JUnitReportReporter -->
<testsuite skipped="0" hostname="DESKTOP-Q37MKND" name="com.bitnei.apitest.testcases.openapi.ChargingDataTest" tests="7" failures="0" timestamp="15 一月 2021 09:21:50 GMT" time="44.424" errors="0">
  <testcase name="ChargingDataNormal" time="0.051" classname="com.bitnei.apitest.testcases.openapi.ChargingDataTest"/>
  <testcase name="ChargingDataNormal" time="0.046" classname="com.bitnei.apitest.testcases.openapi.ChargingDataTest"/>
  <testcase name="ChargingDataNormal" time="21.760" classname="com.bitnei.apitest.testcases.openapi.ChargingDataTest"/>
  <testcase name="ChargingDataNormal" time="21.849" classname="com.bitnei.apitest.testcases.openapi.ChargingDataTest"/>
  <testcase name="ChargingDataNormal" time="0.469" classname="com.bitnei.apitest.testcases.openapi.ChargingDataTest"/>
  <testcase name="ChargingDataNormal" time="0.190" classname="com.bitnei.apitest.testcases.openapi.ChargingDataTest"/>
  <testcase name="ChargingDataNormal" time="0.059" classname="com.bitnei.apitest.testcases.openapi.ChargingDataTest"/>
</testsuite> <!-- com.bitnei.apitest.testcases.openapi.ChargingDataTest -->
