<?xml version="1.0" encoding="UTF-8"?>
<!-- Generated by org.testng.reporters.JUnitReportReporter -->
<testsuite skipped="0" hostname="DESKTOP-Q37MKND" name="com.bitnei.apitest.testcases.openapi.ChargingData" tests="6" failures="0" timestamp="11 九月 2019 07:42:27 GMT" time="23.695" errors="0">
  <testcase name="ChargingDataNormal" time="21.998" classname="com.bitnei.apitest.testcases.openapi.ChargingData"/>
  <testcase name="ChargingDataUpOneDay" time="0.552" classname="com.bitnei.apitest.testcases.openapi.ChargingData"/>
  <testcase name="ChargingDataNo" time="0.390" classname="com.bitnei.apitest.testcases.openapi.ChargingData"/>
  <testcase name="ChargingDataNoFrom" time="0.062" classname="com.bitnei.apitest.testcases.openapi.ChargingData"/>
  <testcase name="ChargingDataWrongTime" time="0.383" classname="com.bitnei.apitest.testcases.openapi.ChargingData"/>
  <testcase name="ChargingDataNoTo" time="0.310" classname="com.bitnei.apitest.testcases.openapi.ChargingData"/>
</testsuite> <!-- com.bitnei.apitest.testcases.openapi.ChargingData -->
