<?xml version="1.0" encoding="UTF-8"?>
<!-- Generated by org.testng.reporters.JUnitReportReporter -->
<testsuite skipped="0" hostname="DESKTOP-Q37MKND" name="com.bitnei.apitest.testcases.saas.UserInfoQuery" tests="1" failures="0" timestamp="15 一月 2020 02:57:19 GMT" time="0.247" errors="1">
  <testcase name="UserInfoQueryData" time="0.247" classname="com.bitnei.apitest.testcases.saas.UserInfoQuery">
    <error type="net.sf.json.JSONException" message="A JSONObject text must begin with &#039;{&#039; at character 0 of ">
      <![CDATA[net.sf.json.JSONException: A JSONObject text must begin with '{' at character 0 of 
at net.sf.json.util.JSONTokener.syntaxError(JSONTokener.java:499)
at net.sf.json.JSONObject._fromJSONTokener(JSONObject.java:972)
at net.sf.json.JSONObject._fromString(JSONObject.java:1201)
at net.sf.json.JSONObject.fromObject(JSONObject.java:165)
at net.sf.json.JSONObject.fromObject(JSONObject.java:134)
at com.bitnei.apitest.testcases.saas.UserInfoQuery.UserInfoQueryData(UserInfoQuery.java:85)
at sun.reflect.NativeMethodAccessorImpl.invoke0(Native Method)
at sun.reflect.NativeMethodAccessorImpl.invoke(NativeMethodAccessorImpl.java:62)
at sun.reflect.DelegatingMethodAccessorImpl.invoke(DelegatingMethodAccessorImpl.java:43)
at java.lang.reflect.Method.invoke(Method.java:498)
at org.testng.internal.MethodInvocationHelper.invokeMethod(MethodInvocationHelper.java:124)
at org.testng.internal.Invoker.invokeMethod(Invoker.java:580)
at org.testng.internal.Invoker.invokeTestMethod(Invoker.java:716)
at org.testng.internal.Invoker.invokeTestMethods(Invoker.java:988)
at org.testng.internal.TestMethodWorker.invokeTestMethods(TestMethodWorker.java:125)
at org.testng.internal.TestMethodWorker.run(TestMethodWorker.java:109)
at java.util.concurrent.ThreadPoolExecutor.runWorker(ThreadPoolExecutor.java:1149)
at java.util.concurrent.ThreadPoolExecutor$Worker.run(ThreadPoolExecutor.java:624)
at java.lang.Thread.run(Thread.java:748)
]]>
    </error>
  </testcase> <!-- UserInfoQueryData -->
</testsuite> <!-- com.bitnei.apitest.testcases.saas.UserInfoQuery -->
