<?xml version="1.0" encoding="UTF-8"?>
<!-- Generated by org.testng.reporters.JUnitReportReporter -->
<testsuite skipped="0" hostname="DESKTOP-Q37MKND" name="com.bitnei.apitest.testcases.datasend.ProtocolUpdate" tests="1" failures="0" timestamp="22 二月 2019 09:55:59 GMT" time="3.796" errors="0">
  <testcase name="ProtocolUpdateData" time="3.796" classname="com.bitnei.apitest.testcases.datasend.ProtocolUpdate"/>
</testsuite> <!-- com.bitnei.apitest.testcases.datasend.ProtocolUpdate -->
