<?xml version="1.0" encoding="UTF-8"?>
<!-- Generated by org.testng.reporters.JUnitReportReporter -->
<testsuite skipped="0" hostname="DESKTOP-Q37MKND" name="com.bitnei.apitest.testcases.bidash.SchemeAdd" tests="3" failures="0" timestamp="22 二月 2019 09:55:59 GMT" time="1.056" errors="0">
  <testcase name="SchemeAddData" time="0.215" classname="com.bitnei.apitest.testcases.bidash.SchemeAdd"/>
  <testcase name="SchemeAddDataRep" time="0.072" classname="com.bitnei.apitest.testcases.bidash.SchemeAdd"/>
  <testcase name="SchemeDeleteData" time="0.769" classname="com.bitnei.apitest.testcases.bidash.SchemeAdd"/>
</testsuite> <!-- com.bitnei.apitest.testcases.bidash.SchemeAdd -->
