<?xml version="1.0" encoding="UTF-8"?>
<!-- Generated by org.testng.reporters.JUnitReportReporter -->
<testsuite skipped="0" hostname="DESKTOP-Q37MKND" name="com.bitnei.apitest.testcases.datasend.ProtocolUpdate" tests="1" failures="0" timestamp="17 九月 2019 08:42:00 GMT" time="2.759" errors="0">
  <testcase name="ProtocolUpdateData" time="2.759" classname="com.bitnei.apitest.testcases.datasend.ProtocolUpdate"/>
</testsuite> <!-- com.bitnei.apitest.testcases.datasend.ProtocolUpdate -->
