<?xml version="1.0" encoding="UTF-8"?>
<!-- Generated by org.testng.reporters.JUnitReportReporter -->
<testsuite skipped="0" hostname="DESKTOP-Q37MKND" name="com.bitnei.apitest.testcases.datasend.VehicleRemove" tests="1" failures="0" timestamp="09 九月 2019 08:15:18 GMT" time="0.633" errors="0">
  <testcase name="VehicleRemoveData" time="0.633" classname="com.bitnei.apitest.testcases.datasend.VehicleRemove"/>
</testsuite> <!-- com.bitnei.apitest.testcases.datasend.VehicleRemove -->
