<?xml version="1.0" encoding="UTF-8"?>
<!-- Generated by org.testng.reporters.JUnitReportReporter -->
<testsuite skipped="0" hostname="DESKTOP-Q37MKND" name="com.bitnei.apitest.testcases.openapi.RunningData" tests="4" failures="0" timestamp="21 一月 2020 02:54:21 GMT" time="4.924" errors="0">
  <testcase name="EnergyConservationNormal" time="4.771" classname="com.bitnei.apitest.testcases.openapi.RunningData"/>
  <testcase name="EnergyConservationInvalidtoken" time="0.034" classname="com.bitnei.apitest.testcases.openapi.RunningData"/>
  <testcase name="EnergyConservationUpScope" time="0.054" classname="com.bitnei.apitest.testcases.openapi.RunningData"/>
  <testcase name="EnergyConservationNolicensePlate" time="0.065" classname="com.bitnei.apitest.testcases.openapi.RunningData"/>
</testsuite> <!-- com.bitnei.apitest.testcases.openapi.RunningData -->
