<?xml version="1.0" encoding="UTF-8"?>
<!-- Generated by org.testng.reporters.JUnitReportReporter -->
<testsuite skipped="0" hostname="DESKTOP-Q37MKND" name="com.bitnei.apitest.testcases.saasv2.GetList" tests="2" failures="0" timestamp="19 五月 2020 01:41:15 GMT" time="1.438" errors="0">
  <testcase name="GetSaasList" time="0.190" classname="com.bitnei.apitest.testcases.saasv2.GetList"/>
  <testcase name="GetSaasList" time="1.248" classname="com.bitnei.apitest.testcases.saasv2.GetList"/>
</testsuite> <!-- com.bitnei.apitest.testcases.saasv2.GetList -->
