<?xml version="1.0" encoding="UTF-8"?>
<!-- Generated by org.testng.reporters.JUnitReportReporter -->
<testsuite skipped="0" hostname="DESKTOP-Q37MKND" name="com.bitnei.apitest.testcases.datasend.ForwardVehicleQuery" tests="2" failures="0" timestamp="28 二月 2019 01:42:24 GMT" time="0.169" errors="0">
  <testcase name="ForwardVehicleByVin" time="0.116" classname="com.bitnei.apitest.testcases.datasend.ForwardVehicleQuery"/>
  <testcase name="ForwardVehicleBylicense" time="0.053" classname="com.bitnei.apitest.testcases.datasend.ForwardVehicleQuery"/>
</testsuite> <!-- com.bitnei.apitest.testcases.datasend.ForwardVehicleQuery -->
