<?xml version="1.0" encoding="UTF-8"?>
<!-- Generated by org.testng.reporters.JUnitReportReporter -->
<testsuite skipped="0" hostname="DESKTOP-Q37MKND" name="com.bitnei.apitest.testcases.saas.PostApiTestParas" tests="1" failures="0" timestamp="16 三月 2020 05:34:03 GMT" time="7.454" errors="0">
  <testcase name="ApiTest" time="7.454" classname="com.bitnei.apitest.testcases.saas.PostApiTestParas"/>
</testsuite> <!-- com.bitnei.apitest.testcases.saas.PostApiTestParas -->
