<?xml version="1.0" encoding="UTF-8"?>
<!-- Generated by org.testng.reporters.JUnitReportReporter -->
<testsuite skipped="0" hostname="DESKTOP-Q37MKND" name="com.bitnei.apitest.testcases.saas.YiQiCardAdd" tests="28" failures="0" timestamp="12 十月 2019 08:38:09 GMT" time="7.499" errors="0">
  <testcase name="CardAddData" time="0.211" classname="com.bitnei.apitest.testcases.saas.YiQiCardAdd"/>
  <testcase name="CardAddData" time="0.189" classname="com.bitnei.apitest.testcases.saas.YiQiCardAdd"/>
  <testcase name="CardAddData" time="0.309" classname="com.bitnei.apitest.testcases.saas.YiQiCardAdd"/>
  <testcase name="CardAddData" time="0.137" classname="com.bitnei.apitest.testcases.saas.YiQiCardAdd"/>
  <testcase name="CardAddData" time="0.187" classname="com.bitnei.apitest.testcases.saas.YiQiCardAdd"/>
  <testcase name="CardAddData" time="0.285" classname="com.bitnei.apitest.testcases.saas.YiQiCardAdd"/>
  <testcase name="CardAddData" time="0.123" classname="com.bitnei.apitest.testcases.saas.YiQiCardAdd"/>
  <testcase name="CardAddData" time="0.150" classname="com.bitnei.apitest.testcases.saas.YiQiCardAdd"/>
  <testcase name="CardAddData" time="0.166" classname="com.bitnei.apitest.testcases.saas.YiQiCardAdd"/>
  <testcase name="CardAddData" time="0.188" classname="com.bitnei.apitest.testcases.saas.YiQiCardAdd"/>
  <testcase name="CardAddData" time="0.198" classname="com.bitnei.apitest.testcases.saas.YiQiCardAdd"/>
  <testcase name="CardAddData" time="0.137" classname="com.bitnei.apitest.testcases.saas.YiQiCardAdd"/>
  <testcase name="CardAddData" time="0.171" classname="com.bitnei.apitest.testcases.saas.YiQiCardAdd"/>
  <testcase name="CardAddData" time="0.292" classname="com.bitnei.apitest.testcases.saas.YiQiCardAdd"/>
  <testcase name="CardAddData" time="0.188" classname="com.bitnei.apitest.testcases.saas.YiQiCardAdd"/>
  <testcase name="CardAddData" time="0.253" classname="com.bitnei.apitest.testcases.saas.YiQiCardAdd"/>
  <testcase name="CardAddData" time="0.166" classname="com.bitnei.apitest.testcases.saas.YiQiCardAdd"/>
  <testcase name="CardAddData" time="0.229" classname="com.bitnei.apitest.testcases.saas.YiQiCardAdd"/>
  <testcase name="CardAddData" time="0.189" classname="com.bitnei.apitest.testcases.saas.YiQiCardAdd"/>
  <testcase name="CardAddData" time="0.202" classname="com.bitnei.apitest.testcases.saas.YiQiCardAdd"/>
  <testcase name="CardAddData" time="0.226" classname="com.bitnei.apitest.testcases.saas.YiQiCardAdd"/>
  <testcase name="CardAddData" time="0.318" classname="com.bitnei.apitest.testcases.saas.YiQiCardAdd"/>
  <testcase name="CardAddData" time="0.245" classname="com.bitnei.apitest.testcases.saas.YiQiCardAdd"/>
  <testcase name="CardAddData" time="0.221" classname="com.bitnei.apitest.testcases.saas.YiQiCardAdd"/>
  <testcase name="CardAddData" time="0.257" classname="com.bitnei.apitest.testcases.saas.YiQiCardAdd"/>
  <testcase name="CardAddData" time="0.231" classname="com.bitnei.apitest.testcases.saas.YiQiCardAdd"/>
  <testcase name="CardAddData" time="1.450" classname="com.bitnei.apitest.testcases.saas.YiQiCardAdd"/>
  <testcase name="CardAddData" time="0.581" classname="com.bitnei.apitest.testcases.saas.YiQiCardAdd"/>
</testsuite> <!-- com.bitnei.apitest.testcases.saas.YiQiCardAdd -->
