<?xml version="1.0" encoding="UTF-8"?>
<!-- Generated by org.testng.reporters.JUnitReportReporter -->
<testsuite skipped="0" hostname="DESKTOP-Q37MKND" name="com.bitnei.apitest.testcases.saas.GetPub" tests="1" failures="0" timestamp="14 一月 2020 03:53:30 GMT" time="1.162" errors="0">
  <testcase name="pub" time="1.162" classname="com.bitnei.apitest.testcases.saas.GetPub"/>
</testsuite> <!-- com.bitnei.apitest.testcases.saas.GetPub -->
