<?xml version="1.0" encoding="UTF-8"?>
<!-- Generated by org.testng.reporters.JUnitReportReporter -->
<testsuite skipped="0" hostname="DESKTOP-Q37MKND" name="com.bitnei.apitest.testcases.datasend.PlatFormDel" tests="1" failures="0" timestamp="20 二月 2019 11:05:50 GMT" time="2.380" errors="0">
  <testcase name="PlatFormDel" time="2.380" classname="com.bitnei.apitest.testcases.datasend.PlatFormDel"/>
</testsuite> <!-- com.bitnei.apitest.testcases.datasend.PlatFormDel -->
