<?xml version="1.0" encoding="UTF-8"?>
<!-- Generated by org.testng.reporters.JUnitReportReporter -->
<testsuite skipped="0" hostname="DESKTOP-Q37MKND" name="com.bitnei.apitest.testcases.openapi.ChargingData" tests="6" failures="0" timestamp="31 十二月 2020 01:16:19 GMT" time="23.728" errors="0">
  <testcase name="ChargingDataNo" time="0.508" classname="com.bitnei.apitest.testcases.openapi.ChargingData"/>
  <testcase name="ChargingDataNoFrom" time="0.082" classname="com.bitnei.apitest.testcases.openapi.ChargingData"/>
  <testcase name="ChargingDataNoTo" time="0.206" classname="com.bitnei.apitest.testcases.openapi.ChargingData"/>
  <testcase name="ChargingDataWrongTime" time="0.189" classname="com.bitnei.apitest.testcases.openapi.ChargingData"/>
  <testcase name="ChargingDataUpOneDay" time="0.464" classname="com.bitnei.apitest.testcases.openapi.ChargingData"/>
  <testcase name="ChargingDataNormal" time="22.279" classname="com.bitnei.apitest.testcases.openapi.ChargingData"/>
</testsuite> <!-- com.bitnei.apitest.testcases.openapi.ChargingData -->
