<?xml version="1.0" encoding="UTF-8"?>
<!-- Generated by org.testng.reporters.JUnitReportReporter -->
<testsuite skipped="0" hostname="DESKTOP-Q37MKND" name="com.bitnei.apitest.testcases.saas.UserInfoQuery" tests="1" failures="0" timestamp="06 一月 2020 02:35:07 GMT" time="0.620" errors="0">
  <testcase name="UserInfoQueryData" time="0.620" classname="com.bitnei.apitest.testcases.saas.UserInfoQuery"/>
</testsuite> <!-- com.bitnei.apitest.testcases.saas.UserInfoQuery -->
