<?xml version="1.0" encoding="UTF-8"?>
<!-- Generated by org.testng.reporters.JUnitReportReporter -->
<testsuite skipped="0" hostname="DESKTOP-Q37MKND" name="com.bitnei.apitest.testcases.saas.GetCookie" tests="1" failures="0" timestamp="12 九月 2019 09:17:04 GMT" time="0.715" errors="0">
  <testcase name="login" time="0.715" classname="com.bitnei.apitest.testcases.saas.GetCookie"/>
</testsuite> <!-- com.bitnei.apitest.testcases.saas.GetCookie -->
