<?xml version="1.0" encoding="UTF-8"?>
<!-- Generated by org.testng.reporters.JUnitReportReporter -->
<testsuite skipped="0" hostname="DESKTOP-Q37MKND" name="com.bitnei.apitest.testcases.datasend.TaskAdd" tests="1" failures="0" timestamp="24 十月 2019 05:38:40 GMT" time="0.679" errors="0">
  <testcase name="TaskAddData" time="0.679" classname="com.bitnei.apitest.testcases.datasend.TaskAdd"/>
</testsuite> <!-- com.bitnei.apitest.testcases.datasend.TaskAdd -->
