<?xml version="1.0" encoding="UTF-8"?>
<!-- Generated by org.testng.reporters.JUnitReportReporter -->
<testsuite skipped="0" hostname="DESKTOP-Q37MKND" name="com.bitnei.apitest.testcases.datasend.GetCookieNew" tests="1" failures="0" timestamp="30 八月 2019 07:58:09 GMT" time="2.046" errors="0">
  <testcase name="login" time="2.046" classname="com.bitnei.apitest.testcases.datasend.GetCookieNew"/>
</testsuite> <!-- com.bitnei.apitest.testcases.datasend.GetCookieNew -->
