<?xml version="1.0" encoding="UTF-8"?>
<!-- Generated by org.testng.reporters.JUnitReportReporter -->
<testsuite skipped="0" hostname="DESKTOP-Q37MKND" name="com.bitnei.apitest.testcases.openapi.ChargingData" tests="6" failures="0" timestamp="29 九月 2020 07:17:56 GMT" time="25.419" errors="0">
  <testcase name="ChargingDataNoTo" time="0.077" classname="com.bitnei.apitest.testcases.openapi.ChargingData"/>
  <testcase name="ChargingDataNoFrom" time="0.233" classname="com.bitnei.apitest.testcases.openapi.ChargingData"/>
  <testcase name="ChargingDataUpOneDay" time="0.348" classname="com.bitnei.apitest.testcases.openapi.ChargingData"/>
  <testcase name="ChargingDataWrongTime" time="1.341" classname="com.bitnei.apitest.testcases.openapi.ChargingData"/>
  <testcase name="ChargingDataNo" time="0.641" classname="com.bitnei.apitest.testcases.openapi.ChargingData"/>
  <testcase name="ChargingDataNormal" time="22.779" classname="com.bitnei.apitest.testcases.openapi.ChargingData"/>
</testsuite> <!-- com.bitnei.apitest.testcases.openapi.ChargingData -->
