<?xml version="1.0" encoding="UTF-8"?>
<!-- Generated by org.testng.reporters.JUnitReportReporter -->
<testsuite skipped="0" hostname="DESKTOP-Q37MKND" name="com.bitnei.apitest.webtestcases.saas.SaasLogin" tests="1" failures="0" timestamp="14 一月 2020 11:26:34 GMT" time="17.367" errors="0">
  <testcase name="LoginSucsess" time="17.367" classname="com.bitnei.apitest.webtestcases.saas.SaasLogin"/>
</testsuite> <!-- com.bitnei.apitest.webtestcases.saas.SaasLogin -->
