<?xml version="1.0" encoding="UTF-8"?>
<!-- Generated by org.testng.reporters.JUnitReportReporter -->
<testsuite skipped="0" hostname="DESKTOP-Q37MKND" name="com.bitnei.apitest.testcases.openapi.ChargingDataTest" tests="7" failures="0" timestamp="09 九月 2019 07:06:05 GMT" time="41.912" errors="0">
  <testcase name="ChargingDataNormal" time="0.068" classname="com.bitnei.apitest.testcases.openapi.ChargingDataTest"/>
  <testcase name="ChargingDataNormal" time="0.069" classname="com.bitnei.apitest.testcases.openapi.ChargingDataTest"/>
  <testcase name="ChargingDataNormal" time="19.967" classname="com.bitnei.apitest.testcases.openapi.ChargingDataTest"/>
  <testcase name="ChargingDataNormal" time="0.185" classname="com.bitnei.apitest.testcases.openapi.ChargingDataTest"/>
  <testcase name="ChargingDataNormal" time="0.475" classname="com.bitnei.apitest.testcases.openapi.ChargingDataTest"/>
  <testcase name="ChargingDataNormal" time="0.074" classname="com.bitnei.apitest.testcases.openapi.ChargingDataTest"/>
  <testcase name="ChargingDataNormal" time="21.074" classname="com.bitnei.apitest.testcases.openapi.ChargingDataTest"/>
</testsuite> <!-- com.bitnei.apitest.testcases.openapi.ChargingDataTest -->
