<?xml version="1.0" encoding="UTF-8"?>
<!-- Generated by org.testng.reporters.JUnitReportReporter -->
<testsuite skipped="0" hostname="DESKTOP-Q37MKND" name="com.bitnei.apitest.testcases.datasend.ProtocolDelete" tests="1" failures="0" timestamp="16 二月 2019 08:00:59 GMT" time="0.463" errors="0">
  <testcase name="ProtocolDeleteData" time="0.463" classname="com.bitnei.apitest.testcases.datasend.ProtocolDelete"/>
</testsuite> <!-- com.bitnei.apitest.testcases.datasend.ProtocolDelete -->
