<?xml version="1.0" encoding="UTF-8"?>
<!-- Generated by org.testng.reporters.JUnitReportReporter -->
<testsuite skipped="0" hostname="DESKTOP-Q37MKND" name="com.bitnei.apitest.testcases.EvDetail" tests="1" failures="0" timestamp="17 一月 2019 10:41:52 GMT" time="1.212" errors="0">
  <testcase name="getVehCountPerMonitorPlatformStatus" time="1.212" classname="com.bitnei.apitest.testcases.EvDetail"/>
</testsuite> <!-- com.bitnei.apitest.testcases.EvDetail -->
