<?xml version="1.0" encoding="UTF-8"?>
<!-- Generated by org.testng.reporters.JUnitReportReporter -->
<testsuite skipped="0" hostname="DESKTOP-Q37MKND" name="com.bitnei.apitest.testcases.datasend.ProtocolDelete" tests="1" failures="0" timestamp="02 九月 2019 03:41:22 GMT" time="3.026" errors="0">
  <testcase name="ProtocolDeleteData" time="3.026" classname="com.bitnei.apitest.testcases.datasend.ProtocolDelete"/>
</testsuite> <!-- com.bitnei.apitest.testcases.datasend.ProtocolDelete -->
