<?xml version="1.0" encoding="UTF-8"?>
<!-- Generated by org.testng.reporters.JUnitReportReporter -->
<testsuite skipped="0" hostname="DESKTOP-Q37MKND" name="com.bitnei.apitest.webtestcases.saas.UserManage" tests="6" failures="0" timestamp="12 三月 2019 10:44:11 GMT" time="11.732" errors="0">
  <testcase name="LoginToUser" time="10.718" classname="com.bitnei.apitest.webtestcases.saas.UserManage"/>
  <testcase name="UserOpen" time="0.141" classname="com.bitnei.apitest.webtestcases.saas.UserManage"/>
  <testcase name="UserQueryByEmail" time="0.398" classname="com.bitnei.apitest.webtestcases.saas.UserManage"/>
  <testcase name="UserDetail" time="0.155" classname="com.bitnei.apitest.webtestcases.saas.UserManage"/>
  <testcase name="GourpQuery" time="0.165" classname="com.bitnei.apitest.webtestcases.saas.UserManage"/>
  <testcase name="PermissionQuery" time="0.155" classname="com.bitnei.apitest.webtestcases.saas.UserManage"/>
</testsuite> <!-- com.bitnei.apitest.webtestcases.saas.UserManage -->
