<?xml version="1.0" encoding="UTF-8"?>
<!-- Generated by org.testng.reporters.JUnitReportReporter -->
<testsuite skipped="0" hostname="DESKTOP-Q37MKND" name="com.bitnei.apitest.testcases.datasend.VehicleRemove" tests="1" failures="0" timestamp="05 九月 2019 08:19:50 GMT" time="1.035" errors="0">
  <testcase name="VehicleRemoveData" time="1.035" classname="com.bitnei.apitest.testcases.datasend.VehicleRemove"/>
</testsuite> <!-- com.bitnei.apitest.testcases.datasend.VehicleRemove -->
