<?xml version="1.0" encoding="UTF-8"?>
<!-- Generated by org.testng.reporters.JUnitReportReporter -->
<testsuite skipped="0" hostname="DESKTOP-Q37MKND" name="com.bitnei.apitest.testcases.saas.GetGeodeCookie" tests="1" failures="0" timestamp="09 一月 2020 08:28:18 GMT" time="0.188" errors="0">
  <testcase name="login" time="0.188" classname="com.bitnei.apitest.testcases.saas.GetGeodeCookie"/>
</testsuite> <!-- com.bitnei.apitest.testcases.saas.GetGeodeCookie -->
