<?xml version="1.0" encoding="UTF-8"?>
<!-- Generated by org.testng.reporters.JUnitReportReporter -->
<testsuite skipped="0" hostname="DESKTOP-Q37MKND" name="com.bitnei.apitest.webtestcases.saas.SaasLogin" tests="5" failures="0" timestamp="25 三月 2019 09:22:27 GMT" time="59.223" errors="0">
  <testcase name="Login" time="14.857" classname="com.bitnei.apitest.webtestcases.saas.SaasLogin"/>
  <testcase name="LoginNoName" time="10.125" classname="com.bitnei.apitest.webtestcases.saas.SaasLogin"/>
  <testcase name="LoginNoPassWord" time="9.190" classname="com.bitnei.apitest.webtestcases.saas.SaasLogin"/>
  <testcase name="LoginFaild" time="11.330" classname="com.bitnei.apitest.webtestcases.saas.SaasLogin"/>
  <testcase name="LoginSucsess" time="13.721" classname="com.bitnei.apitest.webtestcases.saas.SaasLogin"/>
</testsuite> <!-- com.bitnei.apitest.webtestcases.saas.SaasLogin -->
