<?xml version="1.0" encoding="UTF-8"?>
<!-- Generated by org.testng.reporters.JUnitReportReporter -->
<testsuite skipped="0" hostname="DESKTOP-Q37MKND" name="com.bitnei.apitest.webtestcases.saas.SaasLogin" tests="5" failures="0" timestamp="28 八月 2019 09:36:23 GMT" time="62.625" errors="1">
  <testcase name="LoginSucsess" time="23.503" classname="com.bitnei.apitest.webtestcases.saas.SaasLogin">
    <error type="org.openqa.selenium.TimeoutException" message="Expected condition failed: waiting for visibility of element located by By.xpath: /html/body/app/changan-layout/div/header/nav/div[1]/a[2] (tried for 10 second(s) with 500 MILLISECONDS interval)">
      <![CDATA[org.openqa.selenium.TimeoutException: Expected condition failed: waiting for visibility of element located by By.xpath: /html/body/app/changan-layout/div/header/nav/div[1]/a[2] (tried for 10 second(s) with 500 MILLISECONDS interval)
at org.openqa.selenium.support.ui.WebDriverWait.timeoutException(WebDriverWait.java:80)
at org.openqa.selenium.support.ui.FluentWait.until(FluentWait.java:232)
at com.bitnei.apitest.webtestcases.saas.SaasLogin.LoginSucsess(SaasLogin.java:98)
at sun.reflect.NativeMethodAccessorImpl.invoke0(Native Method)
at sun.reflect.NativeMethodAccessorImpl.invoke(Unknown Source)
at sun.reflect.DelegatingMethodAccessorImpl.invoke(Unknown Source)
at java.lang.reflect.Method.invoke(Unknown Source)
at org.testng.internal.MethodInvocationHelper.invokeMethod(MethodInvocationHelper.java:124)
at org.testng.internal.Invoker.invokeMethod(Invoker.java:580)
at org.testng.internal.Invoker.invokeTestMethod(Invoker.java:716)
at org.testng.internal.Invoker.invokeTestMethods(Invoker.java:988)
at org.testng.internal.TestMethodWorker.invokeTestMethods(TestMethodWorker.java:125)
at org.testng.internal.TestMethodWorker.run(TestMethodWorker.java:109)
at org.testng.TestRunner.privateRun(TestRunner.java:648)
at org.testng.TestRunner.run(TestRunner.java:505)
at org.testng.SuiteRunner.runTest(SuiteRunner.java:455)
at org.testng.SuiteRunner.runSequentially(SuiteRunner.java:450)
at org.testng.SuiteRunner.privateRun(SuiteRunner.java:415)
at org.testng.SuiteRunner.run(SuiteRunner.java:364)
at org.testng.SuiteRunnerWorker.runSuite(SuiteRunnerWorker.java:52)
at org.testng.SuiteRunnerWorker.run(SuiteRunnerWorker.java:84)
at org.testng.TestNG.runSuitesSequentially(TestNG.java:1208)
at org.testng.TestNG.runSuitesLocally(TestNG.java:1137)
at org.testng.TestNG.runSuites(TestNG.java:1049)
at org.testng.TestNG.run(TestNG.java:1017)
at org.testng.remote.AbstractRemoteTestNG.run(AbstractRemoteTestNG.java:114)
at org.testng.remote.RemoteTestNG.initAndRun(RemoteTestNG.java:251)
at org.testng.remote.RemoteTestNG.main(RemoteTestNG.java:77)
Caused by: org.openqa.selenium.NoSuchElementException: Cannot locate an element using By.xpath: /html/body/app/changan-layout/div/header/nav/div[1]/a[2]
For documentation on this error, please visit: http://seleniumhq.org/exceptions/no_such_element.html
Build info: version: '3.4.0', revision: 'unknown', time: 'unknown'
System info: host: 'DESKTOP-Q37MKND', ip: '192.168.21.104', os.name: 'Windows 10', os.arch: 'amd64', os.version: '10.0', java.version: '1.8.0_191'
Driver info: driver.version: unknown
at org.openqa.selenium.support.ui.ExpectedConditions.lambda$findElement$0(ExpectedConditions.java:883)
at java.util.Optional.orElseThrow(Unknown Source)
at org.openqa.selenium.support.ui.ExpectedConditions.findElement(ExpectedConditions.java:882)
at org.openqa.selenium.support.ui.ExpectedConditions.access$000(ExpectedConditions.java:44)
at org.openqa.selenium.support.ui.ExpectedConditions$7.apply(ExpectedConditions.java:206)
at org.openqa.selenium.support.ui.ExpectedConditions$7.apply(ExpectedConditions.java:202)
at org.openqa.selenium.support.ui.FluentWait.until(FluentWait.java:209)
... 26 more
]]>
    </error>
  </testcase> <!-- LoginSucsess -->
  <testcase name="LoginNoName" time="9.725" classname="com.bitnei.apitest.webtestcases.saas.SaasLogin"/>
  <testcase name="Login" time="10.658" classname="com.bitnei.apitest.webtestcases.saas.SaasLogin"/>
  <testcase name="LoginFaild" time="10.920" classname="com.bitnei.apitest.webtestcases.saas.SaasLogin"/>
  <testcase name="LoginNoPassWord" time="7.819" classname="com.bitnei.apitest.webtestcases.saas.SaasLogin"/>
</testsuite> <!-- com.bitnei.apitest.webtestcases.saas.SaasLogin -->
