<?xml version="1.0" encoding="UTF-8"?>
<!-- Generated by org.testng.reporters.JUnitReportReporter -->
<testsuite skipped="1" hostname="DESKTOP-Q37MKND" name="com.bitnei.apitest.testcases.saas.PostApiTestParas" tests="1" failures="0" timestamp="10 八月 2020 02:38:47 GMT" time="0.000" errors="0">
  <testcase name="ApiTest" time="0.000" classname="com.bitnei.apitest.testcases.saas.PostApiTestParas">
    <skipped/>
  </testcase> <!-- ApiTest -->
</testsuite> <!-- com.bitnei.apitest.testcases.saas.PostApiTestParas -->
