<?xml version="1.0" encoding="UTF-8"?>
<!-- Generated by org.testng.reporters.JUnitReportReporter -->
<testsuite skipped="0" hostname="DESKTOP-Q37MKND" name="com.bitnei.apitest.testcases.openapi.RunningData" tests="4" failures="0" timestamp="05 十二月 2019 09:24:10 GMT" time="19.349" errors="0">
  <testcase name="EnergyConservationInvalidtoken" time="0.037" classname="com.bitnei.apitest.testcases.openapi.RunningData"/>
  <testcase name="EnergyConservationNormal" time="19.056" classname="com.bitnei.apitest.testcases.openapi.RunningData"/>
  <testcase name="EnergyConservationNolicensePlate" time="0.050" classname="com.bitnei.apitest.testcases.openapi.RunningData"/>
  <testcase name="EnergyConservationUpScope" time="0.206" classname="com.bitnei.apitest.testcases.openapi.RunningData"/>
</testsuite> <!-- com.bitnei.apitest.testcases.openapi.RunningData -->
