<?xml version="1.0" encoding="UTF-8"?>
<!-- Generated by org.testng.reporters.JUnitReportReporter -->
<testsuite skipped="0" hostname="DESKTOP-Q37MKND" name="com.bitnei.apitest.testcases.UserLogin" tests="1" failures="0" timestamp="30 十二月 2018 03:02:09 GMT" time="0.173" errors="0">
  <testcase name="login" time="0.173" classname="com.bitnei.apitest.testcases.UserLogin"/>
</testsuite> <!-- com.bitnei.apitest.testcases.UserLogin -->
