<?xml version="1.0" encoding="UTF-8"?>
<!-- Generated by org.testng.reporters.JUnitReportReporter -->
<testsuite skipped="0" hostname="DESKTOP-Q37MKND" name="com.bitnei.apitest.testcases.saas.UserInforRgisterByExcel" tests="18" failures="0" timestamp="05 三月 2020 09:43:21 GMT" time="11.413" errors="0">
  <testcase name="UserInfoRgisterData" time="0.242" classname="com.bitnei.apitest.testcases.saas.UserInforRgisterByExcel"/>
  <testcase name="UserInfoRgisterData" time="0.366" classname="com.bitnei.apitest.testcases.saas.UserInforRgisterByExcel"/>
  <testcase name="UserInfoRgisterData" time="4.794" classname="com.bitnei.apitest.testcases.saas.UserInforRgisterByExcel"/>
  <testcase name="UserInfoRgisterData" time="2.305" classname="com.bitnei.apitest.testcases.saas.UserInforRgisterByExcel"/>
  <testcase name="UserInfoRgisterData" time="0.153" classname="com.bitnei.apitest.testcases.saas.UserInforRgisterByExcel"/>
  <testcase name="UserInfoRgisterData" time="0.185" classname="com.bitnei.apitest.testcases.saas.UserInforRgisterByExcel"/>
  <testcase name="UserInfoRgisterData" time="0.355" classname="com.bitnei.apitest.testcases.saas.UserInforRgisterByExcel"/>
  <testcase name="UserInfoRgisterData" time="0.260" classname="com.bitnei.apitest.testcases.saas.UserInforRgisterByExcel"/>
  <testcase name="UserInfoRgisterData" time="0.133" classname="com.bitnei.apitest.testcases.saas.UserInforRgisterByExcel"/>
  <testcase name="UserInfoRgisterData" time="0.180" classname="com.bitnei.apitest.testcases.saas.UserInforRgisterByExcel"/>
  <testcase name="UserInfoRgisterData" time="0.760" classname="com.bitnei.apitest.testcases.saas.UserInforRgisterByExcel"/>
  <testcase name="UserInfoRgisterData" time="0.114" classname="com.bitnei.apitest.testcases.saas.UserInforRgisterByExcel"/>
  <testcase name="UserInfoRgisterData" time="0.143" classname="com.bitnei.apitest.testcases.saas.UserInforRgisterByExcel"/>
  <testcase name="UserInfoRgisterData" time="0.618" classname="com.bitnei.apitest.testcases.saas.UserInforRgisterByExcel"/>
  <testcase name="UserInfoRgisterData" time="0.220" classname="com.bitnei.apitest.testcases.saas.UserInforRgisterByExcel"/>
  <testcase name="UserInfoRgisterData" time="0.123" classname="com.bitnei.apitest.testcases.saas.UserInforRgisterByExcel"/>
  <testcase name="UserInfoRgisterData" time="0.085" classname="com.bitnei.apitest.testcases.saas.UserInforRgisterByExcel"/>
  <testcase name="UserInfoRgisterData" time="0.377" classname="com.bitnei.apitest.testcases.saas.UserInforRgisterByExcel"/>
</testsuite> <!-- com.bitnei.apitest.testcases.saas.UserInforRgisterByExcel -->
