<?xml version="1.0" encoding="UTF-8"?>
<!-- Generated by org.testng.reporters.JUnitReportReporter -->
<testsuite skipped="0" hostname="DESKTOP-Q37MKND" name="com.bitnei.apitest.testcases.openapi.ChargingDataTest" tests="7" failures="0" timestamp="11 九月 2019 01:54:55 GMT" time="39.144" errors="0">
  <testcase name="ChargingDataNormal" time="0.195" classname="com.bitnei.apitest.testcases.openapi.ChargingDataTest"/>
  <testcase name="ChargingDataNormal" time="0.034" classname="com.bitnei.apitest.testcases.openapi.ChargingDataTest"/>
  <testcase name="ChargingDataNormal" time="19.579" classname="com.bitnei.apitest.testcases.openapi.ChargingDataTest"/>
  <testcase name="ChargingDataNormal" time="0.039" classname="com.bitnei.apitest.testcases.openapi.ChargingDataTest"/>
  <testcase name="ChargingDataNormal" time="0.461" classname="com.bitnei.apitest.testcases.openapi.ChargingDataTest"/>
  <testcase name="ChargingDataNormal" time="0.058" classname="com.bitnei.apitest.testcases.openapi.ChargingDataTest"/>
  <testcase name="ChargingDataNormal" time="18.778" classname="com.bitnei.apitest.testcases.openapi.ChargingDataTest"/>
</testsuite> <!-- com.bitnei.apitest.testcases.openapi.ChargingDataTest -->
