<?xml version="1.0" encoding="UTF-8"?>
<!-- Generated by org.testng.reporters.JUnitReportReporter -->
<testsuite skipped="0" hostname="DESKTOP-Q37MKND" name="com.bitnei.apitest.testcases.openapi.ChargingData" tests="6" failures="0" timestamp="05 十二月 2019 09:24:10 GMT" time="20.262" errors="0">
  <testcase name="ChargingDataNoTo" time="0.082" classname="com.bitnei.apitest.testcases.openapi.ChargingData"/>
  <testcase name="ChargingDataWrongTime" time="0.394" classname="com.bitnei.apitest.testcases.openapi.ChargingData"/>
  <testcase name="ChargingDataNo" time="0.558" classname="com.bitnei.apitest.testcases.openapi.ChargingData"/>
  <testcase name="ChargingDataNormal" time="18.796" classname="com.bitnei.apitest.testcases.openapi.ChargingData"/>
  <testcase name="ChargingDataUpOneDay" time="0.228" classname="com.bitnei.apitest.testcases.openapi.ChargingData"/>
  <testcase name="ChargingDataNoFrom" time="0.204" classname="com.bitnei.apitest.testcases.openapi.ChargingData"/>
</testsuite> <!-- com.bitnei.apitest.testcases.openapi.ChargingData -->
