<?xml version="1.0" encoding="UTF-8"?>
<!-- Generated by org.testng.reporters.JUnitReportReporter -->
<testsuite skipped="0" hostname="DESKTOP-Q37MKND" name="com.bitnei.apitest.testcases.saas.UserInforRgisterByExcel" tests="18" failures="2" timestamp="11 二月 2020 08:25:51 GMT" time="10.792" errors="0">
  <testcase name="UserInfoRgisterData" time="0.207" classname="com.bitnei.apitest.testcases.saas.UserInforRgisterByExcel"/>
  <testcase name="UserInfoRgisterData" time="0.312" classname="com.bitnei.apitest.testcases.saas.UserInforRgisterByExcel"/>
  <testcase name="UserInfoRgisterData" time="0.510" classname="com.bitnei.apitest.testcases.saas.UserInforRgisterByExcel">
    <failure type="java.lang.AssertionError" message="expected [{}] but found [{&quot;Length&quot;:{&quot;actualLenth&quot;:0,&quot;expectLenth&quot;:1}}]">
      <![CDATA[java.lang.AssertionError: expected [{}] but found [{"Length":{"actualLenth":0,"expectLenth":1}}]
at org.testng.Assert.fail(Assert.java:96)
at org.testng.Assert.failNotEquals(Assert.java:776)
at org.testng.Assert.assertEqualsImpl(Assert.java:137)
at org.testng.Assert.assertEquals(Assert.java:118)
at org.testng.Assert.assertEquals(Assert.java:453)
at org.testng.Assert.assertEquals(Assert.java:463)
at com.bitnei.apitest.testcases.saas.UserInforRgisterByExcel.UserInfoRgisterData(UserInforRgisterByExcel.java:70)
at sun.reflect.NativeMethodAccessorImpl.invoke0(Native Method)
at sun.reflect.NativeMethodAccessorImpl.invoke(NativeMethodAccessorImpl.java:62)
at sun.reflect.DelegatingMethodAccessorImpl.invoke(DelegatingMethodAccessorImpl.java:43)
at java.lang.reflect.Method.invoke(Method.java:498)
at org.testng.internal.MethodInvocationHelper.invokeMethod(MethodInvocationHelper.java:124)
at org.testng.internal.Invoker.invokeMethod(Invoker.java:580)
at org.testng.internal.Invoker.invokeTestMethod(Invoker.java:716)
at org.testng.internal.Invoker.invokeTestMethods(Invoker.java:988)
at org.testng.internal.TestMethodWorker.invokeTestMethods(TestMethodWorker.java:125)
at org.testng.internal.TestMethodWorker.run(TestMethodWorker.java:109)
at java.util.concurrent.ThreadPoolExecutor.runWorker(ThreadPoolExecutor.java:1149)
at java.util.concurrent.ThreadPoolExecutor$Worker.run(ThreadPoolExecutor.java:624)
at java.lang.Thread.run(Thread.java:748)
]]>
    </failure>
  </testcase> <!-- UserInfoRgisterData -->
  <testcase name="UserInfoRgisterData" time="0.366" classname="com.bitnei.apitest.testcases.saas.UserInforRgisterByExcel"/>
  <testcase name="UserInfoRgisterData" time="0.274" classname="com.bitnei.apitest.testcases.saas.UserInforRgisterByExcel"/>
  <testcase name="UserInfoRgisterData" time="0.253" classname="com.bitnei.apitest.testcases.saas.UserInforRgisterByExcel"/>
  <testcase name="UserInfoRgisterData" time="0.118" classname="com.bitnei.apitest.testcases.saas.UserInforRgisterByExcel"/>
  <testcase name="UserInfoRgisterData" time="0.250" classname="com.bitnei.apitest.testcases.saas.UserInforRgisterByExcel"/>
  <testcase name="UserInfoRgisterData" time="0.155" classname="com.bitnei.apitest.testcases.saas.UserInforRgisterByExcel"/>
  <testcase name="UserInfoRgisterData" time="0.135" classname="com.bitnei.apitest.testcases.saas.UserInforRgisterByExcel"/>
  <testcase name="UserInfoRgisterData" time="0.369" classname="com.bitnei.apitest.testcases.saas.UserInforRgisterByExcel"/>
  <testcase name="UserInfoRgisterData" time="0.525" classname="com.bitnei.apitest.testcases.saas.UserInforRgisterByExcel"/>
  <testcase name="UserInfoRgisterData" time="4.320" classname="com.bitnei.apitest.testcases.saas.UserInforRgisterByExcel"/>
  <testcase name="UserInfoRgisterData" time="0.124" classname="com.bitnei.apitest.testcases.saas.UserInforRgisterByExcel"/>
  <testcase name="UserInfoRgisterData" time="0.298" classname="com.bitnei.apitest.testcases.saas.UserInforRgisterByExcel"/>
  <testcase name="UserInfoRgisterData" time="2.122" classname="com.bitnei.apitest.testcases.saas.UserInforRgisterByExcel">
    <failure type="java.lang.AssertionError" message="expected [{}] but found [{&quot;avg_end_soc&quot;:{&quot;currentValue is &quot;:78,&quot;expectedValue is&quot;:77},&quot;avg_charge_time_length&quot;:{&quot;currentValue is &quot;:&quot;1h0min&quot;,&quot;expectedValue is&quot;:77,&quot;expectedValue is &quot;:&quot;0h54min&quot;},&quot;half_price_times&quot;:{&quot;currentValue is &quot;:78,&quot;expectedValue is&quot;:79,&quot;expectedValue is &quot;:&quot;0h54min&quot;},&quot;city_percent&quot;:{&quot;currentValue is &quot;:&quot;昆明市:31_北京市:28_其他:41&quot;,&quot;expectedValue is&quot;:79,&quot;expectedValue is &quot;:&quot;昆明市:31_北京市:27_其他:42&quot;},&quot;cars_nu&quot;:{&quot;currentValue is &quot;:3541,&quot;expectedValue is&quot;:3517,&quot;expectedValue is &quot;:&quot;昆明市:31_北京市:27_其他:42&quot;},&quot;dict_percent&quot;:{&quot;currentValue is &quot;:&quot;公务乘用车:71_出租乘用车:26_其他:3&quot;,&quot;expectedValue is&quot;:3517,&quot;expectedValue is &quot;:&quot;公务乘用车:72_出租乘用车:26_其他:2&quot;}}]">
      <![CDATA[java.lang.AssertionError: expected [{}] but found [{"avg_end_soc":{"currentValue is ":78,"expectedValue is":77},"avg_charge_time_length":{"currentValue is ":"1h0min","expectedValue is":77,"expectedValue is ":"0h54min"},"half_price_times":{"currentValue is ":78,"expectedValue is":79,"expectedValue is ":"0h54min"},"city_percent":{"currentValue is ":"昆明市:31_北京市:28_其他:41","expectedValue is":79,"expectedValue is ":"昆明市:31_北京市:27_其他:42"},"cars_nu":{"currentValue is ":3541,"expectedValue is":3517,"expectedValue is ":"昆明市:31_北京市:27_其他:42"},"dict_percent":{"currentValue is ":"公务乘用车:71_出租乘用车:26_其他:3","expectedValue is":3517,"expectedValue is ":"公务乘用车:72_出租乘用车:26_其他:2"}}]
at org.testng.Assert.fail(Assert.java:96)
at org.testng.Assert.failNotEquals(Assert.java:776)
at org.testng.Assert.assertEqualsImpl(Assert.java:137)
at org.testng.Assert.assertEquals(Assert.java:118)
at org.testng.Assert.assertEquals(Assert.java:453)
at org.testng.Assert.assertEquals(Assert.java:463)
at com.bitnei.apitest.testcases.saas.UserInforRgisterByExcel.UserInfoRgisterData(UserInforRgisterByExcel.java:70)
at sun.reflect.NativeMethodAccessorImpl.invoke0(Native Method)
at sun.reflect.NativeMethodAccessorImpl.invoke(NativeMethodAccessorImpl.java:62)
at sun.reflect.DelegatingMethodAccessorImpl.invoke(DelegatingMethodAccessorImpl.java:43)
at java.lang.reflect.Method.invoke(Method.java:498)
at org.testng.internal.MethodInvocationHelper.invokeMethod(MethodInvocationHelper.java:124)
at org.testng.internal.Invoker.invokeMethod(Invoker.java:580)
at org.testng.internal.Invoker.invokeTestMethod(Invoker.java:716)
at org.testng.internal.Invoker.invokeTestMethods(Invoker.java:988)
at org.testng.internal.TestMethodWorker.invokeTestMethods(TestMethodWorker.java:125)
at org.testng.internal.TestMethodWorker.run(TestMethodWorker.java:109)
at java.util.concurrent.ThreadPoolExecutor.runWorker(ThreadPoolExecutor.java:1149)
at java.util.concurrent.ThreadPoolExecutor$Worker.run(ThreadPoolExecutor.java:624)
at java.lang.Thread.run(Thread.java:748)
]]>
    </failure>
  </testcase> <!-- UserInfoRgisterData -->
  <testcase name="UserInfoRgisterData" time="0.212" classname="com.bitnei.apitest.testcases.saas.UserInforRgisterByExcel"/>
  <testcase name="UserInfoRgisterData" time="0.242" classname="com.bitnei.apitest.testcases.saas.UserInforRgisterByExcel"/>
</testsuite> <!-- com.bitnei.apitest.testcases.saas.UserInforRgisterByExcel -->
