<?xml version="1.0" encoding="UTF-8"?>
<!-- Generated by org.testng.reporters.JUnitReportReporter -->
<testsuite skipped="0" hostname="DESKTOP-Q37MKND" name="com.bitnei.apitest.testcases.bidash.SchemeAdd" tests="3" failures="0" timestamp="26 三月 2019 05:46:12 GMT" time="6.467" errors="0">
  <testcase name="SchemeAddData" time="0.926" classname="com.bitnei.apitest.testcases.bidash.SchemeAdd"/>
  <testcase name="SchemeAddDataRep" time="0.343" classname="com.bitnei.apitest.testcases.bidash.SchemeAdd"/>
  <testcase name="SchemeDeleteData" time="5.198" classname="com.bitnei.apitest.testcases.bidash.SchemeAdd"/>
</testsuite> <!-- com.bitnei.apitest.testcases.bidash.SchemeAdd -->
