<?xml version="1.0" encoding="UTF-8"?>
<!-- Generated by org.testng.reporters.JUnitReportReporter -->
<testsuite skipped="0" hostname="DESKTOP-Q37MKND" name="com.bitnei.apitest.webtestcases.saas.SaasLogin" tests="5" failures="0" timestamp="15 三月 2019 07:59:52 GMT" time="48.756" errors="0">
  <testcase name="LoginSucsess" time="13.273" classname="com.bitnei.apitest.webtestcases.saas.SaasLogin"/>
  <testcase name="LoginNoPassWord" time="8.214" classname="com.bitnei.apitest.webtestcases.saas.SaasLogin"/>
  <testcase name="LoginFaild" time="8.352" classname="com.bitnei.apitest.webtestcases.saas.SaasLogin"/>
  <testcase name="LoginNoName" time="8.791" classname="com.bitnei.apitest.webtestcases.saas.SaasLogin"/>
  <testcase name="Login" time="10.126" classname="com.bitnei.apitest.webtestcases.saas.SaasLogin"/>
</testsuite> <!-- com.bitnei.apitest.webtestcases.saas.SaasLogin -->
