<?xml version="1.0" encoding="UTF-8"?>
<!-- Generated by org.testng.reporters.JUnitReportReporter -->
<testsuite skipped="0" hostname="DESKTOP-Q37MKND" name="com.bitnei.selenium.testcase.SaasLoginTest" tests="4" failures="0" timestamp="19 一月 2021 09:55:16 GMT" time="55.438" errors="0">
  <testcase name="LoginFaild" time="14.509" classname="com.bitnei.selenium.testcase.SaasLoginTest"/>
  <testcase name="LoginFaild" time="13.601" classname="com.bitnei.selenium.testcase.SaasLoginTest"/>
  <testcase name="LoginFaild" time="14.463" classname="com.bitnei.selenium.testcase.SaasLoginTest"/>
  <testcase name="LoginFaild" time="12.865" classname="com.bitnei.selenium.testcase.SaasLoginTest"/>
</testsuite> <!-- com.bitnei.selenium.testcase.SaasLoginTest -->
