<?xml version="1.0" encoding="UTF-8"?>
<!-- Generated by org.testng.reporters.JUnitReportReporter -->
<testsuite skipped="0" hostname="DESKTOP-Q37MKND" name="com.bitnei.apitest.webtestcases.saas.UserManage" tests="6" failures="0" timestamp="16 三月 2019 03:22:42 GMT" time="19.233" errors="0">
  <testcase name="LoginToUser" time="18.104" classname="com.bitnei.apitest.webtestcases.saas.UserManage"/>
  <testcase name="UserOpen" time="0.163" classname="com.bitnei.apitest.webtestcases.saas.UserManage"/>
  <testcase name="UserQueryByEmail" time="0.407" classname="com.bitnei.apitest.webtestcases.saas.UserManage"/>
  <testcase name="UserDetail" time="0.207" classname="com.bitnei.apitest.webtestcases.saas.UserManage"/>
  <testcase name="GourpQuery" time="0.149" classname="com.bitnei.apitest.webtestcases.saas.UserManage"/>
  <testcase name="PermissionQuery" time="0.203" classname="com.bitnei.apitest.webtestcases.saas.UserManage"/>
</testsuite> <!-- com.bitnei.apitest.webtestcases.saas.UserManage -->
