<?xml version="1.0" encoding="UTF-8"?>
<!-- Generated by org.testng.reporters.JUnitReportReporter -->
<testsuite skipped="0" hostname="DESKTOP-Q37MKND" name="com.bitnei.apitest.testcases.GetCookie" tests="1" failures="0" timestamp="25 二月 2019 09:04:58 GMT" time="0.979" errors="0">
  <testcase name="login" time="0.979" classname="com.bitnei.apitest.testcases.GetCookie"/>
</testsuite> <!-- com.bitnei.apitest.testcases.GetCookie -->
