<?xml version="1.0" encoding="UTF-8"?>
<!-- Generated by org.testng.reporters.JUnitReportReporter -->
<testsuite skipped="0" hostname="DESKTOP-Q37MKND" name="com.bitnei.apitest.testcases.datasend.ForwardVehicleRemoveVehicle" tests="1" failures="0" timestamp="12 三月 2019 10:44:11 GMT" time="0.089" errors="0">
  <testcase name="ForwardVehicleRemoveVehicles" time="0.089" classname="com.bitnei.apitest.testcases.datasend.ForwardVehicleRemoveVehicle"/>
</testsuite> <!-- com.bitnei.apitest.testcases.datasend.ForwardVehicleRemoveVehicle -->
