<?xml version="1.0" encoding="UTF-8"?>
<!-- Generated by org.testng.reporters.JUnitReportReporter -->
<testsuite skipped="0" hostname="DESKTOP-Q37MKND" name="com.bitnei.apitest.testcases.saas.UserInfoQueryByExcel" tests="7" failures="0" timestamp="06 一月 2020 02:35:07 GMT" time="1.112" errors="0">
  <testcase name="UserInfoQueryData" time="0.163" classname="com.bitnei.apitest.testcases.saas.UserInfoQueryByExcel"/>
  <testcase name="UserInfoQueryData" time="0.166" classname="com.bitnei.apitest.testcases.saas.UserInfoQueryByExcel"/>
  <testcase name="UserInfoQueryData" time="0.068" classname="com.bitnei.apitest.testcases.saas.UserInfoQueryByExcel"/>
  <testcase name="UserInfoQueryData" time="0.177" classname="com.bitnei.apitest.testcases.saas.UserInfoQueryByExcel"/>
  <testcase name="UserInfoQueryData" time="0.194" classname="com.bitnei.apitest.testcases.saas.UserInfoQueryByExcel"/>
  <testcase name="UserInfoQueryData" time="0.158" classname="com.bitnei.apitest.testcases.saas.UserInfoQueryByExcel"/>
  <testcase name="UserInfoQueryData" time="0.186" classname="com.bitnei.apitest.testcases.saas.UserInfoQueryByExcel"/>
</testsuite> <!-- com.bitnei.apitest.testcases.saas.UserInfoQueryByExcel -->
