<?xml version="1.0" encoding="UTF-8"?>
<!-- Generated by org.testng.reporters.JUnitReportReporter -->
<testsuite skipped="0" hostname="DESKTOP-Q37MKND" name="com.bitnei.apitest.testcases.datasend.ForwardVehicleQuery" tests="2" failures="2" timestamp="14 三月 2019 09:55:42 GMT" time="0.603" errors="0">
  <testcase name="ForwardVehicleByVin" time="0.404" classname="com.bitnei.apitest.testcases.datasend.ForwardVehicleQuery">
    <failure type="java.lang.AssertionError" message="expected [{}] but found [{&quot;total&quot;:{&quot;currentValue is &quot;:2,&quot;expectedValue is&quot;:1},&quot;Length&quot;:{&quot;actualLenth&quot;:2,&quot;expectLenth&quot;:1},&quot;id&quot;:{&quot;currentValue is &quot;:105451,&quot;expectedValue is&quot;:662855},&quot;taskId&quot;:{&quot;currentValue is &quot;:28,&quot;expectedValue is&quot;:50},&quot;vehicleId&quot;:{&quot;currentValue is &quot;:&quot;499840&quot;,&quot;expectedValue is&quot;:50,&quot;expectedValue&quot;:&quot;458763&quot;},&quot;vehType&quot;:{&quot;currentValue is &quot;:null,&quot;expectedValue is&quot;:50,&quot;expectedValue&quot;:&quot;私家车&quot;,&quot;actualValue&quot;:null},&quot;operatingCompany&quot;:{&quot;currentValue is &quot;:null,&quot;expectedValue is&quot;:50,&quot;expectedValue&quot;:&quot;长安&quot;,&quot;actualValue&quot;:null},&quot;city&quot;:{&quot;currentValue is &quot;:null,&quot;expectedValue is&quot;:50,&quot;expectedValue&quot;:&quot;北京市&quot;,&quot;actualValue&quot;:null},&quot;taskName&quot;:{&quot;currentValue is &quot;:&quot;userPerm任务&quot;,&quot;expectedValue is&quot;:50,&quot;expectedValue&quot;:&quot;testhg0227144&quot;,&quot;actualValue&quot;:null},&quot;platformName&quot;:{&quot;currentValue is &quot;:&quot;userPerm用户平台&quot;,&quot;expectedValue is&quot;:50,&quot;expectedValue&quot;:&quot;testhg022716&quot;,&quot;actualValue&quot;:null},&quot;platformId&quot;:{&quot;currentValue is &quot;:&quot;eef0b203-43a9-11e9-9869-90e2bae77ed8&quot;,&quot;expectedValue is&quot;:50,&quot;expectedValue&quot;:&quot;a2a51080-3a63-11e9-9869-90e2bae77ed8&quot;,&quot;actualValue&quot;:null},&quot;tenantName&quot;:{&quot;currentValue is &quot;:null,&quot;expectedValue is&quot;:50,&quot;expectedValue&quot;:&quot;chan_tenant_name&quot;,&quot;actualValue&quot;:null},&quot;size&quot;:{&quot;currentValue is &quot;:2,&quot;expectedValue is&quot;:1},&quot;endRow&quot;:{&quot;currentValue is &quot;:2,&quot;expectedValue is&quot;:1}}]">
      <![CDATA[java.lang.AssertionError: expected [{}] but found [{"total":{"currentValue is ":2,"expectedValue is":1},"Length":{"actualLenth":2,"expectLenth":1},"id":{"currentValue is ":105451,"expectedValue is":662855},"taskId":{"currentValue is ":28,"expectedValue is":50},"vehicleId":{"currentValue is ":"499840","expectedValue is":50,"expectedValue":"458763"},"vehType":{"currentValue is ":null,"expectedValue is":50,"expectedValue":"私家车","actualValue":null},"operatingCompany":{"currentValue is ":null,"expectedValue is":50,"expectedValue":"长安","actualValue":null},"city":{"currentValue is ":null,"expectedValue is":50,"expectedValue":"北京市","actualValue":null},"taskName":{"currentValue is ":"userPerm任务","expectedValue is":50,"expectedValue":"testhg0227144","actualValue":null},"platformName":{"currentValue is ":"userPerm用户平台","expectedValue is":50,"expectedValue":"testhg022716","actualValue":null},"platformId":{"currentValue is ":"eef0b203-43a9-11e9-9869-90e2bae77ed8","expectedValue is":50,"expectedValue":"a2a51080-3a63-11e9-9869-90e2bae77ed8","actualValue":null},"tenantName":{"currentValue is ":null,"expectedValue is":50,"expectedValue":"chan_tenant_name","actualValue":null},"size":{"currentValue is ":2,"expectedValue is":1},"endRow":{"currentValue is ":2,"expectedValue is":1}}]
at org.testng.Assert.fail(Assert.java:96)
at org.testng.Assert.failNotEquals(Assert.java:776)
at org.testng.Assert.assertEqualsImpl(Assert.java:137)
at org.testng.Assert.assertEquals(Assert.java:118)
at org.testng.Assert.assertEquals(Assert.java:453)
at org.testng.Assert.assertEquals(Assert.java:463)
at com.bitnei.apitest.testcases.datasend.ForwardVehicleQuery.ForwardVehicleByVin(ForwardVehicleQuery.java:83)
at sun.reflect.NativeMethodAccessorImpl.invoke0(Native Method)
at sun.reflect.NativeMethodAccessorImpl.invoke(NativeMethodAccessorImpl.java:62)
at sun.reflect.DelegatingMethodAccessorImpl.invoke(DelegatingMethodAccessorImpl.java:43)
at java.lang.reflect.Method.invoke(Method.java:498)
at org.testng.internal.MethodInvocationHelper.invokeMethod(MethodInvocationHelper.java:124)
at org.testng.internal.Invoker.invokeMethod(Invoker.java:580)
at org.testng.internal.Invoker.invokeTestMethod(Invoker.java:716)
at org.testng.internal.Invoker.invokeTestMethods(Invoker.java:988)
at org.testng.internal.TestMethodWorker.invokeTestMethods(TestMethodWorker.java:125)
at org.testng.internal.TestMethodWorker.run(TestMethodWorker.java:109)
at org.testng.TestRunner.privateRun(TestRunner.java:648)
at org.testng.TestRunner.run(TestRunner.java:505)
at org.testng.SuiteRunner.runTest(SuiteRunner.java:455)
at org.testng.SuiteRunner.runSequentially(SuiteRunner.java:450)
at org.testng.SuiteRunner.privateRun(SuiteRunner.java:415)
at org.testng.SuiteRunner.run(SuiteRunner.java:364)
at org.testng.SuiteRunnerWorker.runSuite(SuiteRunnerWorker.java:52)
at org.testng.SuiteRunnerWorker.run(SuiteRunnerWorker.java:84)
at org.testng.TestNG.runSuitesSequentially(TestNG.java:1208)
at org.testng.TestNG.runSuitesLocally(TestNG.java:1137)
at org.testng.TestNG.runSuites(TestNG.java:1049)
at org.testng.TestNG.run(TestNG.java:1017)
at org.testng.remote.AbstractRemoteTestNG.run(AbstractRemoteTestNG.java:114)
at org.testng.remote.RemoteTestNG.initAndRun(RemoteTestNG.java:251)
at org.testng.remote.RemoteTestNG.main(RemoteTestNG.java:77)
]]>
    </failure>
  </testcase> <!-- ForwardVehicleByVin -->
  <testcase name="ForwardVehicleBylicense" time="0.199" classname="com.bitnei.apitest.testcases.datasend.ForwardVehicleQuery">
    <failure type="java.lang.AssertionError" message="expected [{}] but found [{&quot;total&quot;:{&quot;currentValue is &quot;:2,&quot;expectedValue is&quot;:1},&quot;Length&quot;:{&quot;actualLenth&quot;:2,&quot;expectLenth&quot;:1},&quot;id&quot;:{&quot;currentValue is &quot;:105451,&quot;expectedValue is&quot;:662855},&quot;taskId&quot;:{&quot;currentValue is &quot;:28,&quot;expectedValue is&quot;:50},&quot;vehicleId&quot;:{&quot;currentValue is &quot;:&quot;499840&quot;,&quot;expectedValue is&quot;:50,&quot;expectedValue&quot;:&quot;458763&quot;},&quot;vehType&quot;:{&quot;currentValue is &quot;:null,&quot;expectedValue is&quot;:50,&quot;expectedValue&quot;:&quot;私家车&quot;,&quot;actualValue&quot;:null},&quot;operatingCompany&quot;:{&quot;currentValue is &quot;:null,&quot;expectedValue is&quot;:50,&quot;expectedValue&quot;:&quot;长安&quot;,&quot;actualValue&quot;:null},&quot;city&quot;:{&quot;currentValue is &quot;:null,&quot;expectedValue is&quot;:50,&quot;expectedValue&quot;:&quot;北京市&quot;,&quot;actualValue&quot;:null},&quot;taskName&quot;:{&quot;currentValue is &quot;:&quot;userPerm任务&quot;,&quot;expectedValue is&quot;:50,&quot;expectedValue&quot;:&quot;testhg0227144&quot;,&quot;actualValue&quot;:null},&quot;platformName&quot;:{&quot;currentValue is &quot;:&quot;userPerm用户平台&quot;,&quot;expectedValue is&quot;:50,&quot;expectedValue&quot;:&quot;testhg022716&quot;,&quot;actualValue&quot;:null},&quot;platformId&quot;:{&quot;currentValue is &quot;:&quot;eef0b203-43a9-11e9-9869-90e2bae77ed8&quot;,&quot;expectedValue is&quot;:50,&quot;expectedValue&quot;:&quot;a2a51080-3a63-11e9-9869-90e2bae77ed8&quot;,&quot;actualValue&quot;:null},&quot;tenantName&quot;:{&quot;currentValue is &quot;:null,&quot;expectedValue is&quot;:50,&quot;expectedValue&quot;:&quot;chan_tenant_name&quot;,&quot;actualValue&quot;:null},&quot;size&quot;:{&quot;currentValue is &quot;:2,&quot;expectedValue is&quot;:1},&quot;endRow&quot;:{&quot;currentValue is &quot;:2,&quot;expectedValue is&quot;:1}}]">
      <![CDATA[java.lang.AssertionError: expected [{}] but found [{"total":{"currentValue is ":2,"expectedValue is":1},"Length":{"actualLenth":2,"expectLenth":1},"id":{"currentValue is ":105451,"expectedValue is":662855},"taskId":{"currentValue is ":28,"expectedValue is":50},"vehicleId":{"currentValue is ":"499840","expectedValue is":50,"expectedValue":"458763"},"vehType":{"currentValue is ":null,"expectedValue is":50,"expectedValue":"私家车","actualValue":null},"operatingCompany":{"currentValue is ":null,"expectedValue is":50,"expectedValue":"长安","actualValue":null},"city":{"currentValue is ":null,"expectedValue is":50,"expectedValue":"北京市","actualValue":null},"taskName":{"currentValue is ":"userPerm任务","expectedValue is":50,"expectedValue":"testhg0227144","actualValue":null},"platformName":{"currentValue is ":"userPerm用户平台","expectedValue is":50,"expectedValue":"testhg022716","actualValue":null},"platformId":{"currentValue is ":"eef0b203-43a9-11e9-9869-90e2bae77ed8","expectedValue is":50,"expectedValue":"a2a51080-3a63-11e9-9869-90e2bae77ed8","actualValue":null},"tenantName":{"currentValue is ":null,"expectedValue is":50,"expectedValue":"chan_tenant_name","actualValue":null},"size":{"currentValue is ":2,"expectedValue is":1},"endRow":{"currentValue is ":2,"expectedValue is":1}}]
at org.testng.Assert.fail(Assert.java:96)
at org.testng.Assert.failNotEquals(Assert.java:776)
at org.testng.Assert.assertEqualsImpl(Assert.java:137)
at org.testng.Assert.assertEquals(Assert.java:118)
at org.testng.Assert.assertEquals(Assert.java:453)
at org.testng.Assert.assertEquals(Assert.java:463)
at com.bitnei.apitest.testcases.datasend.ForwardVehicleQuery.ForwardVehicleBylicense(ForwardVehicleQuery.java:112)
at sun.reflect.NativeMethodAccessorImpl.invoke0(Native Method)
at sun.reflect.NativeMethodAccessorImpl.invoke(NativeMethodAccessorImpl.java:62)
at sun.reflect.DelegatingMethodAccessorImpl.invoke(DelegatingMethodAccessorImpl.java:43)
at java.lang.reflect.Method.invoke(Method.java:498)
at org.testng.internal.MethodInvocationHelper.invokeMethod(MethodInvocationHelper.java:124)
at org.testng.internal.Invoker.invokeMethod(Invoker.java:580)
at org.testng.internal.Invoker.invokeTestMethod(Invoker.java:716)
at org.testng.internal.Invoker.invokeTestMethods(Invoker.java:988)
at org.testng.internal.TestMethodWorker.invokeTestMethods(TestMethodWorker.java:125)
at org.testng.internal.TestMethodWorker.run(TestMethodWorker.java:109)
at org.testng.TestRunner.privateRun(TestRunner.java:648)
at org.testng.TestRunner.run(TestRunner.java:505)
at org.testng.SuiteRunner.runTest(SuiteRunner.java:455)
at org.testng.SuiteRunner.runSequentially(SuiteRunner.java:450)
at org.testng.SuiteRunner.privateRun(SuiteRunner.java:415)
at org.testng.SuiteRunner.run(SuiteRunner.java:364)
at org.testng.SuiteRunnerWorker.runSuite(SuiteRunnerWorker.java:52)
at org.testng.SuiteRunnerWorker.run(SuiteRunnerWorker.java:84)
at org.testng.TestNG.runSuitesSequentially(TestNG.java:1208)
at org.testng.TestNG.runSuitesLocally(TestNG.java:1137)
at org.testng.TestNG.runSuites(TestNG.java:1049)
at org.testng.TestNG.run(TestNG.java:1017)
at org.testng.remote.AbstractRemoteTestNG.run(AbstractRemoteTestNG.java:114)
at org.testng.remote.RemoteTestNG.initAndRun(RemoteTestNG.java:251)
at org.testng.remote.RemoteTestNG.main(RemoteTestNG.java:77)
]]>
    </failure>
  </testcase> <!-- ForwardVehicleBylicense -->
</testsuite> <!-- com.bitnei.apitest.testcases.datasend.ForwardVehicleQuery -->
