<?xml version="1.0" encoding="UTF-8"?>
<!-- Generated by org.testng.reporters.JUnitReportReporter -->
<testsuite skipped="0" hostname="DESKTOP-Q37MKND" name="com.bitnei.apitest.testcases.openapi.EnergyConservation" tests="4" failures="0" timestamp="05 十二月 2019 09:24:10 GMT" time="0.291" errors="0">
  <testcase name="EnergyConservationUpScope" time="0.068" classname="com.bitnei.apitest.testcases.openapi.EnergyConservation"/>
  <testcase name="EnergyConservationWrongDateFormat" time="0.072" classname="com.bitnei.apitest.testcases.openapi.EnergyConservation"/>
  <testcase name="EnergyConservationNormal" time="0.067" classname="com.bitnei.apitest.testcases.openapi.EnergyConservation"/>
  <testcase name="EnergyConservationWrongTime" time="0.084" classname="com.bitnei.apitest.testcases.openapi.EnergyConservation"/>
</testsuite> <!-- com.bitnei.apitest.testcases.openapi.EnergyConservation -->
