<?xml version="1.0" encoding="UTF-8"?>
<!-- Generated by org.testng.reporters.JUnitReportReporter -->
<testsuite skipped="0" hostname="DESKTOP-Q37MKND" name="com.bitnei.selenium.testcase.SaasLoginTest" tests="4" failures="0" timestamp="17 九月 2019 07:54:35 GMT" time="66.863" errors="0">
  <testcase name="LoginFaild" time="15.548" classname="com.bitnei.selenium.testcase.SaasLoginTest"/>
  <testcase name="LoginFaild" time="16.996" classname="com.bitnei.selenium.testcase.SaasLoginTest"/>
  <testcase name="LoginFaild" time="19.169" classname="com.bitnei.selenium.testcase.SaasLoginTest"/>
  <testcase name="LoginFaild" time="15.150" classname="com.bitnei.selenium.testcase.SaasLoginTest"/>
</testsuite> <!-- com.bitnei.selenium.testcase.SaasLoginTest -->
