<?xml version="1.0" encoding="UTF-8"?>
<!-- Generated by org.testng.reporters.JUnitReportReporter -->
<testsuite skipped="0" hostname="DESKTOP-Q37MKND" name="com.bitnei.apitest.testcases.saas.PostBackSaas" tests="6" failures="0" timestamp="06 一月 2020 02:35:07 GMT" time="1.084" errors="0">
  <testcase name="UserInfoQueryData" time="0.124" classname="com.bitnei.apitest.testcases.saas.PostBackSaas"/>
  <testcase name="UserInfoQueryData" time="0.116" classname="com.bitnei.apitest.testcases.saas.PostBackSaas"/>
  <testcase name="UserInfoQueryData" time="0.147" classname="com.bitnei.apitest.testcases.saas.PostBackSaas"/>
  <testcase name="UserInfoQueryData" time="0.181" classname="com.bitnei.apitest.testcases.saas.PostBackSaas"/>
  <testcase name="UserInfoQueryData" time="0.381" classname="com.bitnei.apitest.testcases.saas.PostBackSaas"/>
  <testcase name="UserInfoQueryData" time="0.135" classname="com.bitnei.apitest.testcases.saas.PostBackSaas"/>
</testsuite> <!-- com.bitnei.apitest.testcases.saas.PostBackSaas -->
