<?xml version="1.0" encoding="UTF-8"?>
<!-- Generated by org.testng.reporters.JUnitReportReporter -->
<testsuite skipped="0" hostname="DESKTOP-Q37MKND" name="com.bitnei.apitest.testcases.datasend.HanTest" tests="1" failures="0" timestamp="14 二月 2019 09:42:16 GMT" time="1.055" errors="0">
  <testcase name="HabDao" time="1.055" classname="com.bitnei.apitest.testcases.datasend.HanTest"/>
</testsuite> <!-- com.bitnei.apitest.testcases.datasend.HanTest -->
