<?xml version="1.0" encoding="UTF-8"?>
<!-- Generated by org.testng.reporters.JUnitReportReporter -->
<testsuite skipped="0" hostname="DESKTOP-Q37MKND" name="com.bitnei.selenium.testcase.SaasLoginTest" tests="4" failures="0" timestamp="19 九月 2019 06:33:54 GMT" time="62.764" errors="0">
  <testcase name="LoginFaild" time="20.342" classname="com.bitnei.selenium.testcase.SaasLoginTest"/>
  <testcase name="LoginFaild" time="15.643" classname="com.bitnei.selenium.testcase.SaasLoginTest"/>
  <testcase name="LoginFaild" time="13.281" classname="com.bitnei.selenium.testcase.SaasLoginTest"/>
  <testcase name="LoginFaild" time="13.498" classname="com.bitnei.selenium.testcase.SaasLoginTest"/>
</testsuite> <!-- com.bitnei.selenium.testcase.SaasLoginTest -->
