<?xml version="1.0" encoding="UTF-8"?>
<!-- Generated by org.testng.reporters.JUnitReportReporter -->
<testsuite skipped="0" hostname="DESKTOP-Q37MKND" name="com.bitnei.apitest.testcases.saas.UserInfoQuery" tests="1" failures="0" timestamp="05 三月 2020 09:31:39 GMT" time="0.527" errors="0">
  <testcase name="UserInfoQueryData" time="0.527" classname="com.bitnei.apitest.testcases.saas.UserInfoQuery"/>
</testsuite> <!-- com.bitnei.apitest.testcases.saas.UserInfoQuery -->
