<?xml version="1.0" encoding="UTF-8"?>
<!-- Generated by org.testng.reporters.JUnitReportReporter -->
<testsuite skipped="0" hostname="DESKTOP-Q37MKND" name="com.bitnei.apitest.testcases.bidash.SchemeAdd" tests="3" failures="0" timestamp="28 二月 2019 01:42:24 GMT" time="0.797" errors="0">
  <testcase name="SchemeAddData" time="0.216" classname="com.bitnei.apitest.testcases.bidash.SchemeAdd"/>
  <testcase name="SchemeAddDataRep" time="0.032" classname="com.bitnei.apitest.testcases.bidash.SchemeAdd"/>
  <testcase name="SchemeDeleteData" time="0.549" classname="com.bitnei.apitest.testcases.bidash.SchemeAdd"/>
</testsuite> <!-- com.bitnei.apitest.testcases.bidash.SchemeAdd -->
