<?xml version="1.0" encoding="UTF-8"?>
<!-- Generated by org.testng.reporters.JUnitReportReporter -->
<testsuite skipped="0" hostname="DESKTOP-Q37MKND" name="com.bitnei.apitest.testcases.openapi.RunningData" tests="4" failures="0" timestamp="17 十二月 2020 01:22:58 GMT" time="9.019" errors="0">
  <testcase name="EnergyConservationUpScope" time="0.742" classname="com.bitnei.apitest.testcases.openapi.RunningData"/>
  <testcase name="EnergyConservationInvalidtoken" time="0.032" classname="com.bitnei.apitest.testcases.openapi.RunningData"/>
  <testcase name="EnergyConservationNormal" time="8.198" classname="com.bitnei.apitest.testcases.openapi.RunningData"/>
  <testcase name="EnergyConservationNolicensePlate" time="0.047" classname="com.bitnei.apitest.testcases.openapi.RunningData"/>
</testsuite> <!-- com.bitnei.apitest.testcases.openapi.RunningData -->
