<?xml version="1.0" encoding="UTF-8"?>
<!-- Generated by org.testng.reporters.JUnitReportReporter -->
<testsuite skipped="0" hostname="DESKTOP-Q37MKND" name="com.bitnei.apitest.testcases.saas.SaasGetSec" tests="1" failures="0" timestamp="15 一月 2020 01:22:31 GMT" time="17.340" errors="0">
  <testcase name="GetSec" time="17.340" classname="com.bitnei.apitest.testcases.saas.SaasGetSec"/>
</testsuite> <!-- com.bitnei.apitest.testcases.saas.SaasGetSec -->
