<?xml version="1.0" encoding="UTF-8"?>
<!-- Generated by org.testng.reporters.JUnitReportReporter -->
<testsuite skipped="0" hostname="DESKTOP-Q37MKND" name="com.bitnei.apitest.testcases.saas.GetInsurance" tests="5" failures="1" timestamp="11 二月 2020 08:25:51 GMT" time="1.294" errors="0">
  <testcase name="Insurance" time="0.054" classname="com.bitnei.apitest.testcases.saas.GetInsurance"/>
  <testcase name="Insurance" time="0.047" classname="com.bitnei.apitest.testcases.saas.GetInsurance">
    <failure type="java.lang.AssertionError" message="expected [{}] but found [{&quot;data&quot;:{&quot;actualValue&quot;:null,&quot;expectedValue&quot;:{&quot;risk_score&quot;:null,&quot;mileage_12&quot;:null,&quot;mileage_24&quot;:null,&quot;mileage_36&quot;:null,&quot;avg_run_time_length_monthly&quot;:null,&quot;avg_run_speed&quot;:null,&quot;brake_acc_count_per_100km&quot;:null,&quot;acc_count_per_100km&quot;:null,&quot;speed_range00_rate&quot;:null,&quot;speed_range20_rate&quot;:null,&quot;speed_range40_rate&quot;:null,&quot;speed_range60_rate&quot;:null,&quot;speed_range80_rate&quot;:null,&quot;speed_range100_rate&quot;:null,&quot;speed_range120_rate&quot;:null,&quot;speed_range140_rate&quot;:null,&quot;fatigue_driving_rate&quot;:null,&quot;avg_run_days_monthly&quot;:null,&quot;avg_run_count_monthly&quot;:null,&quot;avg_fast_charge_count_monthly&quot;:null,&quot;avg_slow_charge_count_monthly&quot;:null}},&quot;risk_score&quot;:{&quot;actualKey&quot;:&quot;不存在此risk_score&quot;,&quot;expectedKey&quot;:&quot;risk_score&quot;},&quot;mileage_12&quot;:{&quot;actualKey&quot;:&quot;不存在此mileage_12&quot;,&quot;expectedKey&quot;:&quot;mileage_12&quot;},&quot;mileage_24&quot;:{&quot;actualKey&quot;:&quot;不存在此mileage_24&quot;,&quot;expectedKey&quot;:&quot;mileage_24&quot;},&quot;mileage_36&quot;:{&quot;actualKey&quot;:&quot;不存在此mileage_36&quot;,&quot;expectedKey&quot;:&quot;mileage_36&quot;},&quot;avg_run_time_length_monthly&quot;:{&quot;actualKey&quot;:&quot;不存在此avg_run_time_length_monthly&quot;,&quot;expectedKey&quot;:&quot;avg_run_time_length_monthly&quot;},&quot;avg_run_speed&quot;:{&quot;actualKey&quot;:&quot;不存在此avg_run_speed&quot;,&quot;expectedKey&quot;:&quot;avg_run_speed&quot;},&quot;brake_acc_count_per_100km&quot;:{&quot;actualKey&quot;:&quot;不存在此brake_acc_count_per_100km&quot;,&quot;expectedKey&quot;:&quot;brake_acc_count_per_100km&quot;},&quot;acc_count_per_100km&quot;:{&quot;actualKey&quot;:&quot;不存在此acc_count_per_100km&quot;,&quot;expectedKey&quot;:&quot;acc_count_per_100km&quot;},&quot;speed_range00_rate&quot;:{&quot;actualKey&quot;:&quot;不存在此speed_range00_rate&quot;,&quot;expectedKey&quot;:&quot;speed_range00_rate&quot;},&quot;speed_range20_rate&quot;:{&quot;actualKey&quot;:&quot;不存在此speed_range20_rate&quot;,&quot;expectedKey&quot;:&quot;speed_range20_rate&quot;},&quot;speed_range40_rate&quot;:{&quot;actualKey&quot;:&quot;不存在此speed_range40_rate&quot;,&quot;expectedKey&quot;:&quot;speed_range40_rate&quot;},&quot;speed_range60_rate&quot;:{&quot;actualKey&quot;:&quot;不存在此speed_range60_rate&quot;,&quot;expectedKey&quot;:&quot;speed_range60_rate&quot;},&quot;speed_range80_rate&quot;:{&quot;actualKey&quot;:&quot;不存在此speed_range80_rate&quot;,&quot;expectedKey&quot;:&quot;speed_range80_rate&quot;},&quot;speed_range100_rate&quot;:{&quot;actualKey&quot;:&quot;不存在此speed_range100_rate&quot;,&quot;expectedKey&quot;:&quot;speed_range100_rate&quot;},&quot;speed_range120_rate&quot;:{&quot;actualKey&quot;:&quot;不存在此speed_range120_rate&quot;,&quot;expectedKey&quot;:&quot;speed_range120_rate&quot;},&quot;speed_range140_rate&quot;:{&quot;actualKey&quot;:&quot;不存在此speed_range140_rate&quot;,&quot;expectedKey&quot;:&quot;speed_range140_rate&quot;},&quot;fatigue_driving_rate&quot;:{&quot;actualKey&quot;:&quot;不存在此fatigue_driving_rate&quot;,&quot;expectedKey&quot;:&quot;fatigue_driving_rate&quot;},&quot;avg_run_days_monthly&quot;:{&quot;actualKey&quot;:&quot;不存在此avg_run_days_monthly&quot;,&quot;expectedKey&quot;:&quot;avg_run_days_monthly&quot;},&quot;avg_run_count_monthly&quot;:{&quot;actualKey&quot;:&quot;不存在此avg_run_count_monthly&quot;,&quot;expectedKey&quot;:&quot;avg_run_count_monthly&quot;},&quot;avg_fast_charge_count_monthly&quot;:{&quot;actualKey&quot;:&quot;不存在此avg_fast_charge_count_monthly&quot;,&quot;expectedKey&quot;:&quot;avg_fast_charge_count_monthly&quot;},&quot;avg_slow_charge_count_monthly&quot;:{&quot;actualKey&quot;:&quot;不存在此avg_slow_charge_count_monthly&quot;,&quot;expectedKey&quot;:&quot;avg_slow_charge_count_monthly&quot;},&quot;error&quot;:{&quot;actualValue&quot;:null,&quot;expectedValue&quot;:{&quot;risk_score&quot;:null,&quot;mileage_12&quot;:null,&quot;mileage_24&quot;:null,&quot;mileage_36&quot;:null,&quot;avg_run_time_length_monthly&quot;:null,&quot;avg_run_speed&quot;:null,&quot;brake_acc_count_per_100km&quot;:null,&quot;acc_count_per_100km&quot;:null,&quot;speed_range00_rate&quot;:null,&quot;speed_range20_rate&quot;:null,&quot;speed_range40_rate&quot;:null,&quot;speed_range60_rate&quot;:null,&quot;speed_range80_rate&quot;:null,&quot;speed_range100_rate&quot;:null,&quot;speed_range120_rate&quot;:null,&quot;speed_range140_rate&quot;:null,&quot;fatigue_driving_rate&quot;:null,&quot;avg_run_days_monthly&quot;:null,&quot;avg_run_count_monthly&quot;:null,&quot;avg_fast_charge_count_monthly&quot;:null,&quot;avg_slow_charge_count_monthly&quot;:null},&quot;currentValue is &quot;:true,&quot;expectedValue is&quot;:false},&quot;code&quot;:{&quot;actualValue&quot;:null,&quot;expectedValue&quot;:{&quot;risk_score&quot;:null,&quot;mileage_12&quot;:null,&quot;mileage_24&quot;:null,&quot;mileage_36&quot;:null,&quot;avg_run_time_length_monthly&quot;:null,&quot;avg_run_speed&quot;:null,&quot;brake_acc_count_per_100km&quot;:null,&quot;acc_count_per_100km&quot;:null,&quot;speed_range00_rate&quot;:null,&quot;speed_range20_rate&quot;:null,&quot;speed_range40_rate&quot;:null,&quot;speed_range60_rate&quot;:null,&quot;speed_range80_rate&quot;:null,&quot;speed_range100_rate&quot;:null,&quot;speed_range120_rate&quot;:null,&quot;speed_range140_rate&quot;:null,&quot;fatigue_driving_rate&quot;:null,&quot;avg_run_days_monthly&quot;:null,&quot;avg_run_count_monthly&quot;:null,&quot;avg_fast_charge_count_monthly&quot;:null,&quot;avg_slow_charge_count_monthly&quot;:null},&quot;currentValue is &quot;:&quot;40000&quot;,&quot;expectedValue is&quot;:false,&quot;expectedValue is &quot;:&quot;10000&quot;}}]">
      <![CDATA[java.lang.AssertionError: expected [{}] but found [{"data":{"actualValue":null,"expectedValue":{"risk_score":null,"mileage_12":null,"mileage_24":null,"mileage_36":null,"avg_run_time_length_monthly":null,"avg_run_speed":null,"brake_acc_count_per_100km":null,"acc_count_per_100km":null,"speed_range00_rate":null,"speed_range20_rate":null,"speed_range40_rate":null,"speed_range60_rate":null,"speed_range80_rate":null,"speed_range100_rate":null,"speed_range120_rate":null,"speed_range140_rate":null,"fatigue_driving_rate":null,"avg_run_days_monthly":null,"avg_run_count_monthly":null,"avg_fast_charge_count_monthly":null,"avg_slow_charge_count_monthly":null}},"risk_score":{"actualKey":"不存在此risk_score","expectedKey":"risk_score"},"mileage_12":{"actualKey":"不存在此mileage_12","expectedKey":"mileage_12"},"mileage_24":{"actualKey":"不存在此mileage_24","expectedKey":"mileage_24"},"mileage_36":{"actualKey":"不存在此mileage_36","expectedKey":"mileage_36"},"avg_run_time_length_monthly":{"actualKey":"不存在此avg_run_time_length_monthly","expectedKey":"avg_run_time_length_monthly"},"avg_run_speed":{"actualKey":"不存在此avg_run_speed","expectedKey":"avg_run_speed"},"brake_acc_count_per_100km":{"actualKey":"不存在此brake_acc_count_per_100km","expectedKey":"brake_acc_count_per_100km"},"acc_count_per_100km":{"actualKey":"不存在此acc_count_per_100km","expectedKey":"acc_count_per_100km"},"speed_range00_rate":{"actualKey":"不存在此speed_range00_rate","expectedKey":"speed_range00_rate"},"speed_range20_rate":{"actualKey":"不存在此speed_range20_rate","expectedKey":"speed_range20_rate"},"speed_range40_rate":{"actualKey":"不存在此speed_range40_rate","expectedKey":"speed_range40_rate"},"speed_range60_rate":{"actualKey":"不存在此speed_range60_rate","expectedKey":"speed_range60_rate"},"speed_range80_rate":{"actualKey":"不存在此speed_range80_rate","expectedKey":"speed_range80_rate"},"speed_range100_rate":{"actualKey":"不存在此speed_range100_rate","expectedKey":"speed_range100_rate"},"speed_range120_rate":{"actualKey":"不存在此speed_range120_rate","expectedKey":"speed_range120_rate"},"speed_range140_rate":{"actualKey":"不存在此speed_range140_rate","expectedKey":"speed_range140_rate"},"fatigue_driving_rate":{"actualKey":"不存在此fatigue_driving_rate","expectedKey":"fatigue_driving_rate"},"avg_run_days_monthly":{"actualKey":"不存在此avg_run_days_monthly","expectedKey":"avg_run_days_monthly"},"avg_run_count_monthly":{"actualKey":"不存在此avg_run_count_monthly","expectedKey":"avg_run_count_monthly"},"avg_fast_charge_count_monthly":{"actualKey":"不存在此avg_fast_charge_count_monthly","expectedKey":"avg_fast_charge_count_monthly"},"avg_slow_charge_count_monthly":{"actualKey":"不存在此avg_slow_charge_count_monthly","expectedKey":"avg_slow_charge_count_monthly"},"error":{"actualValue":null,"expectedValue":{"risk_score":null,"mileage_12":null,"mileage_24":null,"mileage_36":null,"avg_run_time_length_monthly":null,"avg_run_speed":null,"brake_acc_count_per_100km":null,"acc_count_per_100km":null,"speed_range00_rate":null,"speed_range20_rate":null,"speed_range40_rate":null,"speed_range60_rate":null,"speed_range80_rate":null,"speed_range100_rate":null,"speed_range120_rate":null,"speed_range140_rate":null,"fatigue_driving_rate":null,"avg_run_days_monthly":null,"avg_run_count_monthly":null,"avg_fast_charge_count_monthly":null,"avg_slow_charge_count_monthly":null},"currentValue is ":true,"expectedValue is":false},"code":{"actualValue":null,"expectedValue":{"risk_score":null,"mileage_12":null,"mileage_24":null,"mileage_36":null,"avg_run_time_length_monthly":null,"avg_run_speed":null,"brake_acc_count_per_100km":null,"acc_count_per_100km":null,"speed_range00_rate":null,"speed_range20_rate":null,"speed_range40_rate":null,"speed_range60_rate":null,"speed_range80_rate":null,"speed_range100_rate":null,"speed_range120_rate":null,"speed_range140_rate":null,"fatigue_driving_rate":null,"avg_run_days_monthly":null,"avg_run_count_monthly":null,"avg_fast_charge_count_monthly":null,"avg_slow_charge_count_monthly":null},"currentValue is ":"40000","expectedValue is":false,"expectedValue is ":"10000"}}]
at org.testng.Assert.fail(Assert.java:96)
at org.testng.Assert.failNotEquals(Assert.java:776)
at org.testng.Assert.assertEqualsImpl(Assert.java:137)
at org.testng.Assert.assertEquals(Assert.java:118)
at org.testng.Assert.assertEquals(Assert.java:453)
at org.testng.Assert.assertEquals(Assert.java:463)
at com.bitnei.apitest.testcases.saas.GetInsurance.Insurance(GetInsurance.java:86)
at sun.reflect.NativeMethodAccessorImpl.invoke0(Native Method)
at sun.reflect.NativeMethodAccessorImpl.invoke(NativeMethodAccessorImpl.java:62)
at sun.reflect.DelegatingMethodAccessorImpl.invoke(DelegatingMethodAccessorImpl.java:43)
at java.lang.reflect.Method.invoke(Method.java:498)
at org.testng.internal.MethodInvocationHelper.invokeMethod(MethodInvocationHelper.java:124)
at org.testng.internal.Invoker.invokeMethod(Invoker.java:580)
at org.testng.internal.Invoker.invokeTestMethod(Invoker.java:716)
at org.testng.internal.Invoker.invokeTestMethods(Invoker.java:988)
at org.testng.internal.TestMethodWorker.invokeTestMethods(TestMethodWorker.java:125)
at org.testng.internal.TestMethodWorker.run(TestMethodWorker.java:109)
at java.util.concurrent.ThreadPoolExecutor.runWorker(ThreadPoolExecutor.java:1149)
at java.util.concurrent.ThreadPoolExecutor$Worker.run(ThreadPoolExecutor.java:624)
at java.lang.Thread.run(Thread.java:748)
]]>
    </failure>
  </testcase> <!-- Insurance -->
  <testcase name="Insurance" time="0.058" classname="com.bitnei.apitest.testcases.saas.GetInsurance"/>
  <testcase name="Insurance" time="0.048" classname="com.bitnei.apitest.testcases.saas.GetInsurance"/>
  <testcase name="Insurance" time="1.087" classname="com.bitnei.apitest.testcases.saas.GetInsurance"/>
</testsuite> <!-- com.bitnei.apitest.testcases.saas.GetInsurance -->
