<?xml version="1.0" encoding="UTF-8"?>
<!-- Generated by org.testng.reporters.JUnitReportReporter -->
<testsuite skipped="0" hostname="DESKTOP-Q37MKND" name="com.bitnei.apitest.testcases.Jump" tests="1" failures="0" timestamp="03 一月 2019 09:37:23 GMT" time="0.185" errors="0">
  <testcase name="jump" time="0.185" classname="com.bitnei.apitest.testcases.Jump"/>
</testsuite> <!-- com.bitnei.apitest.testcases.Jump -->
