<?xml version="1.0" encoding="UTF-8"?>
<!-- Generated by org.testng.reporters.JUnitReportReporter -->
<testsuite skipped="0" hostname="DESKTOP-Q37MKND" name="com.bitnei.apitest.testcases.saas.ApiTestPost" tests="1" failures="0" timestamp="15 一月 2020 02:57:19 GMT" time="0.083" errors="1">
  <testcase name="setUp" time="0.083" classname="com.bitnei.apitest.testcases.saas.ApiTestPost">
    <error type="net.sf.json.JSONException" message="A JSONObject text must begin with &#039;{&#039; at character 0 of ">
      <![CDATA[net.sf.json.JSONException: A JSONObject text must begin with '{' at character 0 of 
at net.sf.json.util.JSONTokener.syntaxError(JSONTokener.java:499)
at net.sf.json.JSONObject._fromJSONTokener(JSONObject.java:972)
at net.sf.json.JSONObject._fromString(JSONObject.java:1201)
at net.sf.json.JSONObject.fromObject(JSONObject.java:165)
at net.sf.json.JSONObject.fromObject(JSONObject.java:134)
at com.bitnei.apitest.testcases.saas.GetApiToken.ApiToken(GetApiToken.java:72)
at com.bitnei.apitest.testcases.saas.ApiTestPost.setUp(ApiTestPost.java:48)
at sun.reflect.NativeMethodAccessorImpl.invoke0(Native Method)
at sun.reflect.NativeMethodAccessorImpl.invoke(NativeMethodAccessorImpl.java:62)
at sun.reflect.DelegatingMethodAccessorImpl.invoke(DelegatingMethodAccessorImpl.java:43)
at java.lang.reflect.Method.invoke(Method.java:498)
at org.testng.internal.MethodInvocationHelper.invokeMethod(MethodInvocationHelper.java:124)
at org.testng.internal.MethodInvocationHelper.invokeMethodConsideringTimeout(MethodInvocationHelper.java:59)
at org.testng.internal.Invoker.invokeConfigurationMethod(Invoker.java:455)
at org.testng.internal.Invoker.invokeConfigurations(Invoker.java:222)
at org.testng.internal.Invoker.invokeConfigurations(Invoker.java:142)
at org.testng.internal.TestMethodWorker.invokeBeforeClassMethods(TestMethodWorker.java:168)
at org.testng.internal.TestMethodWorker.run(TestMethodWorker.java:105)
at java.util.concurrent.ThreadPoolExecutor.runWorker(ThreadPoolExecutor.java:1149)
at java.util.concurrent.ThreadPoolExecutor$Worker.run(ThreadPoolExecutor.java:624)
at java.lang.Thread.run(Thread.java:748)
]]>
    </error>
  </testcase> <!-- setUp -->
</testsuite> <!-- com.bitnei.apitest.testcases.saas.ApiTestPost -->
