<?xml version="1.0" encoding="UTF-8"?>
<!-- Generated by org.testng.reporters.JUnitReportReporter -->
<testsuite skipped="0" hostname="DESKTOP-Q37MKND" name="com.bitnei.apitest.testcases.openapi.RunningData" tests="4" failures="0" timestamp="15 一月 2021 09:21:50 GMT" time="7.935" errors="0">
  <testcase name="EnergyConservationInvalidtoken" time="0.031" classname="com.bitnei.apitest.testcases.openapi.RunningData"/>
  <testcase name="EnergyConservationNormal" time="7.660" classname="com.bitnei.apitest.testcases.openapi.RunningData"/>
  <testcase name="EnergyConservationUpScope" time="0.184" classname="com.bitnei.apitest.testcases.openapi.RunningData"/>
  <testcase name="EnergyConservationNolicensePlate" time="0.060" classname="com.bitnei.apitest.testcases.openapi.RunningData"/>
</testsuite> <!-- com.bitnei.apitest.testcases.openapi.RunningData -->
