<?xml version="1.0" encoding="UTF-8"?>
<!-- Generated by org.testng.reporters.JUnitReportReporter -->
<testsuite skipped="0" hostname="DESKTOP-Q37MKND" name="com.bitnei.apitest.testcases.openapi.EnergyConservation" tests="4" failures="0" timestamp="06 七月 2020 03:00:15 GMT" time="0.427" errors="0">
  <testcase name="EnergyConservationUpScope" time="0.064" classname="com.bitnei.apitest.testcases.openapi.EnergyConservation"/>
  <testcase name="EnergyConservationWrongTime" time="0.068" classname="com.bitnei.apitest.testcases.openapi.EnergyConservation"/>
  <testcase name="EnergyConservationWrongDateFormat" time="0.087" classname="com.bitnei.apitest.testcases.openapi.EnergyConservation"/>
  <testcase name="EnergyConservationNormal" time="0.208" classname="com.bitnei.apitest.testcases.openapi.EnergyConservation"/>
</testsuite> <!-- com.bitnei.apitest.testcases.openapi.EnergyConservation -->
