<?xml version="1.0" encoding="UTF-8"?>
<!-- Generated by org.testng.reporters.JUnitReportReporter -->
<testsuite skipped="0" hostname="DESKTOP-Q37MKND" name="com.bitnei.apitest.testcases.datasend.ForwardVehicleSelectVehicles" tests="1" failures="0" timestamp="28 二月 2019 01:42:24 GMT" time="1.349" errors="0">
  <testcase name="ForwardVehicleSelect" time="1.349" classname="com.bitnei.apitest.testcases.datasend.ForwardVehicleSelectVehicles"/>
</testsuite> <!-- com.bitnei.apitest.testcases.datasend.ForwardVehicleSelectVehicles -->
