<?xml version="1.0" encoding="UTF-8"?>
<!-- Generated by org.testng.reporters.JUnitReportReporter -->
<testsuite skipped="0" hostname="DESKTOP-Q37MKND" name="com.bitnei.selenium.testcase.SaasLoginTest" tests="4" failures="0" timestamp="15 一月 2021 09:21:50 GMT" time="53.786" errors="0">
  <testcase name="LoginFaild" time="12.943" classname="com.bitnei.selenium.testcase.SaasLoginTest"/>
  <testcase name="LoginFaild" time="13.836" classname="com.bitnei.selenium.testcase.SaasLoginTest"/>
  <testcase name="LoginFaild" time="12.546" classname="com.bitnei.selenium.testcase.SaasLoginTest"/>
  <testcase name="LoginFaild" time="14.461" classname="com.bitnei.selenium.testcase.SaasLoginTest"/>
</testsuite> <!-- com.bitnei.selenium.testcase.SaasLoginTest -->
