<?xml version="1.0" encoding="UTF-8"?>
<!-- Generated by org.testng.reporters.JUnitReportReporter -->
<testsuite skipped="0" hostname="DESKTOP-Q37MKND" name="com.bitnei.apitest.testcases.saas.GetInsurance" tests="4" failures="0" timestamp="06 七月 2020 03:00:15 GMT" time="1.256" errors="0">
  <testcase name="Insurance" time="0.060" classname="com.bitnei.apitest.testcases.saas.GetInsurance"/>
  <testcase name="Insurance" time="0.046" classname="com.bitnei.apitest.testcases.saas.GetInsurance"/>
  <testcase name="Insurance" time="1.113" classname="com.bitnei.apitest.testcases.saas.GetInsurance"/>
  <testcase name="Insurance" time="0.037" classname="com.bitnei.apitest.testcases.saas.GetInsurance"/>
</testsuite> <!-- com.bitnei.apitest.testcases.saas.GetInsurance -->
