<?xml version="1.0" encoding="UTF-8"?>
<!-- Generated by org.testng.reporters.JUnitReportReporter -->
<testsuite skipped="0" hostname="DESKTOP-Q37MKND" name="com.bitnei.apitest.testcases.openapi.OauthToken" tests="1" failures="0" timestamp="20 六月 2019 03:00:13 GMT" time="0.944" errors="0">
  <testcase name="GetOauthToken" time="0.944" classname="com.bitnei.apitest.testcases.openapi.OauthToken"/>
</testsuite> <!-- com.bitnei.apitest.testcases.openapi.OauthToken -->
