<?xml version="1.0" encoding="UTF-8"?>
<!-- Generated by org.testng.reporters.JUnitReportReporter -->
<testsuite skipped="0" hostname="DESKTOP-Q37MKND" name="com.bitnei.apitest.testcases.openapi.ChargingData" tests="6" failures="0" timestamp="11 十二月 2019 07:44:45 GMT" time="20.045" errors="0">
  <testcase name="ChargingDataNormal" time="18.987" classname="com.bitnei.apitest.testcases.openapi.ChargingData"/>
  <testcase name="ChargingDataWrongTime" time="0.189" classname="com.bitnei.apitest.testcases.openapi.ChargingData"/>
  <testcase name="ChargingDataNo" time="0.108" classname="com.bitnei.apitest.testcases.openapi.ChargingData"/>
  <testcase name="ChargingDataNoTo" time="0.073" classname="com.bitnei.apitest.testcases.openapi.ChargingData"/>
  <testcase name="ChargingDataNoFrom" time="0.333" classname="com.bitnei.apitest.testcases.openapi.ChargingData"/>
  <testcase name="ChargingDataUpOneDay" time="0.355" classname="com.bitnei.apitest.testcases.openapi.ChargingData"/>
</testsuite> <!-- com.bitnei.apitest.testcases.openapi.ChargingData -->
