<?xml version="1.0" encoding="UTF-8"?>
<!-- Generated by org.testng.reporters.JUnitReportReporter -->
<testsuite skipped="0" hostname="DESKTOP-Q37MKND" name="com.bitnei.apitest.testcases.datasend.PlatForm" tests="1" failures="0" timestamp="20 九月 2019 09:30:17 GMT" time="0.087" errors="0">
  <testcase name="PlatFormAdd" time="0.087" classname="com.bitnei.apitest.testcases.datasend.PlatForm"/>
</testsuite> <!-- com.bitnei.apitest.testcases.datasend.PlatForm -->
