<?xml version="1.0" encoding="UTF-8"?>
<!-- Generated by org.testng.reporters.JUnitReportReporter -->
<testsuite skipped="0" hostname="DESKTOP-Q37MKND" name="com.bitnei.apitest.testcases.datasend.TaskDelete" tests="1" failures="0" timestamp="27 二月 2019 09:37:51 GMT" time="2.280" errors="0">
  <testcase name="TaskDeleteData" time="2.280" classname="com.bitnei.apitest.testcases.datasend.TaskDelete"/>
</testsuite> <!-- com.bitnei.apitest.testcases.datasend.TaskDelete -->
