<?xml version="1.0" encoding="UTF-8"?>
<!-- Generated by org.testng.reporters.JUnitReportReporter -->
<testsuite skipped="0" hostname="DESKTOP-Q37MKND" name="com.bitnei.apitest.testcases.openapi.ExcelTest" tests="1" failures="0" timestamp="27 三月 2019 06:38:09 GMT" time="0.579" errors="0">
  <testcase name="TTest" time="0.579" classname="com.bitnei.apitest.testcases.openapi.ExcelTest"/>
</testsuite> <!-- com.bitnei.apitest.testcases.openapi.ExcelTest -->
