<?xml version="1.0" encoding="UTF-8"?>
<!-- Generated by org.testng.reporters.JUnitReportReporter -->
<testsuite skipped="0" hostname="DESKTOP-Q37MKND" name="com.bitnei.selenium.testcase.UserRole" tests="1" failures="0" timestamp="23 九月 2019 03:01:14 GMT" time="25.078" errors="0">
  <testcase name="User" time="25.078" classname="com.bitnei.selenium.testcase.UserRole"/>
</testsuite> <!-- com.bitnei.selenium.testcase.UserRole -->
