<?xml version="1.0" encoding="UTF-8"?>
<!-- Generated by org.testng.reporters.JUnitReportReporter -->
<testsuite skipped="0" hostname="DESKTOP-Q37MKND" name="com.bitnei.apitest.testcases.openapi.RunningData" tests="4" failures="0" timestamp="23 九月 2019 02:56:28 GMT" time="3.929" errors="0">
  <testcase name="EnergyConservationInvalidtoken" time="0.041" classname="com.bitnei.apitest.testcases.openapi.RunningData"/>
  <testcase name="EnergyConservationNolicensePlate" time="0.069" classname="com.bitnei.apitest.testcases.openapi.RunningData"/>
  <testcase name="EnergyConservationUpScope" time="0.201" classname="com.bitnei.apitest.testcases.openapi.RunningData"/>
  <testcase name="EnergyConservationNormal" time="3.618" classname="com.bitnei.apitest.testcases.openapi.RunningData"/>
</testsuite> <!-- com.bitnei.apitest.testcases.openapi.RunningData -->
