<?xml version="1.0" encoding="UTF-8"?>
<!-- Generated by org.testng.reporters.JUnitReportReporter -->
<testsuite skipped="0" hostname="DESKTOP-Q37MKND" name="com.bitnei.selenium.testcase.SaasLoginTest" tests="4" failures="0" timestamp="20 九月 2019 09:30:17 GMT" time="72.640" errors="0">
  <testcase name="LoginFaild" time="15.760" classname="com.bitnei.selenium.testcase.SaasLoginTest"/>
  <testcase name="LoginFaild" time="13.938" classname="com.bitnei.selenium.testcase.SaasLoginTest"/>
  <testcase name="LoginFaild" time="18.590" classname="com.bitnei.selenium.testcase.SaasLoginTest"/>
  <testcase name="LoginFaild" time="24.352" classname="com.bitnei.selenium.testcase.SaasLoginTest"/>
</testsuite> <!-- com.bitnei.selenium.testcase.SaasLoginTest -->
