<?xml version="1.0" encoding="UTF-8"?>
<!-- Generated by org.testng.reporters.JUnitReportReporter -->
<testsuite skipped="0" hostname="DESKTOP-Q37MKND" name="com.bitnei.apitest.testcases.PostVehicles" tests="1" failures="0" timestamp="12 三月 2019 10:44:11 GMT" time="4.172" errors="0">
  <testcase name="postVehiclesForStatus" time="4.172" classname="com.bitnei.apitest.testcases.PostVehicles"/>
</testsuite> <!-- com.bitnei.apitest.testcases.PostVehicles -->
