<?xml version="1.0" encoding="UTF-8"?>
<!-- Generated by org.testng.reporters.JUnitReportReporter -->
<testsuite skipped="0" hostname="DESKTOP-Q37MKND" name="com.bitnei.apitest.testcases.getVehCountPerMonitorPlatform" tests="1" failures="1" timestamp="28 二月 2019 01:42:24 GMT" time="0.136" errors="0">
  <testcase name="getVehCountPerMonitorPlatformStatus" time="0.136" classname="com.bitnei.apitest.testcases.getVehCountPerMonitorPlatform">
    <failure type="java.lang.AssertionError" message="expected [{}] but found [{&quot;status&quot;:{&quot;currentValue is &quot;:401,&quot;expectedValue is&quot;:200},&quot;data&quot;:{&quot;currentValue is &quot;:401,&quot;expectedValue is&quot;:200,&quot;actualValue&quot;:null,&quot;expectedValue&quot;:[{&quot;id&quot;:1,&quot;monitorPlatform&quot;:&quot;智云平台&quot;,&quot;num&quot;:274419},{&quot;id&quot;:2,&quot;monitorPlatform&quot;:&quot;英泰斯特&quot;,&quot;num&quot;:14}]},&quot;Length&quot;:{&quot;actualLenth&quot;:1,&quot;expectLenth&quot;:2},&quot;id&quot;:{&quot;actualKey&quot;:&quot;不存在此id&quot;,&quot;expectedKey&quot;:&quot;id&quot;},&quot;monitorPlatform&quot;:{&quot;actualKey&quot;:&quot;不存在此monitorPlatform&quot;,&quot;expectedKey&quot;:&quot;monitorPlatform&quot;},&quot;num&quot;:{&quot;actualKey&quot;:&quot;不存在此num&quot;,&quot;expectedKey&quot;:&quot;num&quot;},&quot;error&quot;:{&quot;currentValue is &quot;:true,&quot;expectedValue is&quot;:false,&quot;actualValue&quot;:null,&quot;expectedValue&quot;:[{&quot;id&quot;:1,&quot;monitorPlatform&quot;:&quot;智云平台&quot;,&quot;num&quot;:274419},{&quot;id&quot;:2,&quot;monitorPlatform&quot;:&quot;英泰斯特&quot;,&quot;num&quot;:14}]}}]">
      <![CDATA[java.lang.AssertionError: expected [{}] but found [{"status":{"currentValue is ":401,"expectedValue is":200},"data":{"currentValue is ":401,"expectedValue is":200,"actualValue":null,"expectedValue":[{"id":1,"monitorPlatform":"智云平台","num":274419},{"id":2,"monitorPlatform":"英泰斯特","num":14}]},"Length":{"actualLenth":1,"expectLenth":2},"id":{"actualKey":"不存在此id","expectedKey":"id"},"monitorPlatform":{"actualKey":"不存在此monitorPlatform","expectedKey":"monitorPlatform"},"num":{"actualKey":"不存在此num","expectedKey":"num"},"error":{"currentValue is ":true,"expectedValue is":false,"actualValue":null,"expectedValue":[{"id":1,"monitorPlatform":"智云平台","num":274419},{"id":2,"monitorPlatform":"英泰斯特","num":14}]}}]
at org.testng.Assert.fail(Assert.java:96)
at org.testng.Assert.failNotEquals(Assert.java:776)
at org.testng.Assert.assertEqualsImpl(Assert.java:137)
at org.testng.Assert.assertEquals(Assert.java:118)
at org.testng.Assert.assertEquals(Assert.java:453)
at org.testng.Assert.assertEquals(Assert.java:463)
at com.bitnei.apitest.testcases.getVehCountPerMonitorPlatform.getVehCountPerMonitorPlatformStatus(getVehCountPerMonitorPlatform.java:73)
at sun.reflect.NativeMethodAccessorImpl.invoke0(Native Method)
at sun.reflect.NativeMethodAccessorImpl.invoke(NativeMethodAccessorImpl.java:62)
at sun.reflect.DelegatingMethodAccessorImpl.invoke(DelegatingMethodAccessorImpl.java:43)
at java.lang.reflect.Method.invoke(Method.java:498)
at org.testng.internal.MethodInvocationHelper.invokeMethod(MethodInvocationHelper.java:124)
at org.testng.internal.Invoker.invokeMethod(Invoker.java:580)
at org.testng.internal.Invoker.invokeTestMethod(Invoker.java:716)
at org.testng.internal.Invoker.invokeTestMethods(Invoker.java:988)
at org.testng.internal.TestMethodWorker.invokeTestMethods(TestMethodWorker.java:125)
at org.testng.internal.TestMethodWorker.run(TestMethodWorker.java:109)
at java.util.concurrent.ThreadPoolExecutor.runWorker(ThreadPoolExecutor.java:1149)
at java.util.concurrent.ThreadPoolExecutor$Worker.run(ThreadPoolExecutor.java:624)
at java.lang.Thread.run(Thread.java:748)
]]>
    </failure>
  </testcase> <!-- getVehCountPerMonitorPlatformStatus -->
</testsuite> <!-- com.bitnei.apitest.testcases.getVehCountPerMonitorPlatform -->
