<?xml version="1.0" encoding="UTF-8"?>
<!-- Generated by org.testng.reporters.JUnitReportReporter -->
<testsuite skipped="0" hostname="DESKTOP-Q37MKND" name="com.bitnei.apitest.testcases.saas.ApiTest" tests="87" failures="2" timestamp="17 十二月 2020 01:22:58 GMT" time="6.467" errors="0">
  <testcase name="ApiTestCode" time="0.024" classname="com.bitnei.apitest.testcases.saas.ApiTest"/>
  <testcase name="ApiTestCode" time="0.161" classname="com.bitnei.apitest.testcases.saas.ApiTest"/>
  <testcase name="ApiTestCode" time="0.028" classname="com.bitnei.apitest.testcases.saas.ApiTest"/>
  <testcase name="ApiTestCode" time="0.030" classname="com.bitnei.apitest.testcases.saas.ApiTest"/>
  <testcase name="ApiTestCode" time="0.103" classname="com.bitnei.apitest.testcases.saas.ApiTest"/>
  <testcase name="ApiTestCode" time="0.026" classname="com.bitnei.apitest.testcases.saas.ApiTest"/>
  <testcase name="ApiTestCode" time="0.083" classname="com.bitnei.apitest.testcases.saas.ApiTest"/>
  <testcase name="ApiTestCode" time="0.045" classname="com.bitnei.apitest.testcases.saas.ApiTest"/>
  <testcase name="ApiTestCode" time="0.222" classname="com.bitnei.apitest.testcases.saas.ApiTest"/>
  <testcase name="ApiTestCode" time="0.025" classname="com.bitnei.apitest.testcases.saas.ApiTest"/>
  <testcase name="ApiTestCode" time="0.032" classname="com.bitnei.apitest.testcases.saas.ApiTest"/>
  <testcase name="ApiTestCode" time="0.034" classname="com.bitnei.apitest.testcases.saas.ApiTest"/>
  <testcase name="ApiTestCode" time="0.212" classname="com.bitnei.apitest.testcases.saas.ApiTest"/>
  <testcase name="ApiTestCode" time="0.288" classname="com.bitnei.apitest.testcases.saas.ApiTest"/>
  <testcase name="ApiTestCode" time="0.033" classname="com.bitnei.apitest.testcases.saas.ApiTest"/>
  <testcase name="ApiTestCode" time="0.063" classname="com.bitnei.apitest.testcases.saas.ApiTest"/>
  <testcase name="ApiTestCode" time="0.037" classname="com.bitnei.apitest.testcases.saas.ApiTest"/>
  <testcase name="ApiTestCode" time="0.045" classname="com.bitnei.apitest.testcases.saas.ApiTest"/>
  <testcase name="ApiTestCode" time="0.029" classname="com.bitnei.apitest.testcases.saas.ApiTest"/>
  <testcase name="ApiTestCode" time="0.050" classname="com.bitnei.apitest.testcases.saas.ApiTest"/>
  <testcase name="ApiTestCode" time="0.032" classname="com.bitnei.apitest.testcases.saas.ApiTest"/>
  <testcase name="ApiTestCode" time="0.097" classname="com.bitnei.apitest.testcases.saas.ApiTest"/>
  <testcase name="ApiTestCode" time="0.035" classname="com.bitnei.apitest.testcases.saas.ApiTest"/>
  <testcase name="ApiTestCode" time="0.028" classname="com.bitnei.apitest.testcases.saas.ApiTest"/>
  <testcase name="ApiTestCode" time="0.034" classname="com.bitnei.apitest.testcases.saas.ApiTest"/>
  <testcase name="ApiTestCode" time="0.028" classname="com.bitnei.apitest.testcases.saas.ApiTest"/>
  <testcase name="ApiTestCode" time="0.246" classname="com.bitnei.apitest.testcases.saas.ApiTest"/>
  <testcase name="ApiTestCode" time="0.025" classname="com.bitnei.apitest.testcases.saas.ApiTest"/>
  <testcase name="ApiTestCode" time="0.024" classname="com.bitnei.apitest.testcases.saas.ApiTest"/>
  <testcase name="ApiTestCode" time="0.032" classname="com.bitnei.apitest.testcases.saas.ApiTest"/>
  <testcase name="ApiTestCode" time="0.025" classname="com.bitnei.apitest.testcases.saas.ApiTest"/>
  <testcase name="ApiTestCode" time="0.055" classname="com.bitnei.apitest.testcases.saas.ApiTest"/>
  <testcase name="ApiTestCode" time="0.092" classname="com.bitnei.apitest.testcases.saas.ApiTest"/>
  <testcase name="ApiTestCode" time="0.035" classname="com.bitnei.apitest.testcases.saas.ApiTest"/>
  <testcase name="ApiTestCode" time="0.025" classname="com.bitnei.apitest.testcases.saas.ApiTest"/>
  <testcase name="ApiTestCode" time="0.032" classname="com.bitnei.apitest.testcases.saas.ApiTest"/>
  <testcase name="ApiTestCode" time="0.046" classname="com.bitnei.apitest.testcases.saas.ApiTest"/>
  <testcase name="ApiTestCode" time="0.029" classname="com.bitnei.apitest.testcases.saas.ApiTest"/>
  <testcase name="ApiTestCode" time="0.026" classname="com.bitnei.apitest.testcases.saas.ApiTest"/>
  <testcase name="ApiTestCode" time="0.047" classname="com.bitnei.apitest.testcases.saas.ApiTest"/>
  <testcase name="ApiTestCode" time="0.033" classname="com.bitnei.apitest.testcases.saas.ApiTest"/>
  <testcase name="ApiTestCode" time="0.104" classname="com.bitnei.apitest.testcases.saas.ApiTest"/>
  <testcase name="ApiTestCode" time="0.114" classname="com.bitnei.apitest.testcases.saas.ApiTest"/>
  <testcase name="ApiTestCode" time="0.088" classname="com.bitnei.apitest.testcases.saas.ApiTest"/>
  <testcase name="ApiTestCode" time="0.028" classname="com.bitnei.apitest.testcases.saas.ApiTest"/>
  <testcase name="ApiTestCode" time="0.034" classname="com.bitnei.apitest.testcases.saas.ApiTest">
    <failure type="java.lang.AssertionError" message="expected [{}] but found [{&quot;data&quot;:{&quot;actualValue&quot;:null,&quot;expectedValue&quot;:{&quot;productType&quot;:&quot;P&quot;,&quot;assessmentTime&quot;:&quot;20200621&quot;,&quot;internalResistanceScore&quot;:100,&quot;volumeScore&quot;:100,&quot;selfDischargeRateScore&quot;:99.96,&quot;voltConsistenceScore&quot;:95.55,&quot;temperatureConsistenceScore&quot;:98.37,&quot;synthesizeScore&quot;:98.5,&quot;lastReportTime&quot;:null}},&quot;productType&quot;:{&quot;actualKey&quot;:&quot;不存在此productType&quot;,&quot;expectedKey&quot;:&quot;productType&quot;},&quot;assessmentTime&quot;:{&quot;actualKey&quot;:&quot;不存在此assessmentTime&quot;,&quot;expectedKey&quot;:&quot;assessmentTime&quot;},&quot;internalResistanceScore&quot;:{&quot;actualKey&quot;:&quot;不存在此internalResistanceScore&quot;,&quot;expectedKey&quot;:&quot;internalResistanceScore&quot;},&quot;volumeScore&quot;:{&quot;actualKey&quot;:&quot;不存在此volumeScore&quot;,&quot;expectedKey&quot;:&quot;volumeScore&quot;},&quot;selfDischargeRateScore&quot;:{&quot;actualKey&quot;:&quot;不存在此selfDischargeRateScore&quot;,&quot;expectedKey&quot;:&quot;selfDischargeRateScore&quot;},&quot;voltConsistenceScore&quot;:{&quot;actualKey&quot;:&quot;不存在此voltConsistenceScore&quot;,&quot;expectedKey&quot;:&quot;voltConsistenceScore&quot;},&quot;temperatureConsistenceScore&quot;:{&quot;actualKey&quot;:&quot;不存在此temperatureConsistenceScore&quot;,&quot;expectedKey&quot;:&quot;temperatureConsistenceScore&quot;},&quot;synthesizeScore&quot;:{&quot;actualKey&quot;:&quot;不存在此synthesizeScore&quot;,&quot;expectedKey&quot;:&quot;synthesizeScore&quot;},&quot;lastReportTime&quot;:{&quot;actualKey&quot;:&quot;不存在此lastReportTime&quot;,&quot;expectedKey&quot;:&quot;lastReportTime&quot;},&quot;code&quot;:{&quot;actualValue&quot;:null,&quot;expectedValue&quot;:{&quot;productType&quot;:&quot;P&quot;,&quot;assessmentTime&quot;:&quot;20200621&quot;,&quot;internalResistanceScore&quot;:100,&quot;volumeScore&quot;:100,&quot;selfDischargeRateScore&quot;:99.96,&quot;voltConsistenceScore&quot;:95.55,&quot;temperatureConsistenceScore&quot;:98.37,&quot;synthesizeScore&quot;:98.5,&quot;lastReportTime&quot;:null},&quot;currentValue is &quot;:&quot;35000&quot;,&quot;expectedValue is &quot;:&quot;10000&quot;}}]">
      <![CDATA[java.lang.AssertionError: expected [{}] but found [{"data":{"actualValue":null,"expectedValue":{"productType":"P","assessmentTime":"20200621","internalResistanceScore":100,"volumeScore":100,"selfDischargeRateScore":99.96,"voltConsistenceScore":95.55,"temperatureConsistenceScore":98.37,"synthesizeScore":98.5,"lastReportTime":null}},"productType":{"actualKey":"不存在此productType","expectedKey":"productType"},"assessmentTime":{"actualKey":"不存在此assessmentTime","expectedKey":"assessmentTime"},"internalResistanceScore":{"actualKey":"不存在此internalResistanceScore","expectedKey":"internalResistanceScore"},"volumeScore":{"actualKey":"不存在此volumeScore","expectedKey":"volumeScore"},"selfDischargeRateScore":{"actualKey":"不存在此selfDischargeRateScore","expectedKey":"selfDischargeRateScore"},"voltConsistenceScore":{"actualKey":"不存在此voltConsistenceScore","expectedKey":"voltConsistenceScore"},"temperatureConsistenceScore":{"actualKey":"不存在此temperatureConsistenceScore","expectedKey":"temperatureConsistenceScore"},"synthesizeScore":{"actualKey":"不存在此synthesizeScore","expectedKey":"synthesizeScore"},"lastReportTime":{"actualKey":"不存在此lastReportTime","expectedKey":"lastReportTime"},"code":{"actualValue":null,"expectedValue":{"productType":"P","assessmentTime":"20200621","internalResistanceScore":100,"volumeScore":100,"selfDischargeRateScore":99.96,"voltConsistenceScore":95.55,"temperatureConsistenceScore":98.37,"synthesizeScore":98.5,"lastReportTime":null},"currentValue is ":"35000","expectedValue is ":"10000"}}]
at org.testng.Assert.fail(Assert.java:96)
at org.testng.Assert.failNotEquals(Assert.java:776)
at org.testng.Assert.assertEqualsImpl(Assert.java:137)
at org.testng.Assert.assertEquals(Assert.java:118)
at org.testng.Assert.assertEquals(Assert.java:453)
at org.testng.Assert.assertEquals(Assert.java:463)
at com.bitnei.apitest.testcases.saas.ApiTest.ApiTestCode(ApiTest.java:101)
at sun.reflect.GeneratedMethodAccessor2.invoke(Unknown Source)
at sun.reflect.DelegatingMethodAccessorImpl.invoke(DelegatingMethodAccessorImpl.java:43)
at java.lang.reflect.Method.invoke(Method.java:498)
at org.testng.internal.MethodInvocationHelper.invokeMethod(MethodInvocationHelper.java:124)
at org.testng.internal.Invoker.invokeMethod(Invoker.java:580)
at org.testng.internal.Invoker.invokeTestMethod(Invoker.java:716)
at org.testng.internal.Invoker.invokeTestMethods(Invoker.java:988)
at org.testng.internal.TestMethodWorker.invokeTestMethods(TestMethodWorker.java:125)
at org.testng.internal.TestMethodWorker.run(TestMethodWorker.java:109)
at java.util.concurrent.ThreadPoolExecutor.runWorker(ThreadPoolExecutor.java:1149)
at java.util.concurrent.ThreadPoolExecutor$Worker.run(ThreadPoolExecutor.java:624)
at java.lang.Thread.run(Thread.java:748)
]]>
    </failure>
  </testcase> <!-- ApiTestCode -->
  <testcase name="ApiTestCode" time="0.236" classname="com.bitnei.apitest.testcases.saas.ApiTest"/>
  <testcase name="ApiTestCode" time="0.088" classname="com.bitnei.apitest.testcases.saas.ApiTest"/>
  <testcase name="ApiTestCode" time="0.458" classname="com.bitnei.apitest.testcases.saas.ApiTest"/>
  <testcase name="ApiTestCode" time="0.029" classname="com.bitnei.apitest.testcases.saas.ApiTest"/>
  <testcase name="ApiTestCode" time="0.029" classname="com.bitnei.apitest.testcases.saas.ApiTest"/>
  <testcase name="ApiTestCode" time="0.037" classname="com.bitnei.apitest.testcases.saas.ApiTest">
    <failure type="java.lang.AssertionError" message="expected [{}] but found [{&quot;data&quot;:{&quot;actualValue&quot;:null,&quot;expectedValue&quot;:[{&quot;mileageRange&quot;:0,&quot;volFading&quot;:2,&quot;lastReportTime&quot;:null},{&quot;mileageRange&quot;:1,&quot;volFading&quot;:2.21,&quot;lastReportTime&quot;:null},{&quot;mileageRange&quot;:2,&quot;volFading&quot;:2.32,&quot;lastReportTime&quot;:null},{&quot;mileageRange&quot;:3,&quot;volFading&quot;:2.27,&quot;lastReportTime&quot;:null}]},&quot;Length&quot;:{&quot;actualLenth&quot;:1,&quot;expectLenth&quot;:4},&quot;mileageRange&quot;:{&quot;actualKey&quot;:&quot;不存在此mileageRange&quot;,&quot;expectedKey&quot;:&quot;mileageRange&quot;},&quot;volFading&quot;:{&quot;actualKey&quot;:&quot;不存在此volFading&quot;,&quot;expectedKey&quot;:&quot;volFading&quot;},&quot;lastReportTime&quot;:{&quot;actualKey&quot;:&quot;不存在此lastReportTime&quot;,&quot;expectedKey&quot;:&quot;lastReportTime&quot;},&quot;code&quot;:{&quot;actualValue&quot;:null,&quot;expectedValue&quot;:[{&quot;mileageRange&quot;:0,&quot;volFading&quot;:2,&quot;lastReportTime&quot;:null},{&quot;mileageRange&quot;:1,&quot;volFading&quot;:2.21,&quot;lastReportTime&quot;:null},{&quot;mileageRange&quot;:2,&quot;volFading&quot;:2.32,&quot;lastReportTime&quot;:null},{&quot;mileageRange&quot;:3,&quot;volFading&quot;:2.27,&quot;lastReportTime&quot;:null}],&quot;currentValue is &quot;:&quot;35000&quot;,&quot;expectedValue is &quot;:&quot;10000&quot;}}]">
      <![CDATA[java.lang.AssertionError: expected [{}] but found [{"data":{"actualValue":null,"expectedValue":[{"mileageRange":0,"volFading":2,"lastReportTime":null},{"mileageRange":1,"volFading":2.21,"lastReportTime":null},{"mileageRange":2,"volFading":2.32,"lastReportTime":null},{"mileageRange":3,"volFading":2.27,"lastReportTime":null}]},"Length":{"actualLenth":1,"expectLenth":4},"mileageRange":{"actualKey":"不存在此mileageRange","expectedKey":"mileageRange"},"volFading":{"actualKey":"不存在此volFading","expectedKey":"volFading"},"lastReportTime":{"actualKey":"不存在此lastReportTime","expectedKey":"lastReportTime"},"code":{"actualValue":null,"expectedValue":[{"mileageRange":0,"volFading":2,"lastReportTime":null},{"mileageRange":1,"volFading":2.21,"lastReportTime":null},{"mileageRange":2,"volFading":2.32,"lastReportTime":null},{"mileageRange":3,"volFading":2.27,"lastReportTime":null}],"currentValue is ":"35000","expectedValue is ":"10000"}}]
at org.testng.Assert.fail(Assert.java:96)
at org.testng.Assert.failNotEquals(Assert.java:776)
at org.testng.Assert.assertEqualsImpl(Assert.java:137)
at org.testng.Assert.assertEquals(Assert.java:118)
at org.testng.Assert.assertEquals(Assert.java:453)
at org.testng.Assert.assertEquals(Assert.java:463)
at com.bitnei.apitest.testcases.saas.ApiTest.ApiTestCode(ApiTest.java:101)
at sun.reflect.GeneratedMethodAccessor2.invoke(Unknown Source)
at sun.reflect.DelegatingMethodAccessorImpl.invoke(DelegatingMethodAccessorImpl.java:43)
at java.lang.reflect.Method.invoke(Method.java:498)
at org.testng.internal.MethodInvocationHelper.invokeMethod(MethodInvocationHelper.java:124)
at org.testng.internal.Invoker.invokeMethod(Invoker.java:580)
at org.testng.internal.Invoker.invokeTestMethod(Invoker.java:716)
at org.testng.internal.Invoker.invokeTestMethods(Invoker.java:988)
at org.testng.internal.TestMethodWorker.invokeTestMethods(TestMethodWorker.java:125)
at org.testng.internal.TestMethodWorker.run(TestMethodWorker.java:109)
at java.util.concurrent.ThreadPoolExecutor.runWorker(ThreadPoolExecutor.java:1149)
at java.util.concurrent.ThreadPoolExecutor$Worker.run(ThreadPoolExecutor.java:624)
at java.lang.Thread.run(Thread.java:748)
]]>
    </failure>
  </testcase> <!-- ApiTestCode -->
  <testcase name="ApiTestCode" time="0.025" classname="com.bitnei.apitest.testcases.saas.ApiTest"/>
  <testcase name="ApiTestCode" time="0.023" classname="com.bitnei.apitest.testcases.saas.ApiTest"/>
  <testcase name="ApiTestCode" time="0.046" classname="com.bitnei.apitest.testcases.saas.ApiTest"/>
  <testcase name="ApiTestCode" time="0.273" classname="com.bitnei.apitest.testcases.saas.ApiTest"/>
  <testcase name="ApiTestCode" time="0.046" classname="com.bitnei.apitest.testcases.saas.ApiTest"/>
  <testcase name="ApiTestCode" time="0.052" classname="com.bitnei.apitest.testcases.saas.ApiTest"/>
  <testcase name="ApiTestCode" time="0.026" classname="com.bitnei.apitest.testcases.saas.ApiTest"/>
  <testcase name="ApiTestCode" time="0.034" classname="com.bitnei.apitest.testcases.saas.ApiTest"/>
  <testcase name="ApiTestCode" time="0.041" classname="com.bitnei.apitest.testcases.saas.ApiTest"/>
  <testcase name="ApiTestCode" time="0.046" classname="com.bitnei.apitest.testcases.saas.ApiTest"/>
  <testcase name="ApiTestCode" time="0.027" classname="com.bitnei.apitest.testcases.saas.ApiTest"/>
  <testcase name="ApiTestCode" time="0.023" classname="com.bitnei.apitest.testcases.saas.ApiTest"/>
  <testcase name="ApiTestCode" time="0.060" classname="com.bitnei.apitest.testcases.saas.ApiTest"/>
  <testcase name="ApiTestCode" time="0.066" classname="com.bitnei.apitest.testcases.saas.ApiTest"/>
  <testcase name="ApiTestCode" time="0.075" classname="com.bitnei.apitest.testcases.saas.ApiTest"/>
  <testcase name="ApiTestCode" time="0.029" classname="com.bitnei.apitest.testcases.saas.ApiTest"/>
  <testcase name="ApiTestCode" time="0.043" classname="com.bitnei.apitest.testcases.saas.ApiTest"/>
  <testcase name="ApiTestCode" time="0.084" classname="com.bitnei.apitest.testcases.saas.ApiTest"/>
  <testcase name="ApiTestCode" time="0.028" classname="com.bitnei.apitest.testcases.saas.ApiTest"/>
  <testcase name="ApiTestCode" time="0.044" classname="com.bitnei.apitest.testcases.saas.ApiTest"/>
  <testcase name="ApiTestCode" time="0.045" classname="com.bitnei.apitest.testcases.saas.ApiTest"/>
  <testcase name="ApiTestCode" time="0.184" classname="com.bitnei.apitest.testcases.saas.ApiTest"/>
  <testcase name="ApiTestCode" time="0.169" classname="com.bitnei.apitest.testcases.saas.ApiTest"/>
  <testcase name="ApiTestCode" time="0.098" classname="com.bitnei.apitest.testcases.saas.ApiTest"/>
  <testcase name="ApiTestCode" time="0.360" classname="com.bitnei.apitest.testcases.saas.ApiTest"/>
  <testcase name="ApiTestCode" time="0.059" classname="com.bitnei.apitest.testcases.saas.ApiTest"/>
  <testcase name="ApiTestCode" time="0.228" classname="com.bitnei.apitest.testcases.saas.ApiTest"/>
  <testcase name="ApiTestCode" time="0.089" classname="com.bitnei.apitest.testcases.saas.ApiTest"/>
  <testcase name="ApiTestCode" time="0.024" classname="com.bitnei.apitest.testcases.saas.ApiTest"/>
  <testcase name="ApiTestCode" time="0.027" classname="com.bitnei.apitest.testcases.saas.ApiTest"/>
  <testcase name="ApiTestCode" time="0.064" classname="com.bitnei.apitest.testcases.saas.ApiTest"/>
  <testcase name="ApiTestCode" time="0.075" classname="com.bitnei.apitest.testcases.saas.ApiTest"/>
  <testcase name="ApiTestCode" time="0.025" classname="com.bitnei.apitest.testcases.saas.ApiTest"/>
  <testcase name="ApiTestCode" time="0.055" classname="com.bitnei.apitest.testcases.saas.ApiTest"/>
  <testcase name="ApiTestCode" time="0.033" classname="com.bitnei.apitest.testcases.saas.ApiTest"/>
</testsuite> <!-- com.bitnei.apitest.testcases.saas.ApiTest -->
