<?xml version="1.0" encoding="UTF-8"?>
<!-- Generated by org.testng.reporters.JUnitReportReporter -->
<testsuite skipped="0" hostname="DESKTOP-Q37MKND" name="com.bitnei.apitest.testcases.saas.ApiTest" tests="142" failures="110" timestamp="08 四月 2021 09:51:10 GMT" time="5.258" errors="0">
  <testcase name="ApiTestCode" time="0.025" classname="com.bitnei.apitest.testcases.saas.ApiTest">
    <failure type="java.lang.AssertionError" message="expected [{}] but found [{&quot;error&quot;:{&quot;currentValue is &quot;:true,&quot;expectedValue is&quot;:false},&quot;code&quot;:{&quot;currentValue is &quot;:&quot;40000&quot;,&quot;expectedValue is&quot;:false,&quot;expectedValue is &quot;:&quot;35000&quot;}}]">
      <![CDATA[java.lang.AssertionError: expected [{}] but found [{"error":{"currentValue is ":true,"expectedValue is":false},"code":{"currentValue is ":"40000","expectedValue is":false,"expectedValue is ":"35000"}}]
at org.testng.Assert.fail(Assert.java:96)
at org.testng.Assert.failNotEquals(Assert.java:776)
at org.testng.Assert.assertEqualsImpl(Assert.java:137)
at org.testng.Assert.assertEquals(Assert.java:118)
at org.testng.Assert.assertEquals(Assert.java:453)
at org.testng.Assert.assertEquals(Assert.java:463)
at com.bitnei.apitest.testcases.saas.ApiTest.ApiTestCode(ApiTest.java:102)
at sun.reflect.GeneratedMethodAccessor2.invoke(Unknown Source)
at sun.reflect.DelegatingMethodAccessorImpl.invoke(DelegatingMethodAccessorImpl.java:43)
at java.lang.reflect.Method.invoke(Method.java:498)
at org.testng.internal.MethodInvocationHelper.invokeMethod(MethodInvocationHelper.java:124)
at org.testng.internal.Invoker.invokeMethod(Invoker.java:580)
at org.testng.internal.Invoker.invokeTestMethod(Invoker.java:716)
at org.testng.internal.Invoker.invokeTestMethods(Invoker.java:988)
at org.testng.internal.TestMethodWorker.invokeTestMethods(TestMethodWorker.java:125)
at org.testng.internal.TestMethodWorker.run(TestMethodWorker.java:109)
at org.testng.TestRunner.privateRun(TestRunner.java:648)
at org.testng.TestRunner.run(TestRunner.java:505)
at org.testng.SuiteRunner.runTest(SuiteRunner.java:455)
at org.testng.SuiteRunner.runSequentially(SuiteRunner.java:450)
at org.testng.SuiteRunner.privateRun(SuiteRunner.java:415)
at org.testng.SuiteRunner.run(SuiteRunner.java:364)
at org.testng.SuiteRunnerWorker.runSuite(SuiteRunnerWorker.java:52)
at org.testng.SuiteRunnerWorker.run(SuiteRunnerWorker.java:84)
at org.testng.TestNG.runSuitesSequentially(TestNG.java:1208)
at org.testng.TestNG.runSuitesLocally(TestNG.java:1137)
at org.testng.TestNG.runSuites(TestNG.java:1049)
at org.testng.TestNG.run(TestNG.java:1017)
at org.testng.remote.AbstractRemoteTestNG.run(AbstractRemoteTestNG.java:114)
at org.testng.remote.RemoteTestNG.initAndRun(RemoteTestNG.java:251)
at org.testng.remote.RemoteTestNG.main(RemoteTestNG.java:77)
]]>
    </failure>
  </testcase> <!-- ApiTestCode -->
  <testcase name="ApiTestCode" time="0.080" classname="com.bitnei.apitest.testcases.saas.ApiTest">
    <failure type="java.lang.AssertionError" message="expected [{}] but found [{&quot;data&quot;:{&quot;actualValue&quot;:null,&quot;expectedValue&quot;:[{&quot;vin&quot;:&quot;LGXC76D35K0068431&quot;,&quot;rtime&quot;:&quot;20200708205318&quot;,&quot;socOcvMaxVoltAbs&quot;:-2,&quot;socOcvMinVoltAbs&quot;:-6,&quot;selfDischargeRateMaxCell&quot;:null,&quot;selfDischargeRateMinCell&quot;:null,&quot;voltDiffRatio&quot;:1.11,&quot;conditionEndMileage&quot;:54980,&quot;segStartSoc&quot;:16},{&quot;vin&quot;:&quot;LGXC76D35K0068431&quot;,&quot;rtime&quot;:&quot;20200709200820&quot;,&quot;socOcvMaxVoltAbs&quot;:-11.5,&quot;socOcvMinVoltAbs&quot;:-23.5,&quot;selfDischargeRateMaxCell&quot;:null,&quot;selfDischargeRateMinCell&quot;:null,&quot;voltDiffRatio&quot;:0.73,&quot;conditionEndMileage&quot;:55120,&quot;segStartSoc&quot;:84},{&quot;vin&quot;:&quot;LGXC76D35K0068431&quot;,&quot;rtime&quot;:&quot;20200711083038&quot;,&quot;socOcvMaxVoltAbs&quot;:37,&quot;socOcvMinVoltAbs&quot;:38,&quot;selfDischargeRateMaxCell&quot;:null,&quot;selfDischargeRateMinCell&quot;:null,&quot;voltDiffRatio&quot;:1.27,&quot;conditionEndMileage&quot;:55180,&quot;segStartSoc&quot;:75},{&quot;vin&quot;:&quot;LGXC76D35K0068431&quot;,&quot;rtime&quot;:&quot;20200711194533&quot;,&quot;socOcvMaxVoltAbs&quot;:10,&quot;socOcvMinVoltAbs&quot;:-5,&quot;selfDischargeRateMaxCell&quot;:null,&quot;selfDischargeRateMinCell&quot;:null,&quot;voltDiffRatio&quot;:0.89,&quot;conditionEndMileage&quot;:55260,&quot;segStartSoc&quot;:57},{&quot;vin&quot;:&quot;LGXC76D35K0068431&quot;,&quot;rtime&quot;:&quot;20200712080538&quot;,&quot;socOcvMaxVoltAbs&quot;:0,&quot;socOcvMinVoltAbs&quot;:-2,&quot;selfDischargeRateMaxCell&quot;:null,&quot;selfDischargeRateMinCell&quot;:null,&quot;voltDiffRatio&quot;:1,&quot;conditionEndMileage&quot;:55320,&quot;segStartSoc&quot;:47},{&quot;vin&quot;:&quot;LGXC76D35K0068431&quot;,&quot;rtime&quot;:&quot;20200712190049&quot;,&quot;socOcvMaxVoltAbs&quot;:-1,&quot;socOcvMinVoltAbs&quot;:4,&quot;selfDischargeRateMaxCell&quot;:null,&quot;selfDischargeRateMinCell&quot;:null,&quot;voltDiffRatio&quot;:1.14,&quot;conditionEndMileage&quot;:55400,&quot;segStartSoc&quot;:35},{&quot;vin&quot;:&quot;LGXC76D35K0068431&quot;,&quot;rtime&quot;:&quot;20200714075259&quot;,&quot;socOcvMaxVoltAbs&quot;:28,&quot;socOcvMinVoltAbs&quot;:27,&quot;selfDischargeRateMaxCell&quot;:null,&quot;selfDischargeRateMinCell&quot;:null,&quot;voltDiffRatio&quot;:1.33,&quot;conditionEndMileage&quot;:55460,&quot;segStartSoc&quot;:25},{&quot;vin&quot;:&quot;LGXC76D35K0068431&quot;,&quot;rtime&quot;:&quot;20200714194559&quot;,&quot;socOcvMaxVoltAbs&quot;:-9.5,&quot;socOcvMinVoltAbs&quot;:-9,&quot;selfDischargeRateMaxCell&quot;:null,&quot;selfDischargeRateMinCell&quot;:null,&quot;voltDiffRatio&quot;:1.26,&quot;conditionEndMileage&quot;:55540,&quot;segStartSoc&quot;:16},{&quot;vin&quot;:&quot;LGXC76D35K0068431&quot;,&quot;rtime&quot;:&quot;20200719194145&quot;,&quot;socOcvMaxVoltAbs&quot;:19,&quot;socOcvMinVoltAbs&quot;:13.5,&quot;selfDischargeRateMaxCell&quot;:null,&quot;selfDischargeRateMinCell&quot;:null,&quot;voltDiffRatio&quot;:0.86,&quot;conditionEndMileage&quot;:55880,&quot;segStartSoc&quot;:82},{&quot;vin&quot;:&quot;LGXC76D35K0068431&quot;,&quot;rtime&quot;:&quot;20200721084732&quot;,&quot;socOcvMaxVoltAbs&quot;:34,&quot;socOcvMinVoltAbs&quot;:15,&quot;selfDischargeRateMaxCell&quot;:null,&quot;selfDischargeRateMinCell&quot;:null,&quot;voltDiffRatio&quot;:1.45,&quot;conditionEndMileage&quot;:55940,&quot;segStartSoc&quot;:72},{&quot;vin&quot;:&quot;LGXC76D35K0068431&quot;,&quot;rtime&quot;:&quot;20200723085152&quot;,&quot;socOcvMaxVoltAbs&quot;:8.5,&quot;socOcvMinVoltAbs&quot;:3,&quot;selfDischargeRateMaxCell&quot;:null,&quot;selfDischargeRateMinCell&quot;:null,&quot;voltDiffRatio&quot;:1.16,&quot;conditionEndMileage&quot;:56240,&quot;segStartSoc&quot;:16},{&quot;vin&quot;:&quot;LGXC76D35K0068431&quot;,&quot;rtime&quot;:&quot;20200723192240&quot;,&quot;socOcvMaxVoltAbs&quot;:1,&quot;socOcvMinVoltAbs&quot;:-3,&quot;selfDischargeRateMaxCell&quot;:null,&quot;selfDischargeRateMinCell&quot;:null,&quot;voltDiffRatio&quot;:1.16,&quot;conditionEndMileage&quot;:56320,&quot;segStartSoc&quot;:16},{&quot;vin&quot;:&quot;LGXC76D35K0068431&quot;,&quot;rtime&quot;:&quot;20200724084950&quot;,&quot;socOcvMaxVoltAbs&quot;:-0.5,&quot;socOcvMinVoltAbs&quot;:-5,&quot;selfDischargeRateMaxCell&quot;:null,&quot;selfDischargeRateMinCell&quot;:null,&quot;voltDiffRatio&quot;:1.21,&quot;conditionEndMileage&quot;:56380,&quot;segStartSoc&quot;:16},{&quot;vin&quot;:&quot;LGXC76D35K0068431&quot;,&quot;rtime&quot;:&quot;20200724201218&quot;,&quot;socOcvMaxVoltAbs&quot;:5,&quot;socOcvMinVoltAbs&quot;:0,&quot;selfDischargeRateMaxCell&quot;:null,&quot;selfDischargeRateMinCell&quot;:null,&quot;voltDiffRatio&quot;:1.21,&quot;conditionEndMileage&quot;:56460,&quot;segStartSoc&quot;:16},{&quot;vin&quot;:&quot;LGXC76D35K0068431&quot;,&quot;rtime&quot;:&quot;20200725114340&quot;,&quot;socOcvMaxVoltAbs&quot;:6.5,&quot;socOcvMinVoltAbs&quot;:4,&quot;selfDischargeRateMaxCell&quot;:null,&quot;selfDischargeRateMinCell&quot;:null,&quot;voltDiffRatio&quot;:1.21,&quot;conditionEndMileage&quot;:56520,&quot;segStartSoc&quot;:16},{&quot;vin&quot;:&quot;LGXC76D35K0068431&quot;,&quot;rtime&quot;:&quot;20200726190433&quot;,&quot;socOcvMaxVoltAbs&quot;:32,&quot;socOcvMinVoltAbs&quot;:32,&quot;selfDischargeRateMaxCell&quot;:null,&quot;selfDischargeRateMinCell&quot;:null,&quot;voltDiffRatio&quot;:1,&quot;conditionEndMileage&quot;:56750,&quot;segStartSoc&quot;:85},{&quot;vin&quot;:&quot;LGXC76D35K0068431&quot;,&quot;rtime&quot;:&quot;20200802093738&quot;,&quot;socOcvMaxVoltAbs&quot;:-34,&quot;socOcvMinVoltAbs&quot;:-21,&quot;selfDischargeRateMaxCell&quot;:null,&quot;selfDischargeRateMinCell&quot;:null,&quot;voltDiffRatio&quot;:1.92,&quot;conditionEndMileage&quot;:56810,&quot;segStartSoc&quot;:70},{&quot;vin&quot;:&quot;LGXC76D35K0068431&quot;,&quot;rtime&quot;:&quot;20200802185916&quot;,&quot;socOcvMaxVoltAbs&quot;:19,&quot;socOcvMinVoltAbs&quot;:10,&quot;selfDischargeRateMaxCell&quot;:null,&quot;selfDischargeRateMinCell&quot;:null,&quot;voltDiffRatio&quot;:0.89,&quot;conditionEndMileage&quot;:56890,&quot;segStartSoc&quot;:54},{&quot;vin&quot;:&quot;LGXC76D35K0068431&quot;,&quot;rtime&quot;:&quot;20200803075903&quot;,&quot;socOcvMaxVoltAbs&quot;:8.5,&quot;socOcvMinVoltAbs&quot;:4.5,&quot;selfDischargeRateMaxCell&quot;:null,&quot;selfDischargeRateMinCell&quot;:null,&quot;voltDiffRatio&quot;:1.5,&quot;conditionEndMileage&quot;:56950,&quot;segStartSoc&quot;:45},{&quot;vin&quot;:&quot;LGXC76D35K0068431&quot;,&quot;rtime&quot;:&quot;20200803200021&quot;,&quot;socOcvMaxVoltAbs&quot;:5,&quot;socOcvMinVoltAbs&quot;:11,&quot;selfDischargeRateMaxCell&quot;:null,&quot;selfDischargeRateMinCell&quot;:null,&quot;voltDiffRatio&quot;:1.57,&quot;conditionEndMileage&quot;:57030,&quot;segStartSoc&quot;:30},{&quot;vin&quot;:&quot;LGXC76D35K0068431&quot;,&quot;rtime&quot;:&quot;20200804091327&quot;,&quot;socOcvMaxVoltAbs&quot;:24.5,&quot;socOcvMinVoltAbs&quot;:20,&quot;selfDischargeRateMaxCell&quot;:null,&quot;selfDischargeRateMinCell&quot;:null,&quot;voltDiffRatio&quot;:1.91,&quot;conditionEndMileage&quot;:57090,&quot;segStartSoc&quot;:20},{&quot;vin&quot;:&quot;LGXC76D35K0068431&quot;,&quot;rtime&quot;:&quot;20200804194556&quot;,&quot;socOcvMaxVoltAbs&quot;:7,&quot;socOcvMinVoltAbs&quot;:0,&quot;selfDischargeRateMaxCell&quot;:null,&quot;selfDischargeRateMinCell&quot;:null,&quot;voltDiffRatio&quot;:1.17,&quot;conditionEndMileage&quot;:57170,&quot;segStartSoc&quot;:16},{&quot;vin&quot;:&quot;LGXC76D35K0068431&quot;,&quot;rtime&quot;:&quot;20200805123749&quot;,&quot;socOcvMaxVoltAbs&quot;:7.5,&quot;socOcvMinVoltAbs&quot;:3,&quot;selfDischargeRateMaxCell&quot;:null,&quot;selfDischargeRateMinCell&quot;:null,&quot;voltDiffRatio&quot;:1.11,&quot;conditionEndMileage&quot;:57230,&quot;segStartSoc&quot;:16},{&quot;vin&quot;:&quot;LGXC76D35K0068431&quot;,&quot;rtime&quot;:&quot;20200805204950&quot;,&quot;socOcvMaxVoltAbs&quot;:-0.5,&quot;socOcvMinVoltAbs&quot;:-5,&quot;selfDischargeRateMaxCell&quot;:null,&quot;selfDischargeRateMinCell&quot;:null,&quot;voltDiffRatio&quot;:1.11,&quot;conditionEndMileage&quot;:57310,&quot;segStartSoc&quot;:16},{&quot;vin&quot;:&quot;LGXC76D35K0068431&quot;,&quot;rtime&quot;:&quot;20200806084302&quot;,&quot;socOcvMaxVoltAbs&quot;:0,&quot;socOcvMinVoltAbs&quot;:-7,&quot;selfDischargeRateMaxCell&quot;:null,&quot;selfDischargeRateMinCell&quot;:null,&quot;voltDiffRatio&quot;:1.17,&quot;conditionEndMileage&quot;:57370,&quot;segStartSoc&quot;:16},{&quot;vin&quot;:&quot;LGXC76D35K0068431&quot;,&quot;rtime&quot;:&quot;20200806194330&quot;,&quot;socOcvMaxVoltAbs&quot;:16,&quot;socOcvMinVoltAbs&quot;:11,&quot;selfDischargeRateMaxCell&quot;:null,&quot;selfDischargeRateMinCell&quot;:null,&quot;voltDiffRatio&quot;:1.06,&quot;conditionEndMileage&quot;:57450,&quot;segStartSoc&quot;:16},{&quot;vin&quot;:&quot;LGXC76D35K0068431&quot;,&quot;rtime&quot;:&quot;20200807184745&quot;,&quot;socOcvMaxVoltAbs&quot;:20,&quot;socOcvMinVoltAbs&quot;:17,&quot;selfDischargeRateMaxCell&quot;:null,&quot;selfDischargeRateMinCell&quot;:null,&quot;voltDiffRatio&quot;:0.73,&quot;conditionEndMileage&quot;:57590,&quot;segStartSoc&quot;:86},{&quot;vin&quot;:&quot;LGXC76D35K0068431&quot;,&quot;rtime&quot;:&quot;20200808090733&quot;,&quot;socOcvMaxVoltAbs&quot;:40.5,&quot;socOcvMinVoltAbs&quot;:35.5,&quot;selfDischargeRateMaxCell&quot;:null,&quot;selfDischargeRateMinCell&quot;:null,&quot;voltDiffRatio&quot;:1.36,&quot;conditionEndMileage&quot;:57650,&quot;segStartSoc&quot;:69},{&quot;vin&quot;:&quot;LGXC76D35K0068431&quot;,&quot;rtime&quot;:&quot;20200808185244&quot;,&quot;socOcvMaxVoltAbs&quot;:-14,&quot;socOcvMinVoltAbs&quot;:4,&quot;selfDischargeRateMaxCell&quot;:null,&quot;selfDischargeRateMinCell&quot;:null,&quot;voltDiffRatio&quot;:1.13,&quot;conditionEndMileage&quot;:57720,&quot;segStartSoc&quot;:50},{&quot;vin&quot;:&quot;LGXC76D35K0068431&quot;,&quot;rtime&quot;:&quot;20200811191041&quot;,&quot;socOcvMaxVoltAbs&quot;:9.5,&quot;socOcvMinVoltAbs&quot;:1,&quot;selfDischargeRateMaxCell&quot;:null,&quot;selfDischargeRateMinCell&quot;:null,&quot;voltDiffRatio&quot;:1.15,&quot;conditionEndMileage&quot;:57880,&quot;segStartSoc&quot;:20},{&quot;vin&quot;:&quot;LGXC76D35K0068431&quot;,&quot;rtime&quot;:&quot;20200812084416&quot;,&quot;socOcvMaxVoltAbs&quot;:7,&quot;socOcvMinVoltAbs&quot;:3,&quot;selfDischargeRateMaxCell&quot;:null,&quot;selfDischargeRateMinCell&quot;:null,&quot;voltDiffRatio&quot;:0.89,&quot;conditionEndMileage&quot;:57960,&quot;segStartSoc&quot;:16},{&quot;vin&quot;:&quot;LGXC76D35K0068431&quot;,&quot;rtime&quot;:&quot;20200812185250&quot;,&quot;socOcvMaxVoltAbs&quot;:2,&quot;socOcvMinVoltAbs&quot;:-5,&quot;selfDischargeRateMaxCell&quot;:null,&quot;selfDischargeRateMinCell&quot;:null,&quot;voltDiffRatio&quot;:1.06,&quot;conditionEndMileage&quot;:58030,&quot;segStartSoc&quot;:16},{&quot;vin&quot;:&quot;LGXC76D35K0068431&quot;,&quot;rtime&quot;:&quot;20200813085805&quot;,&quot;socOcvMaxVoltAbs&quot;:7,&quot;socOcvMinVoltAbs&quot;:0,&quot;selfDischargeRateMaxCell&quot;:null,&quot;selfDischargeRateMinCell&quot;:null,&quot;voltDiffRatio&quot;:1.06,&quot;conditionEndMileage&quot;:58090,&quot;segStartSoc&quot;:16},{&quot;vin&quot;:&quot;LGXC76D35K0068431&quot;,&quot;rtime&quot;:&quot;20200813192704&quot;,&quot;socOcvMaxVoltAbs&quot;:1,&quot;socOcvMinVoltAbs&quot;:-7,&quot;selfDischargeRateMaxCell&quot;:null,&quot;selfDischargeRateMinCell&quot;:null,&quot;voltDiffRatio&quot;:1.72,&quot;conditionEndMileage&quot;:58170,&quot;segStartSoc&quot;:16},{&quot;vin&quot;:&quot;LGXC76D35K0068431&quot;,&quot;rtime&quot;:&quot;20200814084136&quot;,&quot;socOcvMaxVoltAbs&quot;:-1,&quot;socOcvMinVoltAbs&quot;:-6,&quot;selfDischargeRateMaxCell&quot;:null,&quot;selfDischargeRateMinCell&quot;:null,&quot;voltDiffRatio&quot;:1,&quot;conditionEndMileage&quot;:58230,&quot;segStartSoc&quot;:16},{&quot;vin&quot;:&quot;LGXC76D35K0068431&quot;,&quot;rtime&quot;:&quot;20200814193310&quot;,&quot;socOcvMaxVoltAbs&quot;:-1,&quot;socOcvMinVoltAbs&quot;:-10,&quot;selfDischargeRateMaxCell&quot;:null,&quot;selfDischargeRateMinCell&quot;:null,&quot;voltDiffRatio&quot;:1.11,&quot;conditionEndMileage&quot;:58310,&quot;segStartSoc&quot;:16},{&quot;vin&quot;:&quot;LGXC76D35K0068431&quot;,&quot;rtime&quot;:&quot;20200816093126&quot;,&quot;socOcvMaxVoltAbs&quot;:11,&quot;socOcvMinVoltAbs&quot;:-5,&quot;selfDischargeRateMaxCell&quot;:null,&quot;selfDischargeRateMinCell&quot;:null,&quot;voltDiffRatio&quot;:0.89,&quot;conditionEndMileage&quot;:58370,&quot;segStartSoc&quot;:16},{&quot;vin&quot;:&quot;LGXC76D35K0068431&quot;,&quot;rtime&quot;:&quot;20200816182815&quot;,&quot;socOcvMaxVoltAbs&quot;:0,&quot;socOcvMinVoltAbs&quot;:-6,&quot;selfDischargeRateMaxCell&quot;:null,&quot;selfDischargeRateMinCell&quot;:null,&quot;voltDiffRatio&quot;:1,&quot;conditionEndMileage&quot;:58450,&quot;segStartSoc&quot;:16},{&quot;vin&quot;:&quot;LGXC76D35K0068431&quot;,&quot;rtime&quot;:&quot;20200817081659&quot;,&quot;socOcvMaxVoltAbs&quot;:5,&quot;socOcvMinVoltAbs&quot;:-3,&quot;selfDischargeRateMaxCell&quot;:null,&quot;selfDischargeRateMinCell&quot;:null,&quot;voltDiffRatio&quot;:1,&quot;conditionEndMileage&quot;:59010,&quot;segStartSoc&quot;:16},{&quot;vin&quot;:&quot;LGXC76D35K0068431&quot;,&quot;rtime&quot;:&quot;20200817223717&quot;,&quot;socOcvMaxVoltAbs&quot;:-2,&quot;socOcvMinVoltAbs&quot;:-7,&quot;selfDischargeRateMaxCell&quot;:null,&quot;selfDischargeRateMinCell&quot;:null,&quot;voltDiffRatio&quot;:0.89,&quot;conditionEndMileage&quot;:59080,&quot;segStartSoc&quot;:16},{&quot;vin&quot;:&quot;LGXC76D35K0068431&quot;,&quot;rtime&quot;:&quot;20200818091438&quot;,&quot;socOcvMaxVoltAbs&quot;:8,&quot;socOcvMinVoltAbs&quot;:-1,&quot;selfDischargeRateMaxCell&quot;:null,&quot;selfDischargeRateMinCell&quot;:null,&quot;voltDiffRatio&quot;:1,&quot;conditionEndMileage&quot;:59140,&quot;segStartSoc&quot;:16},{&quot;vin&quot;:&quot;LGXC76D35K0068431&quot;,&quot;rtime&quot;:&quot;20200818191429&quot;,&quot;socOcvMaxVoltAbs&quot;:5,&quot;socOcvMinVoltAbs&quot;:-2,&quot;selfDischargeRateMaxCell&quot;:null,&quot;selfDischargeRateMinCell&quot;:null,&quot;voltDiffRatio&quot;:1,&quot;conditionEndMileage&quot;:59220,&quot;segStartSoc&quot;:16},{&quot;vin&quot;:&quot;LGXC76D35K0068431&quot;,&quot;rtime&quot;:&quot;20200820085217&quot;,&quot;socOcvMaxVoltAbs&quot;:0.5,&quot;socOcvMinVoltAbs&quot;:-6,&quot;selfDischargeRateMaxCell&quot;:null,&quot;selfDischargeRateMinCell&quot;:null,&quot;voltDiffRatio&quot;:0.95,&quot;conditionEndMileage&quot;:59280,&quot;segStartSoc&quot;:16},{&quot;vin&quot;:&quot;LGXC76D35K0068431&quot;,&quot;rtime&quot;:&quot;20200820202051&quot;,&quot;socOcvMaxVoltAbs&quot;:0,&quot;socOcvMinVoltAbs&quot;:-10,&quot;selfDischargeRateMaxCell&quot;:null,&quot;selfDischargeRateMinCell&quot;:null,&quot;voltDiffRatio&quot;:1,&quot;conditionEndMileage&quot;:59360,&quot;segStartSoc&quot;:16},{&quot;vin&quot;:&quot;LGXC76D35K0068431&quot;,&quot;rtime&quot;:&quot;20200821090509&quot;,&quot;socOcvMaxVoltAbs&quot;:9.5,&quot;socOcvMinVoltAbs&quot;:0.5,&quot;selfDischargeRateMaxCell&quot;:null,&quot;selfDischargeRateMinCell&quot;:null,&quot;voltDiffRatio&quot;:0.94,&quot;conditionEndMileage&quot;:59420,&quot;segStartSoc&quot;:16},{&quot;vin&quot;:&quot;LGXC76D35K0068431&quot;,&quot;rtime&quot;:&quot;20200821195056&quot;,&quot;socOcvMaxVoltAbs&quot;:3,&quot;socOcvMinVoltAbs&quot;:-6,&quot;selfDischargeRateMaxCell&quot;:null,&quot;selfDischargeRateMinCell&quot;:null,&quot;voltDiffRatio&quot;:1,&quot;conditionEndMileage&quot;:59500,&quot;segStartSoc&quot;:16},{&quot;vin&quot;:&quot;LGXC76D35K0068431&quot;,&quot;rtime&quot;:&quot;20200822091005&quot;,&quot;socOcvMaxVoltAbs&quot;:11,&quot;socOcvMinVoltAbs&quot;:1,&quot;selfDischargeRateMaxCell&quot;:null,&quot;selfDischargeRateMinCell&quot;:null,&quot;voltDiffRatio&quot;:0.95,&quot;conditionEndMileage&quot;:59560,&quot;segStartSoc&quot;:16},{&quot;vin&quot;:&quot;LGXC76D35K0068431&quot;,&quot;rtime&quot;:&quot;20200822201217&quot;,&quot;socOcvMaxVoltAbs&quot;:10,&quot;socOcvMinVoltAbs&quot;:5,&quot;selfDischargeRateMaxCell&quot;:null,&quot;selfDischargeRateMinCell&quot;:null,&quot;voltDiffRatio&quot;:0.95,&quot;conditionEndMileage&quot;:59640,&quot;segStartSoc&quot;:16},{&quot;vin&quot;:&quot;LGXC76D35K0068431&quot;,&quot;rtime&quot;:&quot;20200823091800&quot;,&quot;socOcvMaxVoltAbs&quot;:2.5,&quot;socOcvMinVoltAbs&quot;:-6.5,&quot;selfDischargeRateMaxCell&quot;:null,&quot;selfDischargeRateMinCell&quot;:null,&quot;voltDiffRatio&quot;:0.95,&quot;conditionEndMileage&quot;:59700,&quot;segStartSoc&quot;:16},{&quot;vin&quot;:&quot;LGXC76D35K0068431&quot;,&quot;rtime&quot;:&quot;20200823193648&quot;,&quot;socOcvMaxVoltAbs&quot;:23.5,&quot;socOcvMinVoltAbs&quot;:14,&quot;selfDischargeRateMaxCell&quot;:null,&quot;selfDischargeRateMinCell&quot;:null,&quot;voltDiffRatio&quot;:1,&quot;conditionEndMileage&quot;:59780,&quot;segStartSoc&quot;:16},{&quot;vin&quot;:&quot;LGXC76D35K0068431&quot;,&quot;rtime&quot;:&quot;20200824205049&quot;,&quot;socOcvMaxVoltAbs&quot;:8.5,&quot;socOcvMinVoltAbs&quot;:-4,&quot;selfDischargeRateMaxCell&quot;:null,&quot;selfDischargeRateMinCell&quot;:null,&quot;voltDiffRatio&quot;:1,&quot;conditionEndMileage&quot;:59910,&quot;segStartSoc&quot;:82},{&quot;vin&quot;:&quot;LGXC76D35K0068431&quot;,&quot;rtime&quot;:&quot;20200828073118&quot;,&quot;socOcvMaxVoltAbs&quot;:-10,&quot;socOcvMinVoltAbs&quot;:-9,&quot;selfDischargeRateMaxCell&quot;:null,&quot;selfDischargeRateMinCell&quot;:null,&quot;voltDiffRatio&quot;:1.5,&quot;conditionEndMileage&quot;:60120,&quot;segStartSoc&quot;:39},{&quot;vin&quot;:&quot;LGXC76D35K0068431&quot;,&quot;rtime&quot;:&quot;20200828161320&quot;,&quot;socOcvMaxVoltAbs&quot;:10,&quot;socOcvMinVoltAbs&quot;:5,&quot;selfDischargeRateMaxCell&quot;:null,&quot;selfDischargeRateMinCell&quot;:null,&quot;voltDiffRatio&quot;:1.26,&quot;conditionEndMileage&quot;:60350,&quot;segStartSoc&quot;:16},{&quot;vin&quot;:&quot;LGXC76D35K0068431&quot;,&quot;rtime&quot;:&quot;20200828215517&quot;,&quot;socOcvMaxVoltAbs&quot;:-3,&quot;socOcvMinVoltAbs&quot;:-8,&quot;selfDischargeRateMaxCell&quot;:null,&quot;selfDischargeRateMinCell&quot;:null,&quot;voltDiffRatio&quot;:1.16,&quot;conditionEndMileage&quot;:60490,&quot;segStartSoc&quot;:16},{&quot;vin&quot;:&quot;LGXC76D35K0068431&quot;,&quot;rtime&quot;:&quot;20200830114257&quot;,&quot;socOcvMaxVoltAbs&quot;:6.5,&quot;socOcvMinVoltAbs&quot;:9.5,&quot;selfDischargeRateMaxCell&quot;:null,&quot;selfDischargeRateMinCell&quot;:null,&quot;voltDiffRatio&quot;:1.32,&quot;conditionEndMileage&quot;:60550,&quot;segStartSoc&quot;:16},{&quot;vin&quot;:&quot;LGXC76D35K0068431&quot;,&quot;rtime&quot;:&quot;20200830192054&quot;,&quot;socOcvMaxVoltAbs&quot;:7,&quot;socOcvMinVoltAbs&quot;:5,&quot;selfDischargeRateMaxCell&quot;:null,&quot;selfDischargeRateMinCell&quot;:null,&quot;voltDiffRatio&quot;:1.32,&quot;conditionEndMileage&quot;:60630,&quot;segStartSoc&quot;:16},{&quot;vin&quot;:&quot;LGXC76D35K0068431&quot;,&quot;rtime&quot;:&quot;20200905182338&quot;,&quot;socOcvMaxVoltAbs&quot;:-4,&quot;socOcvMinVoltAbs&quot;:-1.5,&quot;selfDischargeRateMaxCell&quot;:null,&quot;selfDischargeRateMinCell&quot;:null,&quot;voltDiffRatio&quot;:1.32,&quot;conditionEndMileage&quot;:61190,&quot;segStartSoc&quot;:16},{&quot;vin&quot;:&quot;LGXC76D35K0068431&quot;,&quot;rtime&quot;:&quot;20200908095010&quot;,&quot;socOcvMaxVoltAbs&quot;:13.5,&quot;socOcvMinVoltAbs&quot;:7,&quot;selfDischargeRateMaxCell&quot;:null,&quot;selfDischargeRateMinCell&quot;:null,&quot;voltDiffRatio&quot;:1.32,&quot;conditionEndMileage&quot;:61360,&quot;segStartSoc&quot;:16},{&quot;vin&quot;:&quot;LGXC76D35K0068431&quot;,&quot;rtime&quot;:&quot;20200908173254&quot;,&quot;socOcvMaxVoltAbs&quot;:-3,&quot;socOcvMinVoltAbs&quot;:-13,&quot;selfDischargeRateMaxCell&quot;:null,&quot;selfDischargeRateMinCell&quot;:null,&quot;voltDiffRatio&quot;:2.44,&quot;conditionEndMileage&quot;:61410,&quot;segStartSoc&quot;:16},{&quot;vin&quot;:&quot;LGXC76D35K0068431&quot;,&quot;rtime&quot;:&quot;20200909115037&quot;,&quot;socOcvMaxVoltAbs&quot;:2,&quot;socOcvMinVoltAbs&quot;:0,&quot;selfDischargeRateMaxCell&quot;:null,&quot;selfDischargeRateMinCell&quot;:null,&quot;voltDiffRatio&quot;:1.39,&quot;conditionEndMileage&quot;:61450,&quot;segStartSoc&quot;:16},{&quot;vin&quot;:&quot;LGXC76D35K0068431&quot;,&quot;rtime&quot;:&quot;20200909171042&quot;,&quot;socOcvMaxVoltAbs&quot;:9,&quot;socOcvMinVoltAbs&quot;:10,&quot;selfDischargeRateMaxCell&quot;:null,&quot;selfDischargeRateMinCell&quot;:null,&quot;voltDiffRatio&quot;:1.39,&quot;conditionEndMileage&quot;:61530,&quot;segStartSoc&quot;:16},{&quot;vin&quot;:&quot;LGXC76D35K0068431&quot;,&quot;rtime&quot;:&quot;20200910103641&quot;,&quot;socOcvMaxVoltAbs&quot;:5,&quot;socOcvMinVoltAbs&quot;:3,&quot;selfDischargeRateMaxCell&quot;:null,&quot;selfDischargeRateMinCell&quot;:null,&quot;voltDiffRatio&quot;:1.32,&quot;conditionEndMileage&quot;:61690,&quot;segStartSoc&quot;:16},{&quot;vin&quot;:&quot;LGXC76D35K0068431&quot;,&quot;rtime&quot;:&quot;20200911152330&quot;,&quot;socOcvMaxVoltAbs&quot;:6.5,&quot;socOcvMinVoltAbs&quot;:5,&quot;selfDischargeRateMaxCell&quot;:null,&quot;selfDischargeRateMinCell&quot;:null,&quot;voltDiffRatio&quot;:1.32,&quot;conditionEndMileage&quot;:61890,&quot;segStartSoc&quot;:16},{&quot;vin&quot;:&quot;LGXC76D35K0068431&quot;,&quot;rtime&quot;:&quot;20200913100140&quot;,&quot;socOcvMaxVoltAbs&quot;:2.5,&quot;socOcvMinVoltAbs&quot;:-2.5,&quot;selfDischargeRateMaxCell&quot;:null,&quot;selfDischargeRateMinCell&quot;:null,&quot;voltDiffRatio&quot;:1.26,&quot;conditionEndMileage&quot;:62020,&quot;segStartSoc&quot;:16},{&quot;vin&quot;:&quot;LGXC76D35K0068431&quot;,&quot;rtime&quot;:&quot;20200914073944&quot;,&quot;socOcvMaxVoltAbs&quot;:22,&quot;socOcvMinVoltAbs&quot;:21.5,&quot;selfDischargeRateMaxCell&quot;:null,&quot;selfDischargeRateMinCell&quot;:null,&quot;voltDiffRatio&quot;:1.36,&quot;conditionEndMileage&quot;:62020,&quot;segStartSoc&quot;:13},{&quot;vin&quot;:&quot;LGXC76D35K0068431&quot;,&quot;rtime&quot;:&quot;20200918111841&quot;,&quot;socOcvMaxVoltAbs&quot;:17,&quot;socOcvMinVoltAbs&quot;:17,&quot;selfDischargeRateMaxCell&quot;:null,&quot;selfDischargeRateMinCell&quot;:null,&quot;voltDiffRatio&quot;:1.39,&quot;conditionEndMileage&quot;:62410,&quot;segStartSoc&quot;:16},{&quot;vin&quot;:&quot;LGXC76D35K0068431&quot;,&quot;rtime&quot;:&quot;20200918174542&quot;,&quot;socOcvMaxVoltAbs&quot;:14,&quot;socOcvMinVoltAbs&quot;:18,&quot;selfDischargeRateMaxCell&quot;:null,&quot;selfDischargeRateMinCell&quot;:null,&quot;voltDiffRatio&quot;:1.44,&quot;conditionEndMileage&quot;:62410,&quot;segStartSoc&quot;:16},{&quot;vin&quot;:&quot;LGXC76D35K0068431&quot;,&quot;rtime&quot;:&quot;20200922111428&quot;,&quot;socOcvMaxVoltAbs&quot;:5,&quot;socOcvMinVoltAbs&quot;:6,&quot;selfDischargeRateMaxCell&quot;:null,&quot;selfDischargeRateMinCell&quot;:null,&quot;voltDiffRatio&quot;:1.39,&quot;conditionEndMileage&quot;:62490,&quot;segStartSoc&quot;:16},{&quot;vin&quot;:&quot;LGXC76D35K0068431&quot;,&quot;rtime&quot;:&quot;20200922170955&quot;,&quot;socOcvMaxVoltAbs&quot;:5,&quot;socOcvMinVoltAbs&quot;:10,&quot;selfDischargeRateMaxCell&quot;:null,&quot;selfDischargeRateMinCell&quot;:null,&quot;voltDiffRatio&quot;:1.39,&quot;conditionEndMileage&quot;:62490,&quot;segStartSoc&quot;:16},{&quot;vin&quot;:&quot;LGXC76D35K0068431&quot;,&quot;rtime&quot;:&quot;20200928094146&quot;,&quot;socOcvMaxVoltAbs&quot;:-20,&quot;socOcvMinVoltAbs&quot;:-17,&quot;selfDischargeRateMaxCell&quot;:null,&quot;selfDischargeRateMinCell&quot;:null,&quot;voltDiffRatio&quot;:1.32,&quot;conditionEndMileage&quot;:62750,&quot;segStartSoc&quot;:16},{&quot;vin&quot;:&quot;LGXC76D35K0068431&quot;,&quot;rtime&quot;:&quot;20200929133432&quot;,&quot;socOcvMaxVoltAbs&quot;:-4,&quot;socOcvMinVoltAbs&quot;:-2.5,&quot;selfDischargeRateMaxCell&quot;:null,&quot;selfDischargeRateMinCell&quot;:null,&quot;voltDiffRatio&quot;:1.44,&quot;conditionEndMileage&quot;:62750,&quot;segStartSoc&quot;:16},{&quot;vin&quot;:&quot;LGXC76D35K0068431&quot;,&quot;rtime&quot;:&quot;20200930173546&quot;,&quot;socOcvMaxVoltAbs&quot;:-5.5,&quot;socOcvMinVoltAbs&quot;:-5,&quot;selfDischargeRateMaxCell&quot;:null,&quot;selfDischargeRateMinCell&quot;:null,&quot;voltDiffRatio&quot;:1.26,&quot;conditionEndMileage&quot;:63030,&quot;segStartSoc&quot;:16},{&quot;vin&quot;:&quot;LGXC76D35K0068431&quot;,&quot;rtime&quot;:&quot;20201001152511&quot;,&quot;socOcvMaxVoltAbs&quot;:10,&quot;socOcvMinVoltAbs&quot;:-11,&quot;selfDischargeRateMaxCell&quot;:null,&quot;selfDischargeRateMinCell&quot;:null,&quot;voltDiffRatio&quot;:1.36,&quot;conditionEndMileage&quot;:63030,&quot;segStartSoc&quot;:14},{&quot;vin&quot;:&quot;LGXC76D35K0068431&quot;,&quot;rtime&quot;:&quot;20201002052218&quot;,&quot;socOcvMaxVoltAbs&quot;:-23,&quot;socOcvMinVoltAbs&quot;:-26,&quot;selfDischargeRateMaxCell&quot;:null,&quot;selfDischargeRateMinCell&quot;:null,&quot;voltDiffRatio&quot;:2.46,&quot;conditionEndMileage&quot;:63030,&quot;segStartSoc&quot;:15},{&quot;vin&quot;:&quot;LGXC76D35K0068431&quot;,&quot;rtime&quot;:&quot;20201003103148&quot;,&quot;socOcvMaxVoltAbs&quot;:14,&quot;socOcvMinVoltAbs&quot;:5,&quot;selfDischargeRateMaxCell&quot;:null,&quot;selfDischargeRateMinCell&quot;:null,&quot;voltDiffRatio&quot;:1.5,&quot;conditionEndMileage&quot;:71880,&quot;segStartSoc&quot;:51},{&quot;vin&quot;:&quot;LGXC76D35K0068431&quot;,&quot;rtime&quot;:&quot;20201003175605&quot;,&quot;socOcvMaxVoltAbs&quot;:19,&quot;socOcvMinVoltAbs&quot;:17,&quot;selfDischargeRateMaxCell&quot;:null,&quot;selfDischargeRateMinCell&quot;:null,&quot;voltDiffRatio&quot;:1.5,&quot;conditionEndMileage&quot;:72130,&quot;segStartSoc&quot;:45},{&quot;vin&quot;:&quot;LGXC76D35K0068431&quot;,&quot;rtime&quot;:&quot;20201005075529&quot;,&quot;socOcvMaxVoltAbs&quot;:15,&quot;socOcvMinVoltAbs&quot;:14,&quot;selfDischargeRateMaxCell&quot;:null,&quot;selfDischargeRateMinCell&quot;:null,&quot;voltDiffRatio&quot;:1.38,&quot;conditionEndMileage&quot;:72910,&quot;segStartSoc&quot;:51},{&quot;vin&quot;:&quot;LGXC76D35K0068431&quot;,&quot;rtime&quot;:&quot;20201006065354&quot;,&quot;socOcvMaxVoltAbs&quot;:29.5,&quot;socOcvMinVoltAbs&quot;:24.5,&quot;selfDischargeRateMaxCell&quot;:null,&quot;selfDischargeRateMinCell&quot;:null,&quot;voltDiffRatio&quot;:1.33,&quot;conditionEndMileage&quot;:74690,&quot;segStartSoc&quot;:16},{&quot;vin&quot;:&quot;LGXC76D35K0068431&quot;,&quot;rtime&quot;:&quot;20201007065335&quot;,&quot;socOcvMaxVoltAbs&quot;:-10,&quot;socOcvMinVoltAbs&quot;:5,&quot;selfDischargeRateMaxCell&quot;:null,&quot;selfDischargeRateMinCell&quot;:null,&quot;voltDiffRatio&quot;:2,&quot;conditionEndMileage&quot;:75960,&quot;segStartSoc&quot;:37},{&quot;vin&quot;:&quot;LGXC76D35K0068431&quot;,&quot;rtime&quot;:&quot;20201007163711&quot;,&quot;socOcvMaxVoltAbs&quot;:-6.5,&quot;socOcvMinVoltAbs&quot;:0,&quot;selfDischargeRateMaxCell&quot;:null,&quot;selfDischargeRateMinCell&quot;:null,&quot;voltDiffRatio&quot;:2,&quot;conditionEndMileage&quot;:76000,&quot;segStartSoc&quot;:34},{&quot;vin&quot;:&quot;LGXC76D35K0068431&quot;,&quot;rtime&quot;:&quot;20201009151316&quot;,&quot;socOcvMaxVoltAbs&quot;:16,&quot;socOcvMinVoltAbs&quot;:9,&quot;selfDischargeRateMaxCell&quot;:null,&quot;selfDischargeRateMinCell&quot;:null,&quot;voltDiffRatio&quot;:1.3,&quot;conditionEndMileage&quot;:84750,&quot;segStartSoc&quot;:24},{&quot;vin&quot;:&quot;LGXC76D35K0068431&quot;,&quot;rtime&quot;:&quot;20201016144635&quot;,&quot;socOcvMaxVoltAbs&quot;:22,&quot;socOcvMinVoltAbs&quot;:22.5,&quot;selfDischargeRateMaxCell&quot;:null,&quot;selfDischargeRateMinCell&quot;:null,&quot;voltDiffRatio&quot;:1.7,&quot;conditionEndMileage&quot;:84970,&quot;segStartSoc&quot;:13},{&quot;vin&quot;:&quot;LGXC76D35K0068431&quot;,&quot;rtime&quot;:&quot;20201030074914&quot;,&quot;socOcvMaxVoltAbs&quot;:8,&quot;socOcvMinVoltAbs&quot;:30,&quot;selfDischargeRateMaxCell&quot;:null,&quot;selfDischargeRateMinCell&quot;:null,&quot;voltDiffRatio&quot;:1.33,&quot;conditionEndMileage&quot;:85340,&quot;segStartSoc&quot;:16},{&quot;vin&quot;:&quot;LGXC76D35K0068431&quot;,&quot;rtime&quot;:&quot;20201030183312&quot;,&quot;socOcvMaxVoltAbs&quot;:3,&quot;socOcvMinVoltAbs&quot;:-2,&quot;selfDischargeRateMaxCell&quot;:null,&quot;selfDischargeRateMinCell&quot;:null,&quot;voltDiffRatio&quot;:1.28,&quot;conditionEndMileage&quot;:85440,&quot;segStartSoc&quot;:16},{&quot;vin&quot;:&quot;LGXC76D35K0068431&quot;,&quot;rtime&quot;:&quot;20201031065619&quot;,&quot;socOcvMaxVoltAbs&quot;:1,&quot;socOcvMinVoltAbs&quot;:3,&quot;selfDischargeRateMaxCell&quot;:null,&quot;selfDischargeRateMinCell&quot;:null,&quot;voltDiffRatio&quot;:1.39,&quot;conditionEndMileage&quot;:85530,&quot;segStartSoc&quot;:16},{&quot;vin&quot;:&quot;LGXC76D35K0068431&quot;,&quot;rtime&quot;:&quot;20201031185426&quot;,&quot;socOcvMaxVoltAbs&quot;:8,&quot;socOcvMinVoltAbs&quot;:5,&quot;selfDischargeRateMaxCell&quot;:null,&quot;selfDischargeRateMinCell&quot;:null,&quot;voltDiffRatio&quot;:1.39,&quot;conditionEndMileage&quot;:85620,&quot;segStartSoc&quot;:16},{&quot;vin&quot;:&quot;LGXC76D35K0068431&quot;,&quot;rtime&quot;:&quot;20201102060159&quot;,&quot;socOcvMaxVoltAbs&quot;:-7,&quot;socOcvMinVoltAbs&quot;:-9,&quot;selfDischargeRateMaxCell&quot;:null,&quot;selfDischargeRateMinCell&quot;:null,&quot;voltDiffRatio&quot;:1.39,&quot;conditionEndMileage&quot;:85710,&quot;segStartSoc&quot;:16},{&quot;vin&quot;:&quot;LGXC76D35K0068431&quot;,&quot;rtime&quot;:&quot;20201102212903&quot;,&quot;socOcvMaxVoltAbs&quot;:-4,&quot;socOcvMinVoltAbs&quot;:-4,&quot;selfDischargeRateMaxCell&quot;:null,&quot;selfDischargeRateMinCell&quot;:null,&quot;voltDiffRatio&quot;:1.39,&quot;conditionEndMileage&quot;:85800,&quot;segStartSoc&quot;:16},{&quot;vin&quot;:&quot;LGXC76D35K0068431&quot;,&quot;rtime&quot;:&quot;20201103055844&quot;,&quot;socOcvMaxVoltAbs&quot;:-9,&quot;socOcvMinVoltAbs&quot;:-8,&quot;selfDischargeRateMaxCell&quot;:null,&quot;selfDischargeRateMinCell&quot;:null,&quot;voltDiffRatio&quot;:1.44,&quot;conditionEndMileage&quot;:85920,&quot;segStartSoc&quot;:16},{&quot;vin&quot;:&quot;LGXC76D35K0068431&quot;,&quot;rtime&quot;:&quot;20201103193803&quot;,&quot;socOcvMaxVoltAbs&quot;:6,&quot;socOcvMinVoltAbs&quot;:6,&quot;selfDischargeRateMaxCell&quot;:null,&quot;selfDischargeRateMinCell&quot;:null,&quot;voltDiffRatio&quot;:1.5,&quot;conditionEndMileage&quot;:86010,&quot;segStartSoc&quot;:16},{&quot;vin&quot;:&quot;LGXC76D35K0068431&quot;,&quot;rtime&quot;:&quot;20201104055023&quot;,&quot;socOcvMaxVoltAbs&quot;:-5,&quot;socOcvMinVoltAbs&quot;:-4,&quot;selfDischargeRateMaxCell&quot;:null,&quot;selfDischargeRateMinCell&quot;:null,&quot;voltDiffRatio&quot;:1.5,&quot;conditionEndMileage&quot;:86100,&quot;segStartSoc&quot;:16},{&quot;vin&quot;:&quot;LGXC76D35K0068431&quot;,&quot;rtime&quot;:&quot;20201104185226&quot;,&quot;socOcvMaxVoltAbs&quot;:5.5,&quot;socOcvMinVoltAbs&quot;:5,&quot;selfDischargeRateMaxCell&quot;:null,&quot;selfDischargeRateMinCell&quot;:null,&quot;voltDiffRatio&quot;:1.5,&quot;conditionEndMileage&quot;:86190,&quot;segStartSoc&quot;:16},{&quot;vin&quot;:&quot;LGXC76D35K0068431&quot;,&quot;rtime&quot;:&quot;20201105072353&quot;,&quot;socOcvMaxVoltAbs&quot;:-5,&quot;socOcvMinVoltAbs&quot;:-7,&quot;selfDischargeRateMaxCell&quot;:null,&quot;selfDischargeRateMinCell&quot;:null,&quot;voltDiffRatio&quot;:1.5,&quot;conditionEndMileage&quot;:86280,&quot;segStartSoc&quot;:16},{&quot;vin&quot;:&quot;LGXC76D35K0068431&quot;,&quot;rtime&quot;:&quot;20201105184609&quot;,&quot;socOcvMaxVoltAbs&quot;:1,&quot;socOcvMinVoltAbs&quot;:2,&quot;selfDischargeRateMaxCell&quot;:null,&quot;selfDischargeRateMinCell&quot;:null,&quot;voltDiffRatio&quot;:1.44,&quot;conditionEndMileage&quot;:86380,&quot;segStartSoc&quot;:16},{&quot;vin&quot;:&quot;LGXC76D35K0068431&quot;,&quot;rtime&quot;:&quot;20201106073848&quot;,&quot;socOcvMaxVoltAbs&quot;:1,&quot;socOcvMinVoltAbs&quot;:3,&quot;selfDischargeRateMaxCell&quot;:null,&quot;selfDischargeRateMinCell&quot;:null,&quot;voltDiffRatio&quot;:1.5,&quot;conditionEndMileage&quot;:86460,&quot;segStartSoc&quot;:16},{&quot;vin&quot;:&quot;LGXC76D35K0068431&quot;,&quot;rtime&quot;:&quot;20201106170744&quot;,&quot;socOcvMaxVoltAbs&quot;:-2,&quot;socOcvMinVoltAbs&quot;:-1,&quot;selfDischargeRateMaxCell&quot;:null,&quot;selfDischargeRateMinCell&quot;:null,&quot;voltDiffRatio&quot;:1.5,&quot;conditionEndMileage&quot;:86550,&quot;segStartSoc&quot;:16},{&quot;vin&quot;:&quot;LGXC76D35K0068431&quot;,&quot;rtime&quot;:&quot;20201107071748&quot;,&quot;socOcvMaxVoltAbs&quot;:-9.5,&quot;socOcvMinVoltAbs&quot;:-6,&quot;selfDischargeRateMaxCell&quot;:null,&quot;selfDischargeRateMinCell&quot;:null,&quot;voltDiffRatio&quot;:1.37,&quot;conditionEndMileage&quot;:87180,&quot;segStartSoc&quot;:16},{&quot;vin&quot;:&quot;LGXC76D35K0068431&quot;,&quot;rtime&quot;:&quot;20201107182426&quot;,&quot;socOcvMaxVoltAbs&quot;:-10.5,&quot;socOcvMinVoltAbs&quot;:-10.5,&quot;selfDischargeRateMaxCell&quot;:null,&quot;selfDischargeRateMinCell&quot;:null,&quot;voltDiffRatio&quot;:2,&quot;conditionEndMileage&quot;:87270,&quot;segStartSoc&quot;:17},{&quot;vin&quot;:&quot;LGXC76D35K0068431&quot;,&quot;rtime&quot;:&quot;20201108064405&quot;,&quot;socOcvMaxVoltAbs&quot;:-10,&quot;socOcvMinVoltAbs&quot;:-10,&quot;selfDischargeRateMaxCell&quot;:null,&quot;selfDischargeRateMinCell&quot;:null,&quot;voltDiffRatio&quot;:1.44,&quot;conditionEndMileage&quot;:87360,&quot;segStartSoc&quot;:16},{&quot;vin&quot;:&quot;LGXC76D35K0068431&quot;,&quot;rtime&quot;:&quot;20201108160707&quot;,&quot;socOcvMaxVoltAbs&quot;:0,&quot;socOcvMinVoltAbs&quot;:0,&quot;selfDischargeRateMaxCell&quot;:null,&quot;selfDischargeRateMinCell&quot;:null,&quot;voltDiffRatio&quot;:1.5,&quot;conditionEndMileage&quot;:87460,&quot;segStartSoc&quot;:16},{&quot;vin&quot;:&quot;LGXC76D35K0068431&quot;,&quot;rtime&quot;:&quot;20201109063816&quot;,&quot;socOcvMaxVoltAbs&quot;:6,&quot;socOcvMinVoltAbs&quot;:11,&quot;selfDischargeRateMaxCell&quot;:null,&quot;selfDischargeRateMinCell&quot;:null,&quot;voltDiffRatio&quot;:1.5,&quot;conditionEndMileage&quot;:87530,&quot;segStartSoc&quot;:16},{&quot;vin&quot;:&quot;LGXC76D35K0068431&quot;,&quot;rtime&quot;:&quot;20201109145652&quot;,&quot;socOcvMaxVoltAbs&quot;:3,&quot;socOcvMinVoltAbs&quot;:2,&quot;selfDischargeRateMaxCell&quot;:null,&quot;selfDischargeRateMinCell&quot;:null,&quot;voltDiffRatio&quot;:1.5,&quot;conditionEndMileage&quot;:87640,&quot;segStartSoc&quot;:16},{&quot;vin&quot;:&quot;LGXC76D35K0068431&quot;,&quot;rtime&quot;:&quot;20201110061257&quot;,&quot;socOcvMaxVoltAbs&quot;:-6,&quot;socOcvMinVoltAbs&quot;:-6,&quot;selfDischargeRateMaxCell&quot;:null,&quot;selfDischargeRateMinCell&quot;:null,&quot;voltDiffRatio&quot;:1.5,&quot;conditionEndMileage&quot;:87800,&quot;segStartSoc&quot;:16},{&quot;vin&quot;:&quot;LGXC76D35K0068431&quot;,&quot;rtime&quot;:&quot;20201110103557&quot;,&quot;socOcvMaxVoltAbs&quot;:2,&quot;socOcvMinVoltAbs&quot;:1.5,&quot;selfDischargeRateMaxCell&quot;:null,&quot;selfDischargeRateMinCell&quot;:null,&quot;voltDiffRatio&quot;:1.5,&quot;conditionEndMileage&quot;:87910,&quot;segStartSoc&quot;:16},{&quot;vin&quot;:&quot;LGXC76D35K0068431&quot;,&quot;rtime&quot;:&quot;20201111055631&quot;,&quot;socOcvMaxVoltAbs&quot;:1,&quot;socOcvMinVoltAbs&quot;:6.5,&quot;selfDischargeRateMaxCell&quot;:null,&quot;selfDischargeRateMinCell&quot;:null,&quot;voltDiffRatio&quot;:1.44,&quot;conditionEndMileage&quot;:88300,&quot;segStartSoc&quot;:16},{&quot;vin&quot;:&quot;LGXC76D35K0068431&quot;,&quot;rtime&quot;:&quot;20201111191719&quot;,&quot;socOcvMaxVoltAbs&quot;:-7.5,&quot;socOcvMinVoltAbs&quot;:-5,&quot;selfDischargeRateMaxCell&quot;:null,&quot;selfDischargeRateMinCell&quot;:null,&quot;voltDiffRatio&quot;:1.79,&quot;conditionEndMileage&quot;:88410,&quot;segStartSoc&quot;:16},{&quot;vin&quot;:&quot;LGXC76D35K0068431&quot;,&quot;rtime&quot;:&quot;20201113061022&quot;,&quot;socOcvMaxVoltAbs&quot;:11,&quot;socOcvMinVoltAbs&quot;:-6,&quot;selfDischargeRateMaxCell&quot;:null,&quot;selfDischargeRateMinCell&quot;:null,&quot;voltDiffRatio&quot;:1.67,&quot;conditionEndMileage&quot;:88480,&quot;segStartSoc&quot;:16},{&quot;vin&quot;:&quot;LGXC76D35K0068431&quot;,&quot;rtime&quot;:&quot;20201114000331&quot;,&quot;socOcvMaxVoltAbs&quot;:-5,&quot;socOcvMinVoltAbs&quot;:-7,&quot;selfDischargeRateMaxCell&quot;:null,&quot;selfDischargeRateMinCell&quot;:null,&quot;voltDiffRatio&quot;:1.32,&quot;conditionEndMileage&quot;:88580,&quot;segStartSoc&quot;:16},{&quot;vin&quot;:&quot;LGXC76D35K0068431&quot;,&quot;rtime&quot;:&quot;20201115134037&quot;,&quot;socOcvMaxVoltAbs&quot;:-6.5,&quot;socOcvMinVoltAbs&quot;:-2,&quot;selfDischargeRateMaxCell&quot;:null,&quot;selfDischargeRateMinCell&quot;:null,&quot;voltDiffRatio&quot;:1.44,&quot;conditionEndMileage&quot;:88650,&quot;segStartSoc&quot;:16},{&quot;vin&quot;:&quot;LGXC76D35K0068431&quot;,&quot;rtime&quot;:&quot;20201116160422&quot;,&quot;socOcvMaxVoltAbs&quot;:5,&quot;socOcvMinVoltAbs&quot;:7,&quot;selfDischargeRateMaxCell&quot;:null,&quot;selfDischargeRateMinCell&quot;:null,&quot;voltDiffRatio&quot;:1.56,&quot;conditionEndMileage&quot;:88920,&quot;segStartSoc&quot;:16},{&quot;vin&quot;:&quot;LGXC76D35K0068431&quot;,&quot;rtime&quot;:&quot;20201117191557&quot;,&quot;socOcvMaxVoltAbs&quot;:4.5,&quot;socOcvMinVoltAbs&quot;:2,&quot;selfDischargeRateMaxCell&quot;:null,&quot;selfDischargeRateMinCell&quot;:null,&quot;voltDiffRatio&quot;:1.5,&quot;conditionEndMileage&quot;:89070,&quot;segStartSoc&quot;:16},{&quot;vin&quot;:&quot;LGXC76D35K0068431&quot;,&quot;rtime&quot;:&quot;20201118101948&quot;,&quot;socOcvMaxVoltAbs&quot;:-11,&quot;socOcvMinVoltAbs&quot;:-12,&quot;selfDischargeRateMaxCell&quot;:null,&quot;selfDischargeRateMinCell&quot;:null,&quot;voltDiffRatio&quot;:1.37,&quot;conditionEndMileage&quot;:89720,&quot;segStartSoc&quot;:16},{&quot;vin&quot;:&quot;LGXC76D35K0068431&quot;,&quot;rtime&quot;:&quot;20201204134717&quot;,&quot;socOcvMaxVoltAbs&quot;:65,&quot;socOcvMinVoltAbs&quot;:95,&quot;selfDischargeRateMaxCell&quot;:null,&quot;selfDischargeRateMinCell&quot;:null,&quot;voltDiffRatio&quot;:1.44,&quot;conditionEndMileage&quot;:89790,&quot;segStartSoc&quot;:16},{&quot;vin&quot;:&quot;LGXC76D35K0068431&quot;,&quot;rtime&quot;:&quot;20201205132347&quot;,&quot;socOcvMaxVoltAbs&quot;:3,&quot;socOcvMinVoltAbs&quot;:-1,&quot;selfDischargeRateMaxCell&quot;:null,&quot;selfDischargeRateMinCell&quot;:null,&quot;voltDiffRatio&quot;:1.5,&quot;conditionEndMileage&quot;:90180,&quot;segStartSoc&quot;:16},{&quot;vin&quot;:&quot;LGXC76D35K0068431&quot;,&quot;rtime&quot;:&quot;20201207083542&quot;,&quot;socOcvMaxVoltAbs&quot;:2,&quot;socOcvMinVoltAbs&quot;:-14,&quot;selfDischargeRateMaxCell&quot;:null,&quot;selfDischargeRateMinCell&quot;:null,&quot;voltDiffRatio&quot;:1.5,&quot;conditionEndMileage&quot;:90310,&quot;segStartSoc&quot;:16},{&quot;vin&quot;:&quot;LGXC76D35K0068431&quot;,&quot;rtime&quot;:&quot;20201211135155&quot;,&quot;socOcvMaxVoltAbs&quot;:9,&quot;socOcvMinVoltAbs&quot;:17,&quot;selfDischargeRateMaxCell&quot;:null,&quot;selfDischargeRateMinCell&quot;:null,&quot;voltDiffRatio&quot;:1.44,&quot;conditionEndMileage&quot;:90700,&quot;segStartSoc&quot;:16},{&quot;vin&quot;:&quot;LGXC76D35K0068431&quot;,&quot;rtime&quot;:&quot;20201220143342&quot;,&quot;socOcvMaxVoltAbs&quot;:-4,&quot;socOcvMinVoltAbs&quot;:0,&quot;selfDischargeRateMaxCell&quot;:null,&quot;selfDischargeRateMinCell&quot;:null,&quot;voltDiffRatio&quot;:1.56,&quot;conditionEndMileage&quot;:90980,&quot;segStartSoc&quot;:16},{&quot;vin&quot;:&quot;LGXC76D35K0068431&quot;,&quot;rtime&quot;:&quot;20201223195405&quot;,&quot;socOcvMaxVoltAbs&quot;:3,&quot;socOcvMinVoltAbs&quot;:-4,&quot;selfDischargeRateMaxCell&quot;:null,&quot;selfDischargeRateMinCell&quot;:null,&quot;voltDiffRatio&quot;:2.17,&quot;conditionEndMileage&quot;:91110,&quot;segStartSoc&quot;:15},{&quot;vin&quot;:&quot;LGXC76D35K0068431&quot;,&quot;rtime&quot;:&quot;20201224154010&quot;,&quot;socOcvMaxVoltAbs&quot;:6.5,&quot;socOcvMinVoltAbs&quot;:5.5,&quot;selfDischargeRateMaxCell&quot;:null,&quot;selfDischargeRateMinCell&quot;:null,&quot;voltDiffRatio&quot;:1.39,&quot;conditionEndMileage&quot;:91330,&quot;segStartSoc&quot;:16},{&quot;vin&quot;:&quot;LGXC76D35K0068431&quot;,&quot;rtime&quot;:&quot;20201227080912&quot;,&quot;socOcvMaxVoltAbs&quot;:-5,&quot;socOcvMinVoltAbs&quot;:-10,&quot;selfDischargeRateMaxCell&quot;:null,&quot;selfDischargeRateMinCell&quot;:null,&quot;voltDiffRatio&quot;:1.44,&quot;conditionEndMileage&quot;:91330,&quot;segStartSoc&quot;:16},{&quot;vin&quot;:&quot;LGXC76D35K0068431&quot;,&quot;rtime&quot;:&quot;20201228174826&quot;,&quot;socOcvMaxVoltAbs&quot;:19,&quot;socOcvMinVoltAbs&quot;:28,&quot;selfDischargeRateMaxCell&quot;:null,&quot;selfDischargeRateMinCell&quot;:null,&quot;voltDiffRatio&quot;:1.67,&quot;conditionEndMileage&quot;:91900,&quot;segStartSoc&quot;:17},{&quot;vin&quot;:&quot;LGXC76D35K0068431&quot;,&quot;rtime&quot;:&quot;20201231125528&quot;,&quot;socOcvMaxVoltAbs&quot;:14.5,&quot;socOcvMinVoltAbs&quot;:29.5,&quot;selfDischargeRateMaxCell&quot;:null,&quot;selfDischargeRateMinCell&quot;:null,&quot;voltDiffRatio&quot;:1.5,&quot;conditionEndMileage&quot;:91900,&quot;segStartSoc&quot;:16},{&quot;vin&quot;:&quot;LGXC76D35K0068431&quot;,&quot;rtime&quot;:&quot;20210119113905&quot;,&quot;socOcvMaxVoltAbs&quot;:12,&quot;socOcvMinVoltAbs&quot;:11,&quot;selfDischargeRateMaxCell&quot;:null,&quot;selfDischargeRateMinCell&quot;:null,&quot;voltDiffRatio&quot;:1.63,&quot;conditionEndMileage&quot;:93100,&quot;segStartSoc&quot;:16},{&quot;vin&quot;:&quot;LGXC76D35K0068431&quot;,&quot;rtime&quot;:&quot;20210121090322&quot;,&quot;socOcvMaxVoltAbs&quot;:43.5,&quot;socOcvMinVoltAbs&quot;:42.5,&quot;selfDischargeRateMaxCell&quot;:null,&quot;selfDischargeRateMinCell&quot;:null,&quot;voltDiffRatio&quot;:1.6,&quot;conditionEndMileage&quot;:93460,&quot;segStartSoc&quot;:59},{&quot;vin&quot;:&quot;LGXC76D35K0068431&quot;,&quot;rtime&quot;:&quot;20210121142926&quot;,&quot;socOcvMaxVoltAbs&quot;:13,&quot;socOcvMinVoltAbs&quot;:14,&quot;selfDischargeRateMaxCell&quot;:null,&quot;selfDischargeRateMinCell&quot;:null,&quot;voltDiffRatio&quot;:1.38,&quot;conditionEndMileage&quot;:93610,&quot;segStartSoc&quot;:51},{&quot;vin&quot;:&quot;LGXC76D35K0068431&quot;,&quot;rtime&quot;:&quot;20210122092246&quot;,&quot;socOcvMaxVoltAbs&quot;:13,&quot;socOcvMinVoltAbs&quot;:20,&quot;selfDischargeRateMaxCell&quot;:null,&quot;selfDischargeRateMinCell&quot;:null,&quot;voltDiffRatio&quot;:2.33,&quot;conditionEndMileage&quot;:93920,&quot;segStartSoc&quot;:31},{&quot;vin&quot;:&quot;LGXC76D35K0068431&quot;,&quot;rtime&quot;:&quot;20210124191542&quot;,&quot;socOcvMaxVoltAbs&quot;:-2,&quot;socOcvMinVoltAbs&quot;:3,&quot;selfDischargeRateMaxCell&quot;:null,&quot;selfDischargeRateMinCell&quot;:null,&quot;voltDiffRatio&quot;:1.44,&quot;conditionEndMileage&quot;:94000,&quot;segStartSoc&quot;:16},{&quot;vin&quot;:&quot;LGXC76D35K0068431&quot;,&quot;rtime&quot;:&quot;20210126160934&quot;,&quot;socOcvMaxVoltAbs&quot;:12,&quot;socOcvMinVoltAbs&quot;:19,&quot;selfDischargeRateMaxCell&quot;:null,&quot;selfDischargeRateMinCell&quot;:null,&quot;voltDiffRatio&quot;:1.86,&quot;conditionEndMileage&quot;:102930,&quot;segStartSoc&quot;:27},{&quot;vin&quot;:&quot;LGXC76D35K0068431&quot;,&quot;rtime&quot;:&quot;20210127110251&quot;,&quot;socOcvMaxVoltAbs&quot;:17.5,&quot;socOcvMinVoltAbs&quot;:20,&quot;selfDischargeRateMaxCell&quot;:null,&quot;selfDischargeRateMinCell&quot;:null,&quot;voltDiffRatio&quot;:2.43,&quot;conditionEndMileage&quot;:103130,&quot;segStartSoc&quot;:24},{&quot;vin&quot;:&quot;LGXC76D35K0068431&quot;,&quot;rtime&quot;:&quot;20210128164028&quot;,&quot;socOcvMaxVoltAbs&quot;:8,&quot;socOcvMinVoltAbs&quot;:38,&quot;selfDischargeRateMaxCell&quot;:null,&quot;selfDischargeRateMinCell&quot;:null,&quot;voltDiffRatio&quot;:1.71,&quot;conditionEndMileage&quot;:109020,&quot;segStartSoc&quot;:41},{&quot;vin&quot;:&quot;LGXC76D35K0068431&quot;,&quot;rtime&quot;:&quot;20210130154737&quot;,&quot;socOcvMaxVoltAbs&quot;:11,&quot;socOcvMinVoltAbs&quot;:8,&quot;selfDischargeRateMaxCell&quot;:null,&quot;selfDischargeRateMinCell&quot;:null,&quot;voltDiffRatio&quot;:1.73,&quot;conditionEndMileage&quot;:110050,&quot;segStartSoc&quot;:68},{&quot;vin&quot;:&quot;LGXC76D35K0068431&quot;,&quot;rtime&quot;:&quot;20210131192853&quot;,&quot;socOcvMaxVoltAbs&quot;:-9.5,&quot;socOcvMinVoltAbs&quot;:-12.5,&quot;selfDischargeRateMaxCell&quot;:null,&quot;selfDischargeRateMinCell&quot;:null,&quot;voltDiffRatio&quot;:2,&quot;conditionEndMileage&quot;:110240,&quot;segStartSoc&quot;:34}]},&quot;Length&quot;:{&quot;actualLenth&quot;:1,&quot;expectLenth&quot;:132},&quot;vin&quot;:{&quot;actualKey&quot;:&quot;不存在此vin&quot;,&quot;expectedKey&quot;:&quot;vin&quot;},&quot;rtime&quot;:{&quot;actualKey&quot;:&quot;不存在此rtime&quot;,&quot;expectedKey&quot;:&quot;rtime&quot;},&quot;socOcvMaxVoltAbs&quot;:{&quot;actualKey&quot;:&quot;不存在此socOcvMaxVoltAbs&quot;,&quot;expectedKey&quot;:&quot;socOcvMaxVoltAbs&quot;},&quot;socOcvMinVoltAbs&quot;:{&quot;actualKey&quot;:&quot;不存在此socOcvMinVoltAbs&quot;,&quot;expectedKey&quot;:&quot;socOcvMinVoltAbs&quot;},&quot;selfDischargeRateMaxCell&quot;:{&quot;actualKey&quot;:&quot;不存在此selfDischargeRateMaxCell&quot;,&quot;expectedKey&quot;:&quot;selfDischargeRateMaxCell&quot;},&quot;selfDischargeRateMinCell&quot;:{&quot;actualKey&quot;:&quot;不存在此selfDischargeRateMinCell&quot;,&quot;expectedKey&quot;:&quot;selfDischargeRateMinCell&quot;},&quot;voltDiffRatio&quot;:{&quot;actualKey&quot;:&quot;不存在此voltDiffRatio&quot;,&quot;expectedKey&quot;:&quot;voltDiffRatio&quot;},&quot;conditionEndMileage&quot;:{&quot;actualKey&quot;:&quot;不存在此conditionEndMileage&quot;,&quot;expectedKey&quot;:&quot;conditionEndMileage&quot;},&quot;segStartSoc&quot;:{&quot;actualKey&quot;:&quot;不存在此segStartSoc&quot;,&quot;expectedKey&quot;:&quot;segStartSoc&quot;},&quot;error&quot;:{&quot;actualValue&quot;:null,&quot;expectedValue&quot;:[{&quot;vin&quot;:&quot;LGXC76D35K0068431&quot;,&quot;rtime&quot;:&quot;20200708205318&quot;,&quot;socOcvMaxVoltAbs&quot;:-2,&quot;socOcvMinVoltAbs&quot;:-6,&quot;selfDischargeRateMaxCell&quot;:null,&quot;selfDischargeRateMinCell&quot;:null,&quot;voltDiffRatio&quot;:1.11,&quot;conditionEndMileage&quot;:54980,&quot;segStartSoc&quot;:16},{&quot;vin&quot;:&quot;LGXC76D35K0068431&quot;,&quot;rtime&quot;:&quot;20200709200820&quot;,&quot;socOcvMaxVoltAbs&quot;:-11.5,&quot;socOcvMinVoltAbs&quot;:-23.5,&quot;selfDischargeRateMaxCell&quot;:null,&quot;selfDischargeRateMinCell&quot;:null,&quot;voltDiffRatio&quot;:0.73,&quot;conditionEndMileage&quot;:55120,&quot;segStartSoc&quot;:84},{&quot;vin&quot;:&quot;LGXC76D35K0068431&quot;,&quot;rtime&quot;:&quot;20200711083038&quot;,&quot;socOcvMaxVoltAbs&quot;:37,&quot;socOcvMinVoltAbs&quot;:38,&quot;selfDischargeRateMaxCell&quot;:null,&quot;selfDischargeRateMinCell&quot;:null,&quot;voltDiffRatio&quot;:1.27,&quot;conditionEndMileage&quot;:55180,&quot;segStartSoc&quot;:75},{&quot;vin&quot;:&quot;LGXC76D35K0068431&quot;,&quot;rtime&quot;:&quot;20200711194533&quot;,&quot;socOcvMaxVoltAbs&quot;:10,&quot;socOcvMinVoltAbs&quot;:-5,&quot;selfDischargeRateMaxCell&quot;:null,&quot;selfDischargeRateMinCell&quot;:null,&quot;voltDiffRatio&quot;:0.89,&quot;conditionEndMileage&quot;:55260,&quot;segStartSoc&quot;:57},{&quot;vin&quot;:&quot;LGXC76D35K0068431&quot;,&quot;rtime&quot;:&quot;20200712080538&quot;,&quot;socOcvMaxVoltAbs&quot;:0,&quot;socOcvMinVoltAbs&quot;:-2,&quot;selfDischargeRateMaxCell&quot;:null,&quot;selfDischargeRateMinCell&quot;:null,&quot;voltDiffRatio&quot;:1,&quot;conditionEndMileage&quot;:55320,&quot;segStartSoc&quot;:47},{&quot;vin&quot;:&quot;LGXC76D35K0068431&quot;,&quot;rtime&quot;:&quot;20200712190049&quot;,&quot;socOcvMaxVoltAbs&quot;:-1,&quot;socOcvMinVoltAbs&quot;:4,&quot;selfDischargeRateMaxCell&quot;:null,&quot;selfDischargeRateMinCell&quot;:null,&quot;voltDiffRatio&quot;:1.14,&quot;conditionEndMileage&quot;:55400,&quot;segStartSoc&quot;:35},{&quot;vin&quot;:&quot;LGXC76D35K0068431&quot;,&quot;rtime&quot;:&quot;20200714075259&quot;,&quot;socOcvMaxVoltAbs&quot;:28,&quot;socOcvMinVoltAbs&quot;:27,&quot;selfDischargeRateMaxCell&quot;:null,&quot;selfDischargeRateMinCell&quot;:null,&quot;voltDiffRatio&quot;:1.33,&quot;conditionEndMileage&quot;:55460,&quot;segStartSoc&quot;:25},{&quot;vin&quot;:&quot;LGXC76D35K0068431&quot;,&quot;rtime&quot;:&quot;20200714194559&quot;,&quot;socOcvMaxVoltAbs&quot;:-9.5,&quot;socOcvMinVoltAbs&quot;:-9,&quot;selfDischargeRateMaxCell&quot;:null,&quot;selfDischargeRateMinCell&quot;:null,&quot;voltDiffRatio&quot;:1.26,&quot;conditionEndMileage&quot;:55540,&quot;segStartSoc&quot;:16},{&quot;vin&quot;:&quot;LGXC76D35K0068431&quot;,&quot;rtime&quot;:&quot;20200719194145&quot;,&quot;socOcvMaxVoltAbs&quot;:19,&quot;socOcvMinVoltAbs&quot;:13.5,&quot;selfDischargeRateMaxCell&quot;:null,&quot;selfDischargeRateMinCell&quot;:null,&quot;voltDiffRatio&quot;:0.86,&quot;conditionEndMileage&quot;:55880,&quot;segStartSoc&quot;:82},{&quot;vin&quot;:&quot;LGXC76D35K0068431&quot;,&quot;rtime&quot;:&quot;20200721084732&quot;,&quot;socOcvMaxVoltAbs&quot;:34,&quot;socOcvMinVoltAbs&quot;:15,&quot;selfDischargeRateMaxCell&quot;:null,&quot;selfDischargeRateMinCell&quot;:null,&quot;voltDiffRatio&quot;:1.45,&quot;conditionEndMileage&quot;:55940,&quot;segStartSoc&quot;:72},{&quot;vin&quot;:&quot;LGXC76D35K0068431&quot;,&quot;rtime&quot;:&quot;20200723085152&quot;,&quot;socOcvMaxVoltAbs&quot;:8.5,&quot;socOcvMinVoltAbs&quot;:3,&quot;selfDischargeRateMaxCell&quot;:null,&quot;selfDischargeRateMinCell&quot;:null,&quot;voltDiffRatio&quot;:1.16,&quot;conditionEndMileage&quot;:56240,&quot;segStartSoc&quot;:16},{&quot;vin&quot;:&quot;LGXC76D35K0068431&quot;,&quot;rtime&quot;:&quot;20200723192240&quot;,&quot;socOcvMaxVoltAbs&quot;:1,&quot;socOcvMinVoltAbs&quot;:-3,&quot;selfDischargeRateMaxCell&quot;:null,&quot;selfDischargeRateMinCell&quot;:null,&quot;voltDiffRatio&quot;:1.16,&quot;conditionEndMileage&quot;:56320,&quot;segStartSoc&quot;:16},{&quot;vin&quot;:&quot;LGXC76D35K0068431&quot;,&quot;rtime&quot;:&quot;20200724084950&quot;,&quot;socOcvMaxVoltAbs&quot;:-0.5,&quot;socOcvMinVoltAbs&quot;:-5,&quot;selfDischargeRateMaxCell&quot;:null,&quot;selfDischargeRateMinCell&quot;:null,&quot;voltDiffRatio&quot;:1.21,&quot;conditionEndMileage&quot;:56380,&quot;segStartSoc&quot;:16},{&quot;vin&quot;:&quot;LGXC76D35K0068431&quot;,&quot;rtime&quot;:&quot;20200724201218&quot;,&quot;socOcvMaxVoltAbs&quot;:5,&quot;socOcvMinVoltAbs&quot;:0,&quot;selfDischargeRateMaxCell&quot;:null,&quot;selfDischargeRateMinCell&quot;:null,&quot;voltDiffRatio&quot;:1.21,&quot;conditionEndMileage&quot;:56460,&quot;segStartSoc&quot;:16},{&quot;vin&quot;:&quot;LGXC76D35K0068431&quot;,&quot;rtime&quot;:&quot;20200725114340&quot;,&quot;socOcvMaxVoltAbs&quot;:6.5,&quot;socOcvMinVoltAbs&quot;:4,&quot;selfDischargeRateMaxCell&quot;:null,&quot;selfDischargeRateMinCell&quot;:null,&quot;voltDiffRatio&quot;:1.21,&quot;conditionEndMileage&quot;:56520,&quot;segStartSoc&quot;:16},{&quot;vin&quot;:&quot;LGXC76D35K0068431&quot;,&quot;rtime&quot;:&quot;20200726190433&quot;,&quot;socOcvMaxVoltAbs&quot;:32,&quot;socOcvMinVoltAbs&quot;:32,&quot;selfDischargeRateMaxCell&quot;:null,&quot;selfDischargeRateMinCell&quot;:null,&quot;voltDiffRatio&quot;:1,&quot;conditionEndMileage&quot;:56750,&quot;segStartSoc&quot;:85},{&quot;vin&quot;:&quot;LGXC76D35K0068431&quot;,&quot;rtime&quot;:&quot;20200802093738&quot;,&quot;socOcvMaxVoltAbs&quot;:-34,&quot;socOcvMinVoltAbs&quot;:-21,&quot;selfDischargeRateMaxCell&quot;:null,&quot;selfDischargeRateMinCell&quot;:null,&quot;voltDiffRatio&quot;:1.92,&quot;conditionEndMileage&quot;:56810,&quot;segStartSoc&quot;:70},{&quot;vin&quot;:&quot;LGXC76D35K0068431&quot;,&quot;rtime&quot;:&quot;20200802185916&quot;,&quot;socOcvMaxVoltAbs&quot;:19,&quot;socOcvMinVoltAbs&quot;:10,&quot;selfDischargeRateMaxCell&quot;:null,&quot;selfDischargeRateMinCell&quot;:null,&quot;voltDiffRatio&quot;:0.89,&quot;conditionEndMileage&quot;:56890,&quot;segStartSoc&quot;:54},{&quot;vin&quot;:&quot;LGXC76D35K0068431&quot;,&quot;rtime&quot;:&quot;20200803075903&quot;,&quot;socOcvMaxVoltAbs&quot;:8.5,&quot;socOcvMinVoltAbs&quot;:4.5,&quot;selfDischargeRateMaxCell&quot;:null,&quot;selfDischargeRateMinCell&quot;:null,&quot;voltDiffRatio&quot;:1.5,&quot;conditionEndMileage&quot;:56950,&quot;segStartSoc&quot;:45},{&quot;vin&quot;:&quot;LGXC76D35K0068431&quot;,&quot;rtime&quot;:&quot;20200803200021&quot;,&quot;socOcvMaxVoltAbs&quot;:5,&quot;socOcvMinVoltAbs&quot;:11,&quot;selfDischargeRateMaxCell&quot;:null,&quot;selfDischargeRateMinCell&quot;:null,&quot;voltDiffRatio&quot;:1.57,&quot;conditionEndMileage&quot;:57030,&quot;segStartSoc&quot;:30},{&quot;vin&quot;:&quot;LGXC76D35K0068431&quot;,&quot;rtime&quot;:&quot;20200804091327&quot;,&quot;socOcvMaxVoltAbs&quot;:24.5,&quot;socOcvMinVoltAbs&quot;:20,&quot;selfDischargeRateMaxCell&quot;:null,&quot;selfDischargeRateMinCell&quot;:null,&quot;voltDiffRatio&quot;:1.91,&quot;conditionEndMileage&quot;:57090,&quot;segStartSoc&quot;:20},{&quot;vin&quot;:&quot;LGXC76D35K0068431&quot;,&quot;rtime&quot;:&quot;20200804194556&quot;,&quot;socOcvMaxVoltAbs&quot;:7,&quot;socOcvMinVoltAbs&quot;:0,&quot;selfDischargeRateMaxCell&quot;:null,&quot;selfDischargeRateMinCell&quot;:null,&quot;voltDiffRatio&quot;:1.17,&quot;conditionEndMileage&quot;:57170,&quot;segStartSoc&quot;:16},{&quot;vin&quot;:&quot;LGXC76D35K0068431&quot;,&quot;rtime&quot;:&quot;20200805123749&quot;,&quot;socOcvMaxVoltAbs&quot;:7.5,&quot;socOcvMinVoltAbs&quot;:3,&quot;selfDischargeRateMaxCell&quot;:null,&quot;selfDischargeRateMinCell&quot;:null,&quot;voltDiffRatio&quot;:1.11,&quot;conditionEndMileage&quot;:57230,&quot;segStartSoc&quot;:16},{&quot;vin&quot;:&quot;LGXC76D35K0068431&quot;,&quot;rtime&quot;:&quot;20200805204950&quot;,&quot;socOcvMaxVoltAbs&quot;:-0.5,&quot;socOcvMinVoltAbs&quot;:-5,&quot;selfDischargeRateMaxCell&quot;:null,&quot;selfDischargeRateMinCell&quot;:null,&quot;voltDiffRatio&quot;:1.11,&quot;conditionEndMileage&quot;:57310,&quot;segStartSoc&quot;:16},{&quot;vin&quot;:&quot;LGXC76D35K0068431&quot;,&quot;rtime&quot;:&quot;20200806084302&quot;,&quot;socOcvMaxVoltAbs&quot;:0,&quot;socOcvMinVoltAbs&quot;:-7,&quot;selfDischargeRateMaxCell&quot;:null,&quot;selfDischargeRateMinCell&quot;:null,&quot;voltDiffRatio&quot;:1.17,&quot;conditionEndMileage&quot;:57370,&quot;segStartSoc&quot;:16},{&quot;vin&quot;:&quot;LGXC76D35K0068431&quot;,&quot;rtime&quot;:&quot;20200806194330&quot;,&quot;socOcvMaxVoltAbs&quot;:16,&quot;socOcvMinVoltAbs&quot;:11,&quot;selfDischargeRateMaxCell&quot;:null,&quot;selfDischargeRateMinCell&quot;:null,&quot;voltDiffRatio&quot;:1.06,&quot;conditionEndMileage&quot;:57450,&quot;segStartSoc&quot;:16},{&quot;vin&quot;:&quot;LGXC76D35K0068431&quot;,&quot;rtime&quot;:&quot;20200807184745&quot;,&quot;socOcvMaxVoltAbs&quot;:20,&quot;socOcvMinVoltAbs&quot;:17,&quot;selfDischargeRateMaxCell&quot;:null,&quot;selfDischargeRateMinCell&quot;:null,&quot;voltDiffRatio&quot;:0.73,&quot;conditionEndMileage&quot;:57590,&quot;segStartSoc&quot;:86},{&quot;vin&quot;:&quot;LGXC76D35K0068431&quot;,&quot;rtime&quot;:&quot;20200808090733&quot;,&quot;socOcvMaxVoltAbs&quot;:40.5,&quot;socOcvMinVoltAbs&quot;:35.5,&quot;selfDischargeRateMaxCell&quot;:null,&quot;selfDischargeRateMinCell&quot;:null,&quot;voltDiffRatio&quot;:1.36,&quot;conditionEndMileage&quot;:57650,&quot;segStartSoc&quot;:69},{&quot;vin&quot;:&quot;LGXC76D35K0068431&quot;,&quot;rtime&quot;:&quot;20200808185244&quot;,&quot;socOcvMaxVoltAbs&quot;:-14,&quot;socOcvMinVoltAbs&quot;:4,&quot;selfDischargeRateMaxCell&quot;:null,&quot;selfDischargeRateMinCell&quot;:null,&quot;voltDiffRatio&quot;:1.13,&quot;conditionEndMileage&quot;:57720,&quot;segStartSoc&quot;:50},{&quot;vin&quot;:&quot;LGXC76D35K0068431&quot;,&quot;rtime&quot;:&quot;20200811191041&quot;,&quot;socOcvMaxVoltAbs&quot;:9.5,&quot;socOcvMinVoltAbs&quot;:1,&quot;selfDischargeRateMaxCell&quot;:null,&quot;selfDischargeRateMinCell&quot;:null,&quot;voltDiffRatio&quot;:1.15,&quot;conditionEndMileage&quot;:57880,&quot;segStartSoc&quot;:20},{&quot;vin&quot;:&quot;LGXC76D35K0068431&quot;,&quot;rtime&quot;:&quot;20200812084416&quot;,&quot;socOcvMaxVoltAbs&quot;:7,&quot;socOcvMinVoltAbs&quot;:3,&quot;selfDischargeRateMaxCell&quot;:null,&quot;selfDischargeRateMinCell&quot;:null,&quot;voltDiffRatio&quot;:0.89,&quot;conditionEndMileage&quot;:57960,&quot;segStartSoc&quot;:16},{&quot;vin&quot;:&quot;LGXC76D35K0068431&quot;,&quot;rtime&quot;:&quot;20200812185250&quot;,&quot;socOcvMaxVoltAbs&quot;:2,&quot;socOcvMinVoltAbs&quot;:-5,&quot;selfDischargeRateMaxCell&quot;:null,&quot;selfDischargeRateMinCell&quot;:null,&quot;voltDiffRatio&quot;:1.06,&quot;conditionEndMileage&quot;:58030,&quot;segStartSoc&quot;:16},{&quot;vin&quot;:&quot;LGXC76D35K0068431&quot;,&quot;rtime&quot;:&quot;20200813085805&quot;,&quot;socOcvMaxVoltAbs&quot;:7,&quot;socOcvMinVoltAbs&quot;:0,&quot;selfDischargeRateMaxCell&quot;:null,&quot;selfDischargeRateMinCell&quot;:null,&quot;voltDiffRatio&quot;:1.06,&quot;conditionEndMileage&quot;:58090,&quot;segStartSoc&quot;:16},{&quot;vin&quot;:&quot;LGXC76D35K0068431&quot;,&quot;rtime&quot;:&quot;20200813192704&quot;,&quot;socOcvMaxVoltAbs&quot;:1,&quot;socOcvMinVoltAbs&quot;:-7,&quot;selfDischargeRateMaxCell&quot;:null,&quot;selfDischargeRateMinCell&quot;:null,&quot;voltDiffRatio&quot;:1.72,&quot;conditionEndMileage&quot;:58170,&quot;segStartSoc&quot;:16},{&quot;vin&quot;:&quot;LGXC76D35K0068431&quot;,&quot;rtime&quot;:&quot;20200814084136&quot;,&quot;socOcvMaxVoltAbs&quot;:-1,&quot;socOcvMinVoltAbs&quot;:-6,&quot;selfDischargeRateMaxCell&quot;:null,&quot;selfDischargeRateMinCell&quot;:null,&quot;voltDiffRatio&quot;:1,&quot;conditionEndMileage&quot;:58230,&quot;segStartSoc&quot;:16},{&quot;vin&quot;:&quot;LGXC76D35K0068431&quot;,&quot;rtime&quot;:&quot;20200814193310&quot;,&quot;socOcvMaxVoltAbs&quot;:-1,&quot;socOcvMinVoltAbs&quot;:-10,&quot;selfDischargeRateMaxCell&quot;:null,&quot;selfDischargeRateMinCell&quot;:null,&quot;voltDiffRatio&quot;:1.11,&quot;conditionEndMileage&quot;:58310,&quot;segStartSoc&quot;:16},{&quot;vin&quot;:&quot;LGXC76D35K0068431&quot;,&quot;rtime&quot;:&quot;20200816093126&quot;,&quot;socOcvMaxVoltAbs&quot;:11,&quot;socOcvMinVoltAbs&quot;:-5,&quot;selfDischargeRateMaxCell&quot;:null,&quot;selfDischargeRateMinCell&quot;:null,&quot;voltDiffRatio&quot;:0.89,&quot;conditionEndMileage&quot;:58370,&quot;segStartSoc&quot;:16},{&quot;vin&quot;:&quot;LGXC76D35K0068431&quot;,&quot;rtime&quot;:&quot;20200816182815&quot;,&quot;socOcvMaxVoltAbs&quot;:0,&quot;socOcvMinVoltAbs&quot;:-6,&quot;selfDischargeRateMaxCell&quot;:null,&quot;selfDischargeRateMinCell&quot;:null,&quot;voltDiffRatio&quot;:1,&quot;conditionEndMileage&quot;:58450,&quot;segStartSoc&quot;:16},{&quot;vin&quot;:&quot;LGXC76D35K0068431&quot;,&quot;rtime&quot;:&quot;20200817081659&quot;,&quot;socOcvMaxVoltAbs&quot;:5,&quot;socOcvMinVoltAbs&quot;:-3,&quot;selfDischargeRateMaxCell&quot;:null,&quot;selfDischargeRateMinCell&quot;:null,&quot;voltDiffRatio&quot;:1,&quot;conditionEndMileage&quot;:59010,&quot;segStartSoc&quot;:16},{&quot;vin&quot;:&quot;LGXC76D35K0068431&quot;,&quot;rtime&quot;:&quot;20200817223717&quot;,&quot;socOcvMaxVoltAbs&quot;:-2,&quot;socOcvMinVoltAbs&quot;:-7,&quot;selfDischargeRateMaxCell&quot;:null,&quot;selfDischargeRateMinCell&quot;:null,&quot;voltDiffRatio&quot;:0.89,&quot;conditionEndMileage&quot;:59080,&quot;segStartSoc&quot;:16},{&quot;vin&quot;:&quot;LGXC76D35K0068431&quot;,&quot;rtime&quot;:&quot;20200818091438&quot;,&quot;socOcvMaxVoltAbs&quot;:8,&quot;socOcvMinVoltAbs&quot;:-1,&quot;selfDischargeRateMaxCell&quot;:null,&quot;selfDischargeRateMinCell&quot;:null,&quot;voltDiffRatio&quot;:1,&quot;conditionEndMileage&quot;:59140,&quot;segStartSoc&quot;:16},{&quot;vin&quot;:&quot;LGXC76D35K0068431&quot;,&quot;rtime&quot;:&quot;20200818191429&quot;,&quot;socOcvMaxVoltAbs&quot;:5,&quot;socOcvMinVoltAbs&quot;:-2,&quot;selfDischargeRateMaxCell&quot;:null,&quot;selfDischargeRateMinCell&quot;:null,&quot;voltDiffRatio&quot;:1,&quot;conditionEndMileage&quot;:59220,&quot;segStartSoc&quot;:16},{&quot;vin&quot;:&quot;LGXC76D35K0068431&quot;,&quot;rtime&quot;:&quot;20200820085217&quot;,&quot;socOcvMaxVoltAbs&quot;:0.5,&quot;socOcvMinVoltAbs&quot;:-6,&quot;selfDischargeRateMaxCell&quot;:null,&quot;selfDischargeRateMinCell&quot;:null,&quot;voltDiffRatio&quot;:0.95,&quot;conditionEndMileage&quot;:59280,&quot;segStartSoc&quot;:16},{&quot;vin&quot;:&quot;LGXC76D35K0068431&quot;,&quot;rtime&quot;:&quot;20200820202051&quot;,&quot;socOcvMaxVoltAbs&quot;:0,&quot;socOcvMinVoltAbs&quot;:-10,&quot;selfDischargeRateMaxCell&quot;:null,&quot;selfDischargeRateMinCell&quot;:null,&quot;voltDiffRatio&quot;:1,&quot;conditionEndMileage&quot;:59360,&quot;segStartSoc&quot;:16},{&quot;vin&quot;:&quot;LGXC76D35K0068431&quot;,&quot;rtime&quot;:&quot;20200821090509&quot;,&quot;socOcvMaxVoltAbs&quot;:9.5,&quot;socOcvMinVoltAbs&quot;:0.5,&quot;selfDischargeRateMaxCell&quot;:null,&quot;selfDischargeRateMinCell&quot;:null,&quot;voltDiffRatio&quot;:0.94,&quot;conditionEndMileage&quot;:59420,&quot;segStartSoc&quot;:16},{&quot;vin&quot;:&quot;LGXC76D35K0068431&quot;,&quot;rtime&quot;:&quot;20200821195056&quot;,&quot;socOcvMaxVoltAbs&quot;:3,&quot;socOcvMinVoltAbs&quot;:-6,&quot;selfDischargeRateMaxCell&quot;:null,&quot;selfDischargeRateMinCell&quot;:null,&quot;voltDiffRatio&quot;:1,&quot;conditionEndMileage&quot;:59500,&quot;segStartSoc&quot;:16},{&quot;vin&quot;:&quot;LGXC76D35K0068431&quot;,&quot;rtime&quot;:&quot;20200822091005&quot;,&quot;socOcvMaxVoltAbs&quot;:11,&quot;socOcvMinVoltAbs&quot;:1,&quot;selfDischargeRateMaxCell&quot;:null,&quot;selfDischargeRateMinCell&quot;:null,&quot;voltDiffRatio&quot;:0.95,&quot;conditionEndMileage&quot;:59560,&quot;segStartSoc&quot;:16},{&quot;vin&quot;:&quot;LGXC76D35K0068431&quot;,&quot;rtime&quot;:&quot;20200822201217&quot;,&quot;socOcvMaxVoltAbs&quot;:10,&quot;socOcvMinVoltAbs&quot;:5,&quot;selfDischargeRateMaxCell&quot;:null,&quot;selfDischargeRateMinCell&quot;:null,&quot;voltDiffRatio&quot;:0.95,&quot;conditionEndMileage&quot;:59640,&quot;segStartSoc&quot;:16},{&quot;vin&quot;:&quot;LGXC76D35K0068431&quot;,&quot;rtime&quot;:&quot;20200823091800&quot;,&quot;socOcvMaxVoltAbs&quot;:2.5,&quot;socOcvMinVoltAbs&quot;:-6.5,&quot;selfDischargeRateMaxCell&quot;:null,&quot;selfDischargeRateMinCell&quot;:null,&quot;voltDiffRatio&quot;:0.95,&quot;conditionEndMileage&quot;:59700,&quot;segStartSoc&quot;:16},{&quot;vin&quot;:&quot;LGXC76D35K0068431&quot;,&quot;rtime&quot;:&quot;20200823193648&quot;,&quot;socOcvMaxVoltAbs&quot;:23.5,&quot;socOcvMinVoltAbs&quot;:14,&quot;selfDischargeRateMaxCell&quot;:null,&quot;selfDischargeRateMinCell&quot;:null,&quot;voltDiffRatio&quot;:1,&quot;conditionEndMileage&quot;:59780,&quot;segStartSoc&quot;:16},{&quot;vin&quot;:&quot;LGXC76D35K0068431&quot;,&quot;rtime&quot;:&quot;20200824205049&quot;,&quot;socOcvMaxVoltAbs&quot;:8.5,&quot;socOcvMinVoltAbs&quot;:-4,&quot;selfDischargeRateMaxCell&quot;:null,&quot;selfDischargeRateMinCell&quot;:null,&quot;voltDiffRatio&quot;:1,&quot;conditionEndMileage&quot;:59910,&quot;segStartSoc&quot;:82},{&quot;vin&quot;:&quot;LGXC76D35K0068431&quot;,&quot;rtime&quot;:&quot;20200828073118&quot;,&quot;socOcvMaxVoltAbs&quot;:-10,&quot;socOcvMinVoltAbs&quot;:-9,&quot;selfDischargeRateMaxCell&quot;:null,&quot;selfDischargeRateMinCell&quot;:null,&quot;voltDiffRatio&quot;:1.5,&quot;conditionEndMileage&quot;:60120,&quot;segStartSoc&quot;:39},{&quot;vin&quot;:&quot;LGXC76D35K0068431&quot;,&quot;rtime&quot;:&quot;20200828161320&quot;,&quot;socOcvMaxVoltAbs&quot;:10,&quot;socOcvMinVoltAbs&quot;:5,&quot;selfDischargeRateMaxCell&quot;:null,&quot;selfDischargeRateMinCell&quot;:null,&quot;voltDiffRatio&quot;:1.26,&quot;conditionEndMileage&quot;:60350,&quot;segStartSoc&quot;:16},{&quot;vin&quot;:&quot;LGXC76D35K0068431&quot;,&quot;rtime&quot;:&quot;20200828215517&quot;,&quot;socOcvMaxVoltAbs&quot;:-3,&quot;socOcvMinVoltAbs&quot;:-8,&quot;selfDischargeRateMaxCell&quot;:null,&quot;selfDischargeRateMinCell&quot;:null,&quot;voltDiffRatio&quot;:1.16,&quot;conditionEndMileage&quot;:60490,&quot;segStartSoc&quot;:16},{&quot;vin&quot;:&quot;LGXC76D35K0068431&quot;,&quot;rtime&quot;:&quot;20200830114257&quot;,&quot;socOcvMaxVoltAbs&quot;:6.5,&quot;socOcvMinVoltAbs&quot;:9.5,&quot;selfDischargeRateMaxCell&quot;:null,&quot;selfDischargeRateMinCell&quot;:null,&quot;voltDiffRatio&quot;:1.32,&quot;conditionEndMileage&quot;:60550,&quot;segStartSoc&quot;:16},{&quot;vin&quot;:&quot;LGXC76D35K0068431&quot;,&quot;rtime&quot;:&quot;20200830192054&quot;,&quot;socOcvMaxVoltAbs&quot;:7,&quot;socOcvMinVoltAbs&quot;:5,&quot;selfDischargeRateMaxCell&quot;:null,&quot;selfDischargeRateMinCell&quot;:null,&quot;voltDiffRatio&quot;:1.32,&quot;conditionEndMileage&quot;:60630,&quot;segStartSoc&quot;:16},{&quot;vin&quot;:&quot;LGXC76D35K0068431&quot;,&quot;rtime&quot;:&quot;20200905182338&quot;,&quot;socOcvMaxVoltAbs&quot;:-4,&quot;socOcvMinVoltAbs&quot;:-1.5,&quot;selfDischargeRateMaxCell&quot;:null,&quot;selfDischargeRateMinCell&quot;:null,&quot;voltDiffRatio&quot;:1.32,&quot;conditionEndMileage&quot;:61190,&quot;segStartSoc&quot;:16},{&quot;vin&quot;:&quot;LGXC76D35K0068431&quot;,&quot;rtime&quot;:&quot;20200908095010&quot;,&quot;socOcvMaxVoltAbs&quot;:13.5,&quot;socOcvMinVoltAbs&quot;:7,&quot;selfDischargeRateMaxCell&quot;:null,&quot;selfDischargeRateMinCell&quot;:null,&quot;voltDiffRatio&quot;:1.32,&quot;conditionEndMileage&quot;:61360,&quot;segStartSoc&quot;:16},{&quot;vin&quot;:&quot;LGXC76D35K0068431&quot;,&quot;rtime&quot;:&quot;20200908173254&quot;,&quot;socOcvMaxVoltAbs&quot;:-3,&quot;socOcvMinVoltAbs&quot;:-13,&quot;selfDischargeRateMaxCell&quot;:null,&quot;selfDischargeRateMinCell&quot;:null,&quot;voltDiffRatio&quot;:2.44,&quot;conditionEndMileage&quot;:61410,&quot;segStartSoc&quot;:16},{&quot;vin&quot;:&quot;LGXC76D35K0068431&quot;,&quot;rtime&quot;:&quot;20200909115037&quot;,&quot;socOcvMaxVoltAbs&quot;:2,&quot;socOcvMinVoltAbs&quot;:0,&quot;selfDischargeRateMaxCell&quot;:null,&quot;selfDischargeRateMinCell&quot;:null,&quot;voltDiffRatio&quot;:1.39,&quot;conditionEndMileage&quot;:61450,&quot;segStartSoc&quot;:16},{&quot;vin&quot;:&quot;LGXC76D35K0068431&quot;,&quot;rtime&quot;:&quot;20200909171042&quot;,&quot;socOcvMaxVoltAbs&quot;:9,&quot;socOcvMinVoltAbs&quot;:10,&quot;selfDischargeRateMaxCell&quot;:null,&quot;selfDischargeRateMinCell&quot;:null,&quot;voltDiffRatio&quot;:1.39,&quot;conditionEndMileage&quot;:61530,&quot;segStartSoc&quot;:16},{&quot;vin&quot;:&quot;LGXC76D35K0068431&quot;,&quot;rtime&quot;:&quot;20200910103641&quot;,&quot;socOcvMaxVoltAbs&quot;:5,&quot;socOcvMinVoltAbs&quot;:3,&quot;selfDischargeRateMaxCell&quot;:null,&quot;selfDischargeRateMinCell&quot;:null,&quot;voltDiffRatio&quot;:1.32,&quot;conditionEndMileage&quot;:61690,&quot;segStartSoc&quot;:16},{&quot;vin&quot;:&quot;LGXC76D35K0068431&quot;,&quot;rtime&quot;:&quot;20200911152330&quot;,&quot;socOcvMaxVoltAbs&quot;:6.5,&quot;socOcvMinVoltAbs&quot;:5,&quot;selfDischargeRateMaxCell&quot;:null,&quot;selfDischargeRateMinCell&quot;:null,&quot;voltDiffRatio&quot;:1.32,&quot;conditionEndMileage&quot;:61890,&quot;segStartSoc&quot;:16},{&quot;vin&quot;:&quot;LGXC76D35K0068431&quot;,&quot;rtime&quot;:&quot;20200913100140&quot;,&quot;socOcvMaxVoltAbs&quot;:2.5,&quot;socOcvMinVoltAbs&quot;:-2.5,&quot;selfDischargeRateMaxCell&quot;:null,&quot;selfDischargeRateMinCell&quot;:null,&quot;voltDiffRatio&quot;:1.26,&quot;conditionEndMileage&quot;:62020,&quot;segStartSoc&quot;:16},{&quot;vin&quot;:&quot;LGXC76D35K0068431&quot;,&quot;rtime&quot;:&quot;20200914073944&quot;,&quot;socOcvMaxVoltAbs&quot;:22,&quot;socOcvMinVoltAbs&quot;:21.5,&quot;selfDischargeRateMaxCell&quot;:null,&quot;selfDischargeRateMinCell&quot;:null,&quot;voltDiffRatio&quot;:1.36,&quot;conditionEndMileage&quot;:62020,&quot;segStartSoc&quot;:13},{&quot;vin&quot;:&quot;LGXC76D35K0068431&quot;,&quot;rtime&quot;:&quot;20200918111841&quot;,&quot;socOcvMaxVoltAbs&quot;:17,&quot;socOcvMinVoltAbs&quot;:17,&quot;selfDischargeRateMaxCell&quot;:null,&quot;selfDischargeRateMinCell&quot;:null,&quot;voltDiffRatio&quot;:1.39,&quot;conditionEndMileage&quot;:62410,&quot;segStartSoc&quot;:16},{&quot;vin&quot;:&quot;LGXC76D35K0068431&quot;,&quot;rtime&quot;:&quot;20200918174542&quot;,&quot;socOcvMaxVoltAbs&quot;:14,&quot;socOcvMinVoltAbs&quot;:18,&quot;selfDischargeRateMaxCell&quot;:null,&quot;selfDischargeRateMinCell&quot;:null,&quot;voltDiffRatio&quot;:1.44,&quot;conditionEndMileage&quot;:62410,&quot;segStartSoc&quot;:16},{&quot;vin&quot;:&quot;LGXC76D35K0068431&quot;,&quot;rtime&quot;:&quot;20200922111428&quot;,&quot;socOcvMaxVoltAbs&quot;:5,&quot;socOcvMinVoltAbs&quot;:6,&quot;selfDischargeRateMaxCell&quot;:null,&quot;selfDischargeRateMinCell&quot;:null,&quot;voltDiffRatio&quot;:1.39,&quot;conditionEndMileage&quot;:62490,&quot;segStartSoc&quot;:16},{&quot;vin&quot;:&quot;LGXC76D35K0068431&quot;,&quot;rtime&quot;:&quot;20200922170955&quot;,&quot;socOcvMaxVoltAbs&quot;:5,&quot;socOcvMinVoltAbs&quot;:10,&quot;selfDischargeRateMaxCell&quot;:null,&quot;selfDischargeRateMinCell&quot;:null,&quot;voltDiffRatio&quot;:1.39,&quot;conditionEndMileage&quot;:62490,&quot;segStartSoc&quot;:16},{&quot;vin&quot;:&quot;LGXC76D35K0068431&quot;,&quot;rtime&quot;:&quot;20200928094146&quot;,&quot;socOcvMaxVoltAbs&quot;:-20,&quot;socOcvMinVoltAbs&quot;:-17,&quot;selfDischargeRateMaxCell&quot;:null,&quot;selfDischargeRateMinCell&quot;:null,&quot;voltDiffRatio&quot;:1.32,&quot;conditionEndMileage&quot;:62750,&quot;segStartSoc&quot;:16},{&quot;vin&quot;:&quot;LGXC76D35K0068431&quot;,&quot;rtime&quot;:&quot;20200929133432&quot;,&quot;socOcvMaxVoltAbs&quot;:-4,&quot;socOcvMinVoltAbs&quot;:-2.5,&quot;selfDischargeRateMaxCell&quot;:null,&quot;selfDischargeRateMinCell&quot;:null,&quot;voltDiffRatio&quot;:1.44,&quot;conditionEndMileage&quot;:62750,&quot;segStartSoc&quot;:16},{&quot;vin&quot;:&quot;LGXC76D35K0068431&quot;,&quot;rtime&quot;:&quot;20200930173546&quot;,&quot;socOcvMaxVoltAbs&quot;:-5.5,&quot;socOcvMinVoltAbs&quot;:-5,&quot;selfDischargeRateMaxCell&quot;:null,&quot;selfDischargeRateMinCell&quot;:null,&quot;voltDiffRatio&quot;:1.26,&quot;conditionEndMileage&quot;:63030,&quot;segStartSoc&quot;:16},{&quot;vin&quot;:&quot;LGXC76D35K0068431&quot;,&quot;rtime&quot;:&quot;20201001152511&quot;,&quot;socOcvMaxVoltAbs&quot;:10,&quot;socOcvMinVoltAbs&quot;:-11,&quot;selfDischargeRateMaxCell&quot;:null,&quot;selfDischargeRateMinCell&quot;:null,&quot;voltDiffRatio&quot;:1.36,&quot;conditionEndMileage&quot;:63030,&quot;segStartSoc&quot;:14},{&quot;vin&quot;:&quot;LGXC76D35K0068431&quot;,&quot;rtime&quot;:&quot;20201002052218&quot;,&quot;socOcvMaxVoltAbs&quot;:-23,&quot;socOcvMinVoltAbs&quot;:-26,&quot;selfDischargeRateMaxCell&quot;:null,&quot;selfDischargeRateMinCell&quot;:null,&quot;voltDiffRatio&quot;:2.46,&quot;conditionEndMileage&quot;:63030,&quot;segStartSoc&quot;:15},{&quot;vin&quot;:&quot;LGXC76D35K0068431&quot;,&quot;rtime&quot;:&quot;20201003103148&quot;,&quot;socOcvMaxVoltAbs&quot;:14,&quot;socOcvMinVoltAbs&quot;:5,&quot;selfDischargeRateMaxCell&quot;:null,&quot;selfDischargeRateMinCell&quot;:null,&quot;voltDiffRatio&quot;:1.5,&quot;conditionEndMileage&quot;:71880,&quot;segStartSoc&quot;:51},{&quot;vin&quot;:&quot;LGXC76D35K0068431&quot;,&quot;rtime&quot;:&quot;20201003175605&quot;,&quot;socOcvMaxVoltAbs&quot;:19,&quot;socOcvMinVoltAbs&quot;:17,&quot;selfDischargeRateMaxCell&quot;:null,&quot;selfDischargeRateMinCell&quot;:null,&quot;voltDiffRatio&quot;:1.5,&quot;conditionEndMileage&quot;:72130,&quot;segStartSoc&quot;:45},{&quot;vin&quot;:&quot;LGXC76D35K0068431&quot;,&quot;rtime&quot;:&quot;20201005075529&quot;,&quot;socOcvMaxVoltAbs&quot;:15,&quot;socOcvMinVoltAbs&quot;:14,&quot;selfDischargeRateMaxCell&quot;:null,&quot;selfDischargeRateMinCell&quot;:null,&quot;voltDiffRatio&quot;:1.38,&quot;conditionEndMileage&quot;:72910,&quot;segStartSoc&quot;:51},{&quot;vin&quot;:&quot;LGXC76D35K0068431&quot;,&quot;rtime&quot;:&quot;20201006065354&quot;,&quot;socOcvMaxVoltAbs&quot;:29.5,&quot;socOcvMinVoltAbs&quot;:24.5,&quot;selfDischargeRateMaxCell&quot;:null,&quot;selfDischargeRateMinCell&quot;:null,&quot;voltDiffRatio&quot;:1.33,&quot;conditionEndMileage&quot;:74690,&quot;segStartSoc&quot;:16},{&quot;vin&quot;:&quot;LGXC76D35K0068431&quot;,&quot;rtime&quot;:&quot;20201007065335&quot;,&quot;socOcvMaxVoltAbs&quot;:-10,&quot;socOcvMinVoltAbs&quot;:5,&quot;selfDischargeRateMaxCell&quot;:null,&quot;selfDischargeRateMinCell&quot;:null,&quot;voltDiffRatio&quot;:2,&quot;conditionEndMileage&quot;:75960,&quot;segStartSoc&quot;:37},{&quot;vin&quot;:&quot;LGXC76D35K0068431&quot;,&quot;rtime&quot;:&quot;20201007163711&quot;,&quot;socOcvMaxVoltAbs&quot;:-6.5,&quot;socOcvMinVoltAbs&quot;:0,&quot;selfDischargeRateMaxCell&quot;:null,&quot;selfDischargeRateMinCell&quot;:null,&quot;voltDiffRatio&quot;:2,&quot;conditionEndMileage&quot;:76000,&quot;segStartSoc&quot;:34},{&quot;vin&quot;:&quot;LGXC76D35K0068431&quot;,&quot;rtime&quot;:&quot;20201009151316&quot;,&quot;socOcvMaxVoltAbs&quot;:16,&quot;socOcvMinVoltAbs&quot;:9,&quot;selfDischargeRateMaxCell&quot;:null,&quot;selfDischargeRateMinCell&quot;:null,&quot;voltDiffRatio&quot;:1.3,&quot;conditionEndMileage&quot;:84750,&quot;segStartSoc&quot;:24},{&quot;vin&quot;:&quot;LGXC76D35K0068431&quot;,&quot;rtime&quot;:&quot;20201016144635&quot;,&quot;socOcvMaxVoltAbs&quot;:22,&quot;socOcvMinVoltAbs&quot;:22.5,&quot;selfDischargeRateMaxCell&quot;:null,&quot;selfDischargeRateMinCell&quot;:null,&quot;voltDiffRatio&quot;:1.7,&quot;conditionEndMileage&quot;:84970,&quot;segStartSoc&quot;:13},{&quot;vin&quot;:&quot;LGXC76D35K0068431&quot;,&quot;rtime&quot;:&quot;20201030074914&quot;,&quot;socOcvMaxVoltAbs&quot;:8,&quot;socOcvMinVoltAbs&quot;:30,&quot;selfDischargeRateMaxCell&quot;:null,&quot;selfDischargeRateMinCell&quot;:null,&quot;voltDiffRatio&quot;:1.33,&quot;conditionEndMileage&quot;:85340,&quot;segStartSoc&quot;:16},{&quot;vin&quot;:&quot;LGXC76D35K0068431&quot;,&quot;rtime&quot;:&quot;20201030183312&quot;,&quot;socOcvMaxVoltAbs&quot;:3,&quot;socOcvMinVoltAbs&quot;:-2,&quot;selfDischargeRateMaxCell&quot;:null,&quot;selfDischargeRateMinCell&quot;:null,&quot;voltDiffRatio&quot;:1.28,&quot;conditionEndMileage&quot;:85440,&quot;segStartSoc&quot;:16},{&quot;vin&quot;:&quot;LGXC76D35K0068431&quot;,&quot;rtime&quot;:&quot;20201031065619&quot;,&quot;socOcvMaxVoltAbs&quot;:1,&quot;socOcvMinVoltAbs&quot;:3,&quot;selfDischargeRateMaxCell&quot;:null,&quot;selfDischargeRateMinCell&quot;:null,&quot;voltDiffRatio&quot;:1.39,&quot;conditionEndMileage&quot;:85530,&quot;segStartSoc&quot;:16},{&quot;vin&quot;:&quot;LGXC76D35K0068431&quot;,&quot;rtime&quot;:&quot;20201031185426&quot;,&quot;socOcvMaxVoltAbs&quot;:8,&quot;socOcvMinVoltAbs&quot;:5,&quot;selfDischargeRateMaxCell&quot;:null,&quot;selfDischargeRateMinCell&quot;:null,&quot;voltDiffRatio&quot;:1.39,&quot;conditionEndMileage&quot;:85620,&quot;segStartSoc&quot;:16},{&quot;vin&quot;:&quot;LGXC76D35K0068431&quot;,&quot;rtime&quot;:&quot;20201102060159&quot;,&quot;socOcvMaxVoltAbs&quot;:-7,&quot;socOcvMinVoltAbs&quot;:-9,&quot;selfDischargeRateMaxCell&quot;:null,&quot;selfDischargeRateMinCell&quot;:null,&quot;voltDiffRatio&quot;:1.39,&quot;conditionEndMileage&quot;:85710,&quot;segStartSoc&quot;:16},{&quot;vin&quot;:&quot;LGXC76D35K0068431&quot;,&quot;rtime&quot;:&quot;20201102212903&quot;,&quot;socOcvMaxVoltAbs&quot;:-4,&quot;socOcvMinVoltAbs&quot;:-4,&quot;selfDischargeRateMaxCell&quot;:null,&quot;selfDischargeRateMinCell&quot;:null,&quot;voltDiffRatio&quot;:1.39,&quot;conditionEndMileage&quot;:85800,&quot;segStartSoc&quot;:16},{&quot;vin&quot;:&quot;LGXC76D35K0068431&quot;,&quot;rtime&quot;:&quot;20201103055844&quot;,&quot;socOcvMaxVoltAbs&quot;:-9,&quot;socOcvMinVoltAbs&quot;:-8,&quot;selfDischargeRateMaxCell&quot;:null,&quot;selfDischargeRateMinCell&quot;:null,&quot;voltDiffRatio&quot;:1.44,&quot;conditionEndMileage&quot;:85920,&quot;segStartSoc&quot;:16},{&quot;vin&quot;:&quot;LGXC76D35K0068431&quot;,&quot;rtime&quot;:&quot;20201103193803&quot;,&quot;socOcvMaxVoltAbs&quot;:6,&quot;socOcvMinVoltAbs&quot;:6,&quot;selfDischargeRateMaxCell&quot;:null,&quot;selfDischargeRateMinCell&quot;:null,&quot;voltDiffRatio&quot;:1.5,&quot;conditionEndMileage&quot;:86010,&quot;segStartSoc&quot;:16},{&quot;vin&quot;:&quot;LGXC76D35K0068431&quot;,&quot;rtime&quot;:&quot;20201104055023&quot;,&quot;socOcvMaxVoltAbs&quot;:-5,&quot;socOcvMinVoltAbs&quot;:-4,&quot;selfDischargeRateMaxCell&quot;:null,&quot;selfDischargeRateMinCell&quot;:null,&quot;voltDiffRatio&quot;:1.5,&quot;conditionEndMileage&quot;:86100,&quot;segStartSoc&quot;:16},{&quot;vin&quot;:&quot;LGXC76D35K0068431&quot;,&quot;rtime&quot;:&quot;20201104185226&quot;,&quot;socOcvMaxVoltAbs&quot;:5.5,&quot;socOcvMinVoltAbs&quot;:5,&quot;selfDischargeRateMaxCell&quot;:null,&quot;selfDischargeRateMinCell&quot;:null,&quot;voltDiffRatio&quot;:1.5,&quot;conditionEndMileage&quot;:86190,&quot;segStartSoc&quot;:16},{&quot;vin&quot;:&quot;LGXC76D35K0068431&quot;,&quot;rtime&quot;:&quot;20201105072353&quot;,&quot;socOcvMaxVoltAbs&quot;:-5,&quot;socOcvMinVoltAbs&quot;:-7,&quot;selfDischargeRateMaxCell&quot;:null,&quot;selfDischargeRateMinCell&quot;:null,&quot;voltDiffRatio&quot;:1.5,&quot;conditionEndMileage&quot;:86280,&quot;segStartSoc&quot;:16},{&quot;vin&quot;:&quot;LGXC76D35K0068431&quot;,&quot;rtime&quot;:&quot;20201105184609&quot;,&quot;socOcvMaxVoltAbs&quot;:1,&quot;socOcvMinVoltAbs&quot;:2,&quot;selfDischargeRateMaxCell&quot;:null,&quot;selfDischargeRateMinCell&quot;:null,&quot;voltDiffRatio&quot;:1.44,&quot;conditionEndMileage&quot;:86380,&quot;segStartSoc&quot;:16},{&quot;vin&quot;:&quot;LGXC76D35K0068431&quot;,&quot;rtime&quot;:&quot;20201106073848&quot;,&quot;socOcvMaxVoltAbs&quot;:1,&quot;socOcvMinVoltAbs&quot;:3,&quot;selfDischargeRateMaxCell&quot;:null,&quot;selfDischargeRateMinCell&quot;:null,&quot;voltDiffRatio&quot;:1.5,&quot;conditionEndMileage&quot;:86460,&quot;segStartSoc&quot;:16},{&quot;vin&quot;:&quot;LGXC76D35K0068431&quot;,&quot;rtime&quot;:&quot;20201106170744&quot;,&quot;socOcvMaxVoltAbs&quot;:-2,&quot;socOcvMinVoltAbs&quot;:-1,&quot;selfDischargeRateMaxCell&quot;:null,&quot;selfDischargeRateMinCell&quot;:null,&quot;voltDiffRatio&quot;:1.5,&quot;conditionEndMileage&quot;:86550,&quot;segStartSoc&quot;:16},{&quot;vin&quot;:&quot;LGXC76D35K0068431&quot;,&quot;rtime&quot;:&quot;20201107071748&quot;,&quot;socOcvMaxVoltAbs&quot;:-9.5,&quot;socOcvMinVoltAbs&quot;:-6,&quot;selfDischargeRateMaxCell&quot;:null,&quot;selfDischargeRateMinCell&quot;:null,&quot;voltDiffRatio&quot;:1.37,&quot;conditionEndMileage&quot;:87180,&quot;segStartSoc&quot;:16},{&quot;vin&quot;:&quot;LGXC76D35K0068431&quot;,&quot;rtime&quot;:&quot;20201107182426&quot;,&quot;socOcvMaxVoltAbs&quot;:-10.5,&quot;socOcvMinVoltAbs&quot;:-10.5,&quot;selfDischargeRateMaxCell&quot;:null,&quot;selfDischargeRateMinCell&quot;:null,&quot;voltDiffRatio&quot;:2,&quot;conditionEndMileage&quot;:87270,&quot;segStartSoc&quot;:17},{&quot;vin&quot;:&quot;LGXC76D35K0068431&quot;,&quot;rtime&quot;:&quot;20201108064405&quot;,&quot;socOcvMaxVoltAbs&quot;:-10,&quot;socOcvMinVoltAbs&quot;:-10,&quot;selfDischargeRateMaxCell&quot;:null,&quot;selfDischargeRateMinCell&quot;:null,&quot;voltDiffRatio&quot;:1.44,&quot;conditionEndMileage&quot;:87360,&quot;segStartSoc&quot;:16},{&quot;vin&quot;:&quot;LGXC76D35K0068431&quot;,&quot;rtime&quot;:&quot;20201108160707&quot;,&quot;socOcvMaxVoltAbs&quot;:0,&quot;socOcvMinVoltAbs&quot;:0,&quot;selfDischargeRateMaxCell&quot;:null,&quot;selfDischargeRateMinCell&quot;:null,&quot;voltDiffRatio&quot;:1.5,&quot;conditionEndMileage&quot;:87460,&quot;segStartSoc&quot;:16},{&quot;vin&quot;:&quot;LGXC76D35K0068431&quot;,&quot;rtime&quot;:&quot;20201109063816&quot;,&quot;socOcvMaxVoltAbs&quot;:6,&quot;socOcvMinVoltAbs&quot;:11,&quot;selfDischargeRateMaxCell&quot;:null,&quot;selfDischargeRateMinCell&quot;:null,&quot;voltDiffRatio&quot;:1.5,&quot;conditionEndMileage&quot;:87530,&quot;segStartSoc&quot;:16},{&quot;vin&quot;:&quot;LGXC76D35K0068431&quot;,&quot;rtime&quot;:&quot;20201109145652&quot;,&quot;socOcvMaxVoltAbs&quot;:3,&quot;socOcvMinVoltAbs&quot;:2,&quot;selfDischargeRateMaxCell&quot;:null,&quot;selfDischargeRateMinCell&quot;:null,&quot;voltDiffRatio&quot;:1.5,&quot;conditionEndMileage&quot;:87640,&quot;segStartSoc&quot;:16},{&quot;vin&quot;:&quot;LGXC76D35K0068431&quot;,&quot;rtime&quot;:&quot;20201110061257&quot;,&quot;socOcvMaxVoltAbs&quot;:-6,&quot;socOcvMinVoltAbs&quot;:-6,&quot;selfDischargeRateMaxCell&quot;:null,&quot;selfDischargeRateMinCell&quot;:null,&quot;voltDiffRatio&quot;:1.5,&quot;conditionEndMileage&quot;:87800,&quot;segStartSoc&quot;:16},{&quot;vin&quot;:&quot;LGXC76D35K0068431&quot;,&quot;rtime&quot;:&quot;20201110103557&quot;,&quot;socOcvMaxVoltAbs&quot;:2,&quot;socOcvMinVoltAbs&quot;:1.5,&quot;selfDischargeRateMaxCell&quot;:null,&quot;selfDischargeRateMinCell&quot;:null,&quot;voltDiffRatio&quot;:1.5,&quot;conditionEndMileage&quot;:87910,&quot;segStartSoc&quot;:16},{&quot;vin&quot;:&quot;LGXC76D35K0068431&quot;,&quot;rtime&quot;:&quot;20201111055631&quot;,&quot;socOcvMaxVoltAbs&quot;:1,&quot;socOcvMinVoltAbs&quot;:6.5,&quot;selfDischargeRateMaxCell&quot;:null,&quot;selfDischargeRateMinCell&quot;:null,&quot;voltDiffRatio&quot;:1.44,&quot;conditionEndMileage&quot;:88300,&quot;segStartSoc&quot;:16},{&quot;vin&quot;:&quot;LGXC76D35K0068431&quot;,&quot;rtime&quot;:&quot;20201111191719&quot;,&quot;socOcvMaxVoltAbs&quot;:-7.5,&quot;socOcvMinVoltAbs&quot;:-5,&quot;selfDischargeRateMaxCell&quot;:null,&quot;selfDischargeRateMinCell&quot;:null,&quot;voltDiffRatio&quot;:1.79,&quot;conditionEndMileage&quot;:88410,&quot;segStartSoc&quot;:16},{&quot;vin&quot;:&quot;LGXC76D35K0068431&quot;,&quot;rtime&quot;:&quot;20201113061022&quot;,&quot;socOcvMaxVoltAbs&quot;:11,&quot;socOcvMinVoltAbs&quot;:-6,&quot;selfDischargeRateMaxCell&quot;:null,&quot;selfDischargeRateMinCell&quot;:null,&quot;voltDiffRatio&quot;:1.67,&quot;conditionEndMileage&quot;:88480,&quot;segStartSoc&quot;:16},{&quot;vin&quot;:&quot;LGXC76D35K0068431&quot;,&quot;rtime&quot;:&quot;20201114000331&quot;,&quot;socOcvMaxVoltAbs&quot;:-5,&quot;socOcvMinVoltAbs&quot;:-7,&quot;selfDischargeRateMaxCell&quot;:null,&quot;selfDischargeRateMinCell&quot;:null,&quot;voltDiffRatio&quot;:1.32,&quot;conditionEndMileage&quot;:88580,&quot;segStartSoc&quot;:16},{&quot;vin&quot;:&quot;LGXC76D35K0068431&quot;,&quot;rtime&quot;:&quot;20201115134037&quot;,&quot;socOcvMaxVoltAbs&quot;:-6.5,&quot;socOcvMinVoltAbs&quot;:-2,&quot;selfDischargeRateMaxCell&quot;:null,&quot;selfDischargeRateMinCell&quot;:null,&quot;voltDiffRatio&quot;:1.44,&quot;conditionEndMileage&quot;:88650,&quot;segStartSoc&quot;:16},{&quot;vin&quot;:&quot;LGXC76D35K0068431&quot;,&quot;rtime&quot;:&quot;20201116160422&quot;,&quot;socOcvMaxVoltAbs&quot;:5,&quot;socOcvMinVoltAbs&quot;:7,&quot;selfDischargeRateMaxCell&quot;:null,&quot;selfDischargeRateMinCell&quot;:null,&quot;voltDiffRatio&quot;:1.56,&quot;conditionEndMileage&quot;:88920,&quot;segStartSoc&quot;:16},{&quot;vin&quot;:&quot;LGXC76D35K0068431&quot;,&quot;rtime&quot;:&quot;20201117191557&quot;,&quot;socOcvMaxVoltAbs&quot;:4.5,&quot;socOcvMinVoltAbs&quot;:2,&quot;selfDischargeRateMaxCell&quot;:null,&quot;selfDischargeRateMinCell&quot;:null,&quot;voltDiffRatio&quot;:1.5,&quot;conditionEndMileage&quot;:89070,&quot;segStartSoc&quot;:16},{&quot;vin&quot;:&quot;LGXC76D35K0068431&quot;,&quot;rtime&quot;:&quot;20201118101948&quot;,&quot;socOcvMaxVoltAbs&quot;:-11,&quot;socOcvMinVoltAbs&quot;:-12,&quot;selfDischargeRateMaxCell&quot;:null,&quot;selfDischargeRateMinCell&quot;:null,&quot;voltDiffRatio&quot;:1.37,&quot;conditionEndMileage&quot;:89720,&quot;segStartSoc&quot;:16},{&quot;vin&quot;:&quot;LGXC76D35K0068431&quot;,&quot;rtime&quot;:&quot;20201204134717&quot;,&quot;socOcvMaxVoltAbs&quot;:65,&quot;socOcvMinVoltAbs&quot;:95,&quot;selfDischargeRateMaxCell&quot;:null,&quot;selfDischargeRateMinCell&quot;:null,&quot;voltDiffRatio&quot;:1.44,&quot;conditionEndMileage&quot;:89790,&quot;segStartSoc&quot;:16},{&quot;vin&quot;:&quot;LGXC76D35K0068431&quot;,&quot;rtime&quot;:&quot;20201205132347&quot;,&quot;socOcvMaxVoltAbs&quot;:3,&quot;socOcvMinVoltAbs&quot;:-1,&quot;selfDischargeRateMaxCell&quot;:null,&quot;selfDischargeRateMinCell&quot;:null,&quot;voltDiffRatio&quot;:1.5,&quot;conditionEndMileage&quot;:90180,&quot;segStartSoc&quot;:16},{&quot;vin&quot;:&quot;LGXC76D35K0068431&quot;,&quot;rtime&quot;:&quot;20201207083542&quot;,&quot;socOcvMaxVoltAbs&quot;:2,&quot;socOcvMinVoltAbs&quot;:-14,&quot;selfDischargeRateMaxCell&quot;:null,&quot;selfDischargeRateMinCell&quot;:null,&quot;voltDiffRatio&quot;:1.5,&quot;conditionEndMileage&quot;:90310,&quot;segStartSoc&quot;:16},{&quot;vin&quot;:&quot;LGXC76D35K0068431&quot;,&quot;rtime&quot;:&quot;20201211135155&quot;,&quot;socOcvMaxVoltAbs&quot;:9,&quot;socOcvMinVoltAbs&quot;:17,&quot;selfDischargeRateMaxCell&quot;:null,&quot;selfDischargeRateMinCell&quot;:null,&quot;voltDiffRatio&quot;:1.44,&quot;conditionEndMileage&quot;:90700,&quot;segStartSoc&quot;:16},{&quot;vin&quot;:&quot;LGXC76D35K0068431&quot;,&quot;rtime&quot;:&quot;20201220143342&quot;,&quot;socOcvMaxVoltAbs&quot;:-4,&quot;socOcvMinVoltAbs&quot;:0,&quot;selfDischargeRateMaxCell&quot;:null,&quot;selfDischargeRateMinCell&quot;:null,&quot;voltDiffRatio&quot;:1.56,&quot;conditionEndMileage&quot;:90980,&quot;segStartSoc&quot;:16},{&quot;vin&quot;:&quot;LGXC76D35K0068431&quot;,&quot;rtime&quot;:&quot;20201223195405&quot;,&quot;socOcvMaxVoltAbs&quot;:3,&quot;socOcvMinVoltAbs&quot;:-4,&quot;selfDischargeRateMaxCell&quot;:null,&quot;selfDischargeRateMinCell&quot;:null,&quot;voltDiffRatio&quot;:2.17,&quot;conditionEndMileage&quot;:91110,&quot;segStartSoc&quot;:15},{&quot;vin&quot;:&quot;LGXC76D35K0068431&quot;,&quot;rtime&quot;:&quot;20201224154010&quot;,&quot;socOcvMaxVoltAbs&quot;:6.5,&quot;socOcvMinVoltAbs&quot;:5.5,&quot;selfDischargeRateMaxCell&quot;:null,&quot;selfDischargeRateMinCell&quot;:null,&quot;voltDiffRatio&quot;:1.39,&quot;conditionEndMileage&quot;:91330,&quot;segStartSoc&quot;:16},{&quot;vin&quot;:&quot;LGXC76D35K0068431&quot;,&quot;rtime&quot;:&quot;20201227080912&quot;,&quot;socOcvMaxVoltAbs&quot;:-5,&quot;socOcvMinVoltAbs&quot;:-10,&quot;selfDischargeRateMaxCell&quot;:null,&quot;selfDischargeRateMinCell&quot;:null,&quot;voltDiffRatio&quot;:1.44,&quot;conditionEndMileage&quot;:91330,&quot;segStartSoc&quot;:16},{&quot;vin&quot;:&quot;LGXC76D35K0068431&quot;,&quot;rtime&quot;:&quot;20201228174826&quot;,&quot;socOcvMaxVoltAbs&quot;:19,&quot;socOcvMinVoltAbs&quot;:28,&quot;selfDischargeRateMaxCell&quot;:null,&quot;selfDischargeRateMinCell&quot;:null,&quot;voltDiffRatio&quot;:1.67,&quot;conditionEndMileage&quot;:91900,&quot;segStartSoc&quot;:17},{&quot;vin&quot;:&quot;LGXC76D35K0068431&quot;,&quot;rtime&quot;:&quot;20201231125528&quot;,&quot;socOcvMaxVoltAbs&quot;:14.5,&quot;socOcvMinVoltAbs&quot;:29.5,&quot;selfDischargeRateMaxCell&quot;:null,&quot;selfDischargeRateMinCell&quot;:null,&quot;voltDiffRatio&quot;:1.5,&quot;conditionEndMileage&quot;:91900,&quot;segStartSoc&quot;:16},{&quot;vin&quot;:&quot;LGXC76D35K0068431&quot;,&quot;rtime&quot;:&quot;20210119113905&quot;,&quot;socOcvMaxVoltAbs&quot;:12,&quot;socOcvMinVoltAbs&quot;:11,&quot;selfDischargeRateMaxCell&quot;:null,&quot;selfDischargeRateMinCell&quot;:null,&quot;voltDiffRatio&quot;:1.63,&quot;conditionEndMileage&quot;:93100,&quot;segStartSoc&quot;:16},{&quot;vin&quot;:&quot;LGXC76D35K0068431&quot;,&quot;rtime&quot;:&quot;20210121090322&quot;,&quot;socOcvMaxVoltAbs&quot;:43.5,&quot;socOcvMinVoltAbs&quot;:42.5,&quot;selfDischargeRateMaxCell&quot;:null,&quot;selfDischargeRateMinCell&quot;:null,&quot;voltDiffRatio&quot;:1.6,&quot;conditionEndMileage&quot;:93460,&quot;segStartSoc&quot;:59},{&quot;vin&quot;:&quot;LGXC76D35K0068431&quot;,&quot;rtime&quot;:&quot;20210121142926&quot;,&quot;socOcvMaxVoltAbs&quot;:13,&quot;socOcvMinVoltAbs&quot;:14,&quot;selfDischargeRateMaxCell&quot;:null,&quot;selfDischargeRateMinCell&quot;:null,&quot;voltDiffRatio&quot;:1.38,&quot;conditionEndMileage&quot;:93610,&quot;segStartSoc&quot;:51},{&quot;vin&quot;:&quot;LGXC76D35K0068431&quot;,&quot;rtime&quot;:&quot;20210122092246&quot;,&quot;socOcvMaxVoltAbs&quot;:13,&quot;socOcvMinVoltAbs&quot;:20,&quot;selfDischargeRateMaxCell&quot;:null,&quot;selfDischargeRateMinCell&quot;:null,&quot;voltDiffRatio&quot;:2.33,&quot;conditionEndMileage&quot;:93920,&quot;segStartSoc&quot;:31},{&quot;vin&quot;:&quot;LGXC76D35K0068431&quot;,&quot;rtime&quot;:&quot;20210124191542&quot;,&quot;socOcvMaxVoltAbs&quot;:-2,&quot;socOcvMinVoltAbs&quot;:3,&quot;selfDischargeRateMaxCell&quot;:null,&quot;selfDischargeRateMinCell&quot;:null,&quot;voltDiffRatio&quot;:1.44,&quot;conditionEndMileage&quot;:94000,&quot;segStartSoc&quot;:16},{&quot;vin&quot;:&quot;LGXC76D35K0068431&quot;,&quot;rtime&quot;:&quot;20210126160934&quot;,&quot;socOcvMaxVoltAbs&quot;:12,&quot;socOcvMinVoltAbs&quot;:19,&quot;selfDischargeRateMaxCell&quot;:null,&quot;selfDischargeRateMinCell&quot;:null,&quot;voltDiffRatio&quot;:1.86,&quot;conditionEndMileage&quot;:102930,&quot;segStartSoc&quot;:27},{&quot;vin&quot;:&quot;LGXC76D35K0068431&quot;,&quot;rtime&quot;:&quot;20210127110251&quot;,&quot;socOcvMaxVoltAbs&quot;:17.5,&quot;socOcvMinVoltAbs&quot;:20,&quot;selfDischargeRateMaxCell&quot;:null,&quot;selfDischargeRateMinCell&quot;:null,&quot;voltDiffRatio&quot;:2.43,&quot;conditionEndMileage&quot;:103130,&quot;segStartSoc&quot;:24},{&quot;vin&quot;:&quot;LGXC76D35K0068431&quot;,&quot;rtime&quot;:&quot;20210128164028&quot;,&quot;socOcvMaxVoltAbs&quot;:8,&quot;socOcvMinVoltAbs&quot;:38,&quot;selfDischargeRateMaxCell&quot;:null,&quot;selfDischargeRateMinCell&quot;:null,&quot;voltDiffRatio&quot;:1.71,&quot;conditionEndMileage&quot;:109020,&quot;segStartSoc&quot;:41},{&quot;vin&quot;:&quot;LGXC76D35K0068431&quot;,&quot;rtime&quot;:&quot;20210130154737&quot;,&quot;socOcvMaxVoltAbs&quot;:11,&quot;socOcvMinVoltAbs&quot;:8,&quot;selfDischargeRateMaxCell&quot;:null,&quot;selfDischargeRateMinCell&quot;:null,&quot;voltDiffRatio&quot;:1.73,&quot;conditionEndMileage&quot;:110050,&quot;segStartSoc&quot;:68},{&quot;vin&quot;:&quot;LGXC76D35K0068431&quot;,&quot;rtime&quot;:&quot;20210131192853&quot;,&quot;socOcvMaxVoltAbs&quot;:-9.5,&quot;socOcvMinVoltAbs&quot;:-12.5,&quot;selfDischargeRateMaxCell&quot;:null,&quot;selfDischargeRateMinCell&quot;:null,&quot;voltDiffRatio&quot;:2,&quot;conditionEndMileage&quot;:110240,&quot;segStartSoc&quot;:34}],&quot;currentValue is &quot;:true,&quot;expectedValue is&quot;:false},&quot;code&quot;:{&quot;actualValue&quot;:null,&quot;expectedValue&quot;:[{&quot;vin&quot;:&quot;LGXC76D35K0068431&quot;,&quot;rtime&quot;:&quot;20200708205318&quot;,&quot;socOcvMaxVoltAbs&quot;:-2,&quot;socOcvMinVoltAbs&quot;:-6,&quot;selfDischargeRateMaxCell&quot;:null,&quot;selfDischargeRateMinCell&quot;:null,&quot;voltDiffRatio&quot;:1.11,&quot;conditionEndMileage&quot;:54980,&quot;segStartSoc&quot;:16},{&quot;vin&quot;:&quot;LGXC76D35K0068431&quot;,&quot;rtime&quot;:&quot;20200709200820&quot;,&quot;socOcvMaxVoltAbs&quot;:-11.5,&quot;socOcvMinVoltAbs&quot;:-23.5,&quot;selfDischargeRateMaxCell&quot;:null,&quot;selfDischargeRateMinCell&quot;:null,&quot;voltDiffRatio&quot;:0.73,&quot;conditionEndMileage&quot;:55120,&quot;segStartSoc&quot;:84},{&quot;vin&quot;:&quot;LGXC76D35K0068431&quot;,&quot;rtime&quot;:&quot;20200711083038&quot;,&quot;socOcvMaxVoltAbs&quot;:37,&quot;socOcvMinVoltAbs&quot;:38,&quot;selfDischargeRateMaxCell&quot;:null,&quot;selfDischargeRateMinCell&quot;:null,&quot;voltDiffRatio&quot;:1.27,&quot;conditionEndMileage&quot;:55180,&quot;segStartSoc&quot;:75},{&quot;vin&quot;:&quot;LGXC76D35K0068431&quot;,&quot;rtime&quot;:&quot;20200711194533&quot;,&quot;socOcvMaxVoltAbs&quot;:10,&quot;socOcvMinVoltAbs&quot;:-5,&quot;selfDischargeRateMaxCell&quot;:null,&quot;selfDischargeRateMinCell&quot;:null,&quot;voltDiffRatio&quot;:0.89,&quot;conditionEndMileage&quot;:55260,&quot;segStartSoc&quot;:57},{&quot;vin&quot;:&quot;LGXC76D35K0068431&quot;,&quot;rtime&quot;:&quot;20200712080538&quot;,&quot;socOcvMaxVoltAbs&quot;:0,&quot;socOcvMinVoltAbs&quot;:-2,&quot;selfDischargeRateMaxCell&quot;:null,&quot;selfDischargeRateMinCell&quot;:null,&quot;voltDiffRatio&quot;:1,&quot;conditionEndMileage&quot;:55320,&quot;segStartSoc&quot;:47},{&quot;vin&quot;:&quot;LGXC76D35K0068431&quot;,&quot;rtime&quot;:&quot;20200712190049&quot;,&quot;socOcvMaxVoltAbs&quot;:-1,&quot;socOcvMinVoltAbs&quot;:4,&quot;selfDischargeRateMaxCell&quot;:null,&quot;selfDischargeRateMinCell&quot;:null,&quot;voltDiffRatio&quot;:1.14,&quot;conditionEndMileage&quot;:55400,&quot;segStartSoc&quot;:35},{&quot;vin&quot;:&quot;LGXC76D35K0068431&quot;,&quot;rtime&quot;:&quot;20200714075259&quot;,&quot;socOcvMaxVoltAbs&quot;:28,&quot;socOcvMinVoltAbs&quot;:27,&quot;selfDischargeRateMaxCell&quot;:null,&quot;selfDischargeRateMinCell&quot;:null,&quot;voltDiffRatio&quot;:1.33,&quot;conditionEndMileage&quot;:55460,&quot;segStartSoc&quot;:25},{&quot;vin&quot;:&quot;LGXC76D35K0068431&quot;,&quot;rtime&quot;:&quot;20200714194559&quot;,&quot;socOcvMaxVoltAbs&quot;:-9.5,&quot;socOcvMinVoltAbs&quot;:-9,&quot;selfDischargeRateMaxCell&quot;:null,&quot;selfDischargeRateMinCell&quot;:null,&quot;voltDiffRatio&quot;:1.26,&quot;conditionEndMileage&quot;:55540,&quot;segStartSoc&quot;:16},{&quot;vin&quot;:&quot;LGXC76D35K0068431&quot;,&quot;rtime&quot;:&quot;20200719194145&quot;,&quot;socOcvMaxVoltAbs&quot;:19,&quot;socOcvMinVoltAbs&quot;:13.5,&quot;selfDischargeRateMaxCell&quot;:null,&quot;selfDischargeRateMinCell&quot;:null,&quot;voltDiffRatio&quot;:0.86,&quot;conditionEndMileage&quot;:55880,&quot;segStartSoc&quot;:82},{&quot;vin&quot;:&quot;LGXC76D35K0068431&quot;,&quot;rtime&quot;:&quot;20200721084732&quot;,&quot;socOcvMaxVoltAbs&quot;:34,&quot;socOcvMinVoltAbs&quot;:15,&quot;selfDischargeRateMaxCell&quot;:null,&quot;selfDischargeRateMinCell&quot;:null,&quot;voltDiffRatio&quot;:1.45,&quot;conditionEndMileage&quot;:55940,&quot;segStartSoc&quot;:72},{&quot;vin&quot;:&quot;LGXC76D35K0068431&quot;,&quot;rtime&quot;:&quot;20200723085152&quot;,&quot;socOcvMaxVoltAbs&quot;:8.5,&quot;socOcvMinVoltAbs&quot;:3,&quot;selfDischargeRateMaxCell&quot;:null,&quot;selfDischargeRateMinCell&quot;:null,&quot;voltDiffRatio&quot;:1.16,&quot;conditionEndMileage&quot;:56240,&quot;segStartSoc&quot;:16},{&quot;vin&quot;:&quot;LGXC76D35K0068431&quot;,&quot;rtime&quot;:&quot;20200723192240&quot;,&quot;socOcvMaxVoltAbs&quot;:1,&quot;socOcvMinVoltAbs&quot;:-3,&quot;selfDischargeRateMaxCell&quot;:null,&quot;selfDischargeRateMinCell&quot;:null,&quot;voltDiffRatio&quot;:1.16,&quot;conditionEndMileage&quot;:56320,&quot;segStartSoc&quot;:16},{&quot;vin&quot;:&quot;LGXC76D35K0068431&quot;,&quot;rtime&quot;:&quot;20200724084950&quot;,&quot;socOcvMaxVoltAbs&quot;:-0.5,&quot;socOcvMinVoltAbs&quot;:-5,&quot;selfDischargeRateMaxCell&quot;:null,&quot;selfDischargeRateMinCell&quot;:null,&quot;voltDiffRatio&quot;:1.21,&quot;conditionEndMileage&quot;:56380,&quot;segStartSoc&quot;:16},{&quot;vin&quot;:&quot;LGXC76D35K0068431&quot;,&quot;rtime&quot;:&quot;20200724201218&quot;,&quot;socOcvMaxVoltAbs&quot;:5,&quot;socOcvMinVoltAbs&quot;:0,&quot;selfDischargeRateMaxCell&quot;:null,&quot;selfDischargeRateMinCell&quot;:null,&quot;voltDiffRatio&quot;:1.21,&quot;conditionEndMileage&quot;:56460,&quot;segStartSoc&quot;:16},{&quot;vin&quot;:&quot;LGXC76D35K0068431&quot;,&quot;rtime&quot;:&quot;20200725114340&quot;,&quot;socOcvMaxVoltAbs&quot;:6.5,&quot;socOcvMinVoltAbs&quot;:4,&quot;selfDischargeRateMaxCell&quot;:null,&quot;selfDischargeRateMinCell&quot;:null,&quot;voltDiffRatio&quot;:1.21,&quot;conditionEndMileage&quot;:56520,&quot;segStartSoc&quot;:16},{&quot;vin&quot;:&quot;LGXC76D35K0068431&quot;,&quot;rtime&quot;:&quot;20200726190433&quot;,&quot;socOcvMaxVoltAbs&quot;:32,&quot;socOcvMinVoltAbs&quot;:32,&quot;selfDischargeRateMaxCell&quot;:null,&quot;selfDischargeRateMinCell&quot;:null,&quot;voltDiffRatio&quot;:1,&quot;conditionEndMileage&quot;:56750,&quot;segStartSoc&quot;:85},{&quot;vin&quot;:&quot;LGXC76D35K0068431&quot;,&quot;rtime&quot;:&quot;20200802093738&quot;,&quot;socOcvMaxVoltAbs&quot;:-34,&quot;socOcvMinVoltAbs&quot;:-21,&quot;selfDischargeRateMaxCell&quot;:null,&quot;selfDischargeRateMinCell&quot;:null,&quot;voltDiffRatio&quot;:1.92,&quot;conditionEndMileage&quot;:56810,&quot;segStartSoc&quot;:70},{&quot;vin&quot;:&quot;LGXC76D35K0068431&quot;,&quot;rtime&quot;:&quot;20200802185916&quot;,&quot;socOcvMaxVoltAbs&quot;:19,&quot;socOcvMinVoltAbs&quot;:10,&quot;selfDischargeRateMaxCell&quot;:null,&quot;selfDischargeRateMinCell&quot;:null,&quot;voltDiffRatio&quot;:0.89,&quot;conditionEndMileage&quot;:56890,&quot;segStartSoc&quot;:54},{&quot;vin&quot;:&quot;LGXC76D35K0068431&quot;,&quot;rtime&quot;:&quot;20200803075903&quot;,&quot;socOcvMaxVoltAbs&quot;:8.5,&quot;socOcvMinVoltAbs&quot;:4.5,&quot;selfDischargeRateMaxCell&quot;:null,&quot;selfDischargeRateMinCell&quot;:null,&quot;voltDiffRatio&quot;:1.5,&quot;conditionEndMileage&quot;:56950,&quot;segStartSoc&quot;:45},{&quot;vin&quot;:&quot;LGXC76D35K0068431&quot;,&quot;rtime&quot;:&quot;20200803200021&quot;,&quot;socOcvMaxVoltAbs&quot;:5,&quot;socOcvMinVoltAbs&quot;:11,&quot;selfDischargeRateMaxCell&quot;:null,&quot;selfDischargeRateMinCell&quot;:null,&quot;voltDiffRatio&quot;:1.57,&quot;conditionEndMileage&quot;:57030,&quot;segStartSoc&quot;:30},{&quot;vin&quot;:&quot;LGXC76D35K0068431&quot;,&quot;rtime&quot;:&quot;20200804091327&quot;,&quot;socOcvMaxVoltAbs&quot;:24.5,&quot;socOcvMinVoltAbs&quot;:20,&quot;selfDischargeRateMaxCell&quot;:null,&quot;selfDischargeRateMinCell&quot;:null,&quot;voltDiffRatio&quot;:1.91,&quot;conditionEndMileage&quot;:57090,&quot;segStartSoc&quot;:20},{&quot;vin&quot;:&quot;LGXC76D35K0068431&quot;,&quot;rtime&quot;:&quot;20200804194556&quot;,&quot;socOcvMaxVoltAbs&quot;:7,&quot;socOcvMinVoltAbs&quot;:0,&quot;selfDischargeRateMaxCell&quot;:null,&quot;selfDischargeRateMinCell&quot;:null,&quot;voltDiffRatio&quot;:1.17,&quot;conditionEndMileage&quot;:57170,&quot;segStartSoc&quot;:16},{&quot;vin&quot;:&quot;LGXC76D35K0068431&quot;,&quot;rtime&quot;:&quot;20200805123749&quot;,&quot;socOcvMaxVoltAbs&quot;:7.5,&quot;socOcvMinVoltAbs&quot;:3,&quot;selfDischargeRateMaxCell&quot;:null,&quot;selfDischargeRateMinCell&quot;:null,&quot;voltDiffRatio&quot;:1.11,&quot;conditionEndMileage&quot;:57230,&quot;segStartSoc&quot;:16},{&quot;vin&quot;:&quot;LGXC76D35K0068431&quot;,&quot;rtime&quot;:&quot;20200805204950&quot;,&quot;socOcvMaxVoltAbs&quot;:-0.5,&quot;socOcvMinVoltAbs&quot;:-5,&quot;selfDischargeRateMaxCell&quot;:null,&quot;selfDischargeRateMinCell&quot;:null,&quot;voltDiffRatio&quot;:1.11,&quot;conditionEndMileage&quot;:57310,&quot;segStartSoc&quot;:16},{&quot;vin&quot;:&quot;LGXC76D35K0068431&quot;,&quot;rtime&quot;:&quot;20200806084302&quot;,&quot;socOcvMaxVoltAbs&quot;:0,&quot;socOcvMinVoltAbs&quot;:-7,&quot;selfDischargeRateMaxCell&quot;:null,&quot;selfDischargeRateMinCell&quot;:null,&quot;voltDiffRatio&quot;:1.17,&quot;conditionEndMileage&quot;:57370,&quot;segStartSoc&quot;:16},{&quot;vin&quot;:&quot;LGXC76D35K0068431&quot;,&quot;rtime&quot;:&quot;20200806194330&quot;,&quot;socOcvMaxVoltAbs&quot;:16,&quot;socOcvMinVoltAbs&quot;:11,&quot;selfDischargeRateMaxCell&quot;:null,&quot;selfDischargeRateMinCell&quot;:null,&quot;voltDiffRatio&quot;:1.06,&quot;conditionEndMileage&quot;:57450,&quot;segStartSoc&quot;:16},{&quot;vin&quot;:&quot;LGXC76D35K0068431&quot;,&quot;rtime&quot;:&quot;20200807184745&quot;,&quot;socOcvMaxVoltAbs&quot;:20,&quot;socOcvMinVoltAbs&quot;:17,&quot;selfDischargeRateMaxCell&quot;:null,&quot;selfDischargeRateMinCell&quot;:null,&quot;voltDiffRatio&quot;:0.73,&quot;conditionEndMileage&quot;:57590,&quot;segStartSoc&quot;:86},{&quot;vin&quot;:&quot;LGXC76D35K0068431&quot;,&quot;rtime&quot;:&quot;20200808090733&quot;,&quot;socOcvMaxVoltAbs&quot;:40.5,&quot;socOcvMinVoltAbs&quot;:35.5,&quot;selfDischargeRateMaxCell&quot;:null,&quot;selfDischargeRateMinCell&quot;:null,&quot;voltDiffRatio&quot;:1.36,&quot;conditionEndMileage&quot;:57650,&quot;segStartSoc&quot;:69},{&quot;vin&quot;:&quot;LGXC76D35K0068431&quot;,&quot;rtime&quot;:&quot;20200808185244&quot;,&quot;socOcvMaxVoltAbs&quot;:-14,&quot;socOcvMinVoltAbs&quot;:4,&quot;selfDischargeRateMaxCell&quot;:null,&quot;selfDischargeRateMinCell&quot;:null,&quot;voltDiffRatio&quot;:1.13,&quot;conditionEndMileage&quot;:57720,&quot;segStartSoc&quot;:50},{&quot;vin&quot;:&quot;LGXC76D35K0068431&quot;,&quot;rtime&quot;:&quot;20200811191041&quot;,&quot;socOcvMaxVoltAbs&quot;:9.5,&quot;socOcvMinVoltAbs&quot;:1,&quot;selfDischargeRateMaxCell&quot;:null,&quot;selfDischargeRateMinCell&quot;:null,&quot;voltDiffRatio&quot;:1.15,&quot;conditionEndMileage&quot;:57880,&quot;segStartSoc&quot;:20},{&quot;vin&quot;:&quot;LGXC76D35K0068431&quot;,&quot;rtime&quot;:&quot;20200812084416&quot;,&quot;socOcvMaxVoltAbs&quot;:7,&quot;socOcvMinVoltAbs&quot;:3,&quot;selfDischargeRateMaxCell&quot;:null,&quot;selfDischargeRateMinCell&quot;:null,&quot;voltDiffRatio&quot;:0.89,&quot;conditionEndMileage&quot;:57960,&quot;segStartSoc&quot;:16},{&quot;vin&quot;:&quot;LGXC76D35K0068431&quot;,&quot;rtime&quot;:&quot;20200812185250&quot;,&quot;socOcvMaxVoltAbs&quot;:2,&quot;socOcvMinVoltAbs&quot;:-5,&quot;selfDischargeRateMaxCell&quot;:null,&quot;selfDischargeRateMinCell&quot;:null,&quot;voltDiffRatio&quot;:1.06,&quot;conditionEndMileage&quot;:58030,&quot;segStartSoc&quot;:16},{&quot;vin&quot;:&quot;LGXC76D35K0068431&quot;,&quot;rtime&quot;:&quot;20200813085805&quot;,&quot;socOcvMaxVoltAbs&quot;:7,&quot;socOcvMinVoltAbs&quot;:0,&quot;selfDischargeRateMaxCell&quot;:null,&quot;selfDischargeRateMinCell&quot;:null,&quot;voltDiffRatio&quot;:1.06,&quot;conditionEndMileage&quot;:58090,&quot;segStartSoc&quot;:16},{&quot;vin&quot;:&quot;LGXC76D35K0068431&quot;,&quot;rtime&quot;:&quot;20200813192704&quot;,&quot;socOcvMaxVoltAbs&quot;:1,&quot;socOcvMinVoltAbs&quot;:-7,&quot;selfDischargeRateMaxCell&quot;:null,&quot;selfDischargeRateMinCell&quot;:null,&quot;voltDiffRatio&quot;:1.72,&quot;conditionEndMileage&quot;:58170,&quot;segStartSoc&quot;:16},{&quot;vin&quot;:&quot;LGXC76D35K0068431&quot;,&quot;rtime&quot;:&quot;20200814084136&quot;,&quot;socOcvMaxVoltAbs&quot;:-1,&quot;socOcvMinVoltAbs&quot;:-6,&quot;selfDischargeRateMaxCell&quot;:null,&quot;selfDischargeRateMinCell&quot;:null,&quot;voltDiffRatio&quot;:1,&quot;conditionEndMileage&quot;:58230,&quot;segStartSoc&quot;:16},{&quot;vin&quot;:&quot;LGXC76D35K0068431&quot;,&quot;rtime&quot;:&quot;20200814193310&quot;,&quot;socOcvMaxVoltAbs&quot;:-1,&quot;socOcvMinVoltAbs&quot;:-10,&quot;selfDischargeRateMaxCell&quot;:null,&quot;selfDischargeRateMinCell&quot;:null,&quot;voltDiffRatio&quot;:1.11,&quot;conditionEndMileage&quot;:58310,&quot;segStartSoc&quot;:16},{&quot;vin&quot;:&quot;LGXC76D35K0068431&quot;,&quot;rtime&quot;:&quot;20200816093126&quot;,&quot;socOcvMaxVoltAbs&quot;:11,&quot;socOcvMinVoltAbs&quot;:-5,&quot;selfDischargeRateMaxCell&quot;:null,&quot;selfDischargeRateMinCell&quot;:null,&quot;voltDiffRatio&quot;:0.89,&quot;conditionEndMileage&quot;:58370,&quot;segStartSoc&quot;:16},{&quot;vin&quot;:&quot;LGXC76D35K0068431&quot;,&quot;rtime&quot;:&quot;20200816182815&quot;,&quot;socOcvMaxVoltAbs&quot;:0,&quot;socOcvMinVoltAbs&quot;:-6,&quot;selfDischargeRateMaxCell&quot;:null,&quot;selfDischargeRateMinCell&quot;:null,&quot;voltDiffRatio&quot;:1,&quot;conditionEndMileage&quot;:58450,&quot;segStartSoc&quot;:16},{&quot;vin&quot;:&quot;LGXC76D35K0068431&quot;,&quot;rtime&quot;:&quot;20200817081659&quot;,&quot;socOcvMaxVoltAbs&quot;:5,&quot;socOcvMinVoltAbs&quot;:-3,&quot;selfDischargeRateMaxCell&quot;:null,&quot;selfDischargeRateMinCell&quot;:null,&quot;voltDiffRatio&quot;:1,&quot;conditionEndMileage&quot;:59010,&quot;segStartSoc&quot;:16},{&quot;vin&quot;:&quot;LGXC76D35K0068431&quot;,&quot;rtime&quot;:&quot;20200817223717&quot;,&quot;socOcvMaxVoltAbs&quot;:-2,&quot;socOcvMinVoltAbs&quot;:-7,&quot;selfDischargeRateMaxCell&quot;:null,&quot;selfDischargeRateMinCell&quot;:null,&quot;voltDiffRatio&quot;:0.89,&quot;conditionEndMileage&quot;:59080,&quot;segStartSoc&quot;:16},{&quot;vin&quot;:&quot;LGXC76D35K0068431&quot;,&quot;rtime&quot;:&quot;20200818091438&quot;,&quot;socOcvMaxVoltAbs&quot;:8,&quot;socOcvMinVoltAbs&quot;:-1,&quot;selfDischargeRateMaxCell&quot;:null,&quot;selfDischargeRateMinCell&quot;:null,&quot;voltDiffRatio&quot;:1,&quot;conditionEndMileage&quot;:59140,&quot;segStartSoc&quot;:16},{&quot;vin&quot;:&quot;LGXC76D35K0068431&quot;,&quot;rtime&quot;:&quot;20200818191429&quot;,&quot;socOcvMaxVoltAbs&quot;:5,&quot;socOcvMinVoltAbs&quot;:-2,&quot;selfDischargeRateMaxCell&quot;:null,&quot;selfDischargeRateMinCell&quot;:null,&quot;voltDiffRatio&quot;:1,&quot;conditionEndMileage&quot;:59220,&quot;segStartSoc&quot;:16},{&quot;vin&quot;:&quot;LGXC76D35K0068431&quot;,&quot;rtime&quot;:&quot;20200820085217&quot;,&quot;socOcvMaxVoltAbs&quot;:0.5,&quot;socOcvMinVoltAbs&quot;:-6,&quot;selfDischargeRateMaxCell&quot;:null,&quot;selfDischargeRateMinCell&quot;:null,&quot;voltDiffRatio&quot;:0.95,&quot;conditionEndMileage&quot;:59280,&quot;segStartSoc&quot;:16},{&quot;vin&quot;:&quot;LGXC76D35K0068431&quot;,&quot;rtime&quot;:&quot;20200820202051&quot;,&quot;socOcvMaxVoltAbs&quot;:0,&quot;socOcvMinVoltAbs&quot;:-10,&quot;selfDischargeRateMaxCell&quot;:null,&quot;selfDischargeRateMinCell&quot;:null,&quot;voltDiffRatio&quot;:1,&quot;conditionEndMileage&quot;:59360,&quot;segStartSoc&quot;:16},{&quot;vin&quot;:&quot;LGXC76D35K0068431&quot;,&quot;rtime&quot;:&quot;20200821090509&quot;,&quot;socOcvMaxVoltAbs&quot;:9.5,&quot;socOcvMinVoltAbs&quot;:0.5,&quot;selfDischargeRateMaxCell&quot;:null,&quot;selfDischargeRateMinCell&quot;:null,&quot;voltDiffRatio&quot;:0.94,&quot;conditionEndMileage&quot;:59420,&quot;segStartSoc&quot;:16},{&quot;vin&quot;:&quot;LGXC76D35K0068431&quot;,&quot;rtime&quot;:&quot;20200821195056&quot;,&quot;socOcvMaxVoltAbs&quot;:3,&quot;socOcvMinVoltAbs&quot;:-6,&quot;selfDischargeRateMaxCell&quot;:null,&quot;selfDischargeRateMinCell&quot;:null,&quot;voltDiffRatio&quot;:1,&quot;conditionEndMileage&quot;:59500,&quot;segStartSoc&quot;:16},{&quot;vin&quot;:&quot;LGXC76D35K0068431&quot;,&quot;rtime&quot;:&quot;20200822091005&quot;,&quot;socOcvMaxVoltAbs&quot;:11,&quot;socOcvMinVoltAbs&quot;:1,&quot;selfDischargeRateMaxCell&quot;:null,&quot;selfDischargeRateMinCell&quot;:null,&quot;voltDiffRatio&quot;:0.95,&quot;conditionEndMileage&quot;:59560,&quot;segStartSoc&quot;:16},{&quot;vin&quot;:&quot;LGXC76D35K0068431&quot;,&quot;rtime&quot;:&quot;20200822201217&quot;,&quot;socOcvMaxVoltAbs&quot;:10,&quot;socOcvMinVoltAbs&quot;:5,&quot;selfDischargeRateMaxCell&quot;:null,&quot;selfDischargeRateMinCell&quot;:null,&quot;voltDiffRatio&quot;:0.95,&quot;conditionEndMileage&quot;:59640,&quot;segStartSoc&quot;:16},{&quot;vin&quot;:&quot;LGXC76D35K0068431&quot;,&quot;rtime&quot;:&quot;20200823091800&quot;,&quot;socOcvMaxVoltAbs&quot;:2.5,&quot;socOcvMinVoltAbs&quot;:-6.5,&quot;selfDischargeRateMaxCell&quot;:null,&quot;selfDischargeRateMinCell&quot;:null,&quot;voltDiffRatio&quot;:0.95,&quot;conditionEndMileage&quot;:59700,&quot;segStartSoc&quot;:16},{&quot;vin&quot;:&quot;LGXC76D35K0068431&quot;,&quot;rtime&quot;:&quot;20200823193648&quot;,&quot;socOcvMaxVoltAbs&quot;:23.5,&quot;socOcvMinVoltAbs&quot;:14,&quot;selfDischargeRateMaxCell&quot;:null,&quot;selfDischargeRateMinCell&quot;:null,&quot;voltDiffRatio&quot;:1,&quot;conditionEndMileage&quot;:59780,&quot;segStartSoc&quot;:16},{&quot;vin&quot;:&quot;LGXC76D35K0068431&quot;,&quot;rtime&quot;:&quot;20200824205049&quot;,&quot;socOcvMaxVoltAbs&quot;:8.5,&quot;socOcvMinVoltAbs&quot;:-4,&quot;selfDischargeRateMaxCell&quot;:null,&quot;selfDischargeRateMinCell&quot;:null,&quot;voltDiffRatio&quot;:1,&quot;conditionEndMileage&quot;:59910,&quot;segStartSoc&quot;:82},{&quot;vin&quot;:&quot;LGXC76D35K0068431&quot;,&quot;rtime&quot;:&quot;20200828073118&quot;,&quot;socOcvMaxVoltAbs&quot;:-10,&quot;socOcvMinVoltAbs&quot;:-9,&quot;selfDischargeRateMaxCell&quot;:null,&quot;selfDischargeRateMinCell&quot;:null,&quot;voltDiffRatio&quot;:1.5,&quot;conditionEndMileage&quot;:60120,&quot;segStartSoc&quot;:39},{&quot;vin&quot;:&quot;LGXC76D35K0068431&quot;,&quot;rtime&quot;:&quot;20200828161320&quot;,&quot;socOcvMaxVoltAbs&quot;:10,&quot;socOcvMinVoltAbs&quot;:5,&quot;selfDischargeRateMaxCell&quot;:null,&quot;selfDischargeRateMinCell&quot;:null,&quot;voltDiffRatio&quot;:1.26,&quot;conditionEndMileage&quot;:60350,&quot;segStartSoc&quot;:16},{&quot;vin&quot;:&quot;LGXC76D35K0068431&quot;,&quot;rtime&quot;:&quot;20200828215517&quot;,&quot;socOcvMaxVoltAbs&quot;:-3,&quot;socOcvMinVoltAbs&quot;:-8,&quot;selfDischargeRateMaxCell&quot;:null,&quot;selfDischargeRateMinCell&quot;:null,&quot;voltDiffRatio&quot;:1.16,&quot;conditionEndMileage&quot;:60490,&quot;segStartSoc&quot;:16},{&quot;vin&quot;:&quot;LGXC76D35K0068431&quot;,&quot;rtime&quot;:&quot;20200830114257&quot;,&quot;socOcvMaxVoltAbs&quot;:6.5,&quot;socOcvMinVoltAbs&quot;:9.5,&quot;selfDischargeRateMaxCell&quot;:null,&quot;selfDischargeRateMinCell&quot;:null,&quot;voltDiffRatio&quot;:1.32,&quot;conditionEndMileage&quot;:60550,&quot;segStartSoc&quot;:16},{&quot;vin&quot;:&quot;LGXC76D35K0068431&quot;,&quot;rtime&quot;:&quot;20200830192054&quot;,&quot;socOcvMaxVoltAbs&quot;:7,&quot;socOcvMinVoltAbs&quot;:5,&quot;selfDischargeRateMaxCell&quot;:null,&quot;selfDischargeRateMinCell&quot;:null,&quot;voltDiffRatio&quot;:1.32,&quot;conditionEndMileage&quot;:60630,&quot;segStartSoc&quot;:16},{&quot;vin&quot;:&quot;LGXC76D35K0068431&quot;,&quot;rtime&quot;:&quot;20200905182338&quot;,&quot;socOcvMaxVoltAbs&quot;:-4,&quot;socOcvMinVoltAbs&quot;:-1.5,&quot;selfDischargeRateMaxCell&quot;:null,&quot;selfDischargeRateMinCell&quot;:null,&quot;voltDiffRatio&quot;:1.32,&quot;conditionEndMileage&quot;:61190,&quot;segStartSoc&quot;:16},{&quot;vin&quot;:&quot;LGXC76D35K0068431&quot;,&quot;rtime&quot;:&quot;20200908095010&quot;,&quot;socOcvMaxVoltAbs&quot;:13.5,&quot;socOcvMinVoltAbs&quot;:7,&quot;selfDischargeRateMaxCell&quot;:null,&quot;selfDischargeRateMinCell&quot;:null,&quot;voltDiffRatio&quot;:1.32,&quot;conditionEndMileage&quot;:61360,&quot;segStartSoc&quot;:16},{&quot;vin&quot;:&quot;LGXC76D35K0068431&quot;,&quot;rtime&quot;:&quot;20200908173254&quot;,&quot;socOcvMaxVoltAbs&quot;:-3,&quot;socOcvMinVoltAbs&quot;:-13,&quot;selfDischargeRateMaxCell&quot;:null,&quot;selfDischargeRateMinCell&quot;:null,&quot;voltDiffRatio&quot;:2.44,&quot;conditionEndMileage&quot;:61410,&quot;segStartSoc&quot;:16},{&quot;vin&quot;:&quot;LGXC76D35K0068431&quot;,&quot;rtime&quot;:&quot;20200909115037&quot;,&quot;socOcvMaxVoltAbs&quot;:2,&quot;socOcvMinVoltAbs&quot;:0,&quot;selfDischargeRateMaxCell&quot;:null,&quot;selfDischargeRateMinCell&quot;:null,&quot;voltDiffRatio&quot;:1.39,&quot;conditionEndMileage&quot;:61450,&quot;segStartSoc&quot;:16},{&quot;vin&quot;:&quot;LGXC76D35K0068431&quot;,&quot;rtime&quot;:&quot;20200909171042&quot;,&quot;socOcvMaxVoltAbs&quot;:9,&quot;socOcvMinVoltAbs&quot;:10,&quot;selfDischargeRateMaxCell&quot;:null,&quot;selfDischargeRateMinCell&quot;:null,&quot;voltDiffRatio&quot;:1.39,&quot;conditionEndMileage&quot;:61530,&quot;segStartSoc&quot;:16},{&quot;vin&quot;:&quot;LGXC76D35K0068431&quot;,&quot;rtime&quot;:&quot;20200910103641&quot;,&quot;socOcvMaxVoltAbs&quot;:5,&quot;socOcvMinVoltAbs&quot;:3,&quot;selfDischargeRateMaxCell&quot;:null,&quot;selfDischargeRateMinCell&quot;:null,&quot;voltDiffRatio&quot;:1.32,&quot;conditionEndMileage&quot;:61690,&quot;segStartSoc&quot;:16},{&quot;vin&quot;:&quot;LGXC76D35K0068431&quot;,&quot;rtime&quot;:&quot;20200911152330&quot;,&quot;socOcvMaxVoltAbs&quot;:6.5,&quot;socOcvMinVoltAbs&quot;:5,&quot;selfDischargeRateMaxCell&quot;:null,&quot;selfDischargeRateMinCell&quot;:null,&quot;voltDiffRatio&quot;:1.32,&quot;conditionEndMileage&quot;:61890,&quot;segStartSoc&quot;:16},{&quot;vin&quot;:&quot;LGXC76D35K0068431&quot;,&quot;rtime&quot;:&quot;20200913100140&quot;,&quot;socOcvMaxVoltAbs&quot;:2.5,&quot;socOcvMinVoltAbs&quot;:-2.5,&quot;selfDischargeRateMaxCell&quot;:null,&quot;selfDischargeRateMinCell&quot;:null,&quot;voltDiffRatio&quot;:1.26,&quot;conditionEndMileage&quot;:62020,&quot;segStartSoc&quot;:16},{&quot;vin&quot;:&quot;LGXC76D35K0068431&quot;,&quot;rtime&quot;:&quot;20200914073944&quot;,&quot;socOcvMaxVoltAbs&quot;:22,&quot;socOcvMinVoltAbs&quot;:21.5,&quot;selfDischargeRateMaxCell&quot;:null,&quot;selfDischargeRateMinCell&quot;:null,&quot;voltDiffRatio&quot;:1.36,&quot;conditionEndMileage&quot;:62020,&quot;segStartSoc&quot;:13},{&quot;vin&quot;:&quot;LGXC76D35K0068431&quot;,&quot;rtime&quot;:&quot;20200918111841&quot;,&quot;socOcvMaxVoltAbs&quot;:17,&quot;socOcvMinVoltAbs&quot;:17,&quot;selfDischargeRateMaxCell&quot;:null,&quot;selfDischargeRateMinCell&quot;:null,&quot;voltDiffRatio&quot;:1.39,&quot;conditionEndMileage&quot;:62410,&quot;segStartSoc&quot;:16},{&quot;vin&quot;:&quot;LGXC76D35K0068431&quot;,&quot;rtime&quot;:&quot;20200918174542&quot;,&quot;socOcvMaxVoltAbs&quot;:14,&quot;socOcvMinVoltAbs&quot;:18,&quot;selfDischargeRateMaxCell&quot;:null,&quot;selfDischargeRateMinCell&quot;:null,&quot;voltDiffRatio&quot;:1.44,&quot;conditionEndMileage&quot;:62410,&quot;segStartSoc&quot;:16},{&quot;vin&quot;:&quot;LGXC76D35K0068431&quot;,&quot;rtime&quot;:&quot;20200922111428&quot;,&quot;socOcvMaxVoltAbs&quot;:5,&quot;socOcvMinVoltAbs&quot;:6,&quot;selfDischargeRateMaxCell&quot;:null,&quot;selfDischargeRateMinCell&quot;:null,&quot;voltDiffRatio&quot;:1.39,&quot;conditionEndMileage&quot;:62490,&quot;segStartSoc&quot;:16},{&quot;vin&quot;:&quot;LGXC76D35K0068431&quot;,&quot;rtime&quot;:&quot;20200922170955&quot;,&quot;socOcvMaxVoltAbs&quot;:5,&quot;socOcvMinVoltAbs&quot;:10,&quot;selfDischargeRateMaxCell&quot;:null,&quot;selfDischargeRateMinCell&quot;:null,&quot;voltDiffRatio&quot;:1.39,&quot;conditionEndMileage&quot;:62490,&quot;segStartSoc&quot;:16},{&quot;vin&quot;:&quot;LGXC76D35K0068431&quot;,&quot;rtime&quot;:&quot;20200928094146&quot;,&quot;socOcvMaxVoltAbs&quot;:-20,&quot;socOcvMinVoltAbs&quot;:-17,&quot;selfDischargeRateMaxCell&quot;:null,&quot;selfDischargeRateMinCell&quot;:null,&quot;voltDiffRatio&quot;:1.32,&quot;conditionEndMileage&quot;:62750,&quot;segStartSoc&quot;:16},{&quot;vin&quot;:&quot;LGXC76D35K0068431&quot;,&quot;rtime&quot;:&quot;20200929133432&quot;,&quot;socOcvMaxVoltAbs&quot;:-4,&quot;socOcvMinVoltAbs&quot;:-2.5,&quot;selfDischargeRateMaxCell&quot;:null,&quot;selfDischargeRateMinCell&quot;:null,&quot;voltDiffRatio&quot;:1.44,&quot;conditionEndMileage&quot;:62750,&quot;segStartSoc&quot;:16},{&quot;vin&quot;:&quot;LGXC76D35K0068431&quot;,&quot;rtime&quot;:&quot;20200930173546&quot;,&quot;socOcvMaxVoltAbs&quot;:-5.5,&quot;socOcvMinVoltAbs&quot;:-5,&quot;selfDischargeRateMaxCell&quot;:null,&quot;selfDischargeRateMinCell&quot;:null,&quot;voltDiffRatio&quot;:1.26,&quot;conditionEndMileage&quot;:63030,&quot;segStartSoc&quot;:16},{&quot;vin&quot;:&quot;LGXC76D35K0068431&quot;,&quot;rtime&quot;:&quot;20201001152511&quot;,&quot;socOcvMaxVoltAbs&quot;:10,&quot;socOcvMinVoltAbs&quot;:-11,&quot;selfDischargeRateMaxCell&quot;:null,&quot;selfDischargeRateMinCell&quot;:null,&quot;voltDiffRatio&quot;:1.36,&quot;conditionEndMileage&quot;:63030,&quot;segStartSoc&quot;:14},{&quot;vin&quot;:&quot;LGXC76D35K0068431&quot;,&quot;rtime&quot;:&quot;20201002052218&quot;,&quot;socOcvMaxVoltAbs&quot;:-23,&quot;socOcvMinVoltAbs&quot;:-26,&quot;selfDischargeRateMaxCell&quot;:null,&quot;selfDischargeRateMinCell&quot;:null,&quot;voltDiffRatio&quot;:2.46,&quot;conditionEndMileage&quot;:63030,&quot;segStartSoc&quot;:15},{&quot;vin&quot;:&quot;LGXC76D35K0068431&quot;,&quot;rtime&quot;:&quot;20201003103148&quot;,&quot;socOcvMaxVoltAbs&quot;:14,&quot;socOcvMinVoltAbs&quot;:5,&quot;selfDischargeRateMaxCell&quot;:null,&quot;selfDischargeRateMinCell&quot;:null,&quot;voltDiffRatio&quot;:1.5,&quot;conditionEndMileage&quot;:71880,&quot;segStartSoc&quot;:51},{&quot;vin&quot;:&quot;LGXC76D35K0068431&quot;,&quot;rtime&quot;:&quot;20201003175605&quot;,&quot;socOcvMaxVoltAbs&quot;:19,&quot;socOcvMinVoltAbs&quot;:17,&quot;selfDischargeRateMaxCell&quot;:null,&quot;selfDischargeRateMinCell&quot;:null,&quot;voltDiffRatio&quot;:1.5,&quot;conditionEndMileage&quot;:72130,&quot;segStartSoc&quot;:45},{&quot;vin&quot;:&quot;LGXC76D35K0068431&quot;,&quot;rtime&quot;:&quot;20201005075529&quot;,&quot;socOcvMaxVoltAbs&quot;:15,&quot;socOcvMinVoltAbs&quot;:14,&quot;selfDischargeRateMaxCell&quot;:null,&quot;selfDischargeRateMinCell&quot;:null,&quot;voltDiffRatio&quot;:1.38,&quot;conditionEndMileage&quot;:72910,&quot;segStartSoc&quot;:51},{&quot;vin&quot;:&quot;LGXC76D35K0068431&quot;,&quot;rtime&quot;:&quot;20201006065354&quot;,&quot;socOcvMaxVoltAbs&quot;:29.5,&quot;socOcvMinVoltAbs&quot;:24.5,&quot;selfDischargeRateMaxCell&quot;:null,&quot;selfDischargeRateMinCell&quot;:null,&quot;voltDiffRatio&quot;:1.33,&quot;conditionEndMileage&quot;:74690,&quot;segStartSoc&quot;:16},{&quot;vin&quot;:&quot;LGXC76D35K0068431&quot;,&quot;rtime&quot;:&quot;20201007065335&quot;,&quot;socOcvMaxVoltAbs&quot;:-10,&quot;socOcvMinVoltAbs&quot;:5,&quot;selfDischargeRateMaxCell&quot;:null,&quot;selfDischargeRateMinCell&quot;:null,&quot;voltDiffRatio&quot;:2,&quot;conditionEndMileage&quot;:75960,&quot;segStartSoc&quot;:37},{&quot;vin&quot;:&quot;LGXC76D35K0068431&quot;,&quot;rtime&quot;:&quot;20201007163711&quot;,&quot;socOcvMaxVoltAbs&quot;:-6.5,&quot;socOcvMinVoltAbs&quot;:0,&quot;selfDischargeRateMaxCell&quot;:null,&quot;selfDischargeRateMinCell&quot;:null,&quot;voltDiffRatio&quot;:2,&quot;conditionEndMileage&quot;:76000,&quot;segStartSoc&quot;:34},{&quot;vin&quot;:&quot;LGXC76D35K0068431&quot;,&quot;rtime&quot;:&quot;20201009151316&quot;,&quot;socOcvMaxVoltAbs&quot;:16,&quot;socOcvMinVoltAbs&quot;:9,&quot;selfDischargeRateMaxCell&quot;:null,&quot;selfDischargeRateMinCell&quot;:null,&quot;voltDiffRatio&quot;:1.3,&quot;conditionEndMileage&quot;:84750,&quot;segStartSoc&quot;:24},{&quot;vin&quot;:&quot;LGXC76D35K0068431&quot;,&quot;rtime&quot;:&quot;20201016144635&quot;,&quot;socOcvMaxVoltAbs&quot;:22,&quot;socOcvMinVoltAbs&quot;:22.5,&quot;selfDischargeRateMaxCell&quot;:null,&quot;selfDischargeRateMinCell&quot;:null,&quot;voltDiffRatio&quot;:1.7,&quot;conditionEndMileage&quot;:84970,&quot;segStartSoc&quot;:13},{&quot;vin&quot;:&quot;LGXC76D35K0068431&quot;,&quot;rtime&quot;:&quot;20201030074914&quot;,&quot;socOcvMaxVoltAbs&quot;:8,&quot;socOcvMinVoltAbs&quot;:30,&quot;selfDischargeRateMaxCell&quot;:null,&quot;selfDischargeRateMinCell&quot;:null,&quot;voltDiffRatio&quot;:1.33,&quot;conditionEndMileage&quot;:85340,&quot;segStartSoc&quot;:16},{&quot;vin&quot;:&quot;LGXC76D35K0068431&quot;,&quot;rtime&quot;:&quot;20201030183312&quot;,&quot;socOcvMaxVoltAbs&quot;:3,&quot;socOcvMinVoltAbs&quot;:-2,&quot;selfDischargeRateMaxCell&quot;:null,&quot;selfDischargeRateMinCell&quot;:null,&quot;voltDiffRatio&quot;:1.28,&quot;conditionEndMileage&quot;:85440,&quot;segStartSoc&quot;:16},{&quot;vin&quot;:&quot;LGXC76D35K0068431&quot;,&quot;rtime&quot;:&quot;20201031065619&quot;,&quot;socOcvMaxVoltAbs&quot;:1,&quot;socOcvMinVoltAbs&quot;:3,&quot;selfDischargeRateMaxCell&quot;:null,&quot;selfDischargeRateMinCell&quot;:null,&quot;voltDiffRatio&quot;:1.39,&quot;conditionEndMileage&quot;:85530,&quot;segStartSoc&quot;:16},{&quot;vin&quot;:&quot;LGXC76D35K0068431&quot;,&quot;rtime&quot;:&quot;20201031185426&quot;,&quot;socOcvMaxVoltAbs&quot;:8,&quot;socOcvMinVoltAbs&quot;:5,&quot;selfDischargeRateMaxCell&quot;:null,&quot;selfDischargeRateMinCell&quot;:null,&quot;voltDiffRatio&quot;:1.39,&quot;conditionEndMileage&quot;:85620,&quot;segStartSoc&quot;:16},{&quot;vin&quot;:&quot;LGXC76D35K0068431&quot;,&quot;rtime&quot;:&quot;20201102060159&quot;,&quot;socOcvMaxVoltAbs&quot;:-7,&quot;socOcvMinVoltAbs&quot;:-9,&quot;selfDischargeRateMaxCell&quot;:null,&quot;selfDischargeRateMinCell&quot;:null,&quot;voltDiffRatio&quot;:1.39,&quot;conditionEndMileage&quot;:85710,&quot;segStartSoc&quot;:16},{&quot;vin&quot;:&quot;LGXC76D35K0068431&quot;,&quot;rtime&quot;:&quot;20201102212903&quot;,&quot;socOcvMaxVoltAbs&quot;:-4,&quot;socOcvMinVoltAbs&quot;:-4,&quot;selfDischargeRateMaxCell&quot;:null,&quot;selfDischargeRateMinCell&quot;:null,&quot;voltDiffRatio&quot;:1.39,&quot;conditionEndMileage&quot;:85800,&quot;segStartSoc&quot;:16},{&quot;vin&quot;:&quot;LGXC76D35K0068431&quot;,&quot;rtime&quot;:&quot;20201103055844&quot;,&quot;socOcvMaxVoltAbs&quot;:-9,&quot;socOcvMinVoltAbs&quot;:-8,&quot;selfDischargeRateMaxCell&quot;:null,&quot;selfDischargeRateMinCell&quot;:null,&quot;voltDiffRatio&quot;:1.44,&quot;conditionEndMileage&quot;:85920,&quot;segStartSoc&quot;:16},{&quot;vin&quot;:&quot;LGXC76D35K0068431&quot;,&quot;rtime&quot;:&quot;20201103193803&quot;,&quot;socOcvMaxVoltAbs&quot;:6,&quot;socOcvMinVoltAbs&quot;:6,&quot;selfDischargeRateMaxCell&quot;:null,&quot;selfDischargeRateMinCell&quot;:null,&quot;voltDiffRatio&quot;:1.5,&quot;conditionEndMileage&quot;:86010,&quot;segStartSoc&quot;:16},{&quot;vin&quot;:&quot;LGXC76D35K0068431&quot;,&quot;rtime&quot;:&quot;20201104055023&quot;,&quot;socOcvMaxVoltAbs&quot;:-5,&quot;socOcvMinVoltAbs&quot;:-4,&quot;selfDischargeRateMaxCell&quot;:null,&quot;selfDischargeRateMinCell&quot;:null,&quot;voltDiffRatio&quot;:1.5,&quot;conditionEndMileage&quot;:86100,&quot;segStartSoc&quot;:16},{&quot;vin&quot;:&quot;LGXC76D35K0068431&quot;,&quot;rtime&quot;:&quot;20201104185226&quot;,&quot;socOcvMaxVoltAbs&quot;:5.5,&quot;socOcvMinVoltAbs&quot;:5,&quot;selfDischargeRateMaxCell&quot;:null,&quot;selfDischargeRateMinCell&quot;:null,&quot;voltDiffRatio&quot;:1.5,&quot;conditionEndMileage&quot;:86190,&quot;segStartSoc&quot;:16},{&quot;vin&quot;:&quot;LGXC76D35K0068431&quot;,&quot;rtime&quot;:&quot;20201105072353&quot;,&quot;socOcvMaxVoltAbs&quot;:-5,&quot;socOcvMinVoltAbs&quot;:-7,&quot;selfDischargeRateMaxCell&quot;:null,&quot;selfDischargeRateMinCell&quot;:null,&quot;voltDiffRatio&quot;:1.5,&quot;conditionEndMileage&quot;:86280,&quot;segStartSoc&quot;:16},{&quot;vin&quot;:&quot;LGXC76D35K0068431&quot;,&quot;rtime&quot;:&quot;20201105184609&quot;,&quot;socOcvMaxVoltAbs&quot;:1,&quot;socOcvMinVoltAbs&quot;:2,&quot;selfDischargeRateMaxCell&quot;:null,&quot;selfDischargeRateMinCell&quot;:null,&quot;voltDiffRatio&quot;:1.44,&quot;conditionEndMileage&quot;:86380,&quot;segStartSoc&quot;:16},{&quot;vin&quot;:&quot;LGXC76D35K0068431&quot;,&quot;rtime&quot;:&quot;20201106073848&quot;,&quot;socOcvMaxVoltAbs&quot;:1,&quot;socOcvMinVoltAbs&quot;:3,&quot;selfDischargeRateMaxCell&quot;:null,&quot;selfDischargeRateMinCell&quot;:null,&quot;voltDiffRatio&quot;:1.5,&quot;conditionEndMileage&quot;:86460,&quot;segStartSoc&quot;:16},{&quot;vin&quot;:&quot;LGXC76D35K0068431&quot;,&quot;rtime&quot;:&quot;20201106170744&quot;,&quot;socOcvMaxVoltAbs&quot;:-2,&quot;socOcvMinVoltAbs&quot;:-1,&quot;selfDischargeRateMaxCell&quot;:null,&quot;selfDischargeRateMinCell&quot;:null,&quot;voltDiffRatio&quot;:1.5,&quot;conditionEndMileage&quot;:86550,&quot;segStartSoc&quot;:16},{&quot;vin&quot;:&quot;LGXC76D35K0068431&quot;,&quot;rtime&quot;:&quot;20201107071748&quot;,&quot;socOcvMaxVoltAbs&quot;:-9.5,&quot;socOcvMinVoltAbs&quot;:-6,&quot;selfDischargeRateMaxCell&quot;:null,&quot;selfDischargeRateMinCell&quot;:null,&quot;voltDiffRatio&quot;:1.37,&quot;conditionEndMileage&quot;:87180,&quot;segStartSoc&quot;:16},{&quot;vin&quot;:&quot;LGXC76D35K0068431&quot;,&quot;rtime&quot;:&quot;20201107182426&quot;,&quot;socOcvMaxVoltAbs&quot;:-10.5,&quot;socOcvMinVoltAbs&quot;:-10.5,&quot;selfDischargeRateMaxCell&quot;:null,&quot;selfDischargeRateMinCell&quot;:null,&quot;voltDiffRatio&quot;:2,&quot;conditionEndMileage&quot;:87270,&quot;segStartSoc&quot;:17},{&quot;vin&quot;:&quot;LGXC76D35K0068431&quot;,&quot;rtime&quot;:&quot;20201108064405&quot;,&quot;socOcvMaxVoltAbs&quot;:-10,&quot;socOcvMinVoltAbs&quot;:-10,&quot;selfDischargeRateMaxCell&quot;:null,&quot;selfDischargeRateMinCell&quot;:null,&quot;voltDiffRatio&quot;:1.44,&quot;conditionEndMileage&quot;:87360,&quot;segStartSoc&quot;:16},{&quot;vin&quot;:&quot;LGXC76D35K0068431&quot;,&quot;rtime&quot;:&quot;20201108160707&quot;,&quot;socOcvMaxVoltAbs&quot;:0,&quot;socOcvMinVoltAbs&quot;:0,&quot;selfDischargeRateMaxCell&quot;:null,&quot;selfDischargeRateMinCell&quot;:null,&quot;voltDiffRatio&quot;:1.5,&quot;conditionEndMileage&quot;:87460,&quot;segStartSoc&quot;:16},{&quot;vin&quot;:&quot;LGXC76D35K0068431&quot;,&quot;rtime&quot;:&quot;20201109063816&quot;,&quot;socOcvMaxVoltAbs&quot;:6,&quot;socOcvMinVoltAbs&quot;:11,&quot;selfDischargeRateMaxCell&quot;:null,&quot;selfDischargeRateMinCell&quot;:null,&quot;voltDiffRatio&quot;:1.5,&quot;conditionEndMileage&quot;:87530,&quot;segStartSoc&quot;:16},{&quot;vin&quot;:&quot;LGXC76D35K0068431&quot;,&quot;rtime&quot;:&quot;20201109145652&quot;,&quot;socOcvMaxVoltAbs&quot;:3,&quot;socOcvMinVoltAbs&quot;:2,&quot;selfDischargeRateMaxCell&quot;:null,&quot;selfDischargeRateMinCell&quot;:null,&quot;voltDiffRatio&quot;:1.5,&quot;conditionEndMileage&quot;:87640,&quot;segStartSoc&quot;:16},{&quot;vin&quot;:&quot;LGXC76D35K0068431&quot;,&quot;rtime&quot;:&quot;20201110061257&quot;,&quot;socOcvMaxVoltAbs&quot;:-6,&quot;socOcvMinVoltAbs&quot;:-6,&quot;selfDischargeRateMaxCell&quot;:null,&quot;selfDischargeRateMinCell&quot;:null,&quot;voltDiffRatio&quot;:1.5,&quot;conditionEndMileage&quot;:87800,&quot;segStartSoc&quot;:16},{&quot;vin&quot;:&quot;LGXC76D35K0068431&quot;,&quot;rtime&quot;:&quot;20201110103557&quot;,&quot;socOcvMaxVoltAbs&quot;:2,&quot;socOcvMinVoltAbs&quot;:1.5,&quot;selfDischargeRateMaxCell&quot;:null,&quot;selfDischargeRateMinCell&quot;:null,&quot;voltDiffRatio&quot;:1.5,&quot;conditionEndMileage&quot;:87910,&quot;segStartSoc&quot;:16},{&quot;vin&quot;:&quot;LGXC76D35K0068431&quot;,&quot;rtime&quot;:&quot;20201111055631&quot;,&quot;socOcvMaxVoltAbs&quot;:1,&quot;socOcvMinVoltAbs&quot;:6.5,&quot;selfDischargeRateMaxCell&quot;:null,&quot;selfDischargeRateMinCell&quot;:null,&quot;voltDiffRatio&quot;:1.44,&quot;conditionEndMileage&quot;:88300,&quot;segStartSoc&quot;:16},{&quot;vin&quot;:&quot;LGXC76D35K0068431&quot;,&quot;rtime&quot;:&quot;20201111191719&quot;,&quot;socOcvMaxVoltAbs&quot;:-7.5,&quot;socOcvMinVoltAbs&quot;:-5,&quot;selfDischargeRateMaxCell&quot;:null,&quot;selfDischargeRateMinCell&quot;:null,&quot;voltDiffRatio&quot;:1.79,&quot;conditionEndMileage&quot;:88410,&quot;segStartSoc&quot;:16},{&quot;vin&quot;:&quot;LGXC76D35K0068431&quot;,&quot;rtime&quot;:&quot;20201113061022&quot;,&quot;socOcvMaxVoltAbs&quot;:11,&quot;socOcvMinVoltAbs&quot;:-6,&quot;selfDischargeRateMaxCell&quot;:null,&quot;selfDischargeRateMinCell&quot;:null,&quot;voltDiffRatio&quot;:1.67,&quot;conditionEndMileage&quot;:88480,&quot;segStartSoc&quot;:16},{&quot;vin&quot;:&quot;LGXC76D35K0068431&quot;,&quot;rtime&quot;:&quot;20201114000331&quot;,&quot;socOcvMaxVoltAbs&quot;:-5,&quot;socOcvMinVoltAbs&quot;:-7,&quot;selfDischargeRateMaxCell&quot;:null,&quot;selfDischargeRateMinCell&quot;:null,&quot;voltDiffRatio&quot;:1.32,&quot;conditionEndMileage&quot;:88580,&quot;segStartSoc&quot;:16},{&quot;vin&quot;:&quot;LGXC76D35K0068431&quot;,&quot;rtime&quot;:&quot;20201115134037&quot;,&quot;socOcvMaxVoltAbs&quot;:-6.5,&quot;socOcvMinVoltAbs&quot;:-2,&quot;selfDischargeRateMaxCell&quot;:null,&quot;selfDischargeRateMinCell&quot;:null,&quot;voltDiffRatio&quot;:1.44,&quot;conditionEndMileage&quot;:88650,&quot;segStartSoc&quot;:16},{&quot;vin&quot;:&quot;LGXC76D35K0068431&quot;,&quot;rtime&quot;:&quot;20201116160422&quot;,&quot;socOcvMaxVoltAbs&quot;:5,&quot;socOcvMinVoltAbs&quot;:7,&quot;selfDischargeRateMaxCell&quot;:null,&quot;selfDischargeRateMinCell&quot;:null,&quot;voltDiffRatio&quot;:1.56,&quot;conditionEndMileage&quot;:88920,&quot;segStartSoc&quot;:16},{&quot;vin&quot;:&quot;LGXC76D35K0068431&quot;,&quot;rtime&quot;:&quot;20201117191557&quot;,&quot;socOcvMaxVoltAbs&quot;:4.5,&quot;socOcvMinVoltAbs&quot;:2,&quot;selfDischargeRateMaxCell&quot;:null,&quot;selfDischargeRateMinCell&quot;:null,&quot;voltDiffRatio&quot;:1.5,&quot;conditionEndMileage&quot;:89070,&quot;segStartSoc&quot;:16},{&quot;vin&quot;:&quot;LGXC76D35K0068431&quot;,&quot;rtime&quot;:&quot;20201118101948&quot;,&quot;socOcvMaxVoltAbs&quot;:-11,&quot;socOcvMinVoltAbs&quot;:-12,&quot;selfDischargeRateMaxCell&quot;:null,&quot;selfDischargeRateMinCell&quot;:null,&quot;voltDiffRatio&quot;:1.37,&quot;conditionEndMileage&quot;:89720,&quot;segStartSoc&quot;:16},{&quot;vin&quot;:&quot;LGXC76D35K0068431&quot;,&quot;rtime&quot;:&quot;20201204134717&quot;,&quot;socOcvMaxVoltAbs&quot;:65,&quot;socOcvMinVoltAbs&quot;:95,&quot;selfDischargeRateMaxCell&quot;:null,&quot;selfDischargeRateMinCell&quot;:null,&quot;voltDiffRatio&quot;:1.44,&quot;conditionEndMileage&quot;:89790,&quot;segStartSoc&quot;:16},{&quot;vin&quot;:&quot;LGXC76D35K0068431&quot;,&quot;rtime&quot;:&quot;20201205132347&quot;,&quot;socOcvMaxVoltAbs&quot;:3,&quot;socOcvMinVoltAbs&quot;:-1,&quot;selfDischargeRateMaxCell&quot;:null,&quot;selfDischargeRateMinCell&quot;:null,&quot;voltDiffRatio&quot;:1.5,&quot;conditionEndMileage&quot;:90180,&quot;segStartSoc&quot;:16},{&quot;vin&quot;:&quot;LGXC76D35K0068431&quot;,&quot;rtime&quot;:&quot;20201207083542&quot;,&quot;socOcvMaxVoltAbs&quot;:2,&quot;socOcvMinVoltAbs&quot;:-14,&quot;selfDischargeRateMaxCell&quot;:null,&quot;selfDischargeRateMinCell&quot;:null,&quot;voltDiffRatio&quot;:1.5,&quot;conditionEndMileage&quot;:90310,&quot;segStartSoc&quot;:16},{&quot;vin&quot;:&quot;LGXC76D35K0068431&quot;,&quot;rtime&quot;:&quot;20201211135155&quot;,&quot;socOcvMaxVoltAbs&quot;:9,&quot;socOcvMinVoltAbs&quot;:17,&quot;selfDischargeRateMaxCell&quot;:null,&quot;selfDischargeRateMinCell&quot;:null,&quot;voltDiffRatio&quot;:1.44,&quot;conditionEndMileage&quot;:90700,&quot;segStartSoc&quot;:16},{&quot;vin&quot;:&quot;LGXC76D35K0068431&quot;,&quot;rtime&quot;:&quot;20201220143342&quot;,&quot;socOcvMaxVoltAbs&quot;:-4,&quot;socOcvMinVoltAbs&quot;:0,&quot;selfDischargeRateMaxCell&quot;:null,&quot;selfDischargeRateMinCell&quot;:null,&quot;voltDiffRatio&quot;:1.56,&quot;conditionEndMileage&quot;:90980,&quot;segStartSoc&quot;:16},{&quot;vin&quot;:&quot;LGXC76D35K0068431&quot;,&quot;rtime&quot;:&quot;20201223195405&quot;,&quot;socOcvMaxVoltAbs&quot;:3,&quot;socOcvMinVoltAbs&quot;:-4,&quot;selfDischargeRateMaxCell&quot;:null,&quot;selfDischargeRateMinCell&quot;:null,&quot;voltDiffRatio&quot;:2.17,&quot;conditionEndMileage&quot;:91110,&quot;segStartSoc&quot;:15},{&quot;vin&quot;:&quot;LGXC76D35K0068431&quot;,&quot;rtime&quot;:&quot;20201224154010&quot;,&quot;socOcvMaxVoltAbs&quot;:6.5,&quot;socOcvMinVoltAbs&quot;:5.5,&quot;selfDischargeRateMaxCell&quot;:null,&quot;selfDischargeRateMinCell&quot;:null,&quot;voltDiffRatio&quot;:1.39,&quot;conditionEndMileage&quot;:91330,&quot;segStartSoc&quot;:16},{&quot;vin&quot;:&quot;LGXC76D35K0068431&quot;,&quot;rtime&quot;:&quot;20201227080912&quot;,&quot;socOcvMaxVoltAbs&quot;:-5,&quot;socOcvMinVoltAbs&quot;:-10,&quot;selfDischargeRateMaxCell&quot;:null,&quot;selfDischargeRateMinCell&quot;:null,&quot;voltDiffRatio&quot;:1.44,&quot;conditionEndMileage&quot;:91330,&quot;segStartSoc&quot;:16},{&quot;vin&quot;:&quot;LGXC76D35K0068431&quot;,&quot;rtime&quot;:&quot;20201228174826&quot;,&quot;socOcvMaxVoltAbs&quot;:19,&quot;socOcvMinVoltAbs&quot;:28,&quot;selfDischargeRateMaxCell&quot;:null,&quot;selfDischargeRateMinCell&quot;:null,&quot;voltDiffRatio&quot;:1.67,&quot;conditionEndMileage&quot;:91900,&quot;segStartSoc&quot;:17},{&quot;vin&quot;:&quot;LGXC76D35K0068431&quot;,&quot;rtime&quot;:&quot;20201231125528&quot;,&quot;socOcvMaxVoltAbs&quot;:14.5,&quot;socOcvMinVoltAbs&quot;:29.5,&quot;selfDischargeRateMaxCell&quot;:null,&quot;selfDischargeRateMinCell&quot;:null,&quot;voltDiffRatio&quot;:1.5,&quot;conditionEndMileage&quot;:91900,&quot;segStartSoc&quot;:16},{&quot;vin&quot;:&quot;LGXC76D35K0068431&quot;,&quot;rtime&quot;:&quot;20210119113905&quot;,&quot;socOcvMaxVoltAbs&quot;:12,&quot;socOcvMinVoltAbs&quot;:11,&quot;selfDischargeRateMaxCell&quot;:null,&quot;selfDischargeRateMinCell&quot;:null,&quot;voltDiffRatio&quot;:1.63,&quot;conditionEndMileage&quot;:93100,&quot;segStartSoc&quot;:16},{&quot;vin&quot;:&quot;LGXC76D35K0068431&quot;,&quot;rtime&quot;:&quot;20210121090322&quot;,&quot;socOcvMaxVoltAbs&quot;:43.5,&quot;socOcvMinVoltAbs&quot;:42.5,&quot;selfDischargeRateMaxCell&quot;:null,&quot;selfDischargeRateMinCell&quot;:null,&quot;voltDiffRatio&quot;:1.6,&quot;conditionEndMileage&quot;:93460,&quot;segStartSoc&quot;:59},{&quot;vin&quot;:&quot;LGXC76D35K0068431&quot;,&quot;rtime&quot;:&quot;20210121142926&quot;,&quot;socOcvMaxVoltAbs&quot;:13,&quot;socOcvMinVoltAbs&quot;:14,&quot;selfDischargeRateMaxCell&quot;:null,&quot;selfDischargeRateMinCell&quot;:null,&quot;voltDiffRatio&quot;:1.38,&quot;conditionEndMileage&quot;:93610,&quot;segStartSoc&quot;:51},{&quot;vin&quot;:&quot;LGXC76D35K0068431&quot;,&quot;rtime&quot;:&quot;20210122092246&quot;,&quot;socOcvMaxVoltAbs&quot;:13,&quot;socOcvMinVoltAbs&quot;:20,&quot;selfDischargeRateMaxCell&quot;:null,&quot;selfDischargeRateMinCell&quot;:null,&quot;voltDiffRatio&quot;:2.33,&quot;conditionEndMileage&quot;:93920,&quot;segStartSoc&quot;:31},{&quot;vin&quot;:&quot;LGXC76D35K0068431&quot;,&quot;rtime&quot;:&quot;20210124191542&quot;,&quot;socOcvMaxVoltAbs&quot;:-2,&quot;socOcvMinVoltAbs&quot;:3,&quot;selfDischargeRateMaxCell&quot;:null,&quot;selfDischargeRateMinCell&quot;:null,&quot;voltDiffRatio&quot;:1.44,&quot;conditionEndMileage&quot;:94000,&quot;segStartSoc&quot;:16},{&quot;vin&quot;:&quot;LGXC76D35K0068431&quot;,&quot;rtime&quot;:&quot;20210126160934&quot;,&quot;socOcvMaxVoltAbs&quot;:12,&quot;socOcvMinVoltAbs&quot;:19,&quot;selfDischargeRateMaxCell&quot;:null,&quot;selfDischargeRateMinCell&quot;:null,&quot;voltDiffRatio&quot;:1.86,&quot;conditionEndMileage&quot;:102930,&quot;segStartSoc&quot;:27},{&quot;vin&quot;:&quot;LGXC76D35K0068431&quot;,&quot;rtime&quot;:&quot;20210127110251&quot;,&quot;socOcvMaxVoltAbs&quot;:17.5,&quot;socOcvMinVoltAbs&quot;:20,&quot;selfDischargeRateMaxCell&quot;:null,&quot;selfDischargeRateMinCell&quot;:null,&quot;voltDiffRatio&quot;:2.43,&quot;conditionEndMileage&quot;:103130,&quot;segStartSoc&quot;:24},{&quot;vin&quot;:&quot;LGXC76D35K0068431&quot;,&quot;rtime&quot;:&quot;20210128164028&quot;,&quot;socOcvMaxVoltAbs&quot;:8,&quot;socOcvMinVoltAbs&quot;:38,&quot;selfDischargeRateMaxCell&quot;:null,&quot;selfDischargeRateMinCell&quot;:null,&quot;voltDiffRatio&quot;:1.71,&quot;conditionEndMileage&quot;:109020,&quot;segStartSoc&quot;:41},{&quot;vin&quot;:&quot;LGXC76D35K0068431&quot;,&quot;rtime&quot;:&quot;20210130154737&quot;,&quot;socOcvMaxVoltAbs&quot;:11,&quot;socOcvMinVoltAbs&quot;:8,&quot;selfDischargeRateMaxCell&quot;:null,&quot;selfDischargeRateMinCell&quot;:null,&quot;voltDiffRatio&quot;:1.73,&quot;conditionEndMileage&quot;:110050,&quot;segStartSoc&quot;:68},{&quot;vin&quot;:&quot;LGXC76D35K0068431&quot;,&quot;rtime&quot;:&quot;20210131192853&quot;,&quot;socOcvMaxVoltAbs&quot;:-9.5,&quot;socOcvMinVoltAbs&quot;:-12.5,&quot;selfDischargeRateMaxCell&quot;:null,&quot;selfDischargeRateMinCell&quot;:null,&quot;voltDiffRatio&quot;:2,&quot;conditionEndMileage&quot;:110240,&quot;segStartSoc&quot;:34}],&quot;currentValue is &quot;:&quot;40000&quot;,&quot;expectedValue is&quot;:false,&quot;expectedValue is &quot;:&quot;10000&quot;}}]">
      <![CDATA[java.lang.AssertionError: expected [{}] but found [{"data":{"actualValue":null,"expectedValue":[{"vin":"LGXC76D35K0068431","rtime":"20200708205318","socOcvMaxVoltAbs":-2,"socOcvMinVoltAbs":-6,"selfDischargeRateMaxCell":null,"selfDischargeRateMinCell":null,"voltDiffRatio":1.11,"conditionEndMileage":54980,"segStartSoc":16},{"vin":"LGXC76D35K0068431","rtime":"20200709200820","socOcvMaxVoltAbs":-11.5,"socOcvMinVoltAbs":-23.5,"selfDischargeRateMaxCell":null,"selfDischargeRateMinCell":null,"voltDiffRatio":0.73,"conditionEndMileage":55120,"segStartSoc":84},{"vin":"LGXC76D35K0068431","rtime":"20200711083038","socOcvMaxVoltAbs":37,"socOcvMinVoltAbs":38,"selfDischargeRateMaxCell":null,"selfDischargeRateMinCell":null,"voltDiffRatio":1.27,"conditionEndMileage":55180,"segStartSoc":75},{"vin":"LGXC76D35K0068431","rtime":"20200711194533","socOcvMaxVoltAbs":10,"socOcvMinVoltAbs":-5,"selfDischargeRateMaxCell":null,"selfDischargeRateMinCell":null,"voltDiffRatio":0.89,"conditionEndMileage":55260,"segStartSoc":57},{"vin":"LGXC76D35K0068431","rtime":"20200712080538","socOcvMaxVoltAbs":0,"socOcvMinVoltAbs":-2,"selfDischargeRateMaxCell":null,"selfDischargeRateMinCell":null,"voltDiffRatio":1,"conditionEndMileage":55320,"segStartSoc":47},{"vin":"LGXC76D35K0068431","rtime":"20200712190049","socOcvMaxVoltAbs":-1,"socOcvMinVoltAbs":4,"selfDischargeRateMaxCell":null,"selfDischargeRateMinCell":null,"voltDiffRatio":1.14,"conditionEndMileage":55400,"segStartSoc":35},{"vin":"LGXC76D35K0068431","rtime":"20200714075259","socOcvMaxVoltAbs":28,"socOcvMinVoltAbs":27,"selfDischargeRateMaxCell":null,"selfDischargeRateMinCell":null,"voltDiffRatio":1.33,"conditionEndMileage":55460,"segStartSoc":25},{"vin":"LGXC76D35K0068431","rtime":"20200714194559","socOcvMaxVoltAbs":-9.5,"socOcvMinVoltAbs":-9,"selfDischargeRateMaxCell":null,"selfDischargeRateMinCell":null,"voltDiffRatio":1.26,"conditionEndMileage":55540,"segStartSoc":16},{"vin":"LGXC76D35K0068431","rtime":"20200719194145","socOcvMaxVoltAbs":19,"socOcvMinVoltAbs":13.5,"selfDischargeRateMaxCell":null,"selfDischargeRateMinCell":null,"voltDiffRatio":0.86,"conditionEndMileage":55880,"segStartSoc":82},{"vin":"LGXC76D35K0068431","rtime":"20200721084732","socOcvMaxVoltAbs":34,"socOcvMinVoltAbs":15,"selfDischargeRateMaxCell":null,"selfDischargeRateMinCell":null,"voltDiffRatio":1.45,"conditionEndMileage":55940,"segStartSoc":72},{"vin":"LGXC76D35K0068431","rtime":"20200723085152","socOcvMaxVoltAbs":8.5,"socOcvMinVoltAbs":3,"selfDischargeRateMaxCell":null,"selfDischargeRateMinCell":null,"voltDiffRatio":1.16,"conditionEndMileage":56240,"segStartSoc":16},{"vin":"LGXC76D35K0068431","rtime":"20200723192240","socOcvMaxVoltAbs":1,"socOcvMinVoltAbs":-3,"selfDischargeRateMaxCell":null,"selfDischargeRateMinCell":null,"voltDiffRatio":1.16,"conditionEndMileage":56320,"segStartSoc":16},{"vin":"LGXC76D35K0068431","rtime":"20200724084950","socOcvMaxVoltAbs":-0.5,"socOcvMinVoltAbs":-5,"selfDischargeRateMaxCell":null,"selfDischargeRateMinCell":null,"voltDiffRatio":1.21,"conditionEndMileage":56380,"segStartSoc":16},{"vin":"LGXC76D35K0068431","rtime":"20200724201218","socOcvMaxVoltAbs":5,"socOcvMinVoltAbs":0,"selfDischargeRateMaxCell":null,"selfDischargeRateMinCell":null,"voltDiffRatio":1.21,"conditionEndMileage":56460,"segStartSoc":16},{"vin":"LGXC76D35K0068431","rtime":"20200725114340","socOcvMaxVoltAbs":6.5,"socOcvMinVoltAbs":4,"selfDischargeRateMaxCell":null,"selfDischargeRateMinCell":null,"voltDiffRatio":1.21,"conditionEndMileage":56520,"segStartSoc":16},{"vin":"LGXC76D35K0068431","rtime":"20200726190433","socOcvMaxVoltAbs":32,"socOcvMinVoltAbs":32,"selfDischargeRateMaxCell":null,"selfDischargeRateMinCell":null,"voltDiffRatio":1,"conditionEndMileage":56750,"segStartSoc":85},{"vin":"LGXC76D35K0068431","rtime":"20200802093738","socOcvMaxVoltAbs":-34,"socOcvMinVoltAbs":-21,"selfDischargeRateMaxCell":null,"selfDischargeRateMinCell":null,"voltDiffRatio":1.92,"conditionEndMileage":56810,"segStartSoc":70},{"vin":"LGXC76D35K0068431","rtime":"20200802185916","socOcvMaxVoltAbs":19,"socOcvMinVoltAbs":10,"selfDischargeRateMaxCell":null,"selfDischargeRateMinCell":null,"voltDiffRatio":0.89,"conditionEndMileage":56890,"segStartSoc":54},{"vin":"LGXC76D35K0068431","rtime":"20200803075903","socOcvMaxVoltAbs":8.5,"socOcvMinVoltAbs":4.5,"selfDischargeRateMaxCell":null,"selfDischargeRateMinCell":null,"voltDiffRatio":1.5,"conditionEndMileage":56950,"segStartSoc":45},{"vin":"LGXC76D35K0068431","rtime":"20200803200021","socOcvMaxVoltAbs":5,"socOcvMinVoltAbs":11,"selfDischargeRateMaxCell":null,"selfDischargeRateMinCell":null,"voltDiffRatio":1.57,"conditionEndMileage":57030,"segStartSoc":30},{"vin":"LGXC76D35K0068431","rtime":"20200804091327","socOcvMaxVoltAbs":24.5,"socOcvMinVoltAbs":20,"selfDischargeRateMaxCell":null,"selfDischargeRateMinCell":null,"voltDiffRatio":1.91,"conditionEndMileage":57090,"segStartSoc":20},{"vin":"LGXC76D35K0068431","rtime":"20200804194556","socOcvMaxVoltAbs":7,"socOcvMinVoltAbs":0,"selfDischargeRateMaxCell":null,"selfDischargeRateMinCell":null,"voltDiffRatio":1.17,"conditionEndMileage":57170,"segStartSoc":16},{"vin":"LGXC76D35K0068431","rtime":"20200805123749","socOcvMaxVoltAbs":7.5,"socOcvMinVoltAbs":3,"selfDischargeRateMaxCell":null,"selfDischargeRateMinCell":null,"voltDiffRatio":1.11,"conditionEndMileage":57230,"segStartSoc":16},{"vin":"LGXC76D35K0068431","rtime":"20200805204950","socOcvMaxVoltAbs":-0.5,"socOcvMinVoltAbs":-5,"selfDischargeRateMaxCell":null,"selfDischargeRateMinCell":null,"voltDiffRatio":1.11,"conditionEndMileage":57310,"segStartSoc":16},{"vin":"LGXC76D35K0068431","rtime":"20200806084302","socOcvMaxVoltAbs":0,"socOcvMinVoltAbs":-7,"selfDischargeRateMaxCell":null,"selfDischargeRateMinCell":null,"voltDiffRatio":1.17,"conditionEndMileage":57370,"segStartSoc":16},{"vin":"LGXC76D35K0068431","rtime":"20200806194330","socOcvMaxVoltAbs":16,"socOcvMinVoltAbs":11,"selfDischargeRateMaxCell":null,"selfDischargeRateMinCell":null,"voltDiffRatio":1.06,"conditionEndMileage":57450,"segStartSoc":16},{"vin":"LGXC76D35K0068431","rtime":"20200807184745","socOcvMaxVoltAbs":20,"socOcvMinVoltAbs":17,"selfDischargeRateMaxCell":null,"selfDischargeRateMinCell":null,"voltDiffRatio":0.73,"conditionEndMileage":57590,"segStartSoc":86},{"vin":"LGXC76D35K0068431","rtime":"20200808090733","socOcvMaxVoltAbs":40.5,"socOcvMinVoltAbs":35.5,"selfDischargeRateMaxCell":null,"selfDischargeRateMinCell":null,"voltDiffRatio":1.36,"conditionEndMileage":57650,"segStartSoc":69},{"vin":"LGXC76D35K0068431","rtime":"20200808185244","socOcvMaxVoltAbs":-14,"socOcvMinVoltAbs":4,"selfDischargeRateMaxCell":null,"selfDischargeRateMinCell":null,"voltDiffRatio":1.13,"conditionEndMileage":57720,"segStartSoc":50},{"vin":"LGXC76D35K0068431","rtime":"20200811191041","socOcvMaxVoltAbs":9.5,"socOcvMinVoltAbs":1,"selfDischargeRateMaxCell":null,"selfDischargeRateMinCell":null,"voltDiffRatio":1.15,"conditionEndMileage":57880,"segStartSoc":20},{"vin":"LGXC76D35K0068431","rtime":"20200812084416","socOcvMaxVoltAbs":7,"socOcvMinVoltAbs":3,"selfDischargeRateMaxCell":null,"selfDischargeRateMinCell":null,"voltDiffRatio":0.89,"conditionEndMileage":57960,"segStartSoc":16},{"vin":"LGXC76D35K0068431","rtime":"20200812185250","socOcvMaxVoltAbs":2,"socOcvMinVoltAbs":-5,"selfDischargeRateMaxCell":null,"selfDischargeRateMinCell":null,"voltDiffRatio":1.06,"conditionEndMileage":58030,"segStartSoc":16},{"vin":"LGXC76D35K0068431","rtime":"20200813085805","socOcvMaxVoltAbs":7,"socOcvMinVoltAbs":0,"selfDischargeRateMaxCell":null,"selfDischargeRateMinCell":null,"voltDiffRatio":1.06,"conditionEndMileage":58090,"segStartSoc":16},{"vin":"LGXC76D35K0068431","rtime":"20200813192704","socOcvMaxVoltAbs":1,"socOcvMinVoltAbs":-7,"selfDischargeRateMaxCell":null,"selfDischargeRateMinCell":null,"voltDiffRatio":1.72,"conditionEndMileage":58170,"segStartSoc":16},{"vin":"LGXC76D35K0068431","rtime":"20200814084136","socOcvMaxVoltAbs":-1,"socOcvMinVoltAbs":-6,"selfDischargeRateMaxCell":null,"selfDischargeRateMinCell":null,"voltDiffRatio":1,"conditionEndMileage":58230,"segStartSoc":16},{"vin":"LGXC76D35K0068431","rtime":"20200814193310","socOcvMaxVoltAbs":-1,"socOcvMinVoltAbs":-10,"selfDischargeRateMaxCell":null,"selfDischargeRateMinCell":null,"voltDiffRatio":1.11,"conditionEndMileage":58310,"segStartSoc":16},{"vin":"LGXC76D35K0068431","rtime":"20200816093126","socOcvMaxVoltAbs":11,"socOcvMinVoltAbs":-5,"selfDischargeRateMaxCell":null,"selfDischargeRateMinCell":null,"voltDiffRatio":0.89,"conditionEndMileage":58370,"segStartSoc":16},{"vin":"LGXC76D35K0068431","rtime":"20200816182815","socOcvMaxVoltAbs":0,"socOcvMinVoltAbs":-6,"selfDischargeRateMaxCell":null,"selfDischargeRateMinCell":null,"voltDiffRatio":1,"conditionEndMileage":58450,"segStartSoc":16},{"vin":"LGXC76D35K0068431","rtime":"20200817081659","socOcvMaxVoltAbs":5,"socOcvMinVoltAbs":-3,"selfDischargeRateMaxCell":null,"selfDischargeRateMinCell":null,"voltDiffRatio":1,"conditionEndMileage":59010,"segStartSoc":16},{"vin":"LGXC76D35K0068431","rtime":"20200817223717","socOcvMaxVoltAbs":-2,"socOcvMinVoltAbs":-7,"selfDischargeRateMaxCell":null,"selfDischargeRateMinCell":null,"voltDiffRatio":0.89,"conditionEndMileage":59080,"segStartSoc":16},{"vin":"LGXC76D35K0068431","rtime":"20200818091438","socOcvMaxVoltAbs":8,"socOcvMinVoltAbs":-1,"selfDischargeRateMaxCell":null,"selfDischargeRateMinCell":null,"voltDiffRatio":1,"conditionEndMileage":59140,"segStartSoc":16},{"vin":"LGXC76D35K0068431","rtime":"20200818191429","socOcvMaxVoltAbs":5,"socOcvMinVoltAbs":-2,"selfDischargeRateMaxCell":null,"selfDischargeRateMinCell":null,"voltDiffRatio":1,"conditionEndMileage":59220,"segStartSoc":16},{"vin":"LGXC76D35K0068431","rtime":"20200820085217","socOcvMaxVoltAbs":0.5,"socOcvMinVoltAbs":-6,"selfDischargeRateMaxCell":null,"selfDischargeRateMinCell":null,"voltDiffRatio":0.95,"conditionEndMileage":59280,"segStartSoc":16},{"vin":"LGXC76D35K0068431","rtime":"20200820202051","socOcvMaxVoltAbs":0,"socOcvMinVoltAbs":-10,"selfDischargeRateMaxCell":null,"selfDischargeRateMinCell":null,"voltDiffRatio":1,"conditionEndMileage":59360,"segStartSoc":16},{"vin":"LGXC76D35K0068431","rtime":"20200821090509","socOcvMaxVoltAbs":9.5,"socOcvMinVoltAbs":0.5,"selfDischargeRateMaxCell":null,"selfDischargeRateMinCell":null,"voltDiffRatio":0.94,"conditionEndMileage":59420,"segStartSoc":16},{"vin":"LGXC76D35K0068431","rtime":"20200821195056","socOcvMaxVoltAbs":3,"socOcvMinVoltAbs":-6,"selfDischargeRateMaxCell":null,"selfDischargeRateMinCell":null,"voltDiffRatio":1,"conditionEndMileage":59500,"segStartSoc":16},{"vin":"LGXC76D35K0068431","rtime":"20200822091005","socOcvMaxVoltAbs":11,"socOcvMinVoltAbs":1,"selfDischargeRateMaxCell":null,"selfDischargeRateMinCell":null,"voltDiffRatio":0.95,"conditionEndMileage":59560,"segStartSoc":16},{"vin":"LGXC76D35K0068431","rtime":"20200822201217","socOcvMaxVoltAbs":10,"socOcvMinVoltAbs":5,"selfDischargeRateMaxCell":null,"selfDischargeRateMinCell":null,"voltDiffRatio":0.95,"conditionEndMileage":59640,"segStartSoc":16},{"vin":"LGXC76D35K0068431","rtime":"20200823091800","socOcvMaxVoltAbs":2.5,"socOcvMinVoltAbs":-6.5,"selfDischargeRateMaxCell":null,"selfDischargeRateMinCell":null,"voltDiffRatio":0.95,"conditionEndMileage":59700,"segStartSoc":16},{"vin":"LGXC76D35K0068431","rtime":"20200823193648","socOcvMaxVoltAbs":23.5,"socOcvMinVoltAbs":14,"selfDischargeRateMaxCell":null,"selfDischargeRateMinCell":null,"voltDiffRatio":1,"conditionEndMileage":59780,"segStartSoc":16},{"vin":"LGXC76D35K0068431","rtime":"20200824205049","socOcvMaxVoltAbs":8.5,"socOcvMinVoltAbs":-4,"selfDischargeRateMaxCell":null,"selfDischargeRateMinCell":null,"voltDiffRatio":1,"conditionEndMileage":59910,"segStartSoc":82},{"vin":"LGXC76D35K0068431","rtime":"20200828073118","socOcvMaxVoltAbs":-10,"socOcvMinVoltAbs":-9,"selfDischargeRateMaxCell":null,"selfDischargeRateMinCell":null,"voltDiffRatio":1.5,"conditionEndMileage":60120,"segStartSoc":39},{"vin":"LGXC76D35K0068431","rtime":"20200828161320","socOcvMaxVoltAbs":10,"socOcvMinVoltAbs":5,"selfDischargeRateMaxCell":null,"selfDischargeRateMinCell":null,"voltDiffRatio":1.26,"conditionEndMileage":60350,"segStartSoc":16},{"vin":"LGXC76D35K0068431","rtime":"20200828215517","socOcvMaxVoltAbs":-3,"socOcvMinVoltAbs":-8,"selfDischargeRateMaxCell":null,"selfDischargeRateMinCell":null,"voltDiffRatio":1.16,"conditionEndMileage":60490,"segStartSoc":16},{"vin":"LGXC76D35K0068431","rtime":"20200830114257","socOcvMaxVoltAbs":6.5,"socOcvMinVoltAbs":9.5,"selfDischargeRateMaxCell":null,"selfDischargeRateMinCell":null,"voltDiffRatio":1.32,"conditionEndMileage":60550,"segStartSoc":16},{"vin":"LGXC76D35K0068431","rtime":"20200830192054","socOcvMaxVoltAbs":7,"socOcvMinVoltAbs":5,"selfDischargeRateMaxCell":null,"selfDischargeRateMinCell":null,"voltDiffRatio":1.32,"conditionEndMileage":60630,"segStartSoc":16},{"vin":"LGXC76D35K0068431","rtime":"20200905182338","socOcvMaxVoltAbs":-4,"socOcvMinVoltAbs":-1.5,"selfDischargeRateMaxCell":null,"selfDischargeRateMinCell":null,"voltDiffRatio":1.32,"conditionEndMileage":61190,"segStartSoc":16},{"vin":"LGXC76D35K0068431","rtime":"20200908095010","socOcvMaxVoltAbs":13.5,"socOcvMinVoltAbs":7,"selfDischargeRateMaxCell":null,"selfDischargeRateMinCell":null,"voltDiffRatio":1.32,"conditionEndMileage":61360,"segStartSoc":16},{"vin":"LGXC76D35K0068431","rtime":"20200908173254","socOcvMaxVoltAbs":-3,"socOcvMinVoltAbs":-13,"selfDischargeRateMaxCell":null,"selfDischargeRateMinCell":null,"voltDiffRatio":2.44,"conditionEndMileage":61410,"segStartSoc":16},{"vin":"LGXC76D35K0068431","rtime":"20200909115037","socOcvMaxVoltAbs":2,"socOcvMinVoltAbs":0,"selfDischargeRateMaxCell":null,"selfDischargeRateMinCell":null,"voltDiffRatio":1.39,"conditionEndMileage":61450,"segStartSoc":16},{"vin":"LGXC76D35K0068431","rtime":"20200909171042","socOcvMaxVoltAbs":9,"socOcvMinVoltAbs":10,"selfDischargeRateMaxCell":null,"selfDischargeRateMinCell":null,"voltDiffRatio":1.39,"conditionEndMileage":61530,"segStartSoc":16},{"vin":"LGXC76D35K0068431","rtime":"20200910103641","socOcvMaxVoltAbs":5,"socOcvMinVoltAbs":3,"selfDischargeRateMaxCell":null,"selfDischargeRateMinCell":null,"voltDiffRatio":1.32,"conditionEndMileage":61690,"segStartSoc":16},{"vin":"LGXC76D35K0068431","rtime":"20200911152330","socOcvMaxVoltAbs":6.5,"socOcvMinVoltAbs":5,"selfDischargeRateMaxCell":null,"selfDischargeRateMinCell":null,"voltDiffRatio":1.32,"conditionEndMileage":61890,"segStartSoc":16},{"vin":"LGXC76D35K0068431","rtime":"20200913100140","socOcvMaxVoltAbs":2.5,"socOcvMinVoltAbs":-2.5,"selfDischargeRateMaxCell":null,"selfDischargeRateMinCell":null,"voltDiffRatio":1.26,"conditionEndMileage":62020,"segStartSoc":16},{"vin":"LGXC76D35K0068431","rtime":"20200914073944","socOcvMaxVoltAbs":22,"socOcvMinVoltAbs":21.5,"selfDischargeRateMaxCell":null,"selfDischargeRateMinCell":null,"voltDiffRatio":1.36,"conditionEndMileage":62020,"segStartSoc":13},{"vin":"LGXC76D35K0068431","rtime":"20200918111841","socOcvMaxVoltAbs":17,"socOcvMinVoltAbs":17,"selfDischargeRateMaxCell":null,"selfDischargeRateMinCell":null,"voltDiffRatio":1.39,"conditionEndMileage":62410,"segStartSoc":16},{"vin":"LGXC76D35K0068431","rtime":"20200918174542","socOcvMaxVoltAbs":14,"socOcvMinVoltAbs":18,"selfDischargeRateMaxCell":null,"selfDischargeRateMinCell":null,"voltDiffRatio":1.44,"conditionEndMileage":62410,"segStartSoc":16},{"vin":"LGXC76D35K0068431","rtime":"20200922111428","socOcvMaxVoltAbs":5,"socOcvMinVoltAbs":6,"selfDischargeRateMaxCell":null,"selfDischargeRateMinCell":null,"voltDiffRatio":1.39,"conditionEndMileage":62490,"segStartSoc":16},{"vin":"LGXC76D35K0068431","rtime":"20200922170955","socOcvMaxVoltAbs":5,"socOcvMinVoltAbs":10,"selfDischargeRateMaxCell":null,"selfDischargeRateMinCell":null,"voltDiffRatio":1.39,"conditionEndMileage":62490,"segStartSoc":16},{"vin":"LGXC76D35K0068431","rtime":"20200928094146","socOcvMaxVoltAbs":-20,"socOcvMinVoltAbs":-17,"selfDischargeRateMaxCell":null,"selfDischargeRateMinCell":null,"voltDiffRatio":1.32,"conditionEndMileage":62750,"segStartSoc":16},{"vin":"LGXC76D35K0068431","rtime":"20200929133432","socOcvMaxVoltAbs":-4,"socOcvMinVoltAbs":-2.5,"selfDischargeRateMaxCell":null,"selfDischargeRateMinCell":null,"voltDiffRatio":1.44,"conditionEndMileage":62750,"segStartSoc":16},{"vin":"LGXC76D35K0068431","rtime":"20200930173546","socOcvMaxVoltAbs":-5.5,"socOcvMinVoltAbs":-5,"selfDischargeRateMaxCell":null,"selfDischargeRateMinCell":null,"voltDiffRatio":1.26,"conditionEndMileage":63030,"segStartSoc":16},{"vin":"LGXC76D35K0068431","rtime":"20201001152511","socOcvMaxVoltAbs":10,"socOcvMinVoltAbs":-11,"selfDischargeRateMaxCell":null,"selfDischargeRateMinCell":null,"voltDiffRatio":1.36,"conditionEndMileage":63030,"segStartSoc":14},{"vin":"LGXC76D35K0068431","rtime":"20201002052218","socOcvMaxVoltAbs":-23,"socOcvMinVoltAbs":-26,"selfDischargeRateMaxCell":null,"selfDischargeRateMinCell":null,"voltDiffRatio":2.46,"conditionEndMileage":63030,"segStartSoc":15},{"vin":"LGXC76D35K0068431","rtime":"20201003103148","socOcvMaxVoltAbs":14,"socOcvMinVoltAbs":5,"selfDischargeRateMaxCell":null,"selfDischargeRateMinCell":null,"voltDiffRatio":1.5,"conditionEndMileage":71880,"segStartSoc":51},{"vin":"LGXC76D35K0068431","rtime":"20201003175605","socOcvMaxVoltAbs":19,"socOcvMinVoltAbs":17,"selfDischargeRateMaxCell":null,"selfDischargeRateMinCell":null,"voltDiffRatio":1.5,"conditionEndMileage":72130,"segStartSoc":45},{"vin":"LGXC76D35K0068431","rtime":"20201005075529","socOcvMaxVoltAbs":15,"socOcvMinVoltAbs":14,"selfDischargeRateMaxCell":null,"selfDischargeRateMinCell":null,"voltDiffRatio":1.38,"conditionEndMileage":72910,"segStartSoc":51},{"vin":"LGXC76D35K0068431","rtime":"20201006065354","socOcvMaxVoltAbs":29.5,"socOcvMinVoltAbs":24.5,"selfDischargeRateMaxCell":null,"selfDischargeRateMinCell":null,"voltDiffRatio":1.33,"conditionEndMileage":74690,"segStartSoc":16},{"vin":"LGXC76D35K0068431","rtime":"20201007065335","socOcvMaxVoltAbs":-10,"socOcvMinVoltAbs":5,"selfDischargeRateMaxCell":null,"selfDischargeRateMinCell":null,"voltDiffRatio":2,"conditionEndMileage":75960,"segStartSoc":37},{"vin":"LGXC76D35K0068431","rtime":"20201007163711","socOcvMaxVoltAbs":-6.5,"socOcvMinVoltAbs":0,"selfDischargeRateMaxCell":null,"selfDischargeRateMinCell":null,"voltDiffRatio":2,"conditionEndMileage":76000,"segStartSoc":34},{"vin":"LGXC76D35K0068431","rtime":"20201009151316","socOcvMaxVoltAbs":16,"socOcvMinVoltAbs":9,"selfDischargeRateMaxCell":null,"selfDischargeRateMinCell":null,"voltDiffRatio":1.3,"conditionEndMileage":84750,"segStartSoc":24},{"vin":"LGXC76D35K0068431","rtime":"20201016144635","socOcvMaxVoltAbs":22,"socOcvMinVoltAbs":22.5,"selfDischargeRateMaxCell":null,"selfDischargeRateMinCell":null,"voltDiffRatio":1.7,"conditionEndMileage":84970,"segStartSoc":13},{"vin":"LGXC76D35K0068431","rtime":"20201030074914","socOcvMaxVoltAbs":8,"socOcvMinVoltAbs":30,"selfDischargeRateMaxCell":null,"selfDischargeRateMinCell":null,"voltDiffRatio":1.33,"conditionEndMileage":85340,"segStartSoc":16},{"vin":"LGXC76D35K0068431","rtime":"20201030183312","socOcvMaxVoltAbs":3,"socOcvMinVoltAbs":-2,"selfDischargeRateMaxCell":null,"selfDischargeRateMinCell":null,"voltDiffRatio":1.28,"conditionEndMileage":85440,"segStartSoc":16},{"vin":"LGXC76D35K0068431","rtime":"20201031065619","socOcvMaxVoltAbs":1,"socOcvMinVoltAbs":3,"selfDischargeRateMaxCell":null,"selfDischargeRateMinCell":null,"voltDiffRatio":1.39,"conditionEndMileage":85530,"segStartSoc":16},{"vin":"LGXC76D35K0068431","rtime":"20201031185426","socOcvMaxVoltAbs":8,"socOcvMinVoltAbs":5,"selfDischargeRateMaxCell":null,"selfDischargeRateMinCell":null,"voltDiffRatio":1.39,"conditionEndMileage":85620,"segStartSoc":16},{"vin":"LGXC76D35K0068431","rtime":"20201102060159","socOcvMaxVoltAbs":-7,"socOcvMinVoltAbs":-9,"selfDischargeRateMaxCell":null,"selfDischargeRateMinCell":null,"voltDiffRatio":1.39,"conditionEndMileage":85710,"segStartSoc":16},{"vin":"LGXC76D35K0068431","rtime":"20201102212903","socOcvMaxVoltAbs":-4,"socOcvMinVoltAbs":-4,"selfDischargeRateMaxCell":null,"selfDischargeRateMinCell":null,"voltDiffRatio":1.39,"conditionEndMileage":85800,"segStartSoc":16},{"vin":"LGXC76D35K0068431","rtime":"20201103055844","socOcvMaxVoltAbs":-9,"socOcvMinVoltAbs":-8,"selfDischargeRateMaxCell":null,"selfDischargeRateMinCell":null,"voltDiffRatio":1.44,"conditionEndMileage":85920,"segStartSoc":16},{"vin":"LGXC76D35K0068431","rtime":"20201103193803","socOcvMaxVoltAbs":6,"socOcvMinVoltAbs":6,"selfDischargeRateMaxCell":null,"selfDischargeRateMinCell":null,"voltDiffRatio":1.5,"conditionEndMileage":86010,"segStartSoc":16},{"vin":"LGXC76D35K0068431","rtime":"20201104055023","socOcvMaxVoltAbs":-5,"socOcvMinVoltAbs":-4,"selfDischargeRateMaxCell":null,"selfDischargeRateMinCell":null,"voltDiffRatio":1.5,"conditionEndMileage":86100,"segStartSoc":16},{"vin":"LGXC76D35K0068431","rtime":"20201104185226","socOcvMaxVoltAbs":5.5,"socOcvMinVoltAbs":5,"selfDischargeRateMaxCell":null,"selfDischargeRateMinCell":null,"voltDiffRatio":1.5,"conditionEndMileage":86190,"segStartSoc":16},{"vin":"LGXC76D35K0068431","rtime":"20201105072353","socOcvMaxVoltAbs":-5,"socOcvMinVoltAbs":-7,"selfDischargeRateMaxCell":null,"selfDischargeRateMinCell":null,"voltDiffRatio":1.5,"conditionEndMileage":86280,"segStartSoc":16},{"vin":"LGXC76D35K0068431","rtime":"20201105184609","socOcvMaxVoltAbs":1,"socOcvMinVoltAbs":2,"selfDischargeRateMaxCell":null,"selfDischargeRateMinCell":null,"voltDiffRatio":1.44,"conditionEndMileage":86380,"segStartSoc":16},{"vin":"LGXC76D35K0068431","rtime":"20201106073848","socOcvMaxVoltAbs":1,"socOcvMinVoltAbs":3,"selfDischargeRateMaxCell":null,"selfDischargeRateMinCell":null,"voltDiffRatio":1.5,"conditionEndMileage":86460,"segStartSoc":16},{"vin":"LGXC76D35K0068431","rtime":"20201106170744","socOcvMaxVoltAbs":-2,"socOcvMinVoltAbs":-1,"selfDischargeRateMaxCell":null,"selfDischargeRateMinCell":null,"voltDiffRatio":1.5,"conditionEndMileage":86550,"segStartSoc":16},{"vin":"LGXC76D35K0068431","rtime":"20201107071748","socOcvMaxVoltAbs":-9.5,"socOcvMinVoltAbs":-6,"selfDischargeRateMaxCell":null,"selfDischargeRateMinCell":null,"voltDiffRatio":1.37,"conditionEndMileage":87180,"segStartSoc":16},{"vin":"LGXC76D35K0068431","rtime":"20201107182426","socOcvMaxVoltAbs":-10.5,"socOcvMinVoltAbs":-10.5,"selfDischargeRateMaxCell":null,"selfDischargeRateMinCell":null,"voltDiffRatio":2,"conditionEndMileage":87270,"segStartSoc":17},{"vin":"LGXC76D35K0068431","rtime":"20201108064405","socOcvMaxVoltAbs":-10,"socOcvMinVoltAbs":-10,"selfDischargeRateMaxCell":null,"selfDischargeRateMinCell":null,"voltDiffRatio":1.44,"conditionEndMileage":87360,"segStartSoc":16},{"vin":"LGXC76D35K0068431","rtime":"20201108160707","socOcvMaxVoltAbs":0,"socOcvMinVoltAbs":0,"selfDischargeRateMaxCell":null,"selfDischargeRateMinCell":null,"voltDiffRatio":1.5,"conditionEndMileage":87460,"segStartSoc":16},{"vin":"LGXC76D35K0068431","rtime":"20201109063816","socOcvMaxVoltAbs":6,"socOcvMinVoltAbs":11,"selfDischargeRateMaxCell":null,"selfDischargeRateMinCell":null,"voltDiffRatio":1.5,"conditionEndMileage":87530,"segStartSoc":16},{"vin":"LGXC76D35K0068431","rtime":"20201109145652","socOcvMaxVoltAbs":3,"socOcvMinVoltAbs":2,"selfDischargeRateMaxCell":null,"selfDischargeRateMinCell":null,"voltDiffRatio":1.5,"conditionEndMileage":87640,"segStartSoc":16},{"vin":"LGXC76D35K0068431","rtime":"20201110061257","socOcvMaxVoltAbs":-6,"socOcvMinVoltAbs":-6,"selfDischargeRateMaxCell":null,"selfDischargeRateMinCell":null,"voltDiffRatio":1.5,"conditionEndMileage":87800,"segStartSoc":16},{"vin":"LGXC76D35K0068431","rtime":"20201110103557","socOcvMaxVoltAbs":2,"socOcvMinVoltAbs":1.5,"selfDischargeRateMaxCell":null,"selfDischargeRateMinCell":null,"voltDiffRatio":1.5,"conditionEndMileage":87910,"segStartSoc":16},{"vin":"LGXC76D35K0068431","rtime":"20201111055631","socOcvMaxVoltAbs":1,"socOcvMinVoltAbs":6.5,"selfDischargeRateMaxCell":null,"selfDischargeRateMinCell":null,"voltDiffRatio":1.44,"conditionEndMileage":88300,"segStartSoc":16},{"vin":"LGXC76D35K0068431","rtime":"20201111191719","socOcvMaxVoltAbs":-7.5,"socOcvMinVoltAbs":-5,"selfDischargeRateMaxCell":null,"selfDischargeRateMinCell":null,"voltDiffRatio":1.79,"conditionEndMileage":88410,"segStartSoc":16},{"vin":"LGXC76D35K0068431","rtime":"20201113061022","socOcvMaxVoltAbs":11,"socOcvMinVoltAbs":-6,"selfDischargeRateMaxCell":null,"selfDischargeRateMinCell":null,"voltDiffRatio":1.67,"conditionEndMileage":88480,"segStartSoc":16},{"vin":"LGXC76D35K0068431","rtime":"20201114000331","socOcvMaxVoltAbs":-5,"socOcvMinVoltAbs":-7,"selfDischargeRateMaxCell":null,"selfDischargeRateMinCell":null,"voltDiffRatio":1.32,"conditionEndMileage":88580,"segStartSoc":16},{"vin":"LGXC76D35K0068431","rtime":"20201115134037","socOcvMaxVoltAbs":-6.5,"socOcvMinVoltAbs":-2,"selfDischargeRateMaxCell":null,"selfDischargeRateMinCell":null,"voltDiffRatio":1.44,"conditionEndMileage":88650,"segStartSoc":16},{"vin":"LGXC76D35K0068431","rtime":"20201116160422","socOcvMaxVoltAbs":5,"socOcvMinVoltAbs":7,"selfDischargeRateMaxCell":null,"selfDischargeRateMinCell":null,"voltDiffRatio":1.56,"conditionEndMileage":88920,"segStartSoc":16},{"vin":"LGXC76D35K0068431","rtime":"20201117191557","socOcvMaxVoltAbs":4.5,"socOcvMinVoltAbs":2,"selfDischargeRateMaxCell":null,"selfDischargeRateMinCell":null,"voltDiffRatio":1.5,"conditionEndMileage":89070,"segStartSoc":16},{"vin":"LGXC76D35K0068431","rtime":"20201118101948","socOcvMaxVoltAbs":-11,"socOcvMinVoltAbs":-12,"selfDischargeRateMaxCell":null,"selfDischargeRateMinCell":null,"voltDiffRatio":1.37,"conditionEndMileage":89720,"segStartSoc":16},{"vin":"LGXC76D35K0068431","rtime":"20201204134717","socOcvMaxVoltAbs":65,"socOcvMinVoltAbs":95,"selfDischargeRateMaxCell":null,"selfDischargeRateMinCell":null,"voltDiffRatio":1.44,"conditionEndMileage":89790,"segStartSoc":16},{"vin":"LGXC76D35K0068431","rtime":"20201205132347","socOcvMaxVoltAbs":3,"socOcvMinVoltAbs":-1,"selfDischargeRateMaxCell":null,"selfDischargeRateMinCell":null,"voltDiffRatio":1.5,"conditionEndMileage":90180,"segStartSoc":16},{"vin":"LGXC76D35K0068431","rtime":"20201207083542","socOcvMaxVoltAbs":2,"socOcvMinVoltAbs":-14,"selfDischargeRateMaxCell":null,"selfDischargeRateMinCell":null,"voltDiffRatio":1.5,"conditionEndMileage":90310,"segStartSoc":16},{"vin":"LGXC76D35K0068431","rtime":"20201211135155","socOcvMaxVoltAbs":9,"socOcvMinVoltAbs":17,"selfDischargeRateMaxCell":null,"selfDischargeRateMinCell":null,"voltDiffRatio":1.44,"conditionEndMileage":90700,"segStartSoc":16},{"vin":"LGXC76D35K0068431","rtime":"20201220143342","socOcvMaxVoltAbs":-4,"socOcvMinVoltAbs":0,"selfDischargeRateMaxCell":null,"selfDischargeRateMinCell":null,"voltDiffRatio":1.56,"conditionEndMileage":90980,"segStartSoc":16},{"vin":"LGXC76D35K0068431","rtime":"20201223195405","socOcvMaxVoltAbs":3,"socOcvMinVoltAbs":-4,"selfDischargeRateMaxCell":null,"selfDischargeRateMinCell":null,"voltDiffRatio":2.17,"conditionEndMileage":91110,"segStartSoc":15},{"vin":"LGXC76D35K0068431","rtime":"20201224154010","socOcvMaxVoltAbs":6.5,"socOcvMinVoltAbs":5.5,"selfDischargeRateMaxCell":null,"selfDischargeRateMinCell":null,"voltDiffRatio":1.39,"conditionEndMileage":91330,"segStartSoc":16},{"vin":"LGXC76D35K0068431","rtime":"20201227080912","socOcvMaxVoltAbs":-5,"socOcvMinVoltAbs":-10,"selfDischargeRateMaxCell":null,"selfDischargeRateMinCell":null,"voltDiffRatio":1.44,"conditionEndMileage":91330,"segStartSoc":16},{"vin":"LGXC76D35K0068431","rtime":"20201228174826","socOcvMaxVoltAbs":19,"socOcvMinVoltAbs":28,"selfDischargeRateMaxCell":null,"selfDischargeRateMinCell":null,"voltDiffRatio":1.67,"conditionEndMileage":91900,"segStartSoc":17},{"vin":"LGXC76D35K0068431","rtime":"20201231125528","socOcvMaxVoltAbs":14.5,"socOcvMinVoltAbs":29.5,"selfDischargeRateMaxCell":null,"selfDischargeRateMinCell":null,"voltDiffRatio":1.5,"conditionEndMileage":91900,"segStartSoc":16},{"vin":"LGXC76D35K0068431","rtime":"20210119113905","socOcvMaxVoltAbs":12,"socOcvMinVoltAbs":11,"selfDischargeRateMaxCell":null,"selfDischargeRateMinCell":null,"voltDiffRatio":1.63,"conditionEndMileage":93100,"segStartSoc":16},{"vin":"LGXC76D35K0068431","rtime":"20210121090322","socOcvMaxVoltAbs":43.5,"socOcvMinVoltAbs":42.5,"selfDischargeRateMaxCell":null,"selfDischargeRateMinCell":null,"voltDiffRatio":1.6,"conditionEndMileage":93460,"segStartSoc":59},{"vin":"LGXC76D35K0068431","rtime":"20210121142926","socOcvMaxVoltAbs":13,"socOcvMinVoltAbs":14,"selfDischargeRateMaxCell":null,"selfDischargeRateMinCell":null,"voltDiffRatio":1.38,"conditionEndMileage":93610,"segStartSoc":51},{"vin":"LGXC76D35K0068431","rtime":"20210122092246","socOcvMaxVoltAbs":13,"socOcvMinVoltAbs":20,"selfDischargeRateMaxCell":null,"selfDischargeRateMinCell":null,"voltDiffRatio":2.33,"conditionEndMileage":93920,"segStartSoc":31},{"vin":"LGXC76D35K0068431","rtime":"20210124191542","socOcvMaxVoltAbs":-2,"socOcvMinVoltAbs":3,"selfDischargeRateMaxCell":null,"selfDischargeRateMinCell":null,"voltDiffRatio":1.44,"conditionEndMileage":94000,"segStartSoc":16},{"vin":"LGXC76D35K0068431","rtime":"20210126160934","socOcvMaxVoltAbs":12,"socOcvMinVoltAbs":19,"selfDischargeRateMaxCell":null,"selfDischargeRateMinCell":null,"voltDiffRatio":1.86,"conditionEndMileage":102930,"segStartSoc":27},{"vin":"LGXC76D35K0068431","rtime":"20210127110251","socOcvMaxVoltAbs":17.5,"socOcvMinVoltAbs":20,"selfDischargeRateMaxCell":null,"selfDischargeRateMinCell":null,"voltDiffRatio":2.43,"conditionEndMileage":103130,"segStartSoc":24},{"vin":"LGXC76D35K0068431","rtime":"20210128164028","socOcvMaxVoltAbs":8,"socOcvMinVoltAbs":38,"selfDischargeRateMaxCell":null,"selfDischargeRateMinCell":null,"voltDiffRatio":1.71,"conditionEndMileage":109020,"segStartSoc":41},{"vin":"LGXC76D35K0068431","rtime":"20210130154737","socOcvMaxVoltAbs":11,"socOcvMinVoltAbs":8,"selfDischargeRateMaxCell":null,"selfDischargeRateMinCell":null,"voltDiffRatio":1.73,"conditionEndMileage":110050,"segStartSoc":68},{"vin":"LGXC76D35K0068431","rtime":"20210131192853","socOcvMaxVoltAbs":-9.5,"socOcvMinVoltAbs":-12.5,"selfDischargeRateMaxCell":null,"selfDischargeRateMinCell":null,"voltDiffRatio":2,"conditionEndMileage":110240,"segStartSoc":34}]},"Length":{"actualLenth":1,"expectLenth":132},"vin":{"actualKey":"不存在此vin","expectedKey":"vin"},"rtime":{"actualKey":"不存在此rtime","expectedKey":"rtime"},"socOcvMaxVoltAbs":{"actualKey":"不存在此socOcvMaxVoltAbs","expectedKey":"socOcvMaxVoltAbs"},"socOcvMinVoltAbs":{"actualKey":"不存在此socOcvMinVoltAbs","expectedKey":"socOcvMinVoltAbs"},"selfDischargeRateMaxCell":{"actualKey":"不存在此selfDischargeRateMaxCell","expectedKey":"selfDischargeRateMaxCell"},"selfDischargeRateMinCell":{"actualKey":"不存在此selfDischargeRateMinCell","expectedKey":"selfDischargeRateMinCell"},"voltDiffRatio":{"actualKey":"不存在此voltDiffRatio","expectedKey":"voltDiffRatio"},"conditionEndMileage":{"actualKey":"不存在此conditionEndMileage","expectedKey":"conditionEndMileage"},"segStartSoc":{"actualKey":"不存在此segStartSoc","expectedKey":"segStartSoc"},"error":{"actualValue":null,"expectedValue":[{"vin":"LGXC76D35K0068431","rtime":"20200708205318","socOcvMaxVoltAbs":-2,"socOcvMinVoltAbs":-6,"selfDischargeRateMaxCell":null,"selfDischargeRateMinCell":null,"voltDiffRatio":1.11,"conditionEndMileage":54980,"segStartSoc":16},{"vin":"LGXC76D35K0068431","rtime":"20200709200820","socOcvMaxVoltAbs":-11.5,"socOcvMinVoltAbs":-23.5,"selfDischargeRateMaxCell":null,"selfDischargeRateMinCell":null,"voltDiffRatio":0.73,"conditionEndMileage":55120,"segStartSoc":84},{"vin":"LGXC76D35K0068431","rtime":"20200711083038","socOcvMaxVoltAbs":37,"socOcvMinVoltAbs":38,"selfDischargeRateMaxCell":null,"selfDischargeRateMinCell":null,"voltDiffRatio":1.27,"conditionEndMileage":55180,"segStartSoc":75},{"vin":"LGXC76D35K0068431","rtime":"20200711194533","socOcvMaxVoltAbs":10,"socOcvMinVoltAbs":-5,"selfDischargeRateMaxCell":null,"selfDischargeRateMinCell":null,"voltDiffRatio":0.89,"conditionEndMileage":55260,"segStartSoc":57},{"vin":"LGXC76D35K0068431","rtime":"20200712080538","socOcvMaxVoltAbs":0,"socOcvMinVoltAbs":-2,"selfDischargeRateMaxCell":null,"selfDischargeRateMinCell":null,"voltDiffRatio":1,"conditionEndMileage":55320,"segStartSoc":47},{"vin":"LGXC76D35K0068431","rtime":"20200712190049","socOcvMaxVoltAbs":-1,"socOcvMinVoltAbs":4,"selfDischargeRateMaxCell":null,"selfDischargeRateMinCell":null,"voltDiffRatio":1.14,"conditionEndMileage":55400,"segStartSoc":35},{"vin":"LGXC76D35K0068431","rtime":"20200714075259","socOcvMaxVoltAbs":28,"socOcvMinVoltAbs":27,"selfDischargeRateMaxCell":null,"selfDischargeRateMinCell":null,"voltDiffRatio":1.33,"conditionEndMileage":55460,"segStartSoc":25},{"vin":"LGXC76D35K0068431","rtime":"20200714194559","socOcvMaxVoltAbs":-9.5,"socOcvMinVoltAbs":-9,"selfDischargeRateMaxCell":null,"selfDischargeRateMinCell":null,"voltDiffRatio":1.26,"conditionEndMileage":55540,"segStartSoc":16},{"vin":"LGXC76D35K0068431","rtime":"20200719194145","socOcvMaxVoltAbs":19,"socOcvMinVoltAbs":13.5,"selfDischargeRateMaxCell":null,"selfDischargeRateMinCell":null,"voltDiffRatio":0.86,"conditionEndMileage":55880,"segStartSoc":82},{"vin":"LGXC76D35K0068431","rtime":"20200721084732","socOcvMaxVoltAbs":34,"socOcvMinVoltAbs":15,"selfDischargeRateMaxCell":null,"selfDischargeRateMinCell":null,"voltDiffRatio":1.45,"conditionEndMileage":55940,"segStartSoc":72},{"vin":"LGXC76D35K0068431","rtime":"20200723085152","socOcvMaxVoltAbs":8.5,"socOcvMinVoltAbs":3,"selfDischargeRateMaxCell":null,"selfDischargeRateMinCell":null,"voltDiffRatio":1.16,"conditionEndMileage":56240,"segStartSoc":16},{"vin":"LGXC76D35K0068431","rtime":"20200723192240","socOcvMaxVoltAbs":1,"socOcvMinVoltAbs":-3,"selfDischargeRateMaxCell":null,"selfDischargeRateMinCell":null,"voltDiffRatio":1.16,"conditionEndMileage":56320,"segStartSoc":16},{"vin":"LGXC76D35K0068431","rtime":"20200724084950","socOcvMaxVoltAbs":-0.5,"socOcvMinVoltAbs":-5,"selfDischargeRateMaxCell":null,"selfDischargeRateMinCell":null,"voltDiffRatio":1.21,"conditionEndMileage":56380,"segStartSoc":16},{"vin":"LGXC76D35K0068431","rtime":"20200724201218","socOcvMaxVoltAbs":5,"socOcvMinVoltAbs":0,"selfDischargeRateMaxCell":null,"selfDischargeRateMinCell":null,"voltDiffRatio":1.21,"conditionEndMileage":56460,"segStartSoc":16},{"vin":"LGXC76D35K0068431","rtime":"20200725114340","socOcvMaxVoltAbs":6.5,"socOcvMinVoltAbs":4,"selfDischargeRateMaxCell":null,"selfDischargeRateMinCell":null,"voltDiffRatio":1.21,"conditionEndMileage":56520,"segStartSoc":16},{"vin":"LGXC76D35K0068431","rtime":"20200726190433","socOcvMaxVoltAbs":32,"socOcvMinVoltAbs":32,"selfDischargeRateMaxCell":null,"selfDischargeRateMinCell":null,"voltDiffRatio":1,"conditionEndMileage":56750,"segStartSoc":85},{"vin":"LGXC76D35K0068431","rtime":"20200802093738","socOcvMaxVoltAbs":-34,"socOcvMinVoltAbs":-21,"selfDischargeRateMaxCell":null,"selfDischargeRateMinCell":null,"voltDiffRatio":1.92,"conditionEndMileage":56810,"segStartSoc":70},{"vin":"LGXC76D35K0068431","rtime":"20200802185916","socOcvMaxVoltAbs":19,"socOcvMinVoltAbs":10,"selfDischargeRateMaxCell":null,"selfDischargeRateMinCell":null,"voltDiffRatio":0.89,"conditionEndMileage":56890,"segStartSoc":54},{"vin":"LGXC76D35K0068431","rtime":"20200803075903","socOcvMaxVoltAbs":8.5,"socOcvMinVoltAbs":4.5,"selfDischargeRateMaxCell":null,"selfDischargeRateMinCell":null,"voltDiffRatio":1.5,"conditionEndMileage":56950,"segStartSoc":45},{"vin":"LGXC76D35K0068431","rtime":"20200803200021","socOcvMaxVoltAbs":5,"socOcvMinVoltAbs":11,"selfDischargeRateMaxCell":null,"selfDischargeRateMinCell":null,"voltDiffRatio":1.57,"conditionEndMileage":57030,"segStartSoc":30},{"vin":"LGXC76D35K0068431","rtime":"20200804091327","socOcvMaxVoltAbs":24.5,"socOcvMinVoltAbs":20,"selfDischargeRateMaxCell":null,"selfDischargeRateMinCell":null,"voltDiffRatio":1.91,"conditionEndMileage":57090,"segStartSoc":20},{"vin":"LGXC76D35K0068431","rtime":"20200804194556","socOcvMaxVoltAbs":7,"socOcvMinVoltAbs":0,"selfDischargeRateMaxCell":null,"selfDischargeRateMinCell":null,"voltDiffRatio":1.17,"conditionEndMileage":57170,"segStartSoc":16},{"vin":"LGXC76D35K0068431","rtime":"20200805123749","socOcvMaxVoltAbs":7.5,"socOcvMinVoltAbs":3,"selfDischargeRateMaxCell":null,"selfDischargeRateMinCell":null,"voltDiffRatio":1.11,"conditionEndMileage":57230,"segStartSoc":16},{"vin":"LGXC76D35K0068431","rtime":"20200805204950","socOcvMaxVoltAbs":-0.5,"socOcvMinVoltAbs":-5,"selfDischargeRateMaxCell":null,"selfDischargeRateMinCell":null,"voltDiffRatio":1.11,"conditionEndMileage":57310,"segStartSoc":16},{"vin":"LGXC76D35K0068431","rtime":"20200806084302","socOcvMaxVoltAbs":0,"socOcvMinVoltAbs":-7,"selfDischargeRateMaxCell":null,"selfDischargeRateMinCell":null,"voltDiffRatio":1.17,"conditionEndMileage":57370,"segStartSoc":16},{"vin":"LGXC76D35K0068431","rtime":"20200806194330","socOcvMaxVoltAbs":16,"socOcvMinVoltAbs":11,"selfDischargeRateMaxCell":null,"selfDischargeRateMinCell":null,"voltDiffRatio":1.06,"conditionEndMileage":57450,"segStartSoc":16},{"vin":"LGXC76D35K0068431","rtime":"20200807184745","socOcvMaxVoltAbs":20,"socOcvMinVoltAbs":17,"selfDischargeRateMaxCell":null,"selfDischargeRateMinCell":null,"voltDiffRatio":0.73,"conditionEndMileage":57590,"segStartSoc":86},{"vin":"LGXC76D35K0068431","rtime":"20200808090733","socOcvMaxVoltAbs":40.5,"socOcvMinVoltAbs":35.5,"selfDischargeRateMaxCell":null,"selfDischargeRateMinCell":null,"voltDiffRatio":1.36,"conditionEndMileage":57650,"segStartSoc":69},{"vin":"LGXC76D35K0068431","rtime":"20200808185244","socOcvMaxVoltAbs":-14,"socOcvMinVoltAbs":4,"selfDischargeRateMaxCell":null,"selfDischargeRateMinCell":null,"voltDiffRatio":1.13,"conditionEndMileage":57720,"segStartSoc":50},{"vin":"LGXC76D35K0068431","rtime":"20200811191041","socOcvMaxVoltAbs":9.5,"socOcvMinVoltAbs":1,"selfDischargeRateMaxCell":null,"selfDischargeRateMinCell":null,"voltDiffRatio":1.15,"conditionEndMileage":57880,"segStartSoc":20},{"vin":"LGXC76D35K0068431","rtime":"20200812084416","socOcvMaxVoltAbs":7,"socOcvMinVoltAbs":3,"selfDischargeRateMaxCell":null,"selfDischargeRateMinCell":null,"voltDiffRatio":0.89,"conditionEndMileage":57960,"segStartSoc":16},{"vin":"LGXC76D35K0068431","rtime":"20200812185250","socOcvMaxVoltAbs":2,"socOcvMinVoltAbs":-5,"selfDischargeRateMaxCell":null,"selfDischargeRateMinCell":null,"voltDiffRatio":1.06,"conditionEndMileage":58030,"segStartSoc":16},{"vin":"LGXC76D35K0068431","rtime":"20200813085805","socOcvMaxVoltAbs":7,"socOcvMinVoltAbs":0,"selfDischargeRateMaxCell":null,"selfDischargeRateMinCell":null,"voltDiffRatio":1.06,"conditionEndMileage":58090,"segStartSoc":16},{"vin":"LGXC76D35K0068431","rtime":"20200813192704","socOcvMaxVoltAbs":1,"socOcvMinVoltAbs":-7,"selfDischargeRateMaxCell":null,"selfDischargeRateMinCell":null,"voltDiffRatio":1.72,"conditionEndMileage":58170,"segStartSoc":16},{"vin":"LGXC76D35K0068431","rtime":"20200814084136","socOcvMaxVoltAbs":-1,"socOcvMinVoltAbs":-6,"selfDischargeRateMaxCell":null,"selfDischargeRateMinCell":null,"voltDiffRatio":1,"conditionEndMileage":58230,"segStartSoc":16},{"vin":"LGXC76D35K0068431","rtime":"20200814193310","socOcvMaxVoltAbs":-1,"socOcvMinVoltAbs":-10,"selfDischargeRateMaxCell":null,"selfDischargeRateMinCell":null,"voltDiffRatio":1.11,"conditionEndMileage":58310,"segStartSoc":16},{"vin":"LGXC76D35K0068431","rtime":"20200816093126","socOcvMaxVoltAbs":11,"socOcvMinVoltAbs":-5,"selfDischargeRateMaxCell":null,"selfDischargeRateMinCell":null,"voltDiffRatio":0.89,"conditionEndMileage":58370,"segStartSoc":16},{"vin":"LGXC76D35K0068431","rtime":"20200816182815","socOcvMaxVoltAbs":0,"socOcvMinVoltAbs":-6,"selfDischargeRateMaxCell":null,"selfDischargeRateMinCell":null,"voltDiffRatio":1,"conditionEndMileage":58450,"segStartSoc":16},{"vin":"LGXC76D35K0068431","rtime":"20200817081659","socOcvMaxVoltAbs":5,"socOcvMinVoltAbs":-3,"selfDischargeRateMaxCell":null,"selfDischargeRateMinCell":null,"voltDiffRatio":1,"conditionEndMileage":59010,"segStartSoc":16},{"vin":"LGXC76D35K0068431","rtime":"20200817223717","socOcvMaxVoltAbs":-2,"socOcvMinVoltAbs":-7,"selfDischargeRateMaxCell":null,"selfDischargeRateMinCell":null,"voltDiffRatio":0.89,"conditionEndMileage":59080,"segStartSoc":16},{"vin":"LGXC76D35K0068431","rtime":"20200818091438","socOcvMaxVoltAbs":8,"socOcvMinVoltAbs":-1,"selfDischargeRateMaxCell":null,"selfDischargeRateMinCell":null,"voltDiffRatio":1,"conditionEndMileage":59140,"segStartSoc":16},{"vin":"LGXC76D35K0068431","rtime":"20200818191429","socOcvMaxVoltAbs":5,"socOcvMinVoltAbs":-2,"selfDischargeRateMaxCell":null,"selfDischargeRateMinCell":null,"voltDiffRatio":1,"conditionEndMileage":59220,"segStartSoc":16},{"vin":"LGXC76D35K0068431","rtime":"20200820085217","socOcvMaxVoltAbs":0.5,"socOcvMinVoltAbs":-6,"selfDischargeRateMaxCell":null,"selfDischargeRateMinCell":null,"voltDiffRatio":0.95,"conditionEndMileage":59280,"segStartSoc":16},{"vin":"LGXC76D35K0068431","rtime":"20200820202051","socOcvMaxVoltAbs":0,"socOcvMinVoltAbs":-10,"selfDischargeRateMaxCell":null,"selfDischargeRateMinCell":null,"voltDiffRatio":1,"conditionEndMileage":59360,"segStartSoc":16},{"vin":"LGXC76D35K0068431","rtime":"20200821090509","socOcvMaxVoltAbs":9.5,"socOcvMinVoltAbs":0.5,"selfDischargeRateMaxCell":null,"selfDischargeRateMinCell":null,"voltDiffRatio":0.94,"conditionEndMileage":59420,"segStartSoc":16},{"vin":"LGXC76D35K0068431","rtime":"20200821195056","socOcvMaxVoltAbs":3,"socOcvMinVoltAbs":-6,"selfDischargeRateMaxCell":null,"selfDischargeRateMinCell":null,"voltDiffRatio":1,"conditionEndMileage":59500,"segStartSoc":16},{"vin":"LGXC76D35K0068431","rtime":"20200822091005","socOcvMaxVoltAbs":11,"socOcvMinVoltAbs":1,"selfDischargeRateMaxCell":null,"selfDischargeRateMinCell":null,"voltDiffRatio":0.95,"conditionEndMileage":59560,"segStartSoc":16},{"vin":"LGXC76D35K0068431","rtime":"20200822201217","socOcvMaxVoltAbs":10,"socOcvMinVoltAbs":5,"selfDischargeRateMaxCell":null,"selfDischargeRateMinCell":null,"voltDiffRatio":0.95,"conditionEndMileage":59640,"segStartSoc":16},{"vin":"LGXC76D35K0068431","rtime":"20200823091800","socOcvMaxVoltAbs":2.5,"socOcvMinVoltAbs":-6.5,"selfDischargeRateMaxCell":null,"selfDischargeRateMinCell":null,"voltDiffRatio":0.95,"conditionEndMileage":59700,"segStartSoc":16},{"vin":"LGXC76D35K0068431","rtime":"20200823193648","socOcvMaxVoltAbs":23.5,"socOcvMinVoltAbs":14,"selfDischargeRateMaxCell":null,"selfDischargeRateMinCell":null,"voltDiffRatio":1,"conditionEndMileage":59780,"segStartSoc":16},{"vin":"LGXC76D35K0068431","rtime":"20200824205049","socOcvMaxVoltAbs":8.5,"socOcvMinVoltAbs":-4,"selfDischargeRateMaxCell":null,"selfDischargeRateMinCell":null,"voltDiffRatio":1,"conditionEndMileage":59910,"segStartSoc":82},{"vin":"LGXC76D35K0068431","rtime":"20200828073118","socOcvMaxVoltAbs":-10,"socOcvMinVoltAbs":-9,"selfDischargeRateMaxCell":null,"selfDischargeRateMinCell":null,"voltDiffRatio":1.5,"conditionEndMileage":60120,"segStartSoc":39},{"vin":"LGXC76D35K0068431","rtime":"20200828161320","socOcvMaxVoltAbs":10,"socOcvMinVoltAbs":5,"selfDischargeRateMaxCell":null,"selfDischargeRateMinCell":null,"voltDiffRatio":1.26,"conditionEndMileage":60350,"segStartSoc":16},{"vin":"LGXC76D35K0068431","rtime":"20200828215517","socOcvMaxVoltAbs":-3,"socOcvMinVoltAbs":-8,"selfDischargeRateMaxCell":null,"selfDischargeRateMinCell":null,"voltDiffRatio":1.16,"conditionEndMileage":60490,"segStartSoc":16},{"vin":"LGXC76D35K0068431","rtime":"20200830114257","socOcvMaxVoltAbs":6.5,"socOcvMinVoltAbs":9.5,"selfDischargeRateMaxCell":null,"selfDischargeRateMinCell":null,"voltDiffRatio":1.32,"conditionEndMileage":60550,"segStartSoc":16},{"vin":"LGXC76D35K0068431","rtime":"20200830192054","socOcvMaxVoltAbs":7,"socOcvMinVoltAbs":5,"selfDischargeRateMaxCell":null,"selfDischargeRateMinCell":null,"voltDiffRatio":1.32,"conditionEndMileage":60630,"segStartSoc":16},{"vin":"LGXC76D35K0068431","rtime":"20200905182338","socOcvMaxVoltAbs":-4,"socOcvMinVoltAbs":-1.5,"selfDischargeRateMaxCell":null,"selfDischargeRateMinCell":null,"voltDiffRatio":1.32,"conditionEndMileage":61190,"segStartSoc":16},{"vin":"LGXC76D35K0068431","rtime":"20200908095010","socOcvMaxVoltAbs":13.5,"socOcvMinVoltAbs":7,"selfDischargeRateMaxCell":null,"selfDischargeRateMinCell":null,"voltDiffRatio":1.32,"conditionEndMileage":61360,"segStartSoc":16},{"vin":"LGXC76D35K0068431","rtime":"20200908173254","socOcvMaxVoltAbs":-3,"socOcvMinVoltAbs":-13,"selfDischargeRateMaxCell":null,"selfDischargeRateMinCell":null,"voltDiffRatio":2.44,"conditionEndMileage":61410,"segStartSoc":16},{"vin":"LGXC76D35K0068431","rtime":"20200909115037","socOcvMaxVoltAbs":2,"socOcvMinVoltAbs":0,"selfDischargeRateMaxCell":null,"selfDischargeRateMinCell":null,"voltDiffRatio":1.39,"conditionEndMileage":61450,"segStartSoc":16},{"vin":"LGXC76D35K0068431","rtime":"20200909171042","socOcvMaxVoltAbs":9,"socOcvMinVoltAbs":10,"selfDischargeRateMaxCell":null,"selfDischargeRateMinCell":null,"voltDiffRatio":1.39,"conditionEndMileage":61530,"segStartSoc":16},{"vin":"LGXC76D35K0068431","rtime":"20200910103641","socOcvMaxVoltAbs":5,"socOcvMinVoltAbs":3,"selfDischargeRateMaxCell":null,"selfDischargeRateMinCell":null,"voltDiffRatio":1.32,"conditionEndMileage":61690,"segStartSoc":16},{"vin":"LGXC76D35K0068431","rtime":"20200911152330","socOcvMaxVoltAbs":6.5,"socOcvMinVoltAbs":5,"selfDischargeRateMaxCell":null,"selfDischargeRateMinCell":null,"voltDiffRatio":1.32,"conditionEndMileage":61890,"segStartSoc":16},{"vin":"LGXC76D35K0068431","rtime":"20200913100140","socOcvMaxVoltAbs":2.5,"socOcvMinVoltAbs":-2.5,"selfDischargeRateMaxCell":null,"selfDischargeRateMinCell":null,"voltDiffRatio":1.26,"conditionEndMileage":62020,"segStartSoc":16},{"vin":"LGXC76D35K0068431","rtime":"20200914073944","socOcvMaxVoltAbs":22,"socOcvMinVoltAbs":21.5,"selfDischargeRateMaxCell":null,"selfDischargeRateMinCell":null,"voltDiffRatio":1.36,"conditionEndMileage":62020,"segStartSoc":13},{"vin":"LGXC76D35K0068431","rtime":"20200918111841","socOcvMaxVoltAbs":17,"socOcvMinVoltAbs":17,"selfDischargeRateMaxCell":null,"selfDischargeRateMinCell":null,"voltDiffRatio":1.39,"conditionEndMileage":62410,"segStartSoc":16},{"vin":"LGXC76D35K0068431","rtime":"20200918174542","socOcvMaxVoltAbs":14,"socOcvMinVoltAbs":18,"selfDischargeRateMaxCell":null,"selfDischargeRateMinCell":null,"voltDiffRatio":1.44,"conditionEndMileage":62410,"segStartSoc":16},{"vin":"LGXC76D35K0068431","rtime":"20200922111428","socOcvMaxVoltAbs":5,"socOcvMinVoltAbs":6,"selfDischargeRateMaxCell":null,"selfDischargeRateMinCell":null,"voltDiffRatio":1.39,"conditionEndMileage":62490,"segStartSoc":16},{"vin":"LGXC76D35K0068431","rtime":"20200922170955","socOcvMaxVoltAbs":5,"socOcvMinVoltAbs":10,"selfDischargeRateMaxCell":null,"selfDischargeRateMinCell":null,"voltDiffRatio":1.39,"conditionEndMileage":62490,"segStartSoc":16},{"vin":"LGXC76D35K0068431","rtime":"20200928094146","socOcvMaxVoltAbs":-20,"socOcvMinVoltAbs":-17,"selfDischargeRateMaxCell":null,"selfDischargeRateMinCell":null,"voltDiffRatio":1.32,"conditionEndMileage":62750,"segStartSoc":16},{"vin":"LGXC76D35K0068431","rtime":"20200929133432","socOcvMaxVoltAbs":-4,"socOcvMinVoltAbs":-2.5,"selfDischargeRateMaxCell":null,"selfDischargeRateMinCell":null,"voltDiffRatio":1.44,"conditionEndMileage":62750,"segStartSoc":16},{"vin":"LGXC76D35K0068431","rtime":"20200930173546","socOcvMaxVoltAbs":-5.5,"socOcvMinVoltAbs":-5,"selfDischargeRateMaxCell":null,"selfDischargeRateMinCell":null,"voltDiffRatio":1.26,"conditionEndMileage":63030,"segStartSoc":16},{"vin":"LGXC76D35K0068431","rtime":"20201001152511","socOcvMaxVoltAbs":10,"socOcvMinVoltAbs":-11,"selfDischargeRateMaxCell":null,"selfDischargeRateMinCell":null,"voltDiffRatio":1.36,"conditionEndMileage":63030,"segStartSoc":14},{"vin":"LGXC76D35K0068431","rtime":"20201002052218","socOcvMaxVoltAbs":-23,"socOcvMinVoltAbs":-26,"selfDischargeRateMaxCell":null,"selfDischargeRateMinCell":null,"voltDiffRatio":2.46,"conditionEndMileage":63030,"segStartSoc":15},{"vin":"LGXC76D35K0068431","rtime":"20201003103148","socOcvMaxVoltAbs":14,"socOcvMinVoltAbs":5,"selfDischargeRateMaxCell":null,"selfDischargeRateMinCell":null,"voltDiffRatio":1.5,"conditionEndMileage":71880,"segStartSoc":51},{"vin":"LGXC76D35K0068431","rtime":"20201003175605","socOcvMaxVoltAbs":19,"socOcvMinVoltAbs":17,"selfDischargeRateMaxCell":null,"selfDischargeRateMinCell":null,"voltDiffRatio":1.5,"conditionEndMileage":72130,"segStartSoc":45},{"vin":"LGXC76D35K0068431","rtime":"20201005075529","socOcvMaxVoltAbs":15,"socOcvMinVoltAbs":14,"selfDischargeRateMaxCell":null,"selfDischargeRateMinCell":null,"voltDiffRatio":1.38,"conditionEndMileage":72910,"segStartSoc":51},{"vin":"LGXC76D35K0068431","rtime":"20201006065354","socOcvMaxVoltAbs":29.5,"socOcvMinVoltAbs":24.5,"selfDischargeRateMaxCell":null,"selfDischargeRateMinCell":null,"voltDiffRatio":1.33,"conditionEndMileage":74690,"segStartSoc":16},{"vin":"LGXC76D35K0068431","rtime":"20201007065335","socOcvMaxVoltAbs":-10,"socOcvMinVoltAbs":5,"selfDischargeRateMaxCell":null,"selfDischargeRateMinCell":null,"voltDiffRatio":2,"conditionEndMileage":75960,"segStartSoc":37},{"vin":"LGXC76D35K0068431","rtime":"20201007163711","socOcvMaxVoltAbs":-6.5,"socOcvMinVoltAbs":0,"selfDischargeRateMaxCell":null,"selfDischargeRateMinCell":null,"voltDiffRatio":2,"conditionEndMileage":76000,"segStartSoc":34},{"vin":"LGXC76D35K0068431","rtime":"20201009151316","socOcvMaxVoltAbs":16,"socOcvMinVoltAbs":9,"selfDischargeRateMaxCell":null,"selfDischargeRateMinCell":null,"voltDiffRatio":1.3,"conditionEndMileage":84750,"segStartSoc":24},{"vin":"LGXC76D35K0068431","rtime":"20201016144635","socOcvMaxVoltAbs":22,"socOcvMinVoltAbs":22.5,"selfDischargeRateMaxCell":null,"selfDischargeRateMinCell":null,"voltDiffRatio":1.7,"conditionEndMileage":84970,"segStartSoc":13},{"vin":"LGXC76D35K0068431","rtime":"20201030074914","socOcvMaxVoltAbs":8,"socOcvMinVoltAbs":30,"selfDischargeRateMaxCell":null,"selfDischargeRateMinCell":null,"voltDiffRatio":1.33,"conditionEndMileage":85340,"segStartSoc":16},{"vin":"LGXC76D35K0068431","rtime":"20201030183312","socOcvMaxVoltAbs":3,"socOcvMinVoltAbs":-2,"selfDischargeRateMaxCell":null,"selfDischargeRateMinCell":null,"voltDiffRatio":1.28,"conditionEndMileage":85440,"segStartSoc":16},{"vin":"LGXC76D35K0068431","rtime":"20201031065619","socOcvMaxVoltAbs":1,"socOcvMinVoltAbs":3,"selfDischargeRateMaxCell":null,"selfDischargeRateMinCell":null,"voltDiffRatio":1.39,"conditionEndMileage":85530,"segStartSoc":16},{"vin":"LGXC76D35K0068431","rtime":"20201031185426","socOcvMaxVoltAbs":8,"socOcvMinVoltAbs":5,"selfDischargeRateMaxCell":null,"selfDischargeRateMinCell":null,"voltDiffRatio":1.39,"conditionEndMileage":85620,"segStartSoc":16},{"vin":"LGXC76D35K0068431","rtime":"20201102060159","socOcvMaxVoltAbs":-7,"socOcvMinVoltAbs":-9,"selfDischargeRateMaxCell":null,"selfDischargeRateMinCell":null,"voltDiffRatio":1.39,"conditionEndMileage":85710,"segStartSoc":16},{"vin":"LGXC76D35K0068431","rtime":"20201102212903","socOcvMaxVoltAbs":-4,"socOcvMinVoltAbs":-4,"selfDischargeRateMaxCell":null,"selfDischargeRateMinCell":null,"voltDiffRatio":1.39,"conditionEndMileage":85800,"segStartSoc":16},{"vin":"LGXC76D35K0068431","rtime":"20201103055844","socOcvMaxVoltAbs":-9,"socOcvMinVoltAbs":-8,"selfDischargeRateMaxCell":null,"selfDischargeRateMinCell":null,"voltDiffRatio":1.44,"conditionEndMileage":85920,"segStartSoc":16},{"vin":"LGXC76D35K0068431","rtime":"20201103193803","socOcvMaxVoltAbs":6,"socOcvMinVoltAbs":6,"selfDischargeRateMaxCell":null,"selfDischargeRateMinCell":null,"voltDiffRatio":1.5,"conditionEndMileage":86010,"segStartSoc":16},{"vin":"LGXC76D35K0068431","rtime":"20201104055023","socOcvMaxVoltAbs":-5,"socOcvMinVoltAbs":-4,"selfDischargeRateMaxCell":null,"selfDischargeRateMinCell":null,"voltDiffRatio":1.5,"conditionEndMileage":86100,"segStartSoc":16},{"vin":"LGXC76D35K0068431","rtime":"20201104185226","socOcvMaxVoltAbs":5.5,"socOcvMinVoltAbs":5,"selfDischargeRateMaxCell":null,"selfDischargeRateMinCell":null,"voltDiffRatio":1.5,"conditionEndMileage":86190,"segStartSoc":16},{"vin":"LGXC76D35K0068431","rtime":"20201105072353","socOcvMaxVoltAbs":-5,"socOcvMinVoltAbs":-7,"selfDischargeRateMaxCell":null,"selfDischargeRateMinCell":null,"voltDiffRatio":1.5,"conditionEndMileage":86280,"segStartSoc":16},{"vin":"LGXC76D35K0068431","rtime":"20201105184609","socOcvMaxVoltAbs":1,"socOcvMinVoltAbs":2,"selfDischargeRateMaxCell":null,"selfDischargeRateMinCell":null,"voltDiffRatio":1.44,"conditionEndMileage":86380,"segStartSoc":16},{"vin":"LGXC76D35K0068431","rtime":"20201106073848","socOcvMaxVoltAbs":1,"socOcvMinVoltAbs":3,"selfDischargeRateMaxCell":null,"selfDischargeRateMinCell":null,"voltDiffRatio":1.5,"conditionEndMileage":86460,"segStartSoc":16},{"vin":"LGXC76D35K0068431","rtime":"20201106170744","socOcvMaxVoltAbs":-2,"socOcvMinVoltAbs":-1,"selfDischargeRateMaxCell":null,"selfDischargeRateMinCell":null,"voltDiffRatio":1.5,"conditionEndMileage":86550,"segStartSoc":16},{"vin":"LGXC76D35K0068431","rtime":"20201107071748","socOcvMaxVoltAbs":-9.5,"socOcvMinVoltAbs":-6,"selfDischargeRateMaxCell":null,"selfDischargeRateMinCell":null,"voltDiffRatio":1.37,"conditionEndMileage":87180,"segStartSoc":16},{"vin":"LGXC76D35K0068431","rtime":"20201107182426","socOcvMaxVoltAbs":-10.5,"socOcvMinVoltAbs":-10.5,"selfDischargeRateMaxCell":null,"selfDischargeRateMinCell":null,"voltDiffRatio":2,"conditionEndMileage":87270,"segStartSoc":17},{"vin":"LGXC76D35K0068431","rtime":"20201108064405","socOcvMaxVoltAbs":-10,"socOcvMinVoltAbs":-10,"selfDischargeRateMaxCell":null,"selfDischargeRateMinCell":null,"voltDiffRatio":1.44,"conditionEndMileage":87360,"segStartSoc":16},{"vin":"LGXC76D35K0068431","rtime":"20201108160707","socOcvMaxVoltAbs":0,"socOcvMinVoltAbs":0,"selfDischargeRateMaxCell":null,"selfDischargeRateMinCell":null,"voltDiffRatio":1.5,"conditionEndMileage":87460,"segStartSoc":16},{"vin":"LGXC76D35K0068431","rtime":"20201109063816","socOcvMaxVoltAbs":6,"socOcvMinVoltAbs":11,"selfDischargeRateMaxCell":null,"selfDischargeRateMinCell":null,"voltDiffRatio":1.5,"conditionEndMileage":87530,"segStartSoc":16},{"vin":"LGXC76D35K0068431","rtime":"20201109145652","socOcvMaxVoltAbs":3,"socOcvMinVoltAbs":2,"selfDischargeRateMaxCell":null,"selfDischargeRateMinCell":null,"voltDiffRatio":1.5,"conditionEndMileage":87640,"segStartSoc":16},{"vin":"LGXC76D35K0068431","rtime":"20201110061257","socOcvMaxVoltAbs":-6,"socOcvMinVoltAbs":-6,"selfDischargeRateMaxCell":null,"selfDischargeRateMinCell":null,"voltDiffRatio":1.5,"conditionEndMileage":87800,"segStartSoc":16},{"vin":"LGXC76D35K0068431","rtime":"20201110103557","socOcvMaxVoltAbs":2,"socOcvMinVoltAbs":1.5,"selfDischargeRateMaxCell":null,"selfDischargeRateMinCell":null,"voltDiffRatio":1.5,"conditionEndMileage":87910,"segStartSoc":16},{"vin":"LGXC76D35K0068431","rtime":"20201111055631","socOcvMaxVoltAbs":1,"socOcvMinVoltAbs":6.5,"selfDischargeRateMaxCell":null,"selfDischargeRateMinCell":null,"voltDiffRatio":1.44,"conditionEndMileage":88300,"segStartSoc":16},{"vin":"LGXC76D35K0068431","rtime":"20201111191719","socOcvMaxVoltAbs":-7.5,"socOcvMinVoltAbs":-5,"selfDischargeRateMaxCell":null,"selfDischargeRateMinCell":null,"voltDiffRatio":1.79,"conditionEndMileage":88410,"segStartSoc":16},{"vin":"LGXC76D35K0068431","rtime":"20201113061022","socOcvMaxVoltAbs":11,"socOcvMinVoltAbs":-6,"selfDischargeRateMaxCell":null,"selfDischargeRateMinCell":null,"voltDiffRatio":1.67,"conditionEndMileage":88480,"segStartSoc":16},{"vin":"LGXC76D35K0068431","rtime":"20201114000331","socOcvMaxVoltAbs":-5,"socOcvMinVoltAbs":-7,"selfDischargeRateMaxCell":null,"selfDischargeRateMinCell":null,"voltDiffRatio":1.32,"conditionEndMileage":88580,"segStartSoc":16},{"vin":"LGXC76D35K0068431","rtime":"20201115134037","socOcvMaxVoltAbs":-6.5,"socOcvMinVoltAbs":-2,"selfDischargeRateMaxCell":null,"selfDischargeRateMinCell":null,"voltDiffRatio":1.44,"conditionEndMileage":88650,"segStartSoc":16},{"vin":"LGXC76D35K0068431","rtime":"20201116160422","socOcvMaxVoltAbs":5,"socOcvMinVoltAbs":7,"selfDischargeRateMaxCell":null,"selfDischargeRateMinCell":null,"voltDiffRatio":1.56,"conditionEndMileage":88920,"segStartSoc":16},{"vin":"LGXC76D35K0068431","rtime":"20201117191557","socOcvMaxVoltAbs":4.5,"socOcvMinVoltAbs":2,"selfDischargeRateMaxCell":null,"selfDischargeRateMinCell":null,"voltDiffRatio":1.5,"conditionEndMileage":89070,"segStartSoc":16},{"vin":"LGXC76D35K0068431","rtime":"20201118101948","socOcvMaxVoltAbs":-11,"socOcvMinVoltAbs":-12,"selfDischargeRateMaxCell":null,"selfDischargeRateMinCell":null,"voltDiffRatio":1.37,"conditionEndMileage":89720,"segStartSoc":16},{"vin":"LGXC76D35K0068431","rtime":"20201204134717","socOcvMaxVoltAbs":65,"socOcvMinVoltAbs":95,"selfDischargeRateMaxCell":null,"selfDischargeRateMinCell":null,"voltDiffRatio":1.44,"conditionEndMileage":89790,"segStartSoc":16},{"vin":"LGXC76D35K0068431","rtime":"20201205132347","socOcvMaxVoltAbs":3,"socOcvMinVoltAbs":-1,"selfDischargeRateMaxCell":null,"selfDischargeRateMinCell":null,"voltDiffRatio":1.5,"conditionEndMileage":90180,"segStartSoc":16},{"vin":"LGXC76D35K0068431","rtime":"20201207083542","socOcvMaxVoltAbs":2,"socOcvMinVoltAbs":-14,"selfDischargeRateMaxCell":null,"selfDischargeRateMinCell":null,"voltDiffRatio":1.5,"conditionEndMileage":90310,"segStartSoc":16},{"vin":"LGXC76D35K0068431","rtime":"20201211135155","socOcvMaxVoltAbs":9,"socOcvMinVoltAbs":17,"selfDischargeRateMaxCell":null,"selfDischargeRateMinCell":null,"voltDiffRatio":1.44,"conditionEndMileage":90700,"segStartSoc":16},{"vin":"LGXC76D35K0068431","rtime":"20201220143342","socOcvMaxVoltAbs":-4,"socOcvMinVoltAbs":0,"selfDischargeRateMaxCell":null,"selfDischargeRateMinCell":null,"voltDiffRatio":1.56,"conditionEndMileage":90980,"segStartSoc":16},{"vin":"LGXC76D35K0068431","rtime":"20201223195405","socOcvMaxVoltAbs":3,"socOcvMinVoltAbs":-4,"selfDischargeRateMaxCell":null,"selfDischargeRateMinCell":null,"voltDiffRatio":2.17,"conditionEndMileage":91110,"segStartSoc":15},{"vin":"LGXC76D35K0068431","rtime":"20201224154010","socOcvMaxVoltAbs":6.5,"socOcvMinVoltAbs":5.5,"selfDischargeRateMaxCell":null,"selfDischargeRateMinCell":null,"voltDiffRatio":1.39,"conditionEndMileage":91330,"segStartSoc":16},{"vin":"LGXC76D35K0068431","rtime":"20201227080912","socOcvMaxVoltAbs":-5,"socOcvMinVoltAbs":-10,"selfDischargeRateMaxCell":null,"selfDischargeRateMinCell":null,"voltDiffRatio":1.44,"conditionEndMileage":91330,"segStartSoc":16},{"vin":"LGXC76D35K0068431","rtime":"20201228174826","socOcvMaxVoltAbs":19,"socOcvMinVoltAbs":28,"selfDischargeRateMaxCell":null,"selfDischargeRateMinCell":null,"voltDiffRatio":1.67,"conditionEndMileage":91900,"segStartSoc":17},{"vin":"LGXC76D35K0068431","rtime":"20201231125528","socOcvMaxVoltAbs":14.5,"socOcvMinVoltAbs":29.5,"selfDischargeRateMaxCell":null,"selfDischargeRateMinCell":null,"voltDiffRatio":1.5,"conditionEndMileage":91900,"segStartSoc":16},{"vin":"LGXC76D35K0068431","rtime":"20210119113905","socOcvMaxVoltAbs":12,"socOcvMinVoltAbs":11,"selfDischargeRateMaxCell":null,"selfDischargeRateMinCell":null,"voltDiffRatio":1.63,"conditionEndMileage":93100,"segStartSoc":16},{"vin":"LGXC76D35K0068431","rtime":"20210121090322","socOcvMaxVoltAbs":43.5,"socOcvMinVoltAbs":42.5,"selfDischargeRateMaxCell":null,"selfDischargeRateMinCell":null,"voltDiffRatio":1.6,"conditionEndMileage":93460,"segStartSoc":59},{"vin":"LGXC76D35K0068431","rtime":"20210121142926","socOcvMaxVoltAbs":13,"socOcvMinVoltAbs":14,"selfDischargeRateMaxCell":null,"selfDischargeRateMinCell":null,"voltDiffRatio":1.38,"conditionEndMileage":93610,"segStartSoc":51},{"vin":"LGXC76D35K0068431","rtime":"20210122092246","socOcvMaxVoltAbs":13,"socOcvMinVoltAbs":20,"selfDischargeRateMaxCell":null,"selfDischargeRateMinCell":null,"voltDiffRatio":2.33,"conditionEndMileage":93920,"segStartSoc":31},{"vin":"LGXC76D35K0068431","rtime":"20210124191542","socOcvMaxVoltAbs":-2,"socOcvMinVoltAbs":3,"selfDischargeRateMaxCell":null,"selfDischargeRateMinCell":null,"voltDiffRatio":1.44,"conditionEndMileage":94000,"segStartSoc":16},{"vin":"LGXC76D35K0068431","rtime":"20210126160934","socOcvMaxVoltAbs":12,"socOcvMinVoltAbs":19,"selfDischargeRateMaxCell":null,"selfDischargeRateMinCell":null,"voltDiffRatio":1.86,"conditionEndMileage":102930,"segStartSoc":27},{"vin":"LGXC76D35K0068431","rtime":"20210127110251","socOcvMaxVoltAbs":17.5,"socOcvMinVoltAbs":20,"selfDischargeRateMaxCell":null,"selfDischargeRateMinCell":null,"voltDiffRatio":2.43,"conditionEndMileage":103130,"segStartSoc":24},{"vin":"LGXC76D35K0068431","rtime":"20210128164028","socOcvMaxVoltAbs":8,"socOcvMinVoltAbs":38,"selfDischargeRateMaxCell":null,"selfDischargeRateMinCell":null,"voltDiffRatio":1.71,"conditionEndMileage":109020,"segStartSoc":41},{"vin":"LGXC76D35K0068431","rtime":"20210130154737","socOcvMaxVoltAbs":11,"socOcvMinVoltAbs":8,"selfDischargeRateMaxCell":null,"selfDischargeRateMinCell":null,"voltDiffRatio":1.73,"conditionEndMileage":110050,"segStartSoc":68},{"vin":"LGXC76D35K0068431","rtime":"20210131192853","socOcvMaxVoltAbs":-9.5,"socOcvMinVoltAbs":-12.5,"selfDischargeRateMaxCell":null,"selfDischargeRateMinCell":null,"voltDiffRatio":2,"conditionEndMileage":110240,"segStartSoc":34}],"currentValue is ":true,"expectedValue is":false},"code":{"actualValue":null,"expectedValue":[{"vin":"LGXC76D35K0068431","rtime":"20200708205318","socOcvMaxVoltAbs":-2,"socOcvMinVoltAbs":-6,"selfDischargeRateMaxCell":null,"selfDischargeRateMinCell":null,"voltDiffRatio":1.11,"conditionEndMileage":54980,"segStartSoc":16},{"vin":"LGXC76D35K0068431","rtime":"20200709200820","socOcvMaxVoltAbs":-11.5,"socOcvMinVoltAbs":-23.5,"selfDischargeRateMaxCell":null,"selfDischargeRateMinCell":null,"voltDiffRatio":0.73,"conditionEndMileage":55120,"segStartSoc":84},{"vin":"LGXC76D35K0068431","rtime":"20200711083038","socOcvMaxVoltAbs":37,"socOcvMinVoltAbs":38,"selfDischargeRateMaxCell":null,"selfDischargeRateMinCell":null,"voltDiffRatio":1.27,"conditionEndMileage":55180,"segStartSoc":75},{"vin":"LGXC76D35K0068431","rtime":"20200711194533","socOcvMaxVoltAbs":10,"socOcvMinVoltAbs":-5,"selfDischargeRateMaxCell":null,"selfDischargeRateMinCell":null,"voltDiffRatio":0.89,"conditionEndMileage":55260,"segStartSoc":57},{"vin":"LGXC76D35K0068431","rtime":"20200712080538","socOcvMaxVoltAbs":0,"socOcvMinVoltAbs":-2,"selfDischargeRateMaxCell":null,"selfDischargeRateMinCell":null,"voltDiffRatio":1,"conditionEndMileage":55320,"segStartSoc":47},{"vin":"LGXC76D35K0068431","rtime":"20200712190049","socOcvMaxVoltAbs":-1,"socOcvMinVoltAbs":4,"selfDischargeRateMaxCell":null,"selfDischargeRateMinCell":null,"voltDiffRatio":1.14,"conditionEndMileage":55400,"segStartSoc":35},{"vin":"LGXC76D35K0068431","rtime":"20200714075259","socOcvMaxVoltAbs":28,"socOcvMinVoltAbs":27,"selfDischargeRateMaxCell":null,"selfDischargeRateMinCell":null,"voltDiffRatio":1.33,"conditionEndMileage":55460,"segStartSoc":25},{"vin":"LGXC76D35K0068431","rtime":"20200714194559","socOcvMaxVoltAbs":-9.5,"socOcvMinVoltAbs":-9,"selfDischargeRateMaxCell":null,"selfDischargeRateMinCell":null,"voltDiffRatio":1.26,"conditionEndMileage":55540,"segStartSoc":16},{"vin":"LGXC76D35K0068431","rtime":"20200719194145","socOcvMaxVoltAbs":19,"socOcvMinVoltAbs":13.5,"selfDischargeRateMaxCell":null,"selfDischargeRateMinCell":null,"voltDiffRatio":0.86,"conditionEndMileage":55880,"segStartSoc":82},{"vin":"LGXC76D35K0068431","rtime":"20200721084732","socOcvMaxVoltAbs":34,"socOcvMinVoltAbs":15,"selfDischargeRateMaxCell":null,"selfDischargeRateMinCell":null,"voltDiffRatio":1.45,"conditionEndMileage":55940,"segStartSoc":72},{"vin":"LGXC76D35K0068431","rtime":"20200723085152","socOcvMaxVoltAbs":8.5,"socOcvMinVoltAbs":3,"selfDischargeRateMaxCell":null,"selfDischargeRateMinCell":null,"voltDiffRatio":1.16,"conditionEndMileage":56240,"segStartSoc":16},{"vin":"LGXC76D35K0068431","rtime":"20200723192240","socOcvMaxVoltAbs":1,"socOcvMinVoltAbs":-3,"selfDischargeRateMaxCell":null,"selfDischargeRateMinCell":null,"voltDiffRatio":1.16,"conditionEndMileage":56320,"segStartSoc":16},{"vin":"LGXC76D35K0068431","rtime":"20200724084950","socOcvMaxVoltAbs":-0.5,"socOcvMinVoltAbs":-5,"selfDischargeRateMaxCell":null,"selfDischargeRateMinCell":null,"voltDiffRatio":1.21,"conditionEndMileage":56380,"segStartSoc":16},{"vin":"LGXC76D35K0068431","rtime":"20200724201218","socOcvMaxVoltAbs":5,"socOcvMinVoltAbs":0,"selfDischargeRateMaxCell":null,"selfDischargeRateMinCell":null,"voltDiffRatio":1.21,"conditionEndMileage":56460,"segStartSoc":16},{"vin":"LGXC76D35K0068431","rtime":"20200725114340","socOcvMaxVoltAbs":6.5,"socOcvMinVoltAbs":4,"selfDischargeRateMaxCell":null,"selfDischargeRateMinCell":null,"voltDiffRatio":1.21,"conditionEndMileage":56520,"segStartSoc":16},{"vin":"LGXC76D35K0068431","rtime":"20200726190433","socOcvMaxVoltAbs":32,"socOcvMinVoltAbs":32,"selfDischargeRateMaxCell":null,"selfDischargeRateMinCell":null,"voltDiffRatio":1,"conditionEndMileage":56750,"segStartSoc":85},{"vin":"LGXC76D35K0068431","rtime":"20200802093738","socOcvMaxVoltAbs":-34,"socOcvMinVoltAbs":-21,"selfDischargeRateMaxCell":null,"selfDischargeRateMinCell":null,"voltDiffRatio":1.92,"conditionEndMileage":56810,"segStartSoc":70},{"vin":"LGXC76D35K0068431","rtime":"20200802185916","socOcvMaxVoltAbs":19,"socOcvMinVoltAbs":10,"selfDischargeRateMaxCell":null,"selfDischargeRateMinCell":null,"voltDiffRatio":0.89,"conditionEndMileage":56890,"segStartSoc":54},{"vin":"LGXC76D35K0068431","rtime":"20200803075903","socOcvMaxVoltAbs":8.5,"socOcvMinVoltAbs":4.5,"selfDischargeRateMaxCell":null,"selfDischargeRateMinCell":null,"voltDiffRatio":1.5,"conditionEndMileage":56950,"segStartSoc":45},{"vin":"LGXC76D35K0068431","rtime":"20200803200021","socOcvMaxVoltAbs":5,"socOcvMinVoltAbs":11,"selfDischargeRateMaxCell":null,"selfDischargeRateMinCell":null,"voltDiffRatio":1.57,"conditionEndMileage":57030,"segStartSoc":30},{"vin":"LGXC76D35K0068431","rtime":"20200804091327","socOcvMaxVoltAbs":24.5,"socOcvMinVoltAbs":20,"selfDischargeRateMaxCell":null,"selfDischargeRateMinCell":null,"voltDiffRatio":1.91,"conditionEndMileage":57090,"segStartSoc":20},{"vin":"LGXC76D35K0068431","rtime":"20200804194556","socOcvMaxVoltAbs":7,"socOcvMinVoltAbs":0,"selfDischargeRateMaxCell":null,"selfDischargeRateMinCell":null,"voltDiffRatio":1.17,"conditionEndMileage":57170,"segStartSoc":16},{"vin":"LGXC76D35K0068431","rtime":"20200805123749","socOcvMaxVoltAbs":7.5,"socOcvMinVoltAbs":3,"selfDischargeRateMaxCell":null,"selfDischargeRateMinCell":null,"voltDiffRatio":1.11,"conditionEndMileage":57230,"segStartSoc":16},{"vin":"LGXC76D35K0068431","rtime":"20200805204950","socOcvMaxVoltAbs":-0.5,"socOcvMinVoltAbs":-5,"selfDischargeRateMaxCell":null,"selfDischargeRateMinCell":null,"voltDiffRatio":1.11,"conditionEndMileage":57310,"segStartSoc":16},{"vin":"LGXC76D35K0068431","rtime":"20200806084302","socOcvMaxVoltAbs":0,"socOcvMinVoltAbs":-7,"selfDischargeRateMaxCell":null,"selfDischargeRateMinCell":null,"voltDiffRatio":1.17,"conditionEndMileage":57370,"segStartSoc":16},{"vin":"LGXC76D35K0068431","rtime":"20200806194330","socOcvMaxVoltAbs":16,"socOcvMinVoltAbs":11,"selfDischargeRateMaxCell":null,"selfDischargeRateMinCell":null,"voltDiffRatio":1.06,"conditionEndMileage":57450,"segStartSoc":16},{"vin":"LGXC76D35K0068431","rtime":"20200807184745","socOcvMaxVoltAbs":20,"socOcvMinVoltAbs":17,"selfDischargeRateMaxCell":null,"selfDischargeRateMinCell":null,"voltDiffRatio":0.73,"conditionEndMileage":57590,"segStartSoc":86},{"vin":"LGXC76D35K0068431","rtime":"20200808090733","socOcvMaxVoltAbs":40.5,"socOcvMinVoltAbs":35.5,"selfDischargeRateMaxCell":null,"selfDischargeRateMinCell":null,"voltDiffRatio":1.36,"conditionEndMileage":57650,"segStartSoc":69},{"vin":"LGXC76D35K0068431","rtime":"20200808185244","socOcvMaxVoltAbs":-14,"socOcvMinVoltAbs":4,"selfDischargeRateMaxCell":null,"selfDischargeRateMinCell":null,"voltDiffRatio":1.13,"conditionEndMileage":57720,"segStartSoc":50},{"vin":"LGXC76D35K0068431","rtime":"20200811191041","socOcvMaxVoltAbs":9.5,"socOcvMinVoltAbs":1,"selfDischargeRateMaxCell":null,"selfDischargeRateMinCell":null,"voltDiffRatio":1.15,"conditionEndMileage":57880,"segStartSoc":20},{"vin":"LGXC76D35K0068431","rtime":"20200812084416","socOcvMaxVoltAbs":7,"socOcvMinVoltAbs":3,"selfDischargeRateMaxCell":null,"selfDischargeRateMinCell":null,"voltDiffRatio":0.89,"conditionEndMileage":57960,"segStartSoc":16},{"vin":"LGXC76D35K0068431","rtime":"20200812185250","socOcvMaxVoltAbs":2,"socOcvMinVoltAbs":-5,"selfDischargeRateMaxCell":null,"selfDischargeRateMinCell":null,"voltDiffRatio":1.06,"conditionEndMileage":58030,"segStartSoc":16},{"vin":"LGXC76D35K0068431","rtime":"20200813085805","socOcvMaxVoltAbs":7,"socOcvMinVoltAbs":0,"selfDischargeRateMaxCell":null,"selfDischargeRateMinCell":null,"voltDiffRatio":1.06,"conditionEndMileage":58090,"segStartSoc":16},{"vin":"LGXC76D35K0068431","rtime":"20200813192704","socOcvMaxVoltAbs":1,"socOcvMinVoltAbs":-7,"selfDischargeRateMaxCell":null,"selfDischargeRateMinCell":null,"voltDiffRatio":1.72,"conditionEndMileage":58170,"segStartSoc":16},{"vin":"LGXC76D35K0068431","rtime":"20200814084136","socOcvMaxVoltAbs":-1,"socOcvMinVoltAbs":-6,"selfDischargeRateMaxCell":null,"selfDischargeRateMinCell":null,"voltDiffRatio":1,"conditionEndMileage":58230,"segStartSoc":16},{"vin":"LGXC76D35K0068431","rtime":"20200814193310","socOcvMaxVoltAbs":-1,"socOcvMinVoltAbs":-10,"selfDischargeRateMaxCell":null,"selfDischargeRateMinCell":null,"voltDiffRatio":1.11,"conditionEndMileage":58310,"segStartSoc":16},{"vin":"LGXC76D35K0068431","rtime":"20200816093126","socOcvMaxVoltAbs":11,"socOcvMinVoltAbs":-5,"selfDischargeRateMaxCell":null,"selfDischargeRateMinCell":null,"voltDiffRatio":0.89,"conditionEndMileage":58370,"segStartSoc":16},{"vin":"LGXC76D35K0068431","rtime":"20200816182815","socOcvMaxVoltAbs":0,"socOcvMinVoltAbs":-6,"selfDischargeRateMaxCell":null,"selfDischargeRateMinCell":null,"voltDiffRatio":1,"conditionEndMileage":58450,"segStartSoc":16},{"vin":"LGXC76D35K0068431","rtime":"20200817081659","socOcvMaxVoltAbs":5,"socOcvMinVoltAbs":-3,"selfDischargeRateMaxCell":null,"selfDischargeRateMinCell":null,"voltDiffRatio":1,"conditionEndMileage":59010,"segStartSoc":16},{"vin":"LGXC76D35K0068431","rtime":"20200817223717","socOcvMaxVoltAbs":-2,"socOcvMinVoltAbs":-7,"selfDischargeRateMaxCell":null,"selfDischargeRateMinCell":null,"voltDiffRatio":0.89,"conditionEndMileage":59080,"segStartSoc":16},{"vin":"LGXC76D35K0068431","rtime":"20200818091438","socOcvMaxVoltAbs":8,"socOcvMinVoltAbs":-1,"selfDischargeRateMaxCell":null,"selfDischargeRateMinCell":null,"voltDiffRatio":1,"conditionEndMileage":59140,"segStartSoc":16},{"vin":"LGXC76D35K0068431","rtime":"20200818191429","socOcvMaxVoltAbs":5,"socOcvMinVoltAbs":-2,"selfDischargeRateMaxCell":null,"selfDischargeRateMinCell":null,"voltDiffRatio":1,"conditionEndMileage":59220,"segStartSoc":16},{"vin":"LGXC76D35K0068431","rtime":"20200820085217","socOcvMaxVoltAbs":0.5,"socOcvMinVoltAbs":-6,"selfDischargeRateMaxCell":null,"selfDischargeRateMinCell":null,"voltDiffRatio":0.95,"conditionEndMileage":59280,"segStartSoc":16},{"vin":"LGXC76D35K0068431","rtime":"20200820202051","socOcvMaxVoltAbs":0,"socOcvMinVoltAbs":-10,"selfDischargeRateMaxCell":null,"selfDischargeRateMinCell":null,"voltDiffRatio":1,"conditionEndMileage":59360,"segStartSoc":16},{"vin":"LGXC76D35K0068431","rtime":"20200821090509","socOcvMaxVoltAbs":9.5,"socOcvMinVoltAbs":0.5,"selfDischargeRateMaxCell":null,"selfDischargeRateMinCell":null,"voltDiffRatio":0.94,"conditionEndMileage":59420,"segStartSoc":16},{"vin":"LGXC76D35K0068431","rtime":"20200821195056","socOcvMaxVoltAbs":3,"socOcvMinVoltAbs":-6,"selfDischargeRateMaxCell":null,"selfDischargeRateMinCell":null,"voltDiffRatio":1,"conditionEndMileage":59500,"segStartSoc":16},{"vin":"LGXC76D35K0068431","rtime":"20200822091005","socOcvMaxVoltAbs":11,"socOcvMinVoltAbs":1,"selfDischargeRateMaxCell":null,"selfDischargeRateMinCell":null,"voltDiffRatio":0.95,"conditionEndMileage":59560,"segStartSoc":16},{"vin":"LGXC76D35K0068431","rtime":"20200822201217","socOcvMaxVoltAbs":10,"socOcvMinVoltAbs":5,"selfDischargeRateMaxCell":null,"selfDischargeRateMinCell":null,"voltDiffRatio":0.95,"conditionEndMileage":59640,"segStartSoc":16},{"vin":"LGXC76D35K0068431","rtime":"20200823091800","socOcvMaxVoltAbs":2.5,"socOcvMinVoltAbs":-6.5,"selfDischargeRateMaxCell":null,"selfDischargeRateMinCell":null,"voltDiffRatio":0.95,"conditionEndMileage":59700,"segStartSoc":16},{"vin":"LGXC76D35K0068431","rtime":"20200823193648","socOcvMaxVoltAbs":23.5,"socOcvMinVoltAbs":14,"selfDischargeRateMaxCell":null,"selfDischargeRateMinCell":null,"voltDiffRatio":1,"conditionEndMileage":59780,"segStartSoc":16},{"vin":"LGXC76D35K0068431","rtime":"20200824205049","socOcvMaxVoltAbs":8.5,"socOcvMinVoltAbs":-4,"selfDischargeRateMaxCell":null,"selfDischargeRateMinCell":null,"voltDiffRatio":1,"conditionEndMileage":59910,"segStartSoc":82},{"vin":"LGXC76D35K0068431","rtime":"20200828073118","socOcvMaxVoltAbs":-10,"socOcvMinVoltAbs":-9,"selfDischargeRateMaxCell":null,"selfDischargeRateMinCell":null,"voltDiffRatio":1.5,"conditionEndMileage":60120,"segStartSoc":39},{"vin":"LGXC76D35K0068431","rtime":"20200828161320","socOcvMaxVoltAbs":10,"socOcvMinVoltAbs":5,"selfDischargeRateMaxCell":null,"selfDischargeRateMinCell":null,"voltDiffRatio":1.26,"conditionEndMileage":60350,"segStartSoc":16},{"vin":"LGXC76D35K0068431","rtime":"20200828215517","socOcvMaxVoltAbs":-3,"socOcvMinVoltAbs":-8,"selfDischargeRateMaxCell":null,"selfDischargeRateMinCell":null,"voltDiffRatio":1.16,"conditionEndMileage":60490,"segStartSoc":16},{"vin":"LGXC76D35K0068431","rtime":"20200830114257","socOcvMaxVoltAbs":6.5,"socOcvMinVoltAbs":9.5,"selfDischargeRateMaxCell":null,"selfDischargeRateMinCell":null,"voltDiffRatio":1.32,"conditionEndMileage":60550,"segStartSoc":16},{"vin":"LGXC76D35K0068431","rtime":"20200830192054","socOcvMaxVoltAbs":7,"socOcvMinVoltAbs":5,"selfDischargeRateMaxCell":null,"selfDischargeRateMinCell":null,"voltDiffRatio":1.32,"conditionEndMileage":60630,"segStartSoc":16},{"vin":"LGXC76D35K0068431","rtime":"20200905182338","socOcvMaxVoltAbs":-4,"socOcvMinVoltAbs":-1.5,"selfDischargeRateMaxCell":null,"selfDischargeRateMinCell":null,"voltDiffRatio":1.32,"conditionEndMileage":61190,"segStartSoc":16},{"vin":"LGXC76D35K0068431","rtime":"20200908095010","socOcvMaxVoltAbs":13.5,"socOcvMinVoltAbs":7,"selfDischargeRateMaxCell":null,"selfDischargeRateMinCell":null,"voltDiffRatio":1.32,"conditionEndMileage":61360,"segStartSoc":16},{"vin":"LGXC76D35K0068431","rtime":"20200908173254","socOcvMaxVoltAbs":-3,"socOcvMinVoltAbs":-13,"selfDischargeRateMaxCell":null,"selfDischargeRateMinCell":null,"voltDiffRatio":2.44,"conditionEndMileage":61410,"segStartSoc":16},{"vin":"LGXC76D35K0068431","rtime":"20200909115037","socOcvMaxVoltAbs":2,"socOcvMinVoltAbs":0,"selfDischargeRateMaxCell":null,"selfDischargeRateMinCell":null,"voltDiffRatio":1.39,"conditionEndMileage":61450,"segStartSoc":16},{"vin":"LGXC76D35K0068431","rtime":"20200909171042","socOcvMaxVoltAbs":9,"socOcvMinVoltAbs":10,"selfDischargeRateMaxCell":null,"selfDischargeRateMinCell":null,"voltDiffRatio":1.39,"conditionEndMileage":61530,"segStartSoc":16},{"vin":"LGXC76D35K0068431","rtime":"20200910103641","socOcvMaxVoltAbs":5,"socOcvMinVoltAbs":3,"selfDischargeRateMaxCell":null,"selfDischargeRateMinCell":null,"voltDiffRatio":1.32,"conditionEndMileage":61690,"segStartSoc":16},{"vin":"LGXC76D35K0068431","rtime":"20200911152330","socOcvMaxVoltAbs":6.5,"socOcvMinVoltAbs":5,"selfDischargeRateMaxCell":null,"selfDischargeRateMinCell":null,"voltDiffRatio":1.32,"conditionEndMileage":61890,"segStartSoc":16},{"vin":"LGXC76D35K0068431","rtime":"20200913100140","socOcvMaxVoltAbs":2.5,"socOcvMinVoltAbs":-2.5,"selfDischargeRateMaxCell":null,"selfDischargeRateMinCell":null,"voltDiffRatio":1.26,"conditionEndMileage":62020,"segStartSoc":16},{"vin":"LGXC76D35K0068431","rtime":"20200914073944","socOcvMaxVoltAbs":22,"socOcvMinVoltAbs":21.5,"selfDischargeRateMaxCell":null,"selfDischargeRateMinCell":null,"voltDiffRatio":1.36,"conditionEndMileage":62020,"segStartSoc":13},{"vin":"LGXC76D35K0068431","rtime":"20200918111841","socOcvMaxVoltAbs":17,"socOcvMinVoltAbs":17,"selfDischargeRateMaxCell":null,"selfDischargeRateMinCell":null,"voltDiffRatio":1.39,"conditionEndMileage":62410,"segStartSoc":16},{"vin":"LGXC76D35K0068431","rtime":"20200918174542","socOcvMaxVoltAbs":14,"socOcvMinVoltAbs":18,"selfDischargeRateMaxCell":null,"selfDischargeRateMinCell":null,"voltDiffRatio":1.44,"conditionEndMileage":62410,"segStartSoc":16},{"vin":"LGXC76D35K0068431","rtime":"20200922111428","socOcvMaxVoltAbs":5,"socOcvMinVoltAbs":6,"selfDischargeRateMaxCell":null,"selfDischargeRateMinCell":null,"voltDiffRatio":1.39,"conditionEndMileage":62490,"segStartSoc":16},{"vin":"LGXC76D35K0068431","rtime":"20200922170955","socOcvMaxVoltAbs":5,"socOcvMinVoltAbs":10,"selfDischargeRateMaxCell":null,"selfDischargeRateMinCell":null,"voltDiffRatio":1.39,"conditionEndMileage":62490,"segStartSoc":16},{"vin":"LGXC76D35K0068431","rtime":"20200928094146","socOcvMaxVoltAbs":-20,"socOcvMinVoltAbs":-17,"selfDischargeRateMaxCell":null,"selfDischargeRateMinCell":null,"voltDiffRatio":1.32,"conditionEndMileage":62750,"segStartSoc":16},{"vin":"LGXC76D35K0068431","rtime":"20200929133432","socOcvMaxVoltAbs":-4,"socOcvMinVoltAbs":-2.5,"selfDischargeRateMaxCell":null,"selfDischargeRateMinCell":null,"voltDiffRatio":1.44,"conditionEndMileage":62750,"segStartSoc":16},{"vin":"LGXC76D35K0068431","rtime":"20200930173546","socOcvMaxVoltAbs":-5.5,"socOcvMinVoltAbs":-5,"selfDischargeRateMaxCell":null,"selfDischargeRateMinCell":null,"voltDiffRatio":1.26,"conditionEndMileage":63030,"segStartSoc":16},{"vin":"LGXC76D35K0068431","rtime":"20201001152511","socOcvMaxVoltAbs":10,"socOcvMinVoltAbs":-11,"selfDischargeRateMaxCell":null,"selfDischargeRateMinCell":null,"voltDiffRatio":1.36,"conditionEndMileage":63030,"segStartSoc":14},{"vin":"LGXC76D35K0068431","rtime":"20201002052218","socOcvMaxVoltAbs":-23,"socOcvMinVoltAbs":-26,"selfDischargeRateMaxCell":null,"selfDischargeRateMinCell":null,"voltDiffRatio":2.46,"conditionEndMileage":63030,"segStartSoc":15},{"vin":"LGXC76D35K0068431","rtime":"20201003103148","socOcvMaxVoltAbs":14,"socOcvMinVoltAbs":5,"selfDischargeRateMaxCell":null,"selfDischargeRateMinCell":null,"voltDiffRatio":1.5,"conditionEndMileage":71880,"segStartSoc":51},{"vin":"LGXC76D35K0068431","rtime":"20201003175605","socOcvMaxVoltAbs":19,"socOcvMinVoltAbs":17,"selfDischargeRateMaxCell":null,"selfDischargeRateMinCell":null,"voltDiffRatio":1.5,"conditionEndMileage":72130,"segStartSoc":45},{"vin":"LGXC76D35K0068431","rtime":"20201005075529","socOcvMaxVoltAbs":15,"socOcvMinVoltAbs":14,"selfDischargeRateMaxCell":null,"selfDischargeRateMinCell":null,"voltDiffRatio":1.38,"conditionEndMileage":72910,"segStartSoc":51},{"vin":"LGXC76D35K0068431","rtime":"20201006065354","socOcvMaxVoltAbs":29.5,"socOcvMinVoltAbs":24.5,"selfDischargeRateMaxCell":null,"selfDischargeRateMinCell":null,"voltDiffRatio":1.33,"conditionEndMileage":74690,"segStartSoc":16},{"vin":"LGXC76D35K0068431","rtime":"20201007065335","socOcvMaxVoltAbs":-10,"socOcvMinVoltAbs":5,"selfDischargeRateMaxCell":null,"selfDischargeRateMinCell":null,"voltDiffRatio":2,"conditionEndMileage":75960,"segStartSoc":37},{"vin":"LGXC76D35K0068431","rtime":"20201007163711","socOcvMaxVoltAbs":-6.5,"socOcvMinVoltAbs":0,"selfDischargeRateMaxCell":null,"selfDischargeRateMinCell":null,"voltDiffRatio":2,"conditionEndMileage":76000,"segStartSoc":34},{"vin":"LGXC76D35K0068431","rtime":"20201009151316","socOcvMaxVoltAbs":16,"socOcvMinVoltAbs":9,"selfDischargeRateMaxCell":null,"selfDischargeRateMinCell":null,"voltDiffRatio":1.3,"conditionEndMileage":84750,"segStartSoc":24},{"vin":"LGXC76D35K0068431","rtime":"20201016144635","socOcvMaxVoltAbs":22,"socOcvMinVoltAbs":22.5,"selfDischargeRateMaxCell":null,"selfDischargeRateMinCell":null,"voltDiffRatio":1.7,"conditionEndMileage":84970,"segStartSoc":13},{"vin":"LGXC76D35K0068431","rtime":"20201030074914","socOcvMaxVoltAbs":8,"socOcvMinVoltAbs":30,"selfDischargeRateMaxCell":null,"selfDischargeRateMinCell":null,"voltDiffRatio":1.33,"conditionEndMileage":85340,"segStartSoc":16},{"vin":"LGXC76D35K0068431","rtime":"20201030183312","socOcvMaxVoltAbs":3,"socOcvMinVoltAbs":-2,"selfDischargeRateMaxCell":null,"selfDischargeRateMinCell":null,"voltDiffRatio":1.28,"conditionEndMileage":85440,"segStartSoc":16},{"vin":"LGXC76D35K0068431","rtime":"20201031065619","socOcvMaxVoltAbs":1,"socOcvMinVoltAbs":3,"selfDischargeRateMaxCell":null,"selfDischargeRateMinCell":null,"voltDiffRatio":1.39,"conditionEndMileage":85530,"segStartSoc":16},{"vin":"LGXC76D35K0068431","rtime":"20201031185426","socOcvMaxVoltAbs":8,"socOcvMinVoltAbs":5,"selfDischargeRateMaxCell":null,"selfDischargeRateMinCell":null,"voltDiffRatio":1.39,"conditionEndMileage":85620,"segStartSoc":16},{"vin":"LGXC76D35K0068431","rtime":"20201102060159","socOcvMaxVoltAbs":-7,"socOcvMinVoltAbs":-9,"selfDischargeRateMaxCell":null,"selfDischargeRateMinCell":null,"voltDiffRatio":1.39,"conditionEndMileage":85710,"segStartSoc":16},{"vin":"LGXC76D35K0068431","rtime":"20201102212903","socOcvMaxVoltAbs":-4,"socOcvMinVoltAbs":-4,"selfDischargeRateMaxCell":null,"selfDischargeRateMinCell":null,"voltDiffRatio":1.39,"conditionEndMileage":85800,"segStartSoc":16},{"vin":"LGXC76D35K0068431","rtime":"20201103055844","socOcvMaxVoltAbs":-9,"socOcvMinVoltAbs":-8,"selfDischargeRateMaxCell":null,"selfDischargeRateMinCell":null,"voltDiffRatio":1.44,"conditionEndMileage":85920,"segStartSoc":16},{"vin":"LGXC76D35K0068431","rtime":"20201103193803","socOcvMaxVoltAbs":6,"socOcvMinVoltAbs":6,"selfDischargeRateMaxCell":null,"selfDischargeRateMinCell":null,"voltDiffRatio":1.5,"conditionEndMileage":86010,"segStartSoc":16},{"vin":"LGXC76D35K0068431","rtime":"20201104055023","socOcvMaxVoltAbs":-5,"socOcvMinVoltAbs":-4,"selfDischargeRateMaxCell":null,"selfDischargeRateMinCell":null,"voltDiffRatio":1.5,"conditionEndMileage":86100,"segStartSoc":16},{"vin":"LGXC76D35K0068431","rtime":"20201104185226","socOcvMaxVoltAbs":5.5,"socOcvMinVoltAbs":5,"selfDischargeRateMaxCell":null,"selfDischargeRateMinCell":null,"voltDiffRatio":1.5,"conditionEndMileage":86190,"segStartSoc":16},{"vin":"LGXC76D35K0068431","rtime":"20201105072353","socOcvMaxVoltAbs":-5,"socOcvMinVoltAbs":-7,"selfDischargeRateMaxCell":null,"selfDischargeRateMinCell":null,"voltDiffRatio":1.5,"conditionEndMileage":86280,"segStartSoc":16},{"vin":"LGXC76D35K0068431","rtime":"20201105184609","socOcvMaxVoltAbs":1,"socOcvMinVoltAbs":2,"selfDischargeRateMaxCell":null,"selfDischargeRateMinCell":null,"voltDiffRatio":1.44,"conditionEndMileage":86380,"segStartSoc":16},{"vin":"LGXC76D35K0068431","rtime":"20201106073848","socOcvMaxVoltAbs":1,"socOcvMinVoltAbs":3,"selfDischargeRateMaxCell":null,"selfDischargeRateMinCell":null,"voltDiffRatio":1.5,"conditionEndMileage":86460,"segStartSoc":16},{"vin":"LGXC76D35K0068431","rtime":"20201106170744","socOcvMaxVoltAbs":-2,"socOcvMinVoltAbs":-1,"selfDischargeRateMaxCell":null,"selfDischargeRateMinCell":null,"voltDiffRatio":1.5,"conditionEndMileage":86550,"segStartSoc":16},{"vin":"LGXC76D35K0068431","rtime":"20201107071748","socOcvMaxVoltAbs":-9.5,"socOcvMinVoltAbs":-6,"selfDischargeRateMaxCell":null,"selfDischargeRateMinCell":null,"voltDiffRatio":1.37,"conditionEndMileage":87180,"segStartSoc":16},{"vin":"LGXC76D35K0068431","rtime":"20201107182426","socOcvMaxVoltAbs":-10.5,"socOcvMinVoltAbs":-10.5,"selfDischargeRateMaxCell":null,"selfDischargeRateMinCell":null,"voltDiffRatio":2,"conditionEndMileage":87270,"segStartSoc":17},{"vin":"LGXC76D35K0068431","rtime":"20201108064405","socOcvMaxVoltAbs":-10,"socOcvMinVoltAbs":-10,"selfDischargeRateMaxCell":null,"selfDischargeRateMinCell":null,"voltDiffRatio":1.44,"conditionEndMileage":87360,"segStartSoc":16},{"vin":"LGXC76D35K0068431","rtime":"20201108160707","socOcvMaxVoltAbs":0,"socOcvMinVoltAbs":0,"selfDischargeRateMaxCell":null,"selfDischargeRateMinCell":null,"voltDiffRatio":1.5,"conditionEndMileage":87460,"segStartSoc":16},{"vin":"LGXC76D35K0068431","rtime":"20201109063816","socOcvMaxVoltAbs":6,"socOcvMinVoltAbs":11,"selfDischargeRateMaxCell":null,"selfDischargeRateMinCell":null,"voltDiffRatio":1.5,"conditionEndMileage":87530,"segStartSoc":16},{"vin":"LGXC76D35K0068431","rtime":"20201109145652","socOcvMaxVoltAbs":3,"socOcvMinVoltAbs":2,"selfDischargeRateMaxCell":null,"selfDischargeRateMinCell":null,"voltDiffRatio":1.5,"conditionEndMileage":87640,"segStartSoc":16},{"vin":"LGXC76D35K0068431","rtime":"20201110061257","socOcvMaxVoltAbs":-6,"socOcvMinVoltAbs":-6,"selfDischargeRateMaxCell":null,"selfDischargeRateMinCell":null,"voltDiffRatio":1.5,"conditionEndMileage":87800,"segStartSoc":16},{"vin":"LGXC76D35K0068431","rtime":"20201110103557","socOcvMaxVoltAbs":2,"socOcvMinVoltAbs":1.5,"selfDischargeRateMaxCell":null,"selfDischargeRateMinCell":null,"voltDiffRatio":1.5,"conditionEndMileage":87910,"segStartSoc":16},{"vin":"LGXC76D35K0068431","rtime":"20201111055631","socOcvMaxVoltAbs":1,"socOcvMinVoltAbs":6.5,"selfDischargeRateMaxCell":null,"selfDischargeRateMinCell":null,"voltDiffRatio":1.44,"conditionEndMileage":88300,"segStartSoc":16},{"vin":"LGXC76D35K0068431","rtime":"20201111191719","socOcvMaxVoltAbs":-7.5,"socOcvMinVoltAbs":-5,"selfDischargeRateMaxCell":null,"selfDischargeRateMinCell":null,"voltDiffRatio":1.79,"conditionEndMileage":88410,"segStartSoc":16},{"vin":"LGXC76D35K0068431","rtime":"20201113061022","socOcvMaxVoltAbs":11,"socOcvMinVoltAbs":-6,"selfDischargeRateMaxCell":null,"selfDischargeRateMinCell":null,"voltDiffRatio":1.67,"conditionEndMileage":88480,"segStartSoc":16},{"vin":"LGXC76D35K0068431","rtime":"20201114000331","socOcvMaxVoltAbs":-5,"socOcvMinVoltAbs":-7,"selfDischargeRateMaxCell":null,"selfDischargeRateMinCell":null,"voltDiffRatio":1.32,"conditionEndMileage":88580,"segStartSoc":16},{"vin":"LGXC76D35K0068431","rtime":"20201115134037","socOcvMaxVoltAbs":-6.5,"socOcvMinVoltAbs":-2,"selfDischargeRateMaxCell":null,"selfDischargeRateMinCell":null,"voltDiffRatio":1.44,"conditionEndMileage":88650,"segStartSoc":16},{"vin":"LGXC76D35K0068431","rtime":"20201116160422","socOcvMaxVoltAbs":5,"socOcvMinVoltAbs":7,"selfDischargeRateMaxCell":null,"selfDischargeRateMinCell":null,"voltDiffRatio":1.56,"conditionEndMileage":88920,"segStartSoc":16},{"vin":"LGXC76D35K0068431","rtime":"20201117191557","socOcvMaxVoltAbs":4.5,"socOcvMinVoltAbs":2,"selfDischargeRateMaxCell":null,"selfDischargeRateMinCell":null,"voltDiffRatio":1.5,"conditionEndMileage":89070,"segStartSoc":16},{"vin":"LGXC76D35K0068431","rtime":"20201118101948","socOcvMaxVoltAbs":-11,"socOcvMinVoltAbs":-12,"selfDischargeRateMaxCell":null,"selfDischargeRateMinCell":null,"voltDiffRatio":1.37,"conditionEndMileage":89720,"segStartSoc":16},{"vin":"LGXC76D35K0068431","rtime":"20201204134717","socOcvMaxVoltAbs":65,"socOcvMinVoltAbs":95,"selfDischargeRateMaxCell":null,"selfDischargeRateMinCell":null,"voltDiffRatio":1.44,"conditionEndMileage":89790,"segStartSoc":16},{"vin":"LGXC76D35K0068431","rtime":"20201205132347","socOcvMaxVoltAbs":3,"socOcvMinVoltAbs":-1,"selfDischargeRateMaxCell":null,"selfDischargeRateMinCell":null,"voltDiffRatio":1.5,"conditionEndMileage":90180,"segStartSoc":16},{"vin":"LGXC76D35K0068431","rtime":"20201207083542","socOcvMaxVoltAbs":2,"socOcvMinVoltAbs":-14,"selfDischargeRateMaxCell":null,"selfDischargeRateMinCell":null,"voltDiffRatio":1.5,"conditionEndMileage":90310,"segStartSoc":16},{"vin":"LGXC76D35K0068431","rtime":"20201211135155","socOcvMaxVoltAbs":9,"socOcvMinVoltAbs":17,"selfDischargeRateMaxCell":null,"selfDischargeRateMinCell":null,"voltDiffRatio":1.44,"conditionEndMileage":90700,"segStartSoc":16},{"vin":"LGXC76D35K0068431","rtime":"20201220143342","socOcvMaxVoltAbs":-4,"socOcvMinVoltAbs":0,"selfDischargeRateMaxCell":null,"selfDischargeRateMinCell":null,"voltDiffRatio":1.56,"conditionEndMileage":90980,"segStartSoc":16},{"vin":"LGXC76D35K0068431","rtime":"20201223195405","socOcvMaxVoltAbs":3,"socOcvMinVoltAbs":-4,"selfDischargeRateMaxCell":null,"selfDischargeRateMinCell":null,"voltDiffRatio":2.17,"conditionEndMileage":91110,"segStartSoc":15},{"vin":"LGXC76D35K0068431","rtime":"20201224154010","socOcvMaxVoltAbs":6.5,"socOcvMinVoltAbs":5.5,"selfDischargeRateMaxCell":null,"selfDischargeRateMinCell":null,"voltDiffRatio":1.39,"conditionEndMileage":91330,"segStartSoc":16},{"vin":"LGXC76D35K0068431","rtime":"20201227080912","socOcvMaxVoltAbs":-5,"socOcvMinVoltAbs":-10,"selfDischargeRateMaxCell":null,"selfDischargeRateMinCell":null,"voltDiffRatio":1.44,"conditionEndMileage":91330,"segStartSoc":16},{"vin":"LGXC76D35K0068431","rtime":"20201228174826","socOcvMaxVoltAbs":19,"socOcvMinVoltAbs":28,"selfDischargeRateMaxCell":null,"selfDischargeRateMinCell":null,"voltDiffRatio":1.67,"conditionEndMileage":91900,"segStartSoc":17},{"vin":"LGXC76D35K0068431","rtime":"20201231125528","socOcvMaxVoltAbs":14.5,"socOcvMinVoltAbs":29.5,"selfDischargeRateMaxCell":null,"selfDischargeRateMinCell":null,"voltDiffRatio":1.5,"conditionEndMileage":91900,"segStartSoc":16},{"vin":"LGXC76D35K0068431","rtime":"20210119113905","socOcvMaxVoltAbs":12,"socOcvMinVoltAbs":11,"selfDischargeRateMaxCell":null,"selfDischargeRateMinCell":null,"voltDiffRatio":1.63,"conditionEndMileage":93100,"segStartSoc":16},{"vin":"LGXC76D35K0068431","rtime":"20210121090322","socOcvMaxVoltAbs":43.5,"socOcvMinVoltAbs":42.5,"selfDischargeRateMaxCell":null,"selfDischargeRateMinCell":null,"voltDiffRatio":1.6,"conditionEndMileage":93460,"segStartSoc":59},{"vin":"LGXC76D35K0068431","rtime":"20210121142926","socOcvMaxVoltAbs":13,"socOcvMinVoltAbs":14,"selfDischargeRateMaxCell":null,"selfDischargeRateMinCell":null,"voltDiffRatio":1.38,"conditionEndMileage":93610,"segStartSoc":51},{"vin":"LGXC76D35K0068431","rtime":"20210122092246","socOcvMaxVoltAbs":13,"socOcvMinVoltAbs":20,"selfDischargeRateMaxCell":null,"selfDischargeRateMinCell":null,"voltDiffRatio":2.33,"conditionEndMileage":93920,"segStartSoc":31},{"vin":"LGXC76D35K0068431","rtime":"20210124191542","socOcvMaxVoltAbs":-2,"socOcvMinVoltAbs":3,"selfDischargeRateMaxCell":null,"selfDischargeRateMinCell":null,"voltDiffRatio":1.44,"conditionEndMileage":94000,"segStartSoc":16},{"vin":"LGXC76D35K0068431","rtime":"20210126160934","socOcvMaxVoltAbs":12,"socOcvMinVoltAbs":19,"selfDischargeRateMaxCell":null,"selfDischargeRateMinCell":null,"voltDiffRatio":1.86,"conditionEndMileage":102930,"segStartSoc":27},{"vin":"LGXC76D35K0068431","rtime":"20210127110251","socOcvMaxVoltAbs":17.5,"socOcvMinVoltAbs":20,"selfDischargeRateMaxCell":null,"selfDischargeRateMinCell":null,"voltDiffRatio":2.43,"conditionEndMileage":103130,"segStartSoc":24},{"vin":"LGXC76D35K0068431","rtime":"20210128164028","socOcvMaxVoltAbs":8,"socOcvMinVoltAbs":38,"selfDischargeRateMaxCell":null,"selfDischargeRateMinCell":null,"voltDiffRatio":1.71,"conditionEndMileage":109020,"segStartSoc":41},{"vin":"LGXC76D35K0068431","rtime":"20210130154737","socOcvMaxVoltAbs":11,"socOcvMinVoltAbs":8,"selfDischargeRateMaxCell":null,"selfDischargeRateMinCell":null,"voltDiffRatio":1.73,"conditionEndMileage":110050,"segStartSoc":68},{"vin":"LGXC76D35K0068431","rtime":"20210131192853","socOcvMaxVoltAbs":-9.5,"socOcvMinVoltAbs":-12.5,"selfDischargeRateMaxCell":null,"selfDischargeRateMinCell":null,"voltDiffRatio":2,"conditionEndMileage":110240,"segStartSoc":34}],"currentValue is ":"40000","expectedValue is":false,"expectedValue is ":"10000"}}]
at org.testng.Assert.fail(Assert.java:96)
at org.testng.Assert.failNotEquals(Assert.java:776)
at org.testng.Assert.assertEqualsImpl(Assert.java:137)
at org.testng.Assert.assertEquals(Assert.java:118)
at org.testng.Assert.assertEquals(Assert.java:453)
at org.testng.Assert.assertEquals(Assert.java:463)
at com.bitnei.apitest.testcases.saas.ApiTest.ApiTestCode(ApiTest.java:102)
at sun.reflect.GeneratedMethodAccessor2.invoke(Unknown Source)
at sun.reflect.DelegatingMethodAccessorImpl.invoke(DelegatingMethodAccessorImpl.java:43)
at java.lang.reflect.Method.invoke(Method.java:498)
at org.testng.internal.MethodInvocationHelper.invokeMethod(MethodInvocationHelper.java:124)
at org.testng.internal.Invoker.invokeMethod(Invoker.java:580)
at org.testng.internal.Invoker.invokeTestMethod(Invoker.java:716)
at org.testng.internal.Invoker.invokeTestMethods(Invoker.java:988)
at org.testng.internal.TestMethodWorker.invokeTestMethods(TestMethodWorker.java:125)
at org.testng.internal.TestMethodWorker.run(TestMethodWorker.java:109)
at org.testng.TestRunner.privateRun(TestRunner.java:648)
at org.testng.TestRunner.run(TestRunner.java:505)
at org.testng.SuiteRunner.runTest(SuiteRunner.java:455)
at org.testng.SuiteRunner.runSequentially(SuiteRunner.java:450)
at org.testng.SuiteRunner.privateRun(SuiteRunner.java:415)
at org.testng.SuiteRunner.run(SuiteRunner.java:364)
at org.testng.SuiteRunnerWorker.runSuite(SuiteRunnerWorker.java:52)
at org.testng.SuiteRunnerWorker.run(SuiteRunnerWorker.java:84)
at org.testng.TestNG.runSuitesSequentially(TestNG.java:1208)
at org.testng.TestNG.runSuitesLocally(TestNG.java:1137)
at org.testng.TestNG.runSuites(TestNG.java:1049)
at org.testng.TestNG.run(TestNG.java:1017)
at org.testng.remote.AbstractRemoteTestNG.run(AbstractRemoteTestNG.java:114)
at org.testng.remote.RemoteTestNG.initAndRun(RemoteTestNG.java:251)
at org.testng.remote.RemoteTestNG.main(RemoteTestNG.java:77)
]]>
    </failure>
  </testcase> <!-- ApiTestCode -->
  <testcase name="ApiTestCode" time="0.038" classname="com.bitnei.apitest.testcases.saas.ApiTest">
    <failure type="java.lang.AssertionError" message="expected [{}] but found [{&quot;error&quot;:{&quot;currentValue is &quot;:true,&quot;expectedValue is&quot;:false},&quot;code&quot;:{&quot;currentValue is &quot;:&quot;40000&quot;,&quot;expectedValue is&quot;:false,&quot;expectedValue is &quot;:&quot;35000&quot;}}]">
      <![CDATA[java.lang.AssertionError: expected [{}] but found [{"error":{"currentValue is ":true,"expectedValue is":false},"code":{"currentValue is ":"40000","expectedValue is":false,"expectedValue is ":"35000"}}]
at org.testng.Assert.fail(Assert.java:96)
at org.testng.Assert.failNotEquals(Assert.java:776)
at org.testng.Assert.assertEqualsImpl(Assert.java:137)
at org.testng.Assert.assertEquals(Assert.java:118)
at org.testng.Assert.assertEquals(Assert.java:453)
at org.testng.Assert.assertEquals(Assert.java:463)
at com.bitnei.apitest.testcases.saas.ApiTest.ApiTestCode(ApiTest.java:102)
at sun.reflect.GeneratedMethodAccessor2.invoke(Unknown Source)
at sun.reflect.DelegatingMethodAccessorImpl.invoke(DelegatingMethodAccessorImpl.java:43)
at java.lang.reflect.Method.invoke(Method.java:498)
at org.testng.internal.MethodInvocationHelper.invokeMethod(MethodInvocationHelper.java:124)
at org.testng.internal.Invoker.invokeMethod(Invoker.java:580)
at org.testng.internal.Invoker.invokeTestMethod(Invoker.java:716)
at org.testng.internal.Invoker.invokeTestMethods(Invoker.java:988)
at org.testng.internal.TestMethodWorker.invokeTestMethods(TestMethodWorker.java:125)
at org.testng.internal.TestMethodWorker.run(TestMethodWorker.java:109)
at org.testng.TestRunner.privateRun(TestRunner.java:648)
at org.testng.TestRunner.run(TestRunner.java:505)
at org.testng.SuiteRunner.runTest(SuiteRunner.java:455)
at org.testng.SuiteRunner.runSequentially(SuiteRunner.java:450)
at org.testng.SuiteRunner.privateRun(SuiteRunner.java:415)
at org.testng.SuiteRunner.run(SuiteRunner.java:364)
at org.testng.SuiteRunnerWorker.runSuite(SuiteRunnerWorker.java:52)
at org.testng.SuiteRunnerWorker.run(SuiteRunnerWorker.java:84)
at org.testng.TestNG.runSuitesSequentially(TestNG.java:1208)
at org.testng.TestNG.runSuitesLocally(TestNG.java:1137)
at org.testng.TestNG.runSuites(TestNG.java:1049)
at org.testng.TestNG.run(TestNG.java:1017)
at org.testng.remote.AbstractRemoteTestNG.run(AbstractRemoteTestNG.java:114)
at org.testng.remote.RemoteTestNG.initAndRun(RemoteTestNG.java:251)
at org.testng.remote.RemoteTestNG.main(RemoteTestNG.java:77)
]]>
    </failure>
  </testcase> <!-- ApiTestCode -->
  <testcase name="ApiTestCode" time="0.026" classname="com.bitnei.apitest.testcases.saas.ApiTest">
    <failure type="java.lang.AssertionError" message="expected [{}] but found [{&quot;status&quot;:{&quot;currentValue is &quot;:200,&quot;expectedValue is&quot;:400},&quot;errorMsg&quot;:{&quot;currentValue is &quot;:&quot;Forwarding error&quot;,&quot;expectedValue is&quot;:400,&quot;expectedValue is &quot;:&quot;month 日期格式不正确(yyyy-MM)&quot;},&quot;code&quot;:{&quot;currentValue is &quot;:&quot;40000&quot;,&quot;expectedValue is&quot;:400,&quot;expectedValue is &quot;:&quot;30001&quot;}}]">
      <![CDATA[java.lang.AssertionError: expected [{}] but found [{"status":{"currentValue is ":200,"expectedValue is":400},"errorMsg":{"currentValue is ":"Forwarding error","expectedValue is":400,"expectedValue is ":"month 日期格式不正确(yyyy-MM)"},"code":{"currentValue is ":"40000","expectedValue is":400,"expectedValue is ":"30001"}}]
at org.testng.Assert.fail(Assert.java:96)
at org.testng.Assert.failNotEquals(Assert.java:776)
at org.testng.Assert.assertEqualsImpl(Assert.java:137)
at org.testng.Assert.assertEquals(Assert.java:118)
at org.testng.Assert.assertEquals(Assert.java:453)
at org.testng.Assert.assertEquals(Assert.java:463)
at com.bitnei.apitest.testcases.saas.ApiTest.ApiTestCode(ApiTest.java:102)
at sun.reflect.GeneratedMethodAccessor2.invoke(Unknown Source)
at sun.reflect.DelegatingMethodAccessorImpl.invoke(DelegatingMethodAccessorImpl.java:43)
at java.lang.reflect.Method.invoke(Method.java:498)
at org.testng.internal.MethodInvocationHelper.invokeMethod(MethodInvocationHelper.java:124)
at org.testng.internal.Invoker.invokeMethod(Invoker.java:580)
at org.testng.internal.Invoker.invokeTestMethod(Invoker.java:716)
at org.testng.internal.Invoker.invokeTestMethods(Invoker.java:988)
at org.testng.internal.TestMethodWorker.invokeTestMethods(TestMethodWorker.java:125)
at org.testng.internal.TestMethodWorker.run(TestMethodWorker.java:109)
at org.testng.TestRunner.privateRun(TestRunner.java:648)
at org.testng.TestRunner.run(TestRunner.java:505)
at org.testng.SuiteRunner.runTest(SuiteRunner.java:455)
at org.testng.SuiteRunner.runSequentially(SuiteRunner.java:450)
at org.testng.SuiteRunner.privateRun(SuiteRunner.java:415)
at org.testng.SuiteRunner.run(SuiteRunner.java:364)
at org.testng.SuiteRunnerWorker.runSuite(SuiteRunnerWorker.java:52)
at org.testng.SuiteRunnerWorker.run(SuiteRunnerWorker.java:84)
at org.testng.TestNG.runSuitesSequentially(TestNG.java:1208)
at org.testng.TestNG.runSuitesLocally(TestNG.java:1137)
at org.testng.TestNG.runSuites(TestNG.java:1049)
at org.testng.TestNG.run(TestNG.java:1017)
at org.testng.remote.AbstractRemoteTestNG.run(AbstractRemoteTestNG.java:114)
at org.testng.remote.RemoteTestNG.initAndRun(RemoteTestNG.java:251)
at org.testng.remote.RemoteTestNG.main(RemoteTestNG.java:77)
]]>
    </failure>
  </testcase> <!-- ApiTestCode -->
  <testcase name="ApiTestCode" time="0.028" classname="com.bitnei.apitest.testcases.saas.ApiTest">
    <failure type="java.lang.AssertionError" message="expected [{}] but found [{&quot;data&quot;:{&quot;actualValue&quot;:null,&quot;expectedValue&quot;:{&quot;vin&quot;:&quot;LJ1EEKPP1J7410252&quot;,&quot;brand&quot;:&quot;江淮牌&quot;,&quot;power_type&quot;:&quot;纯电动&quot;,&quot;veh_model_name&quot;:&quot;HFC7000W3EV&quot;,&quot;drive_range&quot;:156,&quot;positive_material&quot;:&quot;橄榄石型磷酸铁锂材料&quot;,&quot;cell_manufacturer&quot;:&quot;合肥国轩高科动力能源有限公司&quot;,&quot;kwh_100km&quot;:13,&quot;is_online&quot;:1,&quot;run_location&quot;:&quot;江西省九江市瑞昌市&quot;,&quot;province_dept&quot;:&quot;安徽省&quot;,&quot;city_dept&quot;:&quot;合肥市&quot;,&quot;veh_category_2&quot;:&quot;私人乘用车&quot;,&quot;first_run_date&quot;:&quot;2018-11-24&quot;,&quot;first_charge_date&quot;:&quot;2018-12-08&quot;,&quot;total_run_mile&quot;:61981,&quot;total_high_temp_run_mile&quot;:1058,&quot;total_low_temp_run_mile&quot;:0,&quot;total_low_soc_run_times&quot;:1,&quot;avg_daily_run_mile&quot;:300.87863,&quot;avg_daily_run_time_length&quot;:3511.2234,&quot;avg_charge_times_per_100km&quot;:1.0487084,&quot;avg_charge_start_soc&quot;:47.353848,&quot;avg_charge_end_soc&quot;:96.30769,&quot;last_charge_time&quot;:&quot;2020-06-26&quot;,&quot;last_charge_location&quot;:&quot;江西省九江市&quot;,&quot;total_alarm_times&quot;:null,&quot;max_alarm_name&quot;:null,&quot;risk_score&quot;:0,&quot;total_night_run_mile&quot;:16516,&quot;total_night_run_time_length&quot;:187797,&quot;total_summer_run_mile&quot;:12907,&quot;total_winter_run_mile&quot;:10454,&quot;charge_times&quot;:65,&quot;fast_charge_times&quot;:1,&quot;avg_run_speed&quot;:385.1281,&quot;max_run_speed&quot;:1072,&quot;avg_charge_time_length&quot;:14396.8,&quot;latest_dashboard_mile&quot;:111309,&quot;total_run_times&quot;:516}},&quot;vin&quot;:{&quot;actualKey&quot;:&quot;不存在此vin&quot;,&quot;expectedKey&quot;:&quot;vin&quot;},&quot;brand&quot;:{&quot;actualKey&quot;:&quot;不存在此brand&quot;,&quot;expectedKey&quot;:&quot;brand&quot;},&quot;power_type&quot;:{&quot;actualKey&quot;:&quot;不存在此power_type&quot;,&quot;expectedKey&quot;:&quot;power_type&quot;},&quot;veh_model_name&quot;:{&quot;actualKey&quot;:&quot;不存在此veh_model_name&quot;,&quot;expectedKey&quot;:&quot;veh_model_name&quot;},&quot;drive_range&quot;:{&quot;actualKey&quot;:&quot;不存在此drive_range&quot;,&quot;expectedKey&quot;:&quot;drive_range&quot;},&quot;positive_material&quot;:{&quot;actualKey&quot;:&quot;不存在此positive_material&quot;,&quot;expectedKey&quot;:&quot;positive_material&quot;},&quot;cell_manufacturer&quot;:{&quot;actualKey&quot;:&quot;不存在此cell_manufacturer&quot;,&quot;expectedKey&quot;:&quot;cell_manufacturer&quot;},&quot;kwh_100km&quot;:{&quot;actualKey&quot;:&quot;不存在此kwh_100km&quot;,&quot;expectedKey&quot;:&quot;kwh_100km&quot;},&quot;is_online&quot;:{&quot;actualKey&quot;:&quot;不存在此is_online&quot;,&quot;expectedKey&quot;:&quot;is_online&quot;},&quot;run_location&quot;:{&quot;actualKey&quot;:&quot;不存在此run_location&quot;,&quot;expectedKey&quot;:&quot;run_location&quot;},&quot;province_dept&quot;:{&quot;actualKey&quot;:&quot;不存在此province_dept&quot;,&quot;expectedKey&quot;:&quot;province_dept&quot;},&quot;city_dept&quot;:{&quot;actualKey&quot;:&quot;不存在此city_dept&quot;,&quot;expectedKey&quot;:&quot;city_dept&quot;},&quot;veh_category_2&quot;:{&quot;actualKey&quot;:&quot;不存在此veh_category_2&quot;,&quot;expectedKey&quot;:&quot;veh_category_2&quot;},&quot;first_run_date&quot;:{&quot;actualKey&quot;:&quot;不存在此first_run_date&quot;,&quot;expectedKey&quot;:&quot;first_run_date&quot;},&quot;first_charge_date&quot;:{&quot;actualKey&quot;:&quot;不存在此first_charge_date&quot;,&quot;expectedKey&quot;:&quot;first_charge_date&quot;},&quot;total_run_mile&quot;:{&quot;actualKey&quot;:&quot;不存在此total_run_mile&quot;,&quot;expectedKey&quot;:&quot;total_run_mile&quot;},&quot;total_high_temp_run_mile&quot;:{&quot;actualKey&quot;:&quot;不存在此total_high_temp_run_mile&quot;,&quot;expectedKey&quot;:&quot;total_high_temp_run_mile&quot;},&quot;total_low_temp_run_mile&quot;:{&quot;actualKey&quot;:&quot;不存在此total_low_temp_run_mile&quot;,&quot;expectedKey&quot;:&quot;total_low_temp_run_mile&quot;},&quot;total_low_soc_run_times&quot;:{&quot;actualKey&quot;:&quot;不存在此total_low_soc_run_times&quot;,&quot;expectedKey&quot;:&quot;total_low_soc_run_times&quot;},&quot;avg_daily_run_mile&quot;:{&quot;actualKey&quot;:&quot;不存在此avg_daily_run_mile&quot;,&quot;expectedKey&quot;:&quot;avg_daily_run_mile&quot;},&quot;avg_daily_run_time_length&quot;:{&quot;actualKey&quot;:&quot;不存在此avg_daily_run_time_length&quot;,&quot;expectedKey&quot;:&quot;avg_daily_run_time_length&quot;},&quot;avg_charge_times_per_100km&quot;:{&quot;actualKey&quot;:&quot;不存在此avg_charge_times_per_100km&quot;,&quot;expectedKey&quot;:&quot;avg_charge_times_per_100km&quot;},&quot;avg_charge_start_soc&quot;:{&quot;actualKey&quot;:&quot;不存在此avg_charge_start_soc&quot;,&quot;expectedKey&quot;:&quot;avg_charge_start_soc&quot;},&quot;avg_charge_end_soc&quot;:{&quot;actualKey&quot;:&quot;不存在此avg_charge_end_soc&quot;,&quot;expectedKey&quot;:&quot;avg_charge_end_soc&quot;},&quot;last_charge_time&quot;:{&quot;actualKey&quot;:&quot;不存在此last_charge_time&quot;,&quot;expectedKey&quot;:&quot;last_charge_time&quot;},&quot;last_charge_location&quot;:{&quot;actualKey&quot;:&quot;不存在此last_charge_location&quot;,&quot;expectedKey&quot;:&quot;last_charge_location&quot;},&quot;total_alarm_times&quot;:{&quot;actualKey&quot;:&quot;不存在此total_alarm_times&quot;,&quot;expectedKey&quot;:&quot;total_alarm_times&quot;},&quot;max_alarm_name&quot;:{&quot;actualKey&quot;:&quot;不存在此max_alarm_name&quot;,&quot;expectedKey&quot;:&quot;max_alarm_name&quot;},&quot;risk_score&quot;:{&quot;actualKey&quot;:&quot;不存在此risk_score&quot;,&quot;expectedKey&quot;:&quot;risk_score&quot;},&quot;total_night_run_mile&quot;:{&quot;actualKey&quot;:&quot;不存在此total_night_run_mile&quot;,&quot;expectedKey&quot;:&quot;total_night_run_mile&quot;},&quot;total_night_run_time_length&quot;:{&quot;actualKey&quot;:&quot;不存在此total_night_run_time_length&quot;,&quot;expectedKey&quot;:&quot;total_night_run_time_length&quot;},&quot;total_summer_run_mile&quot;:{&quot;actualKey&quot;:&quot;不存在此total_summer_run_mile&quot;,&quot;expectedKey&quot;:&quot;total_summer_run_mile&quot;},&quot;total_winter_run_mile&quot;:{&quot;actualKey&quot;:&quot;不存在此total_winter_run_mile&quot;,&quot;expectedKey&quot;:&quot;total_winter_run_mile&quot;},&quot;charge_times&quot;:{&quot;actualKey&quot;:&quot;不存在此charge_times&quot;,&quot;expectedKey&quot;:&quot;charge_times&quot;},&quot;fast_charge_times&quot;:{&quot;actualKey&quot;:&quot;不存在此fast_charge_times&quot;,&quot;expectedKey&quot;:&quot;fast_charge_times&quot;},&quot;avg_run_speed&quot;:{&quot;actualKey&quot;:&quot;不存在此avg_run_speed&quot;,&quot;expectedKey&quot;:&quot;avg_run_speed&quot;},&quot;max_run_speed&quot;:{&quot;actualKey&quot;:&quot;不存在此max_run_speed&quot;,&quot;expectedKey&quot;:&quot;max_run_speed&quot;},&quot;avg_charge_time_length&quot;:{&quot;actualKey&quot;:&quot;不存在此avg_charge_time_length&quot;,&quot;expectedKey&quot;:&quot;avg_charge_time_length&quot;},&quot;latest_dashboard_mile&quot;:{&quot;actualKey&quot;:&quot;不存在此latest_dashboard_mile&quot;,&quot;expectedKey&quot;:&quot;latest_dashboard_mile&quot;},&quot;total_run_times&quot;:{&quot;actualKey&quot;:&quot;不存在此total_run_times&quot;,&quot;expectedKey&quot;:&quot;total_run_times&quot;},&quot;error&quot;:{&quot;actualValue&quot;:null,&quot;expectedValue&quot;:{&quot;vin&quot;:&quot;LJ1EEKPP1J7410252&quot;,&quot;brand&quot;:&quot;江淮牌&quot;,&quot;power_type&quot;:&quot;纯电动&quot;,&quot;veh_model_name&quot;:&quot;HFC7000W3EV&quot;,&quot;drive_range&quot;:156,&quot;positive_material&quot;:&quot;橄榄石型磷酸铁锂材料&quot;,&quot;cell_manufacturer&quot;:&quot;合肥国轩高科动力能源有限公司&quot;,&quot;kwh_100km&quot;:13,&quot;is_online&quot;:1,&quot;run_location&quot;:&quot;江西省九江市瑞昌市&quot;,&quot;province_dept&quot;:&quot;安徽省&quot;,&quot;city_dept&quot;:&quot;合肥市&quot;,&quot;veh_category_2&quot;:&quot;私人乘用车&quot;,&quot;first_run_date&quot;:&quot;2018-11-24&quot;,&quot;first_charge_date&quot;:&quot;2018-12-08&quot;,&quot;total_run_mile&quot;:61981,&quot;total_high_temp_run_mile&quot;:1058,&quot;total_low_temp_run_mile&quot;:0,&quot;total_low_soc_run_times&quot;:1,&quot;avg_daily_run_mile&quot;:300.87863,&quot;avg_daily_run_time_length&quot;:3511.2234,&quot;avg_charge_times_per_100km&quot;:1.0487084,&quot;avg_charge_start_soc&quot;:47.353848,&quot;avg_charge_end_soc&quot;:96.30769,&quot;last_charge_time&quot;:&quot;2020-06-26&quot;,&quot;last_charge_location&quot;:&quot;江西省九江市&quot;,&quot;total_alarm_times&quot;:null,&quot;max_alarm_name&quot;:null,&quot;risk_score&quot;:0,&quot;total_night_run_mile&quot;:16516,&quot;total_night_run_time_length&quot;:187797,&quot;total_summer_run_mile&quot;:12907,&quot;total_winter_run_mile&quot;:10454,&quot;charge_times&quot;:65,&quot;fast_charge_times&quot;:1,&quot;avg_run_speed&quot;:385.1281,&quot;max_run_speed&quot;:1072,&quot;avg_charge_time_length&quot;:14396.8,&quot;latest_dashboard_mile&quot;:111309,&quot;total_run_times&quot;:516},&quot;currentValue is &quot;:true,&quot;expectedValue is&quot;:false},&quot;code&quot;:{&quot;actualValue&quot;:null,&quot;expectedValue&quot;:{&quot;vin&quot;:&quot;LJ1EEKPP1J7410252&quot;,&quot;brand&quot;:&quot;江淮牌&quot;,&quot;power_type&quot;:&quot;纯电动&quot;,&quot;veh_model_name&quot;:&quot;HFC7000W3EV&quot;,&quot;drive_range&quot;:156,&quot;positive_material&quot;:&quot;橄榄石型磷酸铁锂材料&quot;,&quot;cell_manufacturer&quot;:&quot;合肥国轩高科动力能源有限公司&quot;,&quot;kwh_100km&quot;:13,&quot;is_online&quot;:1,&quot;run_location&quot;:&quot;江西省九江市瑞昌市&quot;,&quot;province_dept&quot;:&quot;安徽省&quot;,&quot;city_dept&quot;:&quot;合肥市&quot;,&quot;veh_category_2&quot;:&quot;私人乘用车&quot;,&quot;first_run_date&quot;:&quot;2018-11-24&quot;,&quot;first_charge_date&quot;:&quot;2018-12-08&quot;,&quot;total_run_mile&quot;:61981,&quot;total_high_temp_run_mile&quot;:1058,&quot;total_low_temp_run_mile&quot;:0,&quot;total_low_soc_run_times&quot;:1,&quot;avg_daily_run_mile&quot;:300.87863,&quot;avg_daily_run_time_length&quot;:3511.2234,&quot;avg_charge_times_per_100km&quot;:1.0487084,&quot;avg_charge_start_soc&quot;:47.353848,&quot;avg_charge_end_soc&quot;:96.30769,&quot;last_charge_time&quot;:&quot;2020-06-26&quot;,&quot;last_charge_location&quot;:&quot;江西省九江市&quot;,&quot;total_alarm_times&quot;:null,&quot;max_alarm_name&quot;:null,&quot;risk_score&quot;:0,&quot;total_night_run_mile&quot;:16516,&quot;total_night_run_time_length&quot;:187797,&quot;total_summer_run_mile&quot;:12907,&quot;total_winter_run_mile&quot;:10454,&quot;charge_times&quot;:65,&quot;fast_charge_times&quot;:1,&quot;avg_run_speed&quot;:385.1281,&quot;max_run_speed&quot;:1072,&quot;avg_charge_time_length&quot;:14396.8,&quot;latest_dashboard_mile&quot;:111309,&quot;total_run_times&quot;:516},&quot;currentValue is &quot;:&quot;40000&quot;,&quot;expectedValue is&quot;:false,&quot;expectedValue is &quot;:&quot;10000&quot;}}]">
      <![CDATA[java.lang.AssertionError: expected [{}] but found [{"data":{"actualValue":null,"expectedValue":{"vin":"LJ1EEKPP1J7410252","brand":"江淮牌","power_type":"纯电动","veh_model_name":"HFC7000W3EV","drive_range":156,"positive_material":"橄榄石型磷酸铁锂材料","cell_manufacturer":"合肥国轩高科动力能源有限公司","kwh_100km":13,"is_online":1,"run_location":"江西省九江市瑞昌市","province_dept":"安徽省","city_dept":"合肥市","veh_category_2":"私人乘用车","first_run_date":"2018-11-24","first_charge_date":"2018-12-08","total_run_mile":61981,"total_high_temp_run_mile":1058,"total_low_temp_run_mile":0,"total_low_soc_run_times":1,"avg_daily_run_mile":300.87863,"avg_daily_run_time_length":3511.2234,"avg_charge_times_per_100km":1.0487084,"avg_charge_start_soc":47.353848,"avg_charge_end_soc":96.30769,"last_charge_time":"2020-06-26","last_charge_location":"江西省九江市","total_alarm_times":null,"max_alarm_name":null,"risk_score":0,"total_night_run_mile":16516,"total_night_run_time_length":187797,"total_summer_run_mile":12907,"total_winter_run_mile":10454,"charge_times":65,"fast_charge_times":1,"avg_run_speed":385.1281,"max_run_speed":1072,"avg_charge_time_length":14396.8,"latest_dashboard_mile":111309,"total_run_times":516}},"vin":{"actualKey":"不存在此vin","expectedKey":"vin"},"brand":{"actualKey":"不存在此brand","expectedKey":"brand"},"power_type":{"actualKey":"不存在此power_type","expectedKey":"power_type"},"veh_model_name":{"actualKey":"不存在此veh_model_name","expectedKey":"veh_model_name"},"drive_range":{"actualKey":"不存在此drive_range","expectedKey":"drive_range"},"positive_material":{"actualKey":"不存在此positive_material","expectedKey":"positive_material"},"cell_manufacturer":{"actualKey":"不存在此cell_manufacturer","expectedKey":"cell_manufacturer"},"kwh_100km":{"actualKey":"不存在此kwh_100km","expectedKey":"kwh_100km"},"is_online":{"actualKey":"不存在此is_online","expectedKey":"is_online"},"run_location":{"actualKey":"不存在此run_location","expectedKey":"run_location"},"province_dept":{"actualKey":"不存在此province_dept","expectedKey":"province_dept"},"city_dept":{"actualKey":"不存在此city_dept","expectedKey":"city_dept"},"veh_category_2":{"actualKey":"不存在此veh_category_2","expectedKey":"veh_category_2"},"first_run_date":{"actualKey":"不存在此first_run_date","expectedKey":"first_run_date"},"first_charge_date":{"actualKey":"不存在此first_charge_date","expectedKey":"first_charge_date"},"total_run_mile":{"actualKey":"不存在此total_run_mile","expectedKey":"total_run_mile"},"total_high_temp_run_mile":{"actualKey":"不存在此total_high_temp_run_mile","expectedKey":"total_high_temp_run_mile"},"total_low_temp_run_mile":{"actualKey":"不存在此total_low_temp_run_mile","expectedKey":"total_low_temp_run_mile"},"total_low_soc_run_times":{"actualKey":"不存在此total_low_soc_run_times","expectedKey":"total_low_soc_run_times"},"avg_daily_run_mile":{"actualKey":"不存在此avg_daily_run_mile","expectedKey":"avg_daily_run_mile"},"avg_daily_run_time_length":{"actualKey":"不存在此avg_daily_run_time_length","expectedKey":"avg_daily_run_time_length"},"avg_charge_times_per_100km":{"actualKey":"不存在此avg_charge_times_per_100km","expectedKey":"avg_charge_times_per_100km"},"avg_charge_start_soc":{"actualKey":"不存在此avg_charge_start_soc","expectedKey":"avg_charge_start_soc"},"avg_charge_end_soc":{"actualKey":"不存在此avg_charge_end_soc","expectedKey":"avg_charge_end_soc"},"last_charge_time":{"actualKey":"不存在此last_charge_time","expectedKey":"last_charge_time"},"last_charge_location":{"actualKey":"不存在此last_charge_location","expectedKey":"last_charge_location"},"total_alarm_times":{"actualKey":"不存在此total_alarm_times","expectedKey":"total_alarm_times"},"max_alarm_name":{"actualKey":"不存在此max_alarm_name","expectedKey":"max_alarm_name"},"risk_score":{"actualKey":"不存在此risk_score","expectedKey":"risk_score"},"total_night_run_mile":{"actualKey":"不存在此total_night_run_mile","expectedKey":"total_night_run_mile"},"total_night_run_time_length":{"actualKey":"不存在此total_night_run_time_length","expectedKey":"total_night_run_time_length"},"total_summer_run_mile":{"actualKey":"不存在此total_summer_run_mile","expectedKey":"total_summer_run_mile"},"total_winter_run_mile":{"actualKey":"不存在此total_winter_run_mile","expectedKey":"total_winter_run_mile"},"charge_times":{"actualKey":"不存在此charge_times","expectedKey":"charge_times"},"fast_charge_times":{"actualKey":"不存在此fast_charge_times","expectedKey":"fast_charge_times"},"avg_run_speed":{"actualKey":"不存在此avg_run_speed","expectedKey":"avg_run_speed"},"max_run_speed":{"actualKey":"不存在此max_run_speed","expectedKey":"max_run_speed"},"avg_charge_time_length":{"actualKey":"不存在此avg_charge_time_length","expectedKey":"avg_charge_time_length"},"latest_dashboard_mile":{"actualKey":"不存在此latest_dashboard_mile","expectedKey":"latest_dashboard_mile"},"total_run_times":{"actualKey":"不存在此total_run_times","expectedKey":"total_run_times"},"error":{"actualValue":null,"expectedValue":{"vin":"LJ1EEKPP1J7410252","brand":"江淮牌","power_type":"纯电动","veh_model_name":"HFC7000W3EV","drive_range":156,"positive_material":"橄榄石型磷酸铁锂材料","cell_manufacturer":"合肥国轩高科动力能源有限公司","kwh_100km":13,"is_online":1,"run_location":"江西省九江市瑞昌市","province_dept":"安徽省","city_dept":"合肥市","veh_category_2":"私人乘用车","first_run_date":"2018-11-24","first_charge_date":"2018-12-08","total_run_mile":61981,"total_high_temp_run_mile":1058,"total_low_temp_run_mile":0,"total_low_soc_run_times":1,"avg_daily_run_mile":300.87863,"avg_daily_run_time_length":3511.2234,"avg_charge_times_per_100km":1.0487084,"avg_charge_start_soc":47.353848,"avg_charge_end_soc":96.30769,"last_charge_time":"2020-06-26","last_charge_location":"江西省九江市","total_alarm_times":null,"max_alarm_name":null,"risk_score":0,"total_night_run_mile":16516,"total_night_run_time_length":187797,"total_summer_run_mile":12907,"total_winter_run_mile":10454,"charge_times":65,"fast_charge_times":1,"avg_run_speed":385.1281,"max_run_speed":1072,"avg_charge_time_length":14396.8,"latest_dashboard_mile":111309,"total_run_times":516},"currentValue is ":true,"expectedValue is":false},"code":{"actualValue":null,"expectedValue":{"vin":"LJ1EEKPP1J7410252","brand":"江淮牌","power_type":"纯电动","veh_model_name":"HFC7000W3EV","drive_range":156,"positive_material":"橄榄石型磷酸铁锂材料","cell_manufacturer":"合肥国轩高科动力能源有限公司","kwh_100km":13,"is_online":1,"run_location":"江西省九江市瑞昌市","province_dept":"安徽省","city_dept":"合肥市","veh_category_2":"私人乘用车","first_run_date":"2018-11-24","first_charge_date":"2018-12-08","total_run_mile":61981,"total_high_temp_run_mile":1058,"total_low_temp_run_mile":0,"total_low_soc_run_times":1,"avg_daily_run_mile":300.87863,"avg_daily_run_time_length":3511.2234,"avg_charge_times_per_100km":1.0487084,"avg_charge_start_soc":47.353848,"avg_charge_end_soc":96.30769,"last_charge_time":"2020-06-26","last_charge_location":"江西省九江市","total_alarm_times":null,"max_alarm_name":null,"risk_score":0,"total_night_run_mile":16516,"total_night_run_time_length":187797,"total_summer_run_mile":12907,"total_winter_run_mile":10454,"charge_times":65,"fast_charge_times":1,"avg_run_speed":385.1281,"max_run_speed":1072,"avg_charge_time_length":14396.8,"latest_dashboard_mile":111309,"total_run_times":516},"currentValue is ":"40000","expectedValue is":false,"expectedValue is ":"10000"}}]
at org.testng.Assert.fail(Assert.java:96)
at org.testng.Assert.failNotEquals(Assert.java:776)
at org.testng.Assert.assertEqualsImpl(Assert.java:137)
at org.testng.Assert.assertEquals(Assert.java:118)
at org.testng.Assert.assertEquals(Assert.java:453)
at org.testng.Assert.assertEquals(Assert.java:463)
at com.bitnei.apitest.testcases.saas.ApiTest.ApiTestCode(ApiTest.java:102)
at sun.reflect.GeneratedMethodAccessor2.invoke(Unknown Source)
at sun.reflect.DelegatingMethodAccessorImpl.invoke(DelegatingMethodAccessorImpl.java:43)
at java.lang.reflect.Method.invoke(Method.java:498)
at org.testng.internal.MethodInvocationHelper.invokeMethod(MethodInvocationHelper.java:124)
at org.testng.internal.Invoker.invokeMethod(Invoker.java:580)
at org.testng.internal.Invoker.invokeTestMethod(Invoker.java:716)
at org.testng.internal.Invoker.invokeTestMethods(Invoker.java:988)
at org.testng.internal.TestMethodWorker.invokeTestMethods(TestMethodWorker.java:125)
at org.testng.internal.TestMethodWorker.run(TestMethodWorker.java:109)
at org.testng.TestRunner.privateRun(TestRunner.java:648)
at org.testng.TestRunner.run(TestRunner.java:505)
at org.testng.SuiteRunner.runTest(SuiteRunner.java:455)
at org.testng.SuiteRunner.runSequentially(SuiteRunner.java:450)
at org.testng.SuiteRunner.privateRun(SuiteRunner.java:415)
at org.testng.SuiteRunner.run(SuiteRunner.java:364)
at org.testng.SuiteRunnerWorker.runSuite(SuiteRunnerWorker.java:52)
at org.testng.SuiteRunnerWorker.run(SuiteRunnerWorker.java:84)
at org.testng.TestNG.runSuitesSequentially(TestNG.java:1208)
at org.testng.TestNG.runSuitesLocally(TestNG.java:1137)
at org.testng.TestNG.runSuites(TestNG.java:1049)
at org.testng.TestNG.run(TestNG.java:1017)
at org.testng.remote.AbstractRemoteTestNG.run(AbstractRemoteTestNG.java:114)
at org.testng.remote.RemoteTestNG.initAndRun(RemoteTestNG.java:251)
at org.testng.remote.RemoteTestNG.main(RemoteTestNG.java:77)
]]>
    </failure>
  </testcase> <!-- ApiTestCode -->
  <testcase name="ApiTestCode" time="0.029" classname="com.bitnei.apitest.testcases.saas.ApiTest">
    <failure type="java.lang.AssertionError" message="expected [{}] but found [{&quot;data&quot;:{&quot;actualValue&quot;:null,&quot;expectedValue&quot;:[{&quot;mileageRange&quot;:0,&quot;volFading&quot;:0.11},{&quot;mileageRange&quot;:1,&quot;volFading&quot;:0.15},{&quot;mileageRange&quot;:11,&quot;volFading&quot;:3.5},{&quot;mileageRange&quot;:12,&quot;volFading&quot;:4.27},{&quot;mileageRange&quot;:14,&quot;volFading&quot;:4.44},{&quot;mileageRange&quot;:15,&quot;volFading&quot;:4.4},{&quot;mileageRange&quot;:16,&quot;volFading&quot;:4.55},{&quot;mileageRange&quot;:17,&quot;volFading&quot;:4.74}]},&quot;Length&quot;:{&quot;actualLenth&quot;:1,&quot;expectLenth&quot;:8},&quot;mileageRange&quot;:{&quot;actualKey&quot;:&quot;不存在此mileageRange&quot;,&quot;expectedKey&quot;:&quot;mileageRange&quot;},&quot;volFading&quot;:{&quot;actualKey&quot;:&quot;不存在此volFading&quot;,&quot;expectedKey&quot;:&quot;volFading&quot;},&quot;error&quot;:{&quot;actualValue&quot;:null,&quot;expectedValue&quot;:[{&quot;mileageRange&quot;:0,&quot;volFading&quot;:0.11},{&quot;mileageRange&quot;:1,&quot;volFading&quot;:0.15},{&quot;mileageRange&quot;:11,&quot;volFading&quot;:3.5},{&quot;mileageRange&quot;:12,&quot;volFading&quot;:4.27},{&quot;mileageRange&quot;:14,&quot;volFading&quot;:4.44},{&quot;mileageRange&quot;:15,&quot;volFading&quot;:4.4},{&quot;mileageRange&quot;:16,&quot;volFading&quot;:4.55},{&quot;mileageRange&quot;:17,&quot;volFading&quot;:4.74}],&quot;currentValue is &quot;:true,&quot;expectedValue is&quot;:false},&quot;code&quot;:{&quot;actualValue&quot;:null,&quot;expectedValue&quot;:[{&quot;mileageRange&quot;:0,&quot;volFading&quot;:0.11},{&quot;mileageRange&quot;:1,&quot;volFading&quot;:0.15},{&quot;mileageRange&quot;:11,&quot;volFading&quot;:3.5},{&quot;mileageRange&quot;:12,&quot;volFading&quot;:4.27},{&quot;mileageRange&quot;:14,&quot;volFading&quot;:4.44},{&quot;mileageRange&quot;:15,&quot;volFading&quot;:4.4},{&quot;mileageRange&quot;:16,&quot;volFading&quot;:4.55},{&quot;mileageRange&quot;:17,&quot;volFading&quot;:4.74}],&quot;currentValue is &quot;:&quot;40000&quot;,&quot;expectedValue is&quot;:false,&quot;expectedValue is &quot;:&quot;10000&quot;}}]">
      <![CDATA[java.lang.AssertionError: expected [{}] but found [{"data":{"actualValue":null,"expectedValue":[{"mileageRange":0,"volFading":0.11},{"mileageRange":1,"volFading":0.15},{"mileageRange":11,"volFading":3.5},{"mileageRange":12,"volFading":4.27},{"mileageRange":14,"volFading":4.44},{"mileageRange":15,"volFading":4.4},{"mileageRange":16,"volFading":4.55},{"mileageRange":17,"volFading":4.74}]},"Length":{"actualLenth":1,"expectLenth":8},"mileageRange":{"actualKey":"不存在此mileageRange","expectedKey":"mileageRange"},"volFading":{"actualKey":"不存在此volFading","expectedKey":"volFading"},"error":{"actualValue":null,"expectedValue":[{"mileageRange":0,"volFading":0.11},{"mileageRange":1,"volFading":0.15},{"mileageRange":11,"volFading":3.5},{"mileageRange":12,"volFading":4.27},{"mileageRange":14,"volFading":4.44},{"mileageRange":15,"volFading":4.4},{"mileageRange":16,"volFading":4.55},{"mileageRange":17,"volFading":4.74}],"currentValue is ":true,"expectedValue is":false},"code":{"actualValue":null,"expectedValue":[{"mileageRange":0,"volFading":0.11},{"mileageRange":1,"volFading":0.15},{"mileageRange":11,"volFading":3.5},{"mileageRange":12,"volFading":4.27},{"mileageRange":14,"volFading":4.44},{"mileageRange":15,"volFading":4.4},{"mileageRange":16,"volFading":4.55},{"mileageRange":17,"volFading":4.74}],"currentValue is ":"40000","expectedValue is":false,"expectedValue is ":"10000"}}]
at org.testng.Assert.fail(Assert.java:96)
at org.testng.Assert.failNotEquals(Assert.java:776)
at org.testng.Assert.assertEqualsImpl(Assert.java:137)
at org.testng.Assert.assertEquals(Assert.java:118)
at org.testng.Assert.assertEquals(Assert.java:453)
at org.testng.Assert.assertEquals(Assert.java:463)
at com.bitnei.apitest.testcases.saas.ApiTest.ApiTestCode(ApiTest.java:102)
at sun.reflect.GeneratedMethodAccessor2.invoke(Unknown Source)
at sun.reflect.DelegatingMethodAccessorImpl.invoke(DelegatingMethodAccessorImpl.java:43)
at java.lang.reflect.Method.invoke(Method.java:498)
at org.testng.internal.MethodInvocationHelper.invokeMethod(MethodInvocationHelper.java:124)
at org.testng.internal.Invoker.invokeMethod(Invoker.java:580)
at org.testng.internal.Invoker.invokeTestMethod(Invoker.java:716)
at org.testng.internal.Invoker.invokeTestMethods(Invoker.java:988)
at org.testng.internal.TestMethodWorker.invokeTestMethods(TestMethodWorker.java:125)
at org.testng.internal.TestMethodWorker.run(TestMethodWorker.java:109)
at org.testng.TestRunner.privateRun(TestRunner.java:648)
at org.testng.TestRunner.run(TestRunner.java:505)
at org.testng.SuiteRunner.runTest(SuiteRunner.java:455)
at org.testng.SuiteRunner.runSequentially(SuiteRunner.java:450)
at org.testng.SuiteRunner.privateRun(SuiteRunner.java:415)
at org.testng.SuiteRunner.run(SuiteRunner.java:364)
at org.testng.SuiteRunnerWorker.runSuite(SuiteRunnerWorker.java:52)
at org.testng.SuiteRunnerWorker.run(SuiteRunnerWorker.java:84)
at org.testng.TestNG.runSuitesSequentially(TestNG.java:1208)
at org.testng.TestNG.runSuitesLocally(TestNG.java:1137)
at org.testng.TestNG.runSuites(TestNG.java:1049)
at org.testng.TestNG.run(TestNG.java:1017)
at org.testng.remote.AbstractRemoteTestNG.run(AbstractRemoteTestNG.java:114)
at org.testng.remote.RemoteTestNG.initAndRun(RemoteTestNG.java:251)
at org.testng.remote.RemoteTestNG.main(RemoteTestNG.java:77)
]]>
    </failure>
  </testcase> <!-- ApiTestCode -->
  <testcase name="ApiTestCode" time="0.028" classname="com.bitnei.apitest.testcases.saas.ApiTest">
    <failure type="java.lang.AssertionError" message="expected [{}] but found [{&quot;error&quot;:{&quot;currentValue is &quot;:true,&quot;expectedValue is&quot;:false},&quot;code&quot;:{&quot;currentValue is &quot;:&quot;40000&quot;,&quot;expectedValue is&quot;:false,&quot;expectedValue is &quot;:&quot;35000&quot;}}]">
      <![CDATA[java.lang.AssertionError: expected [{}] but found [{"error":{"currentValue is ":true,"expectedValue is":false},"code":{"currentValue is ":"40000","expectedValue is":false,"expectedValue is ":"35000"}}]
at org.testng.Assert.fail(Assert.java:96)
at org.testng.Assert.failNotEquals(Assert.java:776)
at org.testng.Assert.assertEqualsImpl(Assert.java:137)
at org.testng.Assert.assertEquals(Assert.java:118)
at org.testng.Assert.assertEquals(Assert.java:453)
at org.testng.Assert.assertEquals(Assert.java:463)
at com.bitnei.apitest.testcases.saas.ApiTest.ApiTestCode(ApiTest.java:102)
at sun.reflect.GeneratedMethodAccessor2.invoke(Unknown Source)
at sun.reflect.DelegatingMethodAccessorImpl.invoke(DelegatingMethodAccessorImpl.java:43)
at java.lang.reflect.Method.invoke(Method.java:498)
at org.testng.internal.MethodInvocationHelper.invokeMethod(MethodInvocationHelper.java:124)
at org.testng.internal.Invoker.invokeMethod(Invoker.java:580)
at org.testng.internal.Invoker.invokeTestMethod(Invoker.java:716)
at org.testng.internal.Invoker.invokeTestMethods(Invoker.java:988)
at org.testng.internal.TestMethodWorker.invokeTestMethods(TestMethodWorker.java:125)
at org.testng.internal.TestMethodWorker.run(TestMethodWorker.java:109)
at org.testng.TestRunner.privateRun(TestRunner.java:648)
at org.testng.TestRunner.run(TestRunner.java:505)
at org.testng.SuiteRunner.runTest(SuiteRunner.java:455)
at org.testng.SuiteRunner.runSequentially(SuiteRunner.java:450)
at org.testng.SuiteRunner.privateRun(SuiteRunner.java:415)
at org.testng.SuiteRunner.run(SuiteRunner.java:364)
at org.testng.SuiteRunnerWorker.runSuite(SuiteRunnerWorker.java:52)
at org.testng.SuiteRunnerWorker.run(SuiteRunnerWorker.java:84)
at org.testng.TestNG.runSuitesSequentially(TestNG.java:1208)
at org.testng.TestNG.runSuitesLocally(TestNG.java:1137)
at org.testng.TestNG.runSuites(TestNG.java:1049)
at org.testng.TestNG.run(TestNG.java:1017)
at org.testng.remote.AbstractRemoteTestNG.run(AbstractRemoteTestNG.java:114)
at org.testng.remote.RemoteTestNG.initAndRun(RemoteTestNG.java:251)
at org.testng.remote.RemoteTestNG.main(RemoteTestNG.java:77)
]]>
    </failure>
  </testcase> <!-- ApiTestCode -->
  <testcase name="ApiTestCode" time="0.025" classname="com.bitnei.apitest.testcases.saas.ApiTest">
    <failure type="java.lang.AssertionError" message="expected [{}] but found [{&quot;status&quot;:{&quot;currentValue is &quot;:200,&quot;expectedValue is&quot;:400},&quot;errorMsg&quot;:{&quot;currentValue is &quot;:&quot;Forwarding error&quot;,&quot;expectedValue is&quot;:400,&quot;expectedValue is &quot;:&quot;此车不在查询范围内&quot;},&quot;code&quot;:{&quot;currentValue is &quot;:&quot;40000&quot;,&quot;expectedValue is&quot;:400,&quot;expectedValue is &quot;:&quot;30004&quot;}}]">
      <![CDATA[java.lang.AssertionError: expected [{}] but found [{"status":{"currentValue is ":200,"expectedValue is":400},"errorMsg":{"currentValue is ":"Forwarding error","expectedValue is":400,"expectedValue is ":"此车不在查询范围内"},"code":{"currentValue is ":"40000","expectedValue is":400,"expectedValue is ":"30004"}}]
at org.testng.Assert.fail(Assert.java:96)
at org.testng.Assert.failNotEquals(Assert.java:776)
at org.testng.Assert.assertEqualsImpl(Assert.java:137)
at org.testng.Assert.assertEquals(Assert.java:118)
at org.testng.Assert.assertEquals(Assert.java:453)
at org.testng.Assert.assertEquals(Assert.java:463)
at com.bitnei.apitest.testcases.saas.ApiTest.ApiTestCode(ApiTest.java:102)
at sun.reflect.GeneratedMethodAccessor2.invoke(Unknown Source)
at sun.reflect.DelegatingMethodAccessorImpl.invoke(DelegatingMethodAccessorImpl.java:43)
at java.lang.reflect.Method.invoke(Method.java:498)
at org.testng.internal.MethodInvocationHelper.invokeMethod(MethodInvocationHelper.java:124)
at org.testng.internal.Invoker.invokeMethod(Invoker.java:580)
at org.testng.internal.Invoker.invokeTestMethod(Invoker.java:716)
at org.testng.internal.Invoker.invokeTestMethods(Invoker.java:988)
at org.testng.internal.TestMethodWorker.invokeTestMethods(TestMethodWorker.java:125)
at org.testng.internal.TestMethodWorker.run(TestMethodWorker.java:109)
at org.testng.TestRunner.privateRun(TestRunner.java:648)
at org.testng.TestRunner.run(TestRunner.java:505)
at org.testng.SuiteRunner.runTest(SuiteRunner.java:455)
at org.testng.SuiteRunner.runSequentially(SuiteRunner.java:450)
at org.testng.SuiteRunner.privateRun(SuiteRunner.java:415)
at org.testng.SuiteRunner.run(SuiteRunner.java:364)
at org.testng.SuiteRunnerWorker.runSuite(SuiteRunnerWorker.java:52)
at org.testng.SuiteRunnerWorker.run(SuiteRunnerWorker.java:84)
at org.testng.TestNG.runSuitesSequentially(TestNG.java:1208)
at org.testng.TestNG.runSuitesLocally(TestNG.java:1137)
at org.testng.TestNG.runSuites(TestNG.java:1049)
at org.testng.TestNG.run(TestNG.java:1017)
at org.testng.remote.AbstractRemoteTestNG.run(AbstractRemoteTestNG.java:114)
at org.testng.remote.RemoteTestNG.initAndRun(RemoteTestNG.java:251)
at org.testng.remote.RemoteTestNG.main(RemoteTestNG.java:77)
]]>
    </failure>
  </testcase> <!-- ApiTestCode -->
  <testcase name="ApiTestCode" time="0.024" classname="com.bitnei.apitest.testcases.saas.ApiTest">
    <failure type="java.lang.AssertionError" message="expected [{}] but found [{&quot;data&quot;:{&quot;actualValue&quot;:null,&quot;expectedValue&quot;:{&quot;vin&quot;:&quot;123&quot;,&quot;exist&quot;:false}},&quot;vin&quot;:{&quot;actualKey&quot;:&quot;不存在此vin&quot;,&quot;expectedKey&quot;:&quot;vin&quot;},&quot;exist&quot;:{&quot;actualKey&quot;:&quot;不存在此exist&quot;,&quot;expectedKey&quot;:&quot;exist&quot;},&quot;error&quot;:{&quot;actualValue&quot;:null,&quot;expectedValue&quot;:{&quot;vin&quot;:&quot;123&quot;,&quot;exist&quot;:false},&quot;currentValue is &quot;:true,&quot;expectedValue is&quot;:false},&quot;code&quot;:{&quot;actualValue&quot;:null,&quot;expectedValue&quot;:{&quot;vin&quot;:&quot;123&quot;,&quot;exist&quot;:false},&quot;currentValue is &quot;:&quot;40000&quot;,&quot;expectedValue is&quot;:false,&quot;expectedValue is &quot;:&quot;10000&quot;}}]">
      <![CDATA[java.lang.AssertionError: expected [{}] but found [{"data":{"actualValue":null,"expectedValue":{"vin":"123","exist":false}},"vin":{"actualKey":"不存在此vin","expectedKey":"vin"},"exist":{"actualKey":"不存在此exist","expectedKey":"exist"},"error":{"actualValue":null,"expectedValue":{"vin":"123","exist":false},"currentValue is ":true,"expectedValue is":false},"code":{"actualValue":null,"expectedValue":{"vin":"123","exist":false},"currentValue is ":"40000","expectedValue is":false,"expectedValue is ":"10000"}}]
at org.testng.Assert.fail(Assert.java:96)
at org.testng.Assert.failNotEquals(Assert.java:776)
at org.testng.Assert.assertEqualsImpl(Assert.java:137)
at org.testng.Assert.assertEquals(Assert.java:118)
at org.testng.Assert.assertEquals(Assert.java:453)
at org.testng.Assert.assertEquals(Assert.java:463)
at com.bitnei.apitest.testcases.saas.ApiTest.ApiTestCode(ApiTest.java:102)
at sun.reflect.GeneratedMethodAccessor2.invoke(Unknown Source)
at sun.reflect.DelegatingMethodAccessorImpl.invoke(DelegatingMethodAccessorImpl.java:43)
at java.lang.reflect.Method.invoke(Method.java:498)
at org.testng.internal.MethodInvocationHelper.invokeMethod(MethodInvocationHelper.java:124)
at org.testng.internal.Invoker.invokeMethod(Invoker.java:580)
at org.testng.internal.Invoker.invokeTestMethod(Invoker.java:716)
at org.testng.internal.Invoker.invokeTestMethods(Invoker.java:988)
at org.testng.internal.TestMethodWorker.invokeTestMethods(TestMethodWorker.java:125)
at org.testng.internal.TestMethodWorker.run(TestMethodWorker.java:109)
at org.testng.TestRunner.privateRun(TestRunner.java:648)
at org.testng.TestRunner.run(TestRunner.java:505)
at org.testng.SuiteRunner.runTest(SuiteRunner.java:455)
at org.testng.SuiteRunner.runSequentially(SuiteRunner.java:450)
at org.testng.SuiteRunner.privateRun(SuiteRunner.java:415)
at org.testng.SuiteRunner.run(SuiteRunner.java:364)
at org.testng.SuiteRunnerWorker.runSuite(SuiteRunnerWorker.java:52)
at org.testng.SuiteRunnerWorker.run(SuiteRunnerWorker.java:84)
at org.testng.TestNG.runSuitesSequentially(TestNG.java:1208)
at org.testng.TestNG.runSuitesLocally(TestNG.java:1137)
at org.testng.TestNG.runSuites(TestNG.java:1049)
at org.testng.TestNG.run(TestNG.java:1017)
at org.testng.remote.AbstractRemoteTestNG.run(AbstractRemoteTestNG.java:114)
at org.testng.remote.RemoteTestNG.initAndRun(RemoteTestNG.java:251)
at org.testng.remote.RemoteTestNG.main(RemoteTestNG.java:77)
]]>
    </failure>
  </testcase> <!-- ApiTestCode -->
  <testcase name="ApiTestCode" time="0.033" classname="com.bitnei.apitest.testcases.saas.ApiTest">
    <failure type="java.lang.AssertionError" message="expected [{}] but found [{&quot;error&quot;:{&quot;currentValue is &quot;:true,&quot;expectedValue is&quot;:false},&quot;code&quot;:{&quot;currentValue is &quot;:&quot;40000&quot;,&quot;expectedValue is&quot;:false,&quot;expectedValue is &quot;:&quot;35000&quot;}}]">
      <![CDATA[java.lang.AssertionError: expected [{}] but found [{"error":{"currentValue is ":true,"expectedValue is":false},"code":{"currentValue is ":"40000","expectedValue is":false,"expectedValue is ":"35000"}}]
at org.testng.Assert.fail(Assert.java:96)
at org.testng.Assert.failNotEquals(Assert.java:776)
at org.testng.Assert.assertEqualsImpl(Assert.java:137)
at org.testng.Assert.assertEquals(Assert.java:118)
at org.testng.Assert.assertEquals(Assert.java:453)
at org.testng.Assert.assertEquals(Assert.java:463)
at com.bitnei.apitest.testcases.saas.ApiTest.ApiTestCode(ApiTest.java:102)
at sun.reflect.GeneratedMethodAccessor2.invoke(Unknown Source)
at sun.reflect.DelegatingMethodAccessorImpl.invoke(DelegatingMethodAccessorImpl.java:43)
at java.lang.reflect.Method.invoke(Method.java:498)
at org.testng.internal.MethodInvocationHelper.invokeMethod(MethodInvocationHelper.java:124)
at org.testng.internal.Invoker.invokeMethod(Invoker.java:580)
at org.testng.internal.Invoker.invokeTestMethod(Invoker.java:716)
at org.testng.internal.Invoker.invokeTestMethods(Invoker.java:988)
at org.testng.internal.TestMethodWorker.invokeTestMethods(TestMethodWorker.java:125)
at org.testng.internal.TestMethodWorker.run(TestMethodWorker.java:109)
at org.testng.TestRunner.privateRun(TestRunner.java:648)
at org.testng.TestRunner.run(TestRunner.java:505)
at org.testng.SuiteRunner.runTest(SuiteRunner.java:455)
at org.testng.SuiteRunner.runSequentially(SuiteRunner.java:450)
at org.testng.SuiteRunner.privateRun(SuiteRunner.java:415)
at org.testng.SuiteRunner.run(SuiteRunner.java:364)
at org.testng.SuiteRunnerWorker.runSuite(SuiteRunnerWorker.java:52)
at org.testng.SuiteRunnerWorker.run(SuiteRunnerWorker.java:84)
at org.testng.TestNG.runSuitesSequentially(TestNG.java:1208)
at org.testng.TestNG.runSuitesLocally(TestNG.java:1137)
at org.testng.TestNG.runSuites(TestNG.java:1049)
at org.testng.TestNG.run(TestNG.java:1017)
at org.testng.remote.AbstractRemoteTestNG.run(AbstractRemoteTestNG.java:114)
at org.testng.remote.RemoteTestNG.initAndRun(RemoteTestNG.java:251)
at org.testng.remote.RemoteTestNG.main(RemoteTestNG.java:77)
]]>
    </failure>
  </testcase> <!-- ApiTestCode -->
  <testcase name="ApiTestCode" time="0.032" classname="com.bitnei.apitest.testcases.saas.ApiTest">
    <failure type="java.lang.AssertionError" message="expected [{}] but found [{&quot;status&quot;:{&quot;currentValue is &quot;:200,&quot;expectedValue is&quot;:400},&quot;errorMsg&quot;:{&quot;currentValue is &quot;:&quot;Forwarding error&quot;,&quot;expectedValue is&quot;:400,&quot;expectedValue is &quot;:&quot;month 日期格式不正确(yyyy-MM)&quot;},&quot;code&quot;:{&quot;currentValue is &quot;:&quot;40000&quot;,&quot;expectedValue is&quot;:400,&quot;expectedValue is &quot;:&quot;30001&quot;}}]">
      <![CDATA[java.lang.AssertionError: expected [{}] but found [{"status":{"currentValue is ":200,"expectedValue is":400},"errorMsg":{"currentValue is ":"Forwarding error","expectedValue is":400,"expectedValue is ":"month 日期格式不正确(yyyy-MM)"},"code":{"currentValue is ":"40000","expectedValue is":400,"expectedValue is ":"30001"}}]
at org.testng.Assert.fail(Assert.java:96)
at org.testng.Assert.failNotEquals(Assert.java:776)
at org.testng.Assert.assertEqualsImpl(Assert.java:137)
at org.testng.Assert.assertEquals(Assert.java:118)
at org.testng.Assert.assertEquals(Assert.java:453)
at org.testng.Assert.assertEquals(Assert.java:463)
at com.bitnei.apitest.testcases.saas.ApiTest.ApiTestCode(ApiTest.java:102)
at sun.reflect.GeneratedMethodAccessor2.invoke(Unknown Source)
at sun.reflect.DelegatingMethodAccessorImpl.invoke(DelegatingMethodAccessorImpl.java:43)
at java.lang.reflect.Method.invoke(Method.java:498)
at org.testng.internal.MethodInvocationHelper.invokeMethod(MethodInvocationHelper.java:124)
at org.testng.internal.Invoker.invokeMethod(Invoker.java:580)
at org.testng.internal.Invoker.invokeTestMethod(Invoker.java:716)
at org.testng.internal.Invoker.invokeTestMethods(Invoker.java:988)
at org.testng.internal.TestMethodWorker.invokeTestMethods(TestMethodWorker.java:125)
at org.testng.internal.TestMethodWorker.run(TestMethodWorker.java:109)
at org.testng.TestRunner.privateRun(TestRunner.java:648)
at org.testng.TestRunner.run(TestRunner.java:505)
at org.testng.SuiteRunner.runTest(SuiteRunner.java:455)
at org.testng.SuiteRunner.runSequentially(SuiteRunner.java:450)
at org.testng.SuiteRunner.privateRun(SuiteRunner.java:415)
at org.testng.SuiteRunner.run(SuiteRunner.java:364)
at org.testng.SuiteRunnerWorker.runSuite(SuiteRunnerWorker.java:52)
at org.testng.SuiteRunnerWorker.run(SuiteRunnerWorker.java:84)
at org.testng.TestNG.runSuitesSequentially(TestNG.java:1208)
at org.testng.TestNG.runSuitesLocally(TestNG.java:1137)
at org.testng.TestNG.runSuites(TestNG.java:1049)
at org.testng.TestNG.run(TestNG.java:1017)
at org.testng.remote.AbstractRemoteTestNG.run(AbstractRemoteTestNG.java:114)
at org.testng.remote.RemoteTestNG.initAndRun(RemoteTestNG.java:251)
at org.testng.remote.RemoteTestNG.main(RemoteTestNG.java:77)
]]>
    </failure>
  </testcase> <!-- ApiTestCode -->
  <testcase name="ApiTestCode" time="0.025" classname="com.bitnei.apitest.testcases.saas.ApiTest">
    <failure type="java.lang.AssertionError" message="expected [{}] but found [{&quot;data&quot;:{&quot;actualValue&quot;:null,&quot;expectedValue&quot;:{&quot;change&quot;:true,&quot;lastPackCode&quot;:&quot;010B200WQJ815AB520&quot;,&quot;latestPackCode&quot;:&quot;123&quot;,&quot;replaceDate&quot;:null}},&quot;change&quot;:{&quot;actualKey&quot;:&quot;不存在此change&quot;,&quot;expectedKey&quot;:&quot;change&quot;},&quot;lastPackCode&quot;:{&quot;actualKey&quot;:&quot;不存在此lastPackCode&quot;,&quot;expectedKey&quot;:&quot;lastPackCode&quot;},&quot;latestPackCode&quot;:{&quot;actualKey&quot;:&quot;不存在此latestPackCode&quot;,&quot;expectedKey&quot;:&quot;latestPackCode&quot;},&quot;replaceDate&quot;:{&quot;actualKey&quot;:&quot;不存在此replaceDate&quot;,&quot;expectedKey&quot;:&quot;replaceDate&quot;},&quot;error&quot;:{&quot;actualValue&quot;:null,&quot;expectedValue&quot;:{&quot;change&quot;:true,&quot;lastPackCode&quot;:&quot;010B200WQJ815AB520&quot;,&quot;latestPackCode&quot;:&quot;123&quot;,&quot;replaceDate&quot;:null},&quot;currentValue is &quot;:true,&quot;expectedValue is&quot;:false},&quot;code&quot;:{&quot;actualValue&quot;:null,&quot;expectedValue&quot;:{&quot;change&quot;:true,&quot;lastPackCode&quot;:&quot;010B200WQJ815AB520&quot;,&quot;latestPackCode&quot;:&quot;123&quot;,&quot;replaceDate&quot;:null},&quot;currentValue is &quot;:&quot;40000&quot;,&quot;expectedValue is&quot;:false,&quot;expectedValue is &quot;:&quot;10000&quot;}}]">
      <![CDATA[java.lang.AssertionError: expected [{}] but found [{"data":{"actualValue":null,"expectedValue":{"change":true,"lastPackCode":"010B200WQJ815AB520","latestPackCode":"123","replaceDate":null}},"change":{"actualKey":"不存在此change","expectedKey":"change"},"lastPackCode":{"actualKey":"不存在此lastPackCode","expectedKey":"lastPackCode"},"latestPackCode":{"actualKey":"不存在此latestPackCode","expectedKey":"latestPackCode"},"replaceDate":{"actualKey":"不存在此replaceDate","expectedKey":"replaceDate"},"error":{"actualValue":null,"expectedValue":{"change":true,"lastPackCode":"010B200WQJ815AB520","latestPackCode":"123","replaceDate":null},"currentValue is ":true,"expectedValue is":false},"code":{"actualValue":null,"expectedValue":{"change":true,"lastPackCode":"010B200WQJ815AB520","latestPackCode":"123","replaceDate":null},"currentValue is ":"40000","expectedValue is":false,"expectedValue is ":"10000"}}]
at org.testng.Assert.fail(Assert.java:96)
at org.testng.Assert.failNotEquals(Assert.java:776)
at org.testng.Assert.assertEqualsImpl(Assert.java:137)
at org.testng.Assert.assertEquals(Assert.java:118)
at org.testng.Assert.assertEquals(Assert.java:453)
at org.testng.Assert.assertEquals(Assert.java:463)
at com.bitnei.apitest.testcases.saas.ApiTest.ApiTestCode(ApiTest.java:102)
at sun.reflect.GeneratedMethodAccessor2.invoke(Unknown Source)
at sun.reflect.DelegatingMethodAccessorImpl.invoke(DelegatingMethodAccessorImpl.java:43)
at java.lang.reflect.Method.invoke(Method.java:498)
at org.testng.internal.MethodInvocationHelper.invokeMethod(MethodInvocationHelper.java:124)
at org.testng.internal.Invoker.invokeMethod(Invoker.java:580)
at org.testng.internal.Invoker.invokeTestMethod(Invoker.java:716)
at org.testng.internal.Invoker.invokeTestMethods(Invoker.java:988)
at org.testng.internal.TestMethodWorker.invokeTestMethods(TestMethodWorker.java:125)
at org.testng.internal.TestMethodWorker.run(TestMethodWorker.java:109)
at org.testng.TestRunner.privateRun(TestRunner.java:648)
at org.testng.TestRunner.run(TestRunner.java:505)
at org.testng.SuiteRunner.runTest(SuiteRunner.java:455)
at org.testng.SuiteRunner.runSequentially(SuiteRunner.java:450)
at org.testng.SuiteRunner.privateRun(SuiteRunner.java:415)
at org.testng.SuiteRunner.run(SuiteRunner.java:364)
at org.testng.SuiteRunnerWorker.runSuite(SuiteRunnerWorker.java:52)
at org.testng.SuiteRunnerWorker.run(SuiteRunnerWorker.java:84)
at org.testng.TestNG.runSuitesSequentially(TestNG.java:1208)
at org.testng.TestNG.runSuitesLocally(TestNG.java:1137)
at org.testng.TestNG.runSuites(TestNG.java:1049)
at org.testng.TestNG.run(TestNG.java:1017)
at org.testng.remote.AbstractRemoteTestNG.run(AbstractRemoteTestNG.java:114)
at org.testng.remote.RemoteTestNG.initAndRun(RemoteTestNG.java:251)
at org.testng.remote.RemoteTestNG.main(RemoteTestNG.java:77)
]]>
    </failure>
  </testcase> <!-- ApiTestCode -->
  <testcase name="ApiTestCode" time="0.025" classname="com.bitnei.apitest.testcases.saas.ApiTest">
    <failure type="java.lang.AssertionError" message="expected [{}] but found [{&quot;error&quot;:{&quot;currentValue is &quot;:true,&quot;expectedValue is&quot;:false},&quot;code&quot;:{&quot;currentValue is &quot;:&quot;40000&quot;,&quot;expectedValue is&quot;:false,&quot;expectedValue is &quot;:&quot;35000&quot;}}]">
      <![CDATA[java.lang.AssertionError: expected [{}] but found [{"error":{"currentValue is ":true,"expectedValue is":false},"code":{"currentValue is ":"40000","expectedValue is":false,"expectedValue is ":"35000"}}]
at org.testng.Assert.fail(Assert.java:96)
at org.testng.Assert.failNotEquals(Assert.java:776)
at org.testng.Assert.assertEqualsImpl(Assert.java:137)
at org.testng.Assert.assertEquals(Assert.java:118)
at org.testng.Assert.assertEquals(Assert.java:453)
at org.testng.Assert.assertEquals(Assert.java:463)
at com.bitnei.apitest.testcases.saas.ApiTest.ApiTestCode(ApiTest.java:102)
at sun.reflect.GeneratedMethodAccessor2.invoke(Unknown Source)
at sun.reflect.DelegatingMethodAccessorImpl.invoke(DelegatingMethodAccessorImpl.java:43)
at java.lang.reflect.Method.invoke(Method.java:498)
at org.testng.internal.MethodInvocationHelper.invokeMethod(MethodInvocationHelper.java:124)
at org.testng.internal.Invoker.invokeMethod(Invoker.java:580)
at org.testng.internal.Invoker.invokeTestMethod(Invoker.java:716)
at org.testng.internal.Invoker.invokeTestMethods(Invoker.java:988)
at org.testng.internal.TestMethodWorker.invokeTestMethods(TestMethodWorker.java:125)
at org.testng.internal.TestMethodWorker.run(TestMethodWorker.java:109)
at org.testng.TestRunner.privateRun(TestRunner.java:648)
at org.testng.TestRunner.run(TestRunner.java:505)
at org.testng.SuiteRunner.runTest(SuiteRunner.java:455)
at org.testng.SuiteRunner.runSequentially(SuiteRunner.java:450)
at org.testng.SuiteRunner.privateRun(SuiteRunner.java:415)
at org.testng.SuiteRunner.run(SuiteRunner.java:364)
at org.testng.SuiteRunnerWorker.runSuite(SuiteRunnerWorker.java:52)
at org.testng.SuiteRunnerWorker.run(SuiteRunnerWorker.java:84)
at org.testng.TestNG.runSuitesSequentially(TestNG.java:1208)
at org.testng.TestNG.runSuitesLocally(TestNG.java:1137)
at org.testng.TestNG.runSuites(TestNG.java:1049)
at org.testng.TestNG.run(TestNG.java:1017)
at org.testng.remote.AbstractRemoteTestNG.run(AbstractRemoteTestNG.java:114)
at org.testng.remote.RemoteTestNG.initAndRun(RemoteTestNG.java:251)
at org.testng.remote.RemoteTestNG.main(RemoteTestNG.java:77)
]]>
    </failure>
  </testcase> <!-- ApiTestCode -->
  <testcase name="ApiTestCode" time="0.025" classname="com.bitnei.apitest.testcases.saas.ApiTest">
    <failure type="java.lang.AssertionError" message="expected [{}] but found [{&quot;status&quot;:{&quot;currentValue is &quot;:200,&quot;expectedValue is&quot;:400},&quot;errorMsg&quot;:{&quot;currentValue is &quot;:&quot;Forwarding error&quot;,&quot;expectedValue is&quot;:400,&quot;expectedValue is &quot;:&quot;参数vin未传&quot;},&quot;code&quot;:{&quot;currentValue is &quot;:&quot;40000&quot;,&quot;expectedValue is&quot;:400,&quot;expectedValue is &quot;:&quot;30001&quot;}}]">
      <![CDATA[java.lang.AssertionError: expected [{}] but found [{"status":{"currentValue is ":200,"expectedValue is":400},"errorMsg":{"currentValue is ":"Forwarding error","expectedValue is":400,"expectedValue is ":"参数vin未传"},"code":{"currentValue is ":"40000","expectedValue is":400,"expectedValue is ":"30001"}}]
at org.testng.Assert.fail(Assert.java:96)
at org.testng.Assert.failNotEquals(Assert.java:776)
at org.testng.Assert.assertEqualsImpl(Assert.java:137)
at org.testng.Assert.assertEquals(Assert.java:118)
at org.testng.Assert.assertEquals(Assert.java:453)
at org.testng.Assert.assertEquals(Assert.java:463)
at com.bitnei.apitest.testcases.saas.ApiTest.ApiTestCode(ApiTest.java:102)
at sun.reflect.GeneratedMethodAccessor2.invoke(Unknown Source)
at sun.reflect.DelegatingMethodAccessorImpl.invoke(DelegatingMethodAccessorImpl.java:43)
at java.lang.reflect.Method.invoke(Method.java:498)
at org.testng.internal.MethodInvocationHelper.invokeMethod(MethodInvocationHelper.java:124)
at org.testng.internal.Invoker.invokeMethod(Invoker.java:580)
at org.testng.internal.Invoker.invokeTestMethod(Invoker.java:716)
at org.testng.internal.Invoker.invokeTestMethods(Invoker.java:988)
at org.testng.internal.TestMethodWorker.invokeTestMethods(TestMethodWorker.java:125)
at org.testng.internal.TestMethodWorker.run(TestMethodWorker.java:109)
at org.testng.TestRunner.privateRun(TestRunner.java:648)
at org.testng.TestRunner.run(TestRunner.java:505)
at org.testng.SuiteRunner.runTest(SuiteRunner.java:455)
at org.testng.SuiteRunner.runSequentially(SuiteRunner.java:450)
at org.testng.SuiteRunner.privateRun(SuiteRunner.java:415)
at org.testng.SuiteRunner.run(SuiteRunner.java:364)
at org.testng.SuiteRunnerWorker.runSuite(SuiteRunnerWorker.java:52)
at org.testng.SuiteRunnerWorker.run(SuiteRunnerWorker.java:84)
at org.testng.TestNG.runSuitesSequentially(TestNG.java:1208)
at org.testng.TestNG.runSuitesLocally(TestNG.java:1137)
at org.testng.TestNG.runSuites(TestNG.java:1049)
at org.testng.TestNG.run(TestNG.java:1017)
at org.testng.remote.AbstractRemoteTestNG.run(AbstractRemoteTestNG.java:114)
at org.testng.remote.RemoteTestNG.initAndRun(RemoteTestNG.java:251)
at org.testng.remote.RemoteTestNG.main(RemoteTestNG.java:77)
]]>
    </failure>
  </testcase> <!-- ApiTestCode -->
  <testcase name="ApiTestCode" time="0.026" classname="com.bitnei.apitest.testcases.saas.ApiTest">
    <failure type="java.lang.AssertionError" message="expected [{}] but found [{&quot;status&quot;:{&quot;currentValue is &quot;:200,&quot;expectedValue is&quot;:400},&quot;errorMsg&quot;:{&quot;currentValue is &quot;:&quot;Forwarding error&quot;,&quot;expectedValue is&quot;:400,&quot;expectedValue is &quot;:&quot;参数vin未传&quot;},&quot;code&quot;:{&quot;currentValue is &quot;:&quot;40000&quot;,&quot;expectedValue is&quot;:400,&quot;expectedValue is &quot;:&quot;30001&quot;}}]">
      <![CDATA[java.lang.AssertionError: expected [{}] but found [{"status":{"currentValue is ":200,"expectedValue is":400},"errorMsg":{"currentValue is ":"Forwarding error","expectedValue is":400,"expectedValue is ":"参数vin未传"},"code":{"currentValue is ":"40000","expectedValue is":400,"expectedValue is ":"30001"}}]
at org.testng.Assert.fail(Assert.java:96)
at org.testng.Assert.failNotEquals(Assert.java:776)
at org.testng.Assert.assertEqualsImpl(Assert.java:137)
at org.testng.Assert.assertEquals(Assert.java:118)
at org.testng.Assert.assertEquals(Assert.java:453)
at org.testng.Assert.assertEquals(Assert.java:463)
at com.bitnei.apitest.testcases.saas.ApiTest.ApiTestCode(ApiTest.java:102)
at sun.reflect.GeneratedMethodAccessor2.invoke(Unknown Source)
at sun.reflect.DelegatingMethodAccessorImpl.invoke(DelegatingMethodAccessorImpl.java:43)
at java.lang.reflect.Method.invoke(Method.java:498)
at org.testng.internal.MethodInvocationHelper.invokeMethod(MethodInvocationHelper.java:124)
at org.testng.internal.Invoker.invokeMethod(Invoker.java:580)
at org.testng.internal.Invoker.invokeTestMethod(Invoker.java:716)
at org.testng.internal.Invoker.invokeTestMethods(Invoker.java:988)
at org.testng.internal.TestMethodWorker.invokeTestMethods(TestMethodWorker.java:125)
at org.testng.internal.TestMethodWorker.run(TestMethodWorker.java:109)
at org.testng.TestRunner.privateRun(TestRunner.java:648)
at org.testng.TestRunner.run(TestRunner.java:505)
at org.testng.SuiteRunner.runTest(SuiteRunner.java:455)
at org.testng.SuiteRunner.runSequentially(SuiteRunner.java:450)
at org.testng.SuiteRunner.privateRun(SuiteRunner.java:415)
at org.testng.SuiteRunner.run(SuiteRunner.java:364)
at org.testng.SuiteRunnerWorker.runSuite(SuiteRunnerWorker.java:52)
at org.testng.SuiteRunnerWorker.run(SuiteRunnerWorker.java:84)
at org.testng.TestNG.runSuitesSequentially(TestNG.java:1208)
at org.testng.TestNG.runSuitesLocally(TestNG.java:1137)
at org.testng.TestNG.runSuites(TestNG.java:1049)
at org.testng.TestNG.run(TestNG.java:1017)
at org.testng.remote.AbstractRemoteTestNG.run(AbstractRemoteTestNG.java:114)
at org.testng.remote.RemoteTestNG.initAndRun(RemoteTestNG.java:251)
at org.testng.remote.RemoteTestNG.main(RemoteTestNG.java:77)
]]>
    </failure>
  </testcase> <!-- ApiTestCode -->
  <testcase name="ApiTestCode" time="0.047" classname="com.bitnei.apitest.testcases.saas.ApiTest"/>
  <testcase name="ApiTestCode" time="0.025" classname="com.bitnei.apitest.testcases.saas.ApiTest">
    <failure type="java.lang.AssertionError" message="expected [{}] but found [{&quot;error&quot;:{&quot;currentValue is &quot;:true,&quot;expectedValue is&quot;:false},&quot;code&quot;:{&quot;currentValue is &quot;:&quot;40000&quot;,&quot;expectedValue is&quot;:false,&quot;expectedValue is &quot;:&quot;35000&quot;}}]">
      <![CDATA[java.lang.AssertionError: expected [{}] but found [{"error":{"currentValue is ":true,"expectedValue is":false},"code":{"currentValue is ":"40000","expectedValue is":false,"expectedValue is ":"35000"}}]
at org.testng.Assert.fail(Assert.java:96)
at org.testng.Assert.failNotEquals(Assert.java:776)
at org.testng.Assert.assertEqualsImpl(Assert.java:137)
at org.testng.Assert.assertEquals(Assert.java:118)
at org.testng.Assert.assertEquals(Assert.java:453)
at org.testng.Assert.assertEquals(Assert.java:463)
at com.bitnei.apitest.testcases.saas.ApiTest.ApiTestCode(ApiTest.java:102)
at sun.reflect.GeneratedMethodAccessor2.invoke(Unknown Source)
at sun.reflect.DelegatingMethodAccessorImpl.invoke(DelegatingMethodAccessorImpl.java:43)
at java.lang.reflect.Method.invoke(Method.java:498)
at org.testng.internal.MethodInvocationHelper.invokeMethod(MethodInvocationHelper.java:124)
at org.testng.internal.Invoker.invokeMethod(Invoker.java:580)
at org.testng.internal.Invoker.invokeTestMethod(Invoker.java:716)
at org.testng.internal.Invoker.invokeTestMethods(Invoker.java:988)
at org.testng.internal.TestMethodWorker.invokeTestMethods(TestMethodWorker.java:125)
at org.testng.internal.TestMethodWorker.run(TestMethodWorker.java:109)
at org.testng.TestRunner.privateRun(TestRunner.java:648)
at org.testng.TestRunner.run(TestRunner.java:505)
at org.testng.SuiteRunner.runTest(SuiteRunner.java:455)
at org.testng.SuiteRunner.runSequentially(SuiteRunner.java:450)
at org.testng.SuiteRunner.privateRun(SuiteRunner.java:415)
at org.testng.SuiteRunner.run(SuiteRunner.java:364)
at org.testng.SuiteRunnerWorker.runSuite(SuiteRunnerWorker.java:52)
at org.testng.SuiteRunnerWorker.run(SuiteRunnerWorker.java:84)
at org.testng.TestNG.runSuitesSequentially(TestNG.java:1208)
at org.testng.TestNG.runSuitesLocally(TestNG.java:1137)
at org.testng.TestNG.runSuites(TestNG.java:1049)
at org.testng.TestNG.run(TestNG.java:1017)
at org.testng.remote.AbstractRemoteTestNG.run(AbstractRemoteTestNG.java:114)
at org.testng.remote.RemoteTestNG.initAndRun(RemoteTestNG.java:251)
at org.testng.remote.RemoteTestNG.main(RemoteTestNG.java:77)
]]>
    </failure>
  </testcase> <!-- ApiTestCode -->
  <testcase name="ApiTestCode" time="0.026" classname="com.bitnei.apitest.testcases.saas.ApiTest">
    <failure type="java.lang.AssertionError" message="expected [{}] but found [{&quot;error&quot;:{&quot;currentValue is &quot;:true,&quot;expectedValue is&quot;:false},&quot;code&quot;:{&quot;currentValue is &quot;:&quot;40000&quot;,&quot;expectedValue is&quot;:false,&quot;expectedValue is &quot;:&quot;35000&quot;}}]">
      <![CDATA[java.lang.AssertionError: expected [{}] but found [{"error":{"currentValue is ":true,"expectedValue is":false},"code":{"currentValue is ":"40000","expectedValue is":false,"expectedValue is ":"35000"}}]
at org.testng.Assert.fail(Assert.java:96)
at org.testng.Assert.failNotEquals(Assert.java:776)
at org.testng.Assert.assertEqualsImpl(Assert.java:137)
at org.testng.Assert.assertEquals(Assert.java:118)
at org.testng.Assert.assertEquals(Assert.java:453)
at org.testng.Assert.assertEquals(Assert.java:463)
at com.bitnei.apitest.testcases.saas.ApiTest.ApiTestCode(ApiTest.java:102)
at sun.reflect.GeneratedMethodAccessor2.invoke(Unknown Source)
at sun.reflect.DelegatingMethodAccessorImpl.invoke(DelegatingMethodAccessorImpl.java:43)
at java.lang.reflect.Method.invoke(Method.java:498)
at org.testng.internal.MethodInvocationHelper.invokeMethod(MethodInvocationHelper.java:124)
at org.testng.internal.Invoker.invokeMethod(Invoker.java:580)
at org.testng.internal.Invoker.invokeTestMethod(Invoker.java:716)
at org.testng.internal.Invoker.invokeTestMethods(Invoker.java:988)
at org.testng.internal.TestMethodWorker.invokeTestMethods(TestMethodWorker.java:125)
at org.testng.internal.TestMethodWorker.run(TestMethodWorker.java:109)
at org.testng.TestRunner.privateRun(TestRunner.java:648)
at org.testng.TestRunner.run(TestRunner.java:505)
at org.testng.SuiteRunner.runTest(SuiteRunner.java:455)
at org.testng.SuiteRunner.runSequentially(SuiteRunner.java:450)
at org.testng.SuiteRunner.privateRun(SuiteRunner.java:415)
at org.testng.SuiteRunner.run(SuiteRunner.java:364)
at org.testng.SuiteRunnerWorker.runSuite(SuiteRunnerWorker.java:52)
at org.testng.SuiteRunnerWorker.run(SuiteRunnerWorker.java:84)
at org.testng.TestNG.runSuitesSequentially(TestNG.java:1208)
at org.testng.TestNG.runSuitesLocally(TestNG.java:1137)
at org.testng.TestNG.runSuites(TestNG.java:1049)
at org.testng.TestNG.run(TestNG.java:1017)
at org.testng.remote.AbstractRemoteTestNG.run(AbstractRemoteTestNG.java:114)
at org.testng.remote.RemoteTestNG.initAndRun(RemoteTestNG.java:251)
at org.testng.remote.RemoteTestNG.main(RemoteTestNG.java:77)
]]>
    </failure>
  </testcase> <!-- ApiTestCode -->
  <testcase name="ApiTestCode" time="0.029" classname="com.bitnei.apitest.testcases.saas.ApiTest">
    <failure type="java.lang.AssertionError" message="expected [{}] but found [{&quot;data&quot;:{&quot;actualValue&quot;:null,&quot;expectedValue&quot;:[{&quot;vin&quot;:&quot;LDPZYB6D0HF111107&quot;,&quot;equivalentRange&quot;:1259,&quot;stdRange&quot;:null,&quot;pmonth&quot;:&quot;2019-07&quot;},{&quot;vin&quot;:&quot;LDPZYB6D0HF111107&quot;,&quot;equivalentRange&quot;:1497,&quot;stdRange&quot;:null,&quot;pmonth&quot;:&quot;2019-08&quot;},{&quot;vin&quot;:&quot;LDPZYB6D0HF111107&quot;,&quot;equivalentRange&quot;:1922,&quot;stdRange&quot;:null,&quot;pmonth&quot;:&quot;2019-09&quot;},{&quot;vin&quot;:&quot;LDPZYB6D0HF111107&quot;,&quot;equivalentRange&quot;:2122,&quot;stdRange&quot;:null,&quot;pmonth&quot;:&quot;2019-10&quot;},{&quot;vin&quot;:&quot;LDPZYB6D0HF111107&quot;,&quot;equivalentRange&quot;:1981,&quot;stdRange&quot;:null,&quot;pmonth&quot;:&quot;2019-11&quot;},{&quot;vin&quot;:&quot;LDPZYB6D0HF111107&quot;,&quot;equivalentRange&quot;:1890,&quot;stdRange&quot;:null,&quot;pmonth&quot;:&quot;2019-12&quot;},{&quot;vin&quot;:&quot;LDPZYB6D0HF111107&quot;,&quot;equivalentRange&quot;:1812,&quot;stdRange&quot;:null,&quot;pmonth&quot;:&quot;2020-01&quot;},{&quot;vin&quot;:&quot;LDPZYB6D0HF111107&quot;,&quot;equivalentRange&quot;:1973,&quot;stdRange&quot;:null,&quot;pmonth&quot;:&quot;2020-03&quot;},{&quot;vin&quot;:&quot;LDPZYB6D0HF111107&quot;,&quot;equivalentRange&quot;:2059,&quot;stdRange&quot;:null,&quot;pmonth&quot;:&quot;2020-04&quot;},{&quot;vin&quot;:&quot;LDPZYB6D0HF111107&quot;,&quot;equivalentRange&quot;:2039,&quot;stdRange&quot;:null,&quot;pmonth&quot;:&quot;2020-05&quot;},{&quot;vin&quot;:&quot;LDPZYB6D0HF111107&quot;,&quot;equivalentRange&quot;:1988,&quot;stdRange&quot;:null,&quot;pmonth&quot;:&quot;2020-06&quot;},{&quot;vin&quot;:&quot;LDPZYB6D0HF111107&quot;,&quot;equivalentRange&quot;:1907,&quot;stdRange&quot;:null,&quot;pmonth&quot;:&quot;2020-07&quot;},{&quot;vin&quot;:&quot;LDPZYB6D0HF111107&quot;,&quot;equivalentRange&quot;:1737,&quot;stdRange&quot;:null,&quot;pmonth&quot;:&quot;2020-08&quot;},{&quot;vin&quot;:&quot;LDPZYB6D0HF111107&quot;,&quot;equivalentRange&quot;:1947,&quot;stdRange&quot;:null,&quot;pmonth&quot;:&quot;2020-09&quot;},{&quot;vin&quot;:&quot;LDPZYB6D0HF111107&quot;,&quot;equivalentRange&quot;:2024,&quot;stdRange&quot;:null,&quot;pmonth&quot;:&quot;2020-10&quot;},{&quot;vin&quot;:&quot;LDPZYB6D0HF111107&quot;,&quot;equivalentRange&quot;:2105,&quot;stdRange&quot;:null,&quot;pmonth&quot;:&quot;2020-11&quot;},{&quot;vin&quot;:&quot;LDPZYB6D0HF111107&quot;,&quot;equivalentRange&quot;:2035,&quot;stdRange&quot;:null,&quot;pmonth&quot;:&quot;2020-12&quot;},{&quot;vin&quot;:&quot;LDPZYB6D0HF111107&quot;,&quot;equivalentRange&quot;:1900,&quot;stdRange&quot;:null,&quot;pmonth&quot;:&quot;2021-01&quot;}]},&quot;Length&quot;:{&quot;actualLenth&quot;:1,&quot;expectLenth&quot;:18},&quot;vin&quot;:{&quot;actualKey&quot;:&quot;不存在此vin&quot;,&quot;expectedKey&quot;:&quot;vin&quot;},&quot;equivalentRange&quot;:{&quot;actualKey&quot;:&quot;不存在此equivalentRange&quot;,&quot;expectedKey&quot;:&quot;equivalentRange&quot;},&quot;stdRange&quot;:{&quot;actualKey&quot;:&quot;不存在此stdRange&quot;,&quot;expectedKey&quot;:&quot;stdRange&quot;},&quot;pmonth&quot;:{&quot;actualKey&quot;:&quot;不存在此pmonth&quot;,&quot;expectedKey&quot;:&quot;pmonth&quot;},&quot;error&quot;:{&quot;actualValue&quot;:null,&quot;expectedValue&quot;:[{&quot;vin&quot;:&quot;LDPZYB6D0HF111107&quot;,&quot;equivalentRange&quot;:1259,&quot;stdRange&quot;:null,&quot;pmonth&quot;:&quot;2019-07&quot;},{&quot;vin&quot;:&quot;LDPZYB6D0HF111107&quot;,&quot;equivalentRange&quot;:1497,&quot;stdRange&quot;:null,&quot;pmonth&quot;:&quot;2019-08&quot;},{&quot;vin&quot;:&quot;LDPZYB6D0HF111107&quot;,&quot;equivalentRange&quot;:1922,&quot;stdRange&quot;:null,&quot;pmonth&quot;:&quot;2019-09&quot;},{&quot;vin&quot;:&quot;LDPZYB6D0HF111107&quot;,&quot;equivalentRange&quot;:2122,&quot;stdRange&quot;:null,&quot;pmonth&quot;:&quot;2019-10&quot;},{&quot;vin&quot;:&quot;LDPZYB6D0HF111107&quot;,&quot;equivalentRange&quot;:1981,&quot;stdRange&quot;:null,&quot;pmonth&quot;:&quot;2019-11&quot;},{&quot;vin&quot;:&quot;LDPZYB6D0HF111107&quot;,&quot;equivalentRange&quot;:1890,&quot;stdRange&quot;:null,&quot;pmonth&quot;:&quot;2019-12&quot;},{&quot;vin&quot;:&quot;LDPZYB6D0HF111107&quot;,&quot;equivalentRange&quot;:1812,&quot;stdRange&quot;:null,&quot;pmonth&quot;:&quot;2020-01&quot;},{&quot;vin&quot;:&quot;LDPZYB6D0HF111107&quot;,&quot;equivalentRange&quot;:1973,&quot;stdRange&quot;:null,&quot;pmonth&quot;:&quot;2020-03&quot;},{&quot;vin&quot;:&quot;LDPZYB6D0HF111107&quot;,&quot;equivalentRange&quot;:2059,&quot;stdRange&quot;:null,&quot;pmonth&quot;:&quot;2020-04&quot;},{&quot;vin&quot;:&quot;LDPZYB6D0HF111107&quot;,&quot;equivalentRange&quot;:2039,&quot;stdRange&quot;:null,&quot;pmonth&quot;:&quot;2020-05&quot;},{&quot;vin&quot;:&quot;LDPZYB6D0HF111107&quot;,&quot;equivalentRange&quot;:1988,&quot;stdRange&quot;:null,&quot;pmonth&quot;:&quot;2020-06&quot;},{&quot;vin&quot;:&quot;LDPZYB6D0HF111107&quot;,&quot;equivalentRange&quot;:1907,&quot;stdRange&quot;:null,&quot;pmonth&quot;:&quot;2020-07&quot;},{&quot;vin&quot;:&quot;LDPZYB6D0HF111107&quot;,&quot;equivalentRange&quot;:1737,&quot;stdRange&quot;:null,&quot;pmonth&quot;:&quot;2020-08&quot;},{&quot;vin&quot;:&quot;LDPZYB6D0HF111107&quot;,&quot;equivalentRange&quot;:1947,&quot;stdRange&quot;:null,&quot;pmonth&quot;:&quot;2020-09&quot;},{&quot;vin&quot;:&quot;LDPZYB6D0HF111107&quot;,&quot;equivalentRange&quot;:2024,&quot;stdRange&quot;:null,&quot;pmonth&quot;:&quot;2020-10&quot;},{&quot;vin&quot;:&quot;LDPZYB6D0HF111107&quot;,&quot;equivalentRange&quot;:2105,&quot;stdRange&quot;:null,&quot;pmonth&quot;:&quot;2020-11&quot;},{&quot;vin&quot;:&quot;LDPZYB6D0HF111107&quot;,&quot;equivalentRange&quot;:2035,&quot;stdRange&quot;:null,&quot;pmonth&quot;:&quot;2020-12&quot;},{&quot;vin&quot;:&quot;LDPZYB6D0HF111107&quot;,&quot;equivalentRange&quot;:1900,&quot;stdRange&quot;:null,&quot;pmonth&quot;:&quot;2021-01&quot;}],&quot;currentValue is &quot;:true,&quot;expectedValue is&quot;:false},&quot;code&quot;:{&quot;actualValue&quot;:null,&quot;expectedValue&quot;:[{&quot;vin&quot;:&quot;LDPZYB6D0HF111107&quot;,&quot;equivalentRange&quot;:1259,&quot;stdRange&quot;:null,&quot;pmonth&quot;:&quot;2019-07&quot;},{&quot;vin&quot;:&quot;LDPZYB6D0HF111107&quot;,&quot;equivalentRange&quot;:1497,&quot;stdRange&quot;:null,&quot;pmonth&quot;:&quot;2019-08&quot;},{&quot;vin&quot;:&quot;LDPZYB6D0HF111107&quot;,&quot;equivalentRange&quot;:1922,&quot;stdRange&quot;:null,&quot;pmonth&quot;:&quot;2019-09&quot;},{&quot;vin&quot;:&quot;LDPZYB6D0HF111107&quot;,&quot;equivalentRange&quot;:2122,&quot;stdRange&quot;:null,&quot;pmonth&quot;:&quot;2019-10&quot;},{&quot;vin&quot;:&quot;LDPZYB6D0HF111107&quot;,&quot;equivalentRange&quot;:1981,&quot;stdRange&quot;:null,&quot;pmonth&quot;:&quot;2019-11&quot;},{&quot;vin&quot;:&quot;LDPZYB6D0HF111107&quot;,&quot;equivalentRange&quot;:1890,&quot;stdRange&quot;:null,&quot;pmonth&quot;:&quot;2019-12&quot;},{&quot;vin&quot;:&quot;LDPZYB6D0HF111107&quot;,&quot;equivalentRange&quot;:1812,&quot;stdRange&quot;:null,&quot;pmonth&quot;:&quot;2020-01&quot;},{&quot;vin&quot;:&quot;LDPZYB6D0HF111107&quot;,&quot;equivalentRange&quot;:1973,&quot;stdRange&quot;:null,&quot;pmonth&quot;:&quot;2020-03&quot;},{&quot;vin&quot;:&quot;LDPZYB6D0HF111107&quot;,&quot;equivalentRange&quot;:2059,&quot;stdRange&quot;:null,&quot;pmonth&quot;:&quot;2020-04&quot;},{&quot;vin&quot;:&quot;LDPZYB6D0HF111107&quot;,&quot;equivalentRange&quot;:2039,&quot;stdRange&quot;:null,&quot;pmonth&quot;:&quot;2020-05&quot;},{&quot;vin&quot;:&quot;LDPZYB6D0HF111107&quot;,&quot;equivalentRange&quot;:1988,&quot;stdRange&quot;:null,&quot;pmonth&quot;:&quot;2020-06&quot;},{&quot;vin&quot;:&quot;LDPZYB6D0HF111107&quot;,&quot;equivalentRange&quot;:1907,&quot;stdRange&quot;:null,&quot;pmonth&quot;:&quot;2020-07&quot;},{&quot;vin&quot;:&quot;LDPZYB6D0HF111107&quot;,&quot;equivalentRange&quot;:1737,&quot;stdRange&quot;:null,&quot;pmonth&quot;:&quot;2020-08&quot;},{&quot;vin&quot;:&quot;LDPZYB6D0HF111107&quot;,&quot;equivalentRange&quot;:1947,&quot;stdRange&quot;:null,&quot;pmonth&quot;:&quot;2020-09&quot;},{&quot;vin&quot;:&quot;LDPZYB6D0HF111107&quot;,&quot;equivalentRange&quot;:2024,&quot;stdRange&quot;:null,&quot;pmonth&quot;:&quot;2020-10&quot;},{&quot;vin&quot;:&quot;LDPZYB6D0HF111107&quot;,&quot;equivalentRange&quot;:2105,&quot;stdRange&quot;:null,&quot;pmonth&quot;:&quot;2020-11&quot;},{&quot;vin&quot;:&quot;LDPZYB6D0HF111107&quot;,&quot;equivalentRange&quot;:2035,&quot;stdRange&quot;:null,&quot;pmonth&quot;:&quot;2020-12&quot;},{&quot;vin&quot;:&quot;LDPZYB6D0HF111107&quot;,&quot;equivalentRange&quot;:1900,&quot;stdRange&quot;:null,&quot;pmonth&quot;:&quot;2021-01&quot;}],&quot;currentValue is &quot;:&quot;40000&quot;,&quot;expectedValue is&quot;:false,&quot;expectedValue is &quot;:&quot;10000&quot;}}]">
      <![CDATA[java.lang.AssertionError: expected [{}] but found [{"data":{"actualValue":null,"expectedValue":[{"vin":"LDPZYB6D0HF111107","equivalentRange":1259,"stdRange":null,"pmonth":"2019-07"},{"vin":"LDPZYB6D0HF111107","equivalentRange":1497,"stdRange":null,"pmonth":"2019-08"},{"vin":"LDPZYB6D0HF111107","equivalentRange":1922,"stdRange":null,"pmonth":"2019-09"},{"vin":"LDPZYB6D0HF111107","equivalentRange":2122,"stdRange":null,"pmonth":"2019-10"},{"vin":"LDPZYB6D0HF111107","equivalentRange":1981,"stdRange":null,"pmonth":"2019-11"},{"vin":"LDPZYB6D0HF111107","equivalentRange":1890,"stdRange":null,"pmonth":"2019-12"},{"vin":"LDPZYB6D0HF111107","equivalentRange":1812,"stdRange":null,"pmonth":"2020-01"},{"vin":"LDPZYB6D0HF111107","equivalentRange":1973,"stdRange":null,"pmonth":"2020-03"},{"vin":"LDPZYB6D0HF111107","equivalentRange":2059,"stdRange":null,"pmonth":"2020-04"},{"vin":"LDPZYB6D0HF111107","equivalentRange":2039,"stdRange":null,"pmonth":"2020-05"},{"vin":"LDPZYB6D0HF111107","equivalentRange":1988,"stdRange":null,"pmonth":"2020-06"},{"vin":"LDPZYB6D0HF111107","equivalentRange":1907,"stdRange":null,"pmonth":"2020-07"},{"vin":"LDPZYB6D0HF111107","equivalentRange":1737,"stdRange":null,"pmonth":"2020-08"},{"vin":"LDPZYB6D0HF111107","equivalentRange":1947,"stdRange":null,"pmonth":"2020-09"},{"vin":"LDPZYB6D0HF111107","equivalentRange":2024,"stdRange":null,"pmonth":"2020-10"},{"vin":"LDPZYB6D0HF111107","equivalentRange":2105,"stdRange":null,"pmonth":"2020-11"},{"vin":"LDPZYB6D0HF111107","equivalentRange":2035,"stdRange":null,"pmonth":"2020-12"},{"vin":"LDPZYB6D0HF111107","equivalentRange":1900,"stdRange":null,"pmonth":"2021-01"}]},"Length":{"actualLenth":1,"expectLenth":18},"vin":{"actualKey":"不存在此vin","expectedKey":"vin"},"equivalentRange":{"actualKey":"不存在此equivalentRange","expectedKey":"equivalentRange"},"stdRange":{"actualKey":"不存在此stdRange","expectedKey":"stdRange"},"pmonth":{"actualKey":"不存在此pmonth","expectedKey":"pmonth"},"error":{"actualValue":null,"expectedValue":[{"vin":"LDPZYB6D0HF111107","equivalentRange":1259,"stdRange":null,"pmonth":"2019-07"},{"vin":"LDPZYB6D0HF111107","equivalentRange":1497,"stdRange":null,"pmonth":"2019-08"},{"vin":"LDPZYB6D0HF111107","equivalentRange":1922,"stdRange":null,"pmonth":"2019-09"},{"vin":"LDPZYB6D0HF111107","equivalentRange":2122,"stdRange":null,"pmonth":"2019-10"},{"vin":"LDPZYB6D0HF111107","equivalentRange":1981,"stdRange":null,"pmonth":"2019-11"},{"vin":"LDPZYB6D0HF111107","equivalentRange":1890,"stdRange":null,"pmonth":"2019-12"},{"vin":"LDPZYB6D0HF111107","equivalentRange":1812,"stdRange":null,"pmonth":"2020-01"},{"vin":"LDPZYB6D0HF111107","equivalentRange":1973,"stdRange":null,"pmonth":"2020-03"},{"vin":"LDPZYB6D0HF111107","equivalentRange":2059,"stdRange":null,"pmonth":"2020-04"},{"vin":"LDPZYB6D0HF111107","equivalentRange":2039,"stdRange":null,"pmonth":"2020-05"},{"vin":"LDPZYB6D0HF111107","equivalentRange":1988,"stdRange":null,"pmonth":"2020-06"},{"vin":"LDPZYB6D0HF111107","equivalentRange":1907,"stdRange":null,"pmonth":"2020-07"},{"vin":"LDPZYB6D0HF111107","equivalentRange":1737,"stdRange":null,"pmonth":"2020-08"},{"vin":"LDPZYB6D0HF111107","equivalentRange":1947,"stdRange":null,"pmonth":"2020-09"},{"vin":"LDPZYB6D0HF111107","equivalentRange":2024,"stdRange":null,"pmonth":"2020-10"},{"vin":"LDPZYB6D0HF111107","equivalentRange":2105,"stdRange":null,"pmonth":"2020-11"},{"vin":"LDPZYB6D0HF111107","equivalentRange":2035,"stdRange":null,"pmonth":"2020-12"},{"vin":"LDPZYB6D0HF111107","equivalentRange":1900,"stdRange":null,"pmonth":"2021-01"}],"currentValue is ":true,"expectedValue is":false},"code":{"actualValue":null,"expectedValue":[{"vin":"LDPZYB6D0HF111107","equivalentRange":1259,"stdRange":null,"pmonth":"2019-07"},{"vin":"LDPZYB6D0HF111107","equivalentRange":1497,"stdRange":null,"pmonth":"2019-08"},{"vin":"LDPZYB6D0HF111107","equivalentRange":1922,"stdRange":null,"pmonth":"2019-09"},{"vin":"LDPZYB6D0HF111107","equivalentRange":2122,"stdRange":null,"pmonth":"2019-10"},{"vin":"LDPZYB6D0HF111107","equivalentRange":1981,"stdRange":null,"pmonth":"2019-11"},{"vin":"LDPZYB6D0HF111107","equivalentRange":1890,"stdRange":null,"pmonth":"2019-12"},{"vin":"LDPZYB6D0HF111107","equivalentRange":1812,"stdRange":null,"pmonth":"2020-01"},{"vin":"LDPZYB6D0HF111107","equivalentRange":1973,"stdRange":null,"pmonth":"2020-03"},{"vin":"LDPZYB6D0HF111107","equivalentRange":2059,"stdRange":null,"pmonth":"2020-04"},{"vin":"LDPZYB6D0HF111107","equivalentRange":2039,"stdRange":null,"pmonth":"2020-05"},{"vin":"LDPZYB6D0HF111107","equivalentRange":1988,"stdRange":null,"pmonth":"2020-06"},{"vin":"LDPZYB6D0HF111107","equivalentRange":1907,"stdRange":null,"pmonth":"2020-07"},{"vin":"LDPZYB6D0HF111107","equivalentRange":1737,"stdRange":null,"pmonth":"2020-08"},{"vin":"LDPZYB6D0HF111107","equivalentRange":1947,"stdRange":null,"pmonth":"2020-09"},{"vin":"LDPZYB6D0HF111107","equivalentRange":2024,"stdRange":null,"pmonth":"2020-10"},{"vin":"LDPZYB6D0HF111107","equivalentRange":2105,"stdRange":null,"pmonth":"2020-11"},{"vin":"LDPZYB6D0HF111107","equivalentRange":2035,"stdRange":null,"pmonth":"2020-12"},{"vin":"LDPZYB6D0HF111107","equivalentRange":1900,"stdRange":null,"pmonth":"2021-01"}],"currentValue is ":"40000","expectedValue is":false,"expectedValue is ":"10000"}}]
at org.testng.Assert.fail(Assert.java:96)
at org.testng.Assert.failNotEquals(Assert.java:776)
at org.testng.Assert.assertEqualsImpl(Assert.java:137)
at org.testng.Assert.assertEquals(Assert.java:118)
at org.testng.Assert.assertEquals(Assert.java:453)
at org.testng.Assert.assertEquals(Assert.java:463)
at com.bitnei.apitest.testcases.saas.ApiTest.ApiTestCode(ApiTest.java:102)
at sun.reflect.GeneratedMethodAccessor2.invoke(Unknown Source)
at sun.reflect.DelegatingMethodAccessorImpl.invoke(DelegatingMethodAccessorImpl.java:43)
at java.lang.reflect.Method.invoke(Method.java:498)
at org.testng.internal.MethodInvocationHelper.invokeMethod(MethodInvocationHelper.java:124)
at org.testng.internal.Invoker.invokeMethod(Invoker.java:580)
at org.testng.internal.Invoker.invokeTestMethod(Invoker.java:716)
at org.testng.internal.Invoker.invokeTestMethods(Invoker.java:988)
at org.testng.internal.TestMethodWorker.invokeTestMethods(TestMethodWorker.java:125)
at org.testng.internal.TestMethodWorker.run(TestMethodWorker.java:109)
at org.testng.TestRunner.privateRun(TestRunner.java:648)
at org.testng.TestRunner.run(TestRunner.java:505)
at org.testng.SuiteRunner.runTest(SuiteRunner.java:455)
at org.testng.SuiteRunner.runSequentially(SuiteRunner.java:450)
at org.testng.SuiteRunner.privateRun(SuiteRunner.java:415)
at org.testng.SuiteRunner.run(SuiteRunner.java:364)
at org.testng.SuiteRunnerWorker.runSuite(SuiteRunnerWorker.java:52)
at org.testng.SuiteRunnerWorker.run(SuiteRunnerWorker.java:84)
at org.testng.TestNG.runSuitesSequentially(TestNG.java:1208)
at org.testng.TestNG.runSuitesLocally(TestNG.java:1137)
at org.testng.TestNG.runSuites(TestNG.java:1049)
at org.testng.TestNG.run(TestNG.java:1017)
at org.testng.remote.AbstractRemoteTestNG.run(AbstractRemoteTestNG.java:114)
at org.testng.remote.RemoteTestNG.initAndRun(RemoteTestNG.java:251)
at org.testng.remote.RemoteTestNG.main(RemoteTestNG.java:77)
]]>
    </failure>
  </testcase> <!-- ApiTestCode -->
  <testcase name="ApiTestCode" time="0.028" classname="com.bitnei.apitest.testcases.saas.ApiTest">
    <failure type="java.lang.AssertionError" message="expected [{}] but found [{&quot;error&quot;:{&quot;currentValue is &quot;:true,&quot;expectedValue is&quot;:false},&quot;code&quot;:{&quot;currentValue is &quot;:&quot;40000&quot;,&quot;expectedValue is&quot;:false,&quot;expectedValue is &quot;:&quot;35000&quot;}}]">
      <![CDATA[java.lang.AssertionError: expected [{}] but found [{"error":{"currentValue is ":true,"expectedValue is":false},"code":{"currentValue is ":"40000","expectedValue is":false,"expectedValue is ":"35000"}}]
at org.testng.Assert.fail(Assert.java:96)
at org.testng.Assert.failNotEquals(Assert.java:776)
at org.testng.Assert.assertEqualsImpl(Assert.java:137)
at org.testng.Assert.assertEquals(Assert.java:118)
at org.testng.Assert.assertEquals(Assert.java:453)
at org.testng.Assert.assertEquals(Assert.java:463)
at com.bitnei.apitest.testcases.saas.ApiTest.ApiTestCode(ApiTest.java:102)
at sun.reflect.GeneratedMethodAccessor2.invoke(Unknown Source)
at sun.reflect.DelegatingMethodAccessorImpl.invoke(DelegatingMethodAccessorImpl.java:43)
at java.lang.reflect.Method.invoke(Method.java:498)
at org.testng.internal.MethodInvocationHelper.invokeMethod(MethodInvocationHelper.java:124)
at org.testng.internal.Invoker.invokeMethod(Invoker.java:580)
at org.testng.internal.Invoker.invokeTestMethod(Invoker.java:716)
at org.testng.internal.Invoker.invokeTestMethods(Invoker.java:988)
at org.testng.internal.TestMethodWorker.invokeTestMethods(TestMethodWorker.java:125)
at org.testng.internal.TestMethodWorker.run(TestMethodWorker.java:109)
at org.testng.TestRunner.privateRun(TestRunner.java:648)
at org.testng.TestRunner.run(TestRunner.java:505)
at org.testng.SuiteRunner.runTest(SuiteRunner.java:455)
at org.testng.SuiteRunner.runSequentially(SuiteRunner.java:450)
at org.testng.SuiteRunner.privateRun(SuiteRunner.java:415)
at org.testng.SuiteRunner.run(SuiteRunner.java:364)
at org.testng.SuiteRunnerWorker.runSuite(SuiteRunnerWorker.java:52)
at org.testng.SuiteRunnerWorker.run(SuiteRunnerWorker.java:84)
at org.testng.TestNG.runSuitesSequentially(TestNG.java:1208)
at org.testng.TestNG.runSuitesLocally(TestNG.java:1137)
at org.testng.TestNG.runSuites(TestNG.java:1049)
at org.testng.TestNG.run(TestNG.java:1017)
at org.testng.remote.AbstractRemoteTestNG.run(AbstractRemoteTestNG.java:114)
at org.testng.remote.RemoteTestNG.initAndRun(RemoteTestNG.java:251)
at org.testng.remote.RemoteTestNG.main(RemoteTestNG.java:77)
]]>
    </failure>
  </testcase> <!-- ApiTestCode -->
  <testcase name="ApiTestCode" time="0.055" classname="com.bitnei.apitest.testcases.saas.ApiTest"/>
  <testcase name="ApiTestCode" time="0.027" classname="com.bitnei.apitest.testcases.saas.ApiTest">
    <failure type="java.lang.AssertionError" message="expected [{}] but found [{&quot;error&quot;:{&quot;currentValue is &quot;:true,&quot;expectedValue is&quot;:false},&quot;code&quot;:{&quot;currentValue is &quot;:&quot;40000&quot;,&quot;expectedValue is&quot;:false,&quot;expectedValue is &quot;:&quot;35000&quot;}}]">
      <![CDATA[java.lang.AssertionError: expected [{}] but found [{"error":{"currentValue is ":true,"expectedValue is":false},"code":{"currentValue is ":"40000","expectedValue is":false,"expectedValue is ":"35000"}}]
at org.testng.Assert.fail(Assert.java:96)
at org.testng.Assert.failNotEquals(Assert.java:776)
at org.testng.Assert.assertEqualsImpl(Assert.java:137)
at org.testng.Assert.assertEquals(Assert.java:118)
at org.testng.Assert.assertEquals(Assert.java:453)
at org.testng.Assert.assertEquals(Assert.java:463)
at com.bitnei.apitest.testcases.saas.ApiTest.ApiTestCode(ApiTest.java:102)
at sun.reflect.GeneratedMethodAccessor2.invoke(Unknown Source)
at sun.reflect.DelegatingMethodAccessorImpl.invoke(DelegatingMethodAccessorImpl.java:43)
at java.lang.reflect.Method.invoke(Method.java:498)
at org.testng.internal.MethodInvocationHelper.invokeMethod(MethodInvocationHelper.java:124)
at org.testng.internal.Invoker.invokeMethod(Invoker.java:580)
at org.testng.internal.Invoker.invokeTestMethod(Invoker.java:716)
at org.testng.internal.Invoker.invokeTestMethods(Invoker.java:988)
at org.testng.internal.TestMethodWorker.invokeTestMethods(TestMethodWorker.java:125)
at org.testng.internal.TestMethodWorker.run(TestMethodWorker.java:109)
at org.testng.TestRunner.privateRun(TestRunner.java:648)
at org.testng.TestRunner.run(TestRunner.java:505)
at org.testng.SuiteRunner.runTest(SuiteRunner.java:455)
at org.testng.SuiteRunner.runSequentially(SuiteRunner.java:450)
at org.testng.SuiteRunner.privateRun(SuiteRunner.java:415)
at org.testng.SuiteRunner.run(SuiteRunner.java:364)
at org.testng.SuiteRunnerWorker.runSuite(SuiteRunnerWorker.java:52)
at org.testng.SuiteRunnerWorker.run(SuiteRunnerWorker.java:84)
at org.testng.TestNG.runSuitesSequentially(TestNG.java:1208)
at org.testng.TestNG.runSuitesLocally(TestNG.java:1137)
at org.testng.TestNG.runSuites(TestNG.java:1049)
at org.testng.TestNG.run(TestNG.java:1017)
at org.testng.remote.AbstractRemoteTestNG.run(AbstractRemoteTestNG.java:114)
at org.testng.remote.RemoteTestNG.initAndRun(RemoteTestNG.java:251)
at org.testng.remote.RemoteTestNG.main(RemoteTestNG.java:77)
]]>
    </failure>
  </testcase> <!-- ApiTestCode -->
  <testcase name="ApiTestCode" time="0.025" classname="com.bitnei.apitest.testcases.saas.ApiTest">
    <failure type="java.lang.AssertionError" message="expected [{}] but found [{&quot;data&quot;:{&quot;actualValue&quot;:null,&quot;expectedValue&quot;:{&quot;produceType&quot;:&quot;电池单体&quot;,&quot;batteryType&quot;:&quot;三元材料&quot;,&quot;cellEnterprise&quot;:&quot;上海德朗能动力电池有限公司&quot;,&quot;cellModel&quot;:&quot;NCA18650-320&quot;,&quot;cellShape&quot;:&quot;圆柱形&quot;,&quot;ratingVolume&quot;:186,&quot;ratingVolt&quot;:326,&quot;packEnergyDensity&quot;:144,&quot;producedDate&quot;:&quot;2018-12-07&quot;,&quot;retireDate&quot;:null}},&quot;produceType&quot;:{&quot;actualKey&quot;:&quot;不存在此produceType&quot;,&quot;expectedKey&quot;:&quot;produceType&quot;},&quot;batteryType&quot;:{&quot;actualKey&quot;:&quot;不存在此batteryType&quot;,&quot;expectedKey&quot;:&quot;batteryType&quot;},&quot;cellEnterprise&quot;:{&quot;actualKey&quot;:&quot;不存在此cellEnterprise&quot;,&quot;expectedKey&quot;:&quot;cellEnterprise&quot;},&quot;cellModel&quot;:{&quot;actualKey&quot;:&quot;不存在此cellModel&quot;,&quot;expectedKey&quot;:&quot;cellModel&quot;},&quot;cellShape&quot;:{&quot;actualKey&quot;:&quot;不存在此cellShape&quot;,&quot;expectedKey&quot;:&quot;cellShape&quot;},&quot;ratingVolume&quot;:{&quot;actualKey&quot;:&quot;不存在此ratingVolume&quot;,&quot;expectedKey&quot;:&quot;ratingVolume&quot;},&quot;ratingVolt&quot;:{&quot;actualKey&quot;:&quot;不存在此ratingVolt&quot;,&quot;expectedKey&quot;:&quot;ratingVolt&quot;},&quot;packEnergyDensity&quot;:{&quot;actualKey&quot;:&quot;不存在此packEnergyDensity&quot;,&quot;expectedKey&quot;:&quot;packEnergyDensity&quot;},&quot;producedDate&quot;:{&quot;actualKey&quot;:&quot;不存在此producedDate&quot;,&quot;expectedKey&quot;:&quot;producedDate&quot;},&quot;retireDate&quot;:{&quot;actualKey&quot;:&quot;不存在此retireDate&quot;,&quot;expectedKey&quot;:&quot;retireDate&quot;},&quot;error&quot;:{&quot;actualValue&quot;:null,&quot;expectedValue&quot;:{&quot;produceType&quot;:&quot;电池单体&quot;,&quot;batteryType&quot;:&quot;三元材料&quot;,&quot;cellEnterprise&quot;:&quot;上海德朗能动力电池有限公司&quot;,&quot;cellModel&quot;:&quot;NCA18650-320&quot;,&quot;cellShape&quot;:&quot;圆柱形&quot;,&quot;ratingVolume&quot;:186,&quot;ratingVolt&quot;:326,&quot;packEnergyDensity&quot;:144,&quot;producedDate&quot;:&quot;2018-12-07&quot;,&quot;retireDate&quot;:null},&quot;currentValue is &quot;:true,&quot;expectedValue is&quot;:false},&quot;code&quot;:{&quot;actualValue&quot;:null,&quot;expectedValue&quot;:{&quot;produceType&quot;:&quot;电池单体&quot;,&quot;batteryType&quot;:&quot;三元材料&quot;,&quot;cellEnterprise&quot;:&quot;上海德朗能动力电池有限公司&quot;,&quot;cellModel&quot;:&quot;NCA18650-320&quot;,&quot;cellShape&quot;:&quot;圆柱形&quot;,&quot;ratingVolume&quot;:186,&quot;ratingVolt&quot;:326,&quot;packEnergyDensity&quot;:144,&quot;producedDate&quot;:&quot;2018-12-07&quot;,&quot;retireDate&quot;:null},&quot;currentValue is &quot;:&quot;40000&quot;,&quot;expectedValue is&quot;:false,&quot;expectedValue is &quot;:&quot;10000&quot;}}]">
      <![CDATA[java.lang.AssertionError: expected [{}] but found [{"data":{"actualValue":null,"expectedValue":{"produceType":"电池单体","batteryType":"三元材料","cellEnterprise":"上海德朗能动力电池有限公司","cellModel":"NCA18650-320","cellShape":"圆柱形","ratingVolume":186,"ratingVolt":326,"packEnergyDensity":144,"producedDate":"2018-12-07","retireDate":null}},"produceType":{"actualKey":"不存在此produceType","expectedKey":"produceType"},"batteryType":{"actualKey":"不存在此batteryType","expectedKey":"batteryType"},"cellEnterprise":{"actualKey":"不存在此cellEnterprise","expectedKey":"cellEnterprise"},"cellModel":{"actualKey":"不存在此cellModel","expectedKey":"cellModel"},"cellShape":{"actualKey":"不存在此cellShape","expectedKey":"cellShape"},"ratingVolume":{"actualKey":"不存在此ratingVolume","expectedKey":"ratingVolume"},"ratingVolt":{"actualKey":"不存在此ratingVolt","expectedKey":"ratingVolt"},"packEnergyDensity":{"actualKey":"不存在此packEnergyDensity","expectedKey":"packEnergyDensity"},"producedDate":{"actualKey":"不存在此producedDate","expectedKey":"producedDate"},"retireDate":{"actualKey":"不存在此retireDate","expectedKey":"retireDate"},"error":{"actualValue":null,"expectedValue":{"produceType":"电池单体","batteryType":"三元材料","cellEnterprise":"上海德朗能动力电池有限公司","cellModel":"NCA18650-320","cellShape":"圆柱形","ratingVolume":186,"ratingVolt":326,"packEnergyDensity":144,"producedDate":"2018-12-07","retireDate":null},"currentValue is ":true,"expectedValue is":false},"code":{"actualValue":null,"expectedValue":{"produceType":"电池单体","batteryType":"三元材料","cellEnterprise":"上海德朗能动力电池有限公司","cellModel":"NCA18650-320","cellShape":"圆柱形","ratingVolume":186,"ratingVolt":326,"packEnergyDensity":144,"producedDate":"2018-12-07","retireDate":null},"currentValue is ":"40000","expectedValue is":false,"expectedValue is ":"10000"}}]
at org.testng.Assert.fail(Assert.java:96)
at org.testng.Assert.failNotEquals(Assert.java:776)
at org.testng.Assert.assertEqualsImpl(Assert.java:137)
at org.testng.Assert.assertEquals(Assert.java:118)
at org.testng.Assert.assertEquals(Assert.java:453)
at org.testng.Assert.assertEquals(Assert.java:463)
at com.bitnei.apitest.testcases.saas.ApiTest.ApiTestCode(ApiTest.java:102)
at sun.reflect.GeneratedMethodAccessor2.invoke(Unknown Source)
at sun.reflect.DelegatingMethodAccessorImpl.invoke(DelegatingMethodAccessorImpl.java:43)
at java.lang.reflect.Method.invoke(Method.java:498)
at org.testng.internal.MethodInvocationHelper.invokeMethod(MethodInvocationHelper.java:124)
at org.testng.internal.Invoker.invokeMethod(Invoker.java:580)
at org.testng.internal.Invoker.invokeTestMethod(Invoker.java:716)
at org.testng.internal.Invoker.invokeTestMethods(Invoker.java:988)
at org.testng.internal.TestMethodWorker.invokeTestMethods(TestMethodWorker.java:125)
at org.testng.internal.TestMethodWorker.run(TestMethodWorker.java:109)
at org.testng.TestRunner.privateRun(TestRunner.java:648)
at org.testng.TestRunner.run(TestRunner.java:505)
at org.testng.SuiteRunner.runTest(SuiteRunner.java:455)
at org.testng.SuiteRunner.runSequentially(SuiteRunner.java:450)
at org.testng.SuiteRunner.privateRun(SuiteRunner.java:415)
at org.testng.SuiteRunner.run(SuiteRunner.java:364)
at org.testng.SuiteRunnerWorker.runSuite(SuiteRunnerWorker.java:52)
at org.testng.SuiteRunnerWorker.run(SuiteRunnerWorker.java:84)
at org.testng.TestNG.runSuitesSequentially(TestNG.java:1208)
at org.testng.TestNG.runSuitesLocally(TestNG.java:1137)
at org.testng.TestNG.runSuites(TestNG.java:1049)
at org.testng.TestNG.run(TestNG.java:1017)
at org.testng.remote.AbstractRemoteTestNG.run(AbstractRemoteTestNG.java:114)
at org.testng.remote.RemoteTestNG.initAndRun(RemoteTestNG.java:251)
at org.testng.remote.RemoteTestNG.main(RemoteTestNG.java:77)
]]>
    </failure>
  </testcase> <!-- ApiTestCode -->
  <testcase name="ApiTestCode" time="0.024" classname="com.bitnei.apitest.testcases.saas.ApiTest">
    <failure type="java.lang.AssertionError" message="expected [{}] but found [{&quot;data&quot;:{&quot;actualValue&quot;:null,&quot;expectedValue&quot;:{&quot;vin&quot;:&quot;LNBSCC3H5HF323314&quot;,&quot;brand&quot;:&quot;北京牌&quot;,&quot;manufacturer&quot;:&quot;北京汽车股份有限公司&quot;,&quot;power_type&quot;:&quot;纯电动&quot;,&quot;license_plate&quot;:&quot;沪AD88753&quot;,&quot;veh_model_name&quot;:&quot;BJ7000C5E2-BEV&quot;,&quot;veh_common_name&quot;:&quot;EU260&quot;,&quot;curb_weight&quot;:1613,&quot;max_speed&quot;:100,&quot;drive_range&quot;:252,&quot;positive_material&quot;:&quot;层状三元材料&quot;,&quot;cell_manufacturer&quot;:&quot;宁德时代新能源科技股份有限公司&quot;,&quot;kwh_100km&quot;:null,&quot;is_online&quot;:1,&quot;first_live_date&quot;:&quot;2020-03-22&quot;,&quot;run_city&quot;:&quot;上海市&quot;,&quot;run_province&quot;:&quot;上海市&quot;,&quot;veh_category_2&quot;:&quot;网约车&quot;,&quot;unit_name&quot;:&quot;上海强生出租汽车有限公司&quot;,&quot;veh_level&quot;:&quot;A&quot;,&quot;first_run_date&quot;:&quot;1584850157000&quot;,&quot;first_charge_date&quot;:&quot;1584865537000&quot;}},&quot;vin&quot;:{&quot;actualKey&quot;:&quot;不存在此vin&quot;,&quot;expectedKey&quot;:&quot;vin&quot;},&quot;brand&quot;:{&quot;actualKey&quot;:&quot;不存在此brand&quot;,&quot;expectedKey&quot;:&quot;brand&quot;},&quot;manufacturer&quot;:{&quot;actualKey&quot;:&quot;不存在此manufacturer&quot;,&quot;expectedKey&quot;:&quot;manufacturer&quot;},&quot;power_type&quot;:{&quot;actualKey&quot;:&quot;不存在此power_type&quot;,&quot;expectedKey&quot;:&quot;power_type&quot;},&quot;license_plate&quot;:{&quot;actualKey&quot;:&quot;不存在此license_plate&quot;,&quot;expectedKey&quot;:&quot;license_plate&quot;},&quot;veh_model_name&quot;:{&quot;actualKey&quot;:&quot;不存在此veh_model_name&quot;,&quot;expectedKey&quot;:&quot;veh_model_name&quot;},&quot;veh_common_name&quot;:{&quot;actualKey&quot;:&quot;不存在此veh_common_name&quot;,&quot;expectedKey&quot;:&quot;veh_common_name&quot;},&quot;curb_weight&quot;:{&quot;actualKey&quot;:&quot;不存在此curb_weight&quot;,&quot;expectedKey&quot;:&quot;curb_weight&quot;},&quot;max_speed&quot;:{&quot;actualKey&quot;:&quot;不存在此max_speed&quot;,&quot;expectedKey&quot;:&quot;max_speed&quot;},&quot;drive_range&quot;:{&quot;actualKey&quot;:&quot;不存在此drive_range&quot;,&quot;expectedKey&quot;:&quot;drive_range&quot;},&quot;positive_material&quot;:{&quot;actualKey&quot;:&quot;不存在此positive_material&quot;,&quot;expectedKey&quot;:&quot;positive_material&quot;},&quot;cell_manufacturer&quot;:{&quot;actualKey&quot;:&quot;不存在此cell_manufacturer&quot;,&quot;expectedKey&quot;:&quot;cell_manufacturer&quot;},&quot;kwh_100km&quot;:{&quot;actualKey&quot;:&quot;不存在此kwh_100km&quot;,&quot;expectedKey&quot;:&quot;kwh_100km&quot;},&quot;is_online&quot;:{&quot;actualKey&quot;:&quot;不存在此is_online&quot;,&quot;expectedKey&quot;:&quot;is_online&quot;},&quot;first_live_date&quot;:{&quot;actualKey&quot;:&quot;不存在此first_live_date&quot;,&quot;expectedKey&quot;:&quot;first_live_date&quot;},&quot;run_city&quot;:{&quot;actualKey&quot;:&quot;不存在此run_city&quot;,&quot;expectedKey&quot;:&quot;run_city&quot;},&quot;run_province&quot;:{&quot;actualKey&quot;:&quot;不存在此run_province&quot;,&quot;expectedKey&quot;:&quot;run_province&quot;},&quot;veh_category_2&quot;:{&quot;actualKey&quot;:&quot;不存在此veh_category_2&quot;,&quot;expectedKey&quot;:&quot;veh_category_2&quot;},&quot;unit_name&quot;:{&quot;actualKey&quot;:&quot;不存在此unit_name&quot;,&quot;expectedKey&quot;:&quot;unit_name&quot;},&quot;veh_level&quot;:{&quot;actualKey&quot;:&quot;不存在此veh_level&quot;,&quot;expectedKey&quot;:&quot;veh_level&quot;},&quot;first_run_date&quot;:{&quot;actualKey&quot;:&quot;不存在此first_run_date&quot;,&quot;expectedKey&quot;:&quot;first_run_date&quot;},&quot;first_charge_date&quot;:{&quot;actualKey&quot;:&quot;不存在此first_charge_date&quot;,&quot;expectedKey&quot;:&quot;first_charge_date&quot;},&quot;error&quot;:{&quot;actualValue&quot;:null,&quot;expectedValue&quot;:{&quot;vin&quot;:&quot;LNBSCC3H5HF323314&quot;,&quot;brand&quot;:&quot;北京牌&quot;,&quot;manufacturer&quot;:&quot;北京汽车股份有限公司&quot;,&quot;power_type&quot;:&quot;纯电动&quot;,&quot;license_plate&quot;:&quot;沪AD88753&quot;,&quot;veh_model_name&quot;:&quot;BJ7000C5E2-BEV&quot;,&quot;veh_common_name&quot;:&quot;EU260&quot;,&quot;curb_weight&quot;:1613,&quot;max_speed&quot;:100,&quot;drive_range&quot;:252,&quot;positive_material&quot;:&quot;层状三元材料&quot;,&quot;cell_manufacturer&quot;:&quot;宁德时代新能源科技股份有限公司&quot;,&quot;kwh_100km&quot;:null,&quot;is_online&quot;:1,&quot;first_live_date&quot;:&quot;2020-03-22&quot;,&quot;run_city&quot;:&quot;上海市&quot;,&quot;run_province&quot;:&quot;上海市&quot;,&quot;veh_category_2&quot;:&quot;网约车&quot;,&quot;unit_name&quot;:&quot;上海强生出租汽车有限公司&quot;,&quot;veh_level&quot;:&quot;A&quot;,&quot;first_run_date&quot;:&quot;1584850157000&quot;,&quot;first_charge_date&quot;:&quot;1584865537000&quot;},&quot;currentValue is &quot;:true,&quot;expectedValue is&quot;:false},&quot;code&quot;:{&quot;actualValue&quot;:null,&quot;expectedValue&quot;:{&quot;vin&quot;:&quot;LNBSCC3H5HF323314&quot;,&quot;brand&quot;:&quot;北京牌&quot;,&quot;manufacturer&quot;:&quot;北京汽车股份有限公司&quot;,&quot;power_type&quot;:&quot;纯电动&quot;,&quot;license_plate&quot;:&quot;沪AD88753&quot;,&quot;veh_model_name&quot;:&quot;BJ7000C5E2-BEV&quot;,&quot;veh_common_name&quot;:&quot;EU260&quot;,&quot;curb_weight&quot;:1613,&quot;max_speed&quot;:100,&quot;drive_range&quot;:252,&quot;positive_material&quot;:&quot;层状三元材料&quot;,&quot;cell_manufacturer&quot;:&quot;宁德时代新能源科技股份有限公司&quot;,&quot;kwh_100km&quot;:null,&quot;is_online&quot;:1,&quot;first_live_date&quot;:&quot;2020-03-22&quot;,&quot;run_city&quot;:&quot;上海市&quot;,&quot;run_province&quot;:&quot;上海市&quot;,&quot;veh_category_2&quot;:&quot;网约车&quot;,&quot;unit_name&quot;:&quot;上海强生出租汽车有限公司&quot;,&quot;veh_level&quot;:&quot;A&quot;,&quot;first_run_date&quot;:&quot;1584850157000&quot;,&quot;first_charge_date&quot;:&quot;1584865537000&quot;},&quot;currentValue is &quot;:&quot;40000&quot;,&quot;expectedValue is&quot;:false,&quot;expectedValue is &quot;:&quot;10000&quot;}}]">
      <![CDATA[java.lang.AssertionError: expected [{}] but found [{"data":{"actualValue":null,"expectedValue":{"vin":"LNBSCC3H5HF323314","brand":"北京牌","manufacturer":"北京汽车股份有限公司","power_type":"纯电动","license_plate":"沪AD88753","veh_model_name":"BJ7000C5E2-BEV","veh_common_name":"EU260","curb_weight":1613,"max_speed":100,"drive_range":252,"positive_material":"层状三元材料","cell_manufacturer":"宁德时代新能源科技股份有限公司","kwh_100km":null,"is_online":1,"first_live_date":"2020-03-22","run_city":"上海市","run_province":"上海市","veh_category_2":"网约车","unit_name":"上海强生出租汽车有限公司","veh_level":"A","first_run_date":"1584850157000","first_charge_date":"1584865537000"}},"vin":{"actualKey":"不存在此vin","expectedKey":"vin"},"brand":{"actualKey":"不存在此brand","expectedKey":"brand"},"manufacturer":{"actualKey":"不存在此manufacturer","expectedKey":"manufacturer"},"power_type":{"actualKey":"不存在此power_type","expectedKey":"power_type"},"license_plate":{"actualKey":"不存在此license_plate","expectedKey":"license_plate"},"veh_model_name":{"actualKey":"不存在此veh_model_name","expectedKey":"veh_model_name"},"veh_common_name":{"actualKey":"不存在此veh_common_name","expectedKey":"veh_common_name"},"curb_weight":{"actualKey":"不存在此curb_weight","expectedKey":"curb_weight"},"max_speed":{"actualKey":"不存在此max_speed","expectedKey":"max_speed"},"drive_range":{"actualKey":"不存在此drive_range","expectedKey":"drive_range"},"positive_material":{"actualKey":"不存在此positive_material","expectedKey":"positive_material"},"cell_manufacturer":{"actualKey":"不存在此cell_manufacturer","expectedKey":"cell_manufacturer"},"kwh_100km":{"actualKey":"不存在此kwh_100km","expectedKey":"kwh_100km"},"is_online":{"actualKey":"不存在此is_online","expectedKey":"is_online"},"first_live_date":{"actualKey":"不存在此first_live_date","expectedKey":"first_live_date"},"run_city":{"actualKey":"不存在此run_city","expectedKey":"run_city"},"run_province":{"actualKey":"不存在此run_province","expectedKey":"run_province"},"veh_category_2":{"actualKey":"不存在此veh_category_2","expectedKey":"veh_category_2"},"unit_name":{"actualKey":"不存在此unit_name","expectedKey":"unit_name"},"veh_level":{"actualKey":"不存在此veh_level","expectedKey":"veh_level"},"first_run_date":{"actualKey":"不存在此first_run_date","expectedKey":"first_run_date"},"first_charge_date":{"actualKey":"不存在此first_charge_date","expectedKey":"first_charge_date"},"error":{"actualValue":null,"expectedValue":{"vin":"LNBSCC3H5HF323314","brand":"北京牌","manufacturer":"北京汽车股份有限公司","power_type":"纯电动","license_plate":"沪AD88753","veh_model_name":"BJ7000C5E2-BEV","veh_common_name":"EU260","curb_weight":1613,"max_speed":100,"drive_range":252,"positive_material":"层状三元材料","cell_manufacturer":"宁德时代新能源科技股份有限公司","kwh_100km":null,"is_online":1,"first_live_date":"2020-03-22","run_city":"上海市","run_province":"上海市","veh_category_2":"网约车","unit_name":"上海强生出租汽车有限公司","veh_level":"A","first_run_date":"1584850157000","first_charge_date":"1584865537000"},"currentValue is ":true,"expectedValue is":false},"code":{"actualValue":null,"expectedValue":{"vin":"LNBSCC3H5HF323314","brand":"北京牌","manufacturer":"北京汽车股份有限公司","power_type":"纯电动","license_plate":"沪AD88753","veh_model_name":"BJ7000C5E2-BEV","veh_common_name":"EU260","curb_weight":1613,"max_speed":100,"drive_range":252,"positive_material":"层状三元材料","cell_manufacturer":"宁德时代新能源科技股份有限公司","kwh_100km":null,"is_online":1,"first_live_date":"2020-03-22","run_city":"上海市","run_province":"上海市","veh_category_2":"网约车","unit_name":"上海强生出租汽车有限公司","veh_level":"A","first_run_date":"1584850157000","first_charge_date":"1584865537000"},"currentValue is ":"40000","expectedValue is":false,"expectedValue is ":"10000"}}]
at org.testng.Assert.fail(Assert.java:96)
at org.testng.Assert.failNotEquals(Assert.java:776)
at org.testng.Assert.assertEqualsImpl(Assert.java:137)
at org.testng.Assert.assertEquals(Assert.java:118)
at org.testng.Assert.assertEquals(Assert.java:453)
at org.testng.Assert.assertEquals(Assert.java:463)
at com.bitnei.apitest.testcases.saas.ApiTest.ApiTestCode(ApiTest.java:102)
at sun.reflect.GeneratedMethodAccessor2.invoke(Unknown Source)
at sun.reflect.DelegatingMethodAccessorImpl.invoke(DelegatingMethodAccessorImpl.java:43)
at java.lang.reflect.Method.invoke(Method.java:498)
at org.testng.internal.MethodInvocationHelper.invokeMethod(MethodInvocationHelper.java:124)
at org.testng.internal.Invoker.invokeMethod(Invoker.java:580)
at org.testng.internal.Invoker.invokeTestMethod(Invoker.java:716)
at org.testng.internal.Invoker.invokeTestMethods(Invoker.java:988)
at org.testng.internal.TestMethodWorker.invokeTestMethods(TestMethodWorker.java:125)
at org.testng.internal.TestMethodWorker.run(TestMethodWorker.java:109)
at org.testng.TestRunner.privateRun(TestRunner.java:648)
at org.testng.TestRunner.run(TestRunner.java:505)
at org.testng.SuiteRunner.runTest(SuiteRunner.java:455)
at org.testng.SuiteRunner.runSequentially(SuiteRunner.java:450)
at org.testng.SuiteRunner.privateRun(SuiteRunner.java:415)
at org.testng.SuiteRunner.run(SuiteRunner.java:364)
at org.testng.SuiteRunnerWorker.runSuite(SuiteRunnerWorker.java:52)
at org.testng.SuiteRunnerWorker.run(SuiteRunnerWorker.java:84)
at org.testng.TestNG.runSuitesSequentially(TestNG.java:1208)
at org.testng.TestNG.runSuitesLocally(TestNG.java:1137)
at org.testng.TestNG.runSuites(TestNG.java:1049)
at org.testng.TestNG.run(TestNG.java:1017)
at org.testng.remote.AbstractRemoteTestNG.run(AbstractRemoteTestNG.java:114)
at org.testng.remote.RemoteTestNG.initAndRun(RemoteTestNG.java:251)
at org.testng.remote.RemoteTestNG.main(RemoteTestNG.java:77)
]]>
    </failure>
  </testcase> <!-- ApiTestCode -->
  <testcase name="ApiTestCode" time="0.065" classname="com.bitnei.apitest.testcases.saas.ApiTest"/>
  <testcase name="ApiTestCode" time="0.181" classname="com.bitnei.apitest.testcases.saas.ApiTest">
    <failure type="java.lang.AssertionError" message="expected [{}] but found [{&quot;data&quot;:{&quot;actualValue&quot;:null,&quot;expectedValue&quot;:{&quot;produceType&quot;:&quot;新能源汽车&quot;,&quot;batteryType&quot;:&quot;三元材料&quot;,&quot;cellEnterprise&quot;:&quot;苏州宇量电池有限公司&quot;,&quot;cellModel&quot;:&quot;26800HE&quot;,&quot;cellShape&quot;:&quot;圆柱形&quot;,&quot;ratingVolume&quot;:149,&quot;ratingVolt&quot;:331,&quot;packEnergyDensity&quot;:135,&quot;producedDate&quot;:&quot;2019-06-18&quot;,&quot;retireDate&quot;:null}},&quot;produceType&quot;:{&quot;actualKey&quot;:&quot;不存在此produceType&quot;,&quot;expectedKey&quot;:&quot;produceType&quot;},&quot;batteryType&quot;:{&quot;actualKey&quot;:&quot;不存在此batteryType&quot;,&quot;expectedKey&quot;:&quot;batteryType&quot;},&quot;cellEnterprise&quot;:{&quot;actualKey&quot;:&quot;不存在此cellEnterprise&quot;,&quot;expectedKey&quot;:&quot;cellEnterprise&quot;},&quot;cellModel&quot;:{&quot;actualKey&quot;:&quot;不存在此cellModel&quot;,&quot;expectedKey&quot;:&quot;cellModel&quot;},&quot;cellShape&quot;:{&quot;actualKey&quot;:&quot;不存在此cellShape&quot;,&quot;expectedKey&quot;:&quot;cellShape&quot;},&quot;ratingVolume&quot;:{&quot;actualKey&quot;:&quot;不存在此ratingVolume&quot;,&quot;expectedKey&quot;:&quot;ratingVolume&quot;},&quot;ratingVolt&quot;:{&quot;actualKey&quot;:&quot;不存在此ratingVolt&quot;,&quot;expectedKey&quot;:&quot;ratingVolt&quot;},&quot;packEnergyDensity&quot;:{&quot;actualKey&quot;:&quot;不存在此packEnergyDensity&quot;,&quot;expectedKey&quot;:&quot;packEnergyDensity&quot;},&quot;producedDate&quot;:{&quot;actualKey&quot;:&quot;不存在此producedDate&quot;,&quot;expectedKey&quot;:&quot;producedDate&quot;},&quot;retireDate&quot;:{&quot;actualKey&quot;:&quot;不存在此retireDate&quot;,&quot;expectedKey&quot;:&quot;retireDate&quot;},&quot;error&quot;:{&quot;actualValue&quot;:null,&quot;expectedValue&quot;:{&quot;produceType&quot;:&quot;新能源汽车&quot;,&quot;batteryType&quot;:&quot;三元材料&quot;,&quot;cellEnterprise&quot;:&quot;苏州宇量电池有限公司&quot;,&quot;cellModel&quot;:&quot;26800HE&quot;,&quot;cellShape&quot;:&quot;圆柱形&quot;,&quot;ratingVolume&quot;:149,&quot;ratingVolt&quot;:331,&quot;packEnergyDensity&quot;:135,&quot;producedDate&quot;:&quot;2019-06-18&quot;,&quot;retireDate&quot;:null},&quot;currentValue is &quot;:true,&quot;expectedValue is&quot;:false},&quot;code&quot;:{&quot;actualValue&quot;:null,&quot;expectedValue&quot;:{&quot;produceType&quot;:&quot;新能源汽车&quot;,&quot;batteryType&quot;:&quot;三元材料&quot;,&quot;cellEnterprise&quot;:&quot;苏州宇量电池有限公司&quot;,&quot;cellModel&quot;:&quot;26800HE&quot;,&quot;cellShape&quot;:&quot;圆柱形&quot;,&quot;ratingVolume&quot;:149,&quot;ratingVolt&quot;:331,&quot;packEnergyDensity&quot;:135,&quot;producedDate&quot;:&quot;2019-06-18&quot;,&quot;retireDate&quot;:null},&quot;currentValue is &quot;:&quot;40000&quot;,&quot;expectedValue is&quot;:false,&quot;expectedValue is &quot;:&quot;10000&quot;}}]">
      <![CDATA[java.lang.AssertionError: expected [{}] but found [{"data":{"actualValue":null,"expectedValue":{"produceType":"新能源汽车","batteryType":"三元材料","cellEnterprise":"苏州宇量电池有限公司","cellModel":"26800HE","cellShape":"圆柱形","ratingVolume":149,"ratingVolt":331,"packEnergyDensity":135,"producedDate":"2019-06-18","retireDate":null}},"produceType":{"actualKey":"不存在此produceType","expectedKey":"produceType"},"batteryType":{"actualKey":"不存在此batteryType","expectedKey":"batteryType"},"cellEnterprise":{"actualKey":"不存在此cellEnterprise","expectedKey":"cellEnterprise"},"cellModel":{"actualKey":"不存在此cellModel","expectedKey":"cellModel"},"cellShape":{"actualKey":"不存在此cellShape","expectedKey":"cellShape"},"ratingVolume":{"actualKey":"不存在此ratingVolume","expectedKey":"ratingVolume"},"ratingVolt":{"actualKey":"不存在此ratingVolt","expectedKey":"ratingVolt"},"packEnergyDensity":{"actualKey":"不存在此packEnergyDensity","expectedKey":"packEnergyDensity"},"producedDate":{"actualKey":"不存在此producedDate","expectedKey":"producedDate"},"retireDate":{"actualKey":"不存在此retireDate","expectedKey":"retireDate"},"error":{"actualValue":null,"expectedValue":{"produceType":"新能源汽车","batteryType":"三元材料","cellEnterprise":"苏州宇量电池有限公司","cellModel":"26800HE","cellShape":"圆柱形","ratingVolume":149,"ratingVolt":331,"packEnergyDensity":135,"producedDate":"2019-06-18","retireDate":null},"currentValue is ":true,"expectedValue is":false},"code":{"actualValue":null,"expectedValue":{"produceType":"新能源汽车","batteryType":"三元材料","cellEnterprise":"苏州宇量电池有限公司","cellModel":"26800HE","cellShape":"圆柱形","ratingVolume":149,"ratingVolt":331,"packEnergyDensity":135,"producedDate":"2019-06-18","retireDate":null},"currentValue is ":"40000","expectedValue is":false,"expectedValue is ":"10000"}}]
at org.testng.Assert.fail(Assert.java:96)
at org.testng.Assert.failNotEquals(Assert.java:776)
at org.testng.Assert.assertEqualsImpl(Assert.java:137)
at org.testng.Assert.assertEquals(Assert.java:118)
at org.testng.Assert.assertEquals(Assert.java:453)
at org.testng.Assert.assertEquals(Assert.java:463)
at com.bitnei.apitest.testcases.saas.ApiTest.ApiTestCode(ApiTest.java:102)
at sun.reflect.GeneratedMethodAccessor2.invoke(Unknown Source)
at sun.reflect.DelegatingMethodAccessorImpl.invoke(DelegatingMethodAccessorImpl.java:43)
at java.lang.reflect.Method.invoke(Method.java:498)
at org.testng.internal.MethodInvocationHelper.invokeMethod(MethodInvocationHelper.java:124)
at org.testng.internal.Invoker.invokeMethod(Invoker.java:580)
at org.testng.internal.Invoker.invokeTestMethod(Invoker.java:716)
at org.testng.internal.Invoker.invokeTestMethods(Invoker.java:988)
at org.testng.internal.TestMethodWorker.invokeTestMethods(TestMethodWorker.java:125)
at org.testng.internal.TestMethodWorker.run(TestMethodWorker.java:109)
at org.testng.TestRunner.privateRun(TestRunner.java:648)
at org.testng.TestRunner.run(TestRunner.java:505)
at org.testng.SuiteRunner.runTest(SuiteRunner.java:455)
at org.testng.SuiteRunner.runSequentially(SuiteRunner.java:450)
at org.testng.SuiteRunner.privateRun(SuiteRunner.java:415)
at org.testng.SuiteRunner.run(SuiteRunner.java:364)
at org.testng.SuiteRunnerWorker.runSuite(SuiteRunnerWorker.java:52)
at org.testng.SuiteRunnerWorker.run(SuiteRunnerWorker.java:84)
at org.testng.TestNG.runSuitesSequentially(TestNG.java:1208)
at org.testng.TestNG.runSuitesLocally(TestNG.java:1137)
at org.testng.TestNG.runSuites(TestNG.java:1049)
at org.testng.TestNG.run(TestNG.java:1017)
at org.testng.remote.AbstractRemoteTestNG.run(AbstractRemoteTestNG.java:114)
at org.testng.remote.RemoteTestNG.initAndRun(RemoteTestNG.java:251)
at org.testng.remote.RemoteTestNG.main(RemoteTestNG.java:77)
]]>
    </failure>
  </testcase> <!-- ApiTestCode -->
  <testcase name="ApiTestCode" time="0.027" classname="com.bitnei.apitest.testcases.saas.ApiTest">
    <failure type="java.lang.AssertionError" message="expected [{}] but found [{&quot;data&quot;:{&quot;actualValue&quot;:null,&quot;expectedValue&quot;:[{&quot;vin&quot;:&quot;LSJA24798HS083184&quot;,&quot;registerTime&quot;:&quot;2018-04-27&quot;,&quot;conditionEndMileage&quot;:1576010,&quot;brand&quot;:&quot;荣威牌&quot;,&quot;vehModelName&quot;:&quot;CSA6454NDPHEV1&quot;,&quot;rangeNedc&quot;:60,&quot;energyAverage&quot;:null,&quot;maxTempMonth&quot;:23,&quot;minTempMonth&quot;:-1,&quot;rangeRatioMinTemp&quot;:0.91303813,&quot;chaStartCount10&quot;:0,&quot;chaStartCount20&quot;:10,&quot;chaEndCount80&quot;:0,&quot;chaEndCount90&quot;:0,&quot;fastChaHighCount&quot;:0,&quot;fastChaLowCount&quot;:0,&quot;fastChaNormalCount&quot;:2,&quot;totalRunMile&quot;:24860,&quot;totalRunTimeLength&quot;:194626,&quot;energy100&quot;:5.546259,&quot;highSpeedRate&quot;:1,&quot;abnormalA&quot;:200.13512,&quot;abnormalB&quot;:0,&quot;abnormalC&quot;:0,&quot;pmonth&quot;:&quot;2020-12&quot;,&quot;chaCount&quot;:32,&quot;mileDiff&quot;:26110,&quot;totalRunTimeLenEstimate&quot;:204412.11,&quot;avgAbnormal&quot;:66.71171}]},&quot;vin&quot;:{&quot;actualKey&quot;:&quot;不存在此vin&quot;,&quot;expectedKey&quot;:&quot;vin&quot;},&quot;registerTime&quot;:{&quot;actualKey&quot;:&quot;不存在此registerTime&quot;,&quot;expectedKey&quot;:&quot;registerTime&quot;},&quot;conditionEndMileage&quot;:{&quot;actualKey&quot;:&quot;不存在此conditionEndMileage&quot;,&quot;expectedKey&quot;:&quot;conditionEndMileage&quot;},&quot;brand&quot;:{&quot;actualKey&quot;:&quot;不存在此brand&quot;,&quot;expectedKey&quot;:&quot;brand&quot;},&quot;vehModelName&quot;:{&quot;actualKey&quot;:&quot;不存在此vehModelName&quot;,&quot;expectedKey&quot;:&quot;vehModelName&quot;},&quot;rangeNedc&quot;:{&quot;actualKey&quot;:&quot;不存在此rangeNedc&quot;,&quot;expectedKey&quot;:&quot;rangeNedc&quot;},&quot;energyAverage&quot;:{&quot;actualKey&quot;:&quot;不存在此energyAverage&quot;,&quot;expectedKey&quot;:&quot;energyAverage&quot;},&quot;maxTempMonth&quot;:{&quot;actualKey&quot;:&quot;不存在此maxTempMonth&quot;,&quot;expectedKey&quot;:&quot;maxTempMonth&quot;},&quot;minTempMonth&quot;:{&quot;actualKey&quot;:&quot;不存在此minTempMonth&quot;,&quot;expectedKey&quot;:&quot;minTempMonth&quot;},&quot;rangeRatioMinTemp&quot;:{&quot;actualKey&quot;:&quot;不存在此rangeRatioMinTemp&quot;,&quot;expectedKey&quot;:&quot;rangeRatioMinTemp&quot;},&quot;chaStartCount10&quot;:{&quot;actualKey&quot;:&quot;不存在此chaStartCount10&quot;,&quot;expectedKey&quot;:&quot;chaStartCount10&quot;},&quot;chaStartCount20&quot;:{&quot;actualKey&quot;:&quot;不存在此chaStartCount20&quot;,&quot;expectedKey&quot;:&quot;chaStartCount20&quot;},&quot;chaEndCount80&quot;:{&quot;actualKey&quot;:&quot;不存在此chaEndCount80&quot;,&quot;expectedKey&quot;:&quot;chaEndCount80&quot;},&quot;chaEndCount90&quot;:{&quot;actualKey&quot;:&quot;不存在此chaEndCount90&quot;,&quot;expectedKey&quot;:&quot;chaEndCount90&quot;},&quot;fastChaHighCount&quot;:{&quot;actualKey&quot;:&quot;不存在此fastChaHighCount&quot;,&quot;expectedKey&quot;:&quot;fastChaHighCount&quot;},&quot;fastChaLowCount&quot;:{&quot;actualKey&quot;:&quot;不存在此fastChaLowCount&quot;,&quot;expectedKey&quot;:&quot;fastChaLowCount&quot;},&quot;fastChaNormalCount&quot;:{&quot;actualKey&quot;:&quot;不存在此fastChaNormalCount&quot;,&quot;expectedKey&quot;:&quot;fastChaNormalCount&quot;},&quot;totalRunMile&quot;:{&quot;actualKey&quot;:&quot;不存在此totalRunMile&quot;,&quot;expectedKey&quot;:&quot;totalRunMile&quot;},&quot;totalRunTimeLength&quot;:{&quot;actualKey&quot;:&quot;不存在此totalRunTimeLength&quot;,&quot;expectedKey&quot;:&quot;totalRunTimeLength&quot;},&quot;energy100&quot;:{&quot;actualKey&quot;:&quot;不存在此energy100&quot;,&quot;expectedKey&quot;:&quot;energy100&quot;},&quot;highSpeedRate&quot;:{&quot;actualKey&quot;:&quot;不存在此highSpeedRate&quot;,&quot;expectedKey&quot;:&quot;highSpeedRate&quot;},&quot;abnormalA&quot;:{&quot;actualKey&quot;:&quot;不存在此abnormalA&quot;,&quot;expectedKey&quot;:&quot;abnormalA&quot;},&quot;abnormalB&quot;:{&quot;actualKey&quot;:&quot;不存在此abnormalB&quot;,&quot;expectedKey&quot;:&quot;abnormalB&quot;},&quot;abnormalC&quot;:{&quot;actualKey&quot;:&quot;不存在此abnormalC&quot;,&quot;expectedKey&quot;:&quot;abnormalC&quot;},&quot;pmonth&quot;:{&quot;actualKey&quot;:&quot;不存在此pmonth&quot;,&quot;expectedKey&quot;:&quot;pmonth&quot;},&quot;chaCount&quot;:{&quot;actualKey&quot;:&quot;不存在此chaCount&quot;,&quot;expectedKey&quot;:&quot;chaCount&quot;},&quot;mileDiff&quot;:{&quot;actualKey&quot;:&quot;不存在此mileDiff&quot;,&quot;expectedKey&quot;:&quot;mileDiff&quot;},&quot;totalRunTimeLenEstimate&quot;:{&quot;actualKey&quot;:&quot;不存在此totalRunTimeLenEstimate&quot;,&quot;expectedKey&quot;:&quot;totalRunTimeLenEstimate&quot;},&quot;avgAbnormal&quot;:{&quot;actualKey&quot;:&quot;不存在此avgAbnormal&quot;,&quot;expectedKey&quot;:&quot;avgAbnormal&quot;},&quot;error&quot;:{&quot;actualValue&quot;:null,&quot;expectedValue&quot;:[{&quot;vin&quot;:&quot;LSJA24798HS083184&quot;,&quot;registerTime&quot;:&quot;2018-04-27&quot;,&quot;conditionEndMileage&quot;:1576010,&quot;brand&quot;:&quot;荣威牌&quot;,&quot;vehModelName&quot;:&quot;CSA6454NDPHEV1&quot;,&quot;rangeNedc&quot;:60,&quot;energyAverage&quot;:null,&quot;maxTempMonth&quot;:23,&quot;minTempMonth&quot;:-1,&quot;rangeRatioMinTemp&quot;:0.91303813,&quot;chaStartCount10&quot;:0,&quot;chaStartCount20&quot;:10,&quot;chaEndCount80&quot;:0,&quot;chaEndCount90&quot;:0,&quot;fastChaHighCount&quot;:0,&quot;fastChaLowCount&quot;:0,&quot;fastChaNormalCount&quot;:2,&quot;totalRunMile&quot;:24860,&quot;totalRunTimeLength&quot;:194626,&quot;energy100&quot;:5.546259,&quot;highSpeedRate&quot;:1,&quot;abnormalA&quot;:200.13512,&quot;abnormalB&quot;:0,&quot;abnormalC&quot;:0,&quot;pmonth&quot;:&quot;2020-12&quot;,&quot;chaCount&quot;:32,&quot;mileDiff&quot;:26110,&quot;totalRunTimeLenEstimate&quot;:204412.11,&quot;avgAbnormal&quot;:66.71171}],&quot;currentValue is &quot;:true,&quot;expectedValue is&quot;:false},&quot;code&quot;:{&quot;actualValue&quot;:null,&quot;expectedValue&quot;:[{&quot;vin&quot;:&quot;LSJA24798HS083184&quot;,&quot;registerTime&quot;:&quot;2018-04-27&quot;,&quot;conditionEndMileage&quot;:1576010,&quot;brand&quot;:&quot;荣威牌&quot;,&quot;vehModelName&quot;:&quot;CSA6454NDPHEV1&quot;,&quot;rangeNedc&quot;:60,&quot;energyAverage&quot;:null,&quot;maxTempMonth&quot;:23,&quot;minTempMonth&quot;:-1,&quot;rangeRatioMinTemp&quot;:0.91303813,&quot;chaStartCount10&quot;:0,&quot;chaStartCount20&quot;:10,&quot;chaEndCount80&quot;:0,&quot;chaEndCount90&quot;:0,&quot;fastChaHighCount&quot;:0,&quot;fastChaLowCount&quot;:0,&quot;fastChaNormalCount&quot;:2,&quot;totalRunMile&quot;:24860,&quot;totalRunTimeLength&quot;:194626,&quot;energy100&quot;:5.546259,&quot;highSpeedRate&quot;:1,&quot;abnormalA&quot;:200.13512,&quot;abnormalB&quot;:0,&quot;abnormalC&quot;:0,&quot;pmonth&quot;:&quot;2020-12&quot;,&quot;chaCount&quot;:32,&quot;mileDiff&quot;:26110,&quot;totalRunTimeLenEstimate&quot;:204412.11,&quot;avgAbnormal&quot;:66.71171}],&quot;currentValue is &quot;:&quot;40000&quot;,&quot;expectedValue is&quot;:false,&quot;expectedValue is &quot;:&quot;10000&quot;}}]">
      <![CDATA[java.lang.AssertionError: expected [{}] but found [{"data":{"actualValue":null,"expectedValue":[{"vin":"LSJA24798HS083184","registerTime":"2018-04-27","conditionEndMileage":1576010,"brand":"荣威牌","vehModelName":"CSA6454NDPHEV1","rangeNedc":60,"energyAverage":null,"maxTempMonth":23,"minTempMonth":-1,"rangeRatioMinTemp":0.91303813,"chaStartCount10":0,"chaStartCount20":10,"chaEndCount80":0,"chaEndCount90":0,"fastChaHighCount":0,"fastChaLowCount":0,"fastChaNormalCount":2,"totalRunMile":24860,"totalRunTimeLength":194626,"energy100":5.546259,"highSpeedRate":1,"abnormalA":200.13512,"abnormalB":0,"abnormalC":0,"pmonth":"2020-12","chaCount":32,"mileDiff":26110,"totalRunTimeLenEstimate":204412.11,"avgAbnormal":66.71171}]},"vin":{"actualKey":"不存在此vin","expectedKey":"vin"},"registerTime":{"actualKey":"不存在此registerTime","expectedKey":"registerTime"},"conditionEndMileage":{"actualKey":"不存在此conditionEndMileage","expectedKey":"conditionEndMileage"},"brand":{"actualKey":"不存在此brand","expectedKey":"brand"},"vehModelName":{"actualKey":"不存在此vehModelName","expectedKey":"vehModelName"},"rangeNedc":{"actualKey":"不存在此rangeNedc","expectedKey":"rangeNedc"},"energyAverage":{"actualKey":"不存在此energyAverage","expectedKey":"energyAverage"},"maxTempMonth":{"actualKey":"不存在此maxTempMonth","expectedKey":"maxTempMonth"},"minTempMonth":{"actualKey":"不存在此minTempMonth","expectedKey":"minTempMonth"},"rangeRatioMinTemp":{"actualKey":"不存在此rangeRatioMinTemp","expectedKey":"rangeRatioMinTemp"},"chaStartCount10":{"actualKey":"不存在此chaStartCount10","expectedKey":"chaStartCount10"},"chaStartCount20":{"actualKey":"不存在此chaStartCount20","expectedKey":"chaStartCount20"},"chaEndCount80":{"actualKey":"不存在此chaEndCount80","expectedKey":"chaEndCount80"},"chaEndCount90":{"actualKey":"不存在此chaEndCount90","expectedKey":"chaEndCount90"},"fastChaHighCount":{"actualKey":"不存在此fastChaHighCount","expectedKey":"fastChaHighCount"},"fastChaLowCount":{"actualKey":"不存在此fastChaLowCount","expectedKey":"fastChaLowCount"},"fastChaNormalCount":{"actualKey":"不存在此fastChaNormalCount","expectedKey":"fastChaNormalCount"},"totalRunMile":{"actualKey":"不存在此totalRunMile","expectedKey":"totalRunMile"},"totalRunTimeLength":{"actualKey":"不存在此totalRunTimeLength","expectedKey":"totalRunTimeLength"},"energy100":{"actualKey":"不存在此energy100","expectedKey":"energy100"},"highSpeedRate":{"actualKey":"不存在此highSpeedRate","expectedKey":"highSpeedRate"},"abnormalA":{"actualKey":"不存在此abnormalA","expectedKey":"abnormalA"},"abnormalB":{"actualKey":"不存在此abnormalB","expectedKey":"abnormalB"},"abnormalC":{"actualKey":"不存在此abnormalC","expectedKey":"abnormalC"},"pmonth":{"actualKey":"不存在此pmonth","expectedKey":"pmonth"},"chaCount":{"actualKey":"不存在此chaCount","expectedKey":"chaCount"},"mileDiff":{"actualKey":"不存在此mileDiff","expectedKey":"mileDiff"},"totalRunTimeLenEstimate":{"actualKey":"不存在此totalRunTimeLenEstimate","expectedKey":"totalRunTimeLenEstimate"},"avgAbnormal":{"actualKey":"不存在此avgAbnormal","expectedKey":"avgAbnormal"},"error":{"actualValue":null,"expectedValue":[{"vin":"LSJA24798HS083184","registerTime":"2018-04-27","conditionEndMileage":1576010,"brand":"荣威牌","vehModelName":"CSA6454NDPHEV1","rangeNedc":60,"energyAverage":null,"maxTempMonth":23,"minTempMonth":-1,"rangeRatioMinTemp":0.91303813,"chaStartCount10":0,"chaStartCount20":10,"chaEndCount80":0,"chaEndCount90":0,"fastChaHighCount":0,"fastChaLowCount":0,"fastChaNormalCount":2,"totalRunMile":24860,"totalRunTimeLength":194626,"energy100":5.546259,"highSpeedRate":1,"abnormalA":200.13512,"abnormalB":0,"abnormalC":0,"pmonth":"2020-12","chaCount":32,"mileDiff":26110,"totalRunTimeLenEstimate":204412.11,"avgAbnormal":66.71171}],"currentValue is ":true,"expectedValue is":false},"code":{"actualValue":null,"expectedValue":[{"vin":"LSJA24798HS083184","registerTime":"2018-04-27","conditionEndMileage":1576010,"brand":"荣威牌","vehModelName":"CSA6454NDPHEV1","rangeNedc":60,"energyAverage":null,"maxTempMonth":23,"minTempMonth":-1,"rangeRatioMinTemp":0.91303813,"chaStartCount10":0,"chaStartCount20":10,"chaEndCount80":0,"chaEndCount90":0,"fastChaHighCount":0,"fastChaLowCount":0,"fastChaNormalCount":2,"totalRunMile":24860,"totalRunTimeLength":194626,"energy100":5.546259,"highSpeedRate":1,"abnormalA":200.13512,"abnormalB":0,"abnormalC":0,"pmonth":"2020-12","chaCount":32,"mileDiff":26110,"totalRunTimeLenEstimate":204412.11,"avgAbnormal":66.71171}],"currentValue is ":"40000","expectedValue is":false,"expectedValue is ":"10000"}}]
at org.testng.Assert.fail(Assert.java:96)
at org.testng.Assert.failNotEquals(Assert.java:776)
at org.testng.Assert.assertEqualsImpl(Assert.java:137)
at org.testng.Assert.assertEquals(Assert.java:118)
at org.testng.Assert.assertEquals(Assert.java:453)
at org.testng.Assert.assertEquals(Assert.java:463)
at com.bitnei.apitest.testcases.saas.ApiTest.ApiTestCode(ApiTest.java:102)
at sun.reflect.GeneratedMethodAccessor2.invoke(Unknown Source)
at sun.reflect.DelegatingMethodAccessorImpl.invoke(DelegatingMethodAccessorImpl.java:43)
at java.lang.reflect.Method.invoke(Method.java:498)
at org.testng.internal.MethodInvocationHelper.invokeMethod(MethodInvocationHelper.java:124)
at org.testng.internal.Invoker.invokeMethod(Invoker.java:580)
at org.testng.internal.Invoker.invokeTestMethod(Invoker.java:716)
at org.testng.internal.Invoker.invokeTestMethods(Invoker.java:988)
at org.testng.internal.TestMethodWorker.invokeTestMethods(TestMethodWorker.java:125)
at org.testng.internal.TestMethodWorker.run(TestMethodWorker.java:109)
at org.testng.TestRunner.privateRun(TestRunner.java:648)
at org.testng.TestRunner.run(TestRunner.java:505)
at org.testng.SuiteRunner.runTest(SuiteRunner.java:455)
at org.testng.SuiteRunner.runSequentially(SuiteRunner.java:450)
at org.testng.SuiteRunner.privateRun(SuiteRunner.java:415)
at org.testng.SuiteRunner.run(SuiteRunner.java:364)
at org.testng.SuiteRunnerWorker.runSuite(SuiteRunnerWorker.java:52)
at org.testng.SuiteRunnerWorker.run(SuiteRunnerWorker.java:84)
at org.testng.TestNG.runSuitesSequentially(TestNG.java:1208)
at org.testng.TestNG.runSuitesLocally(TestNG.java:1137)
at org.testng.TestNG.runSuites(TestNG.java:1049)
at org.testng.TestNG.run(TestNG.java:1017)
at org.testng.remote.AbstractRemoteTestNG.run(AbstractRemoteTestNG.java:114)
at org.testng.remote.RemoteTestNG.initAndRun(RemoteTestNG.java:251)
at org.testng.remote.RemoteTestNG.main(RemoteTestNG.java:77)
]]>
    </failure>
  </testcase> <!-- ApiTestCode -->
  <testcase name="ApiTestCode" time="0.032" classname="com.bitnei.apitest.testcases.saas.ApiTest">
    <failure type="java.lang.AssertionError" message="expected [{}] but found [{&quot;data&quot;:{&quot;actualValue&quot;:null,&quot;expectedValue&quot;:[{&quot;mileageRange&quot;:0,&quot;volFading&quot;:0.11,&quot;lastReportTime&quot;:&quot;2020-07-01 06:49:48&quot;},{&quot;mileageRange&quot;:1,&quot;volFading&quot;:0.15,&quot;lastReportTime&quot;:&quot;2020-07-01 06:49:48&quot;},{&quot;mileageRange&quot;:11,&quot;volFading&quot;:3.5,&quot;lastReportTime&quot;:&quot;2020-07-01 06:49:48&quot;},{&quot;mileageRange&quot;:12,&quot;volFading&quot;:4.27,&quot;lastReportTime&quot;:&quot;2020-07-01 06:49:48&quot;},{&quot;mileageRange&quot;:14,&quot;volFading&quot;:4.44,&quot;lastReportTime&quot;:&quot;2020-07-01 06:49:48&quot;},{&quot;mileageRange&quot;:15,&quot;volFading&quot;:4.4,&quot;lastReportTime&quot;:&quot;2020-07-01 06:49:48&quot;},{&quot;mileageRange&quot;:16,&quot;volFading&quot;:4.55,&quot;lastReportTime&quot;:&quot;2020-07-01 06:49:48&quot;},{&quot;mileageRange&quot;:17,&quot;volFading&quot;:4.74,&quot;lastReportTime&quot;:&quot;2020-07-01 06:49:48&quot;}]},&quot;Length&quot;:{&quot;actualLenth&quot;:1,&quot;expectLenth&quot;:8},&quot;mileageRange&quot;:{&quot;actualKey&quot;:&quot;不存在此mileageRange&quot;,&quot;expectedKey&quot;:&quot;mileageRange&quot;},&quot;volFading&quot;:{&quot;actualKey&quot;:&quot;不存在此volFading&quot;,&quot;expectedKey&quot;:&quot;volFading&quot;},&quot;lastReportTime&quot;:{&quot;actualKey&quot;:&quot;不存在此lastReportTime&quot;,&quot;expectedKey&quot;:&quot;lastReportTime&quot;},&quot;error&quot;:{&quot;actualValue&quot;:null,&quot;expectedValue&quot;:[{&quot;mileageRange&quot;:0,&quot;volFading&quot;:0.11,&quot;lastReportTime&quot;:&quot;2020-07-01 06:49:48&quot;},{&quot;mileageRange&quot;:1,&quot;volFading&quot;:0.15,&quot;lastReportTime&quot;:&quot;2020-07-01 06:49:48&quot;},{&quot;mileageRange&quot;:11,&quot;volFading&quot;:3.5,&quot;lastReportTime&quot;:&quot;2020-07-01 06:49:48&quot;},{&quot;mileageRange&quot;:12,&quot;volFading&quot;:4.27,&quot;lastReportTime&quot;:&quot;2020-07-01 06:49:48&quot;},{&quot;mileageRange&quot;:14,&quot;volFading&quot;:4.44,&quot;lastReportTime&quot;:&quot;2020-07-01 06:49:48&quot;},{&quot;mileageRange&quot;:15,&quot;volFading&quot;:4.4,&quot;lastReportTime&quot;:&quot;2020-07-01 06:49:48&quot;},{&quot;mileageRange&quot;:16,&quot;volFading&quot;:4.55,&quot;lastReportTime&quot;:&quot;2020-07-01 06:49:48&quot;},{&quot;mileageRange&quot;:17,&quot;volFading&quot;:4.74,&quot;lastReportTime&quot;:&quot;2020-07-01 06:49:48&quot;}],&quot;currentValue is &quot;:true,&quot;expectedValue is&quot;:false},&quot;code&quot;:{&quot;actualValue&quot;:null,&quot;expectedValue&quot;:[{&quot;mileageRange&quot;:0,&quot;volFading&quot;:0.11,&quot;lastReportTime&quot;:&quot;2020-07-01 06:49:48&quot;},{&quot;mileageRange&quot;:1,&quot;volFading&quot;:0.15,&quot;lastReportTime&quot;:&quot;2020-07-01 06:49:48&quot;},{&quot;mileageRange&quot;:11,&quot;volFading&quot;:3.5,&quot;lastReportTime&quot;:&quot;2020-07-01 06:49:48&quot;},{&quot;mileageRange&quot;:12,&quot;volFading&quot;:4.27,&quot;lastReportTime&quot;:&quot;2020-07-01 06:49:48&quot;},{&quot;mileageRange&quot;:14,&quot;volFading&quot;:4.44,&quot;lastReportTime&quot;:&quot;2020-07-01 06:49:48&quot;},{&quot;mileageRange&quot;:15,&quot;volFading&quot;:4.4,&quot;lastReportTime&quot;:&quot;2020-07-01 06:49:48&quot;},{&quot;mileageRange&quot;:16,&quot;volFading&quot;:4.55,&quot;lastReportTime&quot;:&quot;2020-07-01 06:49:48&quot;},{&quot;mileageRange&quot;:17,&quot;volFading&quot;:4.74,&quot;lastReportTime&quot;:&quot;2020-07-01 06:49:48&quot;}],&quot;currentValue is &quot;:&quot;40000&quot;,&quot;expectedValue is&quot;:false,&quot;expectedValue is &quot;:&quot;10000&quot;}}]">
      <![CDATA[java.lang.AssertionError: expected [{}] but found [{"data":{"actualValue":null,"expectedValue":[{"mileageRange":0,"volFading":0.11,"lastReportTime":"2020-07-01 06:49:48"},{"mileageRange":1,"volFading":0.15,"lastReportTime":"2020-07-01 06:49:48"},{"mileageRange":11,"volFading":3.5,"lastReportTime":"2020-07-01 06:49:48"},{"mileageRange":12,"volFading":4.27,"lastReportTime":"2020-07-01 06:49:48"},{"mileageRange":14,"volFading":4.44,"lastReportTime":"2020-07-01 06:49:48"},{"mileageRange":15,"volFading":4.4,"lastReportTime":"2020-07-01 06:49:48"},{"mileageRange":16,"volFading":4.55,"lastReportTime":"2020-07-01 06:49:48"},{"mileageRange":17,"volFading":4.74,"lastReportTime":"2020-07-01 06:49:48"}]},"Length":{"actualLenth":1,"expectLenth":8},"mileageRange":{"actualKey":"不存在此mileageRange","expectedKey":"mileageRange"},"volFading":{"actualKey":"不存在此volFading","expectedKey":"volFading"},"lastReportTime":{"actualKey":"不存在此lastReportTime","expectedKey":"lastReportTime"},"error":{"actualValue":null,"expectedValue":[{"mileageRange":0,"volFading":0.11,"lastReportTime":"2020-07-01 06:49:48"},{"mileageRange":1,"volFading":0.15,"lastReportTime":"2020-07-01 06:49:48"},{"mileageRange":11,"volFading":3.5,"lastReportTime":"2020-07-01 06:49:48"},{"mileageRange":12,"volFading":4.27,"lastReportTime":"2020-07-01 06:49:48"},{"mileageRange":14,"volFading":4.44,"lastReportTime":"2020-07-01 06:49:48"},{"mileageRange":15,"volFading":4.4,"lastReportTime":"2020-07-01 06:49:48"},{"mileageRange":16,"volFading":4.55,"lastReportTime":"2020-07-01 06:49:48"},{"mileageRange":17,"volFading":4.74,"lastReportTime":"2020-07-01 06:49:48"}],"currentValue is ":true,"expectedValue is":false},"code":{"actualValue":null,"expectedValue":[{"mileageRange":0,"volFading":0.11,"lastReportTime":"2020-07-01 06:49:48"},{"mileageRange":1,"volFading":0.15,"lastReportTime":"2020-07-01 06:49:48"},{"mileageRange":11,"volFading":3.5,"lastReportTime":"2020-07-01 06:49:48"},{"mileageRange":12,"volFading":4.27,"lastReportTime":"2020-07-01 06:49:48"},{"mileageRange":14,"volFading":4.44,"lastReportTime":"2020-07-01 06:49:48"},{"mileageRange":15,"volFading":4.4,"lastReportTime":"2020-07-01 06:49:48"},{"mileageRange":16,"volFading":4.55,"lastReportTime":"2020-07-01 06:49:48"},{"mileageRange":17,"volFading":4.74,"lastReportTime":"2020-07-01 06:49:48"}],"currentValue is ":"40000","expectedValue is":false,"expectedValue is ":"10000"}}]
at org.testng.Assert.fail(Assert.java:96)
at org.testng.Assert.failNotEquals(Assert.java:776)
at org.testng.Assert.assertEqualsImpl(Assert.java:137)
at org.testng.Assert.assertEquals(Assert.java:118)
at org.testng.Assert.assertEquals(Assert.java:453)
at org.testng.Assert.assertEquals(Assert.java:463)
at com.bitnei.apitest.testcases.saas.ApiTest.ApiTestCode(ApiTest.java:102)
at sun.reflect.GeneratedMethodAccessor2.invoke(Unknown Source)
at sun.reflect.DelegatingMethodAccessorImpl.invoke(DelegatingMethodAccessorImpl.java:43)
at java.lang.reflect.Method.invoke(Method.java:498)
at org.testng.internal.MethodInvocationHelper.invokeMethod(MethodInvocationHelper.java:124)
at org.testng.internal.Invoker.invokeMethod(Invoker.java:580)
at org.testng.internal.Invoker.invokeTestMethod(Invoker.java:716)
at org.testng.internal.Invoker.invokeTestMethods(Invoker.java:988)
at org.testng.internal.TestMethodWorker.invokeTestMethods(TestMethodWorker.java:125)
at org.testng.internal.TestMethodWorker.run(TestMethodWorker.java:109)
at org.testng.TestRunner.privateRun(TestRunner.java:648)
at org.testng.TestRunner.run(TestRunner.java:505)
at org.testng.SuiteRunner.runTest(SuiteRunner.java:455)
at org.testng.SuiteRunner.runSequentially(SuiteRunner.java:450)
at org.testng.SuiteRunner.privateRun(SuiteRunner.java:415)
at org.testng.SuiteRunner.run(SuiteRunner.java:364)
at org.testng.SuiteRunnerWorker.runSuite(SuiteRunnerWorker.java:52)
at org.testng.SuiteRunnerWorker.run(SuiteRunnerWorker.java:84)
at org.testng.TestNG.runSuitesSequentially(TestNG.java:1208)
at org.testng.TestNG.runSuitesLocally(TestNG.java:1137)
at org.testng.TestNG.runSuites(TestNG.java:1049)
at org.testng.TestNG.run(TestNG.java:1017)
at org.testng.remote.AbstractRemoteTestNG.run(AbstractRemoteTestNG.java:114)
at org.testng.remote.RemoteTestNG.initAndRun(RemoteTestNG.java:251)
at org.testng.remote.RemoteTestNG.main(RemoteTestNG.java:77)
]]>
    </failure>
  </testcase> <!-- ApiTestCode -->
  <testcase name="ApiTestCode" time="0.026" classname="com.bitnei.apitest.testcases.saas.ApiTest">
    <failure type="java.lang.AssertionError" message="expected [{}] but found [{&quot;status&quot;:{&quot;currentValue is &quot;:200,&quot;expectedValue is&quot;:400},&quot;errorMsg&quot;:{&quot;currentValue is &quot;:&quot;Forwarding error&quot;,&quot;expectedValue is&quot;:400,&quot;expectedValue is &quot;:&quot;参数vin未传&quot;},&quot;code&quot;:{&quot;currentValue is &quot;:&quot;40000&quot;,&quot;expectedValue is&quot;:400,&quot;expectedValue is &quot;:&quot;30001&quot;}}]">
      <![CDATA[java.lang.AssertionError: expected [{}] but found [{"status":{"currentValue is ":200,"expectedValue is":400},"errorMsg":{"currentValue is ":"Forwarding error","expectedValue is":400,"expectedValue is ":"参数vin未传"},"code":{"currentValue is ":"40000","expectedValue is":400,"expectedValue is ":"30001"}}]
at org.testng.Assert.fail(Assert.java:96)
at org.testng.Assert.failNotEquals(Assert.java:776)
at org.testng.Assert.assertEqualsImpl(Assert.java:137)
at org.testng.Assert.assertEquals(Assert.java:118)
at org.testng.Assert.assertEquals(Assert.java:453)
at org.testng.Assert.assertEquals(Assert.java:463)
at com.bitnei.apitest.testcases.saas.ApiTest.ApiTestCode(ApiTest.java:102)
at sun.reflect.GeneratedMethodAccessor2.invoke(Unknown Source)
at sun.reflect.DelegatingMethodAccessorImpl.invoke(DelegatingMethodAccessorImpl.java:43)
at java.lang.reflect.Method.invoke(Method.java:498)
at org.testng.internal.MethodInvocationHelper.invokeMethod(MethodInvocationHelper.java:124)
at org.testng.internal.Invoker.invokeMethod(Invoker.java:580)
at org.testng.internal.Invoker.invokeTestMethod(Invoker.java:716)
at org.testng.internal.Invoker.invokeTestMethods(Invoker.java:988)
at org.testng.internal.TestMethodWorker.invokeTestMethods(TestMethodWorker.java:125)
at org.testng.internal.TestMethodWorker.run(TestMethodWorker.java:109)
at org.testng.TestRunner.privateRun(TestRunner.java:648)
at org.testng.TestRunner.run(TestRunner.java:505)
at org.testng.SuiteRunner.runTest(SuiteRunner.java:455)
at org.testng.SuiteRunner.runSequentially(SuiteRunner.java:450)
at org.testng.SuiteRunner.privateRun(SuiteRunner.java:415)
at org.testng.SuiteRunner.run(SuiteRunner.java:364)
at org.testng.SuiteRunnerWorker.runSuite(SuiteRunnerWorker.java:52)
at org.testng.SuiteRunnerWorker.run(SuiteRunnerWorker.java:84)
at org.testng.TestNG.runSuitesSequentially(TestNG.java:1208)
at org.testng.TestNG.runSuitesLocally(TestNG.java:1137)
at org.testng.TestNG.runSuites(TestNG.java:1049)
at org.testng.TestNG.run(TestNG.java:1017)
at org.testng.remote.AbstractRemoteTestNG.run(AbstractRemoteTestNG.java:114)
at org.testng.remote.RemoteTestNG.initAndRun(RemoteTestNG.java:251)
at org.testng.remote.RemoteTestNG.main(RemoteTestNG.java:77)
]]>
    </failure>
  </testcase> <!-- ApiTestCode -->
  <testcase name="ApiTestCode" time="0.056" classname="com.bitnei.apitest.testcases.saas.ApiTest">
    <failure type="java.lang.AssertionError" message="expected [{}] but found [{&quot;error&quot;:{&quot;currentValue is &quot;:true,&quot;expectedValue is&quot;:false},&quot;code&quot;:{&quot;currentValue is &quot;:&quot;40000&quot;,&quot;expectedValue is&quot;:false,&quot;expectedValue is &quot;:&quot;10000&quot;}}]">
      <![CDATA[java.lang.AssertionError: expected [{}] but found [{"error":{"currentValue is ":true,"expectedValue is":false},"code":{"currentValue is ":"40000","expectedValue is":false,"expectedValue is ":"10000"}}]
at org.testng.Assert.fail(Assert.java:96)
at org.testng.Assert.failNotEquals(Assert.java:776)
at org.testng.Assert.assertEqualsImpl(Assert.java:137)
at org.testng.Assert.assertEquals(Assert.java:118)
at org.testng.Assert.assertEquals(Assert.java:453)
at org.testng.Assert.assertEquals(Assert.java:463)
at com.bitnei.apitest.testcases.saas.ApiTest.ApiTestCode(ApiTest.java:102)
at sun.reflect.GeneratedMethodAccessor2.invoke(Unknown Source)
at sun.reflect.DelegatingMethodAccessorImpl.invoke(DelegatingMethodAccessorImpl.java:43)
at java.lang.reflect.Method.invoke(Method.java:498)
at org.testng.internal.MethodInvocationHelper.invokeMethod(MethodInvocationHelper.java:124)
at org.testng.internal.Invoker.invokeMethod(Invoker.java:580)
at org.testng.internal.Invoker.invokeTestMethod(Invoker.java:716)
at org.testng.internal.Invoker.invokeTestMethods(Invoker.java:988)
at org.testng.internal.TestMethodWorker.invokeTestMethods(TestMethodWorker.java:125)
at org.testng.internal.TestMethodWorker.run(TestMethodWorker.java:109)
at org.testng.TestRunner.privateRun(TestRunner.java:648)
at org.testng.TestRunner.run(TestRunner.java:505)
at org.testng.SuiteRunner.runTest(SuiteRunner.java:455)
at org.testng.SuiteRunner.runSequentially(SuiteRunner.java:450)
at org.testng.SuiteRunner.privateRun(SuiteRunner.java:415)
at org.testng.SuiteRunner.run(SuiteRunner.java:364)
at org.testng.SuiteRunnerWorker.runSuite(SuiteRunnerWorker.java:52)
at org.testng.SuiteRunnerWorker.run(SuiteRunnerWorker.java:84)
at org.testng.TestNG.runSuitesSequentially(TestNG.java:1208)
at org.testng.TestNG.runSuitesLocally(TestNG.java:1137)
at org.testng.TestNG.runSuites(TestNG.java:1049)
at org.testng.TestNG.run(TestNG.java:1017)
at org.testng.remote.AbstractRemoteTestNG.run(AbstractRemoteTestNG.java:114)
at org.testng.remote.RemoteTestNG.initAndRun(RemoteTestNG.java:251)
at org.testng.remote.RemoteTestNG.main(RemoteTestNG.java:77)
]]>
    </failure>
  </testcase> <!-- ApiTestCode -->
  <testcase name="ApiTestCode" time="0.062" classname="com.bitnei.apitest.testcases.saas.ApiTest">
    <failure type="java.lang.AssertionError" message="expected [{}] but found [{&quot;error&quot;:{&quot;currentValue is &quot;:true,&quot;expectedValue is&quot;:false},&quot;code&quot;:{&quot;currentValue is &quot;:&quot;40000&quot;,&quot;expectedValue is&quot;:false,&quot;expectedValue is &quot;:&quot;10000&quot;}}]">
      <![CDATA[java.lang.AssertionError: expected [{}] but found [{"error":{"currentValue is ":true,"expectedValue is":false},"code":{"currentValue is ":"40000","expectedValue is":false,"expectedValue is ":"10000"}}]
at org.testng.Assert.fail(Assert.java:96)
at org.testng.Assert.failNotEquals(Assert.java:776)
at org.testng.Assert.assertEqualsImpl(Assert.java:137)
at org.testng.Assert.assertEquals(Assert.java:118)
at org.testng.Assert.assertEquals(Assert.java:453)
at org.testng.Assert.assertEquals(Assert.java:463)
at com.bitnei.apitest.testcases.saas.ApiTest.ApiTestCode(ApiTest.java:102)
at sun.reflect.GeneratedMethodAccessor2.invoke(Unknown Source)
at sun.reflect.DelegatingMethodAccessorImpl.invoke(DelegatingMethodAccessorImpl.java:43)
at java.lang.reflect.Method.invoke(Method.java:498)
at org.testng.internal.MethodInvocationHelper.invokeMethod(MethodInvocationHelper.java:124)
at org.testng.internal.Invoker.invokeMethod(Invoker.java:580)
at org.testng.internal.Invoker.invokeTestMethod(Invoker.java:716)
at org.testng.internal.Invoker.invokeTestMethods(Invoker.java:988)
at org.testng.internal.TestMethodWorker.invokeTestMethods(TestMethodWorker.java:125)
at org.testng.internal.TestMethodWorker.run(TestMethodWorker.java:109)
at org.testng.TestRunner.privateRun(TestRunner.java:648)
at org.testng.TestRunner.run(TestRunner.java:505)
at org.testng.SuiteRunner.runTest(SuiteRunner.java:455)
at org.testng.SuiteRunner.runSequentially(SuiteRunner.java:450)
at org.testng.SuiteRunner.privateRun(SuiteRunner.java:415)
at org.testng.SuiteRunner.run(SuiteRunner.java:364)
at org.testng.SuiteRunnerWorker.runSuite(SuiteRunnerWorker.java:52)
at org.testng.SuiteRunnerWorker.run(SuiteRunnerWorker.java:84)
at org.testng.TestNG.runSuitesSequentially(TestNG.java:1208)
at org.testng.TestNG.runSuitesLocally(TestNG.java:1137)
at org.testng.TestNG.runSuites(TestNG.java:1049)
at org.testng.TestNG.run(TestNG.java:1017)
at org.testng.remote.AbstractRemoteTestNG.run(AbstractRemoteTestNG.java:114)
at org.testng.remote.RemoteTestNG.initAndRun(RemoteTestNG.java:251)
at org.testng.remote.RemoteTestNG.main(RemoteTestNG.java:77)
]]>
    </failure>
  </testcase> <!-- ApiTestCode -->
  <testcase name="ApiTestCode" time="0.027" classname="com.bitnei.apitest.testcases.saas.ApiTest">
    <failure type="java.lang.AssertionError" message="expected [{}] but found [{&quot;status&quot;:{&quot;currentValue is &quot;:200,&quot;expectedValue is&quot;:400},&quot;errorMsg&quot;:{&quot;currentValue is &quot;:&quot;Forwarding error&quot;,&quot;expectedValue is&quot;:400,&quot;expectedValue is &quot;:&quot;参数queryCode未传&quot;},&quot;code&quot;:{&quot;currentValue is &quot;:&quot;40000&quot;,&quot;expectedValue is&quot;:400,&quot;expectedValue is &quot;:&quot;30001&quot;}}]">
      <![CDATA[java.lang.AssertionError: expected [{}] but found [{"status":{"currentValue is ":200,"expectedValue is":400},"errorMsg":{"currentValue is ":"Forwarding error","expectedValue is":400,"expectedValue is ":"参数queryCode未传"},"code":{"currentValue is ":"40000","expectedValue is":400,"expectedValue is ":"30001"}}]
at org.testng.Assert.fail(Assert.java:96)
at org.testng.Assert.failNotEquals(Assert.java:776)
at org.testng.Assert.assertEqualsImpl(Assert.java:137)
at org.testng.Assert.assertEquals(Assert.java:118)
at org.testng.Assert.assertEquals(Assert.java:453)
at org.testng.Assert.assertEquals(Assert.java:463)
at com.bitnei.apitest.testcases.saas.ApiTest.ApiTestCode(ApiTest.java:102)
at sun.reflect.GeneratedMethodAccessor2.invoke(Unknown Source)
at sun.reflect.DelegatingMethodAccessorImpl.invoke(DelegatingMethodAccessorImpl.java:43)
at java.lang.reflect.Method.invoke(Method.java:498)
at org.testng.internal.MethodInvocationHelper.invokeMethod(MethodInvocationHelper.java:124)
at org.testng.internal.Invoker.invokeMethod(Invoker.java:580)
at org.testng.internal.Invoker.invokeTestMethod(Invoker.java:716)
at org.testng.internal.Invoker.invokeTestMethods(Invoker.java:988)
at org.testng.internal.TestMethodWorker.invokeTestMethods(TestMethodWorker.java:125)
at org.testng.internal.TestMethodWorker.run(TestMethodWorker.java:109)
at org.testng.TestRunner.privateRun(TestRunner.java:648)
at org.testng.TestRunner.run(TestRunner.java:505)
at org.testng.SuiteRunner.runTest(SuiteRunner.java:455)
at org.testng.SuiteRunner.runSequentially(SuiteRunner.java:450)
at org.testng.SuiteRunner.privateRun(SuiteRunner.java:415)
at org.testng.SuiteRunner.run(SuiteRunner.java:364)
at org.testng.SuiteRunnerWorker.runSuite(SuiteRunnerWorker.java:52)
at org.testng.SuiteRunnerWorker.run(SuiteRunnerWorker.java:84)
at org.testng.TestNG.runSuitesSequentially(TestNG.java:1208)
at org.testng.TestNG.runSuitesLocally(TestNG.java:1137)
at org.testng.TestNG.runSuites(TestNG.java:1049)
at org.testng.TestNG.run(TestNG.java:1017)
at org.testng.remote.AbstractRemoteTestNG.run(AbstractRemoteTestNG.java:114)
at org.testng.remote.RemoteTestNG.initAndRun(RemoteTestNG.java:251)
at org.testng.remote.RemoteTestNG.main(RemoteTestNG.java:77)
]]>
    </failure>
  </testcase> <!-- ApiTestCode -->
  <testcase name="ApiTestCode" time="0.024" classname="com.bitnei.apitest.testcases.saas.ApiTest">
    <failure type="java.lang.AssertionError" message="expected [{}] but found [{&quot;data&quot;:{&quot;actualValue&quot;:null,&quot;expectedValue&quot;:{&quot;productType&quot;:&quot;电池包&quot;,&quot;assessmentTime&quot;:&quot;2020-12-03&quot;,&quot;internalResistanceScore&quot;:65.58,&quot;volumeScore&quot;:94.34,&quot;selfDischargeRateScore&quot;:100,&quot;voltConsistenceScore&quot;:100,&quot;temperatureConsistenceScore&quot;:100,&quot;synthesizeScore&quot;:91.7,&quot;lastReportTime&quot;:&quot;2020-08-19 20:51:37&quot;}},&quot;productType&quot;:{&quot;actualKey&quot;:&quot;不存在此productType&quot;,&quot;expectedKey&quot;:&quot;productType&quot;},&quot;assessmentTime&quot;:{&quot;actualKey&quot;:&quot;不存在此assessmentTime&quot;,&quot;expectedKey&quot;:&quot;assessmentTime&quot;},&quot;internalResistanceScore&quot;:{&quot;actualKey&quot;:&quot;不存在此internalResistanceScore&quot;,&quot;expectedKey&quot;:&quot;internalResistanceScore&quot;},&quot;volumeScore&quot;:{&quot;actualKey&quot;:&quot;不存在此volumeScore&quot;,&quot;expectedKey&quot;:&quot;volumeScore&quot;},&quot;selfDischargeRateScore&quot;:{&quot;actualKey&quot;:&quot;不存在此selfDischargeRateScore&quot;,&quot;expectedKey&quot;:&quot;selfDischargeRateScore&quot;},&quot;voltConsistenceScore&quot;:{&quot;actualKey&quot;:&quot;不存在此voltConsistenceScore&quot;,&quot;expectedKey&quot;:&quot;voltConsistenceScore&quot;},&quot;temperatureConsistenceScore&quot;:{&quot;actualKey&quot;:&quot;不存在此temperatureConsistenceScore&quot;,&quot;expectedKey&quot;:&quot;temperatureConsistenceScore&quot;},&quot;synthesizeScore&quot;:{&quot;actualKey&quot;:&quot;不存在此synthesizeScore&quot;,&quot;expectedKey&quot;:&quot;synthesizeScore&quot;},&quot;lastReportTime&quot;:{&quot;actualKey&quot;:&quot;不存在此lastReportTime&quot;,&quot;expectedKey&quot;:&quot;lastReportTime&quot;},&quot;error&quot;:{&quot;actualValue&quot;:null,&quot;expectedValue&quot;:{&quot;productType&quot;:&quot;电池包&quot;,&quot;assessmentTime&quot;:&quot;2020-12-03&quot;,&quot;internalResistanceScore&quot;:65.58,&quot;volumeScore&quot;:94.34,&quot;selfDischargeRateScore&quot;:100,&quot;voltConsistenceScore&quot;:100,&quot;temperatureConsistenceScore&quot;:100,&quot;synthesizeScore&quot;:91.7,&quot;lastReportTime&quot;:&quot;2020-08-19 20:51:37&quot;},&quot;currentValue is &quot;:true,&quot;expectedValue is&quot;:false},&quot;code&quot;:{&quot;actualValue&quot;:null,&quot;expectedValue&quot;:{&quot;productType&quot;:&quot;电池包&quot;,&quot;assessmentTime&quot;:&quot;2020-12-03&quot;,&quot;internalResistanceScore&quot;:65.58,&quot;volumeScore&quot;:94.34,&quot;selfDischargeRateScore&quot;:100,&quot;voltConsistenceScore&quot;:100,&quot;temperatureConsistenceScore&quot;:100,&quot;synthesizeScore&quot;:91.7,&quot;lastReportTime&quot;:&quot;2020-08-19 20:51:37&quot;},&quot;currentValue is &quot;:&quot;40000&quot;,&quot;expectedValue is&quot;:false,&quot;expectedValue is &quot;:&quot;10000&quot;}}]">
      <![CDATA[java.lang.AssertionError: expected [{}] but found [{"data":{"actualValue":null,"expectedValue":{"productType":"电池包","assessmentTime":"2020-12-03","internalResistanceScore":65.58,"volumeScore":94.34,"selfDischargeRateScore":100,"voltConsistenceScore":100,"temperatureConsistenceScore":100,"synthesizeScore":91.7,"lastReportTime":"2020-08-19 20:51:37"}},"productType":{"actualKey":"不存在此productType","expectedKey":"productType"},"assessmentTime":{"actualKey":"不存在此assessmentTime","expectedKey":"assessmentTime"},"internalResistanceScore":{"actualKey":"不存在此internalResistanceScore","expectedKey":"internalResistanceScore"},"volumeScore":{"actualKey":"不存在此volumeScore","expectedKey":"volumeScore"},"selfDischargeRateScore":{"actualKey":"不存在此selfDischargeRateScore","expectedKey":"selfDischargeRateScore"},"voltConsistenceScore":{"actualKey":"不存在此voltConsistenceScore","expectedKey":"voltConsistenceScore"},"temperatureConsistenceScore":{"actualKey":"不存在此temperatureConsistenceScore","expectedKey":"temperatureConsistenceScore"},"synthesizeScore":{"actualKey":"不存在此synthesizeScore","expectedKey":"synthesizeScore"},"lastReportTime":{"actualKey":"不存在此lastReportTime","expectedKey":"lastReportTime"},"error":{"actualValue":null,"expectedValue":{"productType":"电池包","assessmentTime":"2020-12-03","internalResistanceScore":65.58,"volumeScore":94.34,"selfDischargeRateScore":100,"voltConsistenceScore":100,"temperatureConsistenceScore":100,"synthesizeScore":91.7,"lastReportTime":"2020-08-19 20:51:37"},"currentValue is ":true,"expectedValue is":false},"code":{"actualValue":null,"expectedValue":{"productType":"电池包","assessmentTime":"2020-12-03","internalResistanceScore":65.58,"volumeScore":94.34,"selfDischargeRateScore":100,"voltConsistenceScore":100,"temperatureConsistenceScore":100,"synthesizeScore":91.7,"lastReportTime":"2020-08-19 20:51:37"},"currentValue is ":"40000","expectedValue is":false,"expectedValue is ":"10000"}}]
at org.testng.Assert.fail(Assert.java:96)
at org.testng.Assert.failNotEquals(Assert.java:776)
at org.testng.Assert.assertEqualsImpl(Assert.java:137)
at org.testng.Assert.assertEquals(Assert.java:118)
at org.testng.Assert.assertEquals(Assert.java:453)
at org.testng.Assert.assertEquals(Assert.java:463)
at com.bitnei.apitest.testcases.saas.ApiTest.ApiTestCode(ApiTest.java:102)
at sun.reflect.GeneratedMethodAccessor2.invoke(Unknown Source)
at sun.reflect.DelegatingMethodAccessorImpl.invoke(DelegatingMethodAccessorImpl.java:43)
at java.lang.reflect.Method.invoke(Method.java:498)
at org.testng.internal.MethodInvocationHelper.invokeMethod(MethodInvocationHelper.java:124)
at org.testng.internal.Invoker.invokeMethod(Invoker.java:580)
at org.testng.internal.Invoker.invokeTestMethod(Invoker.java:716)
at org.testng.internal.Invoker.invokeTestMethods(Invoker.java:988)
at org.testng.internal.TestMethodWorker.invokeTestMethods(TestMethodWorker.java:125)
at org.testng.internal.TestMethodWorker.run(TestMethodWorker.java:109)
at org.testng.TestRunner.privateRun(TestRunner.java:648)
at org.testng.TestRunner.run(TestRunner.java:505)
at org.testng.SuiteRunner.runTest(SuiteRunner.java:455)
at org.testng.SuiteRunner.runSequentially(SuiteRunner.java:450)
at org.testng.SuiteRunner.privateRun(SuiteRunner.java:415)
at org.testng.SuiteRunner.run(SuiteRunner.java:364)
at org.testng.SuiteRunnerWorker.runSuite(SuiteRunnerWorker.java:52)
at org.testng.SuiteRunnerWorker.run(SuiteRunnerWorker.java:84)
at org.testng.TestNG.runSuitesSequentially(TestNG.java:1208)
at org.testng.TestNG.runSuitesLocally(TestNG.java:1137)
at org.testng.TestNG.runSuites(TestNG.java:1049)
at org.testng.TestNG.run(TestNG.java:1017)
at org.testng.remote.AbstractRemoteTestNG.run(AbstractRemoteTestNG.java:114)
at org.testng.remote.RemoteTestNG.initAndRun(RemoteTestNG.java:251)
at org.testng.remote.RemoteTestNG.main(RemoteTestNG.java:77)
]]>
    </failure>
  </testcase> <!-- ApiTestCode -->
  <testcase name="ApiTestCode" time="0.024" classname="com.bitnei.apitest.testcases.saas.ApiTest"/>
  <testcase name="ApiTestCode" time="0.024" classname="com.bitnei.apitest.testcases.saas.ApiTest">
    <failure type="java.lang.AssertionError" message="expected [{}] but found [{&quot;error&quot;:{&quot;currentValue is &quot;:true,&quot;expectedValue is&quot;:false},&quot;code&quot;:{&quot;currentValue is &quot;:&quot;40000&quot;,&quot;expectedValue is&quot;:false,&quot;expectedValue is &quot;:&quot;35000&quot;}}]">
      <![CDATA[java.lang.AssertionError: expected [{}] but found [{"error":{"currentValue is ":true,"expectedValue is":false},"code":{"currentValue is ":"40000","expectedValue is":false,"expectedValue is ":"35000"}}]
at org.testng.Assert.fail(Assert.java:96)
at org.testng.Assert.failNotEquals(Assert.java:776)
at org.testng.Assert.assertEqualsImpl(Assert.java:137)
at org.testng.Assert.assertEquals(Assert.java:118)
at org.testng.Assert.assertEquals(Assert.java:453)
at org.testng.Assert.assertEquals(Assert.java:463)
at com.bitnei.apitest.testcases.saas.ApiTest.ApiTestCode(ApiTest.java:102)
at sun.reflect.GeneratedMethodAccessor2.invoke(Unknown Source)
at sun.reflect.DelegatingMethodAccessorImpl.invoke(DelegatingMethodAccessorImpl.java:43)
at java.lang.reflect.Method.invoke(Method.java:498)
at org.testng.internal.MethodInvocationHelper.invokeMethod(MethodInvocationHelper.java:124)
at org.testng.internal.Invoker.invokeMethod(Invoker.java:580)
at org.testng.internal.Invoker.invokeTestMethod(Invoker.java:716)
at org.testng.internal.Invoker.invokeTestMethods(Invoker.java:988)
at org.testng.internal.TestMethodWorker.invokeTestMethods(TestMethodWorker.java:125)
at org.testng.internal.TestMethodWorker.run(TestMethodWorker.java:109)
at org.testng.TestRunner.privateRun(TestRunner.java:648)
at org.testng.TestRunner.run(TestRunner.java:505)
at org.testng.SuiteRunner.runTest(SuiteRunner.java:455)
at org.testng.SuiteRunner.runSequentially(SuiteRunner.java:450)
at org.testng.SuiteRunner.privateRun(SuiteRunner.java:415)
at org.testng.SuiteRunner.run(SuiteRunner.java:364)
at org.testng.SuiteRunnerWorker.runSuite(SuiteRunnerWorker.java:52)
at org.testng.SuiteRunnerWorker.run(SuiteRunnerWorker.java:84)
at org.testng.TestNG.runSuitesSequentially(TestNG.java:1208)
at org.testng.TestNG.runSuitesLocally(TestNG.java:1137)
at org.testng.TestNG.runSuites(TestNG.java:1049)
at org.testng.TestNG.run(TestNG.java:1017)
at org.testng.remote.AbstractRemoteTestNG.run(AbstractRemoteTestNG.java:114)
at org.testng.remote.RemoteTestNG.initAndRun(RemoteTestNG.java:251)
at org.testng.remote.RemoteTestNG.main(RemoteTestNG.java:77)
]]>
    </failure>
  </testcase> <!-- ApiTestCode -->
  <testcase name="ApiTestCode" time="0.026" classname="com.bitnei.apitest.testcases.saas.ApiTest"/>
  <testcase name="ApiTestCode" time="0.095" classname="com.bitnei.apitest.testcases.saas.ApiTest">
    <failure type="java.lang.AssertionError" message="expected [{}] but found [{&quot;data&quot;:{&quot;actualValue&quot;:null,&quot;expectedValue&quot;:{&quot;vin&quot;:&quot;L68GCS4B3JA000157&quot;,&quot;displacement&quot;:&quot;&quot;,&quot;length&quot;:&quot;8560&quot;,&quot;manufacturer&quot;:&quot;东莞中汽宏远汽车有限公司&quot;,&quot;brand&quot;:&quot;宏远牌&quot;,&quot;charge_times&quot;:128,&quot;fast_charge_times&quot;:95,&quot;total_charge_time_length&quot;:382642,&quot;total_fast_charge_time_length&quot;:201013,&quot;end_charge_avg_soc&quot;:99.078125,&quot;max_weight&quot;:&quot;14000&quot;,&quot;max_speed&quot;:&quot;69&quot;,&quot;drive_range&quot;:420,&quot;motor_type&quot;:&quot;永磁同步电机&quot;,&quot;kwh_100km&quot;:0,&quot;cell_enterprise&quot;:&quot;宁德时代新能源科技股份有限公司&quot;,&quot;battery_type&quot;:&quot;磷酸铁锂&quot;,&quot;veh_category_2&quot;:&quot;纯电动客车&quot;,&quot;veh_model_name&quot;:&quot;KMT6861GBEV2&quot;,&quot;veh_level&quot;:&quot;&quot;,&quot;produce_date&quot;:&quot;2018&quot;}},&quot;vin&quot;:{&quot;actualKey&quot;:&quot;不存在此vin&quot;,&quot;expectedKey&quot;:&quot;vin&quot;},&quot;displacement&quot;:{&quot;actualKey&quot;:&quot;不存在此displacement&quot;,&quot;expectedKey&quot;:&quot;displacement&quot;},&quot;length&quot;:{&quot;actualKey&quot;:&quot;不存在此length&quot;,&quot;expectedKey&quot;:&quot;length&quot;},&quot;manufacturer&quot;:{&quot;actualKey&quot;:&quot;不存在此manufacturer&quot;,&quot;expectedKey&quot;:&quot;manufacturer&quot;},&quot;brand&quot;:{&quot;actualKey&quot;:&quot;不存在此brand&quot;,&quot;expectedKey&quot;:&quot;brand&quot;},&quot;charge_times&quot;:{&quot;actualKey&quot;:&quot;不存在此charge_times&quot;,&quot;expectedKey&quot;:&quot;charge_times&quot;},&quot;fast_charge_times&quot;:{&quot;actualKey&quot;:&quot;不存在此fast_charge_times&quot;,&quot;expectedKey&quot;:&quot;fast_charge_times&quot;},&quot;total_charge_time_length&quot;:{&quot;actualKey&quot;:&quot;不存在此total_charge_time_length&quot;,&quot;expectedKey&quot;:&quot;total_charge_time_length&quot;},&quot;total_fast_charge_time_length&quot;:{&quot;actualKey&quot;:&quot;不存在此total_fast_charge_time_length&quot;,&quot;expectedKey&quot;:&quot;total_fast_charge_time_length&quot;},&quot;end_charge_avg_soc&quot;:{&quot;actualKey&quot;:&quot;不存在此end_charge_avg_soc&quot;,&quot;expectedKey&quot;:&quot;end_charge_avg_soc&quot;},&quot;max_weight&quot;:{&quot;actualKey&quot;:&quot;不存在此max_weight&quot;,&quot;expectedKey&quot;:&quot;max_weight&quot;},&quot;max_speed&quot;:{&quot;actualKey&quot;:&quot;不存在此max_speed&quot;,&quot;expectedKey&quot;:&quot;max_speed&quot;},&quot;drive_range&quot;:{&quot;actualKey&quot;:&quot;不存在此drive_range&quot;,&quot;expectedKey&quot;:&quot;drive_range&quot;},&quot;motor_type&quot;:{&quot;actualKey&quot;:&quot;不存在此motor_type&quot;,&quot;expectedKey&quot;:&quot;motor_type&quot;},&quot;kwh_100km&quot;:{&quot;actualKey&quot;:&quot;不存在此kwh_100km&quot;,&quot;expectedKey&quot;:&quot;kwh_100km&quot;},&quot;cell_enterprise&quot;:{&quot;actualKey&quot;:&quot;不存在此cell_enterprise&quot;,&quot;expectedKey&quot;:&quot;cell_enterprise&quot;},&quot;battery_type&quot;:{&quot;actualKey&quot;:&quot;不存在此battery_type&quot;,&quot;expectedKey&quot;:&quot;battery_type&quot;},&quot;veh_category_2&quot;:{&quot;actualKey&quot;:&quot;不存在此veh_category_2&quot;,&quot;expectedKey&quot;:&quot;veh_category_2&quot;},&quot;veh_model_name&quot;:{&quot;actualKey&quot;:&quot;不存在此veh_model_name&quot;,&quot;expectedKey&quot;:&quot;veh_model_name&quot;},&quot;veh_level&quot;:{&quot;actualKey&quot;:&quot;不存在此veh_level&quot;,&quot;expectedKey&quot;:&quot;veh_level&quot;},&quot;produce_date&quot;:{&quot;actualKey&quot;:&quot;不存在此produce_date&quot;,&quot;expectedKey&quot;:&quot;produce_date&quot;},&quot;error&quot;:{&quot;actualValue&quot;:null,&quot;expectedValue&quot;:{&quot;vin&quot;:&quot;L68GCS4B3JA000157&quot;,&quot;displacement&quot;:&quot;&quot;,&quot;length&quot;:&quot;8560&quot;,&quot;manufacturer&quot;:&quot;东莞中汽宏远汽车有限公司&quot;,&quot;brand&quot;:&quot;宏远牌&quot;,&quot;charge_times&quot;:128,&quot;fast_charge_times&quot;:95,&quot;total_charge_time_length&quot;:382642,&quot;total_fast_charge_time_length&quot;:201013,&quot;end_charge_avg_soc&quot;:99.078125,&quot;max_weight&quot;:&quot;14000&quot;,&quot;max_speed&quot;:&quot;69&quot;,&quot;drive_range&quot;:420,&quot;motor_type&quot;:&quot;永磁同步电机&quot;,&quot;kwh_100km&quot;:0,&quot;cell_enterprise&quot;:&quot;宁德时代新能源科技股份有限公司&quot;,&quot;battery_type&quot;:&quot;磷酸铁锂&quot;,&quot;veh_category_2&quot;:&quot;纯电动客车&quot;,&quot;veh_model_name&quot;:&quot;KMT6861GBEV2&quot;,&quot;veh_level&quot;:&quot;&quot;,&quot;produce_date&quot;:&quot;2018&quot;},&quot;currentValue is &quot;:true,&quot;expectedValue is&quot;:false},&quot;code&quot;:{&quot;actualValue&quot;:null,&quot;expectedValue&quot;:{&quot;vin&quot;:&quot;L68GCS4B3JA000157&quot;,&quot;displacement&quot;:&quot;&quot;,&quot;length&quot;:&quot;8560&quot;,&quot;manufacturer&quot;:&quot;东莞中汽宏远汽车有限公司&quot;,&quot;brand&quot;:&quot;宏远牌&quot;,&quot;charge_times&quot;:128,&quot;fast_charge_times&quot;:95,&quot;total_charge_time_length&quot;:382642,&quot;total_fast_charge_time_length&quot;:201013,&quot;end_charge_avg_soc&quot;:99.078125,&quot;max_weight&quot;:&quot;14000&quot;,&quot;max_speed&quot;:&quot;69&quot;,&quot;drive_range&quot;:420,&quot;motor_type&quot;:&quot;永磁同步电机&quot;,&quot;kwh_100km&quot;:0,&quot;cell_enterprise&quot;:&quot;宁德时代新能源科技股份有限公司&quot;,&quot;battery_type&quot;:&quot;磷酸铁锂&quot;,&quot;veh_category_2&quot;:&quot;纯电动客车&quot;,&quot;veh_model_name&quot;:&quot;KMT6861GBEV2&quot;,&quot;veh_level&quot;:&quot;&quot;,&quot;produce_date&quot;:&quot;2018&quot;},&quot;currentValue is &quot;:&quot;40000&quot;,&quot;expectedValue is&quot;:false,&quot;expectedValue is &quot;:&quot;10000&quot;}}]">
      <![CDATA[java.lang.AssertionError: expected [{}] but found [{"data":{"actualValue":null,"expectedValue":{"vin":"L68GCS4B3JA000157","displacement":"","length":"8560","manufacturer":"东莞中汽宏远汽车有限公司","brand":"宏远牌","charge_times":128,"fast_charge_times":95,"total_charge_time_length":382642,"total_fast_charge_time_length":201013,"end_charge_avg_soc":99.078125,"max_weight":"14000","max_speed":"69","drive_range":420,"motor_type":"永磁同步电机","kwh_100km":0,"cell_enterprise":"宁德时代新能源科技股份有限公司","battery_type":"磷酸铁锂","veh_category_2":"纯电动客车","veh_model_name":"KMT6861GBEV2","veh_level":"","produce_date":"2018"}},"vin":{"actualKey":"不存在此vin","expectedKey":"vin"},"displacement":{"actualKey":"不存在此displacement","expectedKey":"displacement"},"length":{"actualKey":"不存在此length","expectedKey":"length"},"manufacturer":{"actualKey":"不存在此manufacturer","expectedKey":"manufacturer"},"brand":{"actualKey":"不存在此brand","expectedKey":"brand"},"charge_times":{"actualKey":"不存在此charge_times","expectedKey":"charge_times"},"fast_charge_times":{"actualKey":"不存在此fast_charge_times","expectedKey":"fast_charge_times"},"total_charge_time_length":{"actualKey":"不存在此total_charge_time_length","expectedKey":"total_charge_time_length"},"total_fast_charge_time_length":{"actualKey":"不存在此total_fast_charge_time_length","expectedKey":"total_fast_charge_time_length"},"end_charge_avg_soc":{"actualKey":"不存在此end_charge_avg_soc","expectedKey":"end_charge_avg_soc"},"max_weight":{"actualKey":"不存在此max_weight","expectedKey":"max_weight"},"max_speed":{"actualKey":"不存在此max_speed","expectedKey":"max_speed"},"drive_range":{"actualKey":"不存在此drive_range","expectedKey":"drive_range"},"motor_type":{"actualKey":"不存在此motor_type","expectedKey":"motor_type"},"kwh_100km":{"actualKey":"不存在此kwh_100km","expectedKey":"kwh_100km"},"cell_enterprise":{"actualKey":"不存在此cell_enterprise","expectedKey":"cell_enterprise"},"battery_type":{"actualKey":"不存在此battery_type","expectedKey":"battery_type"},"veh_category_2":{"actualKey":"不存在此veh_category_2","expectedKey":"veh_category_2"},"veh_model_name":{"actualKey":"不存在此veh_model_name","expectedKey":"veh_model_name"},"veh_level":{"actualKey":"不存在此veh_level","expectedKey":"veh_level"},"produce_date":{"actualKey":"不存在此produce_date","expectedKey":"produce_date"},"error":{"actualValue":null,"expectedValue":{"vin":"L68GCS4B3JA000157","displacement":"","length":"8560","manufacturer":"东莞中汽宏远汽车有限公司","brand":"宏远牌","charge_times":128,"fast_charge_times":95,"total_charge_time_length":382642,"total_fast_charge_time_length":201013,"end_charge_avg_soc":99.078125,"max_weight":"14000","max_speed":"69","drive_range":420,"motor_type":"永磁同步电机","kwh_100km":0,"cell_enterprise":"宁德时代新能源科技股份有限公司","battery_type":"磷酸铁锂","veh_category_2":"纯电动客车","veh_model_name":"KMT6861GBEV2","veh_level":"","produce_date":"2018"},"currentValue is ":true,"expectedValue is":false},"code":{"actualValue":null,"expectedValue":{"vin":"L68GCS4B3JA000157","displacement":"","length":"8560","manufacturer":"东莞中汽宏远汽车有限公司","brand":"宏远牌","charge_times":128,"fast_charge_times":95,"total_charge_time_length":382642,"total_fast_charge_time_length":201013,"end_charge_avg_soc":99.078125,"max_weight":"14000","max_speed":"69","drive_range":420,"motor_type":"永磁同步电机","kwh_100km":0,"cell_enterprise":"宁德时代新能源科技股份有限公司","battery_type":"磷酸铁锂","veh_category_2":"纯电动客车","veh_model_name":"KMT6861GBEV2","veh_level":"","produce_date":"2018"},"currentValue is ":"40000","expectedValue is":false,"expectedValue is ":"10000"}}]
at org.testng.Assert.fail(Assert.java:96)
at org.testng.Assert.failNotEquals(Assert.java:776)
at org.testng.Assert.assertEqualsImpl(Assert.java:137)
at org.testng.Assert.assertEquals(Assert.java:118)
at org.testng.Assert.assertEquals(Assert.java:453)
at org.testng.Assert.assertEquals(Assert.java:463)
at com.bitnei.apitest.testcases.saas.ApiTest.ApiTestCode(ApiTest.java:102)
at sun.reflect.GeneratedMethodAccessor2.invoke(Unknown Source)
at sun.reflect.DelegatingMethodAccessorImpl.invoke(DelegatingMethodAccessorImpl.java:43)
at java.lang.reflect.Method.invoke(Method.java:498)
at org.testng.internal.MethodInvocationHelper.invokeMethod(MethodInvocationHelper.java:124)
at org.testng.internal.Invoker.invokeMethod(Invoker.java:580)
at org.testng.internal.Invoker.invokeTestMethod(Invoker.java:716)
at org.testng.internal.Invoker.invokeTestMethods(Invoker.java:988)
at org.testng.internal.TestMethodWorker.invokeTestMethods(TestMethodWorker.java:125)
at org.testng.internal.TestMethodWorker.run(TestMethodWorker.java:109)
at org.testng.TestRunner.privateRun(TestRunner.java:648)
at org.testng.TestRunner.run(TestRunner.java:505)
at org.testng.SuiteRunner.runTest(SuiteRunner.java:455)
at org.testng.SuiteRunner.runSequentially(SuiteRunner.java:450)
at org.testng.SuiteRunner.privateRun(SuiteRunner.java:415)
at org.testng.SuiteRunner.run(SuiteRunner.java:364)
at org.testng.SuiteRunnerWorker.runSuite(SuiteRunnerWorker.java:52)
at org.testng.SuiteRunnerWorker.run(SuiteRunnerWorker.java:84)
at org.testng.TestNG.runSuitesSequentially(TestNG.java:1208)
at org.testng.TestNG.runSuitesLocally(TestNG.java:1137)
at org.testng.TestNG.runSuites(TestNG.java:1049)
at org.testng.TestNG.run(TestNG.java:1017)
at org.testng.remote.AbstractRemoteTestNG.run(AbstractRemoteTestNG.java:114)
at org.testng.remote.RemoteTestNG.initAndRun(RemoteTestNG.java:251)
at org.testng.remote.RemoteTestNG.main(RemoteTestNG.java:77)
]]>
    </failure>
  </testcase> <!-- ApiTestCode -->
  <testcase name="ApiTestCode" time="0.026" classname="com.bitnei.apitest.testcases.saas.ApiTest">
    <failure type="java.lang.AssertionError" message="expected [{}] but found [{&quot;error&quot;:{&quot;currentValue is &quot;:true,&quot;expectedValue is&quot;:false},&quot;code&quot;:{&quot;currentValue is &quot;:&quot;40000&quot;,&quot;expectedValue is&quot;:false,&quot;expectedValue is &quot;:&quot;35000&quot;}}]">
      <![CDATA[java.lang.AssertionError: expected [{}] but found [{"error":{"currentValue is ":true,"expectedValue is":false},"code":{"currentValue is ":"40000","expectedValue is":false,"expectedValue is ":"35000"}}]
at org.testng.Assert.fail(Assert.java:96)
at org.testng.Assert.failNotEquals(Assert.java:776)
at org.testng.Assert.assertEqualsImpl(Assert.java:137)
at org.testng.Assert.assertEquals(Assert.java:118)
at org.testng.Assert.assertEquals(Assert.java:453)
at org.testng.Assert.assertEquals(Assert.java:463)
at com.bitnei.apitest.testcases.saas.ApiTest.ApiTestCode(ApiTest.java:102)
at sun.reflect.GeneratedMethodAccessor2.invoke(Unknown Source)
at sun.reflect.DelegatingMethodAccessorImpl.invoke(DelegatingMethodAccessorImpl.java:43)
at java.lang.reflect.Method.invoke(Method.java:498)
at org.testng.internal.MethodInvocationHelper.invokeMethod(MethodInvocationHelper.java:124)
at org.testng.internal.Invoker.invokeMethod(Invoker.java:580)
at org.testng.internal.Invoker.invokeTestMethod(Invoker.java:716)
at org.testng.internal.Invoker.invokeTestMethods(Invoker.java:988)
at org.testng.internal.TestMethodWorker.invokeTestMethods(TestMethodWorker.java:125)
at org.testng.internal.TestMethodWorker.run(TestMethodWorker.java:109)
at org.testng.TestRunner.privateRun(TestRunner.java:648)
at org.testng.TestRunner.run(TestRunner.java:505)
at org.testng.SuiteRunner.runTest(SuiteRunner.java:455)
at org.testng.SuiteRunner.runSequentially(SuiteRunner.java:450)
at org.testng.SuiteRunner.privateRun(SuiteRunner.java:415)
at org.testng.SuiteRunner.run(SuiteRunner.java:364)
at org.testng.SuiteRunnerWorker.runSuite(SuiteRunnerWorker.java:52)
at org.testng.SuiteRunnerWorker.run(SuiteRunnerWorker.java:84)
at org.testng.TestNG.runSuitesSequentially(TestNG.java:1208)
at org.testng.TestNG.runSuitesLocally(TestNG.java:1137)
at org.testng.TestNG.runSuites(TestNG.java:1049)
at org.testng.TestNG.run(TestNG.java:1017)
at org.testng.remote.AbstractRemoteTestNG.run(AbstractRemoteTestNG.java:114)
at org.testng.remote.RemoteTestNG.initAndRun(RemoteTestNG.java:251)
at org.testng.remote.RemoteTestNG.main(RemoteTestNG.java:77)
]]>
    </failure>
  </testcase> <!-- ApiTestCode -->
  <testcase name="ApiTestCode" time="0.024" classname="com.bitnei.apitest.testcases.saas.ApiTest"/>
  <testcase name="ApiTestCode" time="0.025" classname="com.bitnei.apitest.testcases.saas.ApiTest">
    <failure type="java.lang.AssertionError" message="expected [{}] but found [{&quot;data&quot;:{&quot;actualValue&quot;:null,&quot;expectedValue&quot;:{&quot;vin&quot;:&quot;LDP51B961JE018611&quot;,&quot;produceType&quot;:&quot;电池单体&quot;,&quot;packCode&quot;:&quot;018PE0P080185D8AX0279369&quot;,&quot;moduleCode&quot;:&quot;018ME1K58P01SD8AV2124711&quot;}},&quot;vin&quot;:{&quot;actualKey&quot;:&quot;不存在此vin&quot;,&quot;expectedKey&quot;:&quot;vin&quot;},&quot;produceType&quot;:{&quot;actualKey&quot;:&quot;不存在此produceType&quot;,&quot;expectedKey&quot;:&quot;produceType&quot;},&quot;packCode&quot;:{&quot;actualKey&quot;:&quot;不存在此packCode&quot;,&quot;expectedKey&quot;:&quot;packCode&quot;},&quot;moduleCode&quot;:{&quot;actualKey&quot;:&quot;不存在此moduleCode&quot;,&quot;expectedKey&quot;:&quot;moduleCode&quot;},&quot;error&quot;:{&quot;actualValue&quot;:null,&quot;expectedValue&quot;:{&quot;vin&quot;:&quot;LDP51B961JE018611&quot;,&quot;produceType&quot;:&quot;电池单体&quot;,&quot;packCode&quot;:&quot;018PE0P080185D8AX0279369&quot;,&quot;moduleCode&quot;:&quot;018ME1K58P01SD8AV2124711&quot;},&quot;currentValue is &quot;:true,&quot;expectedValue is&quot;:false},&quot;code&quot;:{&quot;actualValue&quot;:null,&quot;expectedValue&quot;:{&quot;vin&quot;:&quot;LDP51B961JE018611&quot;,&quot;produceType&quot;:&quot;电池单体&quot;,&quot;packCode&quot;:&quot;018PE0P080185D8AX0279369&quot;,&quot;moduleCode&quot;:&quot;018ME1K58P01SD8AV2124711&quot;},&quot;currentValue is &quot;:&quot;40000&quot;,&quot;expectedValue is&quot;:false,&quot;expectedValue is &quot;:&quot;10000&quot;}}]">
      <![CDATA[java.lang.AssertionError: expected [{}] but found [{"data":{"actualValue":null,"expectedValue":{"vin":"LDP51B961JE018611","produceType":"电池单体","packCode":"018PE0P080185D8AX0279369","moduleCode":"018ME1K58P01SD8AV2124711"}},"vin":{"actualKey":"不存在此vin","expectedKey":"vin"},"produceType":{"actualKey":"不存在此produceType","expectedKey":"produceType"},"packCode":{"actualKey":"不存在此packCode","expectedKey":"packCode"},"moduleCode":{"actualKey":"不存在此moduleCode","expectedKey":"moduleCode"},"error":{"actualValue":null,"expectedValue":{"vin":"LDP51B961JE018611","produceType":"电池单体","packCode":"018PE0P080185D8AX0279369","moduleCode":"018ME1K58P01SD8AV2124711"},"currentValue is ":true,"expectedValue is":false},"code":{"actualValue":null,"expectedValue":{"vin":"LDP51B961JE018611","produceType":"电池单体","packCode":"018PE0P080185D8AX0279369","moduleCode":"018ME1K58P01SD8AV2124711"},"currentValue is ":"40000","expectedValue is":false,"expectedValue is ":"10000"}}]
at org.testng.Assert.fail(Assert.java:96)
at org.testng.Assert.failNotEquals(Assert.java:776)
at org.testng.Assert.assertEqualsImpl(Assert.java:137)
at org.testng.Assert.assertEquals(Assert.java:118)
at org.testng.Assert.assertEquals(Assert.java:453)
at org.testng.Assert.assertEquals(Assert.java:463)
at com.bitnei.apitest.testcases.saas.ApiTest.ApiTestCode(ApiTest.java:102)
at sun.reflect.GeneratedMethodAccessor2.invoke(Unknown Source)
at sun.reflect.DelegatingMethodAccessorImpl.invoke(DelegatingMethodAccessorImpl.java:43)
at java.lang.reflect.Method.invoke(Method.java:498)
at org.testng.internal.MethodInvocationHelper.invokeMethod(MethodInvocationHelper.java:124)
at org.testng.internal.Invoker.invokeMethod(Invoker.java:580)
at org.testng.internal.Invoker.invokeTestMethod(Invoker.java:716)
at org.testng.internal.Invoker.invokeTestMethods(Invoker.java:988)
at org.testng.internal.TestMethodWorker.invokeTestMethods(TestMethodWorker.java:125)
at org.testng.internal.TestMethodWorker.run(TestMethodWorker.java:109)
at org.testng.TestRunner.privateRun(TestRunner.java:648)
at org.testng.TestRunner.run(TestRunner.java:505)
at org.testng.SuiteRunner.runTest(SuiteRunner.java:455)
at org.testng.SuiteRunner.runSequentially(SuiteRunner.java:450)
at org.testng.SuiteRunner.privateRun(SuiteRunner.java:415)
at org.testng.SuiteRunner.run(SuiteRunner.java:364)
at org.testng.SuiteRunnerWorker.runSuite(SuiteRunnerWorker.java:52)
at org.testng.SuiteRunnerWorker.run(SuiteRunnerWorker.java:84)
at org.testng.TestNG.runSuitesSequentially(TestNG.java:1208)
at org.testng.TestNG.runSuitesLocally(TestNG.java:1137)
at org.testng.TestNG.runSuites(TestNG.java:1049)
at org.testng.TestNG.run(TestNG.java:1017)
at org.testng.remote.AbstractRemoteTestNG.run(AbstractRemoteTestNG.java:114)
at org.testng.remote.RemoteTestNG.initAndRun(RemoteTestNG.java:251)
at org.testng.remote.RemoteTestNG.main(RemoteTestNG.java:77)
]]>
    </failure>
  </testcase> <!-- ApiTestCode -->
  <testcase name="ApiTestCode" time="0.030" classname="com.bitnei.apitest.testcases.saas.ApiTest">
    <failure type="java.lang.AssertionError" message="expected [{}] but found [{&quot;status&quot;:{&quot;currentValue is &quot;:200,&quot;expectedValue is&quot;:400},&quot;errorMsg&quot;:{&quot;currentValue is &quot;:&quot;Forwarding error&quot;,&quot;expectedValue is&quot;:400,&quot;expectedValue is &quot;:&quot;参数month未传&quot;},&quot;code&quot;:{&quot;currentValue is &quot;:&quot;40000&quot;,&quot;expectedValue is&quot;:400,&quot;expectedValue is &quot;:&quot;30001&quot;}}]">
      <![CDATA[java.lang.AssertionError: expected [{}] but found [{"status":{"currentValue is ":200,"expectedValue is":400},"errorMsg":{"currentValue is ":"Forwarding error","expectedValue is":400,"expectedValue is ":"参数month未传"},"code":{"currentValue is ":"40000","expectedValue is":400,"expectedValue is ":"30001"}}]
at org.testng.Assert.fail(Assert.java:96)
at org.testng.Assert.failNotEquals(Assert.java:776)
at org.testng.Assert.assertEqualsImpl(Assert.java:137)
at org.testng.Assert.assertEquals(Assert.java:118)
at org.testng.Assert.assertEquals(Assert.java:453)
at org.testng.Assert.assertEquals(Assert.java:463)
at com.bitnei.apitest.testcases.saas.ApiTest.ApiTestCode(ApiTest.java:102)
at sun.reflect.GeneratedMethodAccessor2.invoke(Unknown Source)
at sun.reflect.DelegatingMethodAccessorImpl.invoke(DelegatingMethodAccessorImpl.java:43)
at java.lang.reflect.Method.invoke(Method.java:498)
at org.testng.internal.MethodInvocationHelper.invokeMethod(MethodInvocationHelper.java:124)
at org.testng.internal.Invoker.invokeMethod(Invoker.java:580)
at org.testng.internal.Invoker.invokeTestMethod(Invoker.java:716)
at org.testng.internal.Invoker.invokeTestMethods(Invoker.java:988)
at org.testng.internal.TestMethodWorker.invokeTestMethods(TestMethodWorker.java:125)
at org.testng.internal.TestMethodWorker.run(TestMethodWorker.java:109)
at org.testng.TestRunner.privateRun(TestRunner.java:648)
at org.testng.TestRunner.run(TestRunner.java:505)
at org.testng.SuiteRunner.runTest(SuiteRunner.java:455)
at org.testng.SuiteRunner.runSequentially(SuiteRunner.java:450)
at org.testng.SuiteRunner.privateRun(SuiteRunner.java:415)
at org.testng.SuiteRunner.run(SuiteRunner.java:364)
at org.testng.SuiteRunnerWorker.runSuite(SuiteRunnerWorker.java:52)
at org.testng.SuiteRunnerWorker.run(SuiteRunnerWorker.java:84)
at org.testng.TestNG.runSuitesSequentially(TestNG.java:1208)
at org.testng.TestNG.runSuitesLocally(TestNG.java:1137)
at org.testng.TestNG.runSuites(TestNG.java:1049)
at org.testng.TestNG.run(TestNG.java:1017)
at org.testng.remote.AbstractRemoteTestNG.run(AbstractRemoteTestNG.java:114)
at org.testng.remote.RemoteTestNG.initAndRun(RemoteTestNG.java:251)
at org.testng.remote.RemoteTestNG.main(RemoteTestNG.java:77)
]]>
    </failure>
  </testcase> <!-- ApiTestCode -->
  <testcase name="ApiTestCode" time="0.028" classname="com.bitnei.apitest.testcases.saas.ApiTest">
    <failure type="java.lang.AssertionError" message="expected [{}] but found [{&quot;error&quot;:{&quot;currentValue is &quot;:true,&quot;expectedValue is&quot;:false},&quot;code&quot;:{&quot;currentValue is &quot;:&quot;40000&quot;,&quot;expectedValue is&quot;:false,&quot;expectedValue is &quot;:&quot;35000&quot;}}]">
      <![CDATA[java.lang.AssertionError: expected [{}] but found [{"error":{"currentValue is ":true,"expectedValue is":false},"code":{"currentValue is ":"40000","expectedValue is":false,"expectedValue is ":"35000"}}]
at org.testng.Assert.fail(Assert.java:96)
at org.testng.Assert.failNotEquals(Assert.java:776)
at org.testng.Assert.assertEqualsImpl(Assert.java:137)
at org.testng.Assert.assertEquals(Assert.java:118)
at org.testng.Assert.assertEquals(Assert.java:453)
at org.testng.Assert.assertEquals(Assert.java:463)
at com.bitnei.apitest.testcases.saas.ApiTest.ApiTestCode(ApiTest.java:102)
at sun.reflect.GeneratedMethodAccessor2.invoke(Unknown Source)
at sun.reflect.DelegatingMethodAccessorImpl.invoke(DelegatingMethodAccessorImpl.java:43)
at java.lang.reflect.Method.invoke(Method.java:498)
at org.testng.internal.MethodInvocationHelper.invokeMethod(MethodInvocationHelper.java:124)
at org.testng.internal.Invoker.invokeMethod(Invoker.java:580)
at org.testng.internal.Invoker.invokeTestMethod(Invoker.java:716)
at org.testng.internal.Invoker.invokeTestMethods(Invoker.java:988)
at org.testng.internal.TestMethodWorker.invokeTestMethods(TestMethodWorker.java:125)
at org.testng.internal.TestMethodWorker.run(TestMethodWorker.java:109)
at org.testng.TestRunner.privateRun(TestRunner.java:648)
at org.testng.TestRunner.run(TestRunner.java:505)
at org.testng.SuiteRunner.runTest(SuiteRunner.java:455)
at org.testng.SuiteRunner.runSequentially(SuiteRunner.java:450)
at org.testng.SuiteRunner.privateRun(SuiteRunner.java:415)
at org.testng.SuiteRunner.run(SuiteRunner.java:364)
at org.testng.SuiteRunnerWorker.runSuite(SuiteRunnerWorker.java:52)
at org.testng.SuiteRunnerWorker.run(SuiteRunnerWorker.java:84)
at org.testng.TestNG.runSuitesSequentially(TestNG.java:1208)
at org.testng.TestNG.runSuitesLocally(TestNG.java:1137)
at org.testng.TestNG.runSuites(TestNG.java:1049)
at org.testng.TestNG.run(TestNG.java:1017)
at org.testng.remote.AbstractRemoteTestNG.run(AbstractRemoteTestNG.java:114)
at org.testng.remote.RemoteTestNG.initAndRun(RemoteTestNG.java:251)
at org.testng.remote.RemoteTestNG.main(RemoteTestNG.java:77)
]]>
    </failure>
  </testcase> <!-- ApiTestCode -->
  <testcase name="ApiTestCode" time="0.047" classname="com.bitnei.apitest.testcases.saas.ApiTest"/>
  <testcase name="ApiTestCode" time="0.029" classname="com.bitnei.apitest.testcases.saas.ApiTest"/>
  <testcase name="ApiTestCode" time="0.029" classname="com.bitnei.apitest.testcases.saas.ApiTest">
    <failure type="java.lang.AssertionError" message="expected [{}] but found [{&quot;error&quot;:{&quot;currentValue is &quot;:true,&quot;expectedValue is&quot;:false},&quot;code&quot;:{&quot;currentValue is &quot;:&quot;40000&quot;,&quot;expectedValue is&quot;:false,&quot;expectedValue is &quot;:&quot;35000&quot;}}]">
      <![CDATA[java.lang.AssertionError: expected [{}] but found [{"error":{"currentValue is ":true,"expectedValue is":false},"code":{"currentValue is ":"40000","expectedValue is":false,"expectedValue is ":"35000"}}]
at org.testng.Assert.fail(Assert.java:96)
at org.testng.Assert.failNotEquals(Assert.java:776)
at org.testng.Assert.assertEqualsImpl(Assert.java:137)
at org.testng.Assert.assertEquals(Assert.java:118)
at org.testng.Assert.assertEquals(Assert.java:453)
at org.testng.Assert.assertEquals(Assert.java:463)
at com.bitnei.apitest.testcases.saas.ApiTest.ApiTestCode(ApiTest.java:102)
at sun.reflect.GeneratedMethodAccessor2.invoke(Unknown Source)
at sun.reflect.DelegatingMethodAccessorImpl.invoke(DelegatingMethodAccessorImpl.java:43)
at java.lang.reflect.Method.invoke(Method.java:498)
at org.testng.internal.MethodInvocationHelper.invokeMethod(MethodInvocationHelper.java:124)
at org.testng.internal.Invoker.invokeMethod(Invoker.java:580)
at org.testng.internal.Invoker.invokeTestMethod(Invoker.java:716)
at org.testng.internal.Invoker.invokeTestMethods(Invoker.java:988)
at org.testng.internal.TestMethodWorker.invokeTestMethods(TestMethodWorker.java:125)
at org.testng.internal.TestMethodWorker.run(TestMethodWorker.java:109)
at org.testng.TestRunner.privateRun(TestRunner.java:648)
at org.testng.TestRunner.run(TestRunner.java:505)
at org.testng.SuiteRunner.runTest(SuiteRunner.java:455)
at org.testng.SuiteRunner.runSequentially(SuiteRunner.java:450)
at org.testng.SuiteRunner.privateRun(SuiteRunner.java:415)
at org.testng.SuiteRunner.run(SuiteRunner.java:364)
at org.testng.SuiteRunnerWorker.runSuite(SuiteRunnerWorker.java:52)
at org.testng.SuiteRunnerWorker.run(SuiteRunnerWorker.java:84)
at org.testng.TestNG.runSuitesSequentially(TestNG.java:1208)
at org.testng.TestNG.runSuitesLocally(TestNG.java:1137)
at org.testng.TestNG.runSuites(TestNG.java:1049)
at org.testng.TestNG.run(TestNG.java:1017)
at org.testng.remote.AbstractRemoteTestNG.run(AbstractRemoteTestNG.java:114)
at org.testng.remote.RemoteTestNG.initAndRun(RemoteTestNG.java:251)
at org.testng.remote.RemoteTestNG.main(RemoteTestNG.java:77)
]]>
    </failure>
  </testcase> <!-- ApiTestCode -->
  <testcase name="ApiTestCode" time="0.029" classname="com.bitnei.apitest.testcases.saas.ApiTest"/>
  <testcase name="ApiTestCode" time="0.027" classname="com.bitnei.apitest.testcases.saas.ApiTest">
    <failure type="java.lang.AssertionError" message="expected [{}] but found [{&quot;status&quot;:{&quot;currentValue is &quot;:200,&quot;expectedValue is&quot;:400},&quot;errorMsg&quot;:{&quot;currentValue is &quot;:&quot;Forwarding error&quot;,&quot;expectedValue is&quot;:400,&quot;expectedValue is &quot;:&quot;参数vin未传&quot;},&quot;code&quot;:{&quot;currentValue is &quot;:&quot;40000&quot;,&quot;expectedValue is&quot;:400,&quot;expectedValue is &quot;:&quot;30001&quot;}}]">
      <![CDATA[java.lang.AssertionError: expected [{}] but found [{"status":{"currentValue is ":200,"expectedValue is":400},"errorMsg":{"currentValue is ":"Forwarding error","expectedValue is":400,"expectedValue is ":"参数vin未传"},"code":{"currentValue is ":"40000","expectedValue is":400,"expectedValue is ":"30001"}}]
at org.testng.Assert.fail(Assert.java:96)
at org.testng.Assert.failNotEquals(Assert.java:776)
at org.testng.Assert.assertEqualsImpl(Assert.java:137)
at org.testng.Assert.assertEquals(Assert.java:118)
at org.testng.Assert.assertEquals(Assert.java:453)
at org.testng.Assert.assertEquals(Assert.java:463)
at com.bitnei.apitest.testcases.saas.ApiTest.ApiTestCode(ApiTest.java:102)
at sun.reflect.GeneratedMethodAccessor2.invoke(Unknown Source)
at sun.reflect.DelegatingMethodAccessorImpl.invoke(DelegatingMethodAccessorImpl.java:43)
at java.lang.reflect.Method.invoke(Method.java:498)
at org.testng.internal.MethodInvocationHelper.invokeMethod(MethodInvocationHelper.java:124)
at org.testng.internal.Invoker.invokeMethod(Invoker.java:580)
at org.testng.internal.Invoker.invokeTestMethod(Invoker.java:716)
at org.testng.internal.Invoker.invokeTestMethods(Invoker.java:988)
at org.testng.internal.TestMethodWorker.invokeTestMethods(TestMethodWorker.java:125)
at org.testng.internal.TestMethodWorker.run(TestMethodWorker.java:109)
at org.testng.TestRunner.privateRun(TestRunner.java:648)
at org.testng.TestRunner.run(TestRunner.java:505)
at org.testng.SuiteRunner.runTest(SuiteRunner.java:455)
at org.testng.SuiteRunner.runSequentially(SuiteRunner.java:450)
at org.testng.SuiteRunner.privateRun(SuiteRunner.java:415)
at org.testng.SuiteRunner.run(SuiteRunner.java:364)
at org.testng.SuiteRunnerWorker.runSuite(SuiteRunnerWorker.java:52)
at org.testng.SuiteRunnerWorker.run(SuiteRunnerWorker.java:84)
at org.testng.TestNG.runSuitesSequentially(TestNG.java:1208)
at org.testng.TestNG.runSuitesLocally(TestNG.java:1137)
at org.testng.TestNG.runSuites(TestNG.java:1049)
at org.testng.TestNG.run(TestNG.java:1017)
at org.testng.remote.AbstractRemoteTestNG.run(AbstractRemoteTestNG.java:114)
at org.testng.remote.RemoteTestNG.initAndRun(RemoteTestNG.java:251)
at org.testng.remote.RemoteTestNG.main(RemoteTestNG.java:77)
]]>
    </failure>
  </testcase> <!-- ApiTestCode -->
  <testcase name="ApiTestCode" time="0.060" classname="com.bitnei.apitest.testcases.saas.ApiTest">
    <failure type="java.lang.AssertionError" message="expected [{}] but found [{&quot;status&quot;:{&quot;currentValue is &quot;:200,&quot;expectedValue is&quot;:400},&quot;errorMsg&quot;:{&quot;currentValue is &quot;:&quot;Forwarding error&quot;,&quot;expectedValue is&quot;:400,&quot;expectedValue is &quot;:&quot;statisticDate 日期格式不正确(yyyy-MM-dd)&quot;},&quot;code&quot;:{&quot;currentValue is &quot;:&quot;40000&quot;,&quot;expectedValue is&quot;:400,&quot;expectedValue is &quot;:&quot;30001&quot;}}]">
      <![CDATA[java.lang.AssertionError: expected [{}] but found [{"status":{"currentValue is ":200,"expectedValue is":400},"errorMsg":{"currentValue is ":"Forwarding error","expectedValue is":400,"expectedValue is ":"statisticDate 日期格式不正确(yyyy-MM-dd)"},"code":{"currentValue is ":"40000","expectedValue is":400,"expectedValue is ":"30001"}}]
at org.testng.Assert.fail(Assert.java:96)
at org.testng.Assert.failNotEquals(Assert.java:776)
at org.testng.Assert.assertEqualsImpl(Assert.java:137)
at org.testng.Assert.assertEquals(Assert.java:118)
at org.testng.Assert.assertEquals(Assert.java:453)
at org.testng.Assert.assertEquals(Assert.java:463)
at com.bitnei.apitest.testcases.saas.ApiTest.ApiTestCode(ApiTest.java:102)
at sun.reflect.GeneratedMethodAccessor2.invoke(Unknown Source)
at sun.reflect.DelegatingMethodAccessorImpl.invoke(DelegatingMethodAccessorImpl.java:43)
at java.lang.reflect.Method.invoke(Method.java:498)
at org.testng.internal.MethodInvocationHelper.invokeMethod(MethodInvocationHelper.java:124)
at org.testng.internal.Invoker.invokeMethod(Invoker.java:580)
at org.testng.internal.Invoker.invokeTestMethod(Invoker.java:716)
at org.testng.internal.Invoker.invokeTestMethods(Invoker.java:988)
at org.testng.internal.TestMethodWorker.invokeTestMethods(TestMethodWorker.java:125)
at org.testng.internal.TestMethodWorker.run(TestMethodWorker.java:109)
at org.testng.TestRunner.privateRun(TestRunner.java:648)
at org.testng.TestRunner.run(TestRunner.java:505)
at org.testng.SuiteRunner.runTest(SuiteRunner.java:455)
at org.testng.SuiteRunner.runSequentially(SuiteRunner.java:450)
at org.testng.SuiteRunner.privateRun(SuiteRunner.java:415)
at org.testng.SuiteRunner.run(SuiteRunner.java:364)
at org.testng.SuiteRunnerWorker.runSuite(SuiteRunnerWorker.java:52)
at org.testng.SuiteRunnerWorker.run(SuiteRunnerWorker.java:84)
at org.testng.TestNG.runSuitesSequentially(TestNG.java:1208)
at org.testng.TestNG.runSuitesLocally(TestNG.java:1137)
at org.testng.TestNG.runSuites(TestNG.java:1049)
at org.testng.TestNG.run(TestNG.java:1017)
at org.testng.remote.AbstractRemoteTestNG.run(AbstractRemoteTestNG.java:114)
at org.testng.remote.RemoteTestNG.initAndRun(RemoteTestNG.java:251)
at org.testng.remote.RemoteTestNG.main(RemoteTestNG.java:77)
]]>
    </failure>
  </testcase> <!-- ApiTestCode -->
  <testcase name="ApiTestCode" time="0.025" classname="com.bitnei.apitest.testcases.saas.ApiTest">
    <failure type="java.lang.AssertionError" message="expected [{}] but found [{&quot;data&quot;:{&quot;actualValue&quot;:null,&quot;expectedValue&quot;:{&quot;assessmentTime&quot;:&quot;2020-12-03&quot;,&quot;internalResistanceScore&quot;:98,&quot;volumeScore&quot;:89.69,&quot;selfDischargeRateScore&quot;:100,&quot;voltConsistenceScore&quot;:99.53,&quot;temperatureConsistenceScore&quot;:100,&quot;synthesizeScore&quot;:96.9,&quot;lastReportTime&quot;:&quot;2020-11-11 16:32:09&quot;}},&quot;assessmentTime&quot;:{&quot;actualKey&quot;:&quot;不存在此assessmentTime&quot;,&quot;expectedKey&quot;:&quot;assessmentTime&quot;},&quot;internalResistanceScore&quot;:{&quot;actualKey&quot;:&quot;不存在此internalResistanceScore&quot;,&quot;expectedKey&quot;:&quot;internalResistanceScore&quot;},&quot;volumeScore&quot;:{&quot;actualKey&quot;:&quot;不存在此volumeScore&quot;,&quot;expectedKey&quot;:&quot;volumeScore&quot;},&quot;selfDischargeRateScore&quot;:{&quot;actualKey&quot;:&quot;不存在此selfDischargeRateScore&quot;,&quot;expectedKey&quot;:&quot;selfDischargeRateScore&quot;},&quot;voltConsistenceScore&quot;:{&quot;actualKey&quot;:&quot;不存在此voltConsistenceScore&quot;,&quot;expectedKey&quot;:&quot;voltConsistenceScore&quot;},&quot;temperatureConsistenceScore&quot;:{&quot;actualKey&quot;:&quot;不存在此temperatureConsistenceScore&quot;,&quot;expectedKey&quot;:&quot;temperatureConsistenceScore&quot;},&quot;synthesizeScore&quot;:{&quot;actualKey&quot;:&quot;不存在此synthesizeScore&quot;,&quot;expectedKey&quot;:&quot;synthesizeScore&quot;},&quot;lastReportTime&quot;:{&quot;actualKey&quot;:&quot;不存在此lastReportTime&quot;,&quot;expectedKey&quot;:&quot;lastReportTime&quot;},&quot;error&quot;:{&quot;actualValue&quot;:null,&quot;expectedValue&quot;:{&quot;assessmentTime&quot;:&quot;2020-12-03&quot;,&quot;internalResistanceScore&quot;:98,&quot;volumeScore&quot;:89.69,&quot;selfDischargeRateScore&quot;:100,&quot;voltConsistenceScore&quot;:99.53,&quot;temperatureConsistenceScore&quot;:100,&quot;synthesizeScore&quot;:96.9,&quot;lastReportTime&quot;:&quot;2020-11-11 16:32:09&quot;},&quot;currentValue is &quot;:true,&quot;expectedValue is&quot;:false},&quot;code&quot;:{&quot;actualValue&quot;:null,&quot;expectedValue&quot;:{&quot;assessmentTime&quot;:&quot;2020-12-03&quot;,&quot;internalResistanceScore&quot;:98,&quot;volumeScore&quot;:89.69,&quot;selfDischargeRateScore&quot;:100,&quot;voltConsistenceScore&quot;:99.53,&quot;temperatureConsistenceScore&quot;:100,&quot;synthesizeScore&quot;:96.9,&quot;lastReportTime&quot;:&quot;2020-11-11 16:32:09&quot;},&quot;currentValue is &quot;:&quot;40000&quot;,&quot;expectedValue is&quot;:false,&quot;expectedValue is &quot;:&quot;10000&quot;}}]">
      <![CDATA[java.lang.AssertionError: expected [{}] but found [{"data":{"actualValue":null,"expectedValue":{"assessmentTime":"2020-12-03","internalResistanceScore":98,"volumeScore":89.69,"selfDischargeRateScore":100,"voltConsistenceScore":99.53,"temperatureConsistenceScore":100,"synthesizeScore":96.9,"lastReportTime":"2020-11-11 16:32:09"}},"assessmentTime":{"actualKey":"不存在此assessmentTime","expectedKey":"assessmentTime"},"internalResistanceScore":{"actualKey":"不存在此internalResistanceScore","expectedKey":"internalResistanceScore"},"volumeScore":{"actualKey":"不存在此volumeScore","expectedKey":"volumeScore"},"selfDischargeRateScore":{"actualKey":"不存在此selfDischargeRateScore","expectedKey":"selfDischargeRateScore"},"voltConsistenceScore":{"actualKey":"不存在此voltConsistenceScore","expectedKey":"voltConsistenceScore"},"temperatureConsistenceScore":{"actualKey":"不存在此temperatureConsistenceScore","expectedKey":"temperatureConsistenceScore"},"synthesizeScore":{"actualKey":"不存在此synthesizeScore","expectedKey":"synthesizeScore"},"lastReportTime":{"actualKey":"不存在此lastReportTime","expectedKey":"lastReportTime"},"error":{"actualValue":null,"expectedValue":{"assessmentTime":"2020-12-03","internalResistanceScore":98,"volumeScore":89.69,"selfDischargeRateScore":100,"voltConsistenceScore":99.53,"temperatureConsistenceScore":100,"synthesizeScore":96.9,"lastReportTime":"2020-11-11 16:32:09"},"currentValue is ":true,"expectedValue is":false},"code":{"actualValue":null,"expectedValue":{"assessmentTime":"2020-12-03","internalResistanceScore":98,"volumeScore":89.69,"selfDischargeRateScore":100,"voltConsistenceScore":99.53,"temperatureConsistenceScore":100,"synthesizeScore":96.9,"lastReportTime":"2020-11-11 16:32:09"},"currentValue is ":"40000","expectedValue is":false,"expectedValue is ":"10000"}}]
at org.testng.Assert.fail(Assert.java:96)
at org.testng.Assert.failNotEquals(Assert.java:776)
at org.testng.Assert.assertEqualsImpl(Assert.java:137)
at org.testng.Assert.assertEquals(Assert.java:118)
at org.testng.Assert.assertEquals(Assert.java:453)
at org.testng.Assert.assertEquals(Assert.java:463)
at com.bitnei.apitest.testcases.saas.ApiTest.ApiTestCode(ApiTest.java:102)
at sun.reflect.GeneratedMethodAccessor2.invoke(Unknown Source)
at sun.reflect.DelegatingMethodAccessorImpl.invoke(DelegatingMethodAccessorImpl.java:43)
at java.lang.reflect.Method.invoke(Method.java:498)
at org.testng.internal.MethodInvocationHelper.invokeMethod(MethodInvocationHelper.java:124)
at org.testng.internal.Invoker.invokeMethod(Invoker.java:580)
at org.testng.internal.Invoker.invokeTestMethod(Invoker.java:716)
at org.testng.internal.Invoker.invokeTestMethods(Invoker.java:988)
at org.testng.internal.TestMethodWorker.invokeTestMethods(TestMethodWorker.java:125)
at org.testng.internal.TestMethodWorker.run(TestMethodWorker.java:109)
at org.testng.TestRunner.privateRun(TestRunner.java:648)
at org.testng.TestRunner.run(TestRunner.java:505)
at org.testng.SuiteRunner.runTest(SuiteRunner.java:455)
at org.testng.SuiteRunner.runSequentially(SuiteRunner.java:450)
at org.testng.SuiteRunner.privateRun(SuiteRunner.java:415)
at org.testng.SuiteRunner.run(SuiteRunner.java:364)
at org.testng.SuiteRunnerWorker.runSuite(SuiteRunnerWorker.java:52)
at org.testng.SuiteRunnerWorker.run(SuiteRunnerWorker.java:84)
at org.testng.TestNG.runSuitesSequentially(TestNG.java:1208)
at org.testng.TestNG.runSuitesLocally(TestNG.java:1137)
at org.testng.TestNG.runSuites(TestNG.java:1049)
at org.testng.TestNG.run(TestNG.java:1017)
at org.testng.remote.AbstractRemoteTestNG.run(AbstractRemoteTestNG.java:114)
at org.testng.remote.RemoteTestNG.initAndRun(RemoteTestNG.java:251)
at org.testng.remote.RemoteTestNG.main(RemoteTestNG.java:77)
]]>
    </failure>
  </testcase> <!-- ApiTestCode -->
  <testcase name="ApiTestCode" time="0.029" classname="com.bitnei.apitest.testcases.saas.ApiTest"/>
  <testcase name="ApiTestCode" time="0.028" classname="com.bitnei.apitest.testcases.saas.ApiTest">
    <failure type="java.lang.AssertionError" message="expected [{}] but found [{&quot;error&quot;:{&quot;currentValue is &quot;:true,&quot;expectedValue is&quot;:false},&quot;code&quot;:{&quot;currentValue is &quot;:&quot;40000&quot;,&quot;expectedValue is&quot;:false,&quot;expectedValue is &quot;:&quot;35000&quot;}}]">
      <![CDATA[java.lang.AssertionError: expected [{}] but found [{"error":{"currentValue is ":true,"expectedValue is":false},"code":{"currentValue is ":"40000","expectedValue is":false,"expectedValue is ":"35000"}}]
at org.testng.Assert.fail(Assert.java:96)
at org.testng.Assert.failNotEquals(Assert.java:776)
at org.testng.Assert.assertEqualsImpl(Assert.java:137)
at org.testng.Assert.assertEquals(Assert.java:118)
at org.testng.Assert.assertEquals(Assert.java:453)
at org.testng.Assert.assertEquals(Assert.java:463)
at com.bitnei.apitest.testcases.saas.ApiTest.ApiTestCode(ApiTest.java:102)
at sun.reflect.GeneratedMethodAccessor2.invoke(Unknown Source)
at sun.reflect.DelegatingMethodAccessorImpl.invoke(DelegatingMethodAccessorImpl.java:43)
at java.lang.reflect.Method.invoke(Method.java:498)
at org.testng.internal.MethodInvocationHelper.invokeMethod(MethodInvocationHelper.java:124)
at org.testng.internal.Invoker.invokeMethod(Invoker.java:580)
at org.testng.internal.Invoker.invokeTestMethod(Invoker.java:716)
at org.testng.internal.Invoker.invokeTestMethods(Invoker.java:988)
at org.testng.internal.TestMethodWorker.invokeTestMethods(TestMethodWorker.java:125)
at org.testng.internal.TestMethodWorker.run(TestMethodWorker.java:109)
at org.testng.TestRunner.privateRun(TestRunner.java:648)
at org.testng.TestRunner.run(TestRunner.java:505)
at org.testng.SuiteRunner.runTest(SuiteRunner.java:455)
at org.testng.SuiteRunner.runSequentially(SuiteRunner.java:450)
at org.testng.SuiteRunner.privateRun(SuiteRunner.java:415)
at org.testng.SuiteRunner.run(SuiteRunner.java:364)
at org.testng.SuiteRunnerWorker.runSuite(SuiteRunnerWorker.java:52)
at org.testng.SuiteRunnerWorker.run(SuiteRunnerWorker.java:84)
at org.testng.TestNG.runSuitesSequentially(TestNG.java:1208)
at org.testng.TestNG.runSuitesLocally(TestNG.java:1137)
at org.testng.TestNG.runSuites(TestNG.java:1049)
at org.testng.TestNG.run(TestNG.java:1017)
at org.testng.remote.AbstractRemoteTestNG.run(AbstractRemoteTestNG.java:114)
at org.testng.remote.RemoteTestNG.initAndRun(RemoteTestNG.java:251)
at org.testng.remote.RemoteTestNG.main(RemoteTestNG.java:77)
]]>
    </failure>
  </testcase> <!-- ApiTestCode -->
  <testcase name="ApiTestCode" time="0.027" classname="com.bitnei.apitest.testcases.saas.ApiTest">
    <failure type="java.lang.AssertionError" message="expected [{}] but found [{&quot;error&quot;:{&quot;currentValue is &quot;:true,&quot;expectedValue is&quot;:false},&quot;code&quot;:{&quot;currentValue is &quot;:&quot;40000&quot;,&quot;expectedValue is&quot;:false,&quot;expectedValue is &quot;:&quot;35000&quot;}}]">
      <![CDATA[java.lang.AssertionError: expected [{}] but found [{"error":{"currentValue is ":true,"expectedValue is":false},"code":{"currentValue is ":"40000","expectedValue is":false,"expectedValue is ":"35000"}}]
at org.testng.Assert.fail(Assert.java:96)
at org.testng.Assert.failNotEquals(Assert.java:776)
at org.testng.Assert.assertEqualsImpl(Assert.java:137)
at org.testng.Assert.assertEquals(Assert.java:118)
at org.testng.Assert.assertEquals(Assert.java:453)
at org.testng.Assert.assertEquals(Assert.java:463)
at com.bitnei.apitest.testcases.saas.ApiTest.ApiTestCode(ApiTest.java:102)
at sun.reflect.GeneratedMethodAccessor2.invoke(Unknown Source)
at sun.reflect.DelegatingMethodAccessorImpl.invoke(DelegatingMethodAccessorImpl.java:43)
at java.lang.reflect.Method.invoke(Method.java:498)
at org.testng.internal.MethodInvocationHelper.invokeMethod(MethodInvocationHelper.java:124)
at org.testng.internal.Invoker.invokeMethod(Invoker.java:580)
at org.testng.internal.Invoker.invokeTestMethod(Invoker.java:716)
at org.testng.internal.Invoker.invokeTestMethods(Invoker.java:988)
at org.testng.internal.TestMethodWorker.invokeTestMethods(TestMethodWorker.java:125)
at org.testng.internal.TestMethodWorker.run(TestMethodWorker.java:109)
at org.testng.TestRunner.privateRun(TestRunner.java:648)
at org.testng.TestRunner.run(TestRunner.java:505)
at org.testng.SuiteRunner.runTest(SuiteRunner.java:455)
at org.testng.SuiteRunner.runSequentially(SuiteRunner.java:450)
at org.testng.SuiteRunner.privateRun(SuiteRunner.java:415)
at org.testng.SuiteRunner.run(SuiteRunner.java:364)
at org.testng.SuiteRunnerWorker.runSuite(SuiteRunnerWorker.java:52)
at org.testng.SuiteRunnerWorker.run(SuiteRunnerWorker.java:84)
at org.testng.TestNG.runSuitesSequentially(TestNG.java:1208)
at org.testng.TestNG.runSuitesLocally(TestNG.java:1137)
at org.testng.TestNG.runSuites(TestNG.java:1049)
at org.testng.TestNG.run(TestNG.java:1017)
at org.testng.remote.AbstractRemoteTestNG.run(AbstractRemoteTestNG.java:114)
at org.testng.remote.RemoteTestNG.initAndRun(RemoteTestNG.java:251)
at org.testng.remote.RemoteTestNG.main(RemoteTestNG.java:77)
]]>
    </failure>
  </testcase> <!-- ApiTestCode -->
  <testcase name="ApiTestCode" time="0.025" classname="com.bitnei.apitest.testcases.saas.ApiTest">
    <failure type="java.lang.AssertionError" message="expected [{}] but found [{&quot;error&quot;:{&quot;currentValue is &quot;:true,&quot;expectedValue is&quot;:false},&quot;code&quot;:{&quot;currentValue is &quot;:&quot;40000&quot;,&quot;expectedValue is&quot;:false,&quot;expectedValue is &quot;:&quot;35000&quot;}}]">
      <![CDATA[java.lang.AssertionError: expected [{}] but found [{"error":{"currentValue is ":true,"expectedValue is":false},"code":{"currentValue is ":"40000","expectedValue is":false,"expectedValue is ":"35000"}}]
at org.testng.Assert.fail(Assert.java:96)
at org.testng.Assert.failNotEquals(Assert.java:776)
at org.testng.Assert.assertEqualsImpl(Assert.java:137)
at org.testng.Assert.assertEquals(Assert.java:118)
at org.testng.Assert.assertEquals(Assert.java:453)
at org.testng.Assert.assertEquals(Assert.java:463)
at com.bitnei.apitest.testcases.saas.ApiTest.ApiTestCode(ApiTest.java:102)
at sun.reflect.GeneratedMethodAccessor2.invoke(Unknown Source)
at sun.reflect.DelegatingMethodAccessorImpl.invoke(DelegatingMethodAccessorImpl.java:43)
at java.lang.reflect.Method.invoke(Method.java:498)
at org.testng.internal.MethodInvocationHelper.invokeMethod(MethodInvocationHelper.java:124)
at org.testng.internal.Invoker.invokeMethod(Invoker.java:580)
at org.testng.internal.Invoker.invokeTestMethod(Invoker.java:716)
at org.testng.internal.Invoker.invokeTestMethods(Invoker.java:988)
at org.testng.internal.TestMethodWorker.invokeTestMethods(TestMethodWorker.java:125)
at org.testng.internal.TestMethodWorker.run(TestMethodWorker.java:109)
at org.testng.TestRunner.privateRun(TestRunner.java:648)
at org.testng.TestRunner.run(TestRunner.java:505)
at org.testng.SuiteRunner.runTest(SuiteRunner.java:455)
at org.testng.SuiteRunner.runSequentially(SuiteRunner.java:450)
at org.testng.SuiteRunner.privateRun(SuiteRunner.java:415)
at org.testng.SuiteRunner.run(SuiteRunner.java:364)
at org.testng.SuiteRunnerWorker.runSuite(SuiteRunnerWorker.java:52)
at org.testng.SuiteRunnerWorker.run(SuiteRunnerWorker.java:84)
at org.testng.TestNG.runSuitesSequentially(TestNG.java:1208)
at org.testng.TestNG.runSuitesLocally(TestNG.java:1137)
at org.testng.TestNG.runSuites(TestNG.java:1049)
at org.testng.TestNG.run(TestNG.java:1017)
at org.testng.remote.AbstractRemoteTestNG.run(AbstractRemoteTestNG.java:114)
at org.testng.remote.RemoteTestNG.initAndRun(RemoteTestNG.java:251)
at org.testng.remote.RemoteTestNG.main(RemoteTestNG.java:77)
]]>
    </failure>
  </testcase> <!-- ApiTestCode -->
  <testcase name="ApiTestCode" time="0.022" classname="com.bitnei.apitest.testcases.saas.ApiTest">
    <failure type="java.lang.AssertionError" message="expected [{}] but found [{&quot;error&quot;:{&quot;currentValue is &quot;:true,&quot;expectedValue is&quot;:false},&quot;code&quot;:{&quot;currentValue is &quot;:&quot;40000&quot;,&quot;expectedValue is&quot;:false,&quot;expectedValue is &quot;:&quot;35000&quot;}}]">
      <![CDATA[java.lang.AssertionError: expected [{}] but found [{"error":{"currentValue is ":true,"expectedValue is":false},"code":{"currentValue is ":"40000","expectedValue is":false,"expectedValue is ":"35000"}}]
at org.testng.Assert.fail(Assert.java:96)
at org.testng.Assert.failNotEquals(Assert.java:776)
at org.testng.Assert.assertEqualsImpl(Assert.java:137)
at org.testng.Assert.assertEquals(Assert.java:118)
at org.testng.Assert.assertEquals(Assert.java:453)
at org.testng.Assert.assertEquals(Assert.java:463)
at com.bitnei.apitest.testcases.saas.ApiTest.ApiTestCode(ApiTest.java:102)
at sun.reflect.GeneratedMethodAccessor2.invoke(Unknown Source)
at sun.reflect.DelegatingMethodAccessorImpl.invoke(DelegatingMethodAccessorImpl.java:43)
at java.lang.reflect.Method.invoke(Method.java:498)
at org.testng.internal.MethodInvocationHelper.invokeMethod(MethodInvocationHelper.java:124)
at org.testng.internal.Invoker.invokeMethod(Invoker.java:580)
at org.testng.internal.Invoker.invokeTestMethod(Invoker.java:716)
at org.testng.internal.Invoker.invokeTestMethods(Invoker.java:988)
at org.testng.internal.TestMethodWorker.invokeTestMethods(TestMethodWorker.java:125)
at org.testng.internal.TestMethodWorker.run(TestMethodWorker.java:109)
at org.testng.TestRunner.privateRun(TestRunner.java:648)
at org.testng.TestRunner.run(TestRunner.java:505)
at org.testng.SuiteRunner.runTest(SuiteRunner.java:455)
at org.testng.SuiteRunner.runSequentially(SuiteRunner.java:450)
at org.testng.SuiteRunner.privateRun(SuiteRunner.java:415)
at org.testng.SuiteRunner.run(SuiteRunner.java:364)
at org.testng.SuiteRunnerWorker.runSuite(SuiteRunnerWorker.java:52)
at org.testng.SuiteRunnerWorker.run(SuiteRunnerWorker.java:84)
at org.testng.TestNG.runSuitesSequentially(TestNG.java:1208)
at org.testng.TestNG.runSuitesLocally(TestNG.java:1137)
at org.testng.TestNG.runSuites(TestNG.java:1049)
at org.testng.TestNG.run(TestNG.java:1017)
at org.testng.remote.AbstractRemoteTestNG.run(AbstractRemoteTestNG.java:114)
at org.testng.remote.RemoteTestNG.initAndRun(RemoteTestNG.java:251)
at org.testng.remote.RemoteTestNG.main(RemoteTestNG.java:77)
]]>
    </failure>
  </testcase> <!-- ApiTestCode -->
  <testcase name="ApiTestCode" time="0.065" classname="com.bitnei.apitest.testcases.saas.ApiTest">
    <failure type="java.lang.AssertionError" message="expected [{}] but found [{&quot;error&quot;:{&quot;currentValue is &quot;:true,&quot;expectedValue is&quot;:false},&quot;code&quot;:{&quot;currentValue is &quot;:&quot;40000&quot;,&quot;expectedValue is&quot;:false,&quot;expectedValue is &quot;:&quot;35000&quot;}}]">
      <![CDATA[java.lang.AssertionError: expected [{}] but found [{"error":{"currentValue is ":true,"expectedValue is":false},"code":{"currentValue is ":"40000","expectedValue is":false,"expectedValue is ":"35000"}}]
at org.testng.Assert.fail(Assert.java:96)
at org.testng.Assert.failNotEquals(Assert.java:776)
at org.testng.Assert.assertEqualsImpl(Assert.java:137)
at org.testng.Assert.assertEquals(Assert.java:118)
at org.testng.Assert.assertEquals(Assert.java:453)
at org.testng.Assert.assertEquals(Assert.java:463)
at com.bitnei.apitest.testcases.saas.ApiTest.ApiTestCode(ApiTest.java:102)
at sun.reflect.GeneratedMethodAccessor2.invoke(Unknown Source)
at sun.reflect.DelegatingMethodAccessorImpl.invoke(DelegatingMethodAccessorImpl.java:43)
at java.lang.reflect.Method.invoke(Method.java:498)
at org.testng.internal.MethodInvocationHelper.invokeMethod(MethodInvocationHelper.java:124)
at org.testng.internal.Invoker.invokeMethod(Invoker.java:580)
at org.testng.internal.Invoker.invokeTestMethod(Invoker.java:716)
at org.testng.internal.Invoker.invokeTestMethods(Invoker.java:988)
at org.testng.internal.TestMethodWorker.invokeTestMethods(TestMethodWorker.java:125)
at org.testng.internal.TestMethodWorker.run(TestMethodWorker.java:109)
at org.testng.TestRunner.privateRun(TestRunner.java:648)
at org.testng.TestRunner.run(TestRunner.java:505)
at org.testng.SuiteRunner.runTest(SuiteRunner.java:455)
at org.testng.SuiteRunner.runSequentially(SuiteRunner.java:450)
at org.testng.SuiteRunner.privateRun(SuiteRunner.java:415)
at org.testng.SuiteRunner.run(SuiteRunner.java:364)
at org.testng.SuiteRunnerWorker.runSuite(SuiteRunnerWorker.java:52)
at org.testng.SuiteRunnerWorker.run(SuiteRunnerWorker.java:84)
at org.testng.TestNG.runSuitesSequentially(TestNG.java:1208)
at org.testng.TestNG.runSuitesLocally(TestNG.java:1137)
at org.testng.TestNG.runSuites(TestNG.java:1049)
at org.testng.TestNG.run(TestNG.java:1017)
at org.testng.remote.AbstractRemoteTestNG.run(AbstractRemoteTestNG.java:114)
at org.testng.remote.RemoteTestNG.initAndRun(RemoteTestNG.java:251)
at org.testng.remote.RemoteTestNG.main(RemoteTestNG.java:77)
]]>
    </failure>
  </testcase> <!-- ApiTestCode -->
  <testcase name="ApiTestCode" time="0.061" classname="com.bitnei.apitest.testcases.saas.ApiTest"/>
  <testcase name="ApiTestCode" time="0.024" classname="com.bitnei.apitest.testcases.saas.ApiTest">
    <failure type="java.lang.AssertionError" message="expected [{}] but found [{&quot;data&quot;:{&quot;actualValue&quot;:null,&quot;expectedValue&quot;:{&quot;change&quot;:true,&quot;lastPackCode&quot;:&quot;00NPE02C336D0N8CR1327001&quot;,&quot;latestPackCode&quot;:&quot;00NPE02C336D0N8CR1327009&quot;,&quot;replaceDate&quot;:&quot;2020-08-10 13:56:18&quot;}},&quot;change&quot;:{&quot;actualKey&quot;:&quot;不存在此change&quot;,&quot;expectedKey&quot;:&quot;change&quot;},&quot;lastPackCode&quot;:{&quot;actualKey&quot;:&quot;不存在此lastPackCode&quot;,&quot;expectedKey&quot;:&quot;lastPackCode&quot;},&quot;latestPackCode&quot;:{&quot;actualKey&quot;:&quot;不存在此latestPackCode&quot;,&quot;expectedKey&quot;:&quot;latestPackCode&quot;},&quot;replaceDate&quot;:{&quot;actualKey&quot;:&quot;不存在此replaceDate&quot;,&quot;expectedKey&quot;:&quot;replaceDate&quot;},&quot;error&quot;:{&quot;actualValue&quot;:null,&quot;expectedValue&quot;:{&quot;change&quot;:true,&quot;lastPackCode&quot;:&quot;00NPE02C336D0N8CR1327001&quot;,&quot;latestPackCode&quot;:&quot;00NPE02C336D0N8CR1327009&quot;,&quot;replaceDate&quot;:&quot;2020-08-10 13:56:18&quot;},&quot;currentValue is &quot;:true,&quot;expectedValue is&quot;:false},&quot;code&quot;:{&quot;actualValue&quot;:null,&quot;expectedValue&quot;:{&quot;change&quot;:true,&quot;lastPackCode&quot;:&quot;00NPE02C336D0N8CR1327001&quot;,&quot;latestPackCode&quot;:&quot;00NPE02C336D0N8CR1327009&quot;,&quot;replaceDate&quot;:&quot;2020-08-10 13:56:18&quot;},&quot;currentValue is &quot;:&quot;40000&quot;,&quot;expectedValue is&quot;:false,&quot;expectedValue is &quot;:&quot;10000&quot;}}]">
      <![CDATA[java.lang.AssertionError: expected [{}] but found [{"data":{"actualValue":null,"expectedValue":{"change":true,"lastPackCode":"00NPE02C336D0N8CR1327001","latestPackCode":"00NPE02C336D0N8CR1327009","replaceDate":"2020-08-10 13:56:18"}},"change":{"actualKey":"不存在此change","expectedKey":"change"},"lastPackCode":{"actualKey":"不存在此lastPackCode","expectedKey":"lastPackCode"},"latestPackCode":{"actualKey":"不存在此latestPackCode","expectedKey":"latestPackCode"},"replaceDate":{"actualKey":"不存在此replaceDate","expectedKey":"replaceDate"},"error":{"actualValue":null,"expectedValue":{"change":true,"lastPackCode":"00NPE02C336D0N8CR1327001","latestPackCode":"00NPE02C336D0N8CR1327009","replaceDate":"2020-08-10 13:56:18"},"currentValue is ":true,"expectedValue is":false},"code":{"actualValue":null,"expectedValue":{"change":true,"lastPackCode":"00NPE02C336D0N8CR1327001","latestPackCode":"00NPE02C336D0N8CR1327009","replaceDate":"2020-08-10 13:56:18"},"currentValue is ":"40000","expectedValue is":false,"expectedValue is ":"10000"}}]
at org.testng.Assert.fail(Assert.java:96)
at org.testng.Assert.failNotEquals(Assert.java:776)
at org.testng.Assert.assertEqualsImpl(Assert.java:137)
at org.testng.Assert.assertEquals(Assert.java:118)
at org.testng.Assert.assertEquals(Assert.java:453)
at org.testng.Assert.assertEquals(Assert.java:463)
at com.bitnei.apitest.testcases.saas.ApiTest.ApiTestCode(ApiTest.java:102)
at sun.reflect.GeneratedMethodAccessor2.invoke(Unknown Source)
at sun.reflect.DelegatingMethodAccessorImpl.invoke(DelegatingMethodAccessorImpl.java:43)
at java.lang.reflect.Method.invoke(Method.java:498)
at org.testng.internal.MethodInvocationHelper.invokeMethod(MethodInvocationHelper.java:124)
at org.testng.internal.Invoker.invokeMethod(Invoker.java:580)
at org.testng.internal.Invoker.invokeTestMethod(Invoker.java:716)
at org.testng.internal.Invoker.invokeTestMethods(Invoker.java:988)
at org.testng.internal.TestMethodWorker.invokeTestMethods(TestMethodWorker.java:125)
at org.testng.internal.TestMethodWorker.run(TestMethodWorker.java:109)
at org.testng.TestRunner.privateRun(TestRunner.java:648)
at org.testng.TestRunner.run(TestRunner.java:505)
at org.testng.SuiteRunner.runTest(SuiteRunner.java:455)
at org.testng.SuiteRunner.runSequentially(SuiteRunner.java:450)
at org.testng.SuiteRunner.privateRun(SuiteRunner.java:415)
at org.testng.SuiteRunner.run(SuiteRunner.java:364)
at org.testng.SuiteRunnerWorker.runSuite(SuiteRunnerWorker.java:52)
at org.testng.SuiteRunnerWorker.run(SuiteRunnerWorker.java:84)
at org.testng.TestNG.runSuitesSequentially(TestNG.java:1208)
at org.testng.TestNG.runSuitesLocally(TestNG.java:1137)
at org.testng.TestNG.runSuites(TestNG.java:1049)
at org.testng.TestNG.run(TestNG.java:1017)
at org.testng.remote.AbstractRemoteTestNG.run(AbstractRemoteTestNG.java:114)
at org.testng.remote.RemoteTestNG.initAndRun(RemoteTestNG.java:251)
at org.testng.remote.RemoteTestNG.main(RemoteTestNG.java:77)
]]>
    </failure>
  </testcase> <!-- ApiTestCode -->
  <testcase name="ApiTestCode" time="0.035" classname="com.bitnei.apitest.testcases.saas.ApiTest">
    <failure type="java.lang.AssertionError" message="expected [{}] but found [{&quot;data&quot;:{&quot;actualValue&quot;:null,&quot;expectedValue&quot;:[{&quot;vin&quot;:&quot;LVVDB17B9JE014837&quot;,&quot;yearLabel&quot;:&quot;2018&quot;,&quot;averageMile&quot;:145500},{&quot;vin&quot;:&quot;LVVDB17B9JE014837&quot;,&quot;yearLabel&quot;:&quot;2019&quot;,&quot;averageMile&quot;:374220},{&quot;vin&quot;:&quot;LVVDB17B9JE014837&quot;,&quot;yearLabel&quot;:&quot;2020&quot;,&quot;averageMile&quot;:640290}]},&quot;Length&quot;:{&quot;actualLenth&quot;:1,&quot;expectLenth&quot;:3},&quot;vin&quot;:{&quot;actualKey&quot;:&quot;不存在此vin&quot;,&quot;expectedKey&quot;:&quot;vin&quot;},&quot;yearLabel&quot;:{&quot;actualKey&quot;:&quot;不存在此yearLabel&quot;,&quot;expectedKey&quot;:&quot;yearLabel&quot;},&quot;averageMile&quot;:{&quot;actualKey&quot;:&quot;不存在此averageMile&quot;,&quot;expectedKey&quot;:&quot;averageMile&quot;},&quot;error&quot;:{&quot;actualValue&quot;:null,&quot;expectedValue&quot;:[{&quot;vin&quot;:&quot;LVVDB17B9JE014837&quot;,&quot;yearLabel&quot;:&quot;2018&quot;,&quot;averageMile&quot;:145500},{&quot;vin&quot;:&quot;LVVDB17B9JE014837&quot;,&quot;yearLabel&quot;:&quot;2019&quot;,&quot;averageMile&quot;:374220},{&quot;vin&quot;:&quot;LVVDB17B9JE014837&quot;,&quot;yearLabel&quot;:&quot;2020&quot;,&quot;averageMile&quot;:640290}],&quot;currentValue is &quot;:true,&quot;expectedValue is&quot;:false},&quot;code&quot;:{&quot;actualValue&quot;:null,&quot;expectedValue&quot;:[{&quot;vin&quot;:&quot;LVVDB17B9JE014837&quot;,&quot;yearLabel&quot;:&quot;2018&quot;,&quot;averageMile&quot;:145500},{&quot;vin&quot;:&quot;LVVDB17B9JE014837&quot;,&quot;yearLabel&quot;:&quot;2019&quot;,&quot;averageMile&quot;:374220},{&quot;vin&quot;:&quot;LVVDB17B9JE014837&quot;,&quot;yearLabel&quot;:&quot;2020&quot;,&quot;averageMile&quot;:640290}],&quot;currentValue is &quot;:&quot;40000&quot;,&quot;expectedValue is&quot;:false,&quot;expectedValue is &quot;:&quot;10000&quot;}}]">
      <![CDATA[java.lang.AssertionError: expected [{}] but found [{"data":{"actualValue":null,"expectedValue":[{"vin":"LVVDB17B9JE014837","yearLabel":"2018","averageMile":145500},{"vin":"LVVDB17B9JE014837","yearLabel":"2019","averageMile":374220},{"vin":"LVVDB17B9JE014837","yearLabel":"2020","averageMile":640290}]},"Length":{"actualLenth":1,"expectLenth":3},"vin":{"actualKey":"不存在此vin","expectedKey":"vin"},"yearLabel":{"actualKey":"不存在此yearLabel","expectedKey":"yearLabel"},"averageMile":{"actualKey":"不存在此averageMile","expectedKey":"averageMile"},"error":{"actualValue":null,"expectedValue":[{"vin":"LVVDB17B9JE014837","yearLabel":"2018","averageMile":145500},{"vin":"LVVDB17B9JE014837","yearLabel":"2019","averageMile":374220},{"vin":"LVVDB17B9JE014837","yearLabel":"2020","averageMile":640290}],"currentValue is ":true,"expectedValue is":false},"code":{"actualValue":null,"expectedValue":[{"vin":"LVVDB17B9JE014837","yearLabel":"2018","averageMile":145500},{"vin":"LVVDB17B9JE014837","yearLabel":"2019","averageMile":374220},{"vin":"LVVDB17B9JE014837","yearLabel":"2020","averageMile":640290}],"currentValue is ":"40000","expectedValue is":false,"expectedValue is ":"10000"}}]
at org.testng.Assert.fail(Assert.java:96)
at org.testng.Assert.failNotEquals(Assert.java:776)
at org.testng.Assert.assertEqualsImpl(Assert.java:137)
at org.testng.Assert.assertEquals(Assert.java:118)
at org.testng.Assert.assertEquals(Assert.java:453)
at org.testng.Assert.assertEquals(Assert.java:463)
at com.bitnei.apitest.testcases.saas.ApiTest.ApiTestCode(ApiTest.java:102)
at sun.reflect.GeneratedMethodAccessor2.invoke(Unknown Source)
at sun.reflect.DelegatingMethodAccessorImpl.invoke(DelegatingMethodAccessorImpl.java:43)
at java.lang.reflect.Method.invoke(Method.java:498)
at org.testng.internal.MethodInvocationHelper.invokeMethod(MethodInvocationHelper.java:124)
at org.testng.internal.Invoker.invokeMethod(Invoker.java:580)
at org.testng.internal.Invoker.invokeTestMethod(Invoker.java:716)
at org.testng.internal.Invoker.invokeTestMethods(Invoker.java:988)
at org.testng.internal.TestMethodWorker.invokeTestMethods(TestMethodWorker.java:125)
at org.testng.internal.TestMethodWorker.run(TestMethodWorker.java:109)
at org.testng.TestRunner.privateRun(TestRunner.java:648)
at org.testng.TestRunner.run(TestRunner.java:505)
at org.testng.SuiteRunner.runTest(SuiteRunner.java:455)
at org.testng.SuiteRunner.runSequentially(SuiteRunner.java:450)
at org.testng.SuiteRunner.privateRun(SuiteRunner.java:415)
at org.testng.SuiteRunner.run(SuiteRunner.java:364)
at org.testng.SuiteRunnerWorker.runSuite(SuiteRunnerWorker.java:52)
at org.testng.SuiteRunnerWorker.run(SuiteRunnerWorker.java:84)
at org.testng.TestNG.runSuitesSequentially(TestNG.java:1208)
at org.testng.TestNG.runSuitesLocally(TestNG.java:1137)
at org.testng.TestNG.runSuites(TestNG.java:1049)
at org.testng.TestNG.run(TestNG.java:1017)
at org.testng.remote.AbstractRemoteTestNG.run(AbstractRemoteTestNG.java:114)
at org.testng.remote.RemoteTestNG.initAndRun(RemoteTestNG.java:251)
at org.testng.remote.RemoteTestNG.main(RemoteTestNG.java:77)
]]>
    </failure>
  </testcase> <!-- ApiTestCode -->
  <testcase name="ApiTestCode" time="0.024" classname="com.bitnei.apitest.testcases.saas.ApiTest">
    <failure type="java.lang.AssertionError" message="expected [{}] but found [{&quot;status&quot;:{&quot;currentValue is &quot;:200,&quot;expectedValue is&quot;:400},&quot;errorMsg&quot;:{&quot;currentValue is &quot;:&quot;Forwarding error&quot;,&quot;expectedValue is&quot;:400,&quot;expectedValue is &quot;:&quot;参数vin未传&quot;},&quot;code&quot;:{&quot;currentValue is &quot;:&quot;40000&quot;,&quot;expectedValue is&quot;:400,&quot;expectedValue is &quot;:&quot;30001&quot;}}]">
      <![CDATA[java.lang.AssertionError: expected [{}] but found [{"status":{"currentValue is ":200,"expectedValue is":400},"errorMsg":{"currentValue is ":"Forwarding error","expectedValue is":400,"expectedValue is ":"参数vin未传"},"code":{"currentValue is ":"40000","expectedValue is":400,"expectedValue is ":"30001"}}]
at org.testng.Assert.fail(Assert.java:96)
at org.testng.Assert.failNotEquals(Assert.java:776)
at org.testng.Assert.assertEqualsImpl(Assert.java:137)
at org.testng.Assert.assertEquals(Assert.java:118)
at org.testng.Assert.assertEquals(Assert.java:453)
at org.testng.Assert.assertEquals(Assert.java:463)
at com.bitnei.apitest.testcases.saas.ApiTest.ApiTestCode(ApiTest.java:102)
at sun.reflect.GeneratedMethodAccessor2.invoke(Unknown Source)
at sun.reflect.DelegatingMethodAccessorImpl.invoke(DelegatingMethodAccessorImpl.java:43)
at java.lang.reflect.Method.invoke(Method.java:498)
at org.testng.internal.MethodInvocationHelper.invokeMethod(MethodInvocationHelper.java:124)
at org.testng.internal.Invoker.invokeMethod(Invoker.java:580)
at org.testng.internal.Invoker.invokeTestMethod(Invoker.java:716)
at org.testng.internal.Invoker.invokeTestMethods(Invoker.java:988)
at org.testng.internal.TestMethodWorker.invokeTestMethods(TestMethodWorker.java:125)
at org.testng.internal.TestMethodWorker.run(TestMethodWorker.java:109)
at org.testng.TestRunner.privateRun(TestRunner.java:648)
at org.testng.TestRunner.run(TestRunner.java:505)
at org.testng.SuiteRunner.runTest(SuiteRunner.java:455)
at org.testng.SuiteRunner.runSequentially(SuiteRunner.java:450)
at org.testng.SuiteRunner.privateRun(SuiteRunner.java:415)
at org.testng.SuiteRunner.run(SuiteRunner.java:364)
at org.testng.SuiteRunnerWorker.runSuite(SuiteRunnerWorker.java:52)
at org.testng.SuiteRunnerWorker.run(SuiteRunnerWorker.java:84)
at org.testng.TestNG.runSuitesSequentially(TestNG.java:1208)
at org.testng.TestNG.runSuitesLocally(TestNG.java:1137)
at org.testng.TestNG.runSuites(TestNG.java:1049)
at org.testng.TestNG.run(TestNG.java:1017)
at org.testng.remote.AbstractRemoteTestNG.run(AbstractRemoteTestNG.java:114)
at org.testng.remote.RemoteTestNG.initAndRun(RemoteTestNG.java:251)
at org.testng.remote.RemoteTestNG.main(RemoteTestNG.java:77)
]]>
    </failure>
  </testcase> <!-- ApiTestCode -->
  <testcase name="ApiTestCode" time="0.030" classname="com.bitnei.apitest.testcases.saas.ApiTest">
    <failure type="java.lang.AssertionError" message="expected [{}] but found [{&quot;status&quot;:{&quot;currentValue is &quot;:200,&quot;expectedValue is&quot;:400},&quot;errorMsg&quot;:{&quot;currentValue is &quot;:&quot;Forwarding error&quot;,&quot;expectedValue is&quot;:400,&quot;expectedValue is &quot;:&quot;参数vin未传&quot;},&quot;code&quot;:{&quot;currentValue is &quot;:&quot;40000&quot;,&quot;expectedValue is&quot;:400,&quot;expectedValue is &quot;:&quot;30001&quot;}}]">
      <![CDATA[java.lang.AssertionError: expected [{}] but found [{"status":{"currentValue is ":200,"expectedValue is":400},"errorMsg":{"currentValue is ":"Forwarding error","expectedValue is":400,"expectedValue is ":"参数vin未传"},"code":{"currentValue is ":"40000","expectedValue is":400,"expectedValue is ":"30001"}}]
at org.testng.Assert.fail(Assert.java:96)
at org.testng.Assert.failNotEquals(Assert.java:776)
at org.testng.Assert.assertEqualsImpl(Assert.java:137)
at org.testng.Assert.assertEquals(Assert.java:118)
at org.testng.Assert.assertEquals(Assert.java:453)
at org.testng.Assert.assertEquals(Assert.java:463)
at com.bitnei.apitest.testcases.saas.ApiTest.ApiTestCode(ApiTest.java:102)
at sun.reflect.GeneratedMethodAccessor2.invoke(Unknown Source)
at sun.reflect.DelegatingMethodAccessorImpl.invoke(DelegatingMethodAccessorImpl.java:43)
at java.lang.reflect.Method.invoke(Method.java:498)
at org.testng.internal.MethodInvocationHelper.invokeMethod(MethodInvocationHelper.java:124)
at org.testng.internal.Invoker.invokeMethod(Invoker.java:580)
at org.testng.internal.Invoker.invokeTestMethod(Invoker.java:716)
at org.testng.internal.Invoker.invokeTestMethods(Invoker.java:988)
at org.testng.internal.TestMethodWorker.invokeTestMethods(TestMethodWorker.java:125)
at org.testng.internal.TestMethodWorker.run(TestMethodWorker.java:109)
at org.testng.TestRunner.privateRun(TestRunner.java:648)
at org.testng.TestRunner.run(TestRunner.java:505)
at org.testng.SuiteRunner.runTest(SuiteRunner.java:455)
at org.testng.SuiteRunner.runSequentially(SuiteRunner.java:450)
at org.testng.SuiteRunner.privateRun(SuiteRunner.java:415)
at org.testng.SuiteRunner.run(SuiteRunner.java:364)
at org.testng.SuiteRunnerWorker.runSuite(SuiteRunnerWorker.java:52)
at org.testng.SuiteRunnerWorker.run(SuiteRunnerWorker.java:84)
at org.testng.TestNG.runSuitesSequentially(TestNG.java:1208)
at org.testng.TestNG.runSuitesLocally(TestNG.java:1137)
at org.testng.TestNG.runSuites(TestNG.java:1049)
at org.testng.TestNG.run(TestNG.java:1017)
at org.testng.remote.AbstractRemoteTestNG.run(AbstractRemoteTestNG.java:114)
at org.testng.remote.RemoteTestNG.initAndRun(RemoteTestNG.java:251)
at org.testng.remote.RemoteTestNG.main(RemoteTestNG.java:77)
]]>
    </failure>
  </testcase> <!-- ApiTestCode -->
  <testcase name="ApiTestCode" time="0.025" classname="com.bitnei.apitest.testcases.saas.ApiTest"/>
  <testcase name="ApiTestCode" time="0.079" classname="com.bitnei.apitest.testcases.saas.ApiTest"/>
  <testcase name="ApiTestCode" time="0.023" classname="com.bitnei.apitest.testcases.saas.ApiTest">
    <failure type="java.lang.AssertionError" message="expected [{}] but found [{&quot;status&quot;:{&quot;currentValue is &quot;:200,&quot;expectedValue is&quot;:400},&quot;errorMsg&quot;:{&quot;currentValue is &quot;:&quot;Forwarding error&quot;,&quot;expectedValue is&quot;:400,&quot;expectedValue is &quot;:&quot;未传参数batteryCode&quot;},&quot;code&quot;:{&quot;currentValue is &quot;:&quot;40000&quot;,&quot;expectedValue is&quot;:400,&quot;expectedValue is &quot;:&quot;30001&quot;}}]">
      <![CDATA[java.lang.AssertionError: expected [{}] but found [{"status":{"currentValue is ":200,"expectedValue is":400},"errorMsg":{"currentValue is ":"Forwarding error","expectedValue is":400,"expectedValue is ":"未传参数batteryCode"},"code":{"currentValue is ":"40000","expectedValue is":400,"expectedValue is ":"30001"}}]
at org.testng.Assert.fail(Assert.java:96)
at org.testng.Assert.failNotEquals(Assert.java:776)
at org.testng.Assert.assertEqualsImpl(Assert.java:137)
at org.testng.Assert.assertEquals(Assert.java:118)
at org.testng.Assert.assertEquals(Assert.java:453)
at org.testng.Assert.assertEquals(Assert.java:463)
at com.bitnei.apitest.testcases.saas.ApiTest.ApiTestCode(ApiTest.java:102)
at sun.reflect.GeneratedMethodAccessor2.invoke(Unknown Source)
at sun.reflect.DelegatingMethodAccessorImpl.invoke(DelegatingMethodAccessorImpl.java:43)
at java.lang.reflect.Method.invoke(Method.java:498)
at org.testng.internal.MethodInvocationHelper.invokeMethod(MethodInvocationHelper.java:124)
at org.testng.internal.Invoker.invokeMethod(Invoker.java:580)
at org.testng.internal.Invoker.invokeTestMethod(Invoker.java:716)
at org.testng.internal.Invoker.invokeTestMethods(Invoker.java:988)
at org.testng.internal.TestMethodWorker.invokeTestMethods(TestMethodWorker.java:125)
at org.testng.internal.TestMethodWorker.run(TestMethodWorker.java:109)
at org.testng.TestRunner.privateRun(TestRunner.java:648)
at org.testng.TestRunner.run(TestRunner.java:505)
at org.testng.SuiteRunner.runTest(SuiteRunner.java:455)
at org.testng.SuiteRunner.runSequentially(SuiteRunner.java:450)
at org.testng.SuiteRunner.privateRun(SuiteRunner.java:415)
at org.testng.SuiteRunner.run(SuiteRunner.java:364)
at org.testng.SuiteRunnerWorker.runSuite(SuiteRunnerWorker.java:52)
at org.testng.SuiteRunnerWorker.run(SuiteRunnerWorker.java:84)
at org.testng.TestNG.runSuitesSequentially(TestNG.java:1208)
at org.testng.TestNG.runSuitesLocally(TestNG.java:1137)
at org.testng.TestNG.runSuites(TestNG.java:1049)
at org.testng.TestNG.run(TestNG.java:1017)
at org.testng.remote.AbstractRemoteTestNG.run(AbstractRemoteTestNG.java:114)
at org.testng.remote.RemoteTestNG.initAndRun(RemoteTestNG.java:251)
at org.testng.remote.RemoteTestNG.main(RemoteTestNG.java:77)
]]>
    </failure>
  </testcase> <!-- ApiTestCode -->
  <testcase name="ApiTestCode" time="0.050" classname="com.bitnei.apitest.testcases.saas.ApiTest">
    <failure type="java.lang.AssertionError" message="expected [{}] but found [{&quot;data&quot;:{&quot;actualValue&quot;:null,&quot;expectedValue&quot;:{&quot;chargeTimes&quot;:7,&quot;dischargeTimes&quot;:335,&quot;driveRange&quot;:220.36,&quot;driveRangeFactory&quot;:270}},&quot;chargeTimes&quot;:{&quot;actualKey&quot;:&quot;不存在此chargeTimes&quot;,&quot;expectedKey&quot;:&quot;chargeTimes&quot;},&quot;dischargeTimes&quot;:{&quot;actualKey&quot;:&quot;不存在此dischargeTimes&quot;,&quot;expectedKey&quot;:&quot;dischargeTimes&quot;},&quot;driveRange&quot;:{&quot;actualKey&quot;:&quot;不存在此driveRange&quot;,&quot;expectedKey&quot;:&quot;driveRange&quot;},&quot;driveRangeFactory&quot;:{&quot;actualKey&quot;:&quot;不存在此driveRangeFactory&quot;,&quot;expectedKey&quot;:&quot;driveRangeFactory&quot;},&quot;error&quot;:{&quot;actualValue&quot;:null,&quot;expectedValue&quot;:{&quot;chargeTimes&quot;:7,&quot;dischargeTimes&quot;:335,&quot;driveRange&quot;:220.36,&quot;driveRangeFactory&quot;:270},&quot;currentValue is &quot;:true,&quot;expectedValue is&quot;:false},&quot;code&quot;:{&quot;actualValue&quot;:null,&quot;expectedValue&quot;:{&quot;chargeTimes&quot;:7,&quot;dischargeTimes&quot;:335,&quot;driveRange&quot;:220.36,&quot;driveRangeFactory&quot;:270},&quot;currentValue is &quot;:&quot;40000&quot;,&quot;expectedValue is&quot;:false,&quot;expectedValue is &quot;:&quot;10000&quot;}}]">
      <![CDATA[java.lang.AssertionError: expected [{}] but found [{"data":{"actualValue":null,"expectedValue":{"chargeTimes":7,"dischargeTimes":335,"driveRange":220.36,"driveRangeFactory":270}},"chargeTimes":{"actualKey":"不存在此chargeTimes","expectedKey":"chargeTimes"},"dischargeTimes":{"actualKey":"不存在此dischargeTimes","expectedKey":"dischargeTimes"},"driveRange":{"actualKey":"不存在此driveRange","expectedKey":"driveRange"},"driveRangeFactory":{"actualKey":"不存在此driveRangeFactory","expectedKey":"driveRangeFactory"},"error":{"actualValue":null,"expectedValue":{"chargeTimes":7,"dischargeTimes":335,"driveRange":220.36,"driveRangeFactory":270},"currentValue is ":true,"expectedValue is":false},"code":{"actualValue":null,"expectedValue":{"chargeTimes":7,"dischargeTimes":335,"driveRange":220.36,"driveRangeFactory":270},"currentValue is ":"40000","expectedValue is":false,"expectedValue is ":"10000"}}]
at org.testng.Assert.fail(Assert.java:96)
at org.testng.Assert.failNotEquals(Assert.java:776)
at org.testng.Assert.assertEqualsImpl(Assert.java:137)
at org.testng.Assert.assertEquals(Assert.java:118)
at org.testng.Assert.assertEquals(Assert.java:453)
at org.testng.Assert.assertEquals(Assert.java:463)
at com.bitnei.apitest.testcases.saas.ApiTest.ApiTestCode(ApiTest.java:102)
at sun.reflect.GeneratedMethodAccessor2.invoke(Unknown Source)
at sun.reflect.DelegatingMethodAccessorImpl.invoke(DelegatingMethodAccessorImpl.java:43)
at java.lang.reflect.Method.invoke(Method.java:498)
at org.testng.internal.MethodInvocationHelper.invokeMethod(MethodInvocationHelper.java:124)
at org.testng.internal.Invoker.invokeMethod(Invoker.java:580)
at org.testng.internal.Invoker.invokeTestMethod(Invoker.java:716)
at org.testng.internal.Invoker.invokeTestMethods(Invoker.java:988)
at org.testng.internal.TestMethodWorker.invokeTestMethods(TestMethodWorker.java:125)
at org.testng.internal.TestMethodWorker.run(TestMethodWorker.java:109)
at org.testng.TestRunner.privateRun(TestRunner.java:648)
at org.testng.TestRunner.run(TestRunner.java:505)
at org.testng.SuiteRunner.runTest(SuiteRunner.java:455)
at org.testng.SuiteRunner.runSequentially(SuiteRunner.java:450)
at org.testng.SuiteRunner.privateRun(SuiteRunner.java:415)
at org.testng.SuiteRunner.run(SuiteRunner.java:364)
at org.testng.SuiteRunnerWorker.runSuite(SuiteRunnerWorker.java:52)
at org.testng.SuiteRunnerWorker.run(SuiteRunnerWorker.java:84)
at org.testng.TestNG.runSuitesSequentially(TestNG.java:1208)
at org.testng.TestNG.runSuitesLocally(TestNG.java:1137)
at org.testng.TestNG.runSuites(TestNG.java:1049)
at org.testng.TestNG.run(TestNG.java:1017)
at org.testng.remote.AbstractRemoteTestNG.run(AbstractRemoteTestNG.java:114)
at org.testng.remote.RemoteTestNG.initAndRun(RemoteTestNG.java:251)
at org.testng.remote.RemoteTestNG.main(RemoteTestNG.java:77)
]]>
    </failure>
  </testcase> <!-- ApiTestCode -->
  <testcase name="ApiTestCode" time="0.026" classname="com.bitnei.apitest.testcases.saas.ApiTest">
    <failure type="java.lang.AssertionError" message="expected [{}] but found [{&quot;data&quot;:{&quot;actualValue&quot;:null,&quot;expectedValue&quot;:[{&quot;vin&quot;:&quot;LNAA2AA14K5005789&quot;,&quot;statistic_date&quot;:1580599875000},{&quot;vin&quot;:&quot;LNAA2AA14K5005789&quot;,&quot;statistic_date&quot;:1580602235000},{&quot;vin&quot;:&quot;LNAA2AA14K5005789&quot;,&quot;statistic_date&quot;:1580609895000},{&quot;vin&quot;:&quot;LNAA2AA14K5005789&quot;,&quot;statistic_date&quot;:1580611185000},{&quot;vin&quot;:&quot;LNAA2AA14K5005789&quot;,&quot;statistic_date&quot;:1580611315000}]},&quot;Length&quot;:{&quot;actualLenth&quot;:1,&quot;expectLenth&quot;:5},&quot;vin&quot;:{&quot;actualKey&quot;:&quot;不存在此vin&quot;,&quot;expectedKey&quot;:&quot;vin&quot;},&quot;statistic_date&quot;:{&quot;actualKey&quot;:&quot;不存在此statistic_date&quot;,&quot;expectedKey&quot;:&quot;statistic_date&quot;},&quot;error&quot;:{&quot;actualValue&quot;:null,&quot;expectedValue&quot;:[{&quot;vin&quot;:&quot;LNAA2AA14K5005789&quot;,&quot;statistic_date&quot;:1580599875000},{&quot;vin&quot;:&quot;LNAA2AA14K5005789&quot;,&quot;statistic_date&quot;:1580602235000},{&quot;vin&quot;:&quot;LNAA2AA14K5005789&quot;,&quot;statistic_date&quot;:1580609895000},{&quot;vin&quot;:&quot;LNAA2AA14K5005789&quot;,&quot;statistic_date&quot;:1580611185000},{&quot;vin&quot;:&quot;LNAA2AA14K5005789&quot;,&quot;statistic_date&quot;:1580611315000}],&quot;currentValue is &quot;:true,&quot;expectedValue is&quot;:false},&quot;code&quot;:{&quot;actualValue&quot;:null,&quot;expectedValue&quot;:[{&quot;vin&quot;:&quot;LNAA2AA14K5005789&quot;,&quot;statistic_date&quot;:1580599875000},{&quot;vin&quot;:&quot;LNAA2AA14K5005789&quot;,&quot;statistic_date&quot;:1580602235000},{&quot;vin&quot;:&quot;LNAA2AA14K5005789&quot;,&quot;statistic_date&quot;:1580609895000},{&quot;vin&quot;:&quot;LNAA2AA14K5005789&quot;,&quot;statistic_date&quot;:1580611185000},{&quot;vin&quot;:&quot;LNAA2AA14K5005789&quot;,&quot;statistic_date&quot;:1580611315000}],&quot;currentValue is &quot;:&quot;40000&quot;,&quot;expectedValue is&quot;:false,&quot;expectedValue is &quot;:&quot;10000&quot;}}]">
      <![CDATA[java.lang.AssertionError: expected [{}] but found [{"data":{"actualValue":null,"expectedValue":[{"vin":"LNAA2AA14K5005789","statistic_date":1580599875000},{"vin":"LNAA2AA14K5005789","statistic_date":1580602235000},{"vin":"LNAA2AA14K5005789","statistic_date":1580609895000},{"vin":"LNAA2AA14K5005789","statistic_date":1580611185000},{"vin":"LNAA2AA14K5005789","statistic_date":1580611315000}]},"Length":{"actualLenth":1,"expectLenth":5},"vin":{"actualKey":"不存在此vin","expectedKey":"vin"},"statistic_date":{"actualKey":"不存在此statistic_date","expectedKey":"statistic_date"},"error":{"actualValue":null,"expectedValue":[{"vin":"LNAA2AA14K5005789","statistic_date":1580599875000},{"vin":"LNAA2AA14K5005789","statistic_date":1580602235000},{"vin":"LNAA2AA14K5005789","statistic_date":1580609895000},{"vin":"LNAA2AA14K5005789","statistic_date":1580611185000},{"vin":"LNAA2AA14K5005789","statistic_date":1580611315000}],"currentValue is ":true,"expectedValue is":false},"code":{"actualValue":null,"expectedValue":[{"vin":"LNAA2AA14K5005789","statistic_date":1580599875000},{"vin":"LNAA2AA14K5005789","statistic_date":1580602235000},{"vin":"LNAA2AA14K5005789","statistic_date":1580609895000},{"vin":"LNAA2AA14K5005789","statistic_date":1580611185000},{"vin":"LNAA2AA14K5005789","statistic_date":1580611315000}],"currentValue is ":"40000","expectedValue is":false,"expectedValue is ":"10000"}}]
at org.testng.Assert.fail(Assert.java:96)
at org.testng.Assert.failNotEquals(Assert.java:776)
at org.testng.Assert.assertEqualsImpl(Assert.java:137)
at org.testng.Assert.assertEquals(Assert.java:118)
at org.testng.Assert.assertEquals(Assert.java:453)
at org.testng.Assert.assertEquals(Assert.java:463)
at com.bitnei.apitest.testcases.saas.ApiTest.ApiTestCode(ApiTest.java:102)
at sun.reflect.GeneratedMethodAccessor2.invoke(Unknown Source)
at sun.reflect.DelegatingMethodAccessorImpl.invoke(DelegatingMethodAccessorImpl.java:43)
at java.lang.reflect.Method.invoke(Method.java:498)
at org.testng.internal.MethodInvocationHelper.invokeMethod(MethodInvocationHelper.java:124)
at org.testng.internal.Invoker.invokeMethod(Invoker.java:580)
at org.testng.internal.Invoker.invokeTestMethod(Invoker.java:716)
at org.testng.internal.Invoker.invokeTestMethods(Invoker.java:988)
at org.testng.internal.TestMethodWorker.invokeTestMethods(TestMethodWorker.java:125)
at org.testng.internal.TestMethodWorker.run(TestMethodWorker.java:109)
at org.testng.TestRunner.privateRun(TestRunner.java:648)
at org.testng.TestRunner.run(TestRunner.java:505)
at org.testng.SuiteRunner.runTest(SuiteRunner.java:455)
at org.testng.SuiteRunner.runSequentially(SuiteRunner.java:450)
at org.testng.SuiteRunner.privateRun(SuiteRunner.java:415)
at org.testng.SuiteRunner.run(SuiteRunner.java:364)
at org.testng.SuiteRunnerWorker.runSuite(SuiteRunnerWorker.java:52)
at org.testng.SuiteRunnerWorker.run(SuiteRunnerWorker.java:84)
at org.testng.TestNG.runSuitesSequentially(TestNG.java:1208)
at org.testng.TestNG.runSuitesLocally(TestNG.java:1137)
at org.testng.TestNG.runSuites(TestNG.java:1049)
at org.testng.TestNG.run(TestNG.java:1017)
at org.testng.remote.AbstractRemoteTestNG.run(AbstractRemoteTestNG.java:114)
at org.testng.remote.RemoteTestNG.initAndRun(RemoteTestNG.java:251)
at org.testng.remote.RemoteTestNG.main(RemoteTestNG.java:77)
]]>
    </failure>
  </testcase> <!-- ApiTestCode -->
  <testcase name="ApiTestCode" time="0.027" classname="com.bitnei.apitest.testcases.saas.ApiTest">
    <failure type="java.lang.AssertionError" message="expected [{}] but found [{&quot;data&quot;:{&quot;actualValue&quot;:null,&quot;expectedValue&quot;:[{&quot;vin&quot;:&quot;L6T78Y4W5GN061041&quot;,&quot;chargeRange&quot;:2641,&quot;chargeRangeVar&quot;:1.0439535,&quot;pmonth&quot;:&quot;2019-07&quot;},{&quot;vin&quot;:&quot;L6T78Y4W5GN061041&quot;,&quot;chargeRange&quot;:2620,&quot;chargeRangeVar&quot;:1.0355972,&quot;pmonth&quot;:&quot;2019-08&quot;},{&quot;vin&quot;:&quot;L6T78Y4W5GN061041&quot;,&quot;chargeRange&quot;:2474,&quot;chargeRangeVar&quot;:0.97803396,&quot;pmonth&quot;:&quot;2019-09&quot;},{&quot;vin&quot;:&quot;L6T78Y4W5GN061041&quot;,&quot;chargeRange&quot;:2397,&quot;chargeRangeVar&quot;:0.94760144,&quot;pmonth&quot;:&quot;2019-10&quot;},{&quot;vin&quot;:&quot;L6T78Y4W5GN061041&quot;,&quot;chargeRange&quot;:2443,&quot;chargeRangeVar&quot;:0.9659023,&quot;pmonth&quot;:&quot;2019-11&quot;},{&quot;vin&quot;:&quot;L6T78Y4W5GN061041&quot;,&quot;chargeRange&quot;:2694,&quot;chargeRangeVar&quot;:1.0650631,&quot;pmonth&quot;:&quot;2019-12&quot;},{&quot;vin&quot;:&quot;L6T78Y4W5GN061041&quot;,&quot;chargeRange&quot;:2588,&quot;chargeRangeVar&quot;:1.0232037,&quot;pmonth&quot;:&quot;2020-01&quot;},{&quot;vin&quot;:&quot;L6T78Y4W5GN061041&quot;,&quot;chargeRange&quot;:2481,&quot;chargeRangeVar&quot;:0.9808579,&quot;pmonth&quot;:&quot;2020-02&quot;},{&quot;vin&quot;:&quot;L6T78Y4W5GN061041&quot;,&quot;chargeRange&quot;:2739,&quot;chargeRangeVar&quot;:1.0826602,&quot;pmonth&quot;:&quot;2020-03&quot;},{&quot;vin&quot;:&quot;L6T78Y4W5GN061041&quot;,&quot;chargeRange&quot;:2622,&quot;chargeRangeVar&quot;:1.0365411,&quot;pmonth&quot;:&quot;2020-04&quot;},{&quot;vin&quot;:&quot;L6T78Y4W5GN061041&quot;,&quot;chargeRange&quot;:2634,&quot;chargeRangeVar&quot;:1.0413047,&quot;pmonth&quot;:&quot;2020-05&quot;},{&quot;vin&quot;:&quot;L6T78Y4W5GN061041&quot;,&quot;chargeRange&quot;:2572,&quot;chargeRangeVar&quot;:1.016782,&quot;pmonth&quot;:&quot;2020-06&quot;},{&quot;vin&quot;:&quot;L6T78Y4W5GN061041&quot;,&quot;chargeRange&quot;:2567,&quot;chargeRangeVar&quot;:1.01,&quot;pmonth&quot;:&quot;2020-07&quot;},{&quot;vin&quot;:&quot;L6T78Y4W5GN061041&quot;,&quot;chargeRange&quot;:2536,&quot;chargeRangeVar&quot;:1,&quot;pmonth&quot;:&quot;2020-08&quot;},{&quot;vin&quot;:&quot;L6T78Y4W5GN061041&quot;,&quot;chargeRange&quot;:2662,&quot;chargeRangeVar&quot;:1.05,&quot;pmonth&quot;:&quot;2020-09&quot;},{&quot;vin&quot;:&quot;L6T78Y4W5GN061041&quot;,&quot;chargeRange&quot;:2754,&quot;chargeRangeVar&quot;:1.09,&quot;pmonth&quot;:&quot;2020-11&quot;},{&quot;vin&quot;:&quot;L6T78Y4W5GN061041&quot;,&quot;chargeRange&quot;:2605,&quot;chargeRangeVar&quot;:1.03,&quot;pmonth&quot;:&quot;2020-12&quot;},{&quot;vin&quot;:&quot;L6T78Y4W5GN061041&quot;,&quot;chargeRange&quot;:2557,&quot;chargeRangeVar&quot;:1.01,&quot;pmonth&quot;:&quot;2021-01&quot;}]},&quot;Length&quot;:{&quot;actualLenth&quot;:1,&quot;expectLenth&quot;:18},&quot;vin&quot;:{&quot;actualKey&quot;:&quot;不存在此vin&quot;,&quot;expectedKey&quot;:&quot;vin&quot;},&quot;chargeRange&quot;:{&quot;actualKey&quot;:&quot;不存在此chargeRange&quot;,&quot;expectedKey&quot;:&quot;chargeRange&quot;},&quot;chargeRangeVar&quot;:{&quot;actualKey&quot;:&quot;不存在此chargeRangeVar&quot;,&quot;expectedKey&quot;:&quot;chargeRangeVar&quot;},&quot;pmonth&quot;:{&quot;actualKey&quot;:&quot;不存在此pmonth&quot;,&quot;expectedKey&quot;:&quot;pmonth&quot;},&quot;error&quot;:{&quot;actualValue&quot;:null,&quot;expectedValue&quot;:[{&quot;vin&quot;:&quot;L6T78Y4W5GN061041&quot;,&quot;chargeRange&quot;:2641,&quot;chargeRangeVar&quot;:1.0439535,&quot;pmonth&quot;:&quot;2019-07&quot;},{&quot;vin&quot;:&quot;L6T78Y4W5GN061041&quot;,&quot;chargeRange&quot;:2620,&quot;chargeRangeVar&quot;:1.0355972,&quot;pmonth&quot;:&quot;2019-08&quot;},{&quot;vin&quot;:&quot;L6T78Y4W5GN061041&quot;,&quot;chargeRange&quot;:2474,&quot;chargeRangeVar&quot;:0.97803396,&quot;pmonth&quot;:&quot;2019-09&quot;},{&quot;vin&quot;:&quot;L6T78Y4W5GN061041&quot;,&quot;chargeRange&quot;:2397,&quot;chargeRangeVar&quot;:0.94760144,&quot;pmonth&quot;:&quot;2019-10&quot;},{&quot;vin&quot;:&quot;L6T78Y4W5GN061041&quot;,&quot;chargeRange&quot;:2443,&quot;chargeRangeVar&quot;:0.9659023,&quot;pmonth&quot;:&quot;2019-11&quot;},{&quot;vin&quot;:&quot;L6T78Y4W5GN061041&quot;,&quot;chargeRange&quot;:2694,&quot;chargeRangeVar&quot;:1.0650631,&quot;pmonth&quot;:&quot;2019-12&quot;},{&quot;vin&quot;:&quot;L6T78Y4W5GN061041&quot;,&quot;chargeRange&quot;:2588,&quot;chargeRangeVar&quot;:1.0232037,&quot;pmonth&quot;:&quot;2020-01&quot;},{&quot;vin&quot;:&quot;L6T78Y4W5GN061041&quot;,&quot;chargeRange&quot;:2481,&quot;chargeRangeVar&quot;:0.9808579,&quot;pmonth&quot;:&quot;2020-02&quot;},{&quot;vin&quot;:&quot;L6T78Y4W5GN061041&quot;,&quot;chargeRange&quot;:2739,&quot;chargeRangeVar&quot;:1.0826602,&quot;pmonth&quot;:&quot;2020-03&quot;},{&quot;vin&quot;:&quot;L6T78Y4W5GN061041&quot;,&quot;chargeRange&quot;:2622,&quot;chargeRangeVar&quot;:1.0365411,&quot;pmonth&quot;:&quot;2020-04&quot;},{&quot;vin&quot;:&quot;L6T78Y4W5GN061041&quot;,&quot;chargeRange&quot;:2634,&quot;chargeRangeVar&quot;:1.0413047,&quot;pmonth&quot;:&quot;2020-05&quot;},{&quot;vin&quot;:&quot;L6T78Y4W5GN061041&quot;,&quot;chargeRange&quot;:2572,&quot;chargeRangeVar&quot;:1.016782,&quot;pmonth&quot;:&quot;2020-06&quot;},{&quot;vin&quot;:&quot;L6T78Y4W5GN061041&quot;,&quot;chargeRange&quot;:2567,&quot;chargeRangeVar&quot;:1.01,&quot;pmonth&quot;:&quot;2020-07&quot;},{&quot;vin&quot;:&quot;L6T78Y4W5GN061041&quot;,&quot;chargeRange&quot;:2536,&quot;chargeRangeVar&quot;:1,&quot;pmonth&quot;:&quot;2020-08&quot;},{&quot;vin&quot;:&quot;L6T78Y4W5GN061041&quot;,&quot;chargeRange&quot;:2662,&quot;chargeRangeVar&quot;:1.05,&quot;pmonth&quot;:&quot;2020-09&quot;},{&quot;vin&quot;:&quot;L6T78Y4W5GN061041&quot;,&quot;chargeRange&quot;:2754,&quot;chargeRangeVar&quot;:1.09,&quot;pmonth&quot;:&quot;2020-11&quot;},{&quot;vin&quot;:&quot;L6T78Y4W5GN061041&quot;,&quot;chargeRange&quot;:2605,&quot;chargeRangeVar&quot;:1.03,&quot;pmonth&quot;:&quot;2020-12&quot;},{&quot;vin&quot;:&quot;L6T78Y4W5GN061041&quot;,&quot;chargeRange&quot;:2557,&quot;chargeRangeVar&quot;:1.01,&quot;pmonth&quot;:&quot;2021-01&quot;}],&quot;currentValue is &quot;:true,&quot;expectedValue is&quot;:false},&quot;code&quot;:{&quot;actualValue&quot;:null,&quot;expectedValue&quot;:[{&quot;vin&quot;:&quot;L6T78Y4W5GN061041&quot;,&quot;chargeRange&quot;:2641,&quot;chargeRangeVar&quot;:1.0439535,&quot;pmonth&quot;:&quot;2019-07&quot;},{&quot;vin&quot;:&quot;L6T78Y4W5GN061041&quot;,&quot;chargeRange&quot;:2620,&quot;chargeRangeVar&quot;:1.0355972,&quot;pmonth&quot;:&quot;2019-08&quot;},{&quot;vin&quot;:&quot;L6T78Y4W5GN061041&quot;,&quot;chargeRange&quot;:2474,&quot;chargeRangeVar&quot;:0.97803396,&quot;pmonth&quot;:&quot;2019-09&quot;},{&quot;vin&quot;:&quot;L6T78Y4W5GN061041&quot;,&quot;chargeRange&quot;:2397,&quot;chargeRangeVar&quot;:0.94760144,&quot;pmonth&quot;:&quot;2019-10&quot;},{&quot;vin&quot;:&quot;L6T78Y4W5GN061041&quot;,&quot;chargeRange&quot;:2443,&quot;chargeRangeVar&quot;:0.9659023,&quot;pmonth&quot;:&quot;2019-11&quot;},{&quot;vin&quot;:&quot;L6T78Y4W5GN061041&quot;,&quot;chargeRange&quot;:2694,&quot;chargeRangeVar&quot;:1.0650631,&quot;pmonth&quot;:&quot;2019-12&quot;},{&quot;vin&quot;:&quot;L6T78Y4W5GN061041&quot;,&quot;chargeRange&quot;:2588,&quot;chargeRangeVar&quot;:1.0232037,&quot;pmonth&quot;:&quot;2020-01&quot;},{&quot;vin&quot;:&quot;L6T78Y4W5GN061041&quot;,&quot;chargeRange&quot;:2481,&quot;chargeRangeVar&quot;:0.9808579,&quot;pmonth&quot;:&quot;2020-02&quot;},{&quot;vin&quot;:&quot;L6T78Y4W5GN061041&quot;,&quot;chargeRange&quot;:2739,&quot;chargeRangeVar&quot;:1.0826602,&quot;pmonth&quot;:&quot;2020-03&quot;},{&quot;vin&quot;:&quot;L6T78Y4W5GN061041&quot;,&quot;chargeRange&quot;:2622,&quot;chargeRangeVar&quot;:1.0365411,&quot;pmonth&quot;:&quot;2020-04&quot;},{&quot;vin&quot;:&quot;L6T78Y4W5GN061041&quot;,&quot;chargeRange&quot;:2634,&quot;chargeRangeVar&quot;:1.0413047,&quot;pmonth&quot;:&quot;2020-05&quot;},{&quot;vin&quot;:&quot;L6T78Y4W5GN061041&quot;,&quot;chargeRange&quot;:2572,&quot;chargeRangeVar&quot;:1.016782,&quot;pmonth&quot;:&quot;2020-06&quot;},{&quot;vin&quot;:&quot;L6T78Y4W5GN061041&quot;,&quot;chargeRange&quot;:2567,&quot;chargeRangeVar&quot;:1.01,&quot;pmonth&quot;:&quot;2020-07&quot;},{&quot;vin&quot;:&quot;L6T78Y4W5GN061041&quot;,&quot;chargeRange&quot;:2536,&quot;chargeRangeVar&quot;:1,&quot;pmonth&quot;:&quot;2020-08&quot;},{&quot;vin&quot;:&quot;L6T78Y4W5GN061041&quot;,&quot;chargeRange&quot;:2662,&quot;chargeRangeVar&quot;:1.05,&quot;pmonth&quot;:&quot;2020-09&quot;},{&quot;vin&quot;:&quot;L6T78Y4W5GN061041&quot;,&quot;chargeRange&quot;:2754,&quot;chargeRangeVar&quot;:1.09,&quot;pmonth&quot;:&quot;2020-11&quot;},{&quot;vin&quot;:&quot;L6T78Y4W5GN061041&quot;,&quot;chargeRange&quot;:2605,&quot;chargeRangeVar&quot;:1.03,&quot;pmonth&quot;:&quot;2020-12&quot;},{&quot;vin&quot;:&quot;L6T78Y4W5GN061041&quot;,&quot;chargeRange&quot;:2557,&quot;chargeRangeVar&quot;:1.01,&quot;pmonth&quot;:&quot;2021-01&quot;}],&quot;currentValue is &quot;:&quot;40000&quot;,&quot;expectedValue is&quot;:false,&quot;expectedValue is &quot;:&quot;10000&quot;}}]">
      <![CDATA[java.lang.AssertionError: expected [{}] but found [{"data":{"actualValue":null,"expectedValue":[{"vin":"L6T78Y4W5GN061041","chargeRange":2641,"chargeRangeVar":1.0439535,"pmonth":"2019-07"},{"vin":"L6T78Y4W5GN061041","chargeRange":2620,"chargeRangeVar":1.0355972,"pmonth":"2019-08"},{"vin":"L6T78Y4W5GN061041","chargeRange":2474,"chargeRangeVar":0.97803396,"pmonth":"2019-09"},{"vin":"L6T78Y4W5GN061041","chargeRange":2397,"chargeRangeVar":0.94760144,"pmonth":"2019-10"},{"vin":"L6T78Y4W5GN061041","chargeRange":2443,"chargeRangeVar":0.9659023,"pmonth":"2019-11"},{"vin":"L6T78Y4W5GN061041","chargeRange":2694,"chargeRangeVar":1.0650631,"pmonth":"2019-12"},{"vin":"L6T78Y4W5GN061041","chargeRange":2588,"chargeRangeVar":1.0232037,"pmonth":"2020-01"},{"vin":"L6T78Y4W5GN061041","chargeRange":2481,"chargeRangeVar":0.9808579,"pmonth":"2020-02"},{"vin":"L6T78Y4W5GN061041","chargeRange":2739,"chargeRangeVar":1.0826602,"pmonth":"2020-03"},{"vin":"L6T78Y4W5GN061041","chargeRange":2622,"chargeRangeVar":1.0365411,"pmonth":"2020-04"},{"vin":"L6T78Y4W5GN061041","chargeRange":2634,"chargeRangeVar":1.0413047,"pmonth":"2020-05"},{"vin":"L6T78Y4W5GN061041","chargeRange":2572,"chargeRangeVar":1.016782,"pmonth":"2020-06"},{"vin":"L6T78Y4W5GN061041","chargeRange":2567,"chargeRangeVar":1.01,"pmonth":"2020-07"},{"vin":"L6T78Y4W5GN061041","chargeRange":2536,"chargeRangeVar":1,"pmonth":"2020-08"},{"vin":"L6T78Y4W5GN061041","chargeRange":2662,"chargeRangeVar":1.05,"pmonth":"2020-09"},{"vin":"L6T78Y4W5GN061041","chargeRange":2754,"chargeRangeVar":1.09,"pmonth":"2020-11"},{"vin":"L6T78Y4W5GN061041","chargeRange":2605,"chargeRangeVar":1.03,"pmonth":"2020-12"},{"vin":"L6T78Y4W5GN061041","chargeRange":2557,"chargeRangeVar":1.01,"pmonth":"2021-01"}]},"Length":{"actualLenth":1,"expectLenth":18},"vin":{"actualKey":"不存在此vin","expectedKey":"vin"},"chargeRange":{"actualKey":"不存在此chargeRange","expectedKey":"chargeRange"},"chargeRangeVar":{"actualKey":"不存在此chargeRangeVar","expectedKey":"chargeRangeVar"},"pmonth":{"actualKey":"不存在此pmonth","expectedKey":"pmonth"},"error":{"actualValue":null,"expectedValue":[{"vin":"L6T78Y4W5GN061041","chargeRange":2641,"chargeRangeVar":1.0439535,"pmonth":"2019-07"},{"vin":"L6T78Y4W5GN061041","chargeRange":2620,"chargeRangeVar":1.0355972,"pmonth":"2019-08"},{"vin":"L6T78Y4W5GN061041","chargeRange":2474,"chargeRangeVar":0.97803396,"pmonth":"2019-09"},{"vin":"L6T78Y4W5GN061041","chargeRange":2397,"chargeRangeVar":0.94760144,"pmonth":"2019-10"},{"vin":"L6T78Y4W5GN061041","chargeRange":2443,"chargeRangeVar":0.9659023,"pmonth":"2019-11"},{"vin":"L6T78Y4W5GN061041","chargeRange":2694,"chargeRangeVar":1.0650631,"pmonth":"2019-12"},{"vin":"L6T78Y4W5GN061041","chargeRange":2588,"chargeRangeVar":1.0232037,"pmonth":"2020-01"},{"vin":"L6T78Y4W5GN061041","chargeRange":2481,"chargeRangeVar":0.9808579,"pmonth":"2020-02"},{"vin":"L6T78Y4W5GN061041","chargeRange":2739,"chargeRangeVar":1.0826602,"pmonth":"2020-03"},{"vin":"L6T78Y4W5GN061041","chargeRange":2622,"chargeRangeVar":1.0365411,"pmonth":"2020-04"},{"vin":"L6T78Y4W5GN061041","chargeRange":2634,"chargeRangeVar":1.0413047,"pmonth":"2020-05"},{"vin":"L6T78Y4W5GN061041","chargeRange":2572,"chargeRangeVar":1.016782,"pmonth":"2020-06"},{"vin":"L6T78Y4W5GN061041","chargeRange":2567,"chargeRangeVar":1.01,"pmonth":"2020-07"},{"vin":"L6T78Y4W5GN061041","chargeRange":2536,"chargeRangeVar":1,"pmonth":"2020-08"},{"vin":"L6T78Y4W5GN061041","chargeRange":2662,"chargeRangeVar":1.05,"pmonth":"2020-09"},{"vin":"L6T78Y4W5GN061041","chargeRange":2754,"chargeRangeVar":1.09,"pmonth":"2020-11"},{"vin":"L6T78Y4W5GN061041","chargeRange":2605,"chargeRangeVar":1.03,"pmonth":"2020-12"},{"vin":"L6T78Y4W5GN061041","chargeRange":2557,"chargeRangeVar":1.01,"pmonth":"2021-01"}],"currentValue is ":true,"expectedValue is":false},"code":{"actualValue":null,"expectedValue":[{"vin":"L6T78Y4W5GN061041","chargeRange":2641,"chargeRangeVar":1.0439535,"pmonth":"2019-07"},{"vin":"L6T78Y4W5GN061041","chargeRange":2620,"chargeRangeVar":1.0355972,"pmonth":"2019-08"},{"vin":"L6T78Y4W5GN061041","chargeRange":2474,"chargeRangeVar":0.97803396,"pmonth":"2019-09"},{"vin":"L6T78Y4W5GN061041","chargeRange":2397,"chargeRangeVar":0.94760144,"pmonth":"2019-10"},{"vin":"L6T78Y4W5GN061041","chargeRange":2443,"chargeRangeVar":0.9659023,"pmonth":"2019-11"},{"vin":"L6T78Y4W5GN061041","chargeRange":2694,"chargeRangeVar":1.0650631,"pmonth":"2019-12"},{"vin":"L6T78Y4W5GN061041","chargeRange":2588,"chargeRangeVar":1.0232037,"pmonth":"2020-01"},{"vin":"L6T78Y4W5GN061041","chargeRange":2481,"chargeRangeVar":0.9808579,"pmonth":"2020-02"},{"vin":"L6T78Y4W5GN061041","chargeRange":2739,"chargeRangeVar":1.0826602,"pmonth":"2020-03"},{"vin":"L6T78Y4W5GN061041","chargeRange":2622,"chargeRangeVar":1.0365411,"pmonth":"2020-04"},{"vin":"L6T78Y4W5GN061041","chargeRange":2634,"chargeRangeVar":1.0413047,"pmonth":"2020-05"},{"vin":"L6T78Y4W5GN061041","chargeRange":2572,"chargeRangeVar":1.016782,"pmonth":"2020-06"},{"vin":"L6T78Y4W5GN061041","chargeRange":2567,"chargeRangeVar":1.01,"pmonth":"2020-07"},{"vin":"L6T78Y4W5GN061041","chargeRange":2536,"chargeRangeVar":1,"pmonth":"2020-08"},{"vin":"L6T78Y4W5GN061041","chargeRange":2662,"chargeRangeVar":1.05,"pmonth":"2020-09"},{"vin":"L6T78Y4W5GN061041","chargeRange":2754,"chargeRangeVar":1.09,"pmonth":"2020-11"},{"vin":"L6T78Y4W5GN061041","chargeRange":2605,"chargeRangeVar":1.03,"pmonth":"2020-12"},{"vin":"L6T78Y4W5GN061041","chargeRange":2557,"chargeRangeVar":1.01,"pmonth":"2021-01"}],"currentValue is ":"40000","expectedValue is":false,"expectedValue is ":"10000"}}]
at org.testng.Assert.fail(Assert.java:96)
at org.testng.Assert.failNotEquals(Assert.java:776)
at org.testng.Assert.assertEqualsImpl(Assert.java:137)
at org.testng.Assert.assertEquals(Assert.java:118)
at org.testng.Assert.assertEquals(Assert.java:453)
at org.testng.Assert.assertEquals(Assert.java:463)
at com.bitnei.apitest.testcases.saas.ApiTest.ApiTestCode(ApiTest.java:102)
at sun.reflect.GeneratedMethodAccessor2.invoke(Unknown Source)
at sun.reflect.DelegatingMethodAccessorImpl.invoke(DelegatingMethodAccessorImpl.java:43)
at java.lang.reflect.Method.invoke(Method.java:498)
at org.testng.internal.MethodInvocationHelper.invokeMethod(MethodInvocationHelper.java:124)
at org.testng.internal.Invoker.invokeMethod(Invoker.java:580)
at org.testng.internal.Invoker.invokeTestMethod(Invoker.java:716)
at org.testng.internal.Invoker.invokeTestMethods(Invoker.java:988)
at org.testng.internal.TestMethodWorker.invokeTestMethods(TestMethodWorker.java:125)
at org.testng.internal.TestMethodWorker.run(TestMethodWorker.java:109)
at org.testng.TestRunner.privateRun(TestRunner.java:648)
at org.testng.TestRunner.run(TestRunner.java:505)
at org.testng.SuiteRunner.runTest(SuiteRunner.java:455)
at org.testng.SuiteRunner.runSequentially(SuiteRunner.java:450)
at org.testng.SuiteRunner.privateRun(SuiteRunner.java:415)
at org.testng.SuiteRunner.run(SuiteRunner.java:364)
at org.testng.SuiteRunnerWorker.runSuite(SuiteRunnerWorker.java:52)
at org.testng.SuiteRunnerWorker.run(SuiteRunnerWorker.java:84)
at org.testng.TestNG.runSuitesSequentially(TestNG.java:1208)
at org.testng.TestNG.runSuitesLocally(TestNG.java:1137)
at org.testng.TestNG.runSuites(TestNG.java:1049)
at org.testng.TestNG.run(TestNG.java:1017)
at org.testng.remote.AbstractRemoteTestNG.run(AbstractRemoteTestNG.java:114)
at org.testng.remote.RemoteTestNG.initAndRun(RemoteTestNG.java:251)
at org.testng.remote.RemoteTestNG.main(RemoteTestNG.java:77)
]]>
    </failure>
  </testcase> <!-- ApiTestCode -->
  <testcase name="ApiTestCode" time="0.028" classname="com.bitnei.apitest.testcases.saas.ApiTest">
    <failure type="java.lang.AssertionError" message="expected [{}] but found [{&quot;data&quot;:{&quot;actualValue&quot;:null,&quot;expectedValue&quot;:[{&quot;vin&quot;:&quot;LZYTDGAW4G1056965&quot;,&quot;rtime&quot;:&quot;20180105062259&quot;,&quot;maxCellPolVolt&quot;:1.040724,&quot;minCellPolVolt&quot;:0.8560886,&quot;chaEndCellVoltMarginVar&quot;:0.7282609,&quot;condEndCellVoltMarginVar&quot;:0.4878049,&quot;segChargeEndCellTempMarginVar&quot;:5,&quot;conditionEndMileage&quot;:336626,&quot;pmonth&quot;:&quot;2018-01&quot;},{&quot;vin&quot;:&quot;LZYTDGAW4G1056965&quot;,&quot;rtime&quot;:&quot;20180106060807&quot;,&quot;maxCellPolVolt&quot;:1,&quot;minCellPolVolt&quot;:0.8370497,&quot;chaEndCellVoltMarginVar&quot;:0.8076923,&quot;condEndCellVoltMarginVar&quot;:0.95049506,&quot;segChargeEndCellTempMarginVar&quot;:7,&quot;conditionEndMileage&quot;:338101,&quot;pmonth&quot;:&quot;2018-01&quot;},{&quot;vin&quot;:&quot;LZYTDGAW4G1056965&quot;,&quot;rtime&quot;:&quot;20180108064355&quot;,&quot;maxCellPolVolt&quot;:1.281915,&quot;minCellPolVolt&quot;:0.74264705,&quot;chaEndCellVoltMarginVar&quot;:0.9364162,&quot;condEndCellVoltMarginVar&quot;:0.36666667,&quot;segChargeEndCellTempMarginVar&quot;:6,&quot;conditionEndMileage&quot;:341108,&quot;pmonth&quot;:&quot;2018-01&quot;}]},&quot;Length&quot;:{&quot;actualLenth&quot;:1,&quot;expectLenth&quot;:3},&quot;vin&quot;:{&quot;actualKey&quot;:&quot;不存在此vin&quot;,&quot;expectedKey&quot;:&quot;vin&quot;},&quot;rtime&quot;:{&quot;actualKey&quot;:&quot;不存在此rtime&quot;,&quot;expectedKey&quot;:&quot;rtime&quot;},&quot;maxCellPolVolt&quot;:{&quot;actualKey&quot;:&quot;不存在此maxCellPolVolt&quot;,&quot;expectedKey&quot;:&quot;maxCellPolVolt&quot;},&quot;minCellPolVolt&quot;:{&quot;actualKey&quot;:&quot;不存在此minCellPolVolt&quot;,&quot;expectedKey&quot;:&quot;minCellPolVolt&quot;},&quot;chaEndCellVoltMarginVar&quot;:{&quot;actualKey&quot;:&quot;不存在此chaEndCellVoltMarginVar&quot;,&quot;expectedKey&quot;:&quot;chaEndCellVoltMarginVar&quot;},&quot;condEndCellVoltMarginVar&quot;:{&quot;actualKey&quot;:&quot;不存在此condEndCellVoltMarginVar&quot;,&quot;expectedKey&quot;:&quot;condEndCellVoltMarginVar&quot;},&quot;segChargeEndCellTempMarginVar&quot;:{&quot;actualKey&quot;:&quot;不存在此segChargeEndCellTempMarginVar&quot;,&quot;expectedKey&quot;:&quot;segChargeEndCellTempMarginVar&quot;},&quot;conditionEndMileage&quot;:{&quot;actualKey&quot;:&quot;不存在此conditionEndMileage&quot;,&quot;expectedKey&quot;:&quot;conditionEndMileage&quot;},&quot;pmonth&quot;:{&quot;actualKey&quot;:&quot;不存在此pmonth&quot;,&quot;expectedKey&quot;:&quot;pmonth&quot;},&quot;error&quot;:{&quot;actualValue&quot;:null,&quot;expectedValue&quot;:[{&quot;vin&quot;:&quot;LZYTDGAW4G1056965&quot;,&quot;rtime&quot;:&quot;20180105062259&quot;,&quot;maxCellPolVolt&quot;:1.040724,&quot;minCellPolVolt&quot;:0.8560886,&quot;chaEndCellVoltMarginVar&quot;:0.7282609,&quot;condEndCellVoltMarginVar&quot;:0.4878049,&quot;segChargeEndCellTempMarginVar&quot;:5,&quot;conditionEndMileage&quot;:336626,&quot;pmonth&quot;:&quot;2018-01&quot;},{&quot;vin&quot;:&quot;LZYTDGAW4G1056965&quot;,&quot;rtime&quot;:&quot;20180106060807&quot;,&quot;maxCellPolVolt&quot;:1,&quot;minCellPolVolt&quot;:0.8370497,&quot;chaEndCellVoltMarginVar&quot;:0.8076923,&quot;condEndCellVoltMarginVar&quot;:0.95049506,&quot;segChargeEndCellTempMarginVar&quot;:7,&quot;conditionEndMileage&quot;:338101,&quot;pmonth&quot;:&quot;2018-01&quot;},{&quot;vin&quot;:&quot;LZYTDGAW4G1056965&quot;,&quot;rtime&quot;:&quot;20180108064355&quot;,&quot;maxCellPolVolt&quot;:1.281915,&quot;minCellPolVolt&quot;:0.74264705,&quot;chaEndCellVoltMarginVar&quot;:0.9364162,&quot;condEndCellVoltMarginVar&quot;:0.36666667,&quot;segChargeEndCellTempMarginVar&quot;:6,&quot;conditionEndMileage&quot;:341108,&quot;pmonth&quot;:&quot;2018-01&quot;}],&quot;currentValue is &quot;:true,&quot;expectedValue is&quot;:false},&quot;code&quot;:{&quot;actualValue&quot;:null,&quot;expectedValue&quot;:[{&quot;vin&quot;:&quot;LZYTDGAW4G1056965&quot;,&quot;rtime&quot;:&quot;20180105062259&quot;,&quot;maxCellPolVolt&quot;:1.040724,&quot;minCellPolVolt&quot;:0.8560886,&quot;chaEndCellVoltMarginVar&quot;:0.7282609,&quot;condEndCellVoltMarginVar&quot;:0.4878049,&quot;segChargeEndCellTempMarginVar&quot;:5,&quot;conditionEndMileage&quot;:336626,&quot;pmonth&quot;:&quot;2018-01&quot;},{&quot;vin&quot;:&quot;LZYTDGAW4G1056965&quot;,&quot;rtime&quot;:&quot;20180106060807&quot;,&quot;maxCellPolVolt&quot;:1,&quot;minCellPolVolt&quot;:0.8370497,&quot;chaEndCellVoltMarginVar&quot;:0.8076923,&quot;condEndCellVoltMarginVar&quot;:0.95049506,&quot;segChargeEndCellTempMarginVar&quot;:7,&quot;conditionEndMileage&quot;:338101,&quot;pmonth&quot;:&quot;2018-01&quot;},{&quot;vin&quot;:&quot;LZYTDGAW4G1056965&quot;,&quot;rtime&quot;:&quot;20180108064355&quot;,&quot;maxCellPolVolt&quot;:1.281915,&quot;minCellPolVolt&quot;:0.74264705,&quot;chaEndCellVoltMarginVar&quot;:0.9364162,&quot;condEndCellVoltMarginVar&quot;:0.36666667,&quot;segChargeEndCellTempMarginVar&quot;:6,&quot;conditionEndMileage&quot;:341108,&quot;pmonth&quot;:&quot;2018-01&quot;}],&quot;currentValue is &quot;:&quot;40000&quot;,&quot;expectedValue is&quot;:false,&quot;expectedValue is &quot;:&quot;10000&quot;}}]">
      <![CDATA[java.lang.AssertionError: expected [{}] but found [{"data":{"actualValue":null,"expectedValue":[{"vin":"LZYTDGAW4G1056965","rtime":"20180105062259","maxCellPolVolt":1.040724,"minCellPolVolt":0.8560886,"chaEndCellVoltMarginVar":0.7282609,"condEndCellVoltMarginVar":0.4878049,"segChargeEndCellTempMarginVar":5,"conditionEndMileage":336626,"pmonth":"2018-01"},{"vin":"LZYTDGAW4G1056965","rtime":"20180106060807","maxCellPolVolt":1,"minCellPolVolt":0.8370497,"chaEndCellVoltMarginVar":0.8076923,"condEndCellVoltMarginVar":0.95049506,"segChargeEndCellTempMarginVar":7,"conditionEndMileage":338101,"pmonth":"2018-01"},{"vin":"LZYTDGAW4G1056965","rtime":"20180108064355","maxCellPolVolt":1.281915,"minCellPolVolt":0.74264705,"chaEndCellVoltMarginVar":0.9364162,"condEndCellVoltMarginVar":0.36666667,"segChargeEndCellTempMarginVar":6,"conditionEndMileage":341108,"pmonth":"2018-01"}]},"Length":{"actualLenth":1,"expectLenth":3},"vin":{"actualKey":"不存在此vin","expectedKey":"vin"},"rtime":{"actualKey":"不存在此rtime","expectedKey":"rtime"},"maxCellPolVolt":{"actualKey":"不存在此maxCellPolVolt","expectedKey":"maxCellPolVolt"},"minCellPolVolt":{"actualKey":"不存在此minCellPolVolt","expectedKey":"minCellPolVolt"},"chaEndCellVoltMarginVar":{"actualKey":"不存在此chaEndCellVoltMarginVar","expectedKey":"chaEndCellVoltMarginVar"},"condEndCellVoltMarginVar":{"actualKey":"不存在此condEndCellVoltMarginVar","expectedKey":"condEndCellVoltMarginVar"},"segChargeEndCellTempMarginVar":{"actualKey":"不存在此segChargeEndCellTempMarginVar","expectedKey":"segChargeEndCellTempMarginVar"},"conditionEndMileage":{"actualKey":"不存在此conditionEndMileage","expectedKey":"conditionEndMileage"},"pmonth":{"actualKey":"不存在此pmonth","expectedKey":"pmonth"},"error":{"actualValue":null,"expectedValue":[{"vin":"LZYTDGAW4G1056965","rtime":"20180105062259","maxCellPolVolt":1.040724,"minCellPolVolt":0.8560886,"chaEndCellVoltMarginVar":0.7282609,"condEndCellVoltMarginVar":0.4878049,"segChargeEndCellTempMarginVar":5,"conditionEndMileage":336626,"pmonth":"2018-01"},{"vin":"LZYTDGAW4G1056965","rtime":"20180106060807","maxCellPolVolt":1,"minCellPolVolt":0.8370497,"chaEndCellVoltMarginVar":0.8076923,"condEndCellVoltMarginVar":0.95049506,"segChargeEndCellTempMarginVar":7,"conditionEndMileage":338101,"pmonth":"2018-01"},{"vin":"LZYTDGAW4G1056965","rtime":"20180108064355","maxCellPolVolt":1.281915,"minCellPolVolt":0.74264705,"chaEndCellVoltMarginVar":0.9364162,"condEndCellVoltMarginVar":0.36666667,"segChargeEndCellTempMarginVar":6,"conditionEndMileage":341108,"pmonth":"2018-01"}],"currentValue is ":true,"expectedValue is":false},"code":{"actualValue":null,"expectedValue":[{"vin":"LZYTDGAW4G1056965","rtime":"20180105062259","maxCellPolVolt":1.040724,"minCellPolVolt":0.8560886,"chaEndCellVoltMarginVar":0.7282609,"condEndCellVoltMarginVar":0.4878049,"segChargeEndCellTempMarginVar":5,"conditionEndMileage":336626,"pmonth":"2018-01"},{"vin":"LZYTDGAW4G1056965","rtime":"20180106060807","maxCellPolVolt":1,"minCellPolVolt":0.8370497,"chaEndCellVoltMarginVar":0.8076923,"condEndCellVoltMarginVar":0.95049506,"segChargeEndCellTempMarginVar":7,"conditionEndMileage":338101,"pmonth":"2018-01"},{"vin":"LZYTDGAW4G1056965","rtime":"20180108064355","maxCellPolVolt":1.281915,"minCellPolVolt":0.74264705,"chaEndCellVoltMarginVar":0.9364162,"condEndCellVoltMarginVar":0.36666667,"segChargeEndCellTempMarginVar":6,"conditionEndMileage":341108,"pmonth":"2018-01"}],"currentValue is ":"40000","expectedValue is":false,"expectedValue is ":"10000"}}]
at org.testng.Assert.fail(Assert.java:96)
at org.testng.Assert.failNotEquals(Assert.java:776)
at org.testng.Assert.assertEqualsImpl(Assert.java:137)
at org.testng.Assert.assertEquals(Assert.java:118)
at org.testng.Assert.assertEquals(Assert.java:453)
at org.testng.Assert.assertEquals(Assert.java:463)
at com.bitnei.apitest.testcases.saas.ApiTest.ApiTestCode(ApiTest.java:102)
at sun.reflect.GeneratedMethodAccessor2.invoke(Unknown Source)
at sun.reflect.DelegatingMethodAccessorImpl.invoke(DelegatingMethodAccessorImpl.java:43)
at java.lang.reflect.Method.invoke(Method.java:498)
at org.testng.internal.MethodInvocationHelper.invokeMethod(MethodInvocationHelper.java:124)
at org.testng.internal.Invoker.invokeMethod(Invoker.java:580)
at org.testng.internal.Invoker.invokeTestMethod(Invoker.java:716)
at org.testng.internal.Invoker.invokeTestMethods(Invoker.java:988)
at org.testng.internal.TestMethodWorker.invokeTestMethods(TestMethodWorker.java:125)
at org.testng.internal.TestMethodWorker.run(TestMethodWorker.java:109)
at org.testng.TestRunner.privateRun(TestRunner.java:648)
at org.testng.TestRunner.run(TestRunner.java:505)
at org.testng.SuiteRunner.runTest(SuiteRunner.java:455)
at org.testng.SuiteRunner.runSequentially(SuiteRunner.java:450)
at org.testng.SuiteRunner.privateRun(SuiteRunner.java:415)
at org.testng.SuiteRunner.run(SuiteRunner.java:364)
at org.testng.SuiteRunnerWorker.runSuite(SuiteRunnerWorker.java:52)
at org.testng.SuiteRunnerWorker.run(SuiteRunnerWorker.java:84)
at org.testng.TestNG.runSuitesSequentially(TestNG.java:1208)
at org.testng.TestNG.runSuitesLocally(TestNG.java:1137)
at org.testng.TestNG.runSuites(TestNG.java:1049)
at org.testng.TestNG.run(TestNG.java:1017)
at org.testng.remote.AbstractRemoteTestNG.run(AbstractRemoteTestNG.java:114)
at org.testng.remote.RemoteTestNG.initAndRun(RemoteTestNG.java:251)
at org.testng.remote.RemoteTestNG.main(RemoteTestNG.java:77)
]]>
    </failure>
  </testcase> <!-- ApiTestCode -->
  <testcase name="ApiTestCode" time="0.071" classname="com.bitnei.apitest.testcases.saas.ApiTest">
    <failure type="java.lang.AssertionError" message="expected [{}] but found [{&quot;error&quot;:{&quot;currentValue is &quot;:true,&quot;expectedValue is&quot;:false},&quot;code&quot;:{&quot;currentValue is &quot;:&quot;40000&quot;,&quot;expectedValue is&quot;:false,&quot;expectedValue is &quot;:&quot;35000&quot;}}]">
      <![CDATA[java.lang.AssertionError: expected [{}] but found [{"error":{"currentValue is ":true,"expectedValue is":false},"code":{"currentValue is ":"40000","expectedValue is":false,"expectedValue is ":"35000"}}]
at org.testng.Assert.fail(Assert.java:96)
at org.testng.Assert.failNotEquals(Assert.java:776)
at org.testng.Assert.assertEqualsImpl(Assert.java:137)
at org.testng.Assert.assertEquals(Assert.java:118)
at org.testng.Assert.assertEquals(Assert.java:453)
at org.testng.Assert.assertEquals(Assert.java:463)
at com.bitnei.apitest.testcases.saas.ApiTest.ApiTestCode(ApiTest.java:102)
at sun.reflect.GeneratedMethodAccessor2.invoke(Unknown Source)
at sun.reflect.DelegatingMethodAccessorImpl.invoke(DelegatingMethodAccessorImpl.java:43)
at java.lang.reflect.Method.invoke(Method.java:498)
at org.testng.internal.MethodInvocationHelper.invokeMethod(MethodInvocationHelper.java:124)
at org.testng.internal.Invoker.invokeMethod(Invoker.java:580)
at org.testng.internal.Invoker.invokeTestMethod(Invoker.java:716)
at org.testng.internal.Invoker.invokeTestMethods(Invoker.java:988)
at org.testng.internal.TestMethodWorker.invokeTestMethods(TestMethodWorker.java:125)
at org.testng.internal.TestMethodWorker.run(TestMethodWorker.java:109)
at org.testng.TestRunner.privateRun(TestRunner.java:648)
at org.testng.TestRunner.run(TestRunner.java:505)
at org.testng.SuiteRunner.runTest(SuiteRunner.java:455)
at org.testng.SuiteRunner.runSequentially(SuiteRunner.java:450)
at org.testng.SuiteRunner.privateRun(SuiteRunner.java:415)
at org.testng.SuiteRunner.run(SuiteRunner.java:364)
at org.testng.SuiteRunnerWorker.runSuite(SuiteRunnerWorker.java:52)
at org.testng.SuiteRunnerWorker.run(SuiteRunnerWorker.java:84)
at org.testng.TestNG.runSuitesSequentially(TestNG.java:1208)
at org.testng.TestNG.runSuitesLocally(TestNG.java:1137)
at org.testng.TestNG.runSuites(TestNG.java:1049)
at org.testng.TestNG.run(TestNG.java:1017)
at org.testng.remote.AbstractRemoteTestNG.run(AbstractRemoteTestNG.java:114)
at org.testng.remote.RemoteTestNG.initAndRun(RemoteTestNG.java:251)
at org.testng.remote.RemoteTestNG.main(RemoteTestNG.java:77)
]]>
    </failure>
  </testcase> <!-- ApiTestCode -->
  <testcase name="ApiTestCode" time="0.030" classname="com.bitnei.apitest.testcases.saas.ApiTest"/>
  <testcase name="ApiTestCode" time="0.026" classname="com.bitnei.apitest.testcases.saas.ApiTest">
    <failure type="java.lang.AssertionError" message="expected [{}] but found [{&quot;status&quot;:{&quot;currentValue is &quot;:200,&quot;expectedValue is&quot;:400},&quot;errorMsg&quot;:{&quot;currentValue is &quot;:&quot;Forwarding error&quot;,&quot;expectedValue is&quot;:400,&quot;expectedValue is &quot;:&quot;参数vin未传&quot;},&quot;code&quot;:{&quot;currentValue is &quot;:&quot;40000&quot;,&quot;expectedValue is&quot;:400,&quot;expectedValue is &quot;:&quot;30001&quot;}}]">
      <![CDATA[java.lang.AssertionError: expected [{}] but found [{"status":{"currentValue is ":200,"expectedValue is":400},"errorMsg":{"currentValue is ":"Forwarding error","expectedValue is":400,"expectedValue is ":"参数vin未传"},"code":{"currentValue is ":"40000","expectedValue is":400,"expectedValue is ":"30001"}}]
at org.testng.Assert.fail(Assert.java:96)
at org.testng.Assert.failNotEquals(Assert.java:776)
at org.testng.Assert.assertEqualsImpl(Assert.java:137)
at org.testng.Assert.assertEquals(Assert.java:118)
at org.testng.Assert.assertEquals(Assert.java:453)
at org.testng.Assert.assertEquals(Assert.java:463)
at com.bitnei.apitest.testcases.saas.ApiTest.ApiTestCode(ApiTest.java:102)
at sun.reflect.GeneratedMethodAccessor2.invoke(Unknown Source)
at sun.reflect.DelegatingMethodAccessorImpl.invoke(DelegatingMethodAccessorImpl.java:43)
at java.lang.reflect.Method.invoke(Method.java:498)
at org.testng.internal.MethodInvocationHelper.invokeMethod(MethodInvocationHelper.java:124)
at org.testng.internal.Invoker.invokeMethod(Invoker.java:580)
at org.testng.internal.Invoker.invokeTestMethod(Invoker.java:716)
at org.testng.internal.Invoker.invokeTestMethods(Invoker.java:988)
at org.testng.internal.TestMethodWorker.invokeTestMethods(TestMethodWorker.java:125)
at org.testng.internal.TestMethodWorker.run(TestMethodWorker.java:109)
at org.testng.TestRunner.privateRun(TestRunner.java:648)
at org.testng.TestRunner.run(TestRunner.java:505)
at org.testng.SuiteRunner.runTest(SuiteRunner.java:455)
at org.testng.SuiteRunner.runSequentially(SuiteRunner.java:450)
at org.testng.SuiteRunner.privateRun(SuiteRunner.java:415)
at org.testng.SuiteRunner.run(SuiteRunner.java:364)
at org.testng.SuiteRunnerWorker.runSuite(SuiteRunnerWorker.java:52)
at org.testng.SuiteRunnerWorker.run(SuiteRunnerWorker.java:84)
at org.testng.TestNG.runSuitesSequentially(TestNG.java:1208)
at org.testng.TestNG.runSuitesLocally(TestNG.java:1137)
at org.testng.TestNG.runSuites(TestNG.java:1049)
at org.testng.TestNG.run(TestNG.java:1017)
at org.testng.remote.AbstractRemoteTestNG.run(AbstractRemoteTestNG.java:114)
at org.testng.remote.RemoteTestNG.initAndRun(RemoteTestNG.java:251)
at org.testng.remote.RemoteTestNG.main(RemoteTestNG.java:77)
]]>
    </failure>
  </testcase> <!-- ApiTestCode -->
  <testcase name="ApiTestCode" time="0.024" classname="com.bitnei.apitest.testcases.saas.ApiTest"/>
  <testcase name="ApiTestCode" time="0.025" classname="com.bitnei.apitest.testcases.saas.ApiTest">
    <failure type="java.lang.AssertionError" message="expected [{}] but found [{&quot;data&quot;:{&quot;actualValue&quot;:null,&quot;expectedValue&quot;:{&quot;vin&quot;:&quot;LNBSCC3H5HF323314&quot;,&quot;brand&quot;:&quot;北京牌&quot;,&quot;manufacturer&quot;:&quot;北京汽车股份有限公司&quot;,&quot;power_type&quot;:&quot;纯电动&quot;,&quot;license_plate&quot;:&quot;沪AD88753&quot;,&quot;veh_model_name&quot;:&quot;BJ7000C5E2-BEV&quot;,&quot;veh_common_name&quot;:&quot;EU260&quot;,&quot;curb_weight&quot;:1613,&quot;max_speed&quot;:100,&quot;drive_range&quot;:252,&quot;positive_material&quot;:&quot;层状三元材料&quot;,&quot;cell_manufacturer&quot;:&quot;宁德时代新能源科技股份有限公司&quot;,&quot;kwh_100km&quot;:null,&quot;is_online&quot;:1,&quot;first_live_date&quot;:&quot;2020-03-22&quot;,&quot;run_city&quot;:&quot;上海市&quot;,&quot;run_province&quot;:&quot;上海市&quot;,&quot;veh_category_2&quot;:&quot;网约车&quot;,&quot;unit_name&quot;:&quot;上海强生出租汽车有限公司&quot;,&quot;veh_level&quot;:&quot;A&quot;,&quot;first_run_date&quot;:&quot;1584850157000&quot;,&quot;first_charge_date&quot;:&quot;1584865537000&quot;}},&quot;vin&quot;:{&quot;actualKey&quot;:&quot;不存在此vin&quot;,&quot;expectedKey&quot;:&quot;vin&quot;},&quot;brand&quot;:{&quot;actualKey&quot;:&quot;不存在此brand&quot;,&quot;expectedKey&quot;:&quot;brand&quot;},&quot;manufacturer&quot;:{&quot;actualKey&quot;:&quot;不存在此manufacturer&quot;,&quot;expectedKey&quot;:&quot;manufacturer&quot;},&quot;power_type&quot;:{&quot;actualKey&quot;:&quot;不存在此power_type&quot;,&quot;expectedKey&quot;:&quot;power_type&quot;},&quot;license_plate&quot;:{&quot;actualKey&quot;:&quot;不存在此license_plate&quot;,&quot;expectedKey&quot;:&quot;license_plate&quot;},&quot;veh_model_name&quot;:{&quot;actualKey&quot;:&quot;不存在此veh_model_name&quot;,&quot;expectedKey&quot;:&quot;veh_model_name&quot;},&quot;veh_common_name&quot;:{&quot;actualKey&quot;:&quot;不存在此veh_common_name&quot;,&quot;expectedKey&quot;:&quot;veh_common_name&quot;},&quot;curb_weight&quot;:{&quot;actualKey&quot;:&quot;不存在此curb_weight&quot;,&quot;expectedKey&quot;:&quot;curb_weight&quot;},&quot;max_speed&quot;:{&quot;actualKey&quot;:&quot;不存在此max_speed&quot;,&quot;expectedKey&quot;:&quot;max_speed&quot;},&quot;drive_range&quot;:{&quot;actualKey&quot;:&quot;不存在此drive_range&quot;,&quot;expectedKey&quot;:&quot;drive_range&quot;},&quot;positive_material&quot;:{&quot;actualKey&quot;:&quot;不存在此positive_material&quot;,&quot;expectedKey&quot;:&quot;positive_material&quot;},&quot;cell_manufacturer&quot;:{&quot;actualKey&quot;:&quot;不存在此cell_manufacturer&quot;,&quot;expectedKey&quot;:&quot;cell_manufacturer&quot;},&quot;kwh_100km&quot;:{&quot;actualKey&quot;:&quot;不存在此kwh_100km&quot;,&quot;expectedKey&quot;:&quot;kwh_100km&quot;},&quot;is_online&quot;:{&quot;actualKey&quot;:&quot;不存在此is_online&quot;,&quot;expectedKey&quot;:&quot;is_online&quot;},&quot;first_live_date&quot;:{&quot;actualKey&quot;:&quot;不存在此first_live_date&quot;,&quot;expectedKey&quot;:&quot;first_live_date&quot;},&quot;run_city&quot;:{&quot;actualKey&quot;:&quot;不存在此run_city&quot;,&quot;expectedKey&quot;:&quot;run_city&quot;},&quot;run_province&quot;:{&quot;actualKey&quot;:&quot;不存在此run_province&quot;,&quot;expectedKey&quot;:&quot;run_province&quot;},&quot;veh_category_2&quot;:{&quot;actualKey&quot;:&quot;不存在此veh_category_2&quot;,&quot;expectedKey&quot;:&quot;veh_category_2&quot;},&quot;unit_name&quot;:{&quot;actualKey&quot;:&quot;不存在此unit_name&quot;,&quot;expectedKey&quot;:&quot;unit_name&quot;},&quot;veh_level&quot;:{&quot;actualKey&quot;:&quot;不存在此veh_level&quot;,&quot;expectedKey&quot;:&quot;veh_level&quot;},&quot;first_run_date&quot;:{&quot;actualKey&quot;:&quot;不存在此first_run_date&quot;,&quot;expectedKey&quot;:&quot;first_run_date&quot;},&quot;first_charge_date&quot;:{&quot;actualKey&quot;:&quot;不存在此first_charge_date&quot;,&quot;expectedKey&quot;:&quot;first_charge_date&quot;},&quot;error&quot;:{&quot;actualValue&quot;:null,&quot;expectedValue&quot;:{&quot;vin&quot;:&quot;LNBSCC3H5HF323314&quot;,&quot;brand&quot;:&quot;北京牌&quot;,&quot;manufacturer&quot;:&quot;北京汽车股份有限公司&quot;,&quot;power_type&quot;:&quot;纯电动&quot;,&quot;license_plate&quot;:&quot;沪AD88753&quot;,&quot;veh_model_name&quot;:&quot;BJ7000C5E2-BEV&quot;,&quot;veh_common_name&quot;:&quot;EU260&quot;,&quot;curb_weight&quot;:1613,&quot;max_speed&quot;:100,&quot;drive_range&quot;:252,&quot;positive_material&quot;:&quot;层状三元材料&quot;,&quot;cell_manufacturer&quot;:&quot;宁德时代新能源科技股份有限公司&quot;,&quot;kwh_100km&quot;:null,&quot;is_online&quot;:1,&quot;first_live_date&quot;:&quot;2020-03-22&quot;,&quot;run_city&quot;:&quot;上海市&quot;,&quot;run_province&quot;:&quot;上海市&quot;,&quot;veh_category_2&quot;:&quot;网约车&quot;,&quot;unit_name&quot;:&quot;上海强生出租汽车有限公司&quot;,&quot;veh_level&quot;:&quot;A&quot;,&quot;first_run_date&quot;:&quot;1584850157000&quot;,&quot;first_charge_date&quot;:&quot;1584865537000&quot;},&quot;currentValue is &quot;:true,&quot;expectedValue is&quot;:false},&quot;code&quot;:{&quot;actualValue&quot;:null,&quot;expectedValue&quot;:{&quot;vin&quot;:&quot;LNBSCC3H5HF323314&quot;,&quot;brand&quot;:&quot;北京牌&quot;,&quot;manufacturer&quot;:&quot;北京汽车股份有限公司&quot;,&quot;power_type&quot;:&quot;纯电动&quot;,&quot;license_plate&quot;:&quot;沪AD88753&quot;,&quot;veh_model_name&quot;:&quot;BJ7000C5E2-BEV&quot;,&quot;veh_common_name&quot;:&quot;EU260&quot;,&quot;curb_weight&quot;:1613,&quot;max_speed&quot;:100,&quot;drive_range&quot;:252,&quot;positive_material&quot;:&quot;层状三元材料&quot;,&quot;cell_manufacturer&quot;:&quot;宁德时代新能源科技股份有限公司&quot;,&quot;kwh_100km&quot;:null,&quot;is_online&quot;:1,&quot;first_live_date&quot;:&quot;2020-03-22&quot;,&quot;run_city&quot;:&quot;上海市&quot;,&quot;run_province&quot;:&quot;上海市&quot;,&quot;veh_category_2&quot;:&quot;网约车&quot;,&quot;unit_name&quot;:&quot;上海强生出租汽车有限公司&quot;,&quot;veh_level&quot;:&quot;A&quot;,&quot;first_run_date&quot;:&quot;1584850157000&quot;,&quot;first_charge_date&quot;:&quot;1584865537000&quot;},&quot;currentValue is &quot;:&quot;40000&quot;,&quot;expectedValue is&quot;:false,&quot;expectedValue is &quot;:&quot;10000&quot;}}]">
      <![CDATA[java.lang.AssertionError: expected [{}] but found [{"data":{"actualValue":null,"expectedValue":{"vin":"LNBSCC3H5HF323314","brand":"北京牌","manufacturer":"北京汽车股份有限公司","power_type":"纯电动","license_plate":"沪AD88753","veh_model_name":"BJ7000C5E2-BEV","veh_common_name":"EU260","curb_weight":1613,"max_speed":100,"drive_range":252,"positive_material":"层状三元材料","cell_manufacturer":"宁德时代新能源科技股份有限公司","kwh_100km":null,"is_online":1,"first_live_date":"2020-03-22","run_city":"上海市","run_province":"上海市","veh_category_2":"网约车","unit_name":"上海强生出租汽车有限公司","veh_level":"A","first_run_date":"1584850157000","first_charge_date":"1584865537000"}},"vin":{"actualKey":"不存在此vin","expectedKey":"vin"},"brand":{"actualKey":"不存在此brand","expectedKey":"brand"},"manufacturer":{"actualKey":"不存在此manufacturer","expectedKey":"manufacturer"},"power_type":{"actualKey":"不存在此power_type","expectedKey":"power_type"},"license_plate":{"actualKey":"不存在此license_plate","expectedKey":"license_plate"},"veh_model_name":{"actualKey":"不存在此veh_model_name","expectedKey":"veh_model_name"},"veh_common_name":{"actualKey":"不存在此veh_common_name","expectedKey":"veh_common_name"},"curb_weight":{"actualKey":"不存在此curb_weight","expectedKey":"curb_weight"},"max_speed":{"actualKey":"不存在此max_speed","expectedKey":"max_speed"},"drive_range":{"actualKey":"不存在此drive_range","expectedKey":"drive_range"},"positive_material":{"actualKey":"不存在此positive_material","expectedKey":"positive_material"},"cell_manufacturer":{"actualKey":"不存在此cell_manufacturer","expectedKey":"cell_manufacturer"},"kwh_100km":{"actualKey":"不存在此kwh_100km","expectedKey":"kwh_100km"},"is_online":{"actualKey":"不存在此is_online","expectedKey":"is_online"},"first_live_date":{"actualKey":"不存在此first_live_date","expectedKey":"first_live_date"},"run_city":{"actualKey":"不存在此run_city","expectedKey":"run_city"},"run_province":{"actualKey":"不存在此run_province","expectedKey":"run_province"},"veh_category_2":{"actualKey":"不存在此veh_category_2","expectedKey":"veh_category_2"},"unit_name":{"actualKey":"不存在此unit_name","expectedKey":"unit_name"},"veh_level":{"actualKey":"不存在此veh_level","expectedKey":"veh_level"},"first_run_date":{"actualKey":"不存在此first_run_date","expectedKey":"first_run_date"},"first_charge_date":{"actualKey":"不存在此first_charge_date","expectedKey":"first_charge_date"},"error":{"actualValue":null,"expectedValue":{"vin":"LNBSCC3H5HF323314","brand":"北京牌","manufacturer":"北京汽车股份有限公司","power_type":"纯电动","license_plate":"沪AD88753","veh_model_name":"BJ7000C5E2-BEV","veh_common_name":"EU260","curb_weight":1613,"max_speed":100,"drive_range":252,"positive_material":"层状三元材料","cell_manufacturer":"宁德时代新能源科技股份有限公司","kwh_100km":null,"is_online":1,"first_live_date":"2020-03-22","run_city":"上海市","run_province":"上海市","veh_category_2":"网约车","unit_name":"上海强生出租汽车有限公司","veh_level":"A","first_run_date":"1584850157000","first_charge_date":"1584865537000"},"currentValue is ":true,"expectedValue is":false},"code":{"actualValue":null,"expectedValue":{"vin":"LNBSCC3H5HF323314","brand":"北京牌","manufacturer":"北京汽车股份有限公司","power_type":"纯电动","license_plate":"沪AD88753","veh_model_name":"BJ7000C5E2-BEV","veh_common_name":"EU260","curb_weight":1613,"max_speed":100,"drive_range":252,"positive_material":"层状三元材料","cell_manufacturer":"宁德时代新能源科技股份有限公司","kwh_100km":null,"is_online":1,"first_live_date":"2020-03-22","run_city":"上海市","run_province":"上海市","veh_category_2":"网约车","unit_name":"上海强生出租汽车有限公司","veh_level":"A","first_run_date":"1584850157000","first_charge_date":"1584865537000"},"currentValue is ":"40000","expectedValue is":false,"expectedValue is ":"10000"}}]
at org.testng.Assert.fail(Assert.java:96)
at org.testng.Assert.failNotEquals(Assert.java:776)
at org.testng.Assert.assertEqualsImpl(Assert.java:137)
at org.testng.Assert.assertEquals(Assert.java:118)
at org.testng.Assert.assertEquals(Assert.java:453)
at org.testng.Assert.assertEquals(Assert.java:463)
at com.bitnei.apitest.testcases.saas.ApiTest.ApiTestCode(ApiTest.java:102)
at sun.reflect.GeneratedMethodAccessor2.invoke(Unknown Source)
at sun.reflect.DelegatingMethodAccessorImpl.invoke(DelegatingMethodAccessorImpl.java:43)
at java.lang.reflect.Method.invoke(Method.java:498)
at org.testng.internal.MethodInvocationHelper.invokeMethod(MethodInvocationHelper.java:124)
at org.testng.internal.Invoker.invokeMethod(Invoker.java:580)
at org.testng.internal.Invoker.invokeTestMethod(Invoker.java:716)
at org.testng.internal.Invoker.invokeTestMethods(Invoker.java:988)
at org.testng.internal.TestMethodWorker.invokeTestMethods(TestMethodWorker.java:125)
at org.testng.internal.TestMethodWorker.run(TestMethodWorker.java:109)
at org.testng.TestRunner.privateRun(TestRunner.java:648)
at org.testng.TestRunner.run(TestRunner.java:505)
at org.testng.SuiteRunner.runTest(SuiteRunner.java:455)
at org.testng.SuiteRunner.runSequentially(SuiteRunner.java:450)
at org.testng.SuiteRunner.privateRun(SuiteRunner.java:415)
at org.testng.SuiteRunner.run(SuiteRunner.java:364)
at org.testng.SuiteRunnerWorker.runSuite(SuiteRunnerWorker.java:52)
at org.testng.SuiteRunnerWorker.run(SuiteRunnerWorker.java:84)
at org.testng.TestNG.runSuitesSequentially(TestNG.java:1208)
at org.testng.TestNG.runSuitesLocally(TestNG.java:1137)
at org.testng.TestNG.runSuites(TestNG.java:1049)
at org.testng.TestNG.run(TestNG.java:1017)
at org.testng.remote.AbstractRemoteTestNG.run(AbstractRemoteTestNG.java:114)
at org.testng.remote.RemoteTestNG.initAndRun(RemoteTestNG.java:251)
at org.testng.remote.RemoteTestNG.main(RemoteTestNG.java:77)
]]>
    </failure>
  </testcase> <!-- ApiTestCode -->
  <testcase name="ApiTestCode" time="0.029" classname="com.bitnei.apitest.testcases.saas.ApiTest"/>
  <testcase name="ApiTestCode" time="0.027" classname="com.bitnei.apitest.testcases.saas.ApiTest">
    <failure type="java.lang.AssertionError" message="expected [{}] but found [{&quot;data&quot;:{&quot;actualValue&quot;:null,&quot;expectedValue&quot;:{&quot;change&quot;:false,&quot;lastPackCode&quot;:&quot;010B200WQJ815AB520&quot;,&quot;latestPackCode&quot;:&quot;010B200WQJ815AB520&quot;}},&quot;change&quot;:{&quot;actualKey&quot;:&quot;不存在此change&quot;,&quot;expectedKey&quot;:&quot;change&quot;},&quot;lastPackCode&quot;:{&quot;actualKey&quot;:&quot;不存在此lastPackCode&quot;,&quot;expectedKey&quot;:&quot;lastPackCode&quot;},&quot;latestPackCode&quot;:{&quot;actualKey&quot;:&quot;不存在此latestPackCode&quot;,&quot;expectedKey&quot;:&quot;latestPackCode&quot;},&quot;error&quot;:{&quot;actualValue&quot;:null,&quot;expectedValue&quot;:{&quot;change&quot;:false,&quot;lastPackCode&quot;:&quot;010B200WQJ815AB520&quot;,&quot;latestPackCode&quot;:&quot;010B200WQJ815AB520&quot;},&quot;currentValue is &quot;:true,&quot;expectedValue is&quot;:false},&quot;code&quot;:{&quot;actualValue&quot;:null,&quot;expectedValue&quot;:{&quot;change&quot;:false,&quot;lastPackCode&quot;:&quot;010B200WQJ815AB520&quot;,&quot;latestPackCode&quot;:&quot;010B200WQJ815AB520&quot;},&quot;currentValue is &quot;:&quot;40000&quot;,&quot;expectedValue is&quot;:false,&quot;expectedValue is &quot;:&quot;10000&quot;}}]">
      <![CDATA[java.lang.AssertionError: expected [{}] but found [{"data":{"actualValue":null,"expectedValue":{"change":false,"lastPackCode":"010B200WQJ815AB520","latestPackCode":"010B200WQJ815AB520"}},"change":{"actualKey":"不存在此change","expectedKey":"change"},"lastPackCode":{"actualKey":"不存在此lastPackCode","expectedKey":"lastPackCode"},"latestPackCode":{"actualKey":"不存在此latestPackCode","expectedKey":"latestPackCode"},"error":{"actualValue":null,"expectedValue":{"change":false,"lastPackCode":"010B200WQJ815AB520","latestPackCode":"010B200WQJ815AB520"},"currentValue is ":true,"expectedValue is":false},"code":{"actualValue":null,"expectedValue":{"change":false,"lastPackCode":"010B200WQJ815AB520","latestPackCode":"010B200WQJ815AB520"},"currentValue is ":"40000","expectedValue is":false,"expectedValue is ":"10000"}}]
at org.testng.Assert.fail(Assert.java:96)
at org.testng.Assert.failNotEquals(Assert.java:776)
at org.testng.Assert.assertEqualsImpl(Assert.java:137)
at org.testng.Assert.assertEquals(Assert.java:118)
at org.testng.Assert.assertEquals(Assert.java:453)
at org.testng.Assert.assertEquals(Assert.java:463)
at com.bitnei.apitest.testcases.saas.ApiTest.ApiTestCode(ApiTest.java:102)
at sun.reflect.GeneratedMethodAccessor2.invoke(Unknown Source)
at sun.reflect.DelegatingMethodAccessorImpl.invoke(DelegatingMethodAccessorImpl.java:43)
at java.lang.reflect.Method.invoke(Method.java:498)
at org.testng.internal.MethodInvocationHelper.invokeMethod(MethodInvocationHelper.java:124)
at org.testng.internal.Invoker.invokeMethod(Invoker.java:580)
at org.testng.internal.Invoker.invokeTestMethod(Invoker.java:716)
at org.testng.internal.Invoker.invokeTestMethods(Invoker.java:988)
at org.testng.internal.TestMethodWorker.invokeTestMethods(TestMethodWorker.java:125)
at org.testng.internal.TestMethodWorker.run(TestMethodWorker.java:109)
at org.testng.TestRunner.privateRun(TestRunner.java:648)
at org.testng.TestRunner.run(TestRunner.java:505)
at org.testng.SuiteRunner.runTest(SuiteRunner.java:455)
at org.testng.SuiteRunner.runSequentially(SuiteRunner.java:450)
at org.testng.SuiteRunner.privateRun(SuiteRunner.java:415)
at org.testng.SuiteRunner.run(SuiteRunner.java:364)
at org.testng.SuiteRunnerWorker.runSuite(SuiteRunnerWorker.java:52)
at org.testng.SuiteRunnerWorker.run(SuiteRunnerWorker.java:84)
at org.testng.TestNG.runSuitesSequentially(TestNG.java:1208)
at org.testng.TestNG.runSuitesLocally(TestNG.java:1137)
at org.testng.TestNG.runSuites(TestNG.java:1049)
at org.testng.TestNG.run(TestNG.java:1017)
at org.testng.remote.AbstractRemoteTestNG.run(AbstractRemoteTestNG.java:114)
at org.testng.remote.RemoteTestNG.initAndRun(RemoteTestNG.java:251)
at org.testng.remote.RemoteTestNG.main(RemoteTestNG.java:77)
]]>
    </failure>
  </testcase> <!-- ApiTestCode -->
  <testcase name="ApiTestCode" time="0.058" classname="com.bitnei.apitest.testcases.saas.ApiTest"/>
  <testcase name="ApiTestCode" time="0.042" classname="com.bitnei.apitest.testcases.saas.ApiTest"/>
  <testcase name="ApiTestCode" time="0.030" classname="com.bitnei.apitest.testcases.saas.ApiTest">
    <failure type="java.lang.AssertionError" message="expected [{}] but found [{&quot;status&quot;:{&quot;currentValue is &quot;:200,&quot;expectedValue is&quot;:400},&quot;errorMsg&quot;:{&quot;currentValue is &quot;:&quot;Forwarding error&quot;,&quot;expectedValue is&quot;:400,&quot;expectedValue is &quot;:&quot;参数month未传&quot;},&quot;code&quot;:{&quot;currentValue is &quot;:&quot;40000&quot;,&quot;expectedValue is&quot;:400,&quot;expectedValue is &quot;:&quot;30001&quot;}}]">
      <![CDATA[java.lang.AssertionError: expected [{}] but found [{"status":{"currentValue is ":200,"expectedValue is":400},"errorMsg":{"currentValue is ":"Forwarding error","expectedValue is":400,"expectedValue is ":"参数month未传"},"code":{"currentValue is ":"40000","expectedValue is":400,"expectedValue is ":"30001"}}]
at org.testng.Assert.fail(Assert.java:96)
at org.testng.Assert.failNotEquals(Assert.java:776)
at org.testng.Assert.assertEqualsImpl(Assert.java:137)
at org.testng.Assert.assertEquals(Assert.java:118)
at org.testng.Assert.assertEquals(Assert.java:453)
at org.testng.Assert.assertEquals(Assert.java:463)
at com.bitnei.apitest.testcases.saas.ApiTest.ApiTestCode(ApiTest.java:102)
at sun.reflect.GeneratedMethodAccessor2.invoke(Unknown Source)
at sun.reflect.DelegatingMethodAccessorImpl.invoke(DelegatingMethodAccessorImpl.java:43)
at java.lang.reflect.Method.invoke(Method.java:498)
at org.testng.internal.MethodInvocationHelper.invokeMethod(MethodInvocationHelper.java:124)
at org.testng.internal.Invoker.invokeMethod(Invoker.java:580)
at org.testng.internal.Invoker.invokeTestMethod(Invoker.java:716)
at org.testng.internal.Invoker.invokeTestMethods(Invoker.java:988)
at org.testng.internal.TestMethodWorker.invokeTestMethods(TestMethodWorker.java:125)
at org.testng.internal.TestMethodWorker.run(TestMethodWorker.java:109)
at org.testng.TestRunner.privateRun(TestRunner.java:648)
at org.testng.TestRunner.run(TestRunner.java:505)
at org.testng.SuiteRunner.runTest(SuiteRunner.java:455)
at org.testng.SuiteRunner.runSequentially(SuiteRunner.java:450)
at org.testng.SuiteRunner.privateRun(SuiteRunner.java:415)
at org.testng.SuiteRunner.run(SuiteRunner.java:364)
at org.testng.SuiteRunnerWorker.runSuite(SuiteRunnerWorker.java:52)
at org.testng.SuiteRunnerWorker.run(SuiteRunnerWorker.java:84)
at org.testng.TestNG.runSuitesSequentially(TestNG.java:1208)
at org.testng.TestNG.runSuitesLocally(TestNG.java:1137)
at org.testng.TestNG.runSuites(TestNG.java:1049)
at org.testng.TestNG.run(TestNG.java:1017)
at org.testng.remote.AbstractRemoteTestNG.run(AbstractRemoteTestNG.java:114)
at org.testng.remote.RemoteTestNG.initAndRun(RemoteTestNG.java:251)
at org.testng.remote.RemoteTestNG.main(RemoteTestNG.java:77)
]]>
    </failure>
  </testcase> <!-- ApiTestCode -->
  <testcase name="ApiTestCode" time="0.029" classname="com.bitnei.apitest.testcases.saas.ApiTest">
    <failure type="java.lang.AssertionError" message="expected [{}] but found [{&quot;data&quot;:{&quot;actualValue&quot;:null,&quot;expectedValue&quot;:[{&quot;vin&quot;:&quot;LDP31B96XKG759921&quot;,&quot;rtime&quot;:&quot;20201201040936&quot;,&quot;tempDiffAbsVar&quot;:3,&quot;conditionEndMileage&quot;:240050,&quot;pmonth&quot;:&quot;2020-12&quot;},{&quot;vin&quot;:&quot;LDP31B96XKG759921&quot;,&quot;rtime&quot;:&quot;20201201233752&quot;,&quot;tempDiffAbsVar&quot;:0,&quot;conditionEndMileage&quot;:242050,&quot;pmonth&quot;:&quot;2020-12&quot;},{&quot;vin&quot;:&quot;LDP31B96XKG759921&quot;,&quot;rtime&quot;:&quot;20201207160344&quot;,&quot;tempDiffAbsVar&quot;:3,&quot;conditionEndMileage&quot;:260080,&quot;pmonth&quot;:&quot;2020-12&quot;},{&quot;vin&quot;:&quot;LDP31B96XKG759921&quot;,&quot;rtime&quot;:&quot;20201224050214&quot;,&quot;tempDiffAbsVar&quot;:0,&quot;conditionEndMileage&quot;:296380,&quot;pmonth&quot;:&quot;2020-12&quot;},{&quot;vin&quot;:&quot;LDP31B96XKG759921&quot;,&quot;rtime&quot;:&quot;20201231142614&quot;,&quot;tempDiffAbsVar&quot;:0,&quot;conditionEndMileage&quot;:317570,&quot;pmonth&quot;:&quot;2020-12&quot;}]},&quot;Length&quot;:{&quot;actualLenth&quot;:1,&quot;expectLenth&quot;:5},&quot;vin&quot;:{&quot;actualKey&quot;:&quot;不存在此vin&quot;,&quot;expectedKey&quot;:&quot;vin&quot;},&quot;rtime&quot;:{&quot;actualKey&quot;:&quot;不存在此rtime&quot;,&quot;expectedKey&quot;:&quot;rtime&quot;},&quot;tempDiffAbsVar&quot;:{&quot;actualKey&quot;:&quot;不存在此tempDiffAbsVar&quot;,&quot;expectedKey&quot;:&quot;tempDiffAbsVar&quot;},&quot;conditionEndMileage&quot;:{&quot;actualKey&quot;:&quot;不存在此conditionEndMileage&quot;,&quot;expectedKey&quot;:&quot;conditionEndMileage&quot;},&quot;pmonth&quot;:{&quot;actualKey&quot;:&quot;不存在此pmonth&quot;,&quot;expectedKey&quot;:&quot;pmonth&quot;},&quot;error&quot;:{&quot;actualValue&quot;:null,&quot;expectedValue&quot;:[{&quot;vin&quot;:&quot;LDP31B96XKG759921&quot;,&quot;rtime&quot;:&quot;20201201040936&quot;,&quot;tempDiffAbsVar&quot;:3,&quot;conditionEndMileage&quot;:240050,&quot;pmonth&quot;:&quot;2020-12&quot;},{&quot;vin&quot;:&quot;LDP31B96XKG759921&quot;,&quot;rtime&quot;:&quot;20201201233752&quot;,&quot;tempDiffAbsVar&quot;:0,&quot;conditionEndMileage&quot;:242050,&quot;pmonth&quot;:&quot;2020-12&quot;},{&quot;vin&quot;:&quot;LDP31B96XKG759921&quot;,&quot;rtime&quot;:&quot;20201207160344&quot;,&quot;tempDiffAbsVar&quot;:3,&quot;conditionEndMileage&quot;:260080,&quot;pmonth&quot;:&quot;2020-12&quot;},{&quot;vin&quot;:&quot;LDP31B96XKG759921&quot;,&quot;rtime&quot;:&quot;20201224050214&quot;,&quot;tempDiffAbsVar&quot;:0,&quot;conditionEndMileage&quot;:296380,&quot;pmonth&quot;:&quot;2020-12&quot;},{&quot;vin&quot;:&quot;LDP31B96XKG759921&quot;,&quot;rtime&quot;:&quot;20201231142614&quot;,&quot;tempDiffAbsVar&quot;:0,&quot;conditionEndMileage&quot;:317570,&quot;pmonth&quot;:&quot;2020-12&quot;}],&quot;currentValue is &quot;:true,&quot;expectedValue is&quot;:false},&quot;code&quot;:{&quot;actualValue&quot;:null,&quot;expectedValue&quot;:[{&quot;vin&quot;:&quot;LDP31B96XKG759921&quot;,&quot;rtime&quot;:&quot;20201201040936&quot;,&quot;tempDiffAbsVar&quot;:3,&quot;conditionEndMileage&quot;:240050,&quot;pmonth&quot;:&quot;2020-12&quot;},{&quot;vin&quot;:&quot;LDP31B96XKG759921&quot;,&quot;rtime&quot;:&quot;20201201233752&quot;,&quot;tempDiffAbsVar&quot;:0,&quot;conditionEndMileage&quot;:242050,&quot;pmonth&quot;:&quot;2020-12&quot;},{&quot;vin&quot;:&quot;LDP31B96XKG759921&quot;,&quot;rtime&quot;:&quot;20201207160344&quot;,&quot;tempDiffAbsVar&quot;:3,&quot;conditionEndMileage&quot;:260080,&quot;pmonth&quot;:&quot;2020-12&quot;},{&quot;vin&quot;:&quot;LDP31B96XKG759921&quot;,&quot;rtime&quot;:&quot;20201224050214&quot;,&quot;tempDiffAbsVar&quot;:0,&quot;conditionEndMileage&quot;:296380,&quot;pmonth&quot;:&quot;2020-12&quot;},{&quot;vin&quot;:&quot;LDP31B96XKG759921&quot;,&quot;rtime&quot;:&quot;20201231142614&quot;,&quot;tempDiffAbsVar&quot;:0,&quot;conditionEndMileage&quot;:317570,&quot;pmonth&quot;:&quot;2020-12&quot;}],&quot;currentValue is &quot;:&quot;40000&quot;,&quot;expectedValue is&quot;:false,&quot;expectedValue is &quot;:&quot;10000&quot;}}]">
      <![CDATA[java.lang.AssertionError: expected [{}] but found [{"data":{"actualValue":null,"expectedValue":[{"vin":"LDP31B96XKG759921","rtime":"20201201040936","tempDiffAbsVar":3,"conditionEndMileage":240050,"pmonth":"2020-12"},{"vin":"LDP31B96XKG759921","rtime":"20201201233752","tempDiffAbsVar":0,"conditionEndMileage":242050,"pmonth":"2020-12"},{"vin":"LDP31B96XKG759921","rtime":"20201207160344","tempDiffAbsVar":3,"conditionEndMileage":260080,"pmonth":"2020-12"},{"vin":"LDP31B96XKG759921","rtime":"20201224050214","tempDiffAbsVar":0,"conditionEndMileage":296380,"pmonth":"2020-12"},{"vin":"LDP31B96XKG759921","rtime":"20201231142614","tempDiffAbsVar":0,"conditionEndMileage":317570,"pmonth":"2020-12"}]},"Length":{"actualLenth":1,"expectLenth":5},"vin":{"actualKey":"不存在此vin","expectedKey":"vin"},"rtime":{"actualKey":"不存在此rtime","expectedKey":"rtime"},"tempDiffAbsVar":{"actualKey":"不存在此tempDiffAbsVar","expectedKey":"tempDiffAbsVar"},"conditionEndMileage":{"actualKey":"不存在此conditionEndMileage","expectedKey":"conditionEndMileage"},"pmonth":{"actualKey":"不存在此pmonth","expectedKey":"pmonth"},"error":{"actualValue":null,"expectedValue":[{"vin":"LDP31B96XKG759921","rtime":"20201201040936","tempDiffAbsVar":3,"conditionEndMileage":240050,"pmonth":"2020-12"},{"vin":"LDP31B96XKG759921","rtime":"20201201233752","tempDiffAbsVar":0,"conditionEndMileage":242050,"pmonth":"2020-12"},{"vin":"LDP31B96XKG759921","rtime":"20201207160344","tempDiffAbsVar":3,"conditionEndMileage":260080,"pmonth":"2020-12"},{"vin":"LDP31B96XKG759921","rtime":"20201224050214","tempDiffAbsVar":0,"conditionEndMileage":296380,"pmonth":"2020-12"},{"vin":"LDP31B96XKG759921","rtime":"20201231142614","tempDiffAbsVar":0,"conditionEndMileage":317570,"pmonth":"2020-12"}],"currentValue is ":true,"expectedValue is":false},"code":{"actualValue":null,"expectedValue":[{"vin":"LDP31B96XKG759921","rtime":"20201201040936","tempDiffAbsVar":3,"conditionEndMileage":240050,"pmonth":"2020-12"},{"vin":"LDP31B96XKG759921","rtime":"20201201233752","tempDiffAbsVar":0,"conditionEndMileage":242050,"pmonth":"2020-12"},{"vin":"LDP31B96XKG759921","rtime":"20201207160344","tempDiffAbsVar":3,"conditionEndMileage":260080,"pmonth":"2020-12"},{"vin":"LDP31B96XKG759921","rtime":"20201224050214","tempDiffAbsVar":0,"conditionEndMileage":296380,"pmonth":"2020-12"},{"vin":"LDP31B96XKG759921","rtime":"20201231142614","tempDiffAbsVar":0,"conditionEndMileage":317570,"pmonth":"2020-12"}],"currentValue is ":"40000","expectedValue is":false,"expectedValue is ":"10000"}}]
at org.testng.Assert.fail(Assert.java:96)
at org.testng.Assert.failNotEquals(Assert.java:776)
at org.testng.Assert.assertEqualsImpl(Assert.java:137)
at org.testng.Assert.assertEquals(Assert.java:118)
at org.testng.Assert.assertEquals(Assert.java:453)
at org.testng.Assert.assertEquals(Assert.java:463)
at com.bitnei.apitest.testcases.saas.ApiTest.ApiTestCode(ApiTest.java:102)
at sun.reflect.GeneratedMethodAccessor2.invoke(Unknown Source)
at sun.reflect.DelegatingMethodAccessorImpl.invoke(DelegatingMethodAccessorImpl.java:43)
at java.lang.reflect.Method.invoke(Method.java:498)
at org.testng.internal.MethodInvocationHelper.invokeMethod(MethodInvocationHelper.java:124)
at org.testng.internal.Invoker.invokeMethod(Invoker.java:580)
at org.testng.internal.Invoker.invokeTestMethod(Invoker.java:716)
at org.testng.internal.Invoker.invokeTestMethods(Invoker.java:988)
at org.testng.internal.TestMethodWorker.invokeTestMethods(TestMethodWorker.java:125)
at org.testng.internal.TestMethodWorker.run(TestMethodWorker.java:109)
at org.testng.TestRunner.privateRun(TestRunner.java:648)
at org.testng.TestRunner.run(TestRunner.java:505)
at org.testng.SuiteRunner.runTest(SuiteRunner.java:455)
at org.testng.SuiteRunner.runSequentially(SuiteRunner.java:450)
at org.testng.SuiteRunner.privateRun(SuiteRunner.java:415)
at org.testng.SuiteRunner.run(SuiteRunner.java:364)
at org.testng.SuiteRunnerWorker.runSuite(SuiteRunnerWorker.java:52)
at org.testng.SuiteRunnerWorker.run(SuiteRunnerWorker.java:84)
at org.testng.TestNG.runSuitesSequentially(TestNG.java:1208)
at org.testng.TestNG.runSuitesLocally(TestNG.java:1137)
at org.testng.TestNG.runSuites(TestNG.java:1049)
at org.testng.TestNG.run(TestNG.java:1017)
at org.testng.remote.AbstractRemoteTestNG.run(AbstractRemoteTestNG.java:114)
at org.testng.remote.RemoteTestNG.initAndRun(RemoteTestNG.java:251)
at org.testng.remote.RemoteTestNG.main(RemoteTestNG.java:77)
]]>
    </failure>
  </testcase> <!-- ApiTestCode -->
  <testcase name="ApiTestCode" time="0.065" classname="com.bitnei.apitest.testcases.saas.ApiTest">
    <failure type="java.lang.AssertionError" message="expected [{}] but found [{&quot;data&quot;:{&quot;actualValue&quot;:null,&quot;expectedValue&quot;:{&quot;area&quot;:&quot;中山市&quot;,&quot;brand&quot;:&quot;上佳&quot;,&quot;bsie&quot;:100.7,&quot;bulletinNO&quot;:&quot;HA6805BEVB1&quot;,&quot;joinTime&quot;:&quot;2019-07-08&quot;,&quot;leaveTime&quot;:&quot;2020-02-06 08:24:49&quot;,&quot;platform&quot;:&quot;中山市公共交通运输集团有限公司&quot;,&quot;series&quot;:&quot;未知&quot;,&quot;seurityMonitor&quot;:true,&quot;type&quot;:&quot;HA6805BEVB1&quot;,&quot;use&quot;:&quot;01&quot;,&quot;vin&quot;:&quot;ba6eb1233fbf4110628c3722c56d7ca3&quot;}},&quot;area&quot;:{&quot;actualKey&quot;:&quot;不存在此area&quot;,&quot;expectedKey&quot;:&quot;area&quot;},&quot;brand&quot;:{&quot;actualKey&quot;:&quot;不存在此brand&quot;,&quot;expectedKey&quot;:&quot;brand&quot;},&quot;bsie&quot;:{&quot;actualKey&quot;:&quot;不存在此bsie&quot;,&quot;expectedKey&quot;:&quot;bsie&quot;},&quot;bulletinNO&quot;:{&quot;actualKey&quot;:&quot;不存在此bulletinNO&quot;,&quot;expectedKey&quot;:&quot;bulletinNO&quot;},&quot;joinTime&quot;:{&quot;actualKey&quot;:&quot;不存在此joinTime&quot;,&quot;expectedKey&quot;:&quot;joinTime&quot;},&quot;leaveTime&quot;:{&quot;actualKey&quot;:&quot;不存在此leaveTime&quot;,&quot;expectedKey&quot;:&quot;leaveTime&quot;},&quot;platform&quot;:{&quot;actualKey&quot;:&quot;不存在此platform&quot;,&quot;expectedKey&quot;:&quot;platform&quot;},&quot;series&quot;:{&quot;actualKey&quot;:&quot;不存在此series&quot;,&quot;expectedKey&quot;:&quot;series&quot;},&quot;seurityMonitor&quot;:{&quot;actualKey&quot;:&quot;不存在此seurityMonitor&quot;,&quot;expectedKey&quot;:&quot;seurityMonitor&quot;},&quot;type&quot;:{&quot;actualKey&quot;:&quot;不存在此type&quot;,&quot;expectedKey&quot;:&quot;type&quot;},&quot;use&quot;:{&quot;actualKey&quot;:&quot;不存在此use&quot;,&quot;expectedKey&quot;:&quot;use&quot;},&quot;vin&quot;:{&quot;actualKey&quot;:&quot;不存在此vin&quot;,&quot;expectedKey&quot;:&quot;vin&quot;},&quot;error&quot;:{&quot;actualValue&quot;:null,&quot;expectedValue&quot;:{&quot;area&quot;:&quot;中山市&quot;,&quot;brand&quot;:&quot;上佳&quot;,&quot;bsie&quot;:100.7,&quot;bulletinNO&quot;:&quot;HA6805BEVB1&quot;,&quot;joinTime&quot;:&quot;2019-07-08&quot;,&quot;leaveTime&quot;:&quot;2020-02-06 08:24:49&quot;,&quot;platform&quot;:&quot;中山市公共交通运输集团有限公司&quot;,&quot;series&quot;:&quot;未知&quot;,&quot;seurityMonitor&quot;:true,&quot;type&quot;:&quot;HA6805BEVB1&quot;,&quot;use&quot;:&quot;01&quot;,&quot;vin&quot;:&quot;ba6eb1233fbf4110628c3722c56d7ca3&quot;},&quot;currentValue is &quot;:true,&quot;expectedValue is&quot;:false},&quot;code&quot;:{&quot;actualValue&quot;:null,&quot;expectedValue&quot;:{&quot;area&quot;:&quot;中山市&quot;,&quot;brand&quot;:&quot;上佳&quot;,&quot;bsie&quot;:100.7,&quot;bulletinNO&quot;:&quot;HA6805BEVB1&quot;,&quot;joinTime&quot;:&quot;2019-07-08&quot;,&quot;leaveTime&quot;:&quot;2020-02-06 08:24:49&quot;,&quot;platform&quot;:&quot;中山市公共交通运输集团有限公司&quot;,&quot;series&quot;:&quot;未知&quot;,&quot;seurityMonitor&quot;:true,&quot;type&quot;:&quot;HA6805BEVB1&quot;,&quot;use&quot;:&quot;01&quot;,&quot;vin&quot;:&quot;ba6eb1233fbf4110628c3722c56d7ca3&quot;},&quot;currentValue is &quot;:&quot;40000&quot;,&quot;expectedValue is&quot;:false,&quot;expectedValue is &quot;:&quot;10000&quot;}}]">
      <![CDATA[java.lang.AssertionError: expected [{}] but found [{"data":{"actualValue":null,"expectedValue":{"area":"中山市","brand":"上佳","bsie":100.7,"bulletinNO":"HA6805BEVB1","joinTime":"2019-07-08","leaveTime":"2020-02-06 08:24:49","platform":"中山市公共交通运输集团有限公司","series":"未知","seurityMonitor":true,"type":"HA6805BEVB1","use":"01","vin":"ba6eb1233fbf4110628c3722c56d7ca3"}},"area":{"actualKey":"不存在此area","expectedKey":"area"},"brand":{"actualKey":"不存在此brand","expectedKey":"brand"},"bsie":{"actualKey":"不存在此bsie","expectedKey":"bsie"},"bulletinNO":{"actualKey":"不存在此bulletinNO","expectedKey":"bulletinNO"},"joinTime":{"actualKey":"不存在此joinTime","expectedKey":"joinTime"},"leaveTime":{"actualKey":"不存在此leaveTime","expectedKey":"leaveTime"},"platform":{"actualKey":"不存在此platform","expectedKey":"platform"},"series":{"actualKey":"不存在此series","expectedKey":"series"},"seurityMonitor":{"actualKey":"不存在此seurityMonitor","expectedKey":"seurityMonitor"},"type":{"actualKey":"不存在此type","expectedKey":"type"},"use":{"actualKey":"不存在此use","expectedKey":"use"},"vin":{"actualKey":"不存在此vin","expectedKey":"vin"},"error":{"actualValue":null,"expectedValue":{"area":"中山市","brand":"上佳","bsie":100.7,"bulletinNO":"HA6805BEVB1","joinTime":"2019-07-08","leaveTime":"2020-02-06 08:24:49","platform":"中山市公共交通运输集团有限公司","series":"未知","seurityMonitor":true,"type":"HA6805BEVB1","use":"01","vin":"ba6eb1233fbf4110628c3722c56d7ca3"},"currentValue is ":true,"expectedValue is":false},"code":{"actualValue":null,"expectedValue":{"area":"中山市","brand":"上佳","bsie":100.7,"bulletinNO":"HA6805BEVB1","joinTime":"2019-07-08","leaveTime":"2020-02-06 08:24:49","platform":"中山市公共交通运输集团有限公司","series":"未知","seurityMonitor":true,"type":"HA6805BEVB1","use":"01","vin":"ba6eb1233fbf4110628c3722c56d7ca3"},"currentValue is ":"40000","expectedValue is":false,"expectedValue is ":"10000"}}]
at org.testng.Assert.fail(Assert.java:96)
at org.testng.Assert.failNotEquals(Assert.java:776)
at org.testng.Assert.assertEqualsImpl(Assert.java:137)
at org.testng.Assert.assertEquals(Assert.java:118)
at org.testng.Assert.assertEquals(Assert.java:453)
at org.testng.Assert.assertEquals(Assert.java:463)
at com.bitnei.apitest.testcases.saas.ApiTest.ApiTestCode(ApiTest.java:102)
at sun.reflect.NativeMethodAccessorImpl.invoke0(Native Method)
at sun.reflect.NativeMethodAccessorImpl.invoke(NativeMethodAccessorImpl.java:62)
at sun.reflect.DelegatingMethodAccessorImpl.invoke(DelegatingMethodAccessorImpl.java:43)
at java.lang.reflect.Method.invoke(Method.java:498)
at org.testng.internal.MethodInvocationHelper.invokeMethod(MethodInvocationHelper.java:124)
at org.testng.internal.Invoker.invokeMethod(Invoker.java:580)
at org.testng.internal.Invoker.invokeTestMethod(Invoker.java:716)
at org.testng.internal.Invoker.invokeTestMethods(Invoker.java:988)
at org.testng.internal.TestMethodWorker.invokeTestMethods(TestMethodWorker.java:125)
at org.testng.internal.TestMethodWorker.run(TestMethodWorker.java:109)
at org.testng.TestRunner.privateRun(TestRunner.java:648)
at org.testng.TestRunner.run(TestRunner.java:505)
at org.testng.SuiteRunner.runTest(SuiteRunner.java:455)
at org.testng.SuiteRunner.runSequentially(SuiteRunner.java:450)
at org.testng.SuiteRunner.privateRun(SuiteRunner.java:415)
at org.testng.SuiteRunner.run(SuiteRunner.java:364)
at org.testng.SuiteRunnerWorker.runSuite(SuiteRunnerWorker.java:52)
at org.testng.SuiteRunnerWorker.run(SuiteRunnerWorker.java:84)
at org.testng.TestNG.runSuitesSequentially(TestNG.java:1208)
at org.testng.TestNG.runSuitesLocally(TestNG.java:1137)
at org.testng.TestNG.runSuites(TestNG.java:1049)
at org.testng.TestNG.run(TestNG.java:1017)
at org.testng.remote.AbstractRemoteTestNG.run(AbstractRemoteTestNG.java:114)
at org.testng.remote.RemoteTestNG.initAndRun(RemoteTestNG.java:251)
at org.testng.remote.RemoteTestNG.main(RemoteTestNG.java:77)
]]>
    </failure>
  </testcase> <!-- ApiTestCode -->
  <testcase name="ApiTestCode" time="0.026" classname="com.bitnei.apitest.testcases.saas.ApiTest">
    <failure type="java.lang.AssertionError" message="expected [{}] but found [{&quot;status&quot;:{&quot;currentValue is &quot;:200,&quot;expectedValue is&quot;:400},&quot;errorMsg&quot;:{&quot;currentValue is &quot;:&quot;Forwarding error&quot;,&quot;expectedValue is&quot;:400,&quot;expectedValue is &quot;:&quot;参数month未传&quot;},&quot;code&quot;:{&quot;currentValue is &quot;:&quot;40000&quot;,&quot;expectedValue is&quot;:400,&quot;expectedValue is &quot;:&quot;30001&quot;}}]">
      <![CDATA[java.lang.AssertionError: expected [{}] but found [{"status":{"currentValue is ":200,"expectedValue is":400},"errorMsg":{"currentValue is ":"Forwarding error","expectedValue is":400,"expectedValue is ":"参数month未传"},"code":{"currentValue is ":"40000","expectedValue is":400,"expectedValue is ":"30001"}}]
at org.testng.Assert.fail(Assert.java:96)
at org.testng.Assert.failNotEquals(Assert.java:776)
at org.testng.Assert.assertEqualsImpl(Assert.java:137)
at org.testng.Assert.assertEquals(Assert.java:118)
at org.testng.Assert.assertEquals(Assert.java:453)
at org.testng.Assert.assertEquals(Assert.java:463)
at com.bitnei.apitest.testcases.saas.ApiTest.ApiTestCode(ApiTest.java:102)
at sun.reflect.GeneratedMethodAccessor2.invoke(Unknown Source)
at sun.reflect.DelegatingMethodAccessorImpl.invoke(DelegatingMethodAccessorImpl.java:43)
at java.lang.reflect.Method.invoke(Method.java:498)
at org.testng.internal.MethodInvocationHelper.invokeMethod(MethodInvocationHelper.java:124)
at org.testng.internal.Invoker.invokeMethod(Invoker.java:580)
at org.testng.internal.Invoker.invokeTestMethod(Invoker.java:716)
at org.testng.internal.Invoker.invokeTestMethods(Invoker.java:988)
at org.testng.internal.TestMethodWorker.invokeTestMethods(TestMethodWorker.java:125)
at org.testng.internal.TestMethodWorker.run(TestMethodWorker.java:109)
at org.testng.TestRunner.privateRun(TestRunner.java:648)
at org.testng.TestRunner.run(TestRunner.java:505)
at org.testng.SuiteRunner.runTest(SuiteRunner.java:455)
at org.testng.SuiteRunner.runSequentially(SuiteRunner.java:450)
at org.testng.SuiteRunner.privateRun(SuiteRunner.java:415)
at org.testng.SuiteRunner.run(SuiteRunner.java:364)
at org.testng.SuiteRunnerWorker.runSuite(SuiteRunnerWorker.java:52)
at org.testng.SuiteRunnerWorker.run(SuiteRunnerWorker.java:84)
at org.testng.TestNG.runSuitesSequentially(TestNG.java:1208)
at org.testng.TestNG.runSuitesLocally(TestNG.java:1137)
at org.testng.TestNG.runSuites(TestNG.java:1049)
at org.testng.TestNG.run(TestNG.java:1017)
at org.testng.remote.AbstractRemoteTestNG.run(AbstractRemoteTestNG.java:114)
at org.testng.remote.RemoteTestNG.initAndRun(RemoteTestNG.java:251)
at org.testng.remote.RemoteTestNG.main(RemoteTestNG.java:77)
]]>
    </failure>
  </testcase> <!-- ApiTestCode -->
  <testcase name="ApiTestCode" time="0.025" classname="com.bitnei.apitest.testcases.saas.ApiTest">
    <failure type="java.lang.AssertionError" message="expected [{}] but found [{&quot;data&quot;:{&quot;actualValue&quot;:null,&quot;expectedValue&quot;:{&quot;assessmentTime&quot;:&quot;2020-12-03&quot;,&quot;internalResistanceScore&quot;:100,&quot;volumeScore&quot;:95.09,&quot;selfDischargeRateScore&quot;:100,&quot;voltConsistenceScore&quot;:79.5,&quot;temperatureConsistenceScore&quot;:100,&quot;synthesizeScore&quot;:93.65,&quot;lastReportTime&quot;:&quot;2020-07-09 11:20:11&quot;}},&quot;assessmentTime&quot;:{&quot;actualKey&quot;:&quot;不存在此assessmentTime&quot;,&quot;expectedKey&quot;:&quot;assessmentTime&quot;},&quot;internalResistanceScore&quot;:{&quot;actualKey&quot;:&quot;不存在此internalResistanceScore&quot;,&quot;expectedKey&quot;:&quot;internalResistanceScore&quot;},&quot;volumeScore&quot;:{&quot;actualKey&quot;:&quot;不存在此volumeScore&quot;,&quot;expectedKey&quot;:&quot;volumeScore&quot;},&quot;selfDischargeRateScore&quot;:{&quot;actualKey&quot;:&quot;不存在此selfDischargeRateScore&quot;,&quot;expectedKey&quot;:&quot;selfDischargeRateScore&quot;},&quot;voltConsistenceScore&quot;:{&quot;actualKey&quot;:&quot;不存在此voltConsistenceScore&quot;,&quot;expectedKey&quot;:&quot;voltConsistenceScore&quot;},&quot;temperatureConsistenceScore&quot;:{&quot;actualKey&quot;:&quot;不存在此temperatureConsistenceScore&quot;,&quot;expectedKey&quot;:&quot;temperatureConsistenceScore&quot;},&quot;synthesizeScore&quot;:{&quot;actualKey&quot;:&quot;不存在此synthesizeScore&quot;,&quot;expectedKey&quot;:&quot;synthesizeScore&quot;},&quot;lastReportTime&quot;:{&quot;actualKey&quot;:&quot;不存在此lastReportTime&quot;,&quot;expectedKey&quot;:&quot;lastReportTime&quot;},&quot;error&quot;:{&quot;actualValue&quot;:null,&quot;expectedValue&quot;:{&quot;assessmentTime&quot;:&quot;2020-12-03&quot;,&quot;internalResistanceScore&quot;:100,&quot;volumeScore&quot;:95.09,&quot;selfDischargeRateScore&quot;:100,&quot;voltConsistenceScore&quot;:79.5,&quot;temperatureConsistenceScore&quot;:100,&quot;synthesizeScore&quot;:93.65,&quot;lastReportTime&quot;:&quot;2020-07-09 11:20:11&quot;},&quot;currentValue is &quot;:true,&quot;expectedValue is&quot;:false},&quot;code&quot;:{&quot;actualValue&quot;:null,&quot;expectedValue&quot;:{&quot;assessmentTime&quot;:&quot;2020-12-03&quot;,&quot;internalResistanceScore&quot;:100,&quot;volumeScore&quot;:95.09,&quot;selfDischargeRateScore&quot;:100,&quot;voltConsistenceScore&quot;:79.5,&quot;temperatureConsistenceScore&quot;:100,&quot;synthesizeScore&quot;:93.65,&quot;lastReportTime&quot;:&quot;2020-07-09 11:20:11&quot;},&quot;currentValue is &quot;:&quot;40000&quot;,&quot;expectedValue is&quot;:false,&quot;expectedValue is &quot;:&quot;10000&quot;}}]">
      <![CDATA[java.lang.AssertionError: expected [{}] but found [{"data":{"actualValue":null,"expectedValue":{"assessmentTime":"2020-12-03","internalResistanceScore":100,"volumeScore":95.09,"selfDischargeRateScore":100,"voltConsistenceScore":79.5,"temperatureConsistenceScore":100,"synthesizeScore":93.65,"lastReportTime":"2020-07-09 11:20:11"}},"assessmentTime":{"actualKey":"不存在此assessmentTime","expectedKey":"assessmentTime"},"internalResistanceScore":{"actualKey":"不存在此internalResistanceScore","expectedKey":"internalResistanceScore"},"volumeScore":{"actualKey":"不存在此volumeScore","expectedKey":"volumeScore"},"selfDischargeRateScore":{"actualKey":"不存在此selfDischargeRateScore","expectedKey":"selfDischargeRateScore"},"voltConsistenceScore":{"actualKey":"不存在此voltConsistenceScore","expectedKey":"voltConsistenceScore"},"temperatureConsistenceScore":{"actualKey":"不存在此temperatureConsistenceScore","expectedKey":"temperatureConsistenceScore"},"synthesizeScore":{"actualKey":"不存在此synthesizeScore","expectedKey":"synthesizeScore"},"lastReportTime":{"actualKey":"不存在此lastReportTime","expectedKey":"lastReportTime"},"error":{"actualValue":null,"expectedValue":{"assessmentTime":"2020-12-03","internalResistanceScore":100,"volumeScore":95.09,"selfDischargeRateScore":100,"voltConsistenceScore":79.5,"temperatureConsistenceScore":100,"synthesizeScore":93.65,"lastReportTime":"2020-07-09 11:20:11"},"currentValue is ":true,"expectedValue is":false},"code":{"actualValue":null,"expectedValue":{"assessmentTime":"2020-12-03","internalResistanceScore":100,"volumeScore":95.09,"selfDischargeRateScore":100,"voltConsistenceScore":79.5,"temperatureConsistenceScore":100,"synthesizeScore":93.65,"lastReportTime":"2020-07-09 11:20:11"},"currentValue is ":"40000","expectedValue is":false,"expectedValue is ":"10000"}}]
at org.testng.Assert.fail(Assert.java:96)
at org.testng.Assert.failNotEquals(Assert.java:776)
at org.testng.Assert.assertEqualsImpl(Assert.java:137)
at org.testng.Assert.assertEquals(Assert.java:118)
at org.testng.Assert.assertEquals(Assert.java:453)
at org.testng.Assert.assertEquals(Assert.java:463)
at com.bitnei.apitest.testcases.saas.ApiTest.ApiTestCode(ApiTest.java:102)
at sun.reflect.GeneratedMethodAccessor2.invoke(Unknown Source)
at sun.reflect.DelegatingMethodAccessorImpl.invoke(DelegatingMethodAccessorImpl.java:43)
at java.lang.reflect.Method.invoke(Method.java:498)
at org.testng.internal.MethodInvocationHelper.invokeMethod(MethodInvocationHelper.java:124)
at org.testng.internal.Invoker.invokeMethod(Invoker.java:580)
at org.testng.internal.Invoker.invokeTestMethod(Invoker.java:716)
at org.testng.internal.Invoker.invokeTestMethods(Invoker.java:988)
at org.testng.internal.TestMethodWorker.invokeTestMethods(TestMethodWorker.java:125)
at org.testng.internal.TestMethodWorker.run(TestMethodWorker.java:109)
at org.testng.TestRunner.privateRun(TestRunner.java:648)
at org.testng.TestRunner.run(TestRunner.java:505)
at org.testng.SuiteRunner.runTest(SuiteRunner.java:455)
at org.testng.SuiteRunner.runSequentially(SuiteRunner.java:450)
at org.testng.SuiteRunner.privateRun(SuiteRunner.java:415)
at org.testng.SuiteRunner.run(SuiteRunner.java:364)
at org.testng.SuiteRunnerWorker.runSuite(SuiteRunnerWorker.java:52)
at org.testng.SuiteRunnerWorker.run(SuiteRunnerWorker.java:84)
at org.testng.TestNG.runSuitesSequentially(TestNG.java:1208)
at org.testng.TestNG.runSuitesLocally(TestNG.java:1137)
at org.testng.TestNG.runSuites(TestNG.java:1049)
at org.testng.TestNG.run(TestNG.java:1017)
at org.testng.remote.AbstractRemoteTestNG.run(AbstractRemoteTestNG.java:114)
at org.testng.remote.RemoteTestNG.initAndRun(RemoteTestNG.java:251)
at org.testng.remote.RemoteTestNG.main(RemoteTestNG.java:77)
]]>
    </failure>
  </testcase> <!-- ApiTestCode -->
  <testcase name="ApiTestCode" time="0.027" classname="com.bitnei.apitest.testcases.saas.ApiTest">
    <failure type="java.lang.AssertionError" message="expected [{}] but found [{&quot;error&quot;:{&quot;currentValue is &quot;:true,&quot;expectedValue is&quot;:false},&quot;code&quot;:{&quot;currentValue is &quot;:&quot;40000&quot;,&quot;expectedValue is&quot;:false,&quot;expectedValue is &quot;:&quot;35000&quot;}}]">
      <![CDATA[java.lang.AssertionError: expected [{}] but found [{"error":{"currentValue is ":true,"expectedValue is":false},"code":{"currentValue is ":"40000","expectedValue is":false,"expectedValue is ":"35000"}}]
at org.testng.Assert.fail(Assert.java:96)
at org.testng.Assert.failNotEquals(Assert.java:776)
at org.testng.Assert.assertEqualsImpl(Assert.java:137)
at org.testng.Assert.assertEquals(Assert.java:118)
at org.testng.Assert.assertEquals(Assert.java:453)
at org.testng.Assert.assertEquals(Assert.java:463)
at com.bitnei.apitest.testcases.saas.ApiTest.ApiTestCode(ApiTest.java:102)
at sun.reflect.GeneratedMethodAccessor2.invoke(Unknown Source)
at sun.reflect.DelegatingMethodAccessorImpl.invoke(DelegatingMethodAccessorImpl.java:43)
at java.lang.reflect.Method.invoke(Method.java:498)
at org.testng.internal.MethodInvocationHelper.invokeMethod(MethodInvocationHelper.java:124)
at org.testng.internal.Invoker.invokeMethod(Invoker.java:580)
at org.testng.internal.Invoker.invokeTestMethod(Invoker.java:716)
at org.testng.internal.Invoker.invokeTestMethods(Invoker.java:988)
at org.testng.internal.TestMethodWorker.invokeTestMethods(TestMethodWorker.java:125)
at org.testng.internal.TestMethodWorker.run(TestMethodWorker.java:109)
at org.testng.TestRunner.privateRun(TestRunner.java:648)
at org.testng.TestRunner.run(TestRunner.java:505)
at org.testng.SuiteRunner.runTest(SuiteRunner.java:455)
at org.testng.SuiteRunner.runSequentially(SuiteRunner.java:450)
at org.testng.SuiteRunner.privateRun(SuiteRunner.java:415)
at org.testng.SuiteRunner.run(SuiteRunner.java:364)
at org.testng.SuiteRunnerWorker.runSuite(SuiteRunnerWorker.java:52)
at org.testng.SuiteRunnerWorker.run(SuiteRunnerWorker.java:84)
at org.testng.TestNG.runSuitesSequentially(TestNG.java:1208)
at org.testng.TestNG.runSuitesLocally(TestNG.java:1137)
at org.testng.TestNG.runSuites(TestNG.java:1049)
at org.testng.TestNG.run(TestNG.java:1017)
at org.testng.remote.AbstractRemoteTestNG.run(AbstractRemoteTestNG.java:114)
at org.testng.remote.RemoteTestNG.initAndRun(RemoteTestNG.java:251)
at org.testng.remote.RemoteTestNG.main(RemoteTestNG.java:77)
]]>
    </failure>
  </testcase> <!-- ApiTestCode -->
  <testcase name="ApiTestCode" time="0.040" classname="com.bitnei.apitest.testcases.saas.ApiTest"/>
  <testcase name="ApiTestCode" time="0.069" classname="com.bitnei.apitest.testcases.saas.ApiTest">
    <failure type="java.lang.AssertionError" message="expected [{}] but found [{&quot;error&quot;:{&quot;currentValue is &quot;:true,&quot;expectedValue is&quot;:false},&quot;code&quot;:{&quot;currentValue is &quot;:&quot;40000&quot;,&quot;expectedValue is&quot;:false,&quot;expectedValue is &quot;:&quot;35000&quot;}}]">
      <![CDATA[java.lang.AssertionError: expected [{}] but found [{"error":{"currentValue is ":true,"expectedValue is":false},"code":{"currentValue is ":"40000","expectedValue is":false,"expectedValue is ":"35000"}}]
at org.testng.Assert.fail(Assert.java:96)
at org.testng.Assert.failNotEquals(Assert.java:776)
at org.testng.Assert.assertEqualsImpl(Assert.java:137)
at org.testng.Assert.assertEquals(Assert.java:118)
at org.testng.Assert.assertEquals(Assert.java:453)
at org.testng.Assert.assertEquals(Assert.java:463)
at com.bitnei.apitest.testcases.saas.ApiTest.ApiTestCode(ApiTest.java:102)
at sun.reflect.GeneratedMethodAccessor2.invoke(Unknown Source)
at sun.reflect.DelegatingMethodAccessorImpl.invoke(DelegatingMethodAccessorImpl.java:43)
at java.lang.reflect.Method.invoke(Method.java:498)
at org.testng.internal.MethodInvocationHelper.invokeMethod(MethodInvocationHelper.java:124)
at org.testng.internal.Invoker.invokeMethod(Invoker.java:580)
at org.testng.internal.Invoker.invokeTestMethod(Invoker.java:716)
at org.testng.internal.Invoker.invokeTestMethods(Invoker.java:988)
at org.testng.internal.TestMethodWorker.invokeTestMethods(TestMethodWorker.java:125)
at org.testng.internal.TestMethodWorker.run(TestMethodWorker.java:109)
at org.testng.TestRunner.privateRun(TestRunner.java:648)
at org.testng.TestRunner.run(TestRunner.java:505)
at org.testng.SuiteRunner.runTest(SuiteRunner.java:455)
at org.testng.SuiteRunner.runSequentially(SuiteRunner.java:450)
at org.testng.SuiteRunner.privateRun(SuiteRunner.java:415)
at org.testng.SuiteRunner.run(SuiteRunner.java:364)
at org.testng.SuiteRunnerWorker.runSuite(SuiteRunnerWorker.java:52)
at org.testng.SuiteRunnerWorker.run(SuiteRunnerWorker.java:84)
at org.testng.TestNG.runSuitesSequentially(TestNG.java:1208)
at org.testng.TestNG.runSuitesLocally(TestNG.java:1137)
at org.testng.TestNG.runSuites(TestNG.java:1049)
at org.testng.TestNG.run(TestNG.java:1017)
at org.testng.remote.AbstractRemoteTestNG.run(AbstractRemoteTestNG.java:114)
at org.testng.remote.RemoteTestNG.initAndRun(RemoteTestNG.java:251)
at org.testng.remote.RemoteTestNG.main(RemoteTestNG.java:77)
]]>
    </failure>
  </testcase> <!-- ApiTestCode -->
  <testcase name="ApiTestCode" time="0.024" classname="com.bitnei.apitest.testcases.saas.ApiTest">
    <failure type="java.lang.AssertionError" message="expected [{}] but found [{&quot;status&quot;:{&quot;currentValue is &quot;:200,&quot;expectedValue is&quot;:400},&quot;errorMsg&quot;:{&quot;currentValue is &quot;:&quot;Forwarding error&quot;,&quot;expectedValue is&quot;:400,&quot;expectedValue is &quot;:&quot;参数vin未传&quot;},&quot;code&quot;:{&quot;currentValue is &quot;:&quot;40000&quot;,&quot;expectedValue is&quot;:400,&quot;expectedValue is &quot;:&quot;30001&quot;}}]">
      <![CDATA[java.lang.AssertionError: expected [{}] but found [{"status":{"currentValue is ":200,"expectedValue is":400},"errorMsg":{"currentValue is ":"Forwarding error","expectedValue is":400,"expectedValue is ":"参数vin未传"},"code":{"currentValue is ":"40000","expectedValue is":400,"expectedValue is ":"30001"}}]
at org.testng.Assert.fail(Assert.java:96)
at org.testng.Assert.failNotEquals(Assert.java:776)
at org.testng.Assert.assertEqualsImpl(Assert.java:137)
at org.testng.Assert.assertEquals(Assert.java:118)
at org.testng.Assert.assertEquals(Assert.java:453)
at org.testng.Assert.assertEquals(Assert.java:463)
at com.bitnei.apitest.testcases.saas.ApiTest.ApiTestCode(ApiTest.java:102)
at sun.reflect.GeneratedMethodAccessor2.invoke(Unknown Source)
at sun.reflect.DelegatingMethodAccessorImpl.invoke(DelegatingMethodAccessorImpl.java:43)
at java.lang.reflect.Method.invoke(Method.java:498)
at org.testng.internal.MethodInvocationHelper.invokeMethod(MethodInvocationHelper.java:124)
at org.testng.internal.Invoker.invokeMethod(Invoker.java:580)
at org.testng.internal.Invoker.invokeTestMethod(Invoker.java:716)
at org.testng.internal.Invoker.invokeTestMethods(Invoker.java:988)
at org.testng.internal.TestMethodWorker.invokeTestMethods(TestMethodWorker.java:125)
at org.testng.internal.TestMethodWorker.run(TestMethodWorker.java:109)
at org.testng.TestRunner.privateRun(TestRunner.java:648)
at org.testng.TestRunner.run(TestRunner.java:505)
at org.testng.SuiteRunner.runTest(SuiteRunner.java:455)
at org.testng.SuiteRunner.runSequentially(SuiteRunner.java:450)
at org.testng.SuiteRunner.privateRun(SuiteRunner.java:415)
at org.testng.SuiteRunner.run(SuiteRunner.java:364)
at org.testng.SuiteRunnerWorker.runSuite(SuiteRunnerWorker.java:52)
at org.testng.SuiteRunnerWorker.run(SuiteRunnerWorker.java:84)
at org.testng.TestNG.runSuitesSequentially(TestNG.java:1208)
at org.testng.TestNG.runSuitesLocally(TestNG.java:1137)
at org.testng.TestNG.runSuites(TestNG.java:1049)
at org.testng.TestNG.run(TestNG.java:1017)
at org.testng.remote.AbstractRemoteTestNG.run(AbstractRemoteTestNG.java:114)
at org.testng.remote.RemoteTestNG.initAndRun(RemoteTestNG.java:251)
at org.testng.remote.RemoteTestNG.main(RemoteTestNG.java:77)
]]>
    </failure>
  </testcase> <!-- ApiTestCode -->
  <testcase name="ApiTestCode" time="0.026" classname="com.bitnei.apitest.testcases.saas.ApiTest"/>
  <testcase name="ApiTestCode" time="0.024" classname="com.bitnei.apitest.testcases.saas.ApiTest">
    <failure type="java.lang.AssertionError" message="expected [{}] but found [{&quot;data&quot;:{&quot;actualValue&quot;:null,&quot;expectedValue&quot;:{&quot;change&quot;:false,&quot;lastPackCode&quot;:&quot;010B200WQJ815AB520&quot;,&quot;latestPackCode&quot;:&quot;010B200WQJ815AB520&quot;}},&quot;change&quot;:{&quot;actualKey&quot;:&quot;不存在此change&quot;,&quot;expectedKey&quot;:&quot;change&quot;},&quot;lastPackCode&quot;:{&quot;actualKey&quot;:&quot;不存在此lastPackCode&quot;,&quot;expectedKey&quot;:&quot;lastPackCode&quot;},&quot;latestPackCode&quot;:{&quot;actualKey&quot;:&quot;不存在此latestPackCode&quot;,&quot;expectedKey&quot;:&quot;latestPackCode&quot;},&quot;error&quot;:{&quot;actualValue&quot;:null,&quot;expectedValue&quot;:{&quot;change&quot;:false,&quot;lastPackCode&quot;:&quot;010B200WQJ815AB520&quot;,&quot;latestPackCode&quot;:&quot;010B200WQJ815AB520&quot;},&quot;currentValue is &quot;:true,&quot;expectedValue is&quot;:false},&quot;code&quot;:{&quot;actualValue&quot;:null,&quot;expectedValue&quot;:{&quot;change&quot;:false,&quot;lastPackCode&quot;:&quot;010B200WQJ815AB520&quot;,&quot;latestPackCode&quot;:&quot;010B200WQJ815AB520&quot;},&quot;currentValue is &quot;:&quot;40000&quot;,&quot;expectedValue is&quot;:false,&quot;expectedValue is &quot;:&quot;10000&quot;}}]">
      <![CDATA[java.lang.AssertionError: expected [{}] but found [{"data":{"actualValue":null,"expectedValue":{"change":false,"lastPackCode":"010B200WQJ815AB520","latestPackCode":"010B200WQJ815AB520"}},"change":{"actualKey":"不存在此change","expectedKey":"change"},"lastPackCode":{"actualKey":"不存在此lastPackCode","expectedKey":"lastPackCode"},"latestPackCode":{"actualKey":"不存在此latestPackCode","expectedKey":"latestPackCode"},"error":{"actualValue":null,"expectedValue":{"change":false,"lastPackCode":"010B200WQJ815AB520","latestPackCode":"010B200WQJ815AB520"},"currentValue is ":true,"expectedValue is":false},"code":{"actualValue":null,"expectedValue":{"change":false,"lastPackCode":"010B200WQJ815AB520","latestPackCode":"010B200WQJ815AB520"},"currentValue is ":"40000","expectedValue is":false,"expectedValue is ":"10000"}}]
at org.testng.Assert.fail(Assert.java:96)
at org.testng.Assert.failNotEquals(Assert.java:776)
at org.testng.Assert.assertEqualsImpl(Assert.java:137)
at org.testng.Assert.assertEquals(Assert.java:118)
at org.testng.Assert.assertEquals(Assert.java:453)
at org.testng.Assert.assertEquals(Assert.java:463)
at com.bitnei.apitest.testcases.saas.ApiTest.ApiTestCode(ApiTest.java:102)
at sun.reflect.GeneratedMethodAccessor2.invoke(Unknown Source)
at sun.reflect.DelegatingMethodAccessorImpl.invoke(DelegatingMethodAccessorImpl.java:43)
at java.lang.reflect.Method.invoke(Method.java:498)
at org.testng.internal.MethodInvocationHelper.invokeMethod(MethodInvocationHelper.java:124)
at org.testng.internal.Invoker.invokeMethod(Invoker.java:580)
at org.testng.internal.Invoker.invokeTestMethod(Invoker.java:716)
at org.testng.internal.Invoker.invokeTestMethods(Invoker.java:988)
at org.testng.internal.TestMethodWorker.invokeTestMethods(TestMethodWorker.java:125)
at org.testng.internal.TestMethodWorker.run(TestMethodWorker.java:109)
at org.testng.TestRunner.privateRun(TestRunner.java:648)
at org.testng.TestRunner.run(TestRunner.java:505)
at org.testng.SuiteRunner.runTest(SuiteRunner.java:455)
at org.testng.SuiteRunner.runSequentially(SuiteRunner.java:450)
at org.testng.SuiteRunner.privateRun(SuiteRunner.java:415)
at org.testng.SuiteRunner.run(SuiteRunner.java:364)
at org.testng.SuiteRunnerWorker.runSuite(SuiteRunnerWorker.java:52)
at org.testng.SuiteRunnerWorker.run(SuiteRunnerWorker.java:84)
at org.testng.TestNG.runSuitesSequentially(TestNG.java:1208)
at org.testng.TestNG.runSuitesLocally(TestNG.java:1137)
at org.testng.TestNG.runSuites(TestNG.java:1049)
at org.testng.TestNG.run(TestNG.java:1017)
at org.testng.remote.AbstractRemoteTestNG.run(AbstractRemoteTestNG.java:114)
at org.testng.remote.RemoteTestNG.initAndRun(RemoteTestNG.java:251)
at org.testng.remote.RemoteTestNG.main(RemoteTestNG.java:77)
]]>
    </failure>
  </testcase> <!-- ApiTestCode -->
  <testcase name="ApiTestCode" time="0.027" classname="com.bitnei.apitest.testcases.saas.ApiTest">
    <failure type="java.lang.AssertionError" message="expected [{}] but found [{&quot;error&quot;:{&quot;currentValue is &quot;:true,&quot;expectedValue is&quot;:false},&quot;code&quot;:{&quot;currentValue is &quot;:&quot;40000&quot;,&quot;expectedValue is&quot;:false,&quot;expectedValue is &quot;:&quot;35000&quot;}}]">
      <![CDATA[java.lang.AssertionError: expected [{}] but found [{"error":{"currentValue is ":true,"expectedValue is":false},"code":{"currentValue is ":"40000","expectedValue is":false,"expectedValue is ":"35000"}}]
at org.testng.Assert.fail(Assert.java:96)
at org.testng.Assert.failNotEquals(Assert.java:776)
at org.testng.Assert.assertEqualsImpl(Assert.java:137)
at org.testng.Assert.assertEquals(Assert.java:118)
at org.testng.Assert.assertEquals(Assert.java:453)
at org.testng.Assert.assertEquals(Assert.java:463)
at com.bitnei.apitest.testcases.saas.ApiTest.ApiTestCode(ApiTest.java:102)
at sun.reflect.GeneratedMethodAccessor2.invoke(Unknown Source)
at sun.reflect.DelegatingMethodAccessorImpl.invoke(DelegatingMethodAccessorImpl.java:43)
at java.lang.reflect.Method.invoke(Method.java:498)
at org.testng.internal.MethodInvocationHelper.invokeMethod(MethodInvocationHelper.java:124)
at org.testng.internal.Invoker.invokeMethod(Invoker.java:580)
at org.testng.internal.Invoker.invokeTestMethod(Invoker.java:716)
at org.testng.internal.Invoker.invokeTestMethods(Invoker.java:988)
at org.testng.internal.TestMethodWorker.invokeTestMethods(TestMethodWorker.java:125)
at org.testng.internal.TestMethodWorker.run(TestMethodWorker.java:109)
at org.testng.TestRunner.privateRun(TestRunner.java:648)
at org.testng.TestRunner.run(TestRunner.java:505)
at org.testng.SuiteRunner.runTest(SuiteRunner.java:455)
at org.testng.SuiteRunner.runSequentially(SuiteRunner.java:450)
at org.testng.SuiteRunner.privateRun(SuiteRunner.java:415)
at org.testng.SuiteRunner.run(SuiteRunner.java:364)
at org.testng.SuiteRunnerWorker.runSuite(SuiteRunnerWorker.java:52)
at org.testng.SuiteRunnerWorker.run(SuiteRunnerWorker.java:84)
at org.testng.TestNG.runSuitesSequentially(TestNG.java:1208)
at org.testng.TestNG.runSuitesLocally(TestNG.java:1137)
at org.testng.TestNG.runSuites(TestNG.java:1049)
at org.testng.TestNG.run(TestNG.java:1017)
at org.testng.remote.AbstractRemoteTestNG.run(AbstractRemoteTestNG.java:114)
at org.testng.remote.RemoteTestNG.initAndRun(RemoteTestNG.java:251)
at org.testng.remote.RemoteTestNG.main(RemoteTestNG.java:77)
]]>
    </failure>
  </testcase> <!-- ApiTestCode -->
  <testcase name="ApiTestCode" time="0.024" classname="com.bitnei.apitest.testcases.saas.ApiTest">
    <failure type="java.lang.AssertionError" message="expected [{}] but found [{&quot;error&quot;:{&quot;currentValue is &quot;:true,&quot;expectedValue is&quot;:false},&quot;code&quot;:{&quot;currentValue is &quot;:&quot;40000&quot;,&quot;expectedValue is&quot;:false,&quot;expectedValue is &quot;:&quot;35000&quot;}}]">
      <![CDATA[java.lang.AssertionError: expected [{}] but found [{"error":{"currentValue is ":true,"expectedValue is":false},"code":{"currentValue is ":"40000","expectedValue is":false,"expectedValue is ":"35000"}}]
at org.testng.Assert.fail(Assert.java:96)
at org.testng.Assert.failNotEquals(Assert.java:776)
at org.testng.Assert.assertEqualsImpl(Assert.java:137)
at org.testng.Assert.assertEquals(Assert.java:118)
at org.testng.Assert.assertEquals(Assert.java:453)
at org.testng.Assert.assertEquals(Assert.java:463)
at com.bitnei.apitest.testcases.saas.ApiTest.ApiTestCode(ApiTest.java:102)
at sun.reflect.GeneratedMethodAccessor2.invoke(Unknown Source)
at sun.reflect.DelegatingMethodAccessorImpl.invoke(DelegatingMethodAccessorImpl.java:43)
at java.lang.reflect.Method.invoke(Method.java:498)
at org.testng.internal.MethodInvocationHelper.invokeMethod(MethodInvocationHelper.java:124)
at org.testng.internal.Invoker.invokeMethod(Invoker.java:580)
at org.testng.internal.Invoker.invokeTestMethod(Invoker.java:716)
at org.testng.internal.Invoker.invokeTestMethods(Invoker.java:988)
at org.testng.internal.TestMethodWorker.invokeTestMethods(TestMethodWorker.java:125)
at org.testng.internal.TestMethodWorker.run(TestMethodWorker.java:109)
at org.testng.TestRunner.privateRun(TestRunner.java:648)
at org.testng.TestRunner.run(TestRunner.java:505)
at org.testng.SuiteRunner.runTest(SuiteRunner.java:455)
at org.testng.SuiteRunner.runSequentially(SuiteRunner.java:450)
at org.testng.SuiteRunner.privateRun(SuiteRunner.java:415)
at org.testng.SuiteRunner.run(SuiteRunner.java:364)
at org.testng.SuiteRunnerWorker.runSuite(SuiteRunnerWorker.java:52)
at org.testng.SuiteRunnerWorker.run(SuiteRunnerWorker.java:84)
at org.testng.TestNG.runSuitesSequentially(TestNG.java:1208)
at org.testng.TestNG.runSuitesLocally(TestNG.java:1137)
at org.testng.TestNG.runSuites(TestNG.java:1049)
at org.testng.TestNG.run(TestNG.java:1017)
at org.testng.remote.AbstractRemoteTestNG.run(AbstractRemoteTestNG.java:114)
at org.testng.remote.RemoteTestNG.initAndRun(RemoteTestNG.java:251)
at org.testng.remote.RemoteTestNG.main(RemoteTestNG.java:77)
]]>
    </failure>
  </testcase> <!-- ApiTestCode -->
  <testcase name="ApiTestCode" time="0.024" classname="com.bitnei.apitest.testcases.saas.ApiTest">
    <failure type="java.lang.AssertionError" message="expected [{}] but found [{&quot;status&quot;:{&quot;currentValue is &quot;:200,&quot;expectedValue is&quot;:400},&quot;errorMsg&quot;:{&quot;currentValue is &quot;:&quot;Forwarding error&quot;,&quot;expectedValue is&quot;:400,&quot;expectedValue is &quot;:&quot;参数vin未传&quot;},&quot;code&quot;:{&quot;currentValue is &quot;:&quot;40000&quot;,&quot;expectedValue is&quot;:400,&quot;expectedValue is &quot;:&quot;30001&quot;}}]">
      <![CDATA[java.lang.AssertionError: expected [{}] but found [{"status":{"currentValue is ":200,"expectedValue is":400},"errorMsg":{"currentValue is ":"Forwarding error","expectedValue is":400,"expectedValue is ":"参数vin未传"},"code":{"currentValue is ":"40000","expectedValue is":400,"expectedValue is ":"30001"}}]
at org.testng.Assert.fail(Assert.java:96)
at org.testng.Assert.failNotEquals(Assert.java:776)
at org.testng.Assert.assertEqualsImpl(Assert.java:137)
at org.testng.Assert.assertEquals(Assert.java:118)
at org.testng.Assert.assertEquals(Assert.java:453)
at org.testng.Assert.assertEquals(Assert.java:463)
at com.bitnei.apitest.testcases.saas.ApiTest.ApiTestCode(ApiTest.java:102)
at sun.reflect.GeneratedMethodAccessor2.invoke(Unknown Source)
at sun.reflect.DelegatingMethodAccessorImpl.invoke(DelegatingMethodAccessorImpl.java:43)
at java.lang.reflect.Method.invoke(Method.java:498)
at org.testng.internal.MethodInvocationHelper.invokeMethod(MethodInvocationHelper.java:124)
at org.testng.internal.Invoker.invokeMethod(Invoker.java:580)
at org.testng.internal.Invoker.invokeTestMethod(Invoker.java:716)
at org.testng.internal.Invoker.invokeTestMethods(Invoker.java:988)
at org.testng.internal.TestMethodWorker.invokeTestMethods(TestMethodWorker.java:125)
at org.testng.internal.TestMethodWorker.run(TestMethodWorker.java:109)
at org.testng.TestRunner.privateRun(TestRunner.java:648)
at org.testng.TestRunner.run(TestRunner.java:505)
at org.testng.SuiteRunner.runTest(SuiteRunner.java:455)
at org.testng.SuiteRunner.runSequentially(SuiteRunner.java:450)
at org.testng.SuiteRunner.privateRun(SuiteRunner.java:415)
at org.testng.SuiteRunner.run(SuiteRunner.java:364)
at org.testng.SuiteRunnerWorker.runSuite(SuiteRunnerWorker.java:52)
at org.testng.SuiteRunnerWorker.run(SuiteRunnerWorker.java:84)
at org.testng.TestNG.runSuitesSequentially(TestNG.java:1208)
at org.testng.TestNG.runSuitesLocally(TestNG.java:1137)
at org.testng.TestNG.runSuites(TestNG.java:1049)
at org.testng.TestNG.run(TestNG.java:1017)
at org.testng.remote.AbstractRemoteTestNG.run(AbstractRemoteTestNG.java:114)
at org.testng.remote.RemoteTestNG.initAndRun(RemoteTestNG.java:251)
at org.testng.remote.RemoteTestNG.main(RemoteTestNG.java:77)
]]>
    </failure>
  </testcase> <!-- ApiTestCode -->
  <testcase name="ApiTestCode" time="0.034" classname="com.bitnei.apitest.testcases.saas.ApiTest">
    <failure type="java.lang.AssertionError" message="expected [{}] but found [{&quot;data&quot;:{&quot;actualValue&quot;:null,&quot;expectedValue&quot;:[{&quot;vin&quot;:&quot;LNBSCB3F6KW162651&quot;,&quot;internalResistanceScore&quot;:100,&quot;volumeScore&quot;:95.06,&quot;selfDischargeRateScore&quot;:100,&quot;voltConsistenceScore&quot;:99.18,&quot;temperatureConsistenceScore&quot;:100,&quot;synthesizeScore&quot;:98.56,&quot;batteryManufacturer&quot;:&quot;北京普莱德新能源电池科技有限公司&quot;,&quot;packCode&quot;:&quot;00NPE02C336D0N9921013001&quot;,&quot;manufacturerDate&quot;:&quot;2019-09-21&quot;,&quot;usageDate&quot;:531,&quot;nominalEnergy&quot;:31,&quot;rateMileage&quot;:301,&quot;rateCapacity&quot;:100,&quot;energyDensity&quot;:-1,&quot;replace&quot;:false,&quot;packCodeReplace&quot;:&quot;-1&quot;,&quot;replaceDate&quot;:&quot;-1&quot;,&quot;firstChargeDate&quot;:&quot;2020-05-06&quot;,&quot;latestChargeDate&quot;:&quot;2021-02-27&quot;,&quot;totalChargeSoc&quot;:23,&quot;fastChargeFrequency&quot;:7,&quot;slowChargeFrequency&quot;:41,&quot;totalCharge&quot;:48,&quot;fastRatio&quot;:0.15,&quot;currentMean&quot;:163.21,&quot;chaMaxTempMean&quot;:25.76,&quot;chaMinTempMean&quot;:16.01,&quot;chaStartSoc&quot;:&quot;30-40&quot;,&quot;chaEndSoc&quot;:&quot;90-100&quot;,&quot;chaVoltDiffMean&quot;:22.9,&quot;displayMileage&quot;:67100,&quot;yearAvgMileage&quot;:46123,&quot;driveMaxTempMean&quot;:20.1,&quot;driveMinTempMean&quot;:17.51,&quot;driveStartSoc&quot;:&quot;60-70&quot;,&quot;driveEndSoc&quot;:&quot;50-60&quot;,&quot;driveVoltDiffMean&quot;:21.54,&quot;abnormalA&quot;:-1,&quot;abnormalB&quot;:-1,&quot;abnormalC&quot;:-1,&quot;avgAbnormal&quot;:-1,&quot;batteryThermalManage&quot;:-1,&quot;voltManage&quot;:-1,&quot;powerManage&quot;:-1,&quot;voltConsistManage&quot;:-1,&quot;insulateManage&quot;:-1,&quot;dcdcManage&quot;:-1,&quot;motorThermalManage&quot;:-1,&quot;otherManage&quot;:-1}]},&quot;vin&quot;:{&quot;actualKey&quot;:&quot;不存在此vin&quot;,&quot;expectedKey&quot;:&quot;vin&quot;},&quot;internalResistanceScore&quot;:{&quot;actualKey&quot;:&quot;不存在此internalResistanceScore&quot;,&quot;expectedKey&quot;:&quot;internalResistanceScore&quot;},&quot;volumeScore&quot;:{&quot;actualKey&quot;:&quot;不存在此volumeScore&quot;,&quot;expectedKey&quot;:&quot;volumeScore&quot;},&quot;selfDischargeRateScore&quot;:{&quot;actualKey&quot;:&quot;不存在此selfDischargeRateScore&quot;,&quot;expectedKey&quot;:&quot;selfDischargeRateScore&quot;},&quot;voltConsistenceScore&quot;:{&quot;actualKey&quot;:&quot;不存在此voltConsistenceScore&quot;,&quot;expectedKey&quot;:&quot;voltConsistenceScore&quot;},&quot;temperatureConsistenceScore&quot;:{&quot;actualKey&quot;:&quot;不存在此temperatureConsistenceScore&quot;,&quot;expectedKey&quot;:&quot;temperatureConsistenceScore&quot;},&quot;synthesizeScore&quot;:{&quot;actualKey&quot;:&quot;不存在此synthesizeScore&quot;,&quot;expectedKey&quot;:&quot;synthesizeScore&quot;},&quot;batteryManufacturer&quot;:{&quot;actualKey&quot;:&quot;不存在此batteryManufacturer&quot;,&quot;expectedKey&quot;:&quot;batteryManufacturer&quot;},&quot;packCode&quot;:{&quot;actualKey&quot;:&quot;不存在此packCode&quot;,&quot;expectedKey&quot;:&quot;packCode&quot;},&quot;manufacturerDate&quot;:{&quot;actualKey&quot;:&quot;不存在此manufacturerDate&quot;,&quot;expectedKey&quot;:&quot;manufacturerDate&quot;},&quot;usageDate&quot;:{&quot;actualKey&quot;:&quot;不存在此usageDate&quot;,&quot;expectedKey&quot;:&quot;usageDate&quot;},&quot;nominalEnergy&quot;:{&quot;actualKey&quot;:&quot;不存在此nominalEnergy&quot;,&quot;expectedKey&quot;:&quot;nominalEnergy&quot;},&quot;rateMileage&quot;:{&quot;actualKey&quot;:&quot;不存在此rateMileage&quot;,&quot;expectedKey&quot;:&quot;rateMileage&quot;},&quot;rateCapacity&quot;:{&quot;actualKey&quot;:&quot;不存在此rateCapacity&quot;,&quot;expectedKey&quot;:&quot;rateCapacity&quot;},&quot;energyDensity&quot;:{&quot;actualKey&quot;:&quot;不存在此energyDensity&quot;,&quot;expectedKey&quot;:&quot;energyDensity&quot;},&quot;replace&quot;:{&quot;actualKey&quot;:&quot;不存在此replace&quot;,&quot;expectedKey&quot;:&quot;replace&quot;},&quot;packCodeReplace&quot;:{&quot;actualKey&quot;:&quot;不存在此packCodeReplace&quot;,&quot;expectedKey&quot;:&quot;packCodeReplace&quot;},&quot;replaceDate&quot;:{&quot;actualKey&quot;:&quot;不存在此replaceDate&quot;,&quot;expectedKey&quot;:&quot;replaceDate&quot;},&quot;firstChargeDate&quot;:{&quot;actualKey&quot;:&quot;不存在此firstChargeDate&quot;,&quot;expectedKey&quot;:&quot;firstChargeDate&quot;},&quot;latestChargeDate&quot;:{&quot;actualKey&quot;:&quot;不存在此latestChargeDate&quot;,&quot;expectedKey&quot;:&quot;latestChargeDate&quot;},&quot;totalChargeSoc&quot;:{&quot;actualKey&quot;:&quot;不存在此totalChargeSoc&quot;,&quot;expectedKey&quot;:&quot;totalChargeSoc&quot;},&quot;fastChargeFrequency&quot;:{&quot;actualKey&quot;:&quot;不存在此fastChargeFrequency&quot;,&quot;expectedKey&quot;:&quot;fastChargeFrequency&quot;},&quot;slowChargeFrequency&quot;:{&quot;actualKey&quot;:&quot;不存在此slowChargeFrequency&quot;,&quot;expectedKey&quot;:&quot;slowChargeFrequency&quot;},&quot;totalCharge&quot;:{&quot;actualKey&quot;:&quot;不存在此totalCharge&quot;,&quot;expectedKey&quot;:&quot;totalCharge&quot;},&quot;fastRatio&quot;:{&quot;actualKey&quot;:&quot;不存在此fastRatio&quot;,&quot;expectedKey&quot;:&quot;fastRatio&quot;},&quot;currentMean&quot;:{&quot;actualKey&quot;:&quot;不存在此currentMean&quot;,&quot;expectedKey&quot;:&quot;currentMean&quot;},&quot;chaMaxTempMean&quot;:{&quot;actualKey&quot;:&quot;不存在此chaMaxTempMean&quot;,&quot;expectedKey&quot;:&quot;chaMaxTempMean&quot;},&quot;chaMinTempMean&quot;:{&quot;actualKey&quot;:&quot;不存在此chaMinTempMean&quot;,&quot;expectedKey&quot;:&quot;chaMinTempMean&quot;},&quot;chaStartSoc&quot;:{&quot;actualKey&quot;:&quot;不存在此chaStartSoc&quot;,&quot;expectedKey&quot;:&quot;chaStartSoc&quot;},&quot;chaEndSoc&quot;:{&quot;actualKey&quot;:&quot;不存在此chaEndSoc&quot;,&quot;expectedKey&quot;:&quot;chaEndSoc&quot;},&quot;chaVoltDiffMean&quot;:{&quot;actualKey&quot;:&quot;不存在此chaVoltDiffMean&quot;,&quot;expectedKey&quot;:&quot;chaVoltDiffMean&quot;},&quot;displayMileage&quot;:{&quot;actualKey&quot;:&quot;不存在此displayMileage&quot;,&quot;expectedKey&quot;:&quot;displayMileage&quot;},&quot;yearAvgMileage&quot;:{&quot;actualKey&quot;:&quot;不存在此yearAvgMileage&quot;,&quot;expectedKey&quot;:&quot;yearAvgMileage&quot;},&quot;driveMaxTempMean&quot;:{&quot;actualKey&quot;:&quot;不存在此driveMaxTempMean&quot;,&quot;expectedKey&quot;:&quot;driveMaxTempMean&quot;},&quot;driveMinTempMean&quot;:{&quot;actualKey&quot;:&quot;不存在此driveMinTempMean&quot;,&quot;expectedKey&quot;:&quot;driveMinTempMean&quot;},&quot;driveStartSoc&quot;:{&quot;actualKey&quot;:&quot;不存在此driveStartSoc&quot;,&quot;expectedKey&quot;:&quot;driveStartSoc&quot;},&quot;driveEndSoc&quot;:{&quot;actualKey&quot;:&quot;不存在此driveEndSoc&quot;,&quot;expectedKey&quot;:&quot;driveEndSoc&quot;},&quot;driveVoltDiffMean&quot;:{&quot;actualKey&quot;:&quot;不存在此driveVoltDiffMean&quot;,&quot;expectedKey&quot;:&quot;driveVoltDiffMean&quot;},&quot;abnormalA&quot;:{&quot;actualKey&quot;:&quot;不存在此abnormalA&quot;,&quot;expectedKey&quot;:&quot;abnormalA&quot;},&quot;abnormalB&quot;:{&quot;actualKey&quot;:&quot;不存在此abnormalB&quot;,&quot;expectedKey&quot;:&quot;abnormalB&quot;},&quot;abnormalC&quot;:{&quot;actualKey&quot;:&quot;不存在此abnormalC&quot;,&quot;expectedKey&quot;:&quot;abnormalC&quot;},&quot;avgAbnormal&quot;:{&quot;actualKey&quot;:&quot;不存在此avgAbnormal&quot;,&quot;expectedKey&quot;:&quot;avgAbnormal&quot;},&quot;batteryThermalManage&quot;:{&quot;actualKey&quot;:&quot;不存在此batteryThermalManage&quot;,&quot;expectedKey&quot;:&quot;batteryThermalManage&quot;},&quot;voltManage&quot;:{&quot;actualKey&quot;:&quot;不存在此voltManage&quot;,&quot;expectedKey&quot;:&quot;voltManage&quot;},&quot;powerManage&quot;:{&quot;actualKey&quot;:&quot;不存在此powerManage&quot;,&quot;expectedKey&quot;:&quot;powerManage&quot;},&quot;voltConsistManage&quot;:{&quot;actualKey&quot;:&quot;不存在此voltConsistManage&quot;,&quot;expectedKey&quot;:&quot;voltConsistManage&quot;},&quot;insulateManage&quot;:{&quot;actualKey&quot;:&quot;不存在此insulateManage&quot;,&quot;expectedKey&quot;:&quot;insulateManage&quot;},&quot;dcdcManage&quot;:{&quot;actualKey&quot;:&quot;不存在此dcdcManage&quot;,&quot;expectedKey&quot;:&quot;dcdcManage&quot;},&quot;motorThermalManage&quot;:{&quot;actualKey&quot;:&quot;不存在此motorThermalManage&quot;,&quot;expectedKey&quot;:&quot;motorThermalManage&quot;},&quot;otherManage&quot;:{&quot;actualKey&quot;:&quot;不存在此otherManage&quot;,&quot;expectedKey&quot;:&quot;otherManage&quot;},&quot;error&quot;:{&quot;actualValue&quot;:null,&quot;expectedValue&quot;:[{&quot;vin&quot;:&quot;LNBSCB3F6KW162651&quot;,&quot;internalResistanceScore&quot;:100,&quot;volumeScore&quot;:95.06,&quot;selfDischargeRateScore&quot;:100,&quot;voltConsistenceScore&quot;:99.18,&quot;temperatureConsistenceScore&quot;:100,&quot;synthesizeScore&quot;:98.56,&quot;batteryManufacturer&quot;:&quot;北京普莱德新能源电池科技有限公司&quot;,&quot;packCode&quot;:&quot;00NPE02C336D0N9921013001&quot;,&quot;manufacturerDate&quot;:&quot;2019-09-21&quot;,&quot;usageDate&quot;:531,&quot;nominalEnergy&quot;:31,&quot;rateMileage&quot;:301,&quot;rateCapacity&quot;:100,&quot;energyDensity&quot;:-1,&quot;replace&quot;:false,&quot;packCodeReplace&quot;:&quot;-1&quot;,&quot;replaceDate&quot;:&quot;-1&quot;,&quot;firstChargeDate&quot;:&quot;2020-05-06&quot;,&quot;latestChargeDate&quot;:&quot;2021-02-27&quot;,&quot;totalChargeSoc&quot;:23,&quot;fastChargeFrequency&quot;:7,&quot;slowChargeFrequency&quot;:41,&quot;totalCharge&quot;:48,&quot;fastRatio&quot;:0.15,&quot;currentMean&quot;:163.21,&quot;chaMaxTempMean&quot;:25.76,&quot;chaMinTempMean&quot;:16.01,&quot;chaStartSoc&quot;:&quot;30-40&quot;,&quot;chaEndSoc&quot;:&quot;90-100&quot;,&quot;chaVoltDiffMean&quot;:22.9,&quot;displayMileage&quot;:67100,&quot;yearAvgMileage&quot;:46123,&quot;driveMaxTempMean&quot;:20.1,&quot;driveMinTempMean&quot;:17.51,&quot;driveStartSoc&quot;:&quot;60-70&quot;,&quot;driveEndSoc&quot;:&quot;50-60&quot;,&quot;driveVoltDiffMean&quot;:21.54,&quot;abnormalA&quot;:-1,&quot;abnormalB&quot;:-1,&quot;abnormalC&quot;:-1,&quot;avgAbnormal&quot;:-1,&quot;batteryThermalManage&quot;:-1,&quot;voltManage&quot;:-1,&quot;powerManage&quot;:-1,&quot;voltConsistManage&quot;:-1,&quot;insulateManage&quot;:-1,&quot;dcdcManage&quot;:-1,&quot;motorThermalManage&quot;:-1,&quot;otherManage&quot;:-1}],&quot;currentValue is &quot;:true,&quot;expectedValue is&quot;:false},&quot;code&quot;:{&quot;actualValue&quot;:null,&quot;expectedValue&quot;:[{&quot;vin&quot;:&quot;LNBSCB3F6KW162651&quot;,&quot;internalResistanceScore&quot;:100,&quot;volumeScore&quot;:95.06,&quot;selfDischargeRateScore&quot;:100,&quot;voltConsistenceScore&quot;:99.18,&quot;temperatureConsistenceScore&quot;:100,&quot;synthesizeScore&quot;:98.56,&quot;batteryManufacturer&quot;:&quot;北京普莱德新能源电池科技有限公司&quot;,&quot;packCode&quot;:&quot;00NPE02C336D0N9921013001&quot;,&quot;manufacturerDate&quot;:&quot;2019-09-21&quot;,&quot;usageDate&quot;:531,&quot;nominalEnergy&quot;:31,&quot;rateMileage&quot;:301,&quot;rateCapacity&quot;:100,&quot;energyDensity&quot;:-1,&quot;replace&quot;:false,&quot;packCodeReplace&quot;:&quot;-1&quot;,&quot;replaceDate&quot;:&quot;-1&quot;,&quot;firstChargeDate&quot;:&quot;2020-05-06&quot;,&quot;latestChargeDate&quot;:&quot;2021-02-27&quot;,&quot;totalChargeSoc&quot;:23,&quot;fastChargeFrequency&quot;:7,&quot;slowChargeFrequency&quot;:41,&quot;totalCharge&quot;:48,&quot;fastRatio&quot;:0.15,&quot;currentMean&quot;:163.21,&quot;chaMaxTempMean&quot;:25.76,&quot;chaMinTempMean&quot;:16.01,&quot;chaStartSoc&quot;:&quot;30-40&quot;,&quot;chaEndSoc&quot;:&quot;90-100&quot;,&quot;chaVoltDiffMean&quot;:22.9,&quot;displayMileage&quot;:67100,&quot;yearAvgMileage&quot;:46123,&quot;driveMaxTempMean&quot;:20.1,&quot;driveMinTempMean&quot;:17.51,&quot;driveStartSoc&quot;:&quot;60-70&quot;,&quot;driveEndSoc&quot;:&quot;50-60&quot;,&quot;driveVoltDiffMean&quot;:21.54,&quot;abnormalA&quot;:-1,&quot;abnormalB&quot;:-1,&quot;abnormalC&quot;:-1,&quot;avgAbnormal&quot;:-1,&quot;batteryThermalManage&quot;:-1,&quot;voltManage&quot;:-1,&quot;powerManage&quot;:-1,&quot;voltConsistManage&quot;:-1,&quot;insulateManage&quot;:-1,&quot;dcdcManage&quot;:-1,&quot;motorThermalManage&quot;:-1,&quot;otherManage&quot;:-1}],&quot;currentValue is &quot;:&quot;40000&quot;,&quot;expectedValue is&quot;:false,&quot;expectedValue is &quot;:&quot;10000&quot;}}]">
      <![CDATA[java.lang.AssertionError: expected [{}] but found [{"data":{"actualValue":null,"expectedValue":[{"vin":"LNBSCB3F6KW162651","internalResistanceScore":100,"volumeScore":95.06,"selfDischargeRateScore":100,"voltConsistenceScore":99.18,"temperatureConsistenceScore":100,"synthesizeScore":98.56,"batteryManufacturer":"北京普莱德新能源电池科技有限公司","packCode":"00NPE02C336D0N9921013001","manufacturerDate":"2019-09-21","usageDate":531,"nominalEnergy":31,"rateMileage":301,"rateCapacity":100,"energyDensity":-1,"replace":false,"packCodeReplace":"-1","replaceDate":"-1","firstChargeDate":"2020-05-06","latestChargeDate":"2021-02-27","totalChargeSoc":23,"fastChargeFrequency":7,"slowChargeFrequency":41,"totalCharge":48,"fastRatio":0.15,"currentMean":163.21,"chaMaxTempMean":25.76,"chaMinTempMean":16.01,"chaStartSoc":"30-40","chaEndSoc":"90-100","chaVoltDiffMean":22.9,"displayMileage":67100,"yearAvgMileage":46123,"driveMaxTempMean":20.1,"driveMinTempMean":17.51,"driveStartSoc":"60-70","driveEndSoc":"50-60","driveVoltDiffMean":21.54,"abnormalA":-1,"abnormalB":-1,"abnormalC":-1,"avgAbnormal":-1,"batteryThermalManage":-1,"voltManage":-1,"powerManage":-1,"voltConsistManage":-1,"insulateManage":-1,"dcdcManage":-1,"motorThermalManage":-1,"otherManage":-1}]},"vin":{"actualKey":"不存在此vin","expectedKey":"vin"},"internalResistanceScore":{"actualKey":"不存在此internalResistanceScore","expectedKey":"internalResistanceScore"},"volumeScore":{"actualKey":"不存在此volumeScore","expectedKey":"volumeScore"},"selfDischargeRateScore":{"actualKey":"不存在此selfDischargeRateScore","expectedKey":"selfDischargeRateScore"},"voltConsistenceScore":{"actualKey":"不存在此voltConsistenceScore","expectedKey":"voltConsistenceScore"},"temperatureConsistenceScore":{"actualKey":"不存在此temperatureConsistenceScore","expectedKey":"temperatureConsistenceScore"},"synthesizeScore":{"actualKey":"不存在此synthesizeScore","expectedKey":"synthesizeScore"},"batteryManufacturer":{"actualKey":"不存在此batteryManufacturer","expectedKey":"batteryManufacturer"},"packCode":{"actualKey":"不存在此packCode","expectedKey":"packCode"},"manufacturerDate":{"actualKey":"不存在此manufacturerDate","expectedKey":"manufacturerDate"},"usageDate":{"actualKey":"不存在此usageDate","expectedKey":"usageDate"},"nominalEnergy":{"actualKey":"不存在此nominalEnergy","expectedKey":"nominalEnergy"},"rateMileage":{"actualKey":"不存在此rateMileage","expectedKey":"rateMileage"},"rateCapacity":{"actualKey":"不存在此rateCapacity","expectedKey":"rateCapacity"},"energyDensity":{"actualKey":"不存在此energyDensity","expectedKey":"energyDensity"},"replace":{"actualKey":"不存在此replace","expectedKey":"replace"},"packCodeReplace":{"actualKey":"不存在此packCodeReplace","expectedKey":"packCodeReplace"},"replaceDate":{"actualKey":"不存在此replaceDate","expectedKey":"replaceDate"},"firstChargeDate":{"actualKey":"不存在此firstChargeDate","expectedKey":"firstChargeDate"},"latestChargeDate":{"actualKey":"不存在此latestChargeDate","expectedKey":"latestChargeDate"},"totalChargeSoc":{"actualKey":"不存在此totalChargeSoc","expectedKey":"totalChargeSoc"},"fastChargeFrequency":{"actualKey":"不存在此fastChargeFrequency","expectedKey":"fastChargeFrequency"},"slowChargeFrequency":{"actualKey":"不存在此slowChargeFrequency","expectedKey":"slowChargeFrequency"},"totalCharge":{"actualKey":"不存在此totalCharge","expectedKey":"totalCharge"},"fastRatio":{"actualKey":"不存在此fastRatio","expectedKey":"fastRatio"},"currentMean":{"actualKey":"不存在此currentMean","expectedKey":"currentMean"},"chaMaxTempMean":{"actualKey":"不存在此chaMaxTempMean","expectedKey":"chaMaxTempMean"},"chaMinTempMean":{"actualKey":"不存在此chaMinTempMean","expectedKey":"chaMinTempMean"},"chaStartSoc":{"actualKey":"不存在此chaStartSoc","expectedKey":"chaStartSoc"},"chaEndSoc":{"actualKey":"不存在此chaEndSoc","expectedKey":"chaEndSoc"},"chaVoltDiffMean":{"actualKey":"不存在此chaVoltDiffMean","expectedKey":"chaVoltDiffMean"},"displayMileage":{"actualKey":"不存在此displayMileage","expectedKey":"displayMileage"},"yearAvgMileage":{"actualKey":"不存在此yearAvgMileage","expectedKey":"yearAvgMileage"},"driveMaxTempMean":{"actualKey":"不存在此driveMaxTempMean","expectedKey":"driveMaxTempMean"},"driveMinTempMean":{"actualKey":"不存在此driveMinTempMean","expectedKey":"driveMinTempMean"},"driveStartSoc":{"actualKey":"不存在此driveStartSoc","expectedKey":"driveStartSoc"},"driveEndSoc":{"actualKey":"不存在此driveEndSoc","expectedKey":"driveEndSoc"},"driveVoltDiffMean":{"actualKey":"不存在此driveVoltDiffMean","expectedKey":"driveVoltDiffMean"},"abnormalA":{"actualKey":"不存在此abnormalA","expectedKey":"abnormalA"},"abnormalB":{"actualKey":"不存在此abnormalB","expectedKey":"abnormalB"},"abnormalC":{"actualKey":"不存在此abnormalC","expectedKey":"abnormalC"},"avgAbnormal":{"actualKey":"不存在此avgAbnormal","expectedKey":"avgAbnormal"},"batteryThermalManage":{"actualKey":"不存在此batteryThermalManage","expectedKey":"batteryThermalManage"},"voltManage":{"actualKey":"不存在此voltManage","expectedKey":"voltManage"},"powerManage":{"actualKey":"不存在此powerManage","expectedKey":"powerManage"},"voltConsistManage":{"actualKey":"不存在此voltConsistManage","expectedKey":"voltConsistManage"},"insulateManage":{"actualKey":"不存在此insulateManage","expectedKey":"insulateManage"},"dcdcManage":{"actualKey":"不存在此dcdcManage","expectedKey":"dcdcManage"},"motorThermalManage":{"actualKey":"不存在此motorThermalManage","expectedKey":"motorThermalManage"},"otherManage":{"actualKey":"不存在此otherManage","expectedKey":"otherManage"},"error":{"actualValue":null,"expectedValue":[{"vin":"LNBSCB3F6KW162651","internalResistanceScore":100,"volumeScore":95.06,"selfDischargeRateScore":100,"voltConsistenceScore":99.18,"temperatureConsistenceScore":100,"synthesizeScore":98.56,"batteryManufacturer":"北京普莱德新能源电池科技有限公司","packCode":"00NPE02C336D0N9921013001","manufacturerDate":"2019-09-21","usageDate":531,"nominalEnergy":31,"rateMileage":301,"rateCapacity":100,"energyDensity":-1,"replace":false,"packCodeReplace":"-1","replaceDate":"-1","firstChargeDate":"2020-05-06","latestChargeDate":"2021-02-27","totalChargeSoc":23,"fastChargeFrequency":7,"slowChargeFrequency":41,"totalCharge":48,"fastRatio":0.15,"currentMean":163.21,"chaMaxTempMean":25.76,"chaMinTempMean":16.01,"chaStartSoc":"30-40","chaEndSoc":"90-100","chaVoltDiffMean":22.9,"displayMileage":67100,"yearAvgMileage":46123,"driveMaxTempMean":20.1,"driveMinTempMean":17.51,"driveStartSoc":"60-70","driveEndSoc":"50-60","driveVoltDiffMean":21.54,"abnormalA":-1,"abnormalB":-1,"abnormalC":-1,"avgAbnormal":-1,"batteryThermalManage":-1,"voltManage":-1,"powerManage":-1,"voltConsistManage":-1,"insulateManage":-1,"dcdcManage":-1,"motorThermalManage":-1,"otherManage":-1}],"currentValue is ":true,"expectedValue is":false},"code":{"actualValue":null,"expectedValue":[{"vin":"LNBSCB3F6KW162651","internalResistanceScore":100,"volumeScore":95.06,"selfDischargeRateScore":100,"voltConsistenceScore":99.18,"temperatureConsistenceScore":100,"synthesizeScore":98.56,"batteryManufacturer":"北京普莱德新能源电池科技有限公司","packCode":"00NPE02C336D0N9921013001","manufacturerDate":"2019-09-21","usageDate":531,"nominalEnergy":31,"rateMileage":301,"rateCapacity":100,"energyDensity":-1,"replace":false,"packCodeReplace":"-1","replaceDate":"-1","firstChargeDate":"2020-05-06","latestChargeDate":"2021-02-27","totalChargeSoc":23,"fastChargeFrequency":7,"slowChargeFrequency":41,"totalCharge":48,"fastRatio":0.15,"currentMean":163.21,"chaMaxTempMean":25.76,"chaMinTempMean":16.01,"chaStartSoc":"30-40","chaEndSoc":"90-100","chaVoltDiffMean":22.9,"displayMileage":67100,"yearAvgMileage":46123,"driveMaxTempMean":20.1,"driveMinTempMean":17.51,"driveStartSoc":"60-70","driveEndSoc":"50-60","driveVoltDiffMean":21.54,"abnormalA":-1,"abnormalB":-1,"abnormalC":-1,"avgAbnormal":-1,"batteryThermalManage":-1,"voltManage":-1,"powerManage":-1,"voltConsistManage":-1,"insulateManage":-1,"dcdcManage":-1,"motorThermalManage":-1,"otherManage":-1}],"currentValue is ":"40000","expectedValue is":false,"expectedValue is ":"10000"}}]
at org.testng.Assert.fail(Assert.java:96)
at org.testng.Assert.failNotEquals(Assert.java:776)
at org.testng.Assert.assertEqualsImpl(Assert.java:137)
at org.testng.Assert.assertEquals(Assert.java:118)
at org.testng.Assert.assertEquals(Assert.java:453)
at org.testng.Assert.assertEquals(Assert.java:463)
at com.bitnei.apitest.testcases.saas.ApiTest.ApiTestCode(ApiTest.java:102)
at sun.reflect.GeneratedMethodAccessor2.invoke(Unknown Source)
at sun.reflect.DelegatingMethodAccessorImpl.invoke(DelegatingMethodAccessorImpl.java:43)
at java.lang.reflect.Method.invoke(Method.java:498)
at org.testng.internal.MethodInvocationHelper.invokeMethod(MethodInvocationHelper.java:124)
at org.testng.internal.Invoker.invokeMethod(Invoker.java:580)
at org.testng.internal.Invoker.invokeTestMethod(Invoker.java:716)
at org.testng.internal.Invoker.invokeTestMethods(Invoker.java:988)
at org.testng.internal.TestMethodWorker.invokeTestMethods(TestMethodWorker.java:125)
at org.testng.internal.TestMethodWorker.run(TestMethodWorker.java:109)
at org.testng.TestRunner.privateRun(TestRunner.java:648)
at org.testng.TestRunner.run(TestRunner.java:505)
at org.testng.SuiteRunner.runTest(SuiteRunner.java:455)
at org.testng.SuiteRunner.runSequentially(SuiteRunner.java:450)
at org.testng.SuiteRunner.privateRun(SuiteRunner.java:415)
at org.testng.SuiteRunner.run(SuiteRunner.java:364)
at org.testng.SuiteRunnerWorker.runSuite(SuiteRunnerWorker.java:52)
at org.testng.SuiteRunnerWorker.run(SuiteRunnerWorker.java:84)
at org.testng.TestNG.runSuitesSequentially(TestNG.java:1208)
at org.testng.TestNG.runSuitesLocally(TestNG.java:1137)
at org.testng.TestNG.runSuites(TestNG.java:1049)
at org.testng.TestNG.run(TestNG.java:1017)
at org.testng.remote.AbstractRemoteTestNG.run(AbstractRemoteTestNG.java:114)
at org.testng.remote.RemoteTestNG.initAndRun(RemoteTestNG.java:251)
at org.testng.remote.RemoteTestNG.main(RemoteTestNG.java:77)
]]>
    </failure>
  </testcase> <!-- ApiTestCode -->
  <testcase name="ApiTestCode" time="0.050" classname="com.bitnei.apitest.testcases.saas.ApiTest"/>
  <testcase name="ApiTestCode" time="0.025" classname="com.bitnei.apitest.testcases.saas.ApiTest"/>
  <testcase name="ApiTestCode" time="0.025" classname="com.bitnei.apitest.testcases.saas.ApiTest">
    <failure type="java.lang.AssertionError" message="expected [{}] but found [{&quot;error&quot;:{&quot;currentValue is &quot;:true,&quot;expectedValue is&quot;:false},&quot;code&quot;:{&quot;currentValue is &quot;:&quot;40000&quot;,&quot;expectedValue is&quot;:false,&quot;expectedValue is &quot;:&quot;35000&quot;}}]">
      <![CDATA[java.lang.AssertionError: expected [{}] but found [{"error":{"currentValue is ":true,"expectedValue is":false},"code":{"currentValue is ":"40000","expectedValue is":false,"expectedValue is ":"35000"}}]
at org.testng.Assert.fail(Assert.java:96)
at org.testng.Assert.failNotEquals(Assert.java:776)
at org.testng.Assert.assertEqualsImpl(Assert.java:137)
at org.testng.Assert.assertEquals(Assert.java:118)
at org.testng.Assert.assertEquals(Assert.java:453)
at org.testng.Assert.assertEquals(Assert.java:463)
at com.bitnei.apitest.testcases.saas.ApiTest.ApiTestCode(ApiTest.java:102)
at sun.reflect.GeneratedMethodAccessor2.invoke(Unknown Source)
at sun.reflect.DelegatingMethodAccessorImpl.invoke(DelegatingMethodAccessorImpl.java:43)
at java.lang.reflect.Method.invoke(Method.java:498)
at org.testng.internal.MethodInvocationHelper.invokeMethod(MethodInvocationHelper.java:124)
at org.testng.internal.Invoker.invokeMethod(Invoker.java:580)
at org.testng.internal.Invoker.invokeTestMethod(Invoker.java:716)
at org.testng.internal.Invoker.invokeTestMethods(Invoker.java:988)
at org.testng.internal.TestMethodWorker.invokeTestMethods(TestMethodWorker.java:125)
at org.testng.internal.TestMethodWorker.run(TestMethodWorker.java:109)
at org.testng.TestRunner.privateRun(TestRunner.java:648)
at org.testng.TestRunner.run(TestRunner.java:505)
at org.testng.SuiteRunner.runTest(SuiteRunner.java:455)
at org.testng.SuiteRunner.runSequentially(SuiteRunner.java:450)
at org.testng.SuiteRunner.privateRun(SuiteRunner.java:415)
at org.testng.SuiteRunner.run(SuiteRunner.java:364)
at org.testng.SuiteRunnerWorker.runSuite(SuiteRunnerWorker.java:52)
at org.testng.SuiteRunnerWorker.run(SuiteRunnerWorker.java:84)
at org.testng.TestNG.runSuitesSequentially(TestNG.java:1208)
at org.testng.TestNG.runSuitesLocally(TestNG.java:1137)
at org.testng.TestNG.runSuites(TestNG.java:1049)
at org.testng.TestNG.run(TestNG.java:1017)
at org.testng.remote.AbstractRemoteTestNG.run(AbstractRemoteTestNG.java:114)
at org.testng.remote.RemoteTestNG.initAndRun(RemoteTestNG.java:251)
at org.testng.remote.RemoteTestNG.main(RemoteTestNG.java:77)
]]>
    </failure>
  </testcase> <!-- ApiTestCode -->
  <testcase name="ApiTestCode" time="0.066" classname="com.bitnei.apitest.testcases.saas.ApiTest">
    <failure type="java.lang.AssertionError" message="expected [{}] but found [{&quot;status&quot;:{&quot;currentValue is &quot;:200,&quot;expectedValue is&quot;:400},&quot;errorMsg&quot;:{&quot;currentValue is &quot;:&quot;Forwarding error&quot;,&quot;expectedValue is&quot;:400,&quot;expectedValue is &quot;:&quot;参数queryCode未传&quot;},&quot;code&quot;:{&quot;currentValue is &quot;:&quot;40000&quot;,&quot;expectedValue is&quot;:400,&quot;expectedValue is &quot;:&quot;30001&quot;}}]">
      <![CDATA[java.lang.AssertionError: expected [{}] but found [{"status":{"currentValue is ":200,"expectedValue is":400},"errorMsg":{"currentValue is ":"Forwarding error","expectedValue is":400,"expectedValue is ":"参数queryCode未传"},"code":{"currentValue is ":"40000","expectedValue is":400,"expectedValue is ":"30001"}}]
at org.testng.Assert.fail(Assert.java:96)
at org.testng.Assert.failNotEquals(Assert.java:776)
at org.testng.Assert.assertEqualsImpl(Assert.java:137)
at org.testng.Assert.assertEquals(Assert.java:118)
at org.testng.Assert.assertEquals(Assert.java:453)
at org.testng.Assert.assertEquals(Assert.java:463)
at com.bitnei.apitest.testcases.saas.ApiTest.ApiTestCode(ApiTest.java:102)
at sun.reflect.GeneratedMethodAccessor2.invoke(Unknown Source)
at sun.reflect.DelegatingMethodAccessorImpl.invoke(DelegatingMethodAccessorImpl.java:43)
at java.lang.reflect.Method.invoke(Method.java:498)
at org.testng.internal.MethodInvocationHelper.invokeMethod(MethodInvocationHelper.java:124)
at org.testng.internal.Invoker.invokeMethod(Invoker.java:580)
at org.testng.internal.Invoker.invokeTestMethod(Invoker.java:716)
at org.testng.internal.Invoker.invokeTestMethods(Invoker.java:988)
at org.testng.internal.TestMethodWorker.invokeTestMethods(TestMethodWorker.java:125)
at org.testng.internal.TestMethodWorker.run(TestMethodWorker.java:109)
at org.testng.TestRunner.privateRun(TestRunner.java:648)
at org.testng.TestRunner.run(TestRunner.java:505)
at org.testng.SuiteRunner.runTest(SuiteRunner.java:455)
at org.testng.SuiteRunner.runSequentially(SuiteRunner.java:450)
at org.testng.SuiteRunner.privateRun(SuiteRunner.java:415)
at org.testng.SuiteRunner.run(SuiteRunner.java:364)
at org.testng.SuiteRunnerWorker.runSuite(SuiteRunnerWorker.java:52)
at org.testng.SuiteRunnerWorker.run(SuiteRunnerWorker.java:84)
at org.testng.TestNG.runSuitesSequentially(TestNG.java:1208)
at org.testng.TestNG.runSuitesLocally(TestNG.java:1137)
at org.testng.TestNG.runSuites(TestNG.java:1049)
at org.testng.TestNG.run(TestNG.java:1017)
at org.testng.remote.AbstractRemoteTestNG.run(AbstractRemoteTestNG.java:114)
at org.testng.remote.RemoteTestNG.initAndRun(RemoteTestNG.java:251)
at org.testng.remote.RemoteTestNG.main(RemoteTestNG.java:77)
]]>
    </failure>
  </testcase> <!-- ApiTestCode -->
  <testcase name="ApiTestCode" time="0.028" classname="com.bitnei.apitest.testcases.saas.ApiTest">
    <failure type="java.lang.AssertionError" message="expected [{}] but found [{&quot;status&quot;:{&quot;currentValue is &quot;:200,&quot;expectedValue is&quot;:400},&quot;errorMsg&quot;:{&quot;currentValue is &quot;:&quot;Forwarding error&quot;,&quot;expectedValue is&quot;:400,&quot;expectedValue is &quot;:&quot;参数vin未传&quot;},&quot;code&quot;:{&quot;currentValue is &quot;:&quot;40000&quot;,&quot;expectedValue is&quot;:400,&quot;expectedValue is &quot;:&quot;30001&quot;}}]">
      <![CDATA[java.lang.AssertionError: expected [{}] but found [{"status":{"currentValue is ":200,"expectedValue is":400},"errorMsg":{"currentValue is ":"Forwarding error","expectedValue is":400,"expectedValue is ":"参数vin未传"},"code":{"currentValue is ":"40000","expectedValue is":400,"expectedValue is ":"30001"}}]
at org.testng.Assert.fail(Assert.java:96)
at org.testng.Assert.failNotEquals(Assert.java:776)
at org.testng.Assert.assertEqualsImpl(Assert.java:137)
at org.testng.Assert.assertEquals(Assert.java:118)
at org.testng.Assert.assertEquals(Assert.java:453)
at org.testng.Assert.assertEquals(Assert.java:463)
at com.bitnei.apitest.testcases.saas.ApiTest.ApiTestCode(ApiTest.java:102)
at sun.reflect.GeneratedMethodAccessor2.invoke(Unknown Source)
at sun.reflect.DelegatingMethodAccessorImpl.invoke(DelegatingMethodAccessorImpl.java:43)
at java.lang.reflect.Method.invoke(Method.java:498)
at org.testng.internal.MethodInvocationHelper.invokeMethod(MethodInvocationHelper.java:124)
at org.testng.internal.Invoker.invokeMethod(Invoker.java:580)
at org.testng.internal.Invoker.invokeTestMethod(Invoker.java:716)
at org.testng.internal.Invoker.invokeTestMethods(Invoker.java:988)
at org.testng.internal.TestMethodWorker.invokeTestMethods(TestMethodWorker.java:125)
at org.testng.internal.TestMethodWorker.run(TestMethodWorker.java:109)
at org.testng.TestRunner.privateRun(TestRunner.java:648)
at org.testng.TestRunner.run(TestRunner.java:505)
at org.testng.SuiteRunner.runTest(SuiteRunner.java:455)
at org.testng.SuiteRunner.runSequentially(SuiteRunner.java:450)
at org.testng.SuiteRunner.privateRun(SuiteRunner.java:415)
at org.testng.SuiteRunner.run(SuiteRunner.java:364)
at org.testng.SuiteRunnerWorker.runSuite(SuiteRunnerWorker.java:52)
at org.testng.SuiteRunnerWorker.run(SuiteRunnerWorker.java:84)
at org.testng.TestNG.runSuitesSequentially(TestNG.java:1208)
at org.testng.TestNG.runSuitesLocally(TestNG.java:1137)
at org.testng.TestNG.runSuites(TestNG.java:1049)
at org.testng.TestNG.run(TestNG.java:1017)
at org.testng.remote.AbstractRemoteTestNG.run(AbstractRemoteTestNG.java:114)
at org.testng.remote.RemoteTestNG.initAndRun(RemoteTestNG.java:251)
at org.testng.remote.RemoteTestNG.main(RemoteTestNG.java:77)
]]>
    </failure>
  </testcase> <!-- ApiTestCode -->
  <testcase name="ApiTestCode" time="0.037" classname="com.bitnei.apitest.testcases.saas.ApiTest">
    <failure type="java.lang.AssertionError" message="expected [{}] but found [{&quot;data&quot;:{&quot;actualValue&quot;:null,&quot;expectedValue&quot;:[{&quot;vin&quot;:&quot;LJUB0W1N8JS000161&quot;,&quot;rtime&quot;:&quot;20200609072852&quot;,&quot;maxCellPolVolt&quot;:12,&quot;minCellPolVolt&quot;:8,&quot;chaEndCellVoltMarginVar&quot;:1.0909091,&quot;condEndCellVoltMarginVar&quot;:0.72727275,&quot;segChargeEndCellTempMarginVar&quot;:17.5,&quot;conditionEndMileage&quot;:17},{&quot;vin&quot;:&quot;LJUB0W1N8JS000161&quot;,&quot;rtime&quot;:&quot;20200709073111&quot;,&quot;maxCellPolVolt&quot;:12,&quot;minCellPolVolt&quot;:11,&quot;chaEndCellVoltMarginVar&quot;:18.2,&quot;condEndCellVoltMarginVar&quot;:18.1,&quot;segChargeEndCellTempMarginVar&quot;:1,&quot;conditionEndMileage&quot;:22590},{&quot;vin&quot;:&quot;LJUB0W1N8JS000161&quot;,&quot;rtime&quot;:&quot;20200731071351&quot;,&quot;maxCellPolVolt&quot;:18,&quot;minCellPolVolt&quot;:25,&quot;chaEndCellVoltMarginVar&quot;:19.1,&quot;condEndCellVoltMarginVar&quot;:19.8,&quot;segChargeEndCellTempMarginVar&quot;:1,&quot;conditionEndMileage&quot;:24790},{&quot;vin&quot;:&quot;LJUB0W1N8JS000161&quot;,&quot;rtime&quot;:&quot;20200902073531&quot;,&quot;maxCellPolVolt&quot;:17,&quot;minCellPolVolt&quot;:14,&quot;chaEndCellVoltMarginVar&quot;:20,&quot;condEndCellVoltMarginVar&quot;:19.7,&quot;segChargeEndCellTempMarginVar&quot;:1,&quot;conditionEndMileage&quot;:27210},{&quot;vin&quot;:&quot;LJUB0W1N8JS000161&quot;,&quot;rtime&quot;:&quot;20200912055331&quot;,&quot;maxCellPolVolt&quot;:11,&quot;minCellPolVolt&quot;:8,&quot;chaEndCellVoltMarginVar&quot;:20.4,&quot;condEndCellVoltMarginVar&quot;:20.1,&quot;segChargeEndCellTempMarginVar&quot;:2,&quot;conditionEndMileage&quot;:27850},{&quot;vin&quot;:&quot;LJUB0W1N8JS000161&quot;,&quot;rtime&quot;:&quot;20200928073152&quot;,&quot;maxCellPolVolt&quot;:27,&quot;minCellPolVolt&quot;:79,&quot;chaEndCellVoltMarginVar&quot;:20.7,&quot;condEndCellVoltMarginVar&quot;:25.9,&quot;segChargeEndCellTempMarginVar&quot;:1,&quot;conditionEndMileage&quot;:29200},{&quot;vin&quot;:&quot;LJUB0W1N8JS000161&quot;,&quot;rtime&quot;:&quot;20201102075651&quot;,&quot;maxCellPolVolt&quot;:19,&quot;minCellPolVolt&quot;:15,&quot;chaEndCellVoltMarginVar&quot;:21.5,&quot;condEndCellVoltMarginVar&quot;:21.1,&quot;segChargeEndCellTempMarginVar&quot;:2,&quot;conditionEndMileage&quot;:31300},{&quot;vin&quot;:&quot;LJUB0W1N8JS000161&quot;,&quot;rtime&quot;:&quot;20201109075712&quot;,&quot;maxCellPolVolt&quot;:27,&quot;minCellPolVolt&quot;:22,&quot;chaEndCellVoltMarginVar&quot;:21.5,&quot;condEndCellVoltMarginVar&quot;:21,&quot;segChargeEndCellTempMarginVar&quot;:2,&quot;conditionEndMileage&quot;:31980},{&quot;vin&quot;:&quot;LJUB0W1N8JS000161&quot;,&quot;rtime&quot;:&quot;20201117093330&quot;,&quot;maxCellPolVolt&quot;:24,&quot;minCellPolVolt&quot;:19,&quot;chaEndCellVoltMarginVar&quot;:21.7,&quot;condEndCellVoltMarginVar&quot;:21.2,&quot;segChargeEndCellTempMarginVar&quot;:2,&quot;conditionEndMileage&quot;:32540},{&quot;vin&quot;:&quot;LJUB0W1N8JS000161&quot;,&quot;rtime&quot;:&quot;20201125075511&quot;,&quot;maxCellPolVolt&quot;:25,&quot;minCellPolVolt&quot;:20,&quot;chaEndCellVoltMarginVar&quot;:22,&quot;condEndCellVoltMarginVar&quot;:23.88889,&quot;segChargeEndCellTempMarginVar&quot;:2,&quot;conditionEndMileage&quot;:33320},{&quot;vin&quot;:&quot;LJUB0W1N8JS000161&quot;,&quot;rtime&quot;:&quot;20201212080551&quot;,&quot;maxCellPolVolt&quot;:31,&quot;minCellPolVolt&quot;:54,&quot;chaEndCellVoltMarginVar&quot;:25.5,&quot;condEndCellVoltMarginVar&quot;:27.8,&quot;segChargeEndCellTempMarginVar&quot;:1,&quot;conditionEndMileage&quot;:35200},{&quot;vin&quot;:&quot;LJUB0W1N8JS000161&quot;,&quot;rtime&quot;:&quot;20201217075232&quot;,&quot;maxCellPolVolt&quot;:28,&quot;minCellPolVolt&quot;:19,&quot;chaEndCellVoltMarginVar&quot;:25.8,&quot;condEndCellVoltMarginVar&quot;:24.9,&quot;segChargeEndCellTempMarginVar&quot;:2,&quot;conditionEndMileage&quot;:35800},{&quot;vin&quot;:&quot;LJUB0W1N8JS000161&quot;,&quot;rtime&quot;:&quot;20201224082031&quot;,&quot;maxCellPolVolt&quot;:24,&quot;minCellPolVolt&quot;:17,&quot;chaEndCellVoltMarginVar&quot;:25.8,&quot;condEndCellVoltMarginVar&quot;:25.1,&quot;segChargeEndCellTempMarginVar&quot;:3,&quot;conditionEndMileage&quot;:36440}]},&quot;Length&quot;:{&quot;actualLenth&quot;:1,&quot;expectLenth&quot;:13},&quot;vin&quot;:{&quot;actualKey&quot;:&quot;不存在此vin&quot;,&quot;expectedKey&quot;:&quot;vin&quot;},&quot;rtime&quot;:{&quot;actualKey&quot;:&quot;不存在此rtime&quot;,&quot;expectedKey&quot;:&quot;rtime&quot;},&quot;maxCellPolVolt&quot;:{&quot;actualKey&quot;:&quot;不存在此maxCellPolVolt&quot;,&quot;expectedKey&quot;:&quot;maxCellPolVolt&quot;},&quot;minCellPolVolt&quot;:{&quot;actualKey&quot;:&quot;不存在此minCellPolVolt&quot;,&quot;expectedKey&quot;:&quot;minCellPolVolt&quot;},&quot;chaEndCellVoltMarginVar&quot;:{&quot;actualKey&quot;:&quot;不存在此chaEndCellVoltMarginVar&quot;,&quot;expectedKey&quot;:&quot;chaEndCellVoltMarginVar&quot;},&quot;condEndCellVoltMarginVar&quot;:{&quot;actualKey&quot;:&quot;不存在此condEndCellVoltMarginVar&quot;,&quot;expectedKey&quot;:&quot;condEndCellVoltMarginVar&quot;},&quot;segChargeEndCellTempMarginVar&quot;:{&quot;actualKey&quot;:&quot;不存在此segChargeEndCellTempMarginVar&quot;,&quot;expectedKey&quot;:&quot;segChargeEndCellTempMarginVar&quot;},&quot;conditionEndMileage&quot;:{&quot;actualKey&quot;:&quot;不存在此conditionEndMileage&quot;,&quot;expectedKey&quot;:&quot;conditionEndMileage&quot;},&quot;error&quot;:{&quot;actualValue&quot;:null,&quot;expectedValue&quot;:[{&quot;vin&quot;:&quot;LJUB0W1N8JS000161&quot;,&quot;rtime&quot;:&quot;20200609072852&quot;,&quot;maxCellPolVolt&quot;:12,&quot;minCellPolVolt&quot;:8,&quot;chaEndCellVoltMarginVar&quot;:1.0909091,&quot;condEndCellVoltMarginVar&quot;:0.72727275,&quot;segChargeEndCellTempMarginVar&quot;:17.5,&quot;conditionEndMileage&quot;:17},{&quot;vin&quot;:&quot;LJUB0W1N8JS000161&quot;,&quot;rtime&quot;:&quot;20200709073111&quot;,&quot;maxCellPolVolt&quot;:12,&quot;minCellPolVolt&quot;:11,&quot;chaEndCellVoltMarginVar&quot;:18.2,&quot;condEndCellVoltMarginVar&quot;:18.1,&quot;segChargeEndCellTempMarginVar&quot;:1,&quot;conditionEndMileage&quot;:22590},{&quot;vin&quot;:&quot;LJUB0W1N8JS000161&quot;,&quot;rtime&quot;:&quot;20200731071351&quot;,&quot;maxCellPolVolt&quot;:18,&quot;minCellPolVolt&quot;:25,&quot;chaEndCellVoltMarginVar&quot;:19.1,&quot;condEndCellVoltMarginVar&quot;:19.8,&quot;segChargeEndCellTempMarginVar&quot;:1,&quot;conditionEndMileage&quot;:24790},{&quot;vin&quot;:&quot;LJUB0W1N8JS000161&quot;,&quot;rtime&quot;:&quot;20200902073531&quot;,&quot;maxCellPolVolt&quot;:17,&quot;minCellPolVolt&quot;:14,&quot;chaEndCellVoltMarginVar&quot;:20,&quot;condEndCellVoltMarginVar&quot;:19.7,&quot;segChargeEndCellTempMarginVar&quot;:1,&quot;conditionEndMileage&quot;:27210},{&quot;vin&quot;:&quot;LJUB0W1N8JS000161&quot;,&quot;rtime&quot;:&quot;20200912055331&quot;,&quot;maxCellPolVolt&quot;:11,&quot;minCellPolVolt&quot;:8,&quot;chaEndCellVoltMarginVar&quot;:20.4,&quot;condEndCellVoltMarginVar&quot;:20.1,&quot;segChargeEndCellTempMarginVar&quot;:2,&quot;conditionEndMileage&quot;:27850},{&quot;vin&quot;:&quot;LJUB0W1N8JS000161&quot;,&quot;rtime&quot;:&quot;20200928073152&quot;,&quot;maxCellPolVolt&quot;:27,&quot;minCellPolVolt&quot;:79,&quot;chaEndCellVoltMarginVar&quot;:20.7,&quot;condEndCellVoltMarginVar&quot;:25.9,&quot;segChargeEndCellTempMarginVar&quot;:1,&quot;conditionEndMileage&quot;:29200},{&quot;vin&quot;:&quot;LJUB0W1N8JS000161&quot;,&quot;rtime&quot;:&quot;20201102075651&quot;,&quot;maxCellPolVolt&quot;:19,&quot;minCellPolVolt&quot;:15,&quot;chaEndCellVoltMarginVar&quot;:21.5,&quot;condEndCellVoltMarginVar&quot;:21.1,&quot;segChargeEndCellTempMarginVar&quot;:2,&quot;conditionEndMileage&quot;:31300},{&quot;vin&quot;:&quot;LJUB0W1N8JS000161&quot;,&quot;rtime&quot;:&quot;20201109075712&quot;,&quot;maxCellPolVolt&quot;:27,&quot;minCellPolVolt&quot;:22,&quot;chaEndCellVoltMarginVar&quot;:21.5,&quot;condEndCellVoltMarginVar&quot;:21,&quot;segChargeEndCellTempMarginVar&quot;:2,&quot;conditionEndMileage&quot;:31980},{&quot;vin&quot;:&quot;LJUB0W1N8JS000161&quot;,&quot;rtime&quot;:&quot;20201117093330&quot;,&quot;maxCellPolVolt&quot;:24,&quot;minCellPolVolt&quot;:19,&quot;chaEndCellVoltMarginVar&quot;:21.7,&quot;condEndCellVoltMarginVar&quot;:21.2,&quot;segChargeEndCellTempMarginVar&quot;:2,&quot;conditionEndMileage&quot;:32540},{&quot;vin&quot;:&quot;LJUB0W1N8JS000161&quot;,&quot;rtime&quot;:&quot;20201125075511&quot;,&quot;maxCellPolVolt&quot;:25,&quot;minCellPolVolt&quot;:20,&quot;chaEndCellVoltMarginVar&quot;:22,&quot;condEndCellVoltMarginVar&quot;:23.88889,&quot;segChargeEndCellTempMarginVar&quot;:2,&quot;conditionEndMileage&quot;:33320},{&quot;vin&quot;:&quot;LJUB0W1N8JS000161&quot;,&quot;rtime&quot;:&quot;20201212080551&quot;,&quot;maxCellPolVolt&quot;:31,&quot;minCellPolVolt&quot;:54,&quot;chaEndCellVoltMarginVar&quot;:25.5,&quot;condEndCellVoltMarginVar&quot;:27.8,&quot;segChargeEndCellTempMarginVar&quot;:1,&quot;conditionEndMileage&quot;:35200},{&quot;vin&quot;:&quot;LJUB0W1N8JS000161&quot;,&quot;rtime&quot;:&quot;20201217075232&quot;,&quot;maxCellPolVolt&quot;:28,&quot;minCellPolVolt&quot;:19,&quot;chaEndCellVoltMarginVar&quot;:25.8,&quot;condEndCellVoltMarginVar&quot;:24.9,&quot;segChargeEndCellTempMarginVar&quot;:2,&quot;conditionEndMileage&quot;:35800},{&quot;vin&quot;:&quot;LJUB0W1N8JS000161&quot;,&quot;rtime&quot;:&quot;20201224082031&quot;,&quot;maxCellPolVolt&quot;:24,&quot;minCellPolVolt&quot;:17,&quot;chaEndCellVoltMarginVar&quot;:25.8,&quot;condEndCellVoltMarginVar&quot;:25.1,&quot;segChargeEndCellTempMarginVar&quot;:3,&quot;conditionEndMileage&quot;:36440}],&quot;currentValue is &quot;:true,&quot;expectedValue is&quot;:false},&quot;code&quot;:{&quot;actualValue&quot;:null,&quot;expectedValue&quot;:[{&quot;vin&quot;:&quot;LJUB0W1N8JS000161&quot;,&quot;rtime&quot;:&quot;20200609072852&quot;,&quot;maxCellPolVolt&quot;:12,&quot;minCellPolVolt&quot;:8,&quot;chaEndCellVoltMarginVar&quot;:1.0909091,&quot;condEndCellVoltMarginVar&quot;:0.72727275,&quot;segChargeEndCellTempMarginVar&quot;:17.5,&quot;conditionEndMileage&quot;:17},{&quot;vin&quot;:&quot;LJUB0W1N8JS000161&quot;,&quot;rtime&quot;:&quot;20200709073111&quot;,&quot;maxCellPolVolt&quot;:12,&quot;minCellPolVolt&quot;:11,&quot;chaEndCellVoltMarginVar&quot;:18.2,&quot;condEndCellVoltMarginVar&quot;:18.1,&quot;segChargeEndCellTempMarginVar&quot;:1,&quot;conditionEndMileage&quot;:22590},{&quot;vin&quot;:&quot;LJUB0W1N8JS000161&quot;,&quot;rtime&quot;:&quot;20200731071351&quot;,&quot;maxCellPolVolt&quot;:18,&quot;minCellPolVolt&quot;:25,&quot;chaEndCellVoltMarginVar&quot;:19.1,&quot;condEndCellVoltMarginVar&quot;:19.8,&quot;segChargeEndCellTempMarginVar&quot;:1,&quot;conditionEndMileage&quot;:24790},{&quot;vin&quot;:&quot;LJUB0W1N8JS000161&quot;,&quot;rtime&quot;:&quot;20200902073531&quot;,&quot;maxCellPolVolt&quot;:17,&quot;minCellPolVolt&quot;:14,&quot;chaEndCellVoltMarginVar&quot;:20,&quot;condEndCellVoltMarginVar&quot;:19.7,&quot;segChargeEndCellTempMarginVar&quot;:1,&quot;conditionEndMileage&quot;:27210},{&quot;vin&quot;:&quot;LJUB0W1N8JS000161&quot;,&quot;rtime&quot;:&quot;20200912055331&quot;,&quot;maxCellPolVolt&quot;:11,&quot;minCellPolVolt&quot;:8,&quot;chaEndCellVoltMarginVar&quot;:20.4,&quot;condEndCellVoltMarginVar&quot;:20.1,&quot;segChargeEndCellTempMarginVar&quot;:2,&quot;conditionEndMileage&quot;:27850},{&quot;vin&quot;:&quot;LJUB0W1N8JS000161&quot;,&quot;rtime&quot;:&quot;20200928073152&quot;,&quot;maxCellPolVolt&quot;:27,&quot;minCellPolVolt&quot;:79,&quot;chaEndCellVoltMarginVar&quot;:20.7,&quot;condEndCellVoltMarginVar&quot;:25.9,&quot;segChargeEndCellTempMarginVar&quot;:1,&quot;conditionEndMileage&quot;:29200},{&quot;vin&quot;:&quot;LJUB0W1N8JS000161&quot;,&quot;rtime&quot;:&quot;20201102075651&quot;,&quot;maxCellPolVolt&quot;:19,&quot;minCellPolVolt&quot;:15,&quot;chaEndCellVoltMarginVar&quot;:21.5,&quot;condEndCellVoltMarginVar&quot;:21.1,&quot;segChargeEndCellTempMarginVar&quot;:2,&quot;conditionEndMileage&quot;:31300},{&quot;vin&quot;:&quot;LJUB0W1N8JS000161&quot;,&quot;rtime&quot;:&quot;20201109075712&quot;,&quot;maxCellPolVolt&quot;:27,&quot;minCellPolVolt&quot;:22,&quot;chaEndCellVoltMarginVar&quot;:21.5,&quot;condEndCellVoltMarginVar&quot;:21,&quot;segChargeEndCellTempMarginVar&quot;:2,&quot;conditionEndMileage&quot;:31980},{&quot;vin&quot;:&quot;LJUB0W1N8JS000161&quot;,&quot;rtime&quot;:&quot;20201117093330&quot;,&quot;maxCellPolVolt&quot;:24,&quot;minCellPolVolt&quot;:19,&quot;chaEndCellVoltMarginVar&quot;:21.7,&quot;condEndCellVoltMarginVar&quot;:21.2,&quot;segChargeEndCellTempMarginVar&quot;:2,&quot;conditionEndMileage&quot;:32540},{&quot;vin&quot;:&quot;LJUB0W1N8JS000161&quot;,&quot;rtime&quot;:&quot;20201125075511&quot;,&quot;maxCellPolVolt&quot;:25,&quot;minCellPolVolt&quot;:20,&quot;chaEndCellVoltMarginVar&quot;:22,&quot;condEndCellVoltMarginVar&quot;:23.88889,&quot;segChargeEndCellTempMarginVar&quot;:2,&quot;conditionEndMileage&quot;:33320},{&quot;vin&quot;:&quot;LJUB0W1N8JS000161&quot;,&quot;rtime&quot;:&quot;20201212080551&quot;,&quot;maxCellPolVolt&quot;:31,&quot;minCellPolVolt&quot;:54,&quot;chaEndCellVoltMarginVar&quot;:25.5,&quot;condEndCellVoltMarginVar&quot;:27.8,&quot;segChargeEndCellTempMarginVar&quot;:1,&quot;conditionEndMileage&quot;:35200},{&quot;vin&quot;:&quot;LJUB0W1N8JS000161&quot;,&quot;rtime&quot;:&quot;20201217075232&quot;,&quot;maxCellPolVolt&quot;:28,&quot;minCellPolVolt&quot;:19,&quot;chaEndCellVoltMarginVar&quot;:25.8,&quot;condEndCellVoltMarginVar&quot;:24.9,&quot;segChargeEndCellTempMarginVar&quot;:2,&quot;conditionEndMileage&quot;:35800},{&quot;vin&quot;:&quot;LJUB0W1N8JS000161&quot;,&quot;rtime&quot;:&quot;20201224082031&quot;,&quot;maxCellPolVolt&quot;:24,&quot;minCellPolVolt&quot;:17,&quot;chaEndCellVoltMarginVar&quot;:25.8,&quot;condEndCellVoltMarginVar&quot;:25.1,&quot;segChargeEndCellTempMarginVar&quot;:3,&quot;conditionEndMileage&quot;:36440}],&quot;currentValue is &quot;:&quot;40000&quot;,&quot;expectedValue is&quot;:false,&quot;expectedValue is &quot;:&quot;10000&quot;}}]">
      <![CDATA[java.lang.AssertionError: expected [{}] but found [{"data":{"actualValue":null,"expectedValue":[{"vin":"LJUB0W1N8JS000161","rtime":"20200609072852","maxCellPolVolt":12,"minCellPolVolt":8,"chaEndCellVoltMarginVar":1.0909091,"condEndCellVoltMarginVar":0.72727275,"segChargeEndCellTempMarginVar":17.5,"conditionEndMileage":17},{"vin":"LJUB0W1N8JS000161","rtime":"20200709073111","maxCellPolVolt":12,"minCellPolVolt":11,"chaEndCellVoltMarginVar":18.2,"condEndCellVoltMarginVar":18.1,"segChargeEndCellTempMarginVar":1,"conditionEndMileage":22590},{"vin":"LJUB0W1N8JS000161","rtime":"20200731071351","maxCellPolVolt":18,"minCellPolVolt":25,"chaEndCellVoltMarginVar":19.1,"condEndCellVoltMarginVar":19.8,"segChargeEndCellTempMarginVar":1,"conditionEndMileage":24790},{"vin":"LJUB0W1N8JS000161","rtime":"20200902073531","maxCellPolVolt":17,"minCellPolVolt":14,"chaEndCellVoltMarginVar":20,"condEndCellVoltMarginVar":19.7,"segChargeEndCellTempMarginVar":1,"conditionEndMileage":27210},{"vin":"LJUB0W1N8JS000161","rtime":"20200912055331","maxCellPolVolt":11,"minCellPolVolt":8,"chaEndCellVoltMarginVar":20.4,"condEndCellVoltMarginVar":20.1,"segChargeEndCellTempMarginVar":2,"conditionEndMileage":27850},{"vin":"LJUB0W1N8JS000161","rtime":"20200928073152","maxCellPolVolt":27,"minCellPolVolt":79,"chaEndCellVoltMarginVar":20.7,"condEndCellVoltMarginVar":25.9,"segChargeEndCellTempMarginVar":1,"conditionEndMileage":29200},{"vin":"LJUB0W1N8JS000161","rtime":"20201102075651","maxCellPolVolt":19,"minCellPolVolt":15,"chaEndCellVoltMarginVar":21.5,"condEndCellVoltMarginVar":21.1,"segChargeEndCellTempMarginVar":2,"conditionEndMileage":31300},{"vin":"LJUB0W1N8JS000161","rtime":"20201109075712","maxCellPolVolt":27,"minCellPolVolt":22,"chaEndCellVoltMarginVar":21.5,"condEndCellVoltMarginVar":21,"segChargeEndCellTempMarginVar":2,"conditionEndMileage":31980},{"vin":"LJUB0W1N8JS000161","rtime":"20201117093330","maxCellPolVolt":24,"minCellPolVolt":19,"chaEndCellVoltMarginVar":21.7,"condEndCellVoltMarginVar":21.2,"segChargeEndCellTempMarginVar":2,"conditionEndMileage":32540},{"vin":"LJUB0W1N8JS000161","rtime":"20201125075511","maxCellPolVolt":25,"minCellPolVolt":20,"chaEndCellVoltMarginVar":22,"condEndCellVoltMarginVar":23.88889,"segChargeEndCellTempMarginVar":2,"conditionEndMileage":33320},{"vin":"LJUB0W1N8JS000161","rtime":"20201212080551","maxCellPolVolt":31,"minCellPolVolt":54,"chaEndCellVoltMarginVar":25.5,"condEndCellVoltMarginVar":27.8,"segChargeEndCellTempMarginVar":1,"conditionEndMileage":35200},{"vin":"LJUB0W1N8JS000161","rtime":"20201217075232","maxCellPolVolt":28,"minCellPolVolt":19,"chaEndCellVoltMarginVar":25.8,"condEndCellVoltMarginVar":24.9,"segChargeEndCellTempMarginVar":2,"conditionEndMileage":35800},{"vin":"LJUB0W1N8JS000161","rtime":"20201224082031","maxCellPolVolt":24,"minCellPolVolt":17,"chaEndCellVoltMarginVar":25.8,"condEndCellVoltMarginVar":25.1,"segChargeEndCellTempMarginVar":3,"conditionEndMileage":36440}]},"Length":{"actualLenth":1,"expectLenth":13},"vin":{"actualKey":"不存在此vin","expectedKey":"vin"},"rtime":{"actualKey":"不存在此rtime","expectedKey":"rtime"},"maxCellPolVolt":{"actualKey":"不存在此maxCellPolVolt","expectedKey":"maxCellPolVolt"},"minCellPolVolt":{"actualKey":"不存在此minCellPolVolt","expectedKey":"minCellPolVolt"},"chaEndCellVoltMarginVar":{"actualKey":"不存在此chaEndCellVoltMarginVar","expectedKey":"chaEndCellVoltMarginVar"},"condEndCellVoltMarginVar":{"actualKey":"不存在此condEndCellVoltMarginVar","expectedKey":"condEndCellVoltMarginVar"},"segChargeEndCellTempMarginVar":{"actualKey":"不存在此segChargeEndCellTempMarginVar","expectedKey":"segChargeEndCellTempMarginVar"},"conditionEndMileage":{"actualKey":"不存在此conditionEndMileage","expectedKey":"conditionEndMileage"},"error":{"actualValue":null,"expectedValue":[{"vin":"LJUB0W1N8JS000161","rtime":"20200609072852","maxCellPolVolt":12,"minCellPolVolt":8,"chaEndCellVoltMarginVar":1.0909091,"condEndCellVoltMarginVar":0.72727275,"segChargeEndCellTempMarginVar":17.5,"conditionEndMileage":17},{"vin":"LJUB0W1N8JS000161","rtime":"20200709073111","maxCellPolVolt":12,"minCellPolVolt":11,"chaEndCellVoltMarginVar":18.2,"condEndCellVoltMarginVar":18.1,"segChargeEndCellTempMarginVar":1,"conditionEndMileage":22590},{"vin":"LJUB0W1N8JS000161","rtime":"20200731071351","maxCellPolVolt":18,"minCellPolVolt":25,"chaEndCellVoltMarginVar":19.1,"condEndCellVoltMarginVar":19.8,"segChargeEndCellTempMarginVar":1,"conditionEndMileage":24790},{"vin":"LJUB0W1N8JS000161","rtime":"20200902073531","maxCellPolVolt":17,"minCellPolVolt":14,"chaEndCellVoltMarginVar":20,"condEndCellVoltMarginVar":19.7,"segChargeEndCellTempMarginVar":1,"conditionEndMileage":27210},{"vin":"LJUB0W1N8JS000161","rtime":"20200912055331","maxCellPolVolt":11,"minCellPolVolt":8,"chaEndCellVoltMarginVar":20.4,"condEndCellVoltMarginVar":20.1,"segChargeEndCellTempMarginVar":2,"conditionEndMileage":27850},{"vin":"LJUB0W1N8JS000161","rtime":"20200928073152","maxCellPolVolt":27,"minCellPolVolt":79,"chaEndCellVoltMarginVar":20.7,"condEndCellVoltMarginVar":25.9,"segChargeEndCellTempMarginVar":1,"conditionEndMileage":29200},{"vin":"LJUB0W1N8JS000161","rtime":"20201102075651","maxCellPolVolt":19,"minCellPolVolt":15,"chaEndCellVoltMarginVar":21.5,"condEndCellVoltMarginVar":21.1,"segChargeEndCellTempMarginVar":2,"conditionEndMileage":31300},{"vin":"LJUB0W1N8JS000161","rtime":"20201109075712","maxCellPolVolt":27,"minCellPolVolt":22,"chaEndCellVoltMarginVar":21.5,"condEndCellVoltMarginVar":21,"segChargeEndCellTempMarginVar":2,"conditionEndMileage":31980},{"vin":"LJUB0W1N8JS000161","rtime":"20201117093330","maxCellPolVolt":24,"minCellPolVolt":19,"chaEndCellVoltMarginVar":21.7,"condEndCellVoltMarginVar":21.2,"segChargeEndCellTempMarginVar":2,"conditionEndMileage":32540},{"vin":"LJUB0W1N8JS000161","rtime":"20201125075511","maxCellPolVolt":25,"minCellPolVolt":20,"chaEndCellVoltMarginVar":22,"condEndCellVoltMarginVar":23.88889,"segChargeEndCellTempMarginVar":2,"conditionEndMileage":33320},{"vin":"LJUB0W1N8JS000161","rtime":"20201212080551","maxCellPolVolt":31,"minCellPolVolt":54,"chaEndCellVoltMarginVar":25.5,"condEndCellVoltMarginVar":27.8,"segChargeEndCellTempMarginVar":1,"conditionEndMileage":35200},{"vin":"LJUB0W1N8JS000161","rtime":"20201217075232","maxCellPolVolt":28,"minCellPolVolt":19,"chaEndCellVoltMarginVar":25.8,"condEndCellVoltMarginVar":24.9,"segChargeEndCellTempMarginVar":2,"conditionEndMileage":35800},{"vin":"LJUB0W1N8JS000161","rtime":"20201224082031","maxCellPolVolt":24,"minCellPolVolt":17,"chaEndCellVoltMarginVar":25.8,"condEndCellVoltMarginVar":25.1,"segChargeEndCellTempMarginVar":3,"conditionEndMileage":36440}],"currentValue is ":true,"expectedValue is":false},"code":{"actualValue":null,"expectedValue":[{"vin":"LJUB0W1N8JS000161","rtime":"20200609072852","maxCellPolVolt":12,"minCellPolVolt":8,"chaEndCellVoltMarginVar":1.0909091,"condEndCellVoltMarginVar":0.72727275,"segChargeEndCellTempMarginVar":17.5,"conditionEndMileage":17},{"vin":"LJUB0W1N8JS000161","rtime":"20200709073111","maxCellPolVolt":12,"minCellPolVolt":11,"chaEndCellVoltMarginVar":18.2,"condEndCellVoltMarginVar":18.1,"segChargeEndCellTempMarginVar":1,"conditionEndMileage":22590},{"vin":"LJUB0W1N8JS000161","rtime":"20200731071351","maxCellPolVolt":18,"minCellPolVolt":25,"chaEndCellVoltMarginVar":19.1,"condEndCellVoltMarginVar":19.8,"segChargeEndCellTempMarginVar":1,"conditionEndMileage":24790},{"vin":"LJUB0W1N8JS000161","rtime":"20200902073531","maxCellPolVolt":17,"minCellPolVolt":14,"chaEndCellVoltMarginVar":20,"condEndCellVoltMarginVar":19.7,"segChargeEndCellTempMarginVar":1,"conditionEndMileage":27210},{"vin":"LJUB0W1N8JS000161","rtime":"20200912055331","maxCellPolVolt":11,"minCellPolVolt":8,"chaEndCellVoltMarginVar":20.4,"condEndCellVoltMarginVar":20.1,"segChargeEndCellTempMarginVar":2,"conditionEndMileage":27850},{"vin":"LJUB0W1N8JS000161","rtime":"20200928073152","maxCellPolVolt":27,"minCellPolVolt":79,"chaEndCellVoltMarginVar":20.7,"condEndCellVoltMarginVar":25.9,"segChargeEndCellTempMarginVar":1,"conditionEndMileage":29200},{"vin":"LJUB0W1N8JS000161","rtime":"20201102075651","maxCellPolVolt":19,"minCellPolVolt":15,"chaEndCellVoltMarginVar":21.5,"condEndCellVoltMarginVar":21.1,"segChargeEndCellTempMarginVar":2,"conditionEndMileage":31300},{"vin":"LJUB0W1N8JS000161","rtime":"20201109075712","maxCellPolVolt":27,"minCellPolVolt":22,"chaEndCellVoltMarginVar":21.5,"condEndCellVoltMarginVar":21,"segChargeEndCellTempMarginVar":2,"conditionEndMileage":31980},{"vin":"LJUB0W1N8JS000161","rtime":"20201117093330","maxCellPolVolt":24,"minCellPolVolt":19,"chaEndCellVoltMarginVar":21.7,"condEndCellVoltMarginVar":21.2,"segChargeEndCellTempMarginVar":2,"conditionEndMileage":32540},{"vin":"LJUB0W1N8JS000161","rtime":"20201125075511","maxCellPolVolt":25,"minCellPolVolt":20,"chaEndCellVoltMarginVar":22,"condEndCellVoltMarginVar":23.88889,"segChargeEndCellTempMarginVar":2,"conditionEndMileage":33320},{"vin":"LJUB0W1N8JS000161","rtime":"20201212080551","maxCellPolVolt":31,"minCellPolVolt":54,"chaEndCellVoltMarginVar":25.5,"condEndCellVoltMarginVar":27.8,"segChargeEndCellTempMarginVar":1,"conditionEndMileage":35200},{"vin":"LJUB0W1N8JS000161","rtime":"20201217075232","maxCellPolVolt":28,"minCellPolVolt":19,"chaEndCellVoltMarginVar":25.8,"condEndCellVoltMarginVar":24.9,"segChargeEndCellTempMarginVar":2,"conditionEndMileage":35800},{"vin":"LJUB0W1N8JS000161","rtime":"20201224082031","maxCellPolVolt":24,"minCellPolVolt":17,"chaEndCellVoltMarginVar":25.8,"condEndCellVoltMarginVar":25.1,"segChargeEndCellTempMarginVar":3,"conditionEndMileage":36440}],"currentValue is ":"40000","expectedValue is":false,"expectedValue is ":"10000"}}]
at org.testng.Assert.fail(Assert.java:96)
at org.testng.Assert.failNotEquals(Assert.java:776)
at org.testng.Assert.assertEqualsImpl(Assert.java:137)
at org.testng.Assert.assertEquals(Assert.java:118)
at org.testng.Assert.assertEquals(Assert.java:453)
at org.testng.Assert.assertEquals(Assert.java:463)
at com.bitnei.apitest.testcases.saas.ApiTest.ApiTestCode(ApiTest.java:102)
at sun.reflect.GeneratedMethodAccessor2.invoke(Unknown Source)
at sun.reflect.DelegatingMethodAccessorImpl.invoke(DelegatingMethodAccessorImpl.java:43)
at java.lang.reflect.Method.invoke(Method.java:498)
at org.testng.internal.MethodInvocationHelper.invokeMethod(MethodInvocationHelper.java:124)
at org.testng.internal.Invoker.invokeMethod(Invoker.java:580)
at org.testng.internal.Invoker.invokeTestMethod(Invoker.java:716)
at org.testng.internal.Invoker.invokeTestMethods(Invoker.java:988)
at org.testng.internal.TestMethodWorker.invokeTestMethods(TestMethodWorker.java:125)
at org.testng.internal.TestMethodWorker.run(TestMethodWorker.java:109)
at org.testng.TestRunner.privateRun(TestRunner.java:648)
at org.testng.TestRunner.run(TestRunner.java:505)
at org.testng.SuiteRunner.runTest(SuiteRunner.java:455)
at org.testng.SuiteRunner.runSequentially(SuiteRunner.java:450)
at org.testng.SuiteRunner.privateRun(SuiteRunner.java:415)
at org.testng.SuiteRunner.run(SuiteRunner.java:364)
at org.testng.SuiteRunnerWorker.runSuite(SuiteRunnerWorker.java:52)
at org.testng.SuiteRunnerWorker.run(SuiteRunnerWorker.java:84)
at org.testng.TestNG.runSuitesSequentially(TestNG.java:1208)
at org.testng.TestNG.runSuitesLocally(TestNG.java:1137)
at org.testng.TestNG.runSuites(TestNG.java:1049)
at org.testng.TestNG.run(TestNG.java:1017)
at org.testng.remote.AbstractRemoteTestNG.run(AbstractRemoteTestNG.java:114)
at org.testng.remote.RemoteTestNG.initAndRun(RemoteTestNG.java:251)
at org.testng.remote.RemoteTestNG.main(RemoteTestNG.java:77)
]]>
    </failure>
  </testcase> <!-- ApiTestCode -->
  <testcase name="ApiTestCode" time="0.026" classname="com.bitnei.apitest.testcases.saas.ApiTest">
    <failure type="java.lang.AssertionError" message="expected [{}] but found [{&quot;status&quot;:{&quot;currentValue is &quot;:200,&quot;expectedValue is&quot;:400},&quot;errorMsg&quot;:{&quot;currentValue is &quot;:&quot;Forwarding error&quot;,&quot;expectedValue is&quot;:400,&quot;expectedValue is &quot;:&quot;参数vin未传&quot;},&quot;code&quot;:{&quot;currentValue is &quot;:&quot;40000&quot;,&quot;expectedValue is&quot;:400,&quot;expectedValue is &quot;:&quot;30001&quot;}}]">
      <![CDATA[java.lang.AssertionError: expected [{}] but found [{"status":{"currentValue is ":200,"expectedValue is":400},"errorMsg":{"currentValue is ":"Forwarding error","expectedValue is":400,"expectedValue is ":"参数vin未传"},"code":{"currentValue is ":"40000","expectedValue is":400,"expectedValue is ":"30001"}}]
at org.testng.Assert.fail(Assert.java:96)
at org.testng.Assert.failNotEquals(Assert.java:776)
at org.testng.Assert.assertEqualsImpl(Assert.java:137)
at org.testng.Assert.assertEquals(Assert.java:118)
at org.testng.Assert.assertEquals(Assert.java:453)
at org.testng.Assert.assertEquals(Assert.java:463)
at com.bitnei.apitest.testcases.saas.ApiTest.ApiTestCode(ApiTest.java:102)
at sun.reflect.GeneratedMethodAccessor2.invoke(Unknown Source)
at sun.reflect.DelegatingMethodAccessorImpl.invoke(DelegatingMethodAccessorImpl.java:43)
at java.lang.reflect.Method.invoke(Method.java:498)
at org.testng.internal.MethodInvocationHelper.invokeMethod(MethodInvocationHelper.java:124)
at org.testng.internal.Invoker.invokeMethod(Invoker.java:580)
at org.testng.internal.Invoker.invokeTestMethod(Invoker.java:716)
at org.testng.internal.Invoker.invokeTestMethods(Invoker.java:988)
at org.testng.internal.TestMethodWorker.invokeTestMethods(TestMethodWorker.java:125)
at org.testng.internal.TestMethodWorker.run(TestMethodWorker.java:109)
at org.testng.TestRunner.privateRun(TestRunner.java:648)
at org.testng.TestRunner.run(TestRunner.java:505)
at org.testng.SuiteRunner.runTest(SuiteRunner.java:455)
at org.testng.SuiteRunner.runSequentially(SuiteRunner.java:450)
at org.testng.SuiteRunner.privateRun(SuiteRunner.java:415)
at org.testng.SuiteRunner.run(SuiteRunner.java:364)
at org.testng.SuiteRunnerWorker.runSuite(SuiteRunnerWorker.java:52)
at org.testng.SuiteRunnerWorker.run(SuiteRunnerWorker.java:84)
at org.testng.TestNG.runSuitesSequentially(TestNG.java:1208)
at org.testng.TestNG.runSuitesLocally(TestNG.java:1137)
at org.testng.TestNG.runSuites(TestNG.java:1049)
at org.testng.TestNG.run(TestNG.java:1017)
at org.testng.remote.AbstractRemoteTestNG.run(AbstractRemoteTestNG.java:114)
at org.testng.remote.RemoteTestNG.initAndRun(RemoteTestNG.java:251)
at org.testng.remote.RemoteTestNG.main(RemoteTestNG.java:77)
]]>
    </failure>
  </testcase> <!-- ApiTestCode -->
  <testcase name="ApiTestCode" time="0.061" classname="com.bitnei.apitest.testcases.saas.ApiTest">
    <failure type="java.lang.AssertionError" message="expected [{}] but found [{&quot;status&quot;:{&quot;currentValue is &quot;:200,&quot;expectedValue is&quot;:400},&quot;errorMsg&quot;:{&quot;currentValue is &quot;:&quot;Forwarding error&quot;,&quot;expectedValue is&quot;:400,&quot;expectedValue is &quot;:&quot;参数vin未传&quot;},&quot;code&quot;:{&quot;currentValue is &quot;:&quot;40000&quot;,&quot;expectedValue is&quot;:400,&quot;expectedValue is &quot;:&quot;30001&quot;}}]">
      <![CDATA[java.lang.AssertionError: expected [{}] but found [{"status":{"currentValue is ":200,"expectedValue is":400},"errorMsg":{"currentValue is ":"Forwarding error","expectedValue is":400,"expectedValue is ":"参数vin未传"},"code":{"currentValue is ":"40000","expectedValue is":400,"expectedValue is ":"30001"}}]
at org.testng.Assert.fail(Assert.java:96)
at org.testng.Assert.failNotEquals(Assert.java:776)
at org.testng.Assert.assertEqualsImpl(Assert.java:137)
at org.testng.Assert.assertEquals(Assert.java:118)
at org.testng.Assert.assertEquals(Assert.java:453)
at org.testng.Assert.assertEquals(Assert.java:463)
at com.bitnei.apitest.testcases.saas.ApiTest.ApiTestCode(ApiTest.java:102)
at sun.reflect.GeneratedMethodAccessor2.invoke(Unknown Source)
at sun.reflect.DelegatingMethodAccessorImpl.invoke(DelegatingMethodAccessorImpl.java:43)
at java.lang.reflect.Method.invoke(Method.java:498)
at org.testng.internal.MethodInvocationHelper.invokeMethod(MethodInvocationHelper.java:124)
at org.testng.internal.Invoker.invokeMethod(Invoker.java:580)
at org.testng.internal.Invoker.invokeTestMethod(Invoker.java:716)
at org.testng.internal.Invoker.invokeTestMethods(Invoker.java:988)
at org.testng.internal.TestMethodWorker.invokeTestMethods(TestMethodWorker.java:125)
at org.testng.internal.TestMethodWorker.run(TestMethodWorker.java:109)
at org.testng.TestRunner.privateRun(TestRunner.java:648)
at org.testng.TestRunner.run(TestRunner.java:505)
at org.testng.SuiteRunner.runTest(SuiteRunner.java:455)
at org.testng.SuiteRunner.runSequentially(SuiteRunner.java:450)
at org.testng.SuiteRunner.privateRun(SuiteRunner.java:415)
at org.testng.SuiteRunner.run(SuiteRunner.java:364)
at org.testng.SuiteRunnerWorker.runSuite(SuiteRunnerWorker.java:52)
at org.testng.SuiteRunnerWorker.run(SuiteRunnerWorker.java:84)
at org.testng.TestNG.runSuitesSequentially(TestNG.java:1208)
at org.testng.TestNG.runSuitesLocally(TestNG.java:1137)
at org.testng.TestNG.runSuites(TestNG.java:1049)
at org.testng.TestNG.run(TestNG.java:1017)
at org.testng.remote.AbstractRemoteTestNG.run(AbstractRemoteTestNG.java:114)
at org.testng.remote.RemoteTestNG.initAndRun(RemoteTestNG.java:251)
at org.testng.remote.RemoteTestNG.main(RemoteTestNG.java:77)
]]>
    </failure>
  </testcase> <!-- ApiTestCode -->
  <testcase name="ApiTestCode" time="0.027" classname="com.bitnei.apitest.testcases.saas.ApiTest">
    <failure type="java.lang.AssertionError" message="expected [{}] but found [{&quot;status&quot;:{&quot;currentValue is &quot;:200,&quot;expectedValue is&quot;:400},&quot;errorMsg&quot;:{&quot;currentValue is &quot;:&quot;Forwarding error&quot;,&quot;expectedValue is&quot;:400,&quot;expectedValue is &quot;:&quot;参数vin未传&quot;},&quot;code&quot;:{&quot;currentValue is &quot;:&quot;40000&quot;,&quot;expectedValue is&quot;:400,&quot;expectedValue is &quot;:&quot;30001&quot;}}]">
      <![CDATA[java.lang.AssertionError: expected [{}] but found [{"status":{"currentValue is ":200,"expectedValue is":400},"errorMsg":{"currentValue is ":"Forwarding error","expectedValue is":400,"expectedValue is ":"参数vin未传"},"code":{"currentValue is ":"40000","expectedValue is":400,"expectedValue is ":"30001"}}]
at org.testng.Assert.fail(Assert.java:96)
at org.testng.Assert.failNotEquals(Assert.java:776)
at org.testng.Assert.assertEqualsImpl(Assert.java:137)
at org.testng.Assert.assertEquals(Assert.java:118)
at org.testng.Assert.assertEquals(Assert.java:453)
at org.testng.Assert.assertEquals(Assert.java:463)
at com.bitnei.apitest.testcases.saas.ApiTest.ApiTestCode(ApiTest.java:102)
at sun.reflect.GeneratedMethodAccessor2.invoke(Unknown Source)
at sun.reflect.DelegatingMethodAccessorImpl.invoke(DelegatingMethodAccessorImpl.java:43)
at java.lang.reflect.Method.invoke(Method.java:498)
at org.testng.internal.MethodInvocationHelper.invokeMethod(MethodInvocationHelper.java:124)
at org.testng.internal.Invoker.invokeMethod(Invoker.java:580)
at org.testng.internal.Invoker.invokeTestMethod(Invoker.java:716)
at org.testng.internal.Invoker.invokeTestMethods(Invoker.java:988)
at org.testng.internal.TestMethodWorker.invokeTestMethods(TestMethodWorker.java:125)
at org.testng.internal.TestMethodWorker.run(TestMethodWorker.java:109)
at org.testng.TestRunner.privateRun(TestRunner.java:648)
at org.testng.TestRunner.run(TestRunner.java:505)
at org.testng.SuiteRunner.runTest(SuiteRunner.java:455)
at org.testng.SuiteRunner.runSequentially(SuiteRunner.java:450)
at org.testng.SuiteRunner.privateRun(SuiteRunner.java:415)
at org.testng.SuiteRunner.run(SuiteRunner.java:364)
at org.testng.SuiteRunnerWorker.runSuite(SuiteRunnerWorker.java:52)
at org.testng.SuiteRunnerWorker.run(SuiteRunnerWorker.java:84)
at org.testng.TestNG.runSuitesSequentially(TestNG.java:1208)
at org.testng.TestNG.runSuitesLocally(TestNG.java:1137)
at org.testng.TestNG.runSuites(TestNG.java:1049)
at org.testng.TestNG.run(TestNG.java:1017)
at org.testng.remote.AbstractRemoteTestNG.run(AbstractRemoteTestNG.java:114)
at org.testng.remote.RemoteTestNG.initAndRun(RemoteTestNG.java:251)
at org.testng.remote.RemoteTestNG.main(RemoteTestNG.java:77)
]]>
    </failure>
  </testcase> <!-- ApiTestCode -->
  <testcase name="ApiTestCode" time="0.071" classname="com.bitnei.apitest.testcases.saas.ApiTest">
    <failure type="java.lang.AssertionError" message="expected [{}] but found [{&quot;data&quot;:{&quot;actualValue&quot;:null,&quot;expectedValue&quot;:{&quot;vin&quot;:&quot;HDL421BGXK1000403&quot;,&quot;statisticDate&quot;:&quot;2020-06-15&quot;,&quot;start_mileage&quot;:11560,&quot;end_mileage&quot;:11570,&quot;odo_mileage&quot;:10,&quot;total_run_mile&quot;:10,&quot;total_run_time_length&quot;:290,&quot;total_run_times&quot;:1,&quot;total_acc_count&quot;:0,&quot;total_brake_acc_count&quot;:0}},&quot;vin&quot;:{&quot;actualKey&quot;:&quot;不存在此vin&quot;,&quot;expectedKey&quot;:&quot;vin&quot;},&quot;statisticDate&quot;:{&quot;actualKey&quot;:&quot;不存在此statisticDate&quot;,&quot;expectedKey&quot;:&quot;statisticDate&quot;},&quot;start_mileage&quot;:{&quot;actualKey&quot;:&quot;不存在此start_mileage&quot;,&quot;expectedKey&quot;:&quot;start_mileage&quot;},&quot;end_mileage&quot;:{&quot;actualKey&quot;:&quot;不存在此end_mileage&quot;,&quot;expectedKey&quot;:&quot;end_mileage&quot;},&quot;odo_mileage&quot;:{&quot;actualKey&quot;:&quot;不存在此odo_mileage&quot;,&quot;expectedKey&quot;:&quot;odo_mileage&quot;},&quot;total_run_mile&quot;:{&quot;actualKey&quot;:&quot;不存在此total_run_mile&quot;,&quot;expectedKey&quot;:&quot;total_run_mile&quot;},&quot;total_run_time_length&quot;:{&quot;actualKey&quot;:&quot;不存在此total_run_time_length&quot;,&quot;expectedKey&quot;:&quot;total_run_time_length&quot;},&quot;total_run_times&quot;:{&quot;actualKey&quot;:&quot;不存在此total_run_times&quot;,&quot;expectedKey&quot;:&quot;total_run_times&quot;},&quot;total_acc_count&quot;:{&quot;actualKey&quot;:&quot;不存在此total_acc_count&quot;,&quot;expectedKey&quot;:&quot;total_acc_count&quot;},&quot;total_brake_acc_count&quot;:{&quot;actualKey&quot;:&quot;不存在此total_brake_acc_count&quot;,&quot;expectedKey&quot;:&quot;total_brake_acc_count&quot;},&quot;error&quot;:{&quot;actualValue&quot;:null,&quot;expectedValue&quot;:{&quot;vin&quot;:&quot;HDL421BGXK1000403&quot;,&quot;statisticDate&quot;:&quot;2020-06-15&quot;,&quot;start_mileage&quot;:11560,&quot;end_mileage&quot;:11570,&quot;odo_mileage&quot;:10,&quot;total_run_mile&quot;:10,&quot;total_run_time_length&quot;:290,&quot;total_run_times&quot;:1,&quot;total_acc_count&quot;:0,&quot;total_brake_acc_count&quot;:0},&quot;currentValue is &quot;:true,&quot;expectedValue is&quot;:false},&quot;code&quot;:{&quot;actualValue&quot;:null,&quot;expectedValue&quot;:{&quot;vin&quot;:&quot;HDL421BGXK1000403&quot;,&quot;statisticDate&quot;:&quot;2020-06-15&quot;,&quot;start_mileage&quot;:11560,&quot;end_mileage&quot;:11570,&quot;odo_mileage&quot;:10,&quot;total_run_mile&quot;:10,&quot;total_run_time_length&quot;:290,&quot;total_run_times&quot;:1,&quot;total_acc_count&quot;:0,&quot;total_brake_acc_count&quot;:0},&quot;currentValue is &quot;:&quot;40000&quot;,&quot;expectedValue is&quot;:false,&quot;expectedValue is &quot;:&quot;10000&quot;}}]">
      <![CDATA[java.lang.AssertionError: expected [{}] but found [{"data":{"actualValue":null,"expectedValue":{"vin":"HDL421BGXK1000403","statisticDate":"2020-06-15","start_mileage":11560,"end_mileage":11570,"odo_mileage":10,"total_run_mile":10,"total_run_time_length":290,"total_run_times":1,"total_acc_count":0,"total_brake_acc_count":0}},"vin":{"actualKey":"不存在此vin","expectedKey":"vin"},"statisticDate":{"actualKey":"不存在此statisticDate","expectedKey":"statisticDate"},"start_mileage":{"actualKey":"不存在此start_mileage","expectedKey":"start_mileage"},"end_mileage":{"actualKey":"不存在此end_mileage","expectedKey":"end_mileage"},"odo_mileage":{"actualKey":"不存在此odo_mileage","expectedKey":"odo_mileage"},"total_run_mile":{"actualKey":"不存在此total_run_mile","expectedKey":"total_run_mile"},"total_run_time_length":{"actualKey":"不存在此total_run_time_length","expectedKey":"total_run_time_length"},"total_run_times":{"actualKey":"不存在此total_run_times","expectedKey":"total_run_times"},"total_acc_count":{"actualKey":"不存在此total_acc_count","expectedKey":"total_acc_count"},"total_brake_acc_count":{"actualKey":"不存在此total_brake_acc_count","expectedKey":"total_brake_acc_count"},"error":{"actualValue":null,"expectedValue":{"vin":"HDL421BGXK1000403","statisticDate":"2020-06-15","start_mileage":11560,"end_mileage":11570,"odo_mileage":10,"total_run_mile":10,"total_run_time_length":290,"total_run_times":1,"total_acc_count":0,"total_brake_acc_count":0},"currentValue is ":true,"expectedValue is":false},"code":{"actualValue":null,"expectedValue":{"vin":"HDL421BGXK1000403","statisticDate":"2020-06-15","start_mileage":11560,"end_mileage":11570,"odo_mileage":10,"total_run_mile":10,"total_run_time_length":290,"total_run_times":1,"total_acc_count":0,"total_brake_acc_count":0},"currentValue is ":"40000","expectedValue is":false,"expectedValue is ":"10000"}}]
at org.testng.Assert.fail(Assert.java:96)
at org.testng.Assert.failNotEquals(Assert.java:776)
at org.testng.Assert.assertEqualsImpl(Assert.java:137)
at org.testng.Assert.assertEquals(Assert.java:118)
at org.testng.Assert.assertEquals(Assert.java:453)
at org.testng.Assert.assertEquals(Assert.java:463)
at com.bitnei.apitest.testcases.saas.ApiTest.ApiTestCode(ApiTest.java:102)
at sun.reflect.GeneratedMethodAccessor2.invoke(Unknown Source)
at sun.reflect.DelegatingMethodAccessorImpl.invoke(DelegatingMethodAccessorImpl.java:43)
at java.lang.reflect.Method.invoke(Method.java:498)
at org.testng.internal.MethodInvocationHelper.invokeMethod(MethodInvocationHelper.java:124)
at org.testng.internal.Invoker.invokeMethod(Invoker.java:580)
at org.testng.internal.Invoker.invokeTestMethod(Invoker.java:716)
at org.testng.internal.Invoker.invokeTestMethods(Invoker.java:988)
at org.testng.internal.TestMethodWorker.invokeTestMethods(TestMethodWorker.java:125)
at org.testng.internal.TestMethodWorker.run(TestMethodWorker.java:109)
at org.testng.TestRunner.privateRun(TestRunner.java:648)
at org.testng.TestRunner.run(TestRunner.java:505)
at org.testng.SuiteRunner.runTest(SuiteRunner.java:455)
at org.testng.SuiteRunner.runSequentially(SuiteRunner.java:450)
at org.testng.SuiteRunner.privateRun(SuiteRunner.java:415)
at org.testng.SuiteRunner.run(SuiteRunner.java:364)
at org.testng.SuiteRunnerWorker.runSuite(SuiteRunnerWorker.java:52)
at org.testng.SuiteRunnerWorker.run(SuiteRunnerWorker.java:84)
at org.testng.TestNG.runSuitesSequentially(TestNG.java:1208)
at org.testng.TestNG.runSuitesLocally(TestNG.java:1137)
at org.testng.TestNG.runSuites(TestNG.java:1049)
at org.testng.TestNG.run(TestNG.java:1017)
at org.testng.remote.AbstractRemoteTestNG.run(AbstractRemoteTestNG.java:114)
at org.testng.remote.RemoteTestNG.initAndRun(RemoteTestNG.java:251)
at org.testng.remote.RemoteTestNG.main(RemoteTestNG.java:77)
]]>
    </failure>
  </testcase> <!-- ApiTestCode -->
  <testcase name="ApiTestCode" time="0.023" classname="com.bitnei.apitest.testcases.saas.ApiTest">
    <failure type="java.lang.AssertionError" message="expected [{}] but found [{&quot;error&quot;:{&quot;currentValue is &quot;:true,&quot;expectedValue is&quot;:false},&quot;code&quot;:{&quot;currentValue is &quot;:&quot;40000&quot;,&quot;expectedValue is&quot;:false,&quot;expectedValue is &quot;:&quot;35000&quot;}}]">
      <![CDATA[java.lang.AssertionError: expected [{}] but found [{"error":{"currentValue is ":true,"expectedValue is":false},"code":{"currentValue is ":"40000","expectedValue is":false,"expectedValue is ":"35000"}}]
at org.testng.Assert.fail(Assert.java:96)
at org.testng.Assert.failNotEquals(Assert.java:776)
at org.testng.Assert.assertEqualsImpl(Assert.java:137)
at org.testng.Assert.assertEquals(Assert.java:118)
at org.testng.Assert.assertEquals(Assert.java:453)
at org.testng.Assert.assertEquals(Assert.java:463)
at com.bitnei.apitest.testcases.saas.ApiTest.ApiTestCode(ApiTest.java:102)
at sun.reflect.GeneratedMethodAccessor2.invoke(Unknown Source)
at sun.reflect.DelegatingMethodAccessorImpl.invoke(DelegatingMethodAccessorImpl.java:43)
at java.lang.reflect.Method.invoke(Method.java:498)
at org.testng.internal.MethodInvocationHelper.invokeMethod(MethodInvocationHelper.java:124)
at org.testng.internal.Invoker.invokeMethod(Invoker.java:580)
at org.testng.internal.Invoker.invokeTestMethod(Invoker.java:716)
at org.testng.internal.Invoker.invokeTestMethods(Invoker.java:988)
at org.testng.internal.TestMethodWorker.invokeTestMethods(TestMethodWorker.java:125)
at org.testng.internal.TestMethodWorker.run(TestMethodWorker.java:109)
at org.testng.TestRunner.privateRun(TestRunner.java:648)
at org.testng.TestRunner.run(TestRunner.java:505)
at org.testng.SuiteRunner.runTest(SuiteRunner.java:455)
at org.testng.SuiteRunner.runSequentially(SuiteRunner.java:450)
at org.testng.SuiteRunner.privateRun(SuiteRunner.java:415)
at org.testng.SuiteRunner.run(SuiteRunner.java:364)
at org.testng.SuiteRunnerWorker.runSuite(SuiteRunnerWorker.java:52)
at org.testng.SuiteRunnerWorker.run(SuiteRunnerWorker.java:84)
at org.testng.TestNG.runSuitesSequentially(TestNG.java:1208)
at org.testng.TestNG.runSuitesLocally(TestNG.java:1137)
at org.testng.TestNG.runSuites(TestNG.java:1049)
at org.testng.TestNG.run(TestNG.java:1017)
at org.testng.remote.AbstractRemoteTestNG.run(AbstractRemoteTestNG.java:114)
at org.testng.remote.RemoteTestNG.initAndRun(RemoteTestNG.java:251)
at org.testng.remote.RemoteTestNG.main(RemoteTestNG.java:77)
]]>
    </failure>
  </testcase> <!-- ApiTestCode -->
  <testcase name="ApiTestCode" time="0.026" classname="com.bitnei.apitest.testcases.saas.ApiTest">
    <failure type="java.lang.AssertionError" message="expected [{}] but found [{&quot;status&quot;:{&quot;currentValue is &quot;:200,&quot;expectedValue is&quot;:400},&quot;errorMsg&quot;:{&quot;currentValue is &quot;:&quot;Forwarding error&quot;,&quot;expectedValue is&quot;:400,&quot;expectedValue is &quot;:&quot;参数vin和licensePlate至少传一个&quot;},&quot;code&quot;:{&quot;currentValue is &quot;:&quot;40000&quot;,&quot;expectedValue is&quot;:400,&quot;expectedValue is &quot;:&quot;30001&quot;}}]">
      <![CDATA[java.lang.AssertionError: expected [{}] but found [{"status":{"currentValue is ":200,"expectedValue is":400},"errorMsg":{"currentValue is ":"Forwarding error","expectedValue is":400,"expectedValue is ":"参数vin和licensePlate至少传一个"},"code":{"currentValue is ":"40000","expectedValue is":400,"expectedValue is ":"30001"}}]
at org.testng.Assert.fail(Assert.java:96)
at org.testng.Assert.failNotEquals(Assert.java:776)
at org.testng.Assert.assertEqualsImpl(Assert.java:137)
at org.testng.Assert.assertEquals(Assert.java:118)
at org.testng.Assert.assertEquals(Assert.java:453)
at org.testng.Assert.assertEquals(Assert.java:463)
at com.bitnei.apitest.testcases.saas.ApiTest.ApiTestCode(ApiTest.java:102)
at sun.reflect.GeneratedMethodAccessor2.invoke(Unknown Source)
at sun.reflect.DelegatingMethodAccessorImpl.invoke(DelegatingMethodAccessorImpl.java:43)
at java.lang.reflect.Method.invoke(Method.java:498)
at org.testng.internal.MethodInvocationHelper.invokeMethod(MethodInvocationHelper.java:124)
at org.testng.internal.Invoker.invokeMethod(Invoker.java:580)
at org.testng.internal.Invoker.invokeTestMethod(Invoker.java:716)
at org.testng.internal.Invoker.invokeTestMethods(Invoker.java:988)
at org.testng.internal.TestMethodWorker.invokeTestMethods(TestMethodWorker.java:125)
at org.testng.internal.TestMethodWorker.run(TestMethodWorker.java:109)
at org.testng.TestRunner.privateRun(TestRunner.java:648)
at org.testng.TestRunner.run(TestRunner.java:505)
at org.testng.SuiteRunner.runTest(SuiteRunner.java:455)
at org.testng.SuiteRunner.runSequentially(SuiteRunner.java:450)
at org.testng.SuiteRunner.privateRun(SuiteRunner.java:415)
at org.testng.SuiteRunner.run(SuiteRunner.java:364)
at org.testng.SuiteRunnerWorker.runSuite(SuiteRunnerWorker.java:52)
at org.testng.SuiteRunnerWorker.run(SuiteRunnerWorker.java:84)
at org.testng.TestNG.runSuitesSequentially(TestNG.java:1208)
at org.testng.TestNG.runSuitesLocally(TestNG.java:1137)
at org.testng.TestNG.runSuites(TestNG.java:1049)
at org.testng.TestNG.run(TestNG.java:1017)
at org.testng.remote.AbstractRemoteTestNG.run(AbstractRemoteTestNG.java:114)
at org.testng.remote.RemoteTestNG.initAndRun(RemoteTestNG.java:251)
at org.testng.remote.RemoteTestNG.main(RemoteTestNG.java:77)
]]>
    </failure>
  </testcase> <!-- ApiTestCode -->
  <testcase name="ApiTestCode" time="0.024" classname="com.bitnei.apitest.testcases.saas.ApiTest"/>
  <testcase name="ApiTestCode" time="0.032" classname="com.bitnei.apitest.testcases.saas.ApiTest"/>
  <testcase name="ApiTestCode" time="0.031" classname="com.bitnei.apitest.testcases.saas.ApiTest">
    <failure type="java.lang.AssertionError" message="expected [{}] but found [{&quot;status&quot;:{&quot;currentValue is &quot;:200,&quot;expectedValue is&quot;:400},&quot;errorMsg&quot;:{&quot;currentValue is &quot;:&quot;Forwarding error&quot;,&quot;expectedValue is&quot;:400,&quot;expectedValue is &quot;:&quot;month 日期格式不正确(yyyy-MM)&quot;},&quot;code&quot;:{&quot;currentValue is &quot;:&quot;40000&quot;,&quot;expectedValue is&quot;:400,&quot;expectedValue is &quot;:&quot;30001&quot;}}]">
      <![CDATA[java.lang.AssertionError: expected [{}] but found [{"status":{"currentValue is ":200,"expectedValue is":400},"errorMsg":{"currentValue is ":"Forwarding error","expectedValue is":400,"expectedValue is ":"month 日期格式不正确(yyyy-MM)"},"code":{"currentValue is ":"40000","expectedValue is":400,"expectedValue is ":"30001"}}]
at org.testng.Assert.fail(Assert.java:96)
at org.testng.Assert.failNotEquals(Assert.java:776)
at org.testng.Assert.assertEqualsImpl(Assert.java:137)
at org.testng.Assert.assertEquals(Assert.java:118)
at org.testng.Assert.assertEquals(Assert.java:453)
at org.testng.Assert.assertEquals(Assert.java:463)
at com.bitnei.apitest.testcases.saas.ApiTest.ApiTestCode(ApiTest.java:102)
at sun.reflect.GeneratedMethodAccessor2.invoke(Unknown Source)
at sun.reflect.DelegatingMethodAccessorImpl.invoke(DelegatingMethodAccessorImpl.java:43)
at java.lang.reflect.Method.invoke(Method.java:498)
at org.testng.internal.MethodInvocationHelper.invokeMethod(MethodInvocationHelper.java:124)
at org.testng.internal.Invoker.invokeMethod(Invoker.java:580)
at org.testng.internal.Invoker.invokeTestMethod(Invoker.java:716)
at org.testng.internal.Invoker.invokeTestMethods(Invoker.java:988)
at org.testng.internal.TestMethodWorker.invokeTestMethods(TestMethodWorker.java:125)
at org.testng.internal.TestMethodWorker.run(TestMethodWorker.java:109)
at org.testng.TestRunner.privateRun(TestRunner.java:648)
at org.testng.TestRunner.run(TestRunner.java:505)
at org.testng.SuiteRunner.runTest(SuiteRunner.java:455)
at org.testng.SuiteRunner.runSequentially(SuiteRunner.java:450)
at org.testng.SuiteRunner.privateRun(SuiteRunner.java:415)
at org.testng.SuiteRunner.run(SuiteRunner.java:364)
at org.testng.SuiteRunnerWorker.runSuite(SuiteRunnerWorker.java:52)
at org.testng.SuiteRunnerWorker.run(SuiteRunnerWorker.java:84)
at org.testng.TestNG.runSuitesSequentially(TestNG.java:1208)
at org.testng.TestNG.runSuitesLocally(TestNG.java:1137)
at org.testng.TestNG.runSuites(TestNG.java:1049)
at org.testng.TestNG.run(TestNG.java:1017)
at org.testng.remote.AbstractRemoteTestNG.run(AbstractRemoteTestNG.java:114)
at org.testng.remote.RemoteTestNG.initAndRun(RemoteTestNG.java:251)
at org.testng.remote.RemoteTestNG.main(RemoteTestNG.java:77)
]]>
    </failure>
  </testcase> <!-- ApiTestCode -->
  <testcase name="ApiTestCode" time="0.034" classname="com.bitnei.apitest.testcases.saas.ApiTest">
    <failure type="java.lang.AssertionError" message="expected [{}] but found [{&quot;status&quot;:{&quot;currentValue is &quot;:200,&quot;expectedValue is&quot;:400},&quot;errorMsg&quot;:{&quot;currentValue is &quot;:&quot;Forwarding error&quot;,&quot;expectedValue is&quot;:400,&quot;expectedValue is &quot;:&quot;参数vin未传&quot;},&quot;code&quot;:{&quot;currentValue is &quot;:&quot;40000&quot;,&quot;expectedValue is&quot;:400,&quot;expectedValue is &quot;:&quot;30001&quot;}}]">
      <![CDATA[java.lang.AssertionError: expected [{}] but found [{"status":{"currentValue is ":200,"expectedValue is":400},"errorMsg":{"currentValue is ":"Forwarding error","expectedValue is":400,"expectedValue is ":"参数vin未传"},"code":{"currentValue is ":"40000","expectedValue is":400,"expectedValue is ":"30001"}}]
at org.testng.Assert.fail(Assert.java:96)
at org.testng.Assert.failNotEquals(Assert.java:776)
at org.testng.Assert.assertEqualsImpl(Assert.java:137)
at org.testng.Assert.assertEquals(Assert.java:118)
at org.testng.Assert.assertEquals(Assert.java:453)
at org.testng.Assert.assertEquals(Assert.java:463)
at com.bitnei.apitest.testcases.saas.ApiTest.ApiTestCode(ApiTest.java:102)
at sun.reflect.GeneratedMethodAccessor2.invoke(Unknown Source)
at sun.reflect.DelegatingMethodAccessorImpl.invoke(DelegatingMethodAccessorImpl.java:43)
at java.lang.reflect.Method.invoke(Method.java:498)
at org.testng.internal.MethodInvocationHelper.invokeMethod(MethodInvocationHelper.java:124)
at org.testng.internal.Invoker.invokeMethod(Invoker.java:580)
at org.testng.internal.Invoker.invokeTestMethod(Invoker.java:716)
at org.testng.internal.Invoker.invokeTestMethods(Invoker.java:988)
at org.testng.internal.TestMethodWorker.invokeTestMethods(TestMethodWorker.java:125)
at org.testng.internal.TestMethodWorker.run(TestMethodWorker.java:109)
at org.testng.TestRunner.privateRun(TestRunner.java:648)
at org.testng.TestRunner.run(TestRunner.java:505)
at org.testng.SuiteRunner.runTest(SuiteRunner.java:455)
at org.testng.SuiteRunner.runSequentially(SuiteRunner.java:450)
at org.testng.SuiteRunner.privateRun(SuiteRunner.java:415)
at org.testng.SuiteRunner.run(SuiteRunner.java:364)
at org.testng.SuiteRunnerWorker.runSuite(SuiteRunnerWorker.java:52)
at org.testng.SuiteRunnerWorker.run(SuiteRunnerWorker.java:84)
at org.testng.TestNG.runSuitesSequentially(TestNG.java:1208)
at org.testng.TestNG.runSuitesLocally(TestNG.java:1137)
at org.testng.TestNG.runSuites(TestNG.java:1049)
at org.testng.TestNG.run(TestNG.java:1017)
at org.testng.remote.AbstractRemoteTestNG.run(AbstractRemoteTestNG.java:114)
at org.testng.remote.RemoteTestNG.initAndRun(RemoteTestNG.java:251)
at org.testng.remote.RemoteTestNG.main(RemoteTestNG.java:77)
]]>
    </failure>
  </testcase> <!-- ApiTestCode -->
  <testcase name="ApiTestCode" time="0.025" classname="com.bitnei.apitest.testcases.saas.ApiTest">
    <failure type="java.lang.AssertionError" message="expected [{}] but found [{&quot;data&quot;:{&quot;actualValue&quot;:null,&quot;expectedValue&quot;:{&quot;change&quot;:true,&quot;lastPackCode&quot;:&quot;010B200WQJ815AB520&quot;,&quot;latestPackCode&quot;:&quot;123&quot;,&quot;replaceDate&quot;:null}},&quot;change&quot;:{&quot;actualKey&quot;:&quot;不存在此change&quot;,&quot;expectedKey&quot;:&quot;change&quot;},&quot;lastPackCode&quot;:{&quot;actualKey&quot;:&quot;不存在此lastPackCode&quot;,&quot;expectedKey&quot;:&quot;lastPackCode&quot;},&quot;latestPackCode&quot;:{&quot;actualKey&quot;:&quot;不存在此latestPackCode&quot;,&quot;expectedKey&quot;:&quot;latestPackCode&quot;},&quot;replaceDate&quot;:{&quot;actualKey&quot;:&quot;不存在此replaceDate&quot;,&quot;expectedKey&quot;:&quot;replaceDate&quot;},&quot;error&quot;:{&quot;actualValue&quot;:null,&quot;expectedValue&quot;:{&quot;change&quot;:true,&quot;lastPackCode&quot;:&quot;010B200WQJ815AB520&quot;,&quot;latestPackCode&quot;:&quot;123&quot;,&quot;replaceDate&quot;:null},&quot;currentValue is &quot;:true,&quot;expectedValue is&quot;:false},&quot;code&quot;:{&quot;actualValue&quot;:null,&quot;expectedValue&quot;:{&quot;change&quot;:true,&quot;lastPackCode&quot;:&quot;010B200WQJ815AB520&quot;,&quot;latestPackCode&quot;:&quot;123&quot;,&quot;replaceDate&quot;:null},&quot;currentValue is &quot;:&quot;40000&quot;,&quot;expectedValue is&quot;:false,&quot;expectedValue is &quot;:&quot;10000&quot;}}]">
      <![CDATA[java.lang.AssertionError: expected [{}] but found [{"data":{"actualValue":null,"expectedValue":{"change":true,"lastPackCode":"010B200WQJ815AB520","latestPackCode":"123","replaceDate":null}},"change":{"actualKey":"不存在此change","expectedKey":"change"},"lastPackCode":{"actualKey":"不存在此lastPackCode","expectedKey":"lastPackCode"},"latestPackCode":{"actualKey":"不存在此latestPackCode","expectedKey":"latestPackCode"},"replaceDate":{"actualKey":"不存在此replaceDate","expectedKey":"replaceDate"},"error":{"actualValue":null,"expectedValue":{"change":true,"lastPackCode":"010B200WQJ815AB520","latestPackCode":"123","replaceDate":null},"currentValue is ":true,"expectedValue is":false},"code":{"actualValue":null,"expectedValue":{"change":true,"lastPackCode":"010B200WQJ815AB520","latestPackCode":"123","replaceDate":null},"currentValue is ":"40000","expectedValue is":false,"expectedValue is ":"10000"}}]
at org.testng.Assert.fail(Assert.java:96)
at org.testng.Assert.failNotEquals(Assert.java:776)
at org.testng.Assert.assertEqualsImpl(Assert.java:137)
at org.testng.Assert.assertEquals(Assert.java:118)
at org.testng.Assert.assertEquals(Assert.java:453)
at org.testng.Assert.assertEquals(Assert.java:463)
at com.bitnei.apitest.testcases.saas.ApiTest.ApiTestCode(ApiTest.java:102)
at sun.reflect.GeneratedMethodAccessor2.invoke(Unknown Source)
at sun.reflect.DelegatingMethodAccessorImpl.invoke(DelegatingMethodAccessorImpl.java:43)
at java.lang.reflect.Method.invoke(Method.java:498)
at org.testng.internal.MethodInvocationHelper.invokeMethod(MethodInvocationHelper.java:124)
at org.testng.internal.Invoker.invokeMethod(Invoker.java:580)
at org.testng.internal.Invoker.invokeTestMethod(Invoker.java:716)
at org.testng.internal.Invoker.invokeTestMethods(Invoker.java:988)
at org.testng.internal.TestMethodWorker.invokeTestMethods(TestMethodWorker.java:125)
at org.testng.internal.TestMethodWorker.run(TestMethodWorker.java:109)
at org.testng.TestRunner.privateRun(TestRunner.java:648)
at org.testng.TestRunner.run(TestRunner.java:505)
at org.testng.SuiteRunner.runTest(SuiteRunner.java:455)
at org.testng.SuiteRunner.runSequentially(SuiteRunner.java:450)
at org.testng.SuiteRunner.privateRun(SuiteRunner.java:415)
at org.testng.SuiteRunner.run(SuiteRunner.java:364)
at org.testng.SuiteRunnerWorker.runSuite(SuiteRunnerWorker.java:52)
at org.testng.SuiteRunnerWorker.run(SuiteRunnerWorker.java:84)
at org.testng.TestNG.runSuitesSequentially(TestNG.java:1208)
at org.testng.TestNG.runSuitesLocally(TestNG.java:1137)
at org.testng.TestNG.runSuites(TestNG.java:1049)
at org.testng.TestNG.run(TestNG.java:1017)
at org.testng.remote.AbstractRemoteTestNG.run(AbstractRemoteTestNG.java:114)
at org.testng.remote.RemoteTestNG.initAndRun(RemoteTestNG.java:251)
at org.testng.remote.RemoteTestNG.main(RemoteTestNG.java:77)
]]>
    </failure>
  </testcase> <!-- ApiTestCode -->
  <testcase name="ApiTestCode" time="0.026" classname="com.bitnei.apitest.testcases.saas.ApiTest">
    <failure type="java.lang.AssertionError" message="expected [{}] but found [{&quot;data&quot;:{&quot;actualValue&quot;:null,&quot;expectedValue&quot;:{&quot;produceType&quot;:&quot;电池包&quot;,&quot;batteryType&quot;:&quot;三元材料&quot;,&quot;cellEnterprise&quot;:&quot;上海德朗能动力电池有限公司&quot;,&quot;cellModel&quot;:&quot;NCA18650-320&quot;,&quot;cellShape&quot;:&quot;圆柱形&quot;,&quot;ratingVolume&quot;:186,&quot;ratingVolt&quot;:326,&quot;packEnergyDensity&quot;:144,&quot;producedDate&quot;:&quot;2018-12-07&quot;,&quot;retireDate&quot;:null}},&quot;produceType&quot;:{&quot;actualKey&quot;:&quot;不存在此produceType&quot;,&quot;expectedKey&quot;:&quot;produceType&quot;},&quot;batteryType&quot;:{&quot;actualKey&quot;:&quot;不存在此batteryType&quot;,&quot;expectedKey&quot;:&quot;batteryType&quot;},&quot;cellEnterprise&quot;:{&quot;actualKey&quot;:&quot;不存在此cellEnterprise&quot;,&quot;expectedKey&quot;:&quot;cellEnterprise&quot;},&quot;cellModel&quot;:{&quot;actualKey&quot;:&quot;不存在此cellModel&quot;,&quot;expectedKey&quot;:&quot;cellModel&quot;},&quot;cellShape&quot;:{&quot;actualKey&quot;:&quot;不存在此cellShape&quot;,&quot;expectedKey&quot;:&quot;cellShape&quot;},&quot;ratingVolume&quot;:{&quot;actualKey&quot;:&quot;不存在此ratingVolume&quot;,&quot;expectedKey&quot;:&quot;ratingVolume&quot;},&quot;ratingVolt&quot;:{&quot;actualKey&quot;:&quot;不存在此ratingVolt&quot;,&quot;expectedKey&quot;:&quot;ratingVolt&quot;},&quot;packEnergyDensity&quot;:{&quot;actualKey&quot;:&quot;不存在此packEnergyDensity&quot;,&quot;expectedKey&quot;:&quot;packEnergyDensity&quot;},&quot;producedDate&quot;:{&quot;actualKey&quot;:&quot;不存在此producedDate&quot;,&quot;expectedKey&quot;:&quot;producedDate&quot;},&quot;retireDate&quot;:{&quot;actualKey&quot;:&quot;不存在此retireDate&quot;,&quot;expectedKey&quot;:&quot;retireDate&quot;},&quot;error&quot;:{&quot;actualValue&quot;:null,&quot;expectedValue&quot;:{&quot;produceType&quot;:&quot;电池包&quot;,&quot;batteryType&quot;:&quot;三元材料&quot;,&quot;cellEnterprise&quot;:&quot;上海德朗能动力电池有限公司&quot;,&quot;cellModel&quot;:&quot;NCA18650-320&quot;,&quot;cellShape&quot;:&quot;圆柱形&quot;,&quot;ratingVolume&quot;:186,&quot;ratingVolt&quot;:326,&quot;packEnergyDensity&quot;:144,&quot;producedDate&quot;:&quot;2018-12-07&quot;,&quot;retireDate&quot;:null},&quot;currentValue is &quot;:true,&quot;expectedValue is&quot;:false},&quot;code&quot;:{&quot;actualValue&quot;:null,&quot;expectedValue&quot;:{&quot;produceType&quot;:&quot;电池包&quot;,&quot;batteryType&quot;:&quot;三元材料&quot;,&quot;cellEnterprise&quot;:&quot;上海德朗能动力电池有限公司&quot;,&quot;cellModel&quot;:&quot;NCA18650-320&quot;,&quot;cellShape&quot;:&quot;圆柱形&quot;,&quot;ratingVolume&quot;:186,&quot;ratingVolt&quot;:326,&quot;packEnergyDensity&quot;:144,&quot;producedDate&quot;:&quot;2018-12-07&quot;,&quot;retireDate&quot;:null},&quot;currentValue is &quot;:&quot;40000&quot;,&quot;expectedValue is&quot;:false,&quot;expectedValue is &quot;:&quot;10000&quot;}}]">
      <![CDATA[java.lang.AssertionError: expected [{}] but found [{"data":{"actualValue":null,"expectedValue":{"produceType":"电池包","batteryType":"三元材料","cellEnterprise":"上海德朗能动力电池有限公司","cellModel":"NCA18650-320","cellShape":"圆柱形","ratingVolume":186,"ratingVolt":326,"packEnergyDensity":144,"producedDate":"2018-12-07","retireDate":null}},"produceType":{"actualKey":"不存在此produceType","expectedKey":"produceType"},"batteryType":{"actualKey":"不存在此batteryType","expectedKey":"batteryType"},"cellEnterprise":{"actualKey":"不存在此cellEnterprise","expectedKey":"cellEnterprise"},"cellModel":{"actualKey":"不存在此cellModel","expectedKey":"cellModel"},"cellShape":{"actualKey":"不存在此cellShape","expectedKey":"cellShape"},"ratingVolume":{"actualKey":"不存在此ratingVolume","expectedKey":"ratingVolume"},"ratingVolt":{"actualKey":"不存在此ratingVolt","expectedKey":"ratingVolt"},"packEnergyDensity":{"actualKey":"不存在此packEnergyDensity","expectedKey":"packEnergyDensity"},"producedDate":{"actualKey":"不存在此producedDate","expectedKey":"producedDate"},"retireDate":{"actualKey":"不存在此retireDate","expectedKey":"retireDate"},"error":{"actualValue":null,"expectedValue":{"produceType":"电池包","batteryType":"三元材料","cellEnterprise":"上海德朗能动力电池有限公司","cellModel":"NCA18650-320","cellShape":"圆柱形","ratingVolume":186,"ratingVolt":326,"packEnergyDensity":144,"producedDate":"2018-12-07","retireDate":null},"currentValue is ":true,"expectedValue is":false},"code":{"actualValue":null,"expectedValue":{"produceType":"电池包","batteryType":"三元材料","cellEnterprise":"上海德朗能动力电池有限公司","cellModel":"NCA18650-320","cellShape":"圆柱形","ratingVolume":186,"ratingVolt":326,"packEnergyDensity":144,"producedDate":"2018-12-07","retireDate":null},"currentValue is ":"40000","expectedValue is":false,"expectedValue is ":"10000"}}]
at org.testng.Assert.fail(Assert.java:96)
at org.testng.Assert.failNotEquals(Assert.java:776)
at org.testng.Assert.assertEqualsImpl(Assert.java:137)
at org.testng.Assert.assertEquals(Assert.java:118)
at org.testng.Assert.assertEquals(Assert.java:453)
at org.testng.Assert.assertEquals(Assert.java:463)
at com.bitnei.apitest.testcases.saas.ApiTest.ApiTestCode(ApiTest.java:102)
at sun.reflect.GeneratedMethodAccessor2.invoke(Unknown Source)
at sun.reflect.DelegatingMethodAccessorImpl.invoke(DelegatingMethodAccessorImpl.java:43)
at java.lang.reflect.Method.invoke(Method.java:498)
at org.testng.internal.MethodInvocationHelper.invokeMethod(MethodInvocationHelper.java:124)
at org.testng.internal.Invoker.invokeMethod(Invoker.java:580)
at org.testng.internal.Invoker.invokeTestMethod(Invoker.java:716)
at org.testng.internal.Invoker.invokeTestMethods(Invoker.java:988)
at org.testng.internal.TestMethodWorker.invokeTestMethods(TestMethodWorker.java:125)
at org.testng.internal.TestMethodWorker.run(TestMethodWorker.java:109)
at org.testng.TestRunner.privateRun(TestRunner.java:648)
at org.testng.TestRunner.run(TestRunner.java:505)
at org.testng.SuiteRunner.runTest(SuiteRunner.java:455)
at org.testng.SuiteRunner.runSequentially(SuiteRunner.java:450)
at org.testng.SuiteRunner.privateRun(SuiteRunner.java:415)
at org.testng.SuiteRunner.run(SuiteRunner.java:364)
at org.testng.SuiteRunnerWorker.runSuite(SuiteRunnerWorker.java:52)
at org.testng.SuiteRunnerWorker.run(SuiteRunnerWorker.java:84)
at org.testng.TestNG.runSuitesSequentially(TestNG.java:1208)
at org.testng.TestNG.runSuitesLocally(TestNG.java:1137)
at org.testng.TestNG.runSuites(TestNG.java:1049)
at org.testng.TestNG.run(TestNG.java:1017)
at org.testng.remote.AbstractRemoteTestNG.run(AbstractRemoteTestNG.java:114)
at org.testng.remote.RemoteTestNG.initAndRun(RemoteTestNG.java:251)
at org.testng.remote.RemoteTestNG.main(RemoteTestNG.java:77)
]]>
    </failure>
  </testcase> <!-- ApiTestCode -->
  <testcase name="ApiTestCode" time="0.070" classname="com.bitnei.apitest.testcases.saas.ApiTest">
    <failure type="java.lang.AssertionError" message="expected [{}] but found [{&quot;status&quot;:{&quot;currentValue is &quot;:200,&quot;expectedValue is&quot;:400},&quot;errorMsg&quot;:{&quot;currentValue is &quot;:&quot;Forwarding error&quot;,&quot;expectedValue is&quot;:400,&quot;expectedValue is &quot;:&quot;参数vin未传&quot;},&quot;code&quot;:{&quot;currentValue is &quot;:&quot;40000&quot;,&quot;expectedValue is&quot;:400,&quot;expectedValue is &quot;:&quot;30001&quot;}}]">
      <![CDATA[java.lang.AssertionError: expected [{}] but found [{"status":{"currentValue is ":200,"expectedValue is":400},"errorMsg":{"currentValue is ":"Forwarding error","expectedValue is":400,"expectedValue is ":"参数vin未传"},"code":{"currentValue is ":"40000","expectedValue is":400,"expectedValue is ":"30001"}}]
at org.testng.Assert.fail(Assert.java:96)
at org.testng.Assert.failNotEquals(Assert.java:776)
at org.testng.Assert.assertEqualsImpl(Assert.java:137)
at org.testng.Assert.assertEquals(Assert.java:118)
at org.testng.Assert.assertEquals(Assert.java:453)
at org.testng.Assert.assertEquals(Assert.java:463)
at com.bitnei.apitest.testcases.saas.ApiTest.ApiTestCode(ApiTest.java:102)
at sun.reflect.GeneratedMethodAccessor2.invoke(Unknown Source)
at sun.reflect.DelegatingMethodAccessorImpl.invoke(DelegatingMethodAccessorImpl.java:43)
at java.lang.reflect.Method.invoke(Method.java:498)
at org.testng.internal.MethodInvocationHelper.invokeMethod(MethodInvocationHelper.java:124)
at org.testng.internal.Invoker.invokeMethod(Invoker.java:580)
at org.testng.internal.Invoker.invokeTestMethod(Invoker.java:716)
at org.testng.internal.Invoker.invokeTestMethods(Invoker.java:988)
at org.testng.internal.TestMethodWorker.invokeTestMethods(TestMethodWorker.java:125)
at org.testng.internal.TestMethodWorker.run(TestMethodWorker.java:109)
at org.testng.TestRunner.privateRun(TestRunner.java:648)
at org.testng.TestRunner.run(TestRunner.java:505)
at org.testng.SuiteRunner.runTest(SuiteRunner.java:455)
at org.testng.SuiteRunner.runSequentially(SuiteRunner.java:450)
at org.testng.SuiteRunner.privateRun(SuiteRunner.java:415)
at org.testng.SuiteRunner.run(SuiteRunner.java:364)
at org.testng.SuiteRunnerWorker.runSuite(SuiteRunnerWorker.java:52)
at org.testng.SuiteRunnerWorker.run(SuiteRunnerWorker.java:84)
at org.testng.TestNG.runSuitesSequentially(TestNG.java:1208)
at org.testng.TestNG.runSuitesLocally(TestNG.java:1137)
at org.testng.TestNG.runSuites(TestNG.java:1049)
at org.testng.TestNG.run(TestNG.java:1017)
at org.testng.remote.AbstractRemoteTestNG.run(AbstractRemoteTestNG.java:114)
at org.testng.remote.RemoteTestNG.initAndRun(RemoteTestNG.java:251)
at org.testng.remote.RemoteTestNG.main(RemoteTestNG.java:77)
]]>
    </failure>
  </testcase> <!-- ApiTestCode -->
  <testcase name="ApiTestCode" time="0.055" classname="com.bitnei.apitest.testcases.saas.ApiTest">
    <failure type="java.lang.AssertionError" message="expected [{}] but found [{&quot;status&quot;:{&quot;currentValue is &quot;:200,&quot;expectedValue is&quot;:400},&quot;errorMsg&quot;:{&quot;currentValue is &quot;:&quot;Forwarding error&quot;,&quot;expectedValue is&quot;:400,&quot;expectedValue is &quot;:&quot;month 日期格式不正确(yyyy-MM)&quot;},&quot;code&quot;:{&quot;currentValue is &quot;:&quot;40000&quot;,&quot;expectedValue is&quot;:400,&quot;expectedValue is &quot;:&quot;30001&quot;}}]">
      <![CDATA[java.lang.AssertionError: expected [{}] but found [{"status":{"currentValue is ":200,"expectedValue is":400},"errorMsg":{"currentValue is ":"Forwarding error","expectedValue is":400,"expectedValue is ":"month 日期格式不正确(yyyy-MM)"},"code":{"currentValue is ":"40000","expectedValue is":400,"expectedValue is ":"30001"}}]
at org.testng.Assert.fail(Assert.java:96)
at org.testng.Assert.failNotEquals(Assert.java:776)
at org.testng.Assert.assertEqualsImpl(Assert.java:137)
at org.testng.Assert.assertEquals(Assert.java:118)
at org.testng.Assert.assertEquals(Assert.java:453)
at org.testng.Assert.assertEquals(Assert.java:463)
at com.bitnei.apitest.testcases.saas.ApiTest.ApiTestCode(ApiTest.java:102)
at sun.reflect.GeneratedMethodAccessor2.invoke(Unknown Source)
at sun.reflect.DelegatingMethodAccessorImpl.invoke(DelegatingMethodAccessorImpl.java:43)
at java.lang.reflect.Method.invoke(Method.java:498)
at org.testng.internal.MethodInvocationHelper.invokeMethod(MethodInvocationHelper.java:124)
at org.testng.internal.Invoker.invokeMethod(Invoker.java:580)
at org.testng.internal.Invoker.invokeTestMethod(Invoker.java:716)
at org.testng.internal.Invoker.invokeTestMethods(Invoker.java:988)
at org.testng.internal.TestMethodWorker.invokeTestMethods(TestMethodWorker.java:125)
at org.testng.internal.TestMethodWorker.run(TestMethodWorker.java:109)
at org.testng.TestRunner.privateRun(TestRunner.java:648)
at org.testng.TestRunner.run(TestRunner.java:505)
at org.testng.SuiteRunner.runTest(SuiteRunner.java:455)
at org.testng.SuiteRunner.runSequentially(SuiteRunner.java:450)
at org.testng.SuiteRunner.privateRun(SuiteRunner.java:415)
at org.testng.SuiteRunner.run(SuiteRunner.java:364)
at org.testng.SuiteRunnerWorker.runSuite(SuiteRunnerWorker.java:52)
at org.testng.SuiteRunnerWorker.run(SuiteRunnerWorker.java:84)
at org.testng.TestNG.runSuitesSequentially(TestNG.java:1208)
at org.testng.TestNG.runSuitesLocally(TestNG.java:1137)
at org.testng.TestNG.runSuites(TestNG.java:1049)
at org.testng.TestNG.run(TestNG.java:1017)
at org.testng.remote.AbstractRemoteTestNG.run(AbstractRemoteTestNG.java:114)
at org.testng.remote.RemoteTestNG.initAndRun(RemoteTestNG.java:251)
at org.testng.remote.RemoteTestNG.main(RemoteTestNG.java:77)
]]>
    </failure>
  </testcase> <!-- ApiTestCode -->
  <testcase name="ApiTestCode" time="0.027" classname="com.bitnei.apitest.testcases.saas.ApiTest">
    <failure type="java.lang.AssertionError" message="expected [{}] but found [{&quot;data&quot;:{&quot;actualValue&quot;:null,&quot;expectedValue&quot;:{&quot;vin&quot;:&quot;LMGGN1S58G1003998&quot;,&quot;exist&quot;:true}},&quot;vin&quot;:{&quot;actualKey&quot;:&quot;不存在此vin&quot;,&quot;expectedKey&quot;:&quot;vin&quot;},&quot;exist&quot;:{&quot;actualKey&quot;:&quot;不存在此exist&quot;,&quot;expectedKey&quot;:&quot;exist&quot;},&quot;error&quot;:{&quot;actualValue&quot;:null,&quot;expectedValue&quot;:{&quot;vin&quot;:&quot;LMGGN1S58G1003998&quot;,&quot;exist&quot;:true},&quot;currentValue is &quot;:true,&quot;expectedValue is&quot;:false},&quot;code&quot;:{&quot;actualValue&quot;:null,&quot;expectedValue&quot;:{&quot;vin&quot;:&quot;LMGGN1S58G1003998&quot;,&quot;exist&quot;:true},&quot;currentValue is &quot;:&quot;40000&quot;,&quot;expectedValue is&quot;:false,&quot;expectedValue is &quot;:&quot;10000&quot;}}]">
      <![CDATA[java.lang.AssertionError: expected [{}] but found [{"data":{"actualValue":null,"expectedValue":{"vin":"LMGGN1S58G1003998","exist":true}},"vin":{"actualKey":"不存在此vin","expectedKey":"vin"},"exist":{"actualKey":"不存在此exist","expectedKey":"exist"},"error":{"actualValue":null,"expectedValue":{"vin":"LMGGN1S58G1003998","exist":true},"currentValue is ":true,"expectedValue is":false},"code":{"actualValue":null,"expectedValue":{"vin":"LMGGN1S58G1003998","exist":true},"currentValue is ":"40000","expectedValue is":false,"expectedValue is ":"10000"}}]
at org.testng.Assert.fail(Assert.java:96)
at org.testng.Assert.failNotEquals(Assert.java:776)
at org.testng.Assert.assertEqualsImpl(Assert.java:137)
at org.testng.Assert.assertEquals(Assert.java:118)
at org.testng.Assert.assertEquals(Assert.java:453)
at org.testng.Assert.assertEquals(Assert.java:463)
at com.bitnei.apitest.testcases.saas.ApiTest.ApiTestCode(ApiTest.java:102)
at sun.reflect.GeneratedMethodAccessor2.invoke(Unknown Source)
at sun.reflect.DelegatingMethodAccessorImpl.invoke(DelegatingMethodAccessorImpl.java:43)
at java.lang.reflect.Method.invoke(Method.java:498)
at org.testng.internal.MethodInvocationHelper.invokeMethod(MethodInvocationHelper.java:124)
at org.testng.internal.Invoker.invokeMethod(Invoker.java:580)
at org.testng.internal.Invoker.invokeTestMethod(Invoker.java:716)
at org.testng.internal.Invoker.invokeTestMethods(Invoker.java:988)
at org.testng.internal.TestMethodWorker.invokeTestMethods(TestMethodWorker.java:125)
at org.testng.internal.TestMethodWorker.run(TestMethodWorker.java:109)
at org.testng.TestRunner.privateRun(TestRunner.java:648)
at org.testng.TestRunner.run(TestRunner.java:505)
at org.testng.SuiteRunner.runTest(SuiteRunner.java:455)
at org.testng.SuiteRunner.runSequentially(SuiteRunner.java:450)
at org.testng.SuiteRunner.privateRun(SuiteRunner.java:415)
at org.testng.SuiteRunner.run(SuiteRunner.java:364)
at org.testng.SuiteRunnerWorker.runSuite(SuiteRunnerWorker.java:52)
at org.testng.SuiteRunnerWorker.run(SuiteRunnerWorker.java:84)
at org.testng.TestNG.runSuitesSequentially(TestNG.java:1208)
at org.testng.TestNG.runSuitesLocally(TestNG.java:1137)
at org.testng.TestNG.runSuites(TestNG.java:1049)
at org.testng.TestNG.run(TestNG.java:1017)
at org.testng.remote.AbstractRemoteTestNG.run(AbstractRemoteTestNG.java:114)
at org.testng.remote.RemoteTestNG.initAndRun(RemoteTestNG.java:251)
at org.testng.remote.RemoteTestNG.main(RemoteTestNG.java:77)
]]>
    </failure>
  </testcase> <!-- ApiTestCode -->
  <testcase name="ApiTestCode" time="0.023" classname="com.bitnei.apitest.testcases.saas.ApiTest">
    <failure type="java.lang.AssertionError" message="expected [{}] but found [{&quot;error&quot;:{&quot;currentValue is &quot;:true,&quot;expectedValue is&quot;:false},&quot;code&quot;:{&quot;currentValue is &quot;:&quot;40000&quot;,&quot;expectedValue is&quot;:false,&quot;expectedValue is &quot;:&quot;35000&quot;}}]">
      <![CDATA[java.lang.AssertionError: expected [{}] but found [{"error":{"currentValue is ":true,"expectedValue is":false},"code":{"currentValue is ":"40000","expectedValue is":false,"expectedValue is ":"35000"}}]
at org.testng.Assert.fail(Assert.java:96)
at org.testng.Assert.failNotEquals(Assert.java:776)
at org.testng.Assert.assertEqualsImpl(Assert.java:137)
at org.testng.Assert.assertEquals(Assert.java:118)
at org.testng.Assert.assertEquals(Assert.java:453)
at org.testng.Assert.assertEquals(Assert.java:463)
at com.bitnei.apitest.testcases.saas.ApiTest.ApiTestCode(ApiTest.java:102)
at sun.reflect.GeneratedMethodAccessor2.invoke(Unknown Source)
at sun.reflect.DelegatingMethodAccessorImpl.invoke(DelegatingMethodAccessorImpl.java:43)
at java.lang.reflect.Method.invoke(Method.java:498)
at org.testng.internal.MethodInvocationHelper.invokeMethod(MethodInvocationHelper.java:124)
at org.testng.internal.Invoker.invokeMethod(Invoker.java:580)
at org.testng.internal.Invoker.invokeTestMethod(Invoker.java:716)
at org.testng.internal.Invoker.invokeTestMethods(Invoker.java:988)
at org.testng.internal.TestMethodWorker.invokeTestMethods(TestMethodWorker.java:125)
at org.testng.internal.TestMethodWorker.run(TestMethodWorker.java:109)
at org.testng.TestRunner.privateRun(TestRunner.java:648)
at org.testng.TestRunner.run(TestRunner.java:505)
at org.testng.SuiteRunner.runTest(SuiteRunner.java:455)
at org.testng.SuiteRunner.runSequentially(SuiteRunner.java:450)
at org.testng.SuiteRunner.privateRun(SuiteRunner.java:415)
at org.testng.SuiteRunner.run(SuiteRunner.java:364)
at org.testng.SuiteRunnerWorker.runSuite(SuiteRunnerWorker.java:52)
at org.testng.SuiteRunnerWorker.run(SuiteRunnerWorker.java:84)
at org.testng.TestNG.runSuitesSequentially(TestNG.java:1208)
at org.testng.TestNG.runSuitesLocally(TestNG.java:1137)
at org.testng.TestNG.runSuites(TestNG.java:1049)
at org.testng.TestNG.run(TestNG.java:1017)
at org.testng.remote.AbstractRemoteTestNG.run(AbstractRemoteTestNG.java:114)
at org.testng.remote.RemoteTestNG.initAndRun(RemoteTestNG.java:251)
at org.testng.remote.RemoteTestNG.main(RemoteTestNG.java:77)
]]>
    </failure>
  </testcase> <!-- ApiTestCode -->
  <testcase name="ApiTestCode" time="0.028" classname="com.bitnei.apitest.testcases.saas.ApiTest">
    <failure type="java.lang.AssertionError" message="expected [{}] but found [{&quot;data&quot;:{&quot;actualValue&quot;:null,&quot;expectedValue&quot;:{&quot;vin&quot;:&quot;LDP51B961JE018611&quot;,&quot;produceType&quot;:&quot;电池模块&quot;,&quot;packCode&quot;:&quot;018PE0P080185D8AX0279369&quot;,&quot;moduleCode&quot;:null}},&quot;vin&quot;:{&quot;actualKey&quot;:&quot;不存在此vin&quot;,&quot;expectedKey&quot;:&quot;vin&quot;},&quot;produceType&quot;:{&quot;actualKey&quot;:&quot;不存在此produceType&quot;,&quot;expectedKey&quot;:&quot;produceType&quot;},&quot;packCode&quot;:{&quot;actualKey&quot;:&quot;不存在此packCode&quot;,&quot;expectedKey&quot;:&quot;packCode&quot;},&quot;moduleCode&quot;:{&quot;actualKey&quot;:&quot;不存在此moduleCode&quot;,&quot;expectedKey&quot;:&quot;moduleCode&quot;},&quot;error&quot;:{&quot;actualValue&quot;:null,&quot;expectedValue&quot;:{&quot;vin&quot;:&quot;LDP51B961JE018611&quot;,&quot;produceType&quot;:&quot;电池模块&quot;,&quot;packCode&quot;:&quot;018PE0P080185D8AX0279369&quot;,&quot;moduleCode&quot;:null},&quot;currentValue is &quot;:true,&quot;expectedValue is&quot;:false},&quot;code&quot;:{&quot;actualValue&quot;:null,&quot;expectedValue&quot;:{&quot;vin&quot;:&quot;LDP51B961JE018611&quot;,&quot;produceType&quot;:&quot;电池模块&quot;,&quot;packCode&quot;:&quot;018PE0P080185D8AX0279369&quot;,&quot;moduleCode&quot;:null},&quot;currentValue is &quot;:&quot;40000&quot;,&quot;expectedValue is&quot;:false,&quot;expectedValue is &quot;:&quot;10000&quot;}}]">
      <![CDATA[java.lang.AssertionError: expected [{}] but found [{"data":{"actualValue":null,"expectedValue":{"vin":"LDP51B961JE018611","produceType":"电池模块","packCode":"018PE0P080185D8AX0279369","moduleCode":null}},"vin":{"actualKey":"不存在此vin","expectedKey":"vin"},"produceType":{"actualKey":"不存在此produceType","expectedKey":"produceType"},"packCode":{"actualKey":"不存在此packCode","expectedKey":"packCode"},"moduleCode":{"actualKey":"不存在此moduleCode","expectedKey":"moduleCode"},"error":{"actualValue":null,"expectedValue":{"vin":"LDP51B961JE018611","produceType":"电池模块","packCode":"018PE0P080185D8AX0279369","moduleCode":null},"currentValue is ":true,"expectedValue is":false},"code":{"actualValue":null,"expectedValue":{"vin":"LDP51B961JE018611","produceType":"电池模块","packCode":"018PE0P080185D8AX0279369","moduleCode":null},"currentValue is ":"40000","expectedValue is":false,"expectedValue is ":"10000"}}]
at org.testng.Assert.fail(Assert.java:96)
at org.testng.Assert.failNotEquals(Assert.java:776)
at org.testng.Assert.assertEqualsImpl(Assert.java:137)
at org.testng.Assert.assertEquals(Assert.java:118)
at org.testng.Assert.assertEquals(Assert.java:453)
at org.testng.Assert.assertEquals(Assert.java:463)
at com.bitnei.apitest.testcases.saas.ApiTest.ApiTestCode(ApiTest.java:102)
at sun.reflect.GeneratedMethodAccessor2.invoke(Unknown Source)
at sun.reflect.DelegatingMethodAccessorImpl.invoke(DelegatingMethodAccessorImpl.java:43)
at java.lang.reflect.Method.invoke(Method.java:498)
at org.testng.internal.MethodInvocationHelper.invokeMethod(MethodInvocationHelper.java:124)
at org.testng.internal.Invoker.invokeMethod(Invoker.java:580)
at org.testng.internal.Invoker.invokeTestMethod(Invoker.java:716)
at org.testng.internal.Invoker.invokeTestMethods(Invoker.java:988)
at org.testng.internal.TestMethodWorker.invokeTestMethods(TestMethodWorker.java:125)
at org.testng.internal.TestMethodWorker.run(TestMethodWorker.java:109)
at org.testng.TestRunner.privateRun(TestRunner.java:648)
at org.testng.TestRunner.run(TestRunner.java:505)
at org.testng.SuiteRunner.runTest(SuiteRunner.java:455)
at org.testng.SuiteRunner.runSequentially(SuiteRunner.java:450)
at org.testng.SuiteRunner.privateRun(SuiteRunner.java:415)
at org.testng.SuiteRunner.run(SuiteRunner.java:364)
at org.testng.SuiteRunnerWorker.runSuite(SuiteRunnerWorker.java:52)
at org.testng.SuiteRunnerWorker.run(SuiteRunnerWorker.java:84)
at org.testng.TestNG.runSuitesSequentially(TestNG.java:1208)
at org.testng.TestNG.runSuitesLocally(TestNG.java:1137)
at org.testng.TestNG.runSuites(TestNG.java:1049)
at org.testng.TestNG.run(TestNG.java:1017)
at org.testng.remote.AbstractRemoteTestNG.run(AbstractRemoteTestNG.java:114)
at org.testng.remote.RemoteTestNG.initAndRun(RemoteTestNG.java:251)
at org.testng.remote.RemoteTestNG.main(RemoteTestNG.java:77)
]]>
    </failure>
  </testcase> <!-- ApiTestCode -->
  <testcase name="ApiTestCode" time="0.077" classname="com.bitnei.apitest.testcases.saas.ApiTest">
    <failure type="java.lang.AssertionError" message="expected [{}] but found [{&quot;error&quot;:{&quot;currentValue is &quot;:true,&quot;expectedValue is&quot;:false},&quot;code&quot;:{&quot;currentValue is &quot;:&quot;40000&quot;,&quot;expectedValue is&quot;:false,&quot;expectedValue is &quot;:&quot;35000&quot;}}]">
      <![CDATA[java.lang.AssertionError: expected [{}] but found [{"error":{"currentValue is ":true,"expectedValue is":false},"code":{"currentValue is ":"40000","expectedValue is":false,"expectedValue is ":"35000"}}]
at org.testng.Assert.fail(Assert.java:96)
at org.testng.Assert.failNotEquals(Assert.java:776)
at org.testng.Assert.assertEqualsImpl(Assert.java:137)
at org.testng.Assert.assertEquals(Assert.java:118)
at org.testng.Assert.assertEquals(Assert.java:453)
at org.testng.Assert.assertEquals(Assert.java:463)
at com.bitnei.apitest.testcases.saas.ApiTest.ApiTestCode(ApiTest.java:102)
at sun.reflect.GeneratedMethodAccessor2.invoke(Unknown Source)
at sun.reflect.DelegatingMethodAccessorImpl.invoke(DelegatingMethodAccessorImpl.java:43)
at java.lang.reflect.Method.invoke(Method.java:498)
at org.testng.internal.MethodInvocationHelper.invokeMethod(MethodInvocationHelper.java:124)
at org.testng.internal.Invoker.invokeMethod(Invoker.java:580)
at org.testng.internal.Invoker.invokeTestMethod(Invoker.java:716)
at org.testng.internal.Invoker.invokeTestMethods(Invoker.java:988)
at org.testng.internal.TestMethodWorker.invokeTestMethods(TestMethodWorker.java:125)
at org.testng.internal.TestMethodWorker.run(TestMethodWorker.java:109)
at org.testng.TestRunner.privateRun(TestRunner.java:648)
at org.testng.TestRunner.run(TestRunner.java:505)
at org.testng.SuiteRunner.runTest(SuiteRunner.java:455)
at org.testng.SuiteRunner.runSequentially(SuiteRunner.java:450)
at org.testng.SuiteRunner.privateRun(SuiteRunner.java:415)
at org.testng.SuiteRunner.run(SuiteRunner.java:364)
at org.testng.SuiteRunnerWorker.runSuite(SuiteRunnerWorker.java:52)
at org.testng.SuiteRunnerWorker.run(SuiteRunnerWorker.java:84)
at org.testng.TestNG.runSuitesSequentially(TestNG.java:1208)
at org.testng.TestNG.runSuitesLocally(TestNG.java:1137)
at org.testng.TestNG.runSuites(TestNG.java:1049)
at org.testng.TestNG.run(TestNG.java:1017)
at org.testng.remote.AbstractRemoteTestNG.run(AbstractRemoteTestNG.java:114)
at org.testng.remote.RemoteTestNG.initAndRun(RemoteTestNG.java:251)
at org.testng.remote.RemoteTestNG.main(RemoteTestNG.java:77)
]]>
    </failure>
  </testcase> <!-- ApiTestCode -->
  <testcase name="ApiTestCode" time="0.046" classname="com.bitnei.apitest.testcases.saas.ApiTest"/>
  <testcase name="ApiTestCode" time="0.024" classname="com.bitnei.apitest.testcases.saas.ApiTest">
    <failure type="java.lang.AssertionError" message="expected [{}] but found [{&quot;data&quot;:{&quot;actualValue&quot;:null,&quot;expectedValue&quot;:{&quot;change&quot;:false,&quot;lastPackCode&quot;:&quot;010B200WQJ815AB520&quot;,&quot;latestPackCode&quot;:&quot;010B200WQJ815AB520&quot;,&quot;replaceDate&quot;:null}},&quot;change&quot;:{&quot;actualKey&quot;:&quot;不存在此change&quot;,&quot;expectedKey&quot;:&quot;change&quot;},&quot;lastPackCode&quot;:{&quot;actualKey&quot;:&quot;不存在此lastPackCode&quot;,&quot;expectedKey&quot;:&quot;lastPackCode&quot;},&quot;latestPackCode&quot;:{&quot;actualKey&quot;:&quot;不存在此latestPackCode&quot;,&quot;expectedKey&quot;:&quot;latestPackCode&quot;},&quot;replaceDate&quot;:{&quot;actualKey&quot;:&quot;不存在此replaceDate&quot;,&quot;expectedKey&quot;:&quot;replaceDate&quot;},&quot;error&quot;:{&quot;actualValue&quot;:null,&quot;expectedValue&quot;:{&quot;change&quot;:false,&quot;lastPackCode&quot;:&quot;010B200WQJ815AB520&quot;,&quot;latestPackCode&quot;:&quot;010B200WQJ815AB520&quot;,&quot;replaceDate&quot;:null},&quot;currentValue is &quot;:true,&quot;expectedValue is&quot;:false},&quot;code&quot;:{&quot;actualValue&quot;:null,&quot;expectedValue&quot;:{&quot;change&quot;:false,&quot;lastPackCode&quot;:&quot;010B200WQJ815AB520&quot;,&quot;latestPackCode&quot;:&quot;010B200WQJ815AB520&quot;,&quot;replaceDate&quot;:null},&quot;currentValue is &quot;:&quot;40000&quot;,&quot;expectedValue is&quot;:false,&quot;expectedValue is &quot;:&quot;10000&quot;}}]">
      <![CDATA[java.lang.AssertionError: expected [{}] but found [{"data":{"actualValue":null,"expectedValue":{"change":false,"lastPackCode":"010B200WQJ815AB520","latestPackCode":"010B200WQJ815AB520","replaceDate":null}},"change":{"actualKey":"不存在此change","expectedKey":"change"},"lastPackCode":{"actualKey":"不存在此lastPackCode","expectedKey":"lastPackCode"},"latestPackCode":{"actualKey":"不存在此latestPackCode","expectedKey":"latestPackCode"},"replaceDate":{"actualKey":"不存在此replaceDate","expectedKey":"replaceDate"},"error":{"actualValue":null,"expectedValue":{"change":false,"lastPackCode":"010B200WQJ815AB520","latestPackCode":"010B200WQJ815AB520","replaceDate":null},"currentValue is ":true,"expectedValue is":false},"code":{"actualValue":null,"expectedValue":{"change":false,"lastPackCode":"010B200WQJ815AB520","latestPackCode":"010B200WQJ815AB520","replaceDate":null},"currentValue is ":"40000","expectedValue is":false,"expectedValue is ":"10000"}}]
at org.testng.Assert.fail(Assert.java:96)
at org.testng.Assert.failNotEquals(Assert.java:776)
at org.testng.Assert.assertEqualsImpl(Assert.java:137)
at org.testng.Assert.assertEquals(Assert.java:118)
at org.testng.Assert.assertEquals(Assert.java:453)
at org.testng.Assert.assertEquals(Assert.java:463)
at com.bitnei.apitest.testcases.saas.ApiTest.ApiTestCode(ApiTest.java:102)
at sun.reflect.GeneratedMethodAccessor2.invoke(Unknown Source)
at sun.reflect.DelegatingMethodAccessorImpl.invoke(DelegatingMethodAccessorImpl.java:43)
at java.lang.reflect.Method.invoke(Method.java:498)
at org.testng.internal.MethodInvocationHelper.invokeMethod(MethodInvocationHelper.java:124)
at org.testng.internal.Invoker.invokeMethod(Invoker.java:580)
at org.testng.internal.Invoker.invokeTestMethod(Invoker.java:716)
at org.testng.internal.Invoker.invokeTestMethods(Invoker.java:988)
at org.testng.internal.TestMethodWorker.invokeTestMethods(TestMethodWorker.java:125)
at org.testng.internal.TestMethodWorker.run(TestMethodWorker.java:109)
at org.testng.TestRunner.privateRun(TestRunner.java:648)
at org.testng.TestRunner.run(TestRunner.java:505)
at org.testng.SuiteRunner.runTest(SuiteRunner.java:455)
at org.testng.SuiteRunner.runSequentially(SuiteRunner.java:450)
at org.testng.SuiteRunner.privateRun(SuiteRunner.java:415)
at org.testng.SuiteRunner.run(SuiteRunner.java:364)
at org.testng.SuiteRunnerWorker.runSuite(SuiteRunnerWorker.java:52)
at org.testng.SuiteRunnerWorker.run(SuiteRunnerWorker.java:84)
at org.testng.TestNG.runSuitesSequentially(TestNG.java:1208)
at org.testng.TestNG.runSuitesLocally(TestNG.java:1137)
at org.testng.TestNG.runSuites(TestNG.java:1049)
at org.testng.TestNG.run(TestNG.java:1017)
at org.testng.remote.AbstractRemoteTestNG.run(AbstractRemoteTestNG.java:114)
at org.testng.remote.RemoteTestNG.initAndRun(RemoteTestNG.java:251)
at org.testng.remote.RemoteTestNG.main(RemoteTestNG.java:77)
]]>
    </failure>
  </testcase> <!-- ApiTestCode -->
  <testcase name="ApiTestCode" time="0.024" classname="com.bitnei.apitest.testcases.saas.ApiTest">
    <failure type="java.lang.AssertionError" message="expected [{}] but found [{&quot;error&quot;:{&quot;currentValue is &quot;:true,&quot;expectedValue is&quot;:false},&quot;code&quot;:{&quot;currentValue is &quot;:&quot;40000&quot;,&quot;expectedValue is&quot;:false,&quot;expectedValue is &quot;:&quot;35000&quot;}}]">
      <![CDATA[java.lang.AssertionError: expected [{}] but found [{"error":{"currentValue is ":true,"expectedValue is":false},"code":{"currentValue is ":"40000","expectedValue is":false,"expectedValue is ":"35000"}}]
at org.testng.Assert.fail(Assert.java:96)
at org.testng.Assert.failNotEquals(Assert.java:776)
at org.testng.Assert.assertEqualsImpl(Assert.java:137)
at org.testng.Assert.assertEquals(Assert.java:118)
at org.testng.Assert.assertEquals(Assert.java:453)
at org.testng.Assert.assertEquals(Assert.java:463)
at com.bitnei.apitest.testcases.saas.ApiTest.ApiTestCode(ApiTest.java:102)
at sun.reflect.GeneratedMethodAccessor2.invoke(Unknown Source)
at sun.reflect.DelegatingMethodAccessorImpl.invoke(DelegatingMethodAccessorImpl.java:43)
at java.lang.reflect.Method.invoke(Method.java:498)
at org.testng.internal.MethodInvocationHelper.invokeMethod(MethodInvocationHelper.java:124)
at org.testng.internal.Invoker.invokeMethod(Invoker.java:580)
at org.testng.internal.Invoker.invokeTestMethod(Invoker.java:716)
at org.testng.internal.Invoker.invokeTestMethods(Invoker.java:988)
at org.testng.internal.TestMethodWorker.invokeTestMethods(TestMethodWorker.java:125)
at org.testng.internal.TestMethodWorker.run(TestMethodWorker.java:109)
at org.testng.TestRunner.privateRun(TestRunner.java:648)
at org.testng.TestRunner.run(TestRunner.java:505)
at org.testng.SuiteRunner.runTest(SuiteRunner.java:455)
at org.testng.SuiteRunner.runSequentially(SuiteRunner.java:450)
at org.testng.SuiteRunner.privateRun(SuiteRunner.java:415)
at org.testng.SuiteRunner.run(SuiteRunner.java:364)
at org.testng.SuiteRunnerWorker.runSuite(SuiteRunnerWorker.java:52)
at org.testng.SuiteRunnerWorker.run(SuiteRunnerWorker.java:84)
at org.testng.TestNG.runSuitesSequentially(TestNG.java:1208)
at org.testng.TestNG.runSuitesLocally(TestNG.java:1137)
at org.testng.TestNG.runSuites(TestNG.java:1049)
at org.testng.TestNG.run(TestNG.java:1017)
at org.testng.remote.AbstractRemoteTestNG.run(AbstractRemoteTestNG.java:114)
at org.testng.remote.RemoteTestNG.initAndRun(RemoteTestNG.java:251)
at org.testng.remote.RemoteTestNG.main(RemoteTestNG.java:77)
]]>
    </failure>
  </testcase> <!-- ApiTestCode -->
  <testcase name="ApiTestCode" time="0.033" classname="com.bitnei.apitest.testcases.saas.ApiTest">
    <failure type="java.lang.AssertionError" message="expected [{}] but found [{&quot;error&quot;:{&quot;currentValue is &quot;:true,&quot;expectedValue is&quot;:false},&quot;code&quot;:{&quot;currentValue is &quot;:&quot;40000&quot;,&quot;expectedValue is&quot;:false,&quot;expectedValue is &quot;:&quot;35000&quot;}}]">
      <![CDATA[java.lang.AssertionError: expected [{}] but found [{"error":{"currentValue is ":true,"expectedValue is":false},"code":{"currentValue is ":"40000","expectedValue is":false,"expectedValue is ":"35000"}}]
at org.testng.Assert.fail(Assert.java:96)
at org.testng.Assert.failNotEquals(Assert.java:776)
at org.testng.Assert.assertEqualsImpl(Assert.java:137)
at org.testng.Assert.assertEquals(Assert.java:118)
at org.testng.Assert.assertEquals(Assert.java:453)
at org.testng.Assert.assertEquals(Assert.java:463)
at com.bitnei.apitest.testcases.saas.ApiTest.ApiTestCode(ApiTest.java:102)
at sun.reflect.GeneratedMethodAccessor2.invoke(Unknown Source)
at sun.reflect.DelegatingMethodAccessorImpl.invoke(DelegatingMethodAccessorImpl.java:43)
at java.lang.reflect.Method.invoke(Method.java:498)
at org.testng.internal.MethodInvocationHelper.invokeMethod(MethodInvocationHelper.java:124)
at org.testng.internal.Invoker.invokeMethod(Invoker.java:580)
at org.testng.internal.Invoker.invokeTestMethod(Invoker.java:716)
at org.testng.internal.Invoker.invokeTestMethods(Invoker.java:988)
at org.testng.internal.TestMethodWorker.invokeTestMethods(TestMethodWorker.java:125)
at org.testng.internal.TestMethodWorker.run(TestMethodWorker.java:109)
at org.testng.TestRunner.privateRun(TestRunner.java:648)
at org.testng.TestRunner.run(TestRunner.java:505)
at org.testng.SuiteRunner.runTest(SuiteRunner.java:455)
at org.testng.SuiteRunner.runSequentially(SuiteRunner.java:450)
at org.testng.SuiteRunner.privateRun(SuiteRunner.java:415)
at org.testng.SuiteRunner.run(SuiteRunner.java:364)
at org.testng.SuiteRunnerWorker.runSuite(SuiteRunnerWorker.java:52)
at org.testng.SuiteRunnerWorker.run(SuiteRunnerWorker.java:84)
at org.testng.TestNG.runSuitesSequentially(TestNG.java:1208)
at org.testng.TestNG.runSuitesLocally(TestNG.java:1137)
at org.testng.TestNG.runSuites(TestNG.java:1049)
at org.testng.TestNG.run(TestNG.java:1017)
at org.testng.remote.AbstractRemoteTestNG.run(AbstractRemoteTestNG.java:114)
at org.testng.remote.RemoteTestNG.initAndRun(RemoteTestNG.java:251)
at org.testng.remote.RemoteTestNG.main(RemoteTestNG.java:77)
]]>
    </failure>
  </testcase> <!-- ApiTestCode -->
  <testcase name="ApiTestCode" time="0.025" classname="com.bitnei.apitest.testcases.saas.ApiTest"/>
  <testcase name="ApiTestCode" time="0.028" classname="com.bitnei.apitest.testcases.saas.ApiTest">
    <failure type="java.lang.AssertionError" message="expected [{}] but found [{&quot;status&quot;:{&quot;currentValue is &quot;:200,&quot;expectedValue is&quot;:400},&quot;errorMsg&quot;:{&quot;currentValue is &quot;:&quot;Forwarding error&quot;,&quot;expectedValue is&quot;:400,&quot;expectedValue is &quot;:&quot;参数code必传且必须大于0&quot;},&quot;code&quot;:{&quot;currentValue is &quot;:&quot;40000&quot;,&quot;expectedValue is&quot;:400,&quot;expectedValue is &quot;:&quot;30001&quot;}}]">
      <![CDATA[java.lang.AssertionError: expected [{}] but found [{"status":{"currentValue is ":200,"expectedValue is":400},"errorMsg":{"currentValue is ":"Forwarding error","expectedValue is":400,"expectedValue is ":"参数code必传且必须大于0"},"code":{"currentValue is ":"40000","expectedValue is":400,"expectedValue is ":"30001"}}]
at org.testng.Assert.fail(Assert.java:96)
at org.testng.Assert.failNotEquals(Assert.java:776)
at org.testng.Assert.assertEqualsImpl(Assert.java:137)
at org.testng.Assert.assertEquals(Assert.java:118)
at org.testng.Assert.assertEquals(Assert.java:453)
at org.testng.Assert.assertEquals(Assert.java:463)
at com.bitnei.apitest.testcases.saas.ApiTest.ApiTestCode(ApiTest.java:102)
at sun.reflect.GeneratedMethodAccessor2.invoke(Unknown Source)
at sun.reflect.DelegatingMethodAccessorImpl.invoke(DelegatingMethodAccessorImpl.java:43)
at java.lang.reflect.Method.invoke(Method.java:498)
at org.testng.internal.MethodInvocationHelper.invokeMethod(MethodInvocationHelper.java:124)
at org.testng.internal.Invoker.invokeMethod(Invoker.java:580)
at org.testng.internal.Invoker.invokeTestMethod(Invoker.java:716)
at org.testng.internal.Invoker.invokeTestMethods(Invoker.java:988)
at org.testng.internal.TestMethodWorker.invokeTestMethods(TestMethodWorker.java:125)
at org.testng.internal.TestMethodWorker.run(TestMethodWorker.java:109)
at org.testng.TestRunner.privateRun(TestRunner.java:648)
at org.testng.TestRunner.run(TestRunner.java:505)
at org.testng.SuiteRunner.runTest(SuiteRunner.java:455)
at org.testng.SuiteRunner.runSequentially(SuiteRunner.java:450)
at org.testng.SuiteRunner.privateRun(SuiteRunner.java:415)
at org.testng.SuiteRunner.run(SuiteRunner.java:364)
at org.testng.SuiteRunnerWorker.runSuite(SuiteRunnerWorker.java:52)
at org.testng.SuiteRunnerWorker.run(SuiteRunnerWorker.java:84)
at org.testng.TestNG.runSuitesSequentially(TestNG.java:1208)
at org.testng.TestNG.runSuitesLocally(TestNG.java:1137)
at org.testng.TestNG.runSuites(TestNG.java:1049)
at org.testng.TestNG.run(TestNG.java:1017)
at org.testng.remote.AbstractRemoteTestNG.run(AbstractRemoteTestNG.java:114)
at org.testng.remote.RemoteTestNG.initAndRun(RemoteTestNG.java:251)
at org.testng.remote.RemoteTestNG.main(RemoteTestNG.java:77)
]]>
    </failure>
  </testcase> <!-- ApiTestCode -->
  <testcase name="ApiTestCode" time="0.050" classname="com.bitnei.apitest.testcases.saas.ApiTest"/>
  <testcase name="ApiTestCode" time="0.066" classname="com.bitnei.apitest.testcases.saas.ApiTest">
    <failure type="java.lang.AssertionError" message="expected [{}] but found [{&quot;data&quot;:{&quot;actualValue&quot;:null,&quot;expectedValue&quot;:{&quot;change&quot;:true,&quot;lastPackCode&quot;:&quot;00NPE02C336D0N8CR1327001&quot;,&quot;latestPackCode&quot;:&quot;00NPE02C336D0N8CR1327009&quot;,&quot;replaceDate&quot;:&quot;2020-08-10 13:56:18&quot;}},&quot;change&quot;:{&quot;actualKey&quot;:&quot;不存在此change&quot;,&quot;expectedKey&quot;:&quot;change&quot;},&quot;lastPackCode&quot;:{&quot;actualKey&quot;:&quot;不存在此lastPackCode&quot;,&quot;expectedKey&quot;:&quot;lastPackCode&quot;},&quot;latestPackCode&quot;:{&quot;actualKey&quot;:&quot;不存在此latestPackCode&quot;,&quot;expectedKey&quot;:&quot;latestPackCode&quot;},&quot;replaceDate&quot;:{&quot;actualKey&quot;:&quot;不存在此replaceDate&quot;,&quot;expectedKey&quot;:&quot;replaceDate&quot;},&quot;error&quot;:{&quot;actualValue&quot;:null,&quot;expectedValue&quot;:{&quot;change&quot;:true,&quot;lastPackCode&quot;:&quot;00NPE02C336D0N8CR1327001&quot;,&quot;latestPackCode&quot;:&quot;00NPE02C336D0N8CR1327009&quot;,&quot;replaceDate&quot;:&quot;2020-08-10 13:56:18&quot;},&quot;currentValue is &quot;:true,&quot;expectedValue is&quot;:false},&quot;code&quot;:{&quot;actualValue&quot;:null,&quot;expectedValue&quot;:{&quot;change&quot;:true,&quot;lastPackCode&quot;:&quot;00NPE02C336D0N8CR1327001&quot;,&quot;latestPackCode&quot;:&quot;00NPE02C336D0N8CR1327009&quot;,&quot;replaceDate&quot;:&quot;2020-08-10 13:56:18&quot;},&quot;currentValue is &quot;:&quot;40000&quot;,&quot;expectedValue is&quot;:false,&quot;expectedValue is &quot;:&quot;10000&quot;}}]">
      <![CDATA[java.lang.AssertionError: expected [{}] but found [{"data":{"actualValue":null,"expectedValue":{"change":true,"lastPackCode":"00NPE02C336D0N8CR1327001","latestPackCode":"00NPE02C336D0N8CR1327009","replaceDate":"2020-08-10 13:56:18"}},"change":{"actualKey":"不存在此change","expectedKey":"change"},"lastPackCode":{"actualKey":"不存在此lastPackCode","expectedKey":"lastPackCode"},"latestPackCode":{"actualKey":"不存在此latestPackCode","expectedKey":"latestPackCode"},"replaceDate":{"actualKey":"不存在此replaceDate","expectedKey":"replaceDate"},"error":{"actualValue":null,"expectedValue":{"change":true,"lastPackCode":"00NPE02C336D0N8CR1327001","latestPackCode":"00NPE02C336D0N8CR1327009","replaceDate":"2020-08-10 13:56:18"},"currentValue is ":true,"expectedValue is":false},"code":{"actualValue":null,"expectedValue":{"change":true,"lastPackCode":"00NPE02C336D0N8CR1327001","latestPackCode":"00NPE02C336D0N8CR1327009","replaceDate":"2020-08-10 13:56:18"},"currentValue is ":"40000","expectedValue is":false,"expectedValue is ":"10000"}}]
at org.testng.Assert.fail(Assert.java:96)
at org.testng.Assert.failNotEquals(Assert.java:776)
at org.testng.Assert.assertEqualsImpl(Assert.java:137)
at org.testng.Assert.assertEquals(Assert.java:118)
at org.testng.Assert.assertEquals(Assert.java:453)
at org.testng.Assert.assertEquals(Assert.java:463)
at com.bitnei.apitest.testcases.saas.ApiTest.ApiTestCode(ApiTest.java:102)
at sun.reflect.GeneratedMethodAccessor2.invoke(Unknown Source)
at sun.reflect.DelegatingMethodAccessorImpl.invoke(DelegatingMethodAccessorImpl.java:43)
at java.lang.reflect.Method.invoke(Method.java:498)
at org.testng.internal.MethodInvocationHelper.invokeMethod(MethodInvocationHelper.java:124)
at org.testng.internal.Invoker.invokeMethod(Invoker.java:580)
at org.testng.internal.Invoker.invokeTestMethod(Invoker.java:716)
at org.testng.internal.Invoker.invokeTestMethods(Invoker.java:988)
at org.testng.internal.TestMethodWorker.invokeTestMethods(TestMethodWorker.java:125)
at org.testng.internal.TestMethodWorker.run(TestMethodWorker.java:109)
at org.testng.TestRunner.privateRun(TestRunner.java:648)
at org.testng.TestRunner.run(TestRunner.java:505)
at org.testng.SuiteRunner.runTest(SuiteRunner.java:455)
at org.testng.SuiteRunner.runSequentially(SuiteRunner.java:450)
at org.testng.SuiteRunner.privateRun(SuiteRunner.java:415)
at org.testng.SuiteRunner.run(SuiteRunner.java:364)
at org.testng.SuiteRunnerWorker.runSuite(SuiteRunnerWorker.java:52)
at org.testng.SuiteRunnerWorker.run(SuiteRunnerWorker.java:84)
at org.testng.TestNG.runSuitesSequentially(TestNG.java:1208)
at org.testng.TestNG.runSuitesLocally(TestNG.java:1137)
at org.testng.TestNG.runSuites(TestNG.java:1049)
at org.testng.TestNG.run(TestNG.java:1017)
at org.testng.remote.AbstractRemoteTestNG.run(AbstractRemoteTestNG.java:114)
at org.testng.remote.RemoteTestNG.initAndRun(RemoteTestNG.java:251)
at org.testng.remote.RemoteTestNG.main(RemoteTestNG.java:77)
]]>
    </failure>
  </testcase> <!-- ApiTestCode -->
  <testcase name="ApiTestCode" time="0.028" classname="com.bitnei.apitest.testcases.saas.ApiTest"/>
  <testcase name="ApiTestCode" time="0.031" classname="com.bitnei.apitest.testcases.saas.ApiTest">
    <failure type="java.lang.AssertionError" message="expected [{}] but found [{&quot;data&quot;:{&quot;actualValue&quot;:null,&quot;expectedValue&quot;:[{&quot;vin&quot;:&quot;HGXB13A00L1001420&quot;,&quot;rtime&quot;:&quot;20201202034100&quot;,&quot;socOcvMaxVoltAbs&quot;:74.965,&quot;socOcvMinVoltAbs&quot;:87.48,&quot;selfDischargeRateMaxCell&quot;:-1.4285715,&quot;selfDischargeRateMinCell&quot;:0,&quot;voltDiffRatio&quot;:0,&quot;conditionEndMileage&quot;:130270,&quot;pmonth&quot;:&quot;2020-12&quot;},{&quot;vin&quot;:&quot;HGXB13A00L1001420&quot;,&quot;rtime&quot;:&quot;20201205151830&quot;,&quot;socOcvMaxVoltAbs&quot;:74.965,&quot;socOcvMinVoltAbs&quot;:87.48,&quot;selfDischargeRateMaxCell&quot;:-5,&quot;selfDischargeRateMinCell&quot;:-5,&quot;voltDiffRatio&quot;:1.4285715,&quot;conditionEndMileage&quot;:134450,&quot;pmonth&quot;:&quot;2020-12&quot;},{&quot;vin&quot;:&quot;HGXB13A00L1001420&quot;,&quot;rtime&quot;:&quot;20201206162930&quot;,&quot;socOcvMaxVoltAbs&quot;:74.965,&quot;socOcvMinVoltAbs&quot;:87.48,&quot;selfDischargeRateMaxCell&quot;:5,&quot;selfDischargeRateMinCell&quot;:5,&quot;voltDiffRatio&quot;:1.6666666,&quot;conditionEndMileage&quot;:135960,&quot;pmonth&quot;:&quot;2020-12&quot;},{&quot;vin&quot;:&quot;HGXB13A00L1001420&quot;,&quot;rtime&quot;:&quot;20201207041300&quot;,&quot;socOcvMaxVoltAbs&quot;:74.965,&quot;socOcvMinVoltAbs&quot;:87.48,&quot;selfDischargeRateMaxCell&quot;:5,&quot;selfDischargeRateMinCell&quot;:9,&quot;voltDiffRatio&quot;:1.4285715,&quot;conditionEndMileage&quot;:136200,&quot;pmonth&quot;:&quot;2020-12&quot;},{&quot;vin&quot;:&quot;HGXB13A00L1001420&quot;,&quot;rtime&quot;:&quot;20201207085000&quot;,&quot;socOcvMaxVoltAbs&quot;:74.965,&quot;socOcvMinVoltAbs&quot;:87.48,&quot;selfDischargeRateMaxCell&quot;:0,&quot;selfDischargeRateMinCell&quot;:0,&quot;voltDiffRatio&quot;:2.2222223,&quot;conditionEndMileage&quot;:136330,&quot;pmonth&quot;:&quot;2020-12&quot;},{&quot;vin&quot;:&quot;HGXB13A00L1001420&quot;,&quot;rtime&quot;:&quot;20201208064330&quot;,&quot;socOcvMaxVoltAbs&quot;:74.965,&quot;socOcvMinVoltAbs&quot;:87.48,&quot;selfDischargeRateMaxCell&quot;:-1,&quot;selfDischargeRateMinCell&quot;:-1,&quot;voltDiffRatio&quot;:1.6666666,&quot;conditionEndMileage&quot;:137550,&quot;pmonth&quot;:&quot;2020-12&quot;},{&quot;vin&quot;:&quot;HGXB13A00L1001420&quot;,&quot;rtime&quot;:&quot;20201209072300&quot;,&quot;socOcvMaxVoltAbs&quot;:74.965,&quot;socOcvMinVoltAbs&quot;:87.48,&quot;selfDischargeRateMaxCell&quot;:1.6666666,&quot;selfDischargeRateMinCell&quot;:1.6666666,&quot;voltDiffRatio&quot;:0,&quot;conditionEndMileage&quot;:140740,&quot;pmonth&quot;:&quot;2020-12&quot;},{&quot;vin&quot;:&quot;HGXB13A00L1001420&quot;,&quot;rtime&quot;:&quot;20201210074630&quot;,&quot;socOcvMaxVoltAbs&quot;:74.965,&quot;socOcvMinVoltAbs&quot;:87.48,&quot;selfDischargeRateMaxCell&quot;:0,&quot;selfDischargeRateMinCell&quot;:0,&quot;voltDiffRatio&quot;:2,&quot;conditionEndMileage&quot;:143340,&quot;pmonth&quot;:&quot;2020-12&quot;},{&quot;vin&quot;:&quot;HGXB13A00L1001420&quot;,&quot;rtime&quot;:&quot;20201224043100&quot;,&quot;socOcvMaxVoltAbs&quot;:74.965,&quot;socOcvMinVoltAbs&quot;:87.48,&quot;selfDischargeRateMaxCell&quot;:16.666666,&quot;selfDischargeRateMinCell&quot;:10,&quot;voltDiffRatio&quot;:0.6557377,&quot;conditionEndMileage&quot;:169440,&quot;pmonth&quot;:&quot;2020-12&quot;},{&quot;vin&quot;:&quot;HGXB13A00L1001420&quot;,&quot;rtime&quot;:&quot;20201227031200&quot;,&quot;socOcvMaxVoltAbs&quot;:74.965,&quot;socOcvMinVoltAbs&quot;:87.48,&quot;selfDischargeRateMaxCell&quot;:-1.4285715,&quot;selfDischargeRateMinCell&quot;:-1.4285715,&quot;voltDiffRatio&quot;:0,&quot;conditionEndMileage&quot;:176760,&quot;pmonth&quot;:&quot;2020-12&quot;},{&quot;vin&quot;:&quot;HGXB13A00L1001420&quot;,&quot;rtime&quot;:&quot;20201227084230&quot;,&quot;socOcvMaxVoltAbs&quot;:74.965,&quot;socOcvMinVoltAbs&quot;:87.48,&quot;selfDischargeRateMaxCell&quot;:5,&quot;selfDischargeRateMinCell&quot;:20,&quot;voltDiffRatio&quot;:0,&quot;conditionEndMileage&quot;:177050,&quot;pmonth&quot;:&quot;2020-12&quot;},{&quot;vin&quot;:&quot;HGXB13A00L1001420&quot;,&quot;rtime&quot;:&quot;20201228083330&quot;,&quot;socOcvMaxVoltAbs&quot;:74.965,&quot;socOcvMinVoltAbs&quot;:87.48,&quot;selfDischargeRateMaxCell&quot;:4.285714,&quot;selfDischargeRateMinCell&quot;:5.714286,&quot;voltDiffRatio&quot;:1.6666666,&quot;conditionEndMileage&quot;:177980,&quot;pmonth&quot;:&quot;2020-12&quot;}]},&quot;Length&quot;:{&quot;actualLenth&quot;:1,&quot;expectLenth&quot;:12},&quot;vin&quot;:{&quot;actualKey&quot;:&quot;不存在此vin&quot;,&quot;expectedKey&quot;:&quot;vin&quot;},&quot;rtime&quot;:{&quot;actualKey&quot;:&quot;不存在此rtime&quot;,&quot;expectedKey&quot;:&quot;rtime&quot;},&quot;socOcvMaxVoltAbs&quot;:{&quot;actualKey&quot;:&quot;不存在此socOcvMaxVoltAbs&quot;,&quot;expectedKey&quot;:&quot;socOcvMaxVoltAbs&quot;},&quot;socOcvMinVoltAbs&quot;:{&quot;actualKey&quot;:&quot;不存在此socOcvMinVoltAbs&quot;,&quot;expectedKey&quot;:&quot;socOcvMinVoltAbs&quot;},&quot;selfDischargeRateMaxCell&quot;:{&quot;actualKey&quot;:&quot;不存在此selfDischargeRateMaxCell&quot;,&quot;expectedKey&quot;:&quot;selfDischargeRateMaxCell&quot;},&quot;selfDischargeRateMinCell&quot;:{&quot;actualKey&quot;:&quot;不存在此selfDischargeRateMinCell&quot;,&quot;expectedKey&quot;:&quot;selfDischargeRateMinCell&quot;},&quot;voltDiffRatio&quot;:{&quot;actualKey&quot;:&quot;不存在此voltDiffRatio&quot;,&quot;expectedKey&quot;:&quot;voltDiffRatio&quot;},&quot;conditionEndMileage&quot;:{&quot;actualKey&quot;:&quot;不存在此conditionEndMileage&quot;,&quot;expectedKey&quot;:&quot;conditionEndMileage&quot;},&quot;pmonth&quot;:{&quot;actualKey&quot;:&quot;不存在此pmonth&quot;,&quot;expectedKey&quot;:&quot;pmonth&quot;},&quot;error&quot;:{&quot;actualValue&quot;:null,&quot;expectedValue&quot;:[{&quot;vin&quot;:&quot;HGXB13A00L1001420&quot;,&quot;rtime&quot;:&quot;20201202034100&quot;,&quot;socOcvMaxVoltAbs&quot;:74.965,&quot;socOcvMinVoltAbs&quot;:87.48,&quot;selfDischargeRateMaxCell&quot;:-1.4285715,&quot;selfDischargeRateMinCell&quot;:0,&quot;voltDiffRatio&quot;:0,&quot;conditionEndMileage&quot;:130270,&quot;pmonth&quot;:&quot;2020-12&quot;},{&quot;vin&quot;:&quot;HGXB13A00L1001420&quot;,&quot;rtime&quot;:&quot;20201205151830&quot;,&quot;socOcvMaxVoltAbs&quot;:74.965,&quot;socOcvMinVoltAbs&quot;:87.48,&quot;selfDischargeRateMaxCell&quot;:-5,&quot;selfDischargeRateMinCell&quot;:-5,&quot;voltDiffRatio&quot;:1.4285715,&quot;conditionEndMileage&quot;:134450,&quot;pmonth&quot;:&quot;2020-12&quot;},{&quot;vin&quot;:&quot;HGXB13A00L1001420&quot;,&quot;rtime&quot;:&quot;20201206162930&quot;,&quot;socOcvMaxVoltAbs&quot;:74.965,&quot;socOcvMinVoltAbs&quot;:87.48,&quot;selfDischargeRateMaxCell&quot;:5,&quot;selfDischargeRateMinCell&quot;:5,&quot;voltDiffRatio&quot;:1.6666666,&quot;conditionEndMileage&quot;:135960,&quot;pmonth&quot;:&quot;2020-12&quot;},{&quot;vin&quot;:&quot;HGXB13A00L1001420&quot;,&quot;rtime&quot;:&quot;20201207041300&quot;,&quot;socOcvMaxVoltAbs&quot;:74.965,&quot;socOcvMinVoltAbs&quot;:87.48,&quot;selfDischargeRateMaxCell&quot;:5,&quot;selfDischargeRateMinCell&quot;:9,&quot;voltDiffRatio&quot;:1.4285715,&quot;conditionEndMileage&quot;:136200,&quot;pmonth&quot;:&quot;2020-12&quot;},{&quot;vin&quot;:&quot;HGXB13A00L1001420&quot;,&quot;rtime&quot;:&quot;20201207085000&quot;,&quot;socOcvMaxVoltAbs&quot;:74.965,&quot;socOcvMinVoltAbs&quot;:87.48,&quot;selfDischargeRateMaxCell&quot;:0,&quot;selfDischargeRateMinCell&quot;:0,&quot;voltDiffRatio&quot;:2.2222223,&quot;conditionEndMileage&quot;:136330,&quot;pmonth&quot;:&quot;2020-12&quot;},{&quot;vin&quot;:&quot;HGXB13A00L1001420&quot;,&quot;rtime&quot;:&quot;20201208064330&quot;,&quot;socOcvMaxVoltAbs&quot;:74.965,&quot;socOcvMinVoltAbs&quot;:87.48,&quot;selfDischargeRateMaxCell&quot;:-1,&quot;selfDischargeRateMinCell&quot;:-1,&quot;voltDiffRatio&quot;:1.6666666,&quot;conditionEndMileage&quot;:137550,&quot;pmonth&quot;:&quot;2020-12&quot;},{&quot;vin&quot;:&quot;HGXB13A00L1001420&quot;,&quot;rtime&quot;:&quot;20201209072300&quot;,&quot;socOcvMaxVoltAbs&quot;:74.965,&quot;socOcvMinVoltAbs&quot;:87.48,&quot;selfDischargeRateMaxCell&quot;:1.6666666,&quot;selfDischargeRateMinCell&quot;:1.6666666,&quot;voltDiffRatio&quot;:0,&quot;conditionEndMileage&quot;:140740,&quot;pmonth&quot;:&quot;2020-12&quot;},{&quot;vin&quot;:&quot;HGXB13A00L1001420&quot;,&quot;rtime&quot;:&quot;20201210074630&quot;,&quot;socOcvMaxVoltAbs&quot;:74.965,&quot;socOcvMinVoltAbs&quot;:87.48,&quot;selfDischargeRateMaxCell&quot;:0,&quot;selfDischargeRateMinCell&quot;:0,&quot;voltDiffRatio&quot;:2,&quot;conditionEndMileage&quot;:143340,&quot;pmonth&quot;:&quot;2020-12&quot;},{&quot;vin&quot;:&quot;HGXB13A00L1001420&quot;,&quot;rtime&quot;:&quot;20201224043100&quot;,&quot;socOcvMaxVoltAbs&quot;:74.965,&quot;socOcvMinVoltAbs&quot;:87.48,&quot;selfDischargeRateMaxCell&quot;:16.666666,&quot;selfDischargeRateMinCell&quot;:10,&quot;voltDiffRatio&quot;:0.6557377,&quot;conditionEndMileage&quot;:169440,&quot;pmonth&quot;:&quot;2020-12&quot;},{&quot;vin&quot;:&quot;HGXB13A00L1001420&quot;,&quot;rtime&quot;:&quot;20201227031200&quot;,&quot;socOcvMaxVoltAbs&quot;:74.965,&quot;socOcvMinVoltAbs&quot;:87.48,&quot;selfDischargeRateMaxCell&quot;:-1.4285715,&quot;selfDischargeRateMinCell&quot;:-1.4285715,&quot;voltDiffRatio&quot;:0,&quot;conditionEndMileage&quot;:176760,&quot;pmonth&quot;:&quot;2020-12&quot;},{&quot;vin&quot;:&quot;HGXB13A00L1001420&quot;,&quot;rtime&quot;:&quot;20201227084230&quot;,&quot;socOcvMaxVoltAbs&quot;:74.965,&quot;socOcvMinVoltAbs&quot;:87.48,&quot;selfDischargeRateMaxCell&quot;:5,&quot;selfDischargeRateMinCell&quot;:20,&quot;voltDiffRatio&quot;:0,&quot;conditionEndMileage&quot;:177050,&quot;pmonth&quot;:&quot;2020-12&quot;},{&quot;vin&quot;:&quot;HGXB13A00L1001420&quot;,&quot;rtime&quot;:&quot;20201228083330&quot;,&quot;socOcvMaxVoltAbs&quot;:74.965,&quot;socOcvMinVoltAbs&quot;:87.48,&quot;selfDischargeRateMaxCell&quot;:4.285714,&quot;selfDischargeRateMinCell&quot;:5.714286,&quot;voltDiffRatio&quot;:1.6666666,&quot;conditionEndMileage&quot;:177980,&quot;pmonth&quot;:&quot;2020-12&quot;}],&quot;currentValue is &quot;:true,&quot;expectedValue is&quot;:false},&quot;code&quot;:{&quot;actualValue&quot;:null,&quot;expectedValue&quot;:[{&quot;vin&quot;:&quot;HGXB13A00L1001420&quot;,&quot;rtime&quot;:&quot;20201202034100&quot;,&quot;socOcvMaxVoltAbs&quot;:74.965,&quot;socOcvMinVoltAbs&quot;:87.48,&quot;selfDischargeRateMaxCell&quot;:-1.4285715,&quot;selfDischargeRateMinCell&quot;:0,&quot;voltDiffRatio&quot;:0,&quot;conditionEndMileage&quot;:130270,&quot;pmonth&quot;:&quot;2020-12&quot;},{&quot;vin&quot;:&quot;HGXB13A00L1001420&quot;,&quot;rtime&quot;:&quot;20201205151830&quot;,&quot;socOcvMaxVoltAbs&quot;:74.965,&quot;socOcvMinVoltAbs&quot;:87.48,&quot;selfDischargeRateMaxCell&quot;:-5,&quot;selfDischargeRateMinCell&quot;:-5,&quot;voltDiffRatio&quot;:1.4285715,&quot;conditionEndMileage&quot;:134450,&quot;pmonth&quot;:&quot;2020-12&quot;},{&quot;vin&quot;:&quot;HGXB13A00L1001420&quot;,&quot;rtime&quot;:&quot;20201206162930&quot;,&quot;socOcvMaxVoltAbs&quot;:74.965,&quot;socOcvMinVoltAbs&quot;:87.48,&quot;selfDischargeRateMaxCell&quot;:5,&quot;selfDischargeRateMinCell&quot;:5,&quot;voltDiffRatio&quot;:1.6666666,&quot;conditionEndMileage&quot;:135960,&quot;pmonth&quot;:&quot;2020-12&quot;},{&quot;vin&quot;:&quot;HGXB13A00L1001420&quot;,&quot;rtime&quot;:&quot;20201207041300&quot;,&quot;socOcvMaxVoltAbs&quot;:74.965,&quot;socOcvMinVoltAbs&quot;:87.48,&quot;selfDischargeRateMaxCell&quot;:5,&quot;selfDischargeRateMinCell&quot;:9,&quot;voltDiffRatio&quot;:1.4285715,&quot;conditionEndMileage&quot;:136200,&quot;pmonth&quot;:&quot;2020-12&quot;},{&quot;vin&quot;:&quot;HGXB13A00L1001420&quot;,&quot;rtime&quot;:&quot;20201207085000&quot;,&quot;socOcvMaxVoltAbs&quot;:74.965,&quot;socOcvMinVoltAbs&quot;:87.48,&quot;selfDischargeRateMaxCell&quot;:0,&quot;selfDischargeRateMinCell&quot;:0,&quot;voltDiffRatio&quot;:2.2222223,&quot;conditionEndMileage&quot;:136330,&quot;pmonth&quot;:&quot;2020-12&quot;},{&quot;vin&quot;:&quot;HGXB13A00L1001420&quot;,&quot;rtime&quot;:&quot;20201208064330&quot;,&quot;socOcvMaxVoltAbs&quot;:74.965,&quot;socOcvMinVoltAbs&quot;:87.48,&quot;selfDischargeRateMaxCell&quot;:-1,&quot;selfDischargeRateMinCell&quot;:-1,&quot;voltDiffRatio&quot;:1.6666666,&quot;conditionEndMileage&quot;:137550,&quot;pmonth&quot;:&quot;2020-12&quot;},{&quot;vin&quot;:&quot;HGXB13A00L1001420&quot;,&quot;rtime&quot;:&quot;20201209072300&quot;,&quot;socOcvMaxVoltAbs&quot;:74.965,&quot;socOcvMinVoltAbs&quot;:87.48,&quot;selfDischargeRateMaxCell&quot;:1.6666666,&quot;selfDischargeRateMinCell&quot;:1.6666666,&quot;voltDiffRatio&quot;:0,&quot;conditionEndMileage&quot;:140740,&quot;pmonth&quot;:&quot;2020-12&quot;},{&quot;vin&quot;:&quot;HGXB13A00L1001420&quot;,&quot;rtime&quot;:&quot;20201210074630&quot;,&quot;socOcvMaxVoltAbs&quot;:74.965,&quot;socOcvMinVoltAbs&quot;:87.48,&quot;selfDischargeRateMaxCell&quot;:0,&quot;selfDischargeRateMinCell&quot;:0,&quot;voltDiffRatio&quot;:2,&quot;conditionEndMileage&quot;:143340,&quot;pmonth&quot;:&quot;2020-12&quot;},{&quot;vin&quot;:&quot;HGXB13A00L1001420&quot;,&quot;rtime&quot;:&quot;20201224043100&quot;,&quot;socOcvMaxVoltAbs&quot;:74.965,&quot;socOcvMinVoltAbs&quot;:87.48,&quot;selfDischargeRateMaxCell&quot;:16.666666,&quot;selfDischargeRateMinCell&quot;:10,&quot;voltDiffRatio&quot;:0.6557377,&quot;conditionEndMileage&quot;:169440,&quot;pmonth&quot;:&quot;2020-12&quot;},{&quot;vin&quot;:&quot;HGXB13A00L1001420&quot;,&quot;rtime&quot;:&quot;20201227031200&quot;,&quot;socOcvMaxVoltAbs&quot;:74.965,&quot;socOcvMinVoltAbs&quot;:87.48,&quot;selfDischargeRateMaxCell&quot;:-1.4285715,&quot;selfDischargeRateMinCell&quot;:-1.4285715,&quot;voltDiffRatio&quot;:0,&quot;conditionEndMileage&quot;:176760,&quot;pmonth&quot;:&quot;2020-12&quot;},{&quot;vin&quot;:&quot;HGXB13A00L1001420&quot;,&quot;rtime&quot;:&quot;20201227084230&quot;,&quot;socOcvMaxVoltAbs&quot;:74.965,&quot;socOcvMinVoltAbs&quot;:87.48,&quot;selfDischargeRateMaxCell&quot;:5,&quot;selfDischargeRateMinCell&quot;:20,&quot;voltDiffRatio&quot;:0,&quot;conditionEndMileage&quot;:177050,&quot;pmonth&quot;:&quot;2020-12&quot;},{&quot;vin&quot;:&quot;HGXB13A00L1001420&quot;,&quot;rtime&quot;:&quot;20201228083330&quot;,&quot;socOcvMaxVoltAbs&quot;:74.965,&quot;socOcvMinVoltAbs&quot;:87.48,&quot;selfDischargeRateMaxCell&quot;:4.285714,&quot;selfDischargeRateMinCell&quot;:5.714286,&quot;voltDiffRatio&quot;:1.6666666,&quot;conditionEndMileage&quot;:177980,&quot;pmonth&quot;:&quot;2020-12&quot;}],&quot;currentValue is &quot;:&quot;40000&quot;,&quot;expectedValue is&quot;:false,&quot;expectedValue is &quot;:&quot;10000&quot;}}]">
      <![CDATA[java.lang.AssertionError: expected [{}] but found [{"data":{"actualValue":null,"expectedValue":[{"vin":"HGXB13A00L1001420","rtime":"20201202034100","socOcvMaxVoltAbs":74.965,"socOcvMinVoltAbs":87.48,"selfDischargeRateMaxCell":-1.4285715,"selfDischargeRateMinCell":0,"voltDiffRatio":0,"conditionEndMileage":130270,"pmonth":"2020-12"},{"vin":"HGXB13A00L1001420","rtime":"20201205151830","socOcvMaxVoltAbs":74.965,"socOcvMinVoltAbs":87.48,"selfDischargeRateMaxCell":-5,"selfDischargeRateMinCell":-5,"voltDiffRatio":1.4285715,"conditionEndMileage":134450,"pmonth":"2020-12"},{"vin":"HGXB13A00L1001420","rtime":"20201206162930","socOcvMaxVoltAbs":74.965,"socOcvMinVoltAbs":87.48,"selfDischargeRateMaxCell":5,"selfDischargeRateMinCell":5,"voltDiffRatio":1.6666666,"conditionEndMileage":135960,"pmonth":"2020-12"},{"vin":"HGXB13A00L1001420","rtime":"20201207041300","socOcvMaxVoltAbs":74.965,"socOcvMinVoltAbs":87.48,"selfDischargeRateMaxCell":5,"selfDischargeRateMinCell":9,"voltDiffRatio":1.4285715,"conditionEndMileage":136200,"pmonth":"2020-12"},{"vin":"HGXB13A00L1001420","rtime":"20201207085000","socOcvMaxVoltAbs":74.965,"socOcvMinVoltAbs":87.48,"selfDischargeRateMaxCell":0,"selfDischargeRateMinCell":0,"voltDiffRatio":2.2222223,"conditionEndMileage":136330,"pmonth":"2020-12"},{"vin":"HGXB13A00L1001420","rtime":"20201208064330","socOcvMaxVoltAbs":74.965,"socOcvMinVoltAbs":87.48,"selfDischargeRateMaxCell":-1,"selfDischargeRateMinCell":-1,"voltDiffRatio":1.6666666,"conditionEndMileage":137550,"pmonth":"2020-12"},{"vin":"HGXB13A00L1001420","rtime":"20201209072300","socOcvMaxVoltAbs":74.965,"socOcvMinVoltAbs":87.48,"selfDischargeRateMaxCell":1.6666666,"selfDischargeRateMinCell":1.6666666,"voltDiffRatio":0,"conditionEndMileage":140740,"pmonth":"2020-12"},{"vin":"HGXB13A00L1001420","rtime":"20201210074630","socOcvMaxVoltAbs":74.965,"socOcvMinVoltAbs":87.48,"selfDischargeRateMaxCell":0,"selfDischargeRateMinCell":0,"voltDiffRatio":2,"conditionEndMileage":143340,"pmonth":"2020-12"},{"vin":"HGXB13A00L1001420","rtime":"20201224043100","socOcvMaxVoltAbs":74.965,"socOcvMinVoltAbs":87.48,"selfDischargeRateMaxCell":16.666666,"selfDischargeRateMinCell":10,"voltDiffRatio":0.6557377,"conditionEndMileage":169440,"pmonth":"2020-12"},{"vin":"HGXB13A00L1001420","rtime":"20201227031200","socOcvMaxVoltAbs":74.965,"socOcvMinVoltAbs":87.48,"selfDischargeRateMaxCell":-1.4285715,"selfDischargeRateMinCell":-1.4285715,"voltDiffRatio":0,"conditionEndMileage":176760,"pmonth":"2020-12"},{"vin":"HGXB13A00L1001420","rtime":"20201227084230","socOcvMaxVoltAbs":74.965,"socOcvMinVoltAbs":87.48,"selfDischargeRateMaxCell":5,"selfDischargeRateMinCell":20,"voltDiffRatio":0,"conditionEndMileage":177050,"pmonth":"2020-12"},{"vin":"HGXB13A00L1001420","rtime":"20201228083330","socOcvMaxVoltAbs":74.965,"socOcvMinVoltAbs":87.48,"selfDischargeRateMaxCell":4.285714,"selfDischargeRateMinCell":5.714286,"voltDiffRatio":1.6666666,"conditionEndMileage":177980,"pmonth":"2020-12"}]},"Length":{"actualLenth":1,"expectLenth":12},"vin":{"actualKey":"不存在此vin","expectedKey":"vin"},"rtime":{"actualKey":"不存在此rtime","expectedKey":"rtime"},"socOcvMaxVoltAbs":{"actualKey":"不存在此socOcvMaxVoltAbs","expectedKey":"socOcvMaxVoltAbs"},"socOcvMinVoltAbs":{"actualKey":"不存在此socOcvMinVoltAbs","expectedKey":"socOcvMinVoltAbs"},"selfDischargeRateMaxCell":{"actualKey":"不存在此selfDischargeRateMaxCell","expectedKey":"selfDischargeRateMaxCell"},"selfDischargeRateMinCell":{"actualKey":"不存在此selfDischargeRateMinCell","expectedKey":"selfDischargeRateMinCell"},"voltDiffRatio":{"actualKey":"不存在此voltDiffRatio","expectedKey":"voltDiffRatio"},"conditionEndMileage":{"actualKey":"不存在此conditionEndMileage","expectedKey":"conditionEndMileage"},"pmonth":{"actualKey":"不存在此pmonth","expectedKey":"pmonth"},"error":{"actualValue":null,"expectedValue":[{"vin":"HGXB13A00L1001420","rtime":"20201202034100","socOcvMaxVoltAbs":74.965,"socOcvMinVoltAbs":87.48,"selfDischargeRateMaxCell":-1.4285715,"selfDischargeRateMinCell":0,"voltDiffRatio":0,"conditionEndMileage":130270,"pmonth":"2020-12"},{"vin":"HGXB13A00L1001420","rtime":"20201205151830","socOcvMaxVoltAbs":74.965,"socOcvMinVoltAbs":87.48,"selfDischargeRateMaxCell":-5,"selfDischargeRateMinCell":-5,"voltDiffRatio":1.4285715,"conditionEndMileage":134450,"pmonth":"2020-12"},{"vin":"HGXB13A00L1001420","rtime":"20201206162930","socOcvMaxVoltAbs":74.965,"socOcvMinVoltAbs":87.48,"selfDischargeRateMaxCell":5,"selfDischargeRateMinCell":5,"voltDiffRatio":1.6666666,"conditionEndMileage":135960,"pmonth":"2020-12"},{"vin":"HGXB13A00L1001420","rtime":"20201207041300","socOcvMaxVoltAbs":74.965,"socOcvMinVoltAbs":87.48,"selfDischargeRateMaxCell":5,"selfDischargeRateMinCell":9,"voltDiffRatio":1.4285715,"conditionEndMileage":136200,"pmonth":"2020-12"},{"vin":"HGXB13A00L1001420","rtime":"20201207085000","socOcvMaxVoltAbs":74.965,"socOcvMinVoltAbs":87.48,"selfDischargeRateMaxCell":0,"selfDischargeRateMinCell":0,"voltDiffRatio":2.2222223,"conditionEndMileage":136330,"pmonth":"2020-12"},{"vin":"HGXB13A00L1001420","rtime":"20201208064330","socOcvMaxVoltAbs":74.965,"socOcvMinVoltAbs":87.48,"selfDischargeRateMaxCell":-1,"selfDischargeRateMinCell":-1,"voltDiffRatio":1.6666666,"conditionEndMileage":137550,"pmonth":"2020-12"},{"vin":"HGXB13A00L1001420","rtime":"20201209072300","socOcvMaxVoltAbs":74.965,"socOcvMinVoltAbs":87.48,"selfDischargeRateMaxCell":1.6666666,"selfDischargeRateMinCell":1.6666666,"voltDiffRatio":0,"conditionEndMileage":140740,"pmonth":"2020-12"},{"vin":"HGXB13A00L1001420","rtime":"20201210074630","socOcvMaxVoltAbs":74.965,"socOcvMinVoltAbs":87.48,"selfDischargeRateMaxCell":0,"selfDischargeRateMinCell":0,"voltDiffRatio":2,"conditionEndMileage":143340,"pmonth":"2020-12"},{"vin":"HGXB13A00L1001420","rtime":"20201224043100","socOcvMaxVoltAbs":74.965,"socOcvMinVoltAbs":87.48,"selfDischargeRateMaxCell":16.666666,"selfDischargeRateMinCell":10,"voltDiffRatio":0.6557377,"conditionEndMileage":169440,"pmonth":"2020-12"},{"vin":"HGXB13A00L1001420","rtime":"20201227031200","socOcvMaxVoltAbs":74.965,"socOcvMinVoltAbs":87.48,"selfDischargeRateMaxCell":-1.4285715,"selfDischargeRateMinCell":-1.4285715,"voltDiffRatio":0,"conditionEndMileage":176760,"pmonth":"2020-12"},{"vin":"HGXB13A00L1001420","rtime":"20201227084230","socOcvMaxVoltAbs":74.965,"socOcvMinVoltAbs":87.48,"selfDischargeRateMaxCell":5,"selfDischargeRateMinCell":20,"voltDiffRatio":0,"conditionEndMileage":177050,"pmonth":"2020-12"},{"vin":"HGXB13A00L1001420","rtime":"20201228083330","socOcvMaxVoltAbs":74.965,"socOcvMinVoltAbs":87.48,"selfDischargeRateMaxCell":4.285714,"selfDischargeRateMinCell":5.714286,"voltDiffRatio":1.6666666,"conditionEndMileage":177980,"pmonth":"2020-12"}],"currentValue is ":true,"expectedValue is":false},"code":{"actualValue":null,"expectedValue":[{"vin":"HGXB13A00L1001420","rtime":"20201202034100","socOcvMaxVoltAbs":74.965,"socOcvMinVoltAbs":87.48,"selfDischargeRateMaxCell":-1.4285715,"selfDischargeRateMinCell":0,"voltDiffRatio":0,"conditionEndMileage":130270,"pmonth":"2020-12"},{"vin":"HGXB13A00L1001420","rtime":"20201205151830","socOcvMaxVoltAbs":74.965,"socOcvMinVoltAbs":87.48,"selfDischargeRateMaxCell":-5,"selfDischargeRateMinCell":-5,"voltDiffRatio":1.4285715,"conditionEndMileage":134450,"pmonth":"2020-12"},{"vin":"HGXB13A00L1001420","rtime":"20201206162930","socOcvMaxVoltAbs":74.965,"socOcvMinVoltAbs":87.48,"selfDischargeRateMaxCell":5,"selfDischargeRateMinCell":5,"voltDiffRatio":1.6666666,"conditionEndMileage":135960,"pmonth":"2020-12"},{"vin":"HGXB13A00L1001420","rtime":"20201207041300","socOcvMaxVoltAbs":74.965,"socOcvMinVoltAbs":87.48,"selfDischargeRateMaxCell":5,"selfDischargeRateMinCell":9,"voltDiffRatio":1.4285715,"conditionEndMileage":136200,"pmonth":"2020-12"},{"vin":"HGXB13A00L1001420","rtime":"20201207085000","socOcvMaxVoltAbs":74.965,"socOcvMinVoltAbs":87.48,"selfDischargeRateMaxCell":0,"selfDischargeRateMinCell":0,"voltDiffRatio":2.2222223,"conditionEndMileage":136330,"pmonth":"2020-12"},{"vin":"HGXB13A00L1001420","rtime":"20201208064330","socOcvMaxVoltAbs":74.965,"socOcvMinVoltAbs":87.48,"selfDischargeRateMaxCell":-1,"selfDischargeRateMinCell":-1,"voltDiffRatio":1.6666666,"conditionEndMileage":137550,"pmonth":"2020-12"},{"vin":"HGXB13A00L1001420","rtime":"20201209072300","socOcvMaxVoltAbs":74.965,"socOcvMinVoltAbs":87.48,"selfDischargeRateMaxCell":1.6666666,"selfDischargeRateMinCell":1.6666666,"voltDiffRatio":0,"conditionEndMileage":140740,"pmonth":"2020-12"},{"vin":"HGXB13A00L1001420","rtime":"20201210074630","socOcvMaxVoltAbs":74.965,"socOcvMinVoltAbs":87.48,"selfDischargeRateMaxCell":0,"selfDischargeRateMinCell":0,"voltDiffRatio":2,"conditionEndMileage":143340,"pmonth":"2020-12"},{"vin":"HGXB13A00L1001420","rtime":"20201224043100","socOcvMaxVoltAbs":74.965,"socOcvMinVoltAbs":87.48,"selfDischargeRateMaxCell":16.666666,"selfDischargeRateMinCell":10,"voltDiffRatio":0.6557377,"conditionEndMileage":169440,"pmonth":"2020-12"},{"vin":"HGXB13A00L1001420","rtime":"20201227031200","socOcvMaxVoltAbs":74.965,"socOcvMinVoltAbs":87.48,"selfDischargeRateMaxCell":-1.4285715,"selfDischargeRateMinCell":-1.4285715,"voltDiffRatio":0,"conditionEndMileage":176760,"pmonth":"2020-12"},{"vin":"HGXB13A00L1001420","rtime":"20201227084230","socOcvMaxVoltAbs":74.965,"socOcvMinVoltAbs":87.48,"selfDischargeRateMaxCell":5,"selfDischargeRateMinCell":20,"voltDiffRatio":0,"conditionEndMileage":177050,"pmonth":"2020-12"},{"vin":"HGXB13A00L1001420","rtime":"20201228083330","socOcvMaxVoltAbs":74.965,"socOcvMinVoltAbs":87.48,"selfDischargeRateMaxCell":4.285714,"selfDischargeRateMinCell":5.714286,"voltDiffRatio":1.6666666,"conditionEndMileage":177980,"pmonth":"2020-12"}],"currentValue is ":"40000","expectedValue is":false,"expectedValue is ":"10000"}}]
at org.testng.Assert.fail(Assert.java:96)
at org.testng.Assert.failNotEquals(Assert.java:776)
at org.testng.Assert.assertEqualsImpl(Assert.java:137)
at org.testng.Assert.assertEquals(Assert.java:118)
at org.testng.Assert.assertEquals(Assert.java:453)
at org.testng.Assert.assertEquals(Assert.java:463)
at com.bitnei.apitest.testcases.saas.ApiTest.ApiTestCode(ApiTest.java:102)
at sun.reflect.GeneratedMethodAccessor2.invoke(Unknown Source)
at sun.reflect.DelegatingMethodAccessorImpl.invoke(DelegatingMethodAccessorImpl.java:43)
at java.lang.reflect.Method.invoke(Method.java:498)
at org.testng.internal.MethodInvocationHelper.invokeMethod(MethodInvocationHelper.java:124)
at org.testng.internal.Invoker.invokeMethod(Invoker.java:580)
at org.testng.internal.Invoker.invokeTestMethod(Invoker.java:716)
at org.testng.internal.Invoker.invokeTestMethods(Invoker.java:988)
at org.testng.internal.TestMethodWorker.invokeTestMethods(TestMethodWorker.java:125)
at org.testng.internal.TestMethodWorker.run(TestMethodWorker.java:109)
at org.testng.TestRunner.privateRun(TestRunner.java:648)
at org.testng.TestRunner.run(TestRunner.java:505)
at org.testng.SuiteRunner.runTest(SuiteRunner.java:455)
at org.testng.SuiteRunner.runSequentially(SuiteRunner.java:450)
at org.testng.SuiteRunner.privateRun(SuiteRunner.java:415)
at org.testng.SuiteRunner.run(SuiteRunner.java:364)
at org.testng.SuiteRunnerWorker.runSuite(SuiteRunnerWorker.java:52)
at org.testng.SuiteRunnerWorker.run(SuiteRunnerWorker.java:84)
at org.testng.TestNG.runSuitesSequentially(TestNG.java:1208)
at org.testng.TestNG.runSuitesLocally(TestNG.java:1137)
at org.testng.TestNG.runSuites(TestNG.java:1049)
at org.testng.TestNG.run(TestNG.java:1017)
at org.testng.remote.AbstractRemoteTestNG.run(AbstractRemoteTestNG.java:114)
at org.testng.remote.RemoteTestNG.initAndRun(RemoteTestNG.java:251)
at org.testng.remote.RemoteTestNG.main(RemoteTestNG.java:77)
]]>
    </failure>
  </testcase> <!-- ApiTestCode -->
  <testcase name="ApiTestCode" time="0.028" classname="com.bitnei.apitest.testcases.saas.ApiTest"/>
  <testcase name="ApiTestCode" time="0.031" classname="com.bitnei.apitest.testcases.saas.ApiTest">
    <failure type="java.lang.AssertionError" message="expected [{}] but found [{&quot;status&quot;:{&quot;currentValue is &quot;:200,&quot;expectedValue is&quot;:400},&quot;errorMsg&quot;:{&quot;currentValue is &quot;:&quot;Forwarding error&quot;,&quot;expectedValue is&quot;:400,&quot;expectedValue is &quot;:&quot;参数month未传&quot;},&quot;code&quot;:{&quot;currentValue is &quot;:&quot;40000&quot;,&quot;expectedValue is&quot;:400,&quot;expectedValue is &quot;:&quot;30001&quot;}}]">
      <![CDATA[java.lang.AssertionError: expected [{}] but found [{"status":{"currentValue is ":200,"expectedValue is":400},"errorMsg":{"currentValue is ":"Forwarding error","expectedValue is":400,"expectedValue is ":"参数month未传"},"code":{"currentValue is ":"40000","expectedValue is":400,"expectedValue is ":"30001"}}]
at org.testng.Assert.fail(Assert.java:96)
at org.testng.Assert.failNotEquals(Assert.java:776)
at org.testng.Assert.assertEqualsImpl(Assert.java:137)
at org.testng.Assert.assertEquals(Assert.java:118)
at org.testng.Assert.assertEquals(Assert.java:453)
at org.testng.Assert.assertEquals(Assert.java:463)
at com.bitnei.apitest.testcases.saas.ApiTest.ApiTestCode(ApiTest.java:102)
at sun.reflect.GeneratedMethodAccessor2.invoke(Unknown Source)
at sun.reflect.DelegatingMethodAccessorImpl.invoke(DelegatingMethodAccessorImpl.java:43)
at java.lang.reflect.Method.invoke(Method.java:498)
at org.testng.internal.MethodInvocationHelper.invokeMethod(MethodInvocationHelper.java:124)
at org.testng.internal.Invoker.invokeMethod(Invoker.java:580)
at org.testng.internal.Invoker.invokeTestMethod(Invoker.java:716)
at org.testng.internal.Invoker.invokeTestMethods(Invoker.java:988)
at org.testng.internal.TestMethodWorker.invokeTestMethods(TestMethodWorker.java:125)
at org.testng.internal.TestMethodWorker.run(TestMethodWorker.java:109)
at org.testng.TestRunner.privateRun(TestRunner.java:648)
at org.testng.TestRunner.run(TestRunner.java:505)
at org.testng.SuiteRunner.runTest(SuiteRunner.java:455)
at org.testng.SuiteRunner.runSequentially(SuiteRunner.java:450)
at org.testng.SuiteRunner.privateRun(SuiteRunner.java:415)
at org.testng.SuiteRunner.run(SuiteRunner.java:364)
at org.testng.SuiteRunnerWorker.runSuite(SuiteRunnerWorker.java:52)
at org.testng.SuiteRunnerWorker.run(SuiteRunnerWorker.java:84)
at org.testng.TestNG.runSuitesSequentially(TestNG.java:1208)
at org.testng.TestNG.runSuitesLocally(TestNG.java:1137)
at org.testng.TestNG.runSuites(TestNG.java:1049)
at org.testng.TestNG.run(TestNG.java:1017)
at org.testng.remote.AbstractRemoteTestNG.run(AbstractRemoteTestNG.java:114)
at org.testng.remote.RemoteTestNG.initAndRun(RemoteTestNG.java:251)
at org.testng.remote.RemoteTestNG.main(RemoteTestNG.java:77)
]]>
    </failure>
  </testcase> <!-- ApiTestCode -->
  <testcase name="ApiTestCode" time="0.029" classname="com.bitnei.apitest.testcases.saas.ApiTest"/>
  <testcase name="ApiTestCode" time="0.080" classname="com.bitnei.apitest.testcases.saas.ApiTest">
    <failure type="java.lang.AssertionError" message="expected [{}] but found [{&quot;error&quot;:{&quot;currentValue is &quot;:true,&quot;expectedValue is&quot;:false},&quot;code&quot;:{&quot;currentValue is &quot;:&quot;40000&quot;,&quot;expectedValue is&quot;:false,&quot;expectedValue is &quot;:&quot;35000&quot;}}]">
      <![CDATA[java.lang.AssertionError: expected [{}] but found [{"error":{"currentValue is ":true,"expectedValue is":false},"code":{"currentValue is ":"40000","expectedValue is":false,"expectedValue is ":"35000"}}]
at org.testng.Assert.fail(Assert.java:96)
at org.testng.Assert.failNotEquals(Assert.java:776)
at org.testng.Assert.assertEqualsImpl(Assert.java:137)
at org.testng.Assert.assertEquals(Assert.java:118)
at org.testng.Assert.assertEquals(Assert.java:453)
at org.testng.Assert.assertEquals(Assert.java:463)
at com.bitnei.apitest.testcases.saas.ApiTest.ApiTestCode(ApiTest.java:102)
at sun.reflect.NativeMethodAccessorImpl.invoke0(Native Method)
at sun.reflect.NativeMethodAccessorImpl.invoke(NativeMethodAccessorImpl.java:62)
at sun.reflect.DelegatingMethodAccessorImpl.invoke(DelegatingMethodAccessorImpl.java:43)
at java.lang.reflect.Method.invoke(Method.java:498)
at org.testng.internal.MethodInvocationHelper.invokeMethod(MethodInvocationHelper.java:124)
at org.testng.internal.Invoker.invokeMethod(Invoker.java:580)
at org.testng.internal.Invoker.invokeTestMethod(Invoker.java:716)
at org.testng.internal.Invoker.invokeTestMethods(Invoker.java:988)
at org.testng.internal.TestMethodWorker.invokeTestMethods(TestMethodWorker.java:125)
at org.testng.internal.TestMethodWorker.run(TestMethodWorker.java:109)
at org.testng.TestRunner.privateRun(TestRunner.java:648)
at org.testng.TestRunner.run(TestRunner.java:505)
at org.testng.SuiteRunner.runTest(SuiteRunner.java:455)
at org.testng.SuiteRunner.runSequentially(SuiteRunner.java:450)
at org.testng.SuiteRunner.privateRun(SuiteRunner.java:415)
at org.testng.SuiteRunner.run(SuiteRunner.java:364)
at org.testng.SuiteRunnerWorker.runSuite(SuiteRunnerWorker.java:52)
at org.testng.SuiteRunnerWorker.run(SuiteRunnerWorker.java:84)
at org.testng.TestNG.runSuitesSequentially(TestNG.java:1208)
at org.testng.TestNG.runSuitesLocally(TestNG.java:1137)
at org.testng.TestNG.runSuites(TestNG.java:1049)
at org.testng.TestNG.run(TestNG.java:1017)
at org.testng.remote.AbstractRemoteTestNG.run(AbstractRemoteTestNG.java:114)
at org.testng.remote.RemoteTestNG.initAndRun(RemoteTestNG.java:251)
at org.testng.remote.RemoteTestNG.main(RemoteTestNG.java:77)
]]>
    </failure>
  </testcase> <!-- ApiTestCode -->
  <testcase name="ApiTestCode" time="0.025" classname="com.bitnei.apitest.testcases.saas.ApiTest">
    <failure type="java.lang.AssertionError" message="expected [{}] but found [{&quot;error&quot;:{&quot;currentValue is &quot;:true,&quot;expectedValue is&quot;:false},&quot;code&quot;:{&quot;currentValue is &quot;:&quot;40000&quot;,&quot;expectedValue is&quot;:false,&quot;expectedValue is &quot;:&quot;10000&quot;}}]">
      <![CDATA[java.lang.AssertionError: expected [{}] but found [{"error":{"currentValue is ":true,"expectedValue is":false},"code":{"currentValue is ":"40000","expectedValue is":false,"expectedValue is ":"10000"}}]
at org.testng.Assert.fail(Assert.java:96)
at org.testng.Assert.failNotEquals(Assert.java:776)
at org.testng.Assert.assertEqualsImpl(Assert.java:137)
at org.testng.Assert.assertEquals(Assert.java:118)
at org.testng.Assert.assertEquals(Assert.java:453)
at org.testng.Assert.assertEquals(Assert.java:463)
at com.bitnei.apitest.testcases.saas.ApiTest.ApiTestCode(ApiTest.java:102)
at sun.reflect.GeneratedMethodAccessor2.invoke(Unknown Source)
at sun.reflect.DelegatingMethodAccessorImpl.invoke(DelegatingMethodAccessorImpl.java:43)
at java.lang.reflect.Method.invoke(Method.java:498)
at org.testng.internal.MethodInvocationHelper.invokeMethod(MethodInvocationHelper.java:124)
at org.testng.internal.Invoker.invokeMethod(Invoker.java:580)
at org.testng.internal.Invoker.invokeTestMethod(Invoker.java:716)
at org.testng.internal.Invoker.invokeTestMethods(Invoker.java:988)
at org.testng.internal.TestMethodWorker.invokeTestMethods(TestMethodWorker.java:125)
at org.testng.internal.TestMethodWorker.run(TestMethodWorker.java:109)
at org.testng.TestRunner.privateRun(TestRunner.java:648)
at org.testng.TestRunner.run(TestRunner.java:505)
at org.testng.SuiteRunner.runTest(SuiteRunner.java:455)
at org.testng.SuiteRunner.runSequentially(SuiteRunner.java:450)
at org.testng.SuiteRunner.privateRun(SuiteRunner.java:415)
at org.testng.SuiteRunner.run(SuiteRunner.java:364)
at org.testng.SuiteRunnerWorker.runSuite(SuiteRunnerWorker.java:52)
at org.testng.SuiteRunnerWorker.run(SuiteRunnerWorker.java:84)
at org.testng.TestNG.runSuitesSequentially(TestNG.java:1208)
at org.testng.TestNG.runSuitesLocally(TestNG.java:1137)
at org.testng.TestNG.runSuites(TestNG.java:1049)
at org.testng.TestNG.run(TestNG.java:1017)
at org.testng.remote.AbstractRemoteTestNG.run(AbstractRemoteTestNG.java:114)
at org.testng.remote.RemoteTestNG.initAndRun(RemoteTestNG.java:251)
at org.testng.remote.RemoteTestNG.main(RemoteTestNG.java:77)
]]>
    </failure>
  </testcase> <!-- ApiTestCode -->
  <testcase name="ApiTestCode" time="0.025" classname="com.bitnei.apitest.testcases.saas.ApiTest">
    <failure type="java.lang.AssertionError" message="expected [{}] but found [{&quot;data&quot;:{&quot;actualValue&quot;:null,&quot;expectedValue&quot;:{&quot;produceType&quot;:&quot;电池模块&quot;,&quot;batteryType&quot;:&quot;三元材料&quot;,&quot;cellEnterprise&quot;:&quot;上海德朗能动力电池有限公司&quot;,&quot;cellModel&quot;:&quot;NCA18650-320&quot;,&quot;cellShape&quot;:&quot;圆柱形&quot;,&quot;ratingVolume&quot;:186,&quot;ratingVolt&quot;:326,&quot;packEnergyDensity&quot;:144,&quot;producedDate&quot;:&quot;2018-12-07&quot;,&quot;retireDate&quot;:null}},&quot;produceType&quot;:{&quot;actualKey&quot;:&quot;不存在此produceType&quot;,&quot;expectedKey&quot;:&quot;produceType&quot;},&quot;batteryType&quot;:{&quot;actualKey&quot;:&quot;不存在此batteryType&quot;,&quot;expectedKey&quot;:&quot;batteryType&quot;},&quot;cellEnterprise&quot;:{&quot;actualKey&quot;:&quot;不存在此cellEnterprise&quot;,&quot;expectedKey&quot;:&quot;cellEnterprise&quot;},&quot;cellModel&quot;:{&quot;actualKey&quot;:&quot;不存在此cellModel&quot;,&quot;expectedKey&quot;:&quot;cellModel&quot;},&quot;cellShape&quot;:{&quot;actualKey&quot;:&quot;不存在此cellShape&quot;,&quot;expectedKey&quot;:&quot;cellShape&quot;},&quot;ratingVolume&quot;:{&quot;actualKey&quot;:&quot;不存在此ratingVolume&quot;,&quot;expectedKey&quot;:&quot;ratingVolume&quot;},&quot;ratingVolt&quot;:{&quot;actualKey&quot;:&quot;不存在此ratingVolt&quot;,&quot;expectedKey&quot;:&quot;ratingVolt&quot;},&quot;packEnergyDensity&quot;:{&quot;actualKey&quot;:&quot;不存在此packEnergyDensity&quot;,&quot;expectedKey&quot;:&quot;packEnergyDensity&quot;},&quot;producedDate&quot;:{&quot;actualKey&quot;:&quot;不存在此producedDate&quot;,&quot;expectedKey&quot;:&quot;producedDate&quot;},&quot;retireDate&quot;:{&quot;actualKey&quot;:&quot;不存在此retireDate&quot;,&quot;expectedKey&quot;:&quot;retireDate&quot;},&quot;error&quot;:{&quot;actualValue&quot;:null,&quot;expectedValue&quot;:{&quot;produceType&quot;:&quot;电池模块&quot;,&quot;batteryType&quot;:&quot;三元材料&quot;,&quot;cellEnterprise&quot;:&quot;上海德朗能动力电池有限公司&quot;,&quot;cellModel&quot;:&quot;NCA18650-320&quot;,&quot;cellShape&quot;:&quot;圆柱形&quot;,&quot;ratingVolume&quot;:186,&quot;ratingVolt&quot;:326,&quot;packEnergyDensity&quot;:144,&quot;producedDate&quot;:&quot;2018-12-07&quot;,&quot;retireDate&quot;:null},&quot;currentValue is &quot;:true,&quot;expectedValue is&quot;:false},&quot;code&quot;:{&quot;actualValue&quot;:null,&quot;expectedValue&quot;:{&quot;produceType&quot;:&quot;电池模块&quot;,&quot;batteryType&quot;:&quot;三元材料&quot;,&quot;cellEnterprise&quot;:&quot;上海德朗能动力电池有限公司&quot;,&quot;cellModel&quot;:&quot;NCA18650-320&quot;,&quot;cellShape&quot;:&quot;圆柱形&quot;,&quot;ratingVolume&quot;:186,&quot;ratingVolt&quot;:326,&quot;packEnergyDensity&quot;:144,&quot;producedDate&quot;:&quot;2018-12-07&quot;,&quot;retireDate&quot;:null},&quot;currentValue is &quot;:&quot;40000&quot;,&quot;expectedValue is&quot;:false,&quot;expectedValue is &quot;:&quot;10000&quot;}}]">
      <![CDATA[java.lang.AssertionError: expected [{}] but found [{"data":{"actualValue":null,"expectedValue":{"produceType":"电池模块","batteryType":"三元材料","cellEnterprise":"上海德朗能动力电池有限公司","cellModel":"NCA18650-320","cellShape":"圆柱形","ratingVolume":186,"ratingVolt":326,"packEnergyDensity":144,"producedDate":"2018-12-07","retireDate":null}},"produceType":{"actualKey":"不存在此produceType","expectedKey":"produceType"},"batteryType":{"actualKey":"不存在此batteryType","expectedKey":"batteryType"},"cellEnterprise":{"actualKey":"不存在此cellEnterprise","expectedKey":"cellEnterprise"},"cellModel":{"actualKey":"不存在此cellModel","expectedKey":"cellModel"},"cellShape":{"actualKey":"不存在此cellShape","expectedKey":"cellShape"},"ratingVolume":{"actualKey":"不存在此ratingVolume","expectedKey":"ratingVolume"},"ratingVolt":{"actualKey":"不存在此ratingVolt","expectedKey":"ratingVolt"},"packEnergyDensity":{"actualKey":"不存在此packEnergyDensity","expectedKey":"packEnergyDensity"},"producedDate":{"actualKey":"不存在此producedDate","expectedKey":"producedDate"},"retireDate":{"actualKey":"不存在此retireDate","expectedKey":"retireDate"},"error":{"actualValue":null,"expectedValue":{"produceType":"电池模块","batteryType":"三元材料","cellEnterprise":"上海德朗能动力电池有限公司","cellModel":"NCA18650-320","cellShape":"圆柱形","ratingVolume":186,"ratingVolt":326,"packEnergyDensity":144,"producedDate":"2018-12-07","retireDate":null},"currentValue is ":true,"expectedValue is":false},"code":{"actualValue":null,"expectedValue":{"produceType":"电池模块","batteryType":"三元材料","cellEnterprise":"上海德朗能动力电池有限公司","cellModel":"NCA18650-320","cellShape":"圆柱形","ratingVolume":186,"ratingVolt":326,"packEnergyDensity":144,"producedDate":"2018-12-07","retireDate":null},"currentValue is ":"40000","expectedValue is":false,"expectedValue is ":"10000"}}]
at org.testng.Assert.fail(Assert.java:96)
at org.testng.Assert.failNotEquals(Assert.java:776)
at org.testng.Assert.assertEqualsImpl(Assert.java:137)
at org.testng.Assert.assertEquals(Assert.java:118)
at org.testng.Assert.assertEquals(Assert.java:453)
at org.testng.Assert.assertEquals(Assert.java:463)
at com.bitnei.apitest.testcases.saas.ApiTest.ApiTestCode(ApiTest.java:102)
at sun.reflect.GeneratedMethodAccessor2.invoke(Unknown Source)
at sun.reflect.DelegatingMethodAccessorImpl.invoke(DelegatingMethodAccessorImpl.java:43)
at java.lang.reflect.Method.invoke(Method.java:498)
at org.testng.internal.MethodInvocationHelper.invokeMethod(MethodInvocationHelper.java:124)
at org.testng.internal.Invoker.invokeMethod(Invoker.java:580)
at org.testng.internal.Invoker.invokeTestMethod(Invoker.java:716)
at org.testng.internal.Invoker.invokeTestMethods(Invoker.java:988)
at org.testng.internal.TestMethodWorker.invokeTestMethods(TestMethodWorker.java:125)
at org.testng.internal.TestMethodWorker.run(TestMethodWorker.java:109)
at org.testng.TestRunner.privateRun(TestRunner.java:648)
at org.testng.TestRunner.run(TestRunner.java:505)
at org.testng.SuiteRunner.runTest(SuiteRunner.java:455)
at org.testng.SuiteRunner.runSequentially(SuiteRunner.java:450)
at org.testng.SuiteRunner.privateRun(SuiteRunner.java:415)
at org.testng.SuiteRunner.run(SuiteRunner.java:364)
at org.testng.SuiteRunnerWorker.runSuite(SuiteRunnerWorker.java:52)
at org.testng.SuiteRunnerWorker.run(SuiteRunnerWorker.java:84)
at org.testng.TestNG.runSuitesSequentially(TestNG.java:1208)
at org.testng.TestNG.runSuitesLocally(TestNG.java:1137)
at org.testng.TestNG.runSuites(TestNG.java:1049)
at org.testng.TestNG.run(TestNG.java:1017)
at org.testng.remote.AbstractRemoteTestNG.run(AbstractRemoteTestNG.java:114)
at org.testng.remote.RemoteTestNG.initAndRun(RemoteTestNG.java:251)
at org.testng.remote.RemoteTestNG.main(RemoteTestNG.java:77)
]]>
    </failure>
  </testcase> <!-- ApiTestCode -->
  <testcase name="ApiTestCode" time="0.024" classname="com.bitnei.apitest.testcases.saas.ApiTest">
    <failure type="java.lang.AssertionError" message="expected [{}] but found [{&quot;data&quot;:{&quot;actualValue&quot;:null,&quot;expectedValue&quot;:{&quot;productType&quot;:&quot;电池包&quot;,&quot;mileageRange&quot;:13,&quot;volFading&quot;:4.32,&quot;lastReportTime&quot;:&quot;2020-07-02 06:11:22&quot;}},&quot;productType&quot;:{&quot;actualKey&quot;:&quot;不存在此productType&quot;,&quot;expectedKey&quot;:&quot;productType&quot;},&quot;mileageRange&quot;:{&quot;actualKey&quot;:&quot;不存在此mileageRange&quot;,&quot;expectedKey&quot;:&quot;mileageRange&quot;},&quot;volFading&quot;:{&quot;actualKey&quot;:&quot;不存在此volFading&quot;,&quot;expectedKey&quot;:&quot;volFading&quot;},&quot;lastReportTime&quot;:{&quot;actualKey&quot;:&quot;不存在此lastReportTime&quot;,&quot;expectedKey&quot;:&quot;lastReportTime&quot;},&quot;error&quot;:{&quot;actualValue&quot;:null,&quot;expectedValue&quot;:{&quot;productType&quot;:&quot;电池包&quot;,&quot;mileageRange&quot;:13,&quot;volFading&quot;:4.32,&quot;lastReportTime&quot;:&quot;2020-07-02 06:11:22&quot;},&quot;currentValue is &quot;:true,&quot;expectedValue is&quot;:false},&quot;code&quot;:{&quot;actualValue&quot;:null,&quot;expectedValue&quot;:{&quot;productType&quot;:&quot;电池包&quot;,&quot;mileageRange&quot;:13,&quot;volFading&quot;:4.32,&quot;lastReportTime&quot;:&quot;2020-07-02 06:11:22&quot;},&quot;currentValue is &quot;:&quot;40000&quot;,&quot;expectedValue is&quot;:false,&quot;expectedValue is &quot;:&quot;10000&quot;}}]">
      <![CDATA[java.lang.AssertionError: expected [{}] but found [{"data":{"actualValue":null,"expectedValue":{"productType":"电池包","mileageRange":13,"volFading":4.32,"lastReportTime":"2020-07-02 06:11:22"}},"productType":{"actualKey":"不存在此productType","expectedKey":"productType"},"mileageRange":{"actualKey":"不存在此mileageRange","expectedKey":"mileageRange"},"volFading":{"actualKey":"不存在此volFading","expectedKey":"volFading"},"lastReportTime":{"actualKey":"不存在此lastReportTime","expectedKey":"lastReportTime"},"error":{"actualValue":null,"expectedValue":{"productType":"电池包","mileageRange":13,"volFading":4.32,"lastReportTime":"2020-07-02 06:11:22"},"currentValue is ":true,"expectedValue is":false},"code":{"actualValue":null,"expectedValue":{"productType":"电池包","mileageRange":13,"volFading":4.32,"lastReportTime":"2020-07-02 06:11:22"},"currentValue is ":"40000","expectedValue is":false,"expectedValue is ":"10000"}}]
at org.testng.Assert.fail(Assert.java:96)
at org.testng.Assert.failNotEquals(Assert.java:776)
at org.testng.Assert.assertEqualsImpl(Assert.java:137)
at org.testng.Assert.assertEquals(Assert.java:118)
at org.testng.Assert.assertEquals(Assert.java:453)
at org.testng.Assert.assertEquals(Assert.java:463)
at com.bitnei.apitest.testcases.saas.ApiTest.ApiTestCode(ApiTest.java:102)
at sun.reflect.GeneratedMethodAccessor2.invoke(Unknown Source)
at sun.reflect.DelegatingMethodAccessorImpl.invoke(DelegatingMethodAccessorImpl.java:43)
at java.lang.reflect.Method.invoke(Method.java:498)
at org.testng.internal.MethodInvocationHelper.invokeMethod(MethodInvocationHelper.java:124)
at org.testng.internal.Invoker.invokeMethod(Invoker.java:580)
at org.testng.internal.Invoker.invokeTestMethod(Invoker.java:716)
at org.testng.internal.Invoker.invokeTestMethods(Invoker.java:988)
at org.testng.internal.TestMethodWorker.invokeTestMethods(TestMethodWorker.java:125)
at org.testng.internal.TestMethodWorker.run(TestMethodWorker.java:109)
at org.testng.TestRunner.privateRun(TestRunner.java:648)
at org.testng.TestRunner.run(TestRunner.java:505)
at org.testng.SuiteRunner.runTest(SuiteRunner.java:455)
at org.testng.SuiteRunner.runSequentially(SuiteRunner.java:450)
at org.testng.SuiteRunner.privateRun(SuiteRunner.java:415)
at org.testng.SuiteRunner.run(SuiteRunner.java:364)
at org.testng.SuiteRunnerWorker.runSuite(SuiteRunnerWorker.java:52)
at org.testng.SuiteRunnerWorker.run(SuiteRunnerWorker.java:84)
at org.testng.TestNG.runSuitesSequentially(TestNG.java:1208)
at org.testng.TestNG.runSuitesLocally(TestNG.java:1137)
at org.testng.TestNG.runSuites(TestNG.java:1049)
at org.testng.TestNG.run(TestNG.java:1017)
at org.testng.remote.AbstractRemoteTestNG.run(AbstractRemoteTestNG.java:114)
at org.testng.remote.RemoteTestNG.initAndRun(RemoteTestNG.java:251)
at org.testng.remote.RemoteTestNG.main(RemoteTestNG.java:77)
]]>
    </failure>
  </testcase> <!-- ApiTestCode -->
  <testcase name="ApiTestCode" time="0.034" classname="com.bitnei.apitest.testcases.saas.ApiTest">
    <failure type="java.lang.AssertionError" message="expected [{}] but found [{&quot;status&quot;:{&quot;currentValue is &quot;:200,&quot;expectedValue is&quot;:400},&quot;errorMsg&quot;:{&quot;currentValue is &quot;:&quot;Forwarding error&quot;,&quot;expectedValue is&quot;:400,&quot;expectedValue is &quot;:&quot;month 日期格式不正确(yyyy-MM)&quot;},&quot;code&quot;:{&quot;currentValue is &quot;:&quot;40000&quot;,&quot;expectedValue is&quot;:400,&quot;expectedValue is &quot;:&quot;30001&quot;}}]">
      <![CDATA[java.lang.AssertionError: expected [{}] but found [{"status":{"currentValue is ":200,"expectedValue is":400},"errorMsg":{"currentValue is ":"Forwarding error","expectedValue is":400,"expectedValue is ":"month 日期格式不正确(yyyy-MM)"},"code":{"currentValue is ":"40000","expectedValue is":400,"expectedValue is ":"30001"}}]
at org.testng.Assert.fail(Assert.java:96)
at org.testng.Assert.failNotEquals(Assert.java:776)
at org.testng.Assert.assertEqualsImpl(Assert.java:137)
at org.testng.Assert.assertEquals(Assert.java:118)
at org.testng.Assert.assertEquals(Assert.java:453)
at org.testng.Assert.assertEquals(Assert.java:463)
at com.bitnei.apitest.testcases.saas.ApiTest.ApiTestCode(ApiTest.java:102)
at sun.reflect.GeneratedMethodAccessor2.invoke(Unknown Source)
at sun.reflect.DelegatingMethodAccessorImpl.invoke(DelegatingMethodAccessorImpl.java:43)
at java.lang.reflect.Method.invoke(Method.java:498)
at org.testng.internal.MethodInvocationHelper.invokeMethod(MethodInvocationHelper.java:124)
at org.testng.internal.Invoker.invokeMethod(Invoker.java:580)
at org.testng.internal.Invoker.invokeTestMethod(Invoker.java:716)
at org.testng.internal.Invoker.invokeTestMethods(Invoker.java:988)
at org.testng.internal.TestMethodWorker.invokeTestMethods(TestMethodWorker.java:125)
at org.testng.internal.TestMethodWorker.run(TestMethodWorker.java:109)
at org.testng.TestRunner.privateRun(TestRunner.java:648)
at org.testng.TestRunner.run(TestRunner.java:505)
at org.testng.SuiteRunner.runTest(SuiteRunner.java:455)
at org.testng.SuiteRunner.runSequentially(SuiteRunner.java:450)
at org.testng.SuiteRunner.privateRun(SuiteRunner.java:415)
at org.testng.SuiteRunner.run(SuiteRunner.java:364)
at org.testng.SuiteRunnerWorker.runSuite(SuiteRunnerWorker.java:52)
at org.testng.SuiteRunnerWorker.run(SuiteRunnerWorker.java:84)
at org.testng.TestNG.runSuitesSequentially(TestNG.java:1208)
at org.testng.TestNG.runSuitesLocally(TestNG.java:1137)
at org.testng.TestNG.runSuites(TestNG.java:1049)
at org.testng.TestNG.run(TestNG.java:1017)
at org.testng.remote.AbstractRemoteTestNG.run(AbstractRemoteTestNG.java:114)
at org.testng.remote.RemoteTestNG.initAndRun(RemoteTestNG.java:251)
at org.testng.remote.RemoteTestNG.main(RemoteTestNG.java:77)
]]>
    </failure>
  </testcase> <!-- ApiTestCode -->
  <testcase name="ApiTestCode" time="0.030" classname="com.bitnei.apitest.testcases.saas.ApiTest"/>
  <testcase name="ApiTestCode" time="0.027" classname="com.bitnei.apitest.testcases.saas.ApiTest">
    <failure type="java.lang.AssertionError" message="expected [{}] but found [{&quot;status&quot;:{&quot;currentValue is &quot;:200,&quot;expectedValue is&quot;:400},&quot;errorMsg&quot;:{&quot;currentValue is &quot;:&quot;Forwarding error&quot;,&quot;expectedValue is&quot;:400,&quot;expectedValue is &quot;:&quot;参数vin未传&quot;},&quot;code&quot;:{&quot;currentValue is &quot;:&quot;40000&quot;,&quot;expectedValue is&quot;:400,&quot;expectedValue is &quot;:&quot;30001&quot;}}]">
      <![CDATA[java.lang.AssertionError: expected [{}] but found [{"status":{"currentValue is ":200,"expectedValue is":400},"errorMsg":{"currentValue is ":"Forwarding error","expectedValue is":400,"expectedValue is ":"参数vin未传"},"code":{"currentValue is ":"40000","expectedValue is":400,"expectedValue is ":"30001"}}]
at org.testng.Assert.fail(Assert.java:96)
at org.testng.Assert.failNotEquals(Assert.java:776)
at org.testng.Assert.assertEqualsImpl(Assert.java:137)
at org.testng.Assert.assertEquals(Assert.java:118)
at org.testng.Assert.assertEquals(Assert.java:453)
at org.testng.Assert.assertEquals(Assert.java:463)
at com.bitnei.apitest.testcases.saas.ApiTest.ApiTestCode(ApiTest.java:102)
at sun.reflect.GeneratedMethodAccessor2.invoke(Unknown Source)
at sun.reflect.DelegatingMethodAccessorImpl.invoke(DelegatingMethodAccessorImpl.java:43)
at java.lang.reflect.Method.invoke(Method.java:498)
at org.testng.internal.MethodInvocationHelper.invokeMethod(MethodInvocationHelper.java:124)
at org.testng.internal.Invoker.invokeMethod(Invoker.java:580)
at org.testng.internal.Invoker.invokeTestMethod(Invoker.java:716)
at org.testng.internal.Invoker.invokeTestMethods(Invoker.java:988)
at org.testng.internal.TestMethodWorker.invokeTestMethods(TestMethodWorker.java:125)
at org.testng.internal.TestMethodWorker.run(TestMethodWorker.java:109)
at org.testng.TestRunner.privateRun(TestRunner.java:648)
at org.testng.TestRunner.run(TestRunner.java:505)
at org.testng.SuiteRunner.runTest(SuiteRunner.java:455)
at org.testng.SuiteRunner.runSequentially(SuiteRunner.java:450)
at org.testng.SuiteRunner.privateRun(SuiteRunner.java:415)
at org.testng.SuiteRunner.run(SuiteRunner.java:364)
at org.testng.SuiteRunnerWorker.runSuite(SuiteRunnerWorker.java:52)
at org.testng.SuiteRunnerWorker.run(SuiteRunnerWorker.java:84)
at org.testng.TestNG.runSuitesSequentially(TestNG.java:1208)
at org.testng.TestNG.runSuitesLocally(TestNG.java:1137)
at org.testng.TestNG.runSuites(TestNG.java:1049)
at org.testng.TestNG.run(TestNG.java:1017)
at org.testng.remote.AbstractRemoteTestNG.run(AbstractRemoteTestNG.java:114)
at org.testng.remote.RemoteTestNG.initAndRun(RemoteTestNG.java:251)
at org.testng.remote.RemoteTestNG.main(RemoteTestNG.java:77)
]]>
    </failure>
  </testcase> <!-- ApiTestCode -->
  <testcase name="ApiTestCode" time="0.165" classname="com.bitnei.apitest.testcases.saas.ApiTest"/>
  <testcase name="ApiTestCode" time="0.024" classname="com.bitnei.apitest.testcases.saas.ApiTest">
    <failure type="java.lang.AssertionError" message="expected [{}] but found [{&quot;data&quot;:{&quot;actualValue&quot;:null,&quot;expectedValue&quot;:{&quot;vin&quot;:&quot;LDP51B961JE018611&quot;,&quot;produceType&quot;:&quot;电池包&quot;,&quot;packCode&quot;:null,&quot;moduleCode&quot;:null}},&quot;vin&quot;:{&quot;actualKey&quot;:&quot;不存在此vin&quot;,&quot;expectedKey&quot;:&quot;vin&quot;},&quot;produceType&quot;:{&quot;actualKey&quot;:&quot;不存在此produceType&quot;,&quot;expectedKey&quot;:&quot;produceType&quot;},&quot;packCode&quot;:{&quot;actualKey&quot;:&quot;不存在此packCode&quot;,&quot;expectedKey&quot;:&quot;packCode&quot;},&quot;moduleCode&quot;:{&quot;actualKey&quot;:&quot;不存在此moduleCode&quot;,&quot;expectedKey&quot;:&quot;moduleCode&quot;},&quot;error&quot;:{&quot;actualValue&quot;:null,&quot;expectedValue&quot;:{&quot;vin&quot;:&quot;LDP51B961JE018611&quot;,&quot;produceType&quot;:&quot;电池包&quot;,&quot;packCode&quot;:null,&quot;moduleCode&quot;:null},&quot;currentValue is &quot;:true,&quot;expectedValue is&quot;:false},&quot;code&quot;:{&quot;actualValue&quot;:null,&quot;expectedValue&quot;:{&quot;vin&quot;:&quot;LDP51B961JE018611&quot;,&quot;produceType&quot;:&quot;电池包&quot;,&quot;packCode&quot;:null,&quot;moduleCode&quot;:null},&quot;currentValue is &quot;:&quot;40000&quot;,&quot;expectedValue is&quot;:false,&quot;expectedValue is &quot;:&quot;10000&quot;}}]">
      <![CDATA[java.lang.AssertionError: expected [{}] but found [{"data":{"actualValue":null,"expectedValue":{"vin":"LDP51B961JE018611","produceType":"电池包","packCode":null,"moduleCode":null}},"vin":{"actualKey":"不存在此vin","expectedKey":"vin"},"produceType":{"actualKey":"不存在此produceType","expectedKey":"produceType"},"packCode":{"actualKey":"不存在此packCode","expectedKey":"packCode"},"moduleCode":{"actualKey":"不存在此moduleCode","expectedKey":"moduleCode"},"error":{"actualValue":null,"expectedValue":{"vin":"LDP51B961JE018611","produceType":"电池包","packCode":null,"moduleCode":null},"currentValue is ":true,"expectedValue is":false},"code":{"actualValue":null,"expectedValue":{"vin":"LDP51B961JE018611","produceType":"电池包","packCode":null,"moduleCode":null},"currentValue is ":"40000","expectedValue is":false,"expectedValue is ":"10000"}}]
at org.testng.Assert.fail(Assert.java:96)
at org.testng.Assert.failNotEquals(Assert.java:776)
at org.testng.Assert.assertEqualsImpl(Assert.java:137)
at org.testng.Assert.assertEquals(Assert.java:118)
at org.testng.Assert.assertEquals(Assert.java:453)
at org.testng.Assert.assertEquals(Assert.java:463)
at com.bitnei.apitest.testcases.saas.ApiTest.ApiTestCode(ApiTest.java:102)
at sun.reflect.GeneratedMethodAccessor2.invoke(Unknown Source)
at sun.reflect.DelegatingMethodAccessorImpl.invoke(DelegatingMethodAccessorImpl.java:43)
at java.lang.reflect.Method.invoke(Method.java:498)
at org.testng.internal.MethodInvocationHelper.invokeMethod(MethodInvocationHelper.java:124)
at org.testng.internal.Invoker.invokeMethod(Invoker.java:580)
at org.testng.internal.Invoker.invokeTestMethod(Invoker.java:716)
at org.testng.internal.Invoker.invokeTestMethods(Invoker.java:988)
at org.testng.internal.TestMethodWorker.invokeTestMethods(TestMethodWorker.java:125)
at org.testng.internal.TestMethodWorker.run(TestMethodWorker.java:109)
at org.testng.TestRunner.privateRun(TestRunner.java:648)
at org.testng.TestRunner.run(TestRunner.java:505)
at org.testng.SuiteRunner.runTest(SuiteRunner.java:455)
at org.testng.SuiteRunner.runSequentially(SuiteRunner.java:450)
at org.testng.SuiteRunner.privateRun(SuiteRunner.java:415)
at org.testng.SuiteRunner.run(SuiteRunner.java:364)
at org.testng.SuiteRunnerWorker.runSuite(SuiteRunnerWorker.java:52)
at org.testng.SuiteRunnerWorker.run(SuiteRunnerWorker.java:84)
at org.testng.TestNG.runSuitesSequentially(TestNG.java:1208)
at org.testng.TestNG.runSuitesLocally(TestNG.java:1137)
at org.testng.TestNG.runSuites(TestNG.java:1049)
at org.testng.TestNG.run(TestNG.java:1017)
at org.testng.remote.AbstractRemoteTestNG.run(AbstractRemoteTestNG.java:114)
at org.testng.remote.RemoteTestNG.initAndRun(RemoteTestNG.java:251)
at org.testng.remote.RemoteTestNG.main(RemoteTestNG.java:77)
]]>
    </failure>
  </testcase> <!-- ApiTestCode -->
  <testcase name="ApiTestCode" time="0.024" classname="com.bitnei.apitest.testcases.saas.ApiTest">
    <failure type="java.lang.AssertionError" message="expected [{}] but found [{&quot;error&quot;:{&quot;currentValue is &quot;:true,&quot;expectedValue is&quot;:false},&quot;code&quot;:{&quot;currentValue is &quot;:&quot;40000&quot;,&quot;expectedValue is&quot;:false,&quot;expectedValue is &quot;:&quot;35000&quot;}}]">
      <![CDATA[java.lang.AssertionError: expected [{}] but found [{"error":{"currentValue is ":true,"expectedValue is":false},"code":{"currentValue is ":"40000","expectedValue is":false,"expectedValue is ":"35000"}}]
at org.testng.Assert.fail(Assert.java:96)
at org.testng.Assert.failNotEquals(Assert.java:776)
at org.testng.Assert.assertEqualsImpl(Assert.java:137)
at org.testng.Assert.assertEquals(Assert.java:118)
at org.testng.Assert.assertEquals(Assert.java:453)
at org.testng.Assert.assertEquals(Assert.java:463)
at com.bitnei.apitest.testcases.saas.ApiTest.ApiTestCode(ApiTest.java:102)
at sun.reflect.GeneratedMethodAccessor2.invoke(Unknown Source)
at sun.reflect.DelegatingMethodAccessorImpl.invoke(DelegatingMethodAccessorImpl.java:43)
at java.lang.reflect.Method.invoke(Method.java:498)
at org.testng.internal.MethodInvocationHelper.invokeMethod(MethodInvocationHelper.java:124)
at org.testng.internal.Invoker.invokeMethod(Invoker.java:580)
at org.testng.internal.Invoker.invokeTestMethod(Invoker.java:716)
at org.testng.internal.Invoker.invokeTestMethods(Invoker.java:988)
at org.testng.internal.TestMethodWorker.invokeTestMethods(TestMethodWorker.java:125)
at org.testng.internal.TestMethodWorker.run(TestMethodWorker.java:109)
at org.testng.TestRunner.privateRun(TestRunner.java:648)
at org.testng.TestRunner.run(TestRunner.java:505)
at org.testng.SuiteRunner.runTest(SuiteRunner.java:455)
at org.testng.SuiteRunner.runSequentially(SuiteRunner.java:450)
at org.testng.SuiteRunner.privateRun(SuiteRunner.java:415)
at org.testng.SuiteRunner.run(SuiteRunner.java:364)
at org.testng.SuiteRunnerWorker.runSuite(SuiteRunnerWorker.java:52)
at org.testng.SuiteRunnerWorker.run(SuiteRunnerWorker.java:84)
at org.testng.TestNG.runSuitesSequentially(TestNG.java:1208)
at org.testng.TestNG.runSuitesLocally(TestNG.java:1137)
at org.testng.TestNG.runSuites(TestNG.java:1049)
at org.testng.TestNG.run(TestNG.java:1017)
at org.testng.remote.AbstractRemoteTestNG.run(AbstractRemoteTestNG.java:114)
at org.testng.remote.RemoteTestNG.initAndRun(RemoteTestNG.java:251)
at org.testng.remote.RemoteTestNG.main(RemoteTestNG.java:77)
]]>
    </failure>
  </testcase> <!-- ApiTestCode -->
  <testcase name="ApiTestCode" time="0.023" classname="com.bitnei.apitest.testcases.saas.ApiTest">
    <failure type="java.lang.AssertionError" message="expected [{}] but found [{&quot;data&quot;:{&quot;actualValue&quot;:null,&quot;expectedValue&quot;:{&quot;change&quot;:false,&quot;lastPackCode&quot;:&quot;010B200WQJ815AB520&quot;,&quot;latestPackCode&quot;:&quot;010B200WQJ815AB520&quot;}},&quot;change&quot;:{&quot;actualKey&quot;:&quot;不存在此change&quot;,&quot;expectedKey&quot;:&quot;change&quot;},&quot;lastPackCode&quot;:{&quot;actualKey&quot;:&quot;不存在此lastPackCode&quot;,&quot;expectedKey&quot;:&quot;lastPackCode&quot;},&quot;latestPackCode&quot;:{&quot;actualKey&quot;:&quot;不存在此latestPackCode&quot;,&quot;expectedKey&quot;:&quot;latestPackCode&quot;},&quot;error&quot;:{&quot;actualValue&quot;:null,&quot;expectedValue&quot;:{&quot;change&quot;:false,&quot;lastPackCode&quot;:&quot;010B200WQJ815AB520&quot;,&quot;latestPackCode&quot;:&quot;010B200WQJ815AB520&quot;},&quot;currentValue is &quot;:true,&quot;expectedValue is&quot;:false},&quot;code&quot;:{&quot;actualValue&quot;:null,&quot;expectedValue&quot;:{&quot;change&quot;:false,&quot;lastPackCode&quot;:&quot;010B200WQJ815AB520&quot;,&quot;latestPackCode&quot;:&quot;010B200WQJ815AB520&quot;},&quot;currentValue is &quot;:&quot;40000&quot;,&quot;expectedValue is&quot;:false,&quot;expectedValue is &quot;:&quot;10000&quot;}}]">
      <![CDATA[java.lang.AssertionError: expected [{}] but found [{"data":{"actualValue":null,"expectedValue":{"change":false,"lastPackCode":"010B200WQJ815AB520","latestPackCode":"010B200WQJ815AB520"}},"change":{"actualKey":"不存在此change","expectedKey":"change"},"lastPackCode":{"actualKey":"不存在此lastPackCode","expectedKey":"lastPackCode"},"latestPackCode":{"actualKey":"不存在此latestPackCode","expectedKey":"latestPackCode"},"error":{"actualValue":null,"expectedValue":{"change":false,"lastPackCode":"010B200WQJ815AB520","latestPackCode":"010B200WQJ815AB520"},"currentValue is ":true,"expectedValue is":false},"code":{"actualValue":null,"expectedValue":{"change":false,"lastPackCode":"010B200WQJ815AB520","latestPackCode":"010B200WQJ815AB520"},"currentValue is ":"40000","expectedValue is":false,"expectedValue is ":"10000"}}]
at org.testng.Assert.fail(Assert.java:96)
at org.testng.Assert.failNotEquals(Assert.java:776)
at org.testng.Assert.assertEqualsImpl(Assert.java:137)
at org.testng.Assert.assertEquals(Assert.java:118)
at org.testng.Assert.assertEquals(Assert.java:453)
at org.testng.Assert.assertEquals(Assert.java:463)
at com.bitnei.apitest.testcases.saas.ApiTest.ApiTestCode(ApiTest.java:102)
at sun.reflect.GeneratedMethodAccessor2.invoke(Unknown Source)
at sun.reflect.DelegatingMethodAccessorImpl.invoke(DelegatingMethodAccessorImpl.java:43)
at java.lang.reflect.Method.invoke(Method.java:498)
at org.testng.internal.MethodInvocationHelper.invokeMethod(MethodInvocationHelper.java:124)
at org.testng.internal.Invoker.invokeMethod(Invoker.java:580)
at org.testng.internal.Invoker.invokeTestMethod(Invoker.java:716)
at org.testng.internal.Invoker.invokeTestMethods(Invoker.java:988)
at org.testng.internal.TestMethodWorker.invokeTestMethods(TestMethodWorker.java:125)
at org.testng.internal.TestMethodWorker.run(TestMethodWorker.java:109)
at org.testng.TestRunner.privateRun(TestRunner.java:648)
at org.testng.TestRunner.run(TestRunner.java:505)
at org.testng.SuiteRunner.runTest(SuiteRunner.java:455)
at org.testng.SuiteRunner.runSequentially(SuiteRunner.java:450)
at org.testng.SuiteRunner.privateRun(SuiteRunner.java:415)
at org.testng.SuiteRunner.run(SuiteRunner.java:364)
at org.testng.SuiteRunnerWorker.runSuite(SuiteRunnerWorker.java:52)
at org.testng.SuiteRunnerWorker.run(SuiteRunnerWorker.java:84)
at org.testng.TestNG.runSuitesSequentially(TestNG.java:1208)
at org.testng.TestNG.runSuitesLocally(TestNG.java:1137)
at org.testng.TestNG.runSuites(TestNG.java:1049)
at org.testng.TestNG.run(TestNG.java:1017)
at org.testng.remote.AbstractRemoteTestNG.run(AbstractRemoteTestNG.java:114)
at org.testng.remote.RemoteTestNG.initAndRun(RemoteTestNG.java:251)
at org.testng.remote.RemoteTestNG.main(RemoteTestNG.java:77)
]]>
    </failure>
  </testcase> <!-- ApiTestCode -->
  <testcase name="ApiTestCode" time="0.079" classname="com.bitnei.apitest.testcases.saas.ApiTest">
    <failure type="java.lang.AssertionError" message="expected [{}] but found [{&quot;error&quot;:{&quot;currentValue is &quot;:true,&quot;expectedValue is&quot;:false},&quot;code&quot;:{&quot;currentValue is &quot;:&quot;40000&quot;,&quot;expectedValue is&quot;:false,&quot;expectedValue is &quot;:&quot;35000&quot;}}]">
      <![CDATA[java.lang.AssertionError: expected [{}] but found [{"error":{"currentValue is ":true,"expectedValue is":false},"code":{"currentValue is ":"40000","expectedValue is":false,"expectedValue is ":"35000"}}]
at org.testng.Assert.fail(Assert.java:96)
at org.testng.Assert.failNotEquals(Assert.java:776)
at org.testng.Assert.assertEqualsImpl(Assert.java:137)
at org.testng.Assert.assertEquals(Assert.java:118)
at org.testng.Assert.assertEquals(Assert.java:453)
at org.testng.Assert.assertEquals(Assert.java:463)
at com.bitnei.apitest.testcases.saas.ApiTest.ApiTestCode(ApiTest.java:102)
at sun.reflect.GeneratedMethodAccessor2.invoke(Unknown Source)
at sun.reflect.DelegatingMethodAccessorImpl.invoke(DelegatingMethodAccessorImpl.java:43)
at java.lang.reflect.Method.invoke(Method.java:498)
at org.testng.internal.MethodInvocationHelper.invokeMethod(MethodInvocationHelper.java:124)
at org.testng.internal.Invoker.invokeMethod(Invoker.java:580)
at org.testng.internal.Invoker.invokeTestMethod(Invoker.java:716)
at org.testng.internal.Invoker.invokeTestMethods(Invoker.java:988)
at org.testng.internal.TestMethodWorker.invokeTestMethods(TestMethodWorker.java:125)
at org.testng.internal.TestMethodWorker.run(TestMethodWorker.java:109)
at org.testng.TestRunner.privateRun(TestRunner.java:648)
at org.testng.TestRunner.run(TestRunner.java:505)
at org.testng.SuiteRunner.runTest(SuiteRunner.java:455)
at org.testng.SuiteRunner.runSequentially(SuiteRunner.java:450)
at org.testng.SuiteRunner.privateRun(SuiteRunner.java:415)
at org.testng.SuiteRunner.run(SuiteRunner.java:364)
at org.testng.SuiteRunnerWorker.runSuite(SuiteRunnerWorker.java:52)
at org.testng.SuiteRunnerWorker.run(SuiteRunnerWorker.java:84)
at org.testng.TestNG.runSuitesSequentially(TestNG.java:1208)
at org.testng.TestNG.runSuitesLocally(TestNG.java:1137)
at org.testng.TestNG.runSuites(TestNG.java:1049)
at org.testng.TestNG.run(TestNG.java:1017)
at org.testng.remote.AbstractRemoteTestNG.run(AbstractRemoteTestNG.java:114)
at org.testng.remote.RemoteTestNG.initAndRun(RemoteTestNG.java:251)
at org.testng.remote.RemoteTestNG.main(RemoteTestNG.java:77)
]]>
    </failure>
  </testcase> <!-- ApiTestCode -->
  <testcase name="ApiTestCode" time="0.056" classname="com.bitnei.apitest.testcases.saas.ApiTest">
    <failure type="java.lang.AssertionError" message="expected [{}] but found [{&quot;status&quot;:{&quot;currentValue is &quot;:200,&quot;expectedValue is&quot;:400},&quot;errorMsg&quot;:{&quot;currentValue is &quot;:&quot;Forwarding error&quot;,&quot;expectedValue is&quot;:400,&quot;expectedValue is &quot;:&quot;参数vin未传&quot;},&quot;code&quot;:{&quot;currentValue is &quot;:&quot;40000&quot;,&quot;expectedValue is&quot;:400,&quot;expectedValue is &quot;:&quot;30001&quot;}}]">
      <![CDATA[java.lang.AssertionError: expected [{}] but found [{"status":{"currentValue is ":200,"expectedValue is":400},"errorMsg":{"currentValue is ":"Forwarding error","expectedValue is":400,"expectedValue is ":"参数vin未传"},"code":{"currentValue is ":"40000","expectedValue is":400,"expectedValue is ":"30001"}}]
at org.testng.Assert.fail(Assert.java:96)
at org.testng.Assert.failNotEquals(Assert.java:776)
at org.testng.Assert.assertEqualsImpl(Assert.java:137)
at org.testng.Assert.assertEquals(Assert.java:118)
at org.testng.Assert.assertEquals(Assert.java:453)
at org.testng.Assert.assertEquals(Assert.java:463)
at com.bitnei.apitest.testcases.saas.ApiTest.ApiTestCode(ApiTest.java:102)
at sun.reflect.GeneratedMethodAccessor2.invoke(Unknown Source)
at sun.reflect.DelegatingMethodAccessorImpl.invoke(DelegatingMethodAccessorImpl.java:43)
at java.lang.reflect.Method.invoke(Method.java:498)
at org.testng.internal.MethodInvocationHelper.invokeMethod(MethodInvocationHelper.java:124)
at org.testng.internal.Invoker.invokeMethod(Invoker.java:580)
at org.testng.internal.Invoker.invokeTestMethod(Invoker.java:716)
at org.testng.internal.Invoker.invokeTestMethods(Invoker.java:988)
at org.testng.internal.TestMethodWorker.invokeTestMethods(TestMethodWorker.java:125)
at org.testng.internal.TestMethodWorker.run(TestMethodWorker.java:109)
at org.testng.TestRunner.privateRun(TestRunner.java:648)
at org.testng.TestRunner.run(TestRunner.java:505)
at org.testng.SuiteRunner.runTest(SuiteRunner.java:455)
at org.testng.SuiteRunner.runSequentially(SuiteRunner.java:450)
at org.testng.SuiteRunner.privateRun(SuiteRunner.java:415)
at org.testng.SuiteRunner.run(SuiteRunner.java:364)
at org.testng.SuiteRunnerWorker.runSuite(SuiteRunnerWorker.java:52)
at org.testng.SuiteRunnerWorker.run(SuiteRunnerWorker.java:84)
at org.testng.TestNG.runSuitesSequentially(TestNG.java:1208)
at org.testng.TestNG.runSuitesLocally(TestNG.java:1137)
at org.testng.TestNG.runSuites(TestNG.java:1049)
at org.testng.TestNG.run(TestNG.java:1017)
at org.testng.remote.AbstractRemoteTestNG.run(AbstractRemoteTestNG.java:114)
at org.testng.remote.RemoteTestNG.initAndRun(RemoteTestNG.java:251)
at org.testng.remote.RemoteTestNG.main(RemoteTestNG.java:77)
]]>
    </failure>
  </testcase> <!-- ApiTestCode -->
  <testcase name="ApiTestCode" time="0.025" classname="com.bitnei.apitest.testcases.saas.ApiTest">
    <failure type="java.lang.AssertionError" message="expected [{}] but found [{&quot;error&quot;:{&quot;currentValue is &quot;:true,&quot;expectedValue is&quot;:false},&quot;code&quot;:{&quot;currentValue is &quot;:&quot;40000&quot;,&quot;expectedValue is&quot;:false,&quot;expectedValue is &quot;:&quot;10000&quot;}}]">
      <![CDATA[java.lang.AssertionError: expected [{}] but found [{"error":{"currentValue is ":true,"expectedValue is":false},"code":{"currentValue is ":"40000","expectedValue is":false,"expectedValue is ":"10000"}}]
at org.testng.Assert.fail(Assert.java:96)
at org.testng.Assert.failNotEquals(Assert.java:776)
at org.testng.Assert.assertEqualsImpl(Assert.java:137)
at org.testng.Assert.assertEquals(Assert.java:118)
at org.testng.Assert.assertEquals(Assert.java:453)
at org.testng.Assert.assertEquals(Assert.java:463)
at com.bitnei.apitest.testcases.saas.ApiTest.ApiTestCode(ApiTest.java:102)
at sun.reflect.GeneratedMethodAccessor2.invoke(Unknown Source)
at sun.reflect.DelegatingMethodAccessorImpl.invoke(DelegatingMethodAccessorImpl.java:43)
at java.lang.reflect.Method.invoke(Method.java:498)
at org.testng.internal.MethodInvocationHelper.invokeMethod(MethodInvocationHelper.java:124)
at org.testng.internal.Invoker.invokeMethod(Invoker.java:580)
at org.testng.internal.Invoker.invokeTestMethod(Invoker.java:716)
at org.testng.internal.Invoker.invokeTestMethods(Invoker.java:988)
at org.testng.internal.TestMethodWorker.invokeTestMethods(TestMethodWorker.java:125)
at org.testng.internal.TestMethodWorker.run(TestMethodWorker.java:109)
at org.testng.TestRunner.privateRun(TestRunner.java:648)
at org.testng.TestRunner.run(TestRunner.java:505)
at org.testng.SuiteRunner.runTest(SuiteRunner.java:455)
at org.testng.SuiteRunner.runSequentially(SuiteRunner.java:450)
at org.testng.SuiteRunner.privateRun(SuiteRunner.java:415)
at org.testng.SuiteRunner.run(SuiteRunner.java:364)
at org.testng.SuiteRunnerWorker.runSuite(SuiteRunnerWorker.java:52)
at org.testng.SuiteRunnerWorker.run(SuiteRunnerWorker.java:84)
at org.testng.TestNG.runSuitesSequentially(TestNG.java:1208)
at org.testng.TestNG.runSuitesLocally(TestNG.java:1137)
at org.testng.TestNG.runSuites(TestNG.java:1049)
at org.testng.TestNG.run(TestNG.java:1017)
at org.testng.remote.AbstractRemoteTestNG.run(AbstractRemoteTestNG.java:114)
at org.testng.remote.RemoteTestNG.initAndRun(RemoteTestNG.java:251)
at org.testng.remote.RemoteTestNG.main(RemoteTestNG.java:77)
]]>
    </failure>
  </testcase> <!-- ApiTestCode -->
</testsuite> <!-- com.bitnei.apitest.testcases.saas.ApiTest -->
