<?xml version="1.0" encoding="UTF-8"?>
<!-- Generated by org.testng.reporters.JUnitReportReporter -->
<testsuite skipped="0" hostname="DESKTOP-Q37MKND" name="com.bitnei.apitest.testcases.saas.YiQiDataSet" tests="54" failures="0" timestamp="12 十月 2019 05:57:34 GMT" time="18.464" errors="0">
  <testcase name="AddDataSet" time="0.290" classname="com.bitnei.apitest.testcases.saas.YiQiDataSet"/>
  <testcase name="AddDataSet" time="0.275" classname="com.bitnei.apitest.testcases.saas.YiQiDataSet"/>
  <testcase name="AddDataSet" time="0.363" classname="com.bitnei.apitest.testcases.saas.YiQiDataSet"/>
  <testcase name="AddDataSet" time="0.264" classname="com.bitnei.apitest.testcases.saas.YiQiDataSet"/>
  <testcase name="AddDataSet" time="0.273" classname="com.bitnei.apitest.testcases.saas.YiQiDataSet"/>
  <testcase name="AddDataSet" time="0.255" classname="com.bitnei.apitest.testcases.saas.YiQiDataSet"/>
  <testcase name="AddDataSet" time="0.450" classname="com.bitnei.apitest.testcases.saas.YiQiDataSet"/>
  <testcase name="AddDataSet" time="0.442" classname="com.bitnei.apitest.testcases.saas.YiQiDataSet"/>
  <testcase name="AddDataSet" time="0.241" classname="com.bitnei.apitest.testcases.saas.YiQiDataSet"/>
  <testcase name="AddDataSet" time="0.315" classname="com.bitnei.apitest.testcases.saas.YiQiDataSet"/>
  <testcase name="AddDataSet" time="0.401" classname="com.bitnei.apitest.testcases.saas.YiQiDataSet"/>
  <testcase name="AddDataSet" time="0.421" classname="com.bitnei.apitest.testcases.saas.YiQiDataSet"/>
  <testcase name="AddDataSet" time="0.390" classname="com.bitnei.apitest.testcases.saas.YiQiDataSet"/>
  <testcase name="AddDataSet" time="0.422" classname="com.bitnei.apitest.testcases.saas.YiQiDataSet"/>
  <testcase name="AddDataSet" time="0.251" classname="com.bitnei.apitest.testcases.saas.YiQiDataSet"/>
  <testcase name="AddDataSet" time="0.290" classname="com.bitnei.apitest.testcases.saas.YiQiDataSet"/>
  <testcase name="AddDataSet" time="0.350" classname="com.bitnei.apitest.testcases.saas.YiQiDataSet"/>
  <testcase name="AddDataSet" time="0.262" classname="com.bitnei.apitest.testcases.saas.YiQiDataSet"/>
  <testcase name="AddDataSet" time="0.288" classname="com.bitnei.apitest.testcases.saas.YiQiDataSet"/>
  <testcase name="AddDataSet" time="0.304" classname="com.bitnei.apitest.testcases.saas.YiQiDataSet"/>
  <testcase name="AddDataSet" time="0.416" classname="com.bitnei.apitest.testcases.saas.YiQiDataSet"/>
  <testcase name="AddDataSet" time="0.395" classname="com.bitnei.apitest.testcases.saas.YiQiDataSet"/>
  <testcase name="AddDataSet" time="0.241" classname="com.bitnei.apitest.testcases.saas.YiQiDataSet"/>
  <testcase name="AddDataSet" time="0.327" classname="com.bitnei.apitest.testcases.saas.YiQiDataSet"/>
  <testcase name="AddDataSet" time="0.259" classname="com.bitnei.apitest.testcases.saas.YiQiDataSet"/>
  <testcase name="AddDataSet" time="0.319" classname="com.bitnei.apitest.testcases.saas.YiQiDataSet"/>
  <testcase name="AddDataSet" time="0.418" classname="com.bitnei.apitest.testcases.saas.YiQiDataSet"/>
  <testcase name="AddDataSet" time="0.505" classname="com.bitnei.apitest.testcases.saas.YiQiDataSet"/>
  <testcase name="AddDataSet" time="0.285" classname="com.bitnei.apitest.testcases.saas.YiQiDataSet"/>
  <testcase name="AddDataSet" time="0.366" classname="com.bitnei.apitest.testcases.saas.YiQiDataSet"/>
  <testcase name="AddDataSet" time="0.249" classname="com.bitnei.apitest.testcases.saas.YiQiDataSet"/>
  <testcase name="AddDataSet" time="0.265" classname="com.bitnei.apitest.testcases.saas.YiQiDataSet"/>
  <testcase name="AddDataSet" time="0.307" classname="com.bitnei.apitest.testcases.saas.YiQiDataSet"/>
  <testcase name="AddDataSet" time="0.346" classname="com.bitnei.apitest.testcases.saas.YiQiDataSet"/>
  <testcase name="AddDataSet" time="0.545" classname="com.bitnei.apitest.testcases.saas.YiQiDataSet"/>
  <testcase name="AddDataSet" time="0.522" classname="com.bitnei.apitest.testcases.saas.YiQiDataSet"/>
  <testcase name="AddDataSet" time="0.283" classname="com.bitnei.apitest.testcases.saas.YiQiDataSet"/>
  <testcase name="AddDataSet" time="0.247" classname="com.bitnei.apitest.testcases.saas.YiQiDataSet"/>
  <testcase name="AddDataSet" time="0.402" classname="com.bitnei.apitest.testcases.saas.YiQiDataSet"/>
  <testcase name="AddDataSet" time="0.272" classname="com.bitnei.apitest.testcases.saas.YiQiDataSet"/>
  <testcase name="AddDataSet" time="0.294" classname="com.bitnei.apitest.testcases.saas.YiQiDataSet"/>
  <testcase name="AddDataSet" time="0.353" classname="com.bitnei.apitest.testcases.saas.YiQiDataSet"/>
  <testcase name="AddDataSet" time="0.182" classname="com.bitnei.apitest.testcases.saas.YiQiDataSet"/>
  <testcase name="AddDataSet" time="0.245" classname="com.bitnei.apitest.testcases.saas.YiQiDataSet"/>
  <testcase name="AddDataSet" time="1.332" classname="com.bitnei.apitest.testcases.saas.YiQiDataSet"/>
  <testcase name="AddDataSet" time="0.274" classname="com.bitnei.apitest.testcases.saas.YiQiDataSet"/>
  <testcase name="AddDataSet" time="0.363" classname="com.bitnei.apitest.testcases.saas.YiQiDataSet"/>
  <testcase name="AddDataSet" time="0.301" classname="com.bitnei.apitest.testcases.saas.YiQiDataSet"/>
  <testcase name="AddDataSet" time="0.223" classname="com.bitnei.apitest.testcases.saas.YiQiDataSet"/>
  <testcase name="AddDataSet" time="0.267" classname="com.bitnei.apitest.testcases.saas.YiQiDataSet"/>
  <testcase name="AddDataSet" time="0.262" classname="com.bitnei.apitest.testcases.saas.YiQiDataSet"/>
  <testcase name="AddDataSet" time="0.227" classname="com.bitnei.apitest.testcases.saas.YiQiDataSet"/>
  <testcase name="AddDataSet" time="0.304" classname="com.bitnei.apitest.testcases.saas.YiQiDataSet"/>
  <testcase name="AddDataSet" time="0.321" classname="com.bitnei.apitest.testcases.saas.YiQiDataSet"/>
</testsuite> <!-- com.bitnei.apitest.testcases.saas.YiQiDataSet -->
