<?xml version="1.0" encoding="UTF-8"?>
<!-- Generated by org.testng.reporters.JUnitReportReporter -->
<testsuite skipped="0" hostname="DESKTOP-Q37MKND" name="com.bitnei.apitest.testcases.datasend.ForwardVehicleQuery" tests="2" failures="0" timestamp="22 二月 2019 09:56:00 GMT" time="1.460" errors="0">
  <testcase name="ForwardVehicleByVin" time="0.838" classname="com.bitnei.apitest.testcases.datasend.ForwardVehicleQuery"/>
  <testcase name="ForwardVehicleBylicense" time="0.622" classname="com.bitnei.apitest.testcases.datasend.ForwardVehicleQuery"/>
</testsuite> <!-- com.bitnei.apitest.testcases.datasend.ForwardVehicleQuery -->
