<?xml version="1.0" encoding="UTF-8"?>
<!-- Generated by org.testng.reporters.JUnitReportReporter -->
<testsuite skipped="0" hostname="DESKTOP-Q37MKND" name="com.bitnei.apitest.testcases.datasend.ProtocolAdd" tests="1" failures="0" timestamp="20 二月 2019 10:05:02 GMT" time="0.122" errors="0">
  <testcase name="ProtocolAddData" time="0.122" classname="com.bitnei.apitest.testcases.datasend.ProtocolAdd"/>
</testsuite> <!-- com.bitnei.apitest.testcases.datasend.ProtocolAdd -->
