<?xml version="1.0" encoding="UTF-8"?>
<!-- Generated by org.testng.reporters.JUnitReportReporter -->
<testsuite skipped="0" hostname="DESKTOP-Q37MKND" name="com.bitnei.apitest.testcases.datasend.TaskAdd" tests="1" failures="0" timestamp="09 九月 2019 08:15:18 GMT" time="0.676" errors="0">
  <testcase name="TaskAddData" time="0.676" classname="com.bitnei.apitest.testcases.datasend.TaskAdd"/>
</testsuite> <!-- com.bitnei.apitest.testcases.datasend.TaskAdd -->
