<?xml version="1.0" encoding="UTF-8"?>
<!-- Generated by org.testng.reporters.JUnitReportReporter -->
<testsuite skipped="0" hostname="DESKTOP-Q37MKND" name="com.bitnei.selenium.testcase.BackSaasInterface" tests="2" failures="0" timestamp="22 一月 2021 07:12:43 GMT" time="29.644" errors="0">
  <testcase name="InterfaceTest" time="14.177" classname="com.bitnei.selenium.testcase.BackSaasInterface"/>
  <testcase name="InterfaceTest" time="15.467" classname="com.bitnei.selenium.testcase.BackSaasInterface"/>
</testsuite> <!-- com.bitnei.selenium.testcase.BackSaasInterface -->
