<?xml version="1.0" encoding="UTF-8"?>
<!-- Generated by org.testng.reporters.JUnitReportReporter -->
<testsuite skipped="0" hostname="DESKTOP-Q37MKND" name="com.bitnei.apitest.testcases.datasend.PlatFormDel" tests="1" failures="0" timestamp="02 九月 2019 03:23:25 GMT" time="2.912" errors="0">
  <testcase name="PlatFormDelData" time="2.912" classname="com.bitnei.apitest.testcases.datasend.PlatFormDel"/>
</testsuite> <!-- com.bitnei.apitest.testcases.datasend.PlatFormDel -->
