<?xml version="1.0" encoding="UTF-8"?>
<!-- Generated by org.testng.reporters.JUnitReportReporter -->
<testsuite skipped="0" hostname="DESKTOP-Q37MKND" name="com.bitnei.apitest.testcases.saas.ApiTestPost" tests="2" failures="2" timestamp="26 十二月 2019 10:57:07 GMT" time="0.163" errors="0">
  <testcase name="ApiTest" time="0.058" classname="com.bitnei.apitest.testcases.saas.ApiTestPost">
    <failure type="java.lang.AssertionError" message="expected [{}] but found [{&quot;error&quot;:{&quot;currentValue is &quot;:true,&quot;expectedValue is&quot;:false},&quot;code&quot;:{&quot;currentValue is &quot;:&quot;40000&quot;,&quot;expectedValue is&quot;:false,&quot;expectedValue is &quot;:&quot;35000&quot;}}]">
      <![CDATA[java.lang.AssertionError: expected [{}] but found [{"error":{"currentValue is ":true,"expectedValue is":false},"code":{"currentValue is ":"40000","expectedValue is":false,"expectedValue is ":"35000"}}]
at org.testng.Assert.fail(Assert.java:96)
at org.testng.Assert.failNotEquals(Assert.java:776)
at org.testng.Assert.assertEqualsImpl(Assert.java:137)
at org.testng.Assert.assertEquals(Assert.java:118)
at org.testng.Assert.assertEquals(Assert.java:453)
at org.testng.Assert.assertEquals(Assert.java:463)
at com.bitnei.apitest.testcases.saas.ApiTestPost.ApiTest(ApiTestPost.java:79)
at sun.reflect.NativeMethodAccessorImpl.invoke0(Native Method)
at sun.reflect.NativeMethodAccessorImpl.invoke(NativeMethodAccessorImpl.java:62)
at sun.reflect.DelegatingMethodAccessorImpl.invoke(DelegatingMethodAccessorImpl.java:43)
at java.lang.reflect.Method.invoke(Method.java:498)
at org.testng.internal.MethodInvocationHelper.invokeMethod(MethodInvocationHelper.java:124)
at org.testng.internal.Invoker.invokeMethod(Invoker.java:580)
at org.testng.internal.Invoker.invokeTestMethod(Invoker.java:716)
at org.testng.internal.Invoker.invokeTestMethods(Invoker.java:988)
at org.testng.internal.TestMethodWorker.invokeTestMethods(TestMethodWorker.java:125)
at org.testng.internal.TestMethodWorker.run(TestMethodWorker.java:109)
at java.util.concurrent.ThreadPoolExecutor.runWorker(ThreadPoolExecutor.java:1149)
at java.util.concurrent.ThreadPoolExecutor$Worker.run(ThreadPoolExecutor.java:624)
at java.lang.Thread.run(Thread.java:748)
]]>
    </failure>
  </testcase> <!-- ApiTest -->
  <testcase name="ApiTest" time="0.105" classname="com.bitnei.apitest.testcases.saas.ApiTestPost">
    <failure type="java.lang.AssertionError" message="expected [{}] but found [{&quot;data&quot;:{&quot;actualValue&quot;:null,&quot;expectedValue&quot;:{&quot;brand&quot;:&quot;比亚迪&quot;,&quot;bsie&quot;:18,&quot;bulletinNO&quot;:&quot;BYD6460STHEV10&quot;,&quot;joinTime&quot;:&quot;2019-07-27 06:31:16&quot;,&quot;platform&quot;:&quot;私人&quot;,&quot;series&quot;:&quot;未知&quot;,&quot;seurityMonitor&quot;:true,&quot;type&quot;:&quot;BYD6460STHEV10&quot;,&quot;use&quot;:&quot;02&quot;,&quot;vin&quot;:&quot;14b8e610b61d2e7e6102144c1fa9df24&quot;}},&quot;brand&quot;:{&quot;actualKey&quot;:&quot;不存在此brand&quot;,&quot;expectedKey&quot;:&quot;brand&quot;},&quot;bsie&quot;:{&quot;actualKey&quot;:&quot;不存在此bsie&quot;,&quot;expectedKey&quot;:&quot;bsie&quot;},&quot;bulletinNO&quot;:{&quot;actualKey&quot;:&quot;不存在此bulletinNO&quot;,&quot;expectedKey&quot;:&quot;bulletinNO&quot;},&quot;joinTime&quot;:{&quot;actualKey&quot;:&quot;不存在此joinTime&quot;,&quot;expectedKey&quot;:&quot;joinTime&quot;},&quot;platform&quot;:{&quot;actualKey&quot;:&quot;不存在此platform&quot;,&quot;expectedKey&quot;:&quot;platform&quot;},&quot;series&quot;:{&quot;actualKey&quot;:&quot;不存在此series&quot;,&quot;expectedKey&quot;:&quot;series&quot;},&quot;seurityMonitor&quot;:{&quot;actualKey&quot;:&quot;不存在此seurityMonitor&quot;,&quot;expectedKey&quot;:&quot;seurityMonitor&quot;},&quot;type&quot;:{&quot;actualKey&quot;:&quot;不存在此type&quot;,&quot;expectedKey&quot;:&quot;type&quot;},&quot;use&quot;:{&quot;actualKey&quot;:&quot;不存在此use&quot;,&quot;expectedKey&quot;:&quot;use&quot;},&quot;vin&quot;:{&quot;actualKey&quot;:&quot;不存在此vin&quot;,&quot;expectedKey&quot;:&quot;vin&quot;},&quot;error&quot;:{&quot;actualValue&quot;:null,&quot;expectedValue&quot;:{&quot;brand&quot;:&quot;比亚迪&quot;,&quot;bsie&quot;:18,&quot;bulletinNO&quot;:&quot;BYD6460STHEV10&quot;,&quot;joinTime&quot;:&quot;2019-07-27 06:31:16&quot;,&quot;platform&quot;:&quot;私人&quot;,&quot;series&quot;:&quot;未知&quot;,&quot;seurityMonitor&quot;:true,&quot;type&quot;:&quot;BYD6460STHEV10&quot;,&quot;use&quot;:&quot;02&quot;,&quot;vin&quot;:&quot;14b8e610b61d2e7e6102144c1fa9df24&quot;},&quot;currentValue is &quot;:true,&quot;expectedValue is&quot;:false},&quot;code&quot;:{&quot;actualValue&quot;:null,&quot;expectedValue&quot;:{&quot;brand&quot;:&quot;比亚迪&quot;,&quot;bsie&quot;:18,&quot;bulletinNO&quot;:&quot;BYD6460STHEV10&quot;,&quot;joinTime&quot;:&quot;2019-07-27 06:31:16&quot;,&quot;platform&quot;:&quot;私人&quot;,&quot;series&quot;:&quot;未知&quot;,&quot;seurityMonitor&quot;:true,&quot;type&quot;:&quot;BYD6460STHEV10&quot;,&quot;use&quot;:&quot;02&quot;,&quot;vin&quot;:&quot;14b8e610b61d2e7e6102144c1fa9df24&quot;},&quot;currentValue is &quot;:&quot;40000&quot;,&quot;expectedValue is&quot;:false,&quot;expectedValue is &quot;:&quot;10000&quot;}}]">
      <![CDATA[java.lang.AssertionError: expected [{}] but found [{"data":{"actualValue":null,"expectedValue":{"brand":"比亚迪","bsie":18,"bulletinNO":"BYD6460STHEV10","joinTime":"2019-07-27 06:31:16","platform":"私人","series":"未知","seurityMonitor":true,"type":"BYD6460STHEV10","use":"02","vin":"14b8e610b61d2e7e6102144c1fa9df24"}},"brand":{"actualKey":"不存在此brand","expectedKey":"brand"},"bsie":{"actualKey":"不存在此bsie","expectedKey":"bsie"},"bulletinNO":{"actualKey":"不存在此bulletinNO","expectedKey":"bulletinNO"},"joinTime":{"actualKey":"不存在此joinTime","expectedKey":"joinTime"},"platform":{"actualKey":"不存在此platform","expectedKey":"platform"},"series":{"actualKey":"不存在此series","expectedKey":"series"},"seurityMonitor":{"actualKey":"不存在此seurityMonitor","expectedKey":"seurityMonitor"},"type":{"actualKey":"不存在此type","expectedKey":"type"},"use":{"actualKey":"不存在此use","expectedKey":"use"},"vin":{"actualKey":"不存在此vin","expectedKey":"vin"},"error":{"actualValue":null,"expectedValue":{"brand":"比亚迪","bsie":18,"bulletinNO":"BYD6460STHEV10","joinTime":"2019-07-27 06:31:16","platform":"私人","series":"未知","seurityMonitor":true,"type":"BYD6460STHEV10","use":"02","vin":"14b8e610b61d2e7e6102144c1fa9df24"},"currentValue is ":true,"expectedValue is":false},"code":{"actualValue":null,"expectedValue":{"brand":"比亚迪","bsie":18,"bulletinNO":"BYD6460STHEV10","joinTime":"2019-07-27 06:31:16","platform":"私人","series":"未知","seurityMonitor":true,"type":"BYD6460STHEV10","use":"02","vin":"14b8e610b61d2e7e6102144c1fa9df24"},"currentValue is ":"40000","expectedValue is":false,"expectedValue is ":"10000"}}]
at org.testng.Assert.fail(Assert.java:96)
at org.testng.Assert.failNotEquals(Assert.java:776)
at org.testng.Assert.assertEqualsImpl(Assert.java:137)
at org.testng.Assert.assertEquals(Assert.java:118)
at org.testng.Assert.assertEquals(Assert.java:453)
at org.testng.Assert.assertEquals(Assert.java:463)
at com.bitnei.apitest.testcases.saas.ApiTestPost.ApiTest(ApiTestPost.java:79)
at sun.reflect.NativeMethodAccessorImpl.invoke0(Native Method)
at sun.reflect.NativeMethodAccessorImpl.invoke(NativeMethodAccessorImpl.java:62)
at sun.reflect.DelegatingMethodAccessorImpl.invoke(DelegatingMethodAccessorImpl.java:43)
at java.lang.reflect.Method.invoke(Method.java:498)
at org.testng.internal.MethodInvocationHelper.invokeMethod(MethodInvocationHelper.java:124)
at org.testng.internal.Invoker.invokeMethod(Invoker.java:580)
at org.testng.internal.Invoker.invokeTestMethod(Invoker.java:716)
at org.testng.internal.Invoker.invokeTestMethods(Invoker.java:988)
at org.testng.internal.TestMethodWorker.invokeTestMethods(TestMethodWorker.java:125)
at org.testng.internal.TestMethodWorker.run(TestMethodWorker.java:109)
at java.util.concurrent.ThreadPoolExecutor.runWorker(ThreadPoolExecutor.java:1149)
at java.util.concurrent.ThreadPoolExecutor$Worker.run(ThreadPoolExecutor.java:624)
at java.lang.Thread.run(Thread.java:748)
]]>
    </failure>
  </testcase> <!-- ApiTest -->
</testsuite> <!-- com.bitnei.apitest.testcases.saas.ApiTestPost -->
