<?xml version="1.0" encoding="UTF-8"?>
<!-- Generated by org.testng.reporters.JUnitReportReporter -->
<testsuite skipped="0" hostname="DESKTOP-Q37MKND" name="com.bitnei.apitest.testcases.LoginTest" tests="1" failures="0" timestamp="30 十二月 2018 02:55:08 GMT" time="0.596" errors="0">
  <testcase name="getCookie" time="0.596" classname="com.bitnei.apitest.testcases.LoginTest"/>
</testsuite> <!-- com.bitnei.apitest.testcases.LoginTest -->
