<?xml version="1.0" encoding="UTF-8"?>
<!-- Generated by org.testng.reporters.JUnitReportReporter -->
<testsuite skipped="0" hostname="DESKTOP-Q37MKND" name="com.bitnei.apitest.testcases.PostVehicles" tests="2" failures="1" timestamp="17 一月 2019 10:41:52 GMT" time="4.684" errors="0">
  <testcase name="postVehiclesForStatus" time="1.543" classname="com.bitnei.apitest.testcases.PostVehicles"/>
  <testcase name="PostVehiclesByVin" time="3.141" classname="com.bitnei.apitest.testcases.PostVehicles">
    <failure type="java.lang.AssertionError" message="expected [{}] but found [{&quot;status&quot;:{&quot;currentValue is &quot;:200,&quot;expectedValue is&quot;:20},&quot;total&quot;:{&quot;currentValue is &quot;:0,&quot;expectedValue is&quot;:2},&quot;Length&quot;:{&quot;actualLenth&quot;:0,&quot;expectLenth&quot;:1},&quot;error&quot;:{&quot;currentValue is &quot;:false,&quot;expectedValue is&quot;:true}}]">
      <![CDATA[java.lang.AssertionError: expected [{}] but found [{"status":{"currentValue is ":200,"expectedValue is":20},"total":{"currentValue is ":0,"expectedValue is":2},"Length":{"actualLenth":0,"expectLenth":1},"error":{"currentValue is ":false,"expectedValue is":true}}]
at org.testng.Assert.fail(Assert.java:96)
at org.testng.Assert.failNotEquals(Assert.java:776)
at org.testng.Assert.assertEqualsImpl(Assert.java:137)
at org.testng.Assert.assertEquals(Assert.java:118)
at org.testng.Assert.assertEquals(Assert.java:453)
at org.testng.Assert.assertEquals(Assert.java:463)
at com.bitnei.apitest.testcases.PostVehicles.PostVehiclesByVin(PostVehicles.java:95)
at sun.reflect.NativeMethodAccessorImpl.invoke0(Native Method)
at sun.reflect.NativeMethodAccessorImpl.invoke(Unknown Source)
at sun.reflect.DelegatingMethodAccessorImpl.invoke(Unknown Source)
at java.lang.reflect.Method.invoke(Unknown Source)
at org.testng.internal.MethodInvocationHelper.invokeMethod(MethodInvocationHelper.java:124)
at org.testng.internal.Invoker.invokeMethod(Invoker.java:580)
at org.testng.internal.Invoker.invokeTestMethod(Invoker.java:716)
at org.testng.internal.Invoker.invokeTestMethods(Invoker.java:988)
at org.testng.internal.TestMethodWorker.invokeTestMethods(TestMethodWorker.java:125)
at org.testng.internal.TestMethodWorker.run(TestMethodWorker.java:109)
at java.util.concurrent.ThreadPoolExecutor.runWorker(Unknown Source)
at java.util.concurrent.ThreadPoolExecutor$Worker.run(Unknown Source)
at java.lang.Thread.run(Unknown Source)
]]>
    </failure>
  </testcase> <!-- PostVehiclesByVin -->
</testsuite> <!-- com.bitnei.apitest.testcases.PostVehicles -->
