<?xml version="1.0" encoding="UTF-8"?>
<!-- Generated by org.testng.reporters.JUnitReportReporter -->
<testsuite skipped="0" hostname="DESKTOP-Q37MKND" name="com.bitnei.selenium.testcase.BackSaasLoginPub" tests="1" failures="0" timestamp="22 一月 2021 05:28:47 GMT" time="13.082" errors="0">
  <testcase name="Login" time="13.082" classname="com.bitnei.selenium.testcase.BackSaasLoginPub"/>
</testsuite> <!-- com.bitnei.selenium.testcase.BackSaasLoginPub -->
