<?xml version="1.0" encoding="UTF-8"?>
<!-- Generated by org.testng.reporters.JUnitReportReporter -->
<testsuite skipped="0" hostname="DESKTOP-Q37MKND" name="com.bitnei.apitest.testcases.datasend.VehicleRemove" tests="1" failures="0" timestamp="23 九月 2019 02:56:28 GMT" time="0.859" errors="0">
  <testcase name="VehicleRemoveData" time="0.859" classname="com.bitnei.apitest.testcases.datasend.VehicleRemove"/>
</testsuite> <!-- com.bitnei.apitest.testcases.datasend.VehicleRemove -->
