<?xml version="1.0" encoding="UTF-8"?>
<!-- Generated by org.testng.reporters.JUnitReportReporter -->
<testsuite skipped="0" hostname="DESKTOP-Q37MKND" name="com.bitnei.apitest.testcases.openapi.EnergyConservation" tests="4" failures="0" timestamp="14 二月 2020 09:03:17 GMT" time="0.288" errors="0">
  <testcase name="EnergyConservationWrongDateFormat" time="0.037" classname="com.bitnei.apitest.testcases.openapi.EnergyConservation"/>
  <testcase name="EnergyConservationWrongTime" time="0.034" classname="com.bitnei.apitest.testcases.openapi.EnergyConservation"/>
  <testcase name="EnergyConservationNormal" time="0.178" classname="com.bitnei.apitest.testcases.openapi.EnergyConservation"/>
  <testcase name="EnergyConservationUpScope" time="0.039" classname="com.bitnei.apitest.testcases.openapi.EnergyConservation"/>
</testsuite> <!-- com.bitnei.apitest.testcases.openapi.EnergyConservation -->
