<?xml version="1.0" encoding="UTF-8"?>
<!-- Generated by org.testng.reporters.JUnitReportReporter -->
<testsuite skipped="0" hostname="DESKTOP-Q37MKND" name="com.bitnei.apitest.webtestcases.saas.UserManage" tests="6" failures="0" timestamp="25 三月 2019 09:22:27 GMT" time="11.346" errors="0">
  <testcase name="LoginToUser" time="10.314" classname="com.bitnei.apitest.webtestcases.saas.UserManage"/>
  <testcase name="UserOpen" time="0.173" classname="com.bitnei.apitest.webtestcases.saas.UserManage"/>
  <testcase name="UserQueryByEmail" time="0.382" classname="com.bitnei.apitest.webtestcases.saas.UserManage"/>
  <testcase name="UserDetail" time="0.164" classname="com.bitnei.apitest.webtestcases.saas.UserManage"/>
  <testcase name="GourpQuery" time="0.160" classname="com.bitnei.apitest.webtestcases.saas.UserManage"/>
  <testcase name="PermissionQuery" time="0.153" classname="com.bitnei.apitest.webtestcases.saas.UserManage"/>
</testsuite> <!-- com.bitnei.apitest.webtestcases.saas.UserManage -->
