<?xml version="1.0" encoding="UTF-8"?>
<!-- Generated by org.testng.reporters.JUnitReportReporter -->
<testsuite skipped="0" hostname="DESKTOP-Q37MKND" name="com.bitnei.apitest.testcases.datasend.PlatFormUpdate" tests="1" failures="0" timestamp="15 二月 2019 09:40:03 GMT" time="1.904" errors="0">
  <testcase name="PlatFormModify" time="1.904" classname="com.bitnei.apitest.testcases.datasend.PlatFormUpdate"/>
</testsuite> <!-- com.bitnei.apitest.testcases.datasend.PlatFormUpdate -->
