<?xml version="1.0" encoding="UTF-8"?>
<!-- Generated by org.testng.reporters.JUnitReportReporter -->
<testsuite skipped="0" hostname="DESKTOP-Q37MKND" name="com.bitnei.apitest.testcases.saas.TestGeodeData" tests="6" failures="0" timestamp="12 二月 2020 09:19:57 GMT" time="64.195" errors="0">
  <testcase name="UserInfoRgisterData" time="7.779" classname="com.bitnei.apitest.testcases.saas.TestGeodeData"/>
  <testcase name="UserInfoRgisterData" time="8.699" classname="com.bitnei.apitest.testcases.saas.TestGeodeData"/>
  <testcase name="UserInfoRgisterData" time="16.678" classname="com.bitnei.apitest.testcases.saas.TestGeodeData"/>
  <testcase name="UserInfoRgisterData" time="6.488" classname="com.bitnei.apitest.testcases.saas.TestGeodeData"/>
  <testcase name="UserInfoRgisterData" time="7.975" classname="com.bitnei.apitest.testcases.saas.TestGeodeData"/>
  <testcase name="UserInfoRgisterData" time="16.576" classname="com.bitnei.apitest.testcases.saas.TestGeodeData"/>
</testsuite> <!-- com.bitnei.apitest.testcases.saas.TestGeodeData -->
