<?xml version="1.0" encoding="UTF-8"?>
<!-- Generated by org.testng.reporters.JUnitReportReporter -->
<testsuite skipped="0" hostname="DESKTOP-Q37MKND" name="com.bitnei.apitest.testcases.datasend.PlatFormSelect" tests="1" failures="1" timestamp="12 三月 2019 10:44:11 GMT" time="0.358" errors="0">
  <testcase name="PlatFormAdd" time="0.358" classname="com.bitnei.apitest.testcases.datasend.PlatFormSelect">
    <failure type="java.lang.AssertionError" message="expected [{}] but found [{&quot;total&quot;:{&quot;currentValue is &quot;:0,&quot;expectedValue is&quot;:1},&quot;Length&quot;:{&quot;actualLenth&quot;:0,&quot;expectLenth&quot;:1},&quot;pageNum&quot;:{&quot;currentValue is &quot;:0,&quot;expectedValue is&quot;:1},&quot;size&quot;:{&quot;currentValue is &quot;:0,&quot;expectedValue is&quot;:1},&quot;startRow&quot;:{&quot;currentValue is &quot;:0,&quot;expectedValue is&quot;:1},&quot;endRow&quot;:{&quot;currentValue is &quot;:0,&quot;expectedValue is&quot;:1},&quot;pages&quot;:{&quot;currentValue is &quot;:0,&quot;expectedValue is&quot;:1},&quot;isFirstPage&quot;:{&quot;currentValue is &quot;:false,&quot;expectedValue is&quot;:true},&quot;navigateFirstPage&quot;:{&quot;currentValue is &quot;:0,&quot;expectedValue is&quot;:1},&quot;navigateLastPage&quot;:{&quot;currentValue is &quot;:0,&quot;expectedValue is&quot;:1},&quot;firstPage&quot;:{&quot;currentValue is &quot;:0,&quot;expectedValue is&quot;:1},&quot;lastPage&quot;:{&quot;currentValue is &quot;:0,&quot;expectedValue is&quot;:1}}]">
      <![CDATA[java.lang.AssertionError: expected [{}] but found [{"total":{"currentValue is ":0,"expectedValue is":1},"Length":{"actualLenth":0,"expectLenth":1},"pageNum":{"currentValue is ":0,"expectedValue is":1},"size":{"currentValue is ":0,"expectedValue is":1},"startRow":{"currentValue is ":0,"expectedValue is":1},"endRow":{"currentValue is ":0,"expectedValue is":1},"pages":{"currentValue is ":0,"expectedValue is":1},"isFirstPage":{"currentValue is ":false,"expectedValue is":true},"navigateFirstPage":{"currentValue is ":0,"expectedValue is":1},"navigateLastPage":{"currentValue is ":0,"expectedValue is":1},"firstPage":{"currentValue is ":0,"expectedValue is":1},"lastPage":{"currentValue is ":0,"expectedValue is":1}}]
at org.testng.Assert.fail(Assert.java:96)
at org.testng.Assert.failNotEquals(Assert.java:776)
at org.testng.Assert.assertEqualsImpl(Assert.java:137)
at org.testng.Assert.assertEquals(Assert.java:118)
at org.testng.Assert.assertEquals(Assert.java:453)
at org.testng.Assert.assertEquals(Assert.java:463)
at com.bitnei.apitest.testcases.datasend.PlatFormSelect.PlatFormAdd(PlatFormSelect.java:82)
at sun.reflect.NativeMethodAccessorImpl.invoke0(Native Method)
at sun.reflect.NativeMethodAccessorImpl.invoke(NativeMethodAccessorImpl.java:62)
at sun.reflect.DelegatingMethodAccessorImpl.invoke(DelegatingMethodAccessorImpl.java:43)
at java.lang.reflect.Method.invoke(Method.java:498)
at org.testng.internal.MethodInvocationHelper.invokeMethod(MethodInvocationHelper.java:124)
at org.testng.internal.Invoker.invokeMethod(Invoker.java:580)
at org.testng.internal.Invoker.invokeTestMethod(Invoker.java:716)
at org.testng.internal.Invoker.invokeTestMethods(Invoker.java:988)
at org.testng.internal.TestMethodWorker.invokeTestMethods(TestMethodWorker.java:125)
at org.testng.internal.TestMethodWorker.run(TestMethodWorker.java:109)
at java.util.concurrent.ThreadPoolExecutor.runWorker(ThreadPoolExecutor.java:1149)
at java.util.concurrent.ThreadPoolExecutor$Worker.run(ThreadPoolExecutor.java:624)
at java.lang.Thread.run(Thread.java:748)
]]>
    </failure>
  </testcase> <!-- PlatFormAdd -->
</testsuite> <!-- com.bitnei.apitest.testcases.datasend.PlatFormSelect -->
