<?xml version="1.0" encoding="UTF-8"?>
<!-- Generated by org.testng.reporters.JUnitReportReporter -->
<testsuite skipped="0" hostname="DESKTOP-Q37MKND" name="com.bitnei.apitest.testcases.saas.PostApiTestParas" tests="4" failures="0" timestamp="29 九月 2020 02:32:49 GMT" time="4.022" errors="0">
  <testcase name="ApiTest" time="0.469" classname="com.bitnei.apitest.testcases.saas.PostApiTestParas"/>
  <testcase name="ApiTest" time="2.685" classname="com.bitnei.apitest.testcases.saas.PostApiTestParas"/>
  <testcase name="ApiTest" time="0.437" classname="com.bitnei.apitest.testcases.saas.PostApiTestParas"/>
  <testcase name="ApiTest" time="0.431" classname="com.bitnei.apitest.testcases.saas.PostApiTestParas"/>
</testsuite> <!-- com.bitnei.apitest.testcases.saas.PostApiTestParas -->
