<?xml version="1.0" encoding="UTF-8"?>
<!-- Generated by org.testng.reporters.JUnitReportReporter -->
<testsuite skipped="0" hostname="DESKTOP-Q37MKND" name="com.bitnei.apitest.testcases.datasend.ProtocolAdd" tests="1" failures="0" timestamp="05 十二月 2019 09:12:23 GMT" time="0.024" errors="1">
  <testcase name="ProtocolAddData" time="0.024" classname="com.bitnei.apitest.testcases.datasend.ProtocolAdd">
    <error type="net.sf.json.JSONException" message="A JSONObject text must begin with &#039;{&#039; at character 1 of &lt;html&gt;
&lt;head&gt;&lt;title&gt;404 Not Found&lt;/title&gt;&lt;/head&gt;
&lt;body&gt;
&lt;center&gt;&lt;h1&gt;404 Not Found&lt;/h1&gt;&lt;/center&gt;
&lt;hr&gt;&lt;center&gt;nginx/1.15.12&lt;/center&gt;
&lt;/body&gt;
&lt;/html&gt;">
      <![CDATA[net.sf.json.JSONException: A JSONObject text must begin with '{' at character 1 of <html>
<head><title>404 Not Found</title></head>
<body>
<center><h1>404 Not Found</h1></center>
<hr><center>nginx/1.15.12</center>
</body>
</html>
at net.sf.json.util.JSONTokener.syntaxError(JSONTokener.java:499)
at net.sf.json.JSONObject._fromJSONTokener(JSONObject.java:972)
at net.sf.json.JSONObject._fromString(JSONObject.java:1201)
at net.sf.json.JSONObject.fromObject(JSONObject.java:165)
at net.sf.json.JSONObject.fromObject(JSONObject.java:134)
at com.bitnei.apitest.testcases.datasend.ProtocolAdd.ProtocolAddData(ProtocolAdd.java:81)
at sun.reflect.NativeMethodAccessorImpl.invoke0(Native Method)
at sun.reflect.NativeMethodAccessorImpl.invoke(NativeMethodAccessorImpl.java:62)
at sun.reflect.DelegatingMethodAccessorImpl.invoke(DelegatingMethodAccessorImpl.java:43)
at java.lang.reflect.Method.invoke(Method.java:498)
at org.testng.internal.MethodInvocationHelper.invokeMethod(MethodInvocationHelper.java:124)
at org.testng.internal.Invoker.invokeMethod(Invoker.java:580)
at org.testng.internal.Invoker.invokeTestMethod(Invoker.java:716)
at org.testng.internal.Invoker.invokeTestMethods(Invoker.java:988)
at org.testng.internal.TestMethodWorker.invokeTestMethods(TestMethodWorker.java:125)
at org.testng.internal.TestMethodWorker.run(TestMethodWorker.java:109)
at java.util.concurrent.ThreadPoolExecutor.runWorker(ThreadPoolExecutor.java:1149)
at java.util.concurrent.ThreadPoolExecutor$Worker.run(ThreadPoolExecutor.java:624)
at java.lang.Thread.run(Thread.java:748)
]]>
    </error>
  </testcase> <!-- ProtocolAddData -->
</testsuite> <!-- com.bitnei.apitest.testcases.datasend.ProtocolAdd -->
