<?xml version="1.0" encoding="UTF-8"?>
<!-- Generated by org.testng.reporters.JUnitReportReporter -->
<testsuite skipped="0" hostname="DESKTOP-Q37MKND" name="com.bitnei.apitest.testcases.datasend.VehicleRemove" tests="1" failures="0" timestamp="06 九月 2019 01:46:36 GMT" time="0.893" errors="0">
  <testcase name="VehicleRemoveData" time="0.893" classname="com.bitnei.apitest.testcases.datasend.VehicleRemove"/>
</testsuite> <!-- com.bitnei.apitest.testcases.datasend.VehicleRemove -->
