<?xml version="1.0" encoding="UTF-8"?>
<!-- Generated by org.testng.reporters.JUnitReportReporter -->
<testsuite skipped="0" hostname="DESKTOP-Q37MKND" name="com.bitnei.apitest.testcases.datasend.ProtocolUpdate" tests="1" failures="0" timestamp="09 九月 2019 05:44:37 GMT" time="2.669" errors="0">
  <testcase name="ProtocolUpdateData" time="2.669" classname="com.bitnei.apitest.testcases.datasend.ProtocolUpdate"/>
</testsuite> <!-- com.bitnei.apitest.testcases.datasend.ProtocolUpdate -->
