<?xml version="1.0" encoding="UTF-8"?>
<!-- Generated by org.testng.reporters.JUnitReportReporter -->
<testsuite skipped="0" hostname="DESKTOP-Q37MKND" name="com.bitnei.apitest.testcases.saas.ApiTest" tests="2" failures="0" timestamp="05 十二月 2019 09:19:59 GMT" time="0.926" errors="0">
  <testcase name="ApiTestCode" time="0.621" classname="com.bitnei.apitest.testcases.saas.ApiTest"/>
  <testcase name="ApiTestCode" time="0.305" classname="com.bitnei.apitest.testcases.saas.ApiTest"/>
</testsuite> <!-- com.bitnei.apitest.testcases.saas.ApiTest -->
