<?xml version="1.0" encoding="UTF-8"?>
<!-- Generated by org.testng.reporters.JUnitReportReporter -->
<testsuite skipped="0" hostname="DESKTOP-Q37MKND" name="com.bitnei.apitest.testcases.EvDetail" tests="1" failures="0" timestamp="01 二月 2019 06:54:55 GMT" time="1.290" errors="0">
  <testcase name="getVehCountPerMonitorPlatformStatus" time="1.290" classname="com.bitnei.apitest.testcases.EvDetail"/>
</testsuite> <!-- com.bitnei.apitest.testcases.EvDetail -->
